17:05:35 Start training
Epoch 1/610
WARNING:tensorflow:From /usr/local/lib/python3.6/dist-packages/tensorflow/python/data/ops/multi_device_iterator_ops.py:601: get_next_as_optional (from tensorflow.python.data.ops.iterator_ops) is deprecated and will be removed in a future version.
Instructions for updating:
Use `tf.data.Iterator.get_next_as_optional()` instead.
WARNING:tensorflow:From /usr/local/lib/python3.6/dist-packages/tensorflow/python/data/ops/multi_device_iterator_ops.py:601: get_next_as_optional (from tensorflow.python.data.ops.iterator_ops) is deprecated and will be removed in a future version.
Instructions for updating:
Use `tf.data.Iterator.get_next_as_optional()` instead.
17:18:09 train - loss: 3.0653, acc: 0.1709
17:20:00 valid - loss: 3.1785, acc: 0.2136
Epoch 2/610
17:20:15 train - loss: 2.4715, acc: 0.3403
17:20:17 valid - loss: 1.6013, acc: 0.4145
Epoch 3/610
17:20:32 train - loss: 2.1504, acc: 0.4335
17:20:33 valid - loss: 1.3696, acc: 0.5006
Epoch 4/610
17:20:49 train - loss: 1.9206, acc: 0.4978
17:20:50 valid - loss: 1.2748, acc: 0.5398
Epoch 5/610
17:21:06 train - loss: 1.6966, acc: 0.5674
17:21:07 valid - loss: 1.4978, acc: 0.5363
Epoch 6/610
17:21:23 train - loss: 1.4692, acc: 0.6265
17:21:24 valid - loss: 1.8383, acc: 0.5383
Epoch 7/610
17:21:39 train - loss: 1.3030, acc: 0.6719
17:21:41 valid - loss: 1.0609, acc: 0.6595
Epoch 8/610
17:21:56 train - loss: 1.1643, acc: 0.7106
17:21:57 valid - loss: 0.7621, acc: 0.7369
Epoch 9/610
17:22:13 train - loss: 1.0721, acc: 0.7355
17:22:14 valid - loss: 0.9502, acc: 0.6906
Epoch 10/610
17:22:29 train - loss: 1.0107, acc: 0.7516
17:22:31 valid - loss: 1.1780, acc: 0.6552
Epoch 11/610
17:22:46 train - loss: 0.9404, acc: 0.7687
17:22:47 valid - loss: 0.8477, acc: 0.7174
Epoch 12/610
17:23:02 train - loss: 0.8835, acc: 0.7814
17:23:04 valid - loss: 0.5926, acc: 0.8033
Epoch 13/610
17:23:19 train - loss: 0.8276, acc: 0.7981
17:23:20 valid - loss: 0.6866, acc: 0.7659
Epoch 14/610
17:23:35 train - loss: 0.7861, acc: 0.8058
17:23:37 valid - loss: 0.5843, acc: 0.8037
Epoch 15/610
17:23:52 train - loss: 0.7478, acc: 0.8180
17:23:53 valid - loss: 0.6033, acc: 0.7981
Epoch 16/610
17:24:08 train - loss: 0.7151, acc: 0.8258
17:24:10 valid - loss: 0.4775, acc: 0.8404
Epoch 17/610
17:24:25 train - loss: 0.6916, acc: 0.8291
17:24:27 valid - loss: 0.4772, acc: 0.8443
Epoch 18/610
17:24:42 train - loss: 0.6695, acc: 0.8340
17:24:43 valid - loss: 0.4726, acc: 0.8478
Epoch 19/610
17:24:58 train - loss: 0.6528, acc: 0.8393
17:24:59 valid - loss: 0.5254, acc: 0.8180
Epoch 20/610
17:25:15 train - loss: 0.6352, acc: 0.8463
17:25:16 valid - loss: 0.4386, acc: 0.8481
Epoch 21/610
17:25:31 train - loss: 0.6167, acc: 0.8475
17:25:33 valid - loss: 0.4029, acc: 0.8629
Epoch 22/610
17:25:48 train - loss: 0.6140, acc: 0.8488
17:25:49 valid - loss: 0.6427, acc: 0.7946
Epoch 23/610
17:26:04 train - loss: 0.5889, acc: 0.8545
17:26:06 valid - loss: 0.5157, acc: 0.8352
Epoch 24/610
17:26:21 train - loss: 0.5769, acc: 0.8587
17:26:22 valid - loss: 0.4680, acc: 0.8471
Epoch 25/610
17:26:37 train - loss: 0.5698, acc: 0.8590
17:26:39 valid - loss: 0.4018, acc: 0.8704
Epoch 26/610
17:26:54 train - loss: 0.5661, acc: 0.8612
17:26:55 valid - loss: 0.3883, acc: 0.8746
Epoch 27/610
17:27:10 train - loss: 0.5461, acc: 0.8652
17:27:12 valid - loss: 0.4569, acc: 0.8487
Epoch 28/610
17:27:27 train - loss: 0.5459, acc: 0.8659
17:27:28 valid - loss: 0.4089, acc: 0.8637
Epoch 29/610
17:27:43 train - loss: 0.5216, acc: 0.8721
17:27:45 valid - loss: 0.4541, acc: 0.8563
Epoch 30/610
17:27:59 train - loss: 0.5325, acc: 0.8708
17:28:01 valid - loss: 0.5947, acc: 0.8221
Epoch 31/610
17:28:16 train - loss: 0.5224, acc: 0.8724
17:28:17 valid - loss: 0.5270, acc: 0.8318
Epoch 32/610
17:28:32 train - loss: 0.5209, acc: 0.8740
17:28:34 valid - loss: 0.4008, acc: 0.8604
Epoch 33/610
17:28:49 train - loss: 0.5119, acc: 0.8749
17:28:50 valid - loss: 0.3989, acc: 0.8696
Epoch 34/610
17:29:05 train - loss: 0.5137, acc: 0.8746
17:29:07 valid - loss: 0.4415, acc: 0.8504
Epoch 35/610
17:29:22 train - loss: 0.5021, acc: 0.8773
17:29:23 valid - loss: 0.4309, acc: 0.8588
Epoch 36/610
17:29:38 train - loss: 0.4984, acc: 0.8779
17:29:40 valid - loss: 0.4159, acc: 0.8621
Epoch 37/610
17:29:55 train - loss: 0.4860, acc: 0.8807
17:29:56 valid - loss: 0.4088, acc: 0.8637
Epoch 38/610
17:30:11 train - loss: 0.4931, acc: 0.8794
17:30:13 valid - loss: 0.3893, acc: 0.8751
Epoch 39/610
17:30:28 train - loss: 0.4927, acc: 0.8799
17:30:29 valid - loss: 0.4741, acc: 0.8523
Epoch 40/610
17:30:44 train - loss: 0.4846, acc: 0.8816
17:30:46 valid - loss: 0.4095, acc: 0.8707
Epoch 41/610
17:31:01 train - loss: 0.4826, acc: 0.8799
17:31:02 valid - loss: 0.4111, acc: 0.8649
Epoch 42/610
17:31:17 train - loss: 0.4989, acc: 0.8788
17:31:18 valid - loss: 0.3926, acc: 0.8732
Epoch 43/610
17:31:33 train - loss: 0.4672, acc: 0.8867
17:31:35 valid - loss: 0.5918, acc: 0.8181
Epoch 44/610
17:31:50 train - loss: 0.4654, acc: 0.8869
17:31:51 valid - loss: 0.4410, acc: 0.8612
Epoch 45/610
17:32:06 train - loss: 0.4643, acc: 0.8868
17:32:08 valid - loss: 0.4291, acc: 0.8552
Epoch 46/610
17:32:23 train - loss: 0.4698, acc: 0.8868
17:32:24 valid - loss: 0.5888, acc: 0.8196
Epoch 47/610
17:32:40 train - loss: 0.4702, acc: 0.8861
17:32:41 valid - loss: 0.3456, acc: 0.8861
Epoch 48/610
17:32:56 train - loss: 0.4641, acc: 0.8864
17:32:58 valid - loss: 0.3979, acc: 0.8665
Epoch 49/610
17:33:13 train - loss: 0.4534, acc: 0.8891
17:33:14 valid - loss: 0.3747, acc: 0.8764
Epoch 50/610
17:33:29 train - loss: 0.4533, acc: 0.8918
17:33:31 valid - loss: 0.3835, acc: 0.8706
Epoch 51/610
17:33:45 train - loss: 0.4580, acc: 0.8895
17:33:47 valid - loss: 0.3415, acc: 0.8880
Epoch 52/610
17:34:02 train - loss: 0.4502, acc: 0.8904
17:34:03 valid - loss: 0.3352, acc: 0.8878
Epoch 53/610
17:34:18 train - loss: 0.4450, acc: 0.8924
17:34:20 valid - loss: 0.4716, acc: 0.8434
Epoch 54/610
17:34:35 train - loss: 0.4461, acc: 0.8916
17:34:37 valid - loss: 0.2945, acc: 0.8997
Epoch 55/610
17:34:51 train - loss: 0.4409, acc: 0.8938
17:34:53 valid - loss: 0.4707, acc: 0.8581
Epoch 56/610
17:35:08 train - loss: 0.4376, acc: 0.8943
17:35:09 valid - loss: 0.4014, acc: 0.8718
Epoch 57/610
17:35:24 train - loss: 0.4468, acc: 0.8920
17:35:26 valid - loss: 0.3221, acc: 0.8961
Epoch 58/610
17:35:41 train - loss: 0.4478, acc: 0.8908
17:35:43 valid - loss: 0.3169, acc: 0.8945
Epoch 59/610
17:35:58 train - loss: 0.4355, acc: 0.8956
17:35:59 valid - loss: 0.3462, acc: 0.8899
Epoch 60/610
17:36:15 train - loss: 0.4329, acc: 0.8944
17:36:16 valid - loss: 0.3680, acc: 0.8825
Epoch 61/610
17:36:31 train - loss: 0.4402, acc: 0.8955
17:36:32 valid - loss: 0.3968, acc: 0.8768
Epoch 62/610
17:36:48 train - loss: 0.4557, acc: 0.8908
17:36:49 valid - loss: 0.4521, acc: 0.8626
Epoch 63/610
17:37:04 train - loss: 0.4280, acc: 0.8951
17:37:05 valid - loss: 0.2686, acc: 0.9100
Epoch 64/610
17:37:21 train - loss: 0.4343, acc: 0.8944
17:37:22 valid - loss: 0.4091, acc: 0.8781
Epoch 65/610
17:37:37 train - loss: 0.4323, acc: 0.8958
17:37:38 valid - loss: 0.2713, acc: 0.9110
Epoch 66/610
17:37:53 train - loss: 0.4272, acc: 0.8970
17:37:55 valid - loss: 0.5552, acc: 0.8430
Epoch 67/610
17:38:10 train - loss: 0.4234, acc: 0.8978
17:38:11 valid - loss: 0.5101, acc: 0.8416
Epoch 68/610
17:38:26 train - loss: 0.4232, acc: 0.8976
17:38:28 valid - loss: 0.3851, acc: 0.8753
Epoch 69/610
17:38:43 train - loss: 0.4242, acc: 0.8975
17:38:45 valid - loss: 0.3783, acc: 0.8871
Epoch 70/610
17:39:00 train - loss: 0.4217, acc: 0.8972
17:39:01 valid - loss: 0.4783, acc: 0.8500
Epoch 71/610
17:39:16 train - loss: 0.4115, acc: 0.9010
17:39:18 valid - loss: 0.3821, acc: 0.8787
Epoch 72/610
17:39:33 train - loss: 0.4220, acc: 0.8979
17:39:35 valid - loss: 0.8533, acc: 0.7865
Epoch 73/610
17:39:50 train - loss: 0.4073, acc: 0.9034
17:39:51 valid - loss: 0.5035, acc: 0.8580
Epoch 74/610
17:40:06 train - loss: 0.4055, acc: 0.9026
17:40:08 valid - loss: 0.4443, acc: 0.8593
Epoch 75/610
17:40:23 train - loss: 0.4125, acc: 0.9007
17:40:24 valid - loss: 0.2940, acc: 0.9027
Epoch 76/610
17:40:39 train - loss: 0.4019, acc: 0.9046
17:40:41 valid - loss: 0.3680, acc: 0.8819
Epoch 77/610
17:40:56 train - loss: 0.4015, acc: 0.9034
17:40:58 valid - loss: 0.3101, acc: 0.8989
Epoch 78/610
17:41:13 train - loss: 0.4092, acc: 0.9009
17:41:14 valid - loss: 0.3369, acc: 0.8965
Epoch 79/610
17:41:29 train - loss: 0.4057, acc: 0.9021
17:41:31 valid - loss: 0.3349, acc: 0.8932
Epoch 80/610
17:41:46 train - loss: 0.4032, acc: 0.9029
17:41:47 valid - loss: 0.4568, acc: 0.8640
Epoch 81/610
17:42:02 train - loss: 0.4133, acc: 0.8998
17:42:04 valid - loss: 0.3836, acc: 0.8816
Epoch 82/610
17:42:19 train - loss: 0.4014, acc: 0.9025
17:42:20 valid - loss: 0.2672, acc: 0.9113
Epoch 83/610
17:42:35 train - loss: 0.4048, acc: 0.9014
17:42:37 valid - loss: 0.3455, acc: 0.8912
Epoch 84/610
17:42:51 train - loss: 0.3995, acc: 0.9045
17:42:53 valid - loss: 0.3466, acc: 0.8908
Epoch 85/610
17:43:08 train - loss: 0.3911, acc: 0.9058
17:43:09 valid - loss: 0.3857, acc: 0.8835
Epoch 86/610
17:43:25 train - loss: 0.3955, acc: 0.9054
17:43:26 valid - loss: 0.2988, acc: 0.9043
Epoch 87/610
17:43:41 train - loss: 0.4007, acc: 0.9029
17:43:42 valid - loss: 0.3041, acc: 0.9042
Epoch 88/610
17:43:57 train - loss: 0.3957, acc: 0.9050
17:43:59 valid - loss: 0.2991, acc: 0.9023
Epoch 89/610
17:44:14 train - loss: 0.3860, acc: 0.9078
17:44:15 valid - loss: 0.3601, acc: 0.8890
Epoch 90/610
17:44:30 train - loss: 0.3863, acc: 0.9085
17:44:32 valid - loss: 0.3201, acc: 0.8922
Epoch 91/610
17:44:47 train - loss: 0.3821, acc: 0.9095
17:44:48 valid - loss: 0.3421, acc: 0.8953
Epoch 92/610
17:45:03 train - loss: 0.3862, acc: 0.9076
17:45:05 valid - loss: 0.3120, acc: 0.9015
Epoch 93/610
17:45:19 train - loss: 0.3739, acc: 0.9105
17:45:21 valid - loss: 0.5773, acc: 0.8343
Epoch 94/610
17:45:36 train - loss: 0.3787, acc: 0.9093
17:45:37 valid - loss: 0.2284, acc: 0.9252
Epoch 95/610
17:45:52 train - loss: 0.3696, acc: 0.9112
17:45:54 valid - loss: 0.3195, acc: 0.8964
Epoch 96/610
17:46:09 train - loss: 0.3772, acc: 0.9116
17:46:10 valid - loss: 0.3151, acc: 0.8980
Epoch 97/610
17:46:26 train - loss: 0.3834, acc: 0.9086
17:46:27 valid - loss: 0.4330, acc: 0.8624
Epoch 98/610
17:46:42 train - loss: 0.3829, acc: 0.9085
17:46:44 valid - loss: 0.3071, acc: 0.8992
Epoch 99/610
17:46:59 train - loss: 0.3795, acc: 0.9092
17:47:00 valid - loss: 0.4584, acc: 0.8654
Epoch 100/610
17:47:15 train - loss: 0.3785, acc: 0.9087
17:47:16 valid - loss: 0.3290, acc: 0.8968
Epoch 101/610
17:47:31 train - loss: 0.3767, acc: 0.9099
17:47:33 valid - loss: 0.2985, acc: 0.9043
Epoch 102/610
17:47:48 train - loss: 0.3853, acc: 0.9073
17:47:49 valid - loss: 0.3237, acc: 0.9024
Epoch 103/610
17:48:04 train - loss: 0.3677, acc: 0.9121
17:48:06 valid - loss: 0.2641, acc: 0.9163
Epoch 104/610
17:48:21 train - loss: 0.3694, acc: 0.9124
17:48:22 valid - loss: 0.3186, acc: 0.8992
Epoch 105/610
17:48:37 train - loss: 0.3711, acc: 0.9114
17:48:39 valid - loss: 0.2595, acc: 0.9120
Epoch 106/610
17:48:54 train - loss: 0.3746, acc: 0.9097
17:48:55 valid - loss: 0.4758, acc: 0.8624
Epoch 107/610
17:49:10 train - loss: 0.3771, acc: 0.9099
17:49:12 valid - loss: 0.3191, acc: 0.8970
Epoch 108/610
17:49:27 train - loss: 0.3673, acc: 0.9126
17:49:28 valid - loss: 0.2468, acc: 0.9211
Epoch 109/610
17:49:43 train - loss: 0.3699, acc: 0.9130
17:49:45 valid - loss: 0.2712, acc: 0.9118
Epoch 110/610
17:50:00 train - loss: 0.3632, acc: 0.9132
17:50:01 valid - loss: 0.3979, acc: 0.8791
Epoch 111/610
17:50:16 train - loss: 0.3670, acc: 0.9131
17:50:17 valid - loss: 0.3100, acc: 0.9033
Epoch 112/610
17:50:32 train - loss: 0.3632, acc: 0.9134
17:50:34 valid - loss: 0.3279, acc: 0.8977
Epoch 113/610
17:50:49 train - loss: 0.3721, acc: 0.9109
17:50:50 valid - loss: 0.3936, acc: 0.8736
Epoch 114/610
17:51:05 train - loss: 0.3650, acc: 0.9127
17:51:06 valid - loss: 0.2884, acc: 0.9073
Epoch 115/610
17:51:21 train - loss: 0.3607, acc: 0.9137
17:51:23 valid - loss: 0.3876, acc: 0.8880
Epoch 116/610
17:51:38 train - loss: 0.3676, acc: 0.9118
17:51:39 valid - loss: 0.3194, acc: 0.9000
Epoch 117/610
17:51:54 train - loss: 0.3652, acc: 0.9144
17:51:56 valid - loss: 0.3077, acc: 0.9053
Epoch 118/610
17:52:11 train - loss: 0.3627, acc: 0.9132
17:52:12 valid - loss: 0.2629, acc: 0.9135
Epoch 119/610
17:52:27 train - loss: 0.3592, acc: 0.9135
17:52:29 valid - loss: 0.4116, acc: 0.8809
Epoch 120/610
17:52:44 train - loss: 0.3517, acc: 0.9167
17:52:45 valid - loss: 0.2749, acc: 0.9116
Epoch 121/610
17:53:00 train - loss: 0.3554, acc: 0.9161
17:53:02 valid - loss: 0.3305, acc: 0.9020
Epoch 122/610
17:53:17 train - loss: 0.3604, acc: 0.9137
17:53:19 valid - loss: 0.3179, acc: 0.8977
Epoch 123/610
17:53:34 train - loss: 0.3626, acc: 0.9157
17:53:35 valid - loss: 0.3412, acc: 0.8928
Epoch 124/610
17:53:50 train - loss: 0.3605, acc: 0.9139
17:53:52 valid - loss: 0.3566, acc: 0.8878
Epoch 125/610
17:54:07 train - loss: 0.3599, acc: 0.9139
17:54:08 valid - loss: 0.3280, acc: 0.9002
Epoch 126/610
17:54:23 train - loss: 0.3498, acc: 0.9164
17:54:25 valid - loss: 0.2642, acc: 0.9152
Epoch 127/610
17:54:40 train - loss: 0.3468, acc: 0.9162
17:54:41 valid - loss: 0.3106, acc: 0.9057
Epoch 128/610
17:54:56 train - loss: 0.3565, acc: 0.9158
17:54:58 valid - loss: 0.3283, acc: 0.8964
Epoch 129/610
17:55:13 train - loss: 0.3474, acc: 0.9182
17:55:14 valid - loss: 0.3072, acc: 0.9035
Epoch 130/610
17:55:29 train - loss: 0.3518, acc: 0.9172
17:55:31 valid - loss: 0.2485, acc: 0.9203
Epoch 131/610
17:55:46 train - loss: 0.3485, acc: 0.9161
17:55:47 valid - loss: 0.3184, acc: 0.9003
Epoch 132/610
17:56:02 train - loss: 0.3520, acc: 0.9172
17:56:04 valid - loss: 0.3608, acc: 0.8935
Epoch 133/610
17:56:18 train - loss: 0.3554, acc: 0.9142
17:56:20 valid - loss: 0.2476, acc: 0.9220
Epoch 134/610
17:56:35 train - loss: 0.3467, acc: 0.9174
17:56:36 valid - loss: 0.2526, acc: 0.9205
Epoch 135/610
17:56:52 train - loss: 0.3585, acc: 0.9153
17:56:53 valid - loss: 1.0019, acc: 0.7203
Epoch 136/610
17:57:08 train - loss: 0.3520, acc: 0.9175
17:57:09 valid - loss: 0.3121, acc: 0.9054
Epoch 137/610
17:57:25 train - loss: 0.3565, acc: 0.9150
17:57:26 valid - loss: 0.2634, acc: 0.9145
Epoch 138/610
17:57:41 train - loss: 0.3412, acc: 0.9180
17:57:43 valid - loss: 0.3609, acc: 0.8962
Epoch 139/610
17:57:57 train - loss: 0.3462, acc: 0.9189
17:57:59 valid - loss: 0.4542, acc: 0.8707
Epoch 140/610
17:58:14 train - loss: 0.3542, acc: 0.9150
17:58:15 valid - loss: 0.2831, acc: 0.9104
Epoch 141/610
17:58:30 train - loss: 0.3395, acc: 0.9192
17:58:32 valid - loss: 0.2443, acc: 0.9223
Epoch 142/610
17:58:47 train - loss: 0.3422, acc: 0.9198
17:58:48 valid - loss: 0.2472, acc: 0.9223
Epoch 143/610
17:59:03 train - loss: 0.3447, acc: 0.9190
17:59:05 valid - loss: 0.2250, acc: 0.9286
Epoch 144/610
17:59:19 train - loss: 0.3456, acc: 0.9183
17:59:21 valid - loss: 0.2555, acc: 0.9160
Epoch 145/610
17:59:36 train - loss: 0.3513, acc: 0.9170
17:59:38 valid - loss: 0.2358, acc: 0.9260
Epoch 146/610
17:59:53 train - loss: 0.3510, acc: 0.9160
17:59:54 valid - loss: 0.2783, acc: 0.9079
Epoch 147/610
18:00:09 train - loss: 0.3510, acc: 0.9163
18:00:11 valid - loss: 0.2717, acc: 0.9142
Epoch 148/610
18:00:26 train - loss: 0.3387, acc: 0.9198
18:00:28 valid - loss: 0.2923, acc: 0.9062
Epoch 149/610
18:00:43 train - loss: 0.3344, acc: 0.9195
18:00:44 valid - loss: 0.2710, acc: 0.9165
Epoch 150/610
18:00:59 train - loss: 0.3461, acc: 0.9173
18:01:01 valid - loss: 0.3091, acc: 0.9045
Epoch 151/610
18:01:15 train - loss: 0.3359, acc: 0.9194
18:01:17 valid - loss: 0.2840, acc: 0.9070
Epoch 152/610
18:01:32 train - loss: 0.3338, acc: 0.9202
18:01:34 valid - loss: 0.2679, acc: 0.9152
Epoch 153/610
18:01:49 train - loss: 0.3279, acc: 0.9242
18:01:50 valid - loss: 0.2978, acc: 0.9107
Epoch 154/610
18:02:05 train - loss: 0.3392, acc: 0.9205
18:02:07 valid - loss: 0.2538, acc: 0.9172
Epoch 155/610
18:02:22 train - loss: 0.3399, acc: 0.9186
18:02:23 valid - loss: 0.4692, acc: 0.8641
Epoch 156/610
18:02:38 train - loss: 0.3452, acc: 0.9182
18:02:40 valid - loss: 0.2572, acc: 0.9176
Epoch 157/610
18:02:55 train - loss: 0.3341, acc: 0.9215
18:02:56 valid - loss: 0.2290, acc: 0.9269
Epoch 158/610
18:03:11 train - loss: 0.3278, acc: 0.9224
18:03:13 valid - loss: 0.2763, acc: 0.9146
Epoch 159/610
18:03:28 train - loss: 0.3390, acc: 0.9208
18:03:29 valid - loss: 0.2950, acc: 0.9126
Epoch 160/610
18:03:44 train - loss: 0.3359, acc: 0.9207
18:03:46 valid - loss: 0.2527, acc: 0.9216
Epoch 161/610
18:04:00 train - loss: 0.3289, acc: 0.9224
18:04:02 valid - loss: 0.2006, acc: 0.9346
Epoch 162/610
18:04:17 train - loss: 0.3319, acc: 0.9205
18:04:18 valid - loss: 0.2792, acc: 0.9145
Epoch 163/610
18:04:34 train - loss: 0.3334, acc: 0.9206
18:04:35 valid - loss: 0.3163, acc: 0.9021
Epoch 164/610
18:04:50 train - loss: 0.3282, acc: 0.9230
18:04:52 valid - loss: 0.2862, acc: 0.9128
Epoch 165/610
18:05:07 train - loss: 0.3267, acc: 0.9224
18:05:08 valid - loss: 0.3000, acc: 0.9109
Epoch 166/610
18:05:23 train - loss: 0.3382, acc: 0.9195
18:05:25 valid - loss: 0.2779, acc: 0.9137
Epoch 167/610
18:05:40 train - loss: 0.3383, acc: 0.9203
18:05:41 valid - loss: 0.2364, acc: 0.9263
Epoch 168/610
18:05:56 train - loss: 0.3281, acc: 0.9236
18:05:58 valid - loss: 0.2346, acc: 0.9226
Epoch 169/610
18:06:12 train - loss: 0.3296, acc: 0.9227
18:06:14 valid - loss: 0.2766, acc: 0.9092
Epoch 170/610
18:06:29 train - loss: 0.3281, acc: 0.9234
18:06:30 valid - loss: 0.3390, acc: 0.8984
Epoch 171/610
18:06:45 train - loss: 0.3422, acc: 0.9194
18:06:47 valid - loss: 0.2518, acc: 0.9211
Epoch 172/610
18:07:02 train - loss: 0.3400, acc: 0.9204
18:07:04 valid - loss: 0.3881, acc: 0.8846
Epoch 173/610
18:07:19 train - loss: 0.3380, acc: 0.9197
18:07:20 valid - loss: 0.2263, acc: 0.9254
Epoch 174/610
18:07:35 train - loss: 0.3253, acc: 0.9226
18:07:36 valid - loss: 0.3153, acc: 0.9032
Epoch 175/610
18:07:51 train - loss: 0.3298, acc: 0.9213
18:07:53 valid - loss: 0.3346, acc: 0.9012
Epoch 176/610
18:08:08 train - loss: 0.3283, acc: 0.9219
18:08:09 valid - loss: 0.4715, acc: 0.8700
Epoch 177/610
18:08:24 train - loss: 0.3187, acc: 0.9245
18:08:26 valid - loss: 0.2188, acc: 0.9313
Epoch 178/610
18:08:41 train - loss: 0.3220, acc: 0.9233
18:08:42 valid - loss: 0.2686, acc: 0.9155
Epoch 179/610
18:08:57 train - loss: 0.3275, acc: 0.9229
18:08:59 valid - loss: 0.2300, acc: 0.9268
Epoch 180/610
18:09:13 train - loss: 0.3305, acc: 0.9210
18:09:15 valid - loss: 0.3927, acc: 0.8862
Epoch 181/610
18:09:30 train - loss: 0.3280, acc: 0.9219
18:09:31 valid - loss: 0.2820, acc: 0.9107
Epoch 182/610
18:09:46 train - loss: 0.3336, acc: 0.9214
18:09:48 valid - loss: 0.2330, acc: 0.9273
Epoch 183/610
18:10:03 train - loss: 0.3243, acc: 0.9229
18:10:04 valid - loss: 0.2240, acc: 0.9288
Epoch 184/610
18:10:19 train - loss: 0.3146, acc: 0.9259
18:10:21 valid - loss: 0.2528, acc: 0.9223
Epoch 185/610
18:10:36 train - loss: 0.3293, acc: 0.9223
18:10:37 valid - loss: 0.2816, acc: 0.9128
Epoch 186/610
18:10:52 train - loss: 0.3199, acc: 0.9246
18:10:54 valid - loss: 0.2335, acc: 0.9272
Epoch 187/610
18:11:09 train - loss: 0.3241, acc: 0.9233
18:11:10 valid - loss: 0.2251, acc: 0.9285
Epoch 188/610
18:11:25 train - loss: 0.3209, acc: 0.9248
18:11:27 valid - loss: 0.2123, acc: 0.9305
Epoch 189/610
18:11:42 train - loss: 0.3180, acc: 0.9251
18:11:43 valid - loss: 0.2371, acc: 0.9270
Epoch 190/610
18:11:58 train - loss: 0.3203, acc: 0.9238
18:12:00 valid - loss: 0.3262, acc: 0.9008
Epoch 191/610
18:12:15 train - loss: 0.3092, acc: 0.9263
18:12:16 valid - loss: 0.5152, acc: 0.8533
Epoch 192/610
18:12:31 train - loss: 0.3248, acc: 0.9219
18:12:33 valid - loss: 0.2508, acc: 0.9174
Epoch 193/610
18:12:48 train - loss: 0.3206, acc: 0.9241
18:12:49 valid - loss: 0.2910, acc: 0.9115
Epoch 194/610
18:13:04 train - loss: 0.3142, acc: 0.9258
18:13:06 valid - loss: 0.3060, acc: 0.9074
Epoch 195/610
18:13:21 train - loss: 0.3197, acc: 0.9247
18:13:23 valid - loss: 0.2516, acc: 0.9228
Epoch 196/610
18:13:38 train - loss: 0.3234, acc: 0.9236
18:13:39 valid - loss: 0.4386, acc: 0.8786
Epoch 197/610
18:13:54 train - loss: 0.3069, acc: 0.9268
18:13:56 valid - loss: 0.2861, acc: 0.9141
Epoch 198/610
18:14:11 train - loss: 0.3220, acc: 0.9233
18:14:12 valid - loss: 0.4157, acc: 0.8802
Epoch 199/610
18:14:27 train - loss: 0.3167, acc: 0.9261
18:14:29 valid - loss: 0.2448, acc: 0.9217
Epoch 200/610
18:14:44 train - loss: 0.3211, acc: 0.9241
18:14:45 valid - loss: 0.2376, acc: 0.9247
Epoch 201/610
18:15:00 train - loss: 0.3146, acc: 0.9264
18:15:02 valid - loss: 0.3492, acc: 0.8974
Epoch 202/610
18:15:17 train - loss: 0.3117, acc: 0.9261
18:15:19 valid - loss: 0.3032, acc: 0.9068
Epoch 203/610
18:15:34 train - loss: 0.3093, acc: 0.9265
18:15:35 valid - loss: 0.2472, acc: 0.9244
Epoch 204/610
18:15:50 train - loss: 0.3130, acc: 0.9270
18:15:52 valid - loss: 0.2409, acc: 0.9261
Epoch 205/610
18:16:07 train - loss: 0.3215, acc: 0.9242
18:16:08 valid - loss: 0.2572, acc: 0.9238
Epoch 206/610
18:16:23 train - loss: 0.3228, acc: 0.9231
18:16:25 valid - loss: 0.2609, acc: 0.9207
Epoch 207/610
18:16:40 train - loss: 0.3065, acc: 0.9283
18:16:41 valid - loss: 0.2272, acc: 0.9282
Epoch 208/610
18:16:56 train - loss: 0.3162, acc: 0.9250
18:16:58 valid - loss: 0.3277, acc: 0.9011
Epoch 209/610
18:17:13 train - loss: 0.3070, acc: 0.9270
18:17:14 valid - loss: 0.2453, acc: 0.9212
Epoch 210/610
18:17:29 train - loss: 0.3132, acc: 0.9260
18:17:31 valid - loss: 0.2253, acc: 0.9284
Epoch 211/610
18:17:46 train - loss: 0.3105, acc: 0.9279
18:17:47 valid - loss: 0.2940, acc: 0.9146
Epoch 212/610
18:18:02 train - loss: 0.3081, acc: 0.9266
18:18:04 valid - loss: 0.3001, acc: 0.9076
Epoch 213/610
18:18:19 train - loss: 0.3201, acc: 0.9233
18:18:20 valid - loss: 0.2016, acc: 0.9353
Epoch 214/610
18:18:35 train - loss: 0.3153, acc: 0.9261
18:18:37 valid - loss: 0.2497, acc: 0.9244
Epoch 215/610
18:18:52 train - loss: 0.3078, acc: 0.9282
18:18:53 valid - loss: 0.2778, acc: 0.9164
Epoch 216/610
18:19:08 train - loss: 0.3036, acc: 0.9289
18:19:10 valid - loss: 0.2168, acc: 0.9311
Epoch 217/610
18:19:25 train - loss: 0.3077, acc: 0.9285
18:19:26 valid - loss: 0.2238, acc: 0.9304
Epoch 218/610
18:19:41 train - loss: 0.3045, acc: 0.9278
18:19:43 valid - loss: 0.2418, acc: 0.9232
Epoch 219/610
18:19:59 train - loss: 0.3081, acc: 0.9257
18:20:01 valid - loss: 0.2623, acc: 0.9213
Epoch 220/610
18:20:16 train - loss: 0.3080, acc: 0.9259
18:20:17 valid - loss: 0.2003, acc: 0.9338
Epoch 221/610
18:20:32 train - loss: 0.3069, acc: 0.9275
18:20:34 valid - loss: 0.3329, acc: 0.8959
Epoch 222/610
18:20:49 train - loss: 0.2984, acc: 0.9318
18:20:50 valid - loss: 0.2316, acc: 0.9291
Epoch 223/610
18:21:06 train - loss: 0.2986, acc: 0.9304
18:21:07 valid - loss: 0.2161, acc: 0.9308
Epoch 224/610
18:21:22 train - loss: 0.3094, acc: 0.9268
18:21:24 valid - loss: 0.2364, acc: 0.9283
Epoch 225/610
18:21:39 train - loss: 0.3040, acc: 0.9291
18:21:40 valid - loss: 0.2551, acc: 0.9247
Epoch 226/610
18:21:55 train - loss: 0.3061, acc: 0.9286
18:21:57 valid - loss: 0.1979, acc: 0.9346
Epoch 227/610
18:22:11 train - loss: 0.2965, acc: 0.9299
18:22:13 valid - loss: 0.2949, acc: 0.9106
Epoch 228/610
18:22:28 train - loss: 0.2991, acc: 0.9296
18:22:30 valid - loss: 0.2126, acc: 0.9329
Epoch 229/610
18:22:45 train - loss: 0.3062, acc: 0.9270
18:22:46 valid - loss: 0.2240, acc: 0.9328
Epoch 230/610
18:23:01 train - loss: 0.3038, acc: 0.9289
18:23:03 valid - loss: 0.3683, acc: 0.8961
Epoch 231/610
18:23:18 train - loss: 0.3007, acc: 0.9302
18:23:19 valid - loss: 0.2294, acc: 0.9309
Epoch 232/610
18:23:34 train - loss: 0.3082, acc: 0.9282
18:23:36 valid - loss: 0.2738, acc: 0.9167
Epoch 233/610
18:23:51 train - loss: 0.3010, acc: 0.9300
18:23:52 valid - loss: 0.2188, acc: 0.9349
Epoch 234/610
18:24:07 train - loss: 0.2952, acc: 0.9312
18:24:09 valid - loss: 0.2334, acc: 0.9250
Epoch 235/610
18:24:24 train - loss: 0.3017, acc: 0.9304
18:24:26 valid - loss: 0.2603, acc: 0.9232
Epoch 236/610
18:24:40 train - loss: 0.2954, acc: 0.9320
18:24:42 valid - loss: 0.2628, acc: 0.9255
Epoch 237/610
18:24:57 train - loss: 0.3024, acc: 0.9304
18:24:58 valid - loss: 0.2300, acc: 0.9301
Epoch 238/610
18:25:14 train - loss: 0.2914, acc: 0.9313
18:25:15 valid - loss: 0.2581, acc: 0.9257
Epoch 239/610
18:25:30 train - loss: 0.2926, acc: 0.9311
18:25:31 valid - loss: 0.4182, acc: 0.8818
Epoch 240/610
18:25:46 train - loss: 0.2967, acc: 0.9315
18:25:48 valid - loss: 0.1967, acc: 0.9390
Epoch 241/610
18:26:03 train - loss: 0.2904, acc: 0.9312
18:26:04 valid - loss: 0.2129, acc: 0.9350
Epoch 242/610
18:26:19 train - loss: 0.2986, acc: 0.9300
18:26:21 valid - loss: 0.2495, acc: 0.9257
Epoch 243/610
18:26:36 train - loss: 0.2930, acc: 0.9309
18:26:37 valid - loss: 0.2850, acc: 0.9163
Epoch 244/610
18:26:52 train - loss: 0.3000, acc: 0.9295
18:26:54 valid - loss: 0.1922, acc: 0.9381
Epoch 245/610
18:27:10 train - loss: 0.2902, acc: 0.9337
18:27:11 valid - loss: 0.2393, acc: 0.9280
Epoch 246/610
18:27:26 train - loss: 0.2910, acc: 0.9329
18:27:27 valid - loss: 0.1973, acc: 0.9366
Epoch 247/610
18:27:42 train - loss: 0.2951, acc: 0.9322
18:27:44 valid - loss: 0.2092, acc: 0.9373
Epoch 248/610
18:27:59 train - loss: 0.2968, acc: 0.9306
18:28:00 valid - loss: 0.2351, acc: 0.9311
Epoch 249/610
18:28:15 train - loss: 0.2974, acc: 0.9295
18:28:17 valid - loss: 0.2277, acc: 0.9322
Epoch 250/610
18:28:31 train - loss: 0.2944, acc: 0.9301
18:28:33 valid - loss: 0.2011, acc: 0.9393
Epoch 251/610
18:28:48 train - loss: 0.2852, acc: 0.9327
18:28:49 valid - loss: 0.2846, acc: 0.9148
Epoch 252/610
18:29:04 train - loss: 0.2859, acc: 0.9328
18:29:06 valid - loss: 0.2049, acc: 0.9353
Epoch 253/610
18:29:21 train - loss: 0.2986, acc: 0.9299
18:29:23 valid - loss: 0.2777, acc: 0.9184
Epoch 254/610
18:29:37 train - loss: 0.2930, acc: 0.9319
18:29:39 valid - loss: 0.2185, acc: 0.9359
Epoch 255/610
18:29:54 train - loss: 0.2855, acc: 0.9331
18:29:55 valid - loss: 0.1963, acc: 0.9396
Epoch 256/610
18:30:11 train - loss: 0.2864, acc: 0.9324
18:30:12 valid - loss: 0.2187, acc: 0.9375
Epoch 257/610
18:30:27 train - loss: 0.2806, acc: 0.9352
18:30:29 valid - loss: 0.2040, acc: 0.9405
Epoch 258/610
18:30:44 train - loss: 0.2800, acc: 0.9348
18:30:46 valid - loss: 0.1982, acc: 0.9419
Epoch 259/610
18:31:00 train - loss: 0.2914, acc: 0.9319
18:31:02 valid - loss: 0.1957, acc: 0.9386
Epoch 260/610
18:31:17 train - loss: 0.2849, acc: 0.9328
18:31:18 valid - loss: 0.2944, acc: 0.9167
Epoch 261/610
18:31:33 train - loss: 0.2982, acc: 0.9304
18:31:35 valid - loss: 0.1855, acc: 0.9428
Epoch 262/610
18:31:50 train - loss: 0.2874, acc: 0.9335
18:31:51 valid - loss: 0.2429, acc: 0.9294
Epoch 263/610
18:32:06 train - loss: 0.2795, acc: 0.9353
18:32:08 valid - loss: 0.2496, acc: 0.9263
Epoch 264/610
18:32:23 train - loss: 0.2868, acc: 0.9321
18:32:25 valid - loss: 0.2009, acc: 0.9383
Epoch 265/610
18:32:40 train - loss: 0.2824, acc: 0.9348
18:32:41 valid - loss: 0.3546, acc: 0.9062
Epoch 266/610
18:32:56 train - loss: 0.2865, acc: 0.9333
18:32:57 valid - loss: 0.2029, acc: 0.9384
Epoch 267/610
18:33:13 train - loss: 0.2878, acc: 0.9337
18:33:14 valid - loss: 0.2418, acc: 0.9248
Epoch 268/610
18:33:29 train - loss: 0.2789, acc: 0.9356
18:33:31 valid - loss: 0.2960, acc: 0.9120
Epoch 269/610
18:33:46 train - loss: 0.2881, acc: 0.9329
18:33:47 valid - loss: 0.2204, acc: 0.9301
Epoch 270/610
18:34:02 train - loss: 0.2776, acc: 0.9363
18:34:04 valid - loss: 0.1993, acc: 0.9373
Epoch 271/610
18:34:19 train - loss: 0.2769, acc: 0.9357
18:34:21 valid - loss: 0.2276, acc: 0.9351
Epoch 272/610
18:34:36 train - loss: 0.2748, acc: 0.9359
18:34:37 valid - loss: 0.2507, acc: 0.9263
Epoch 273/610
18:34:53 train - loss: 0.2806, acc: 0.9346
18:34:54 valid - loss: 0.2693, acc: 0.9217
Epoch 274/610
18:35:09 train - loss: 0.2786, acc: 0.9354
18:35:11 valid - loss: 0.1907, acc: 0.9392
Epoch 275/610
18:35:26 train - loss: 0.2812, acc: 0.9350
18:35:28 valid - loss: 0.2284, acc: 0.9322
Epoch 276/610
18:35:43 train - loss: 0.2770, acc: 0.9358
18:35:44 valid - loss: 0.1767, acc: 0.9432
Epoch 277/610
18:35:59 train - loss: 0.2712, acc: 0.9367
18:36:01 valid - loss: 0.2166, acc: 0.9349
Epoch 278/610
18:36:16 train - loss: 0.2790, acc: 0.9354
18:36:17 valid - loss: 0.1721, acc: 0.9437
Epoch 279/610
18:36:32 train - loss: 0.2719, acc: 0.9372
18:36:33 valid - loss: 0.1866, acc: 0.9448
Epoch 280/610
18:36:49 train - loss: 0.2775, acc: 0.9353
18:36:50 valid - loss: 0.1857, acc: 0.9426
Epoch 281/610
18:37:05 train - loss: 0.2765, acc: 0.9358
18:37:07 valid - loss: 0.1894, acc: 0.9416
Epoch 282/610
18:37:21 train - loss: 0.2778, acc: 0.9345
18:37:23 valid - loss: 0.1838, acc: 0.9412
Epoch 283/610
18:37:38 train - loss: 0.2751, acc: 0.9357
18:37:40 valid - loss: 0.1666, acc: 0.9459
Epoch 284/610
18:37:55 train - loss: 0.2682, acc: 0.9367
18:37:56 valid - loss: 0.1975, acc: 0.9394
Epoch 285/610
18:38:11 train - loss: 0.2679, acc: 0.9369
18:38:12 valid - loss: 0.2249, acc: 0.9318
Epoch 286/610
18:38:27 train - loss: 0.2853, acc: 0.9338
18:38:29 valid - loss: 0.2172, acc: 0.9344
Epoch 287/610
18:38:44 train - loss: 0.2669, acc: 0.9379
18:38:45 valid - loss: 0.2517, acc: 0.9286
Epoch 288/610
18:39:00 train - loss: 0.2677, acc: 0.9381
18:39:02 valid - loss: 0.2174, acc: 0.9365
Epoch 289/610
18:39:17 train - loss: 0.2714, acc: 0.9377
18:39:19 valid - loss: 0.2163, acc: 0.9344
Epoch 290/610
18:39:33 train - loss: 0.2747, acc: 0.9366
18:39:35 valid - loss: 0.2488, acc: 0.9305
Epoch 291/610
18:39:51 train - loss: 0.2586, acc: 0.9394
18:39:52 valid - loss: 0.1874, acc: 0.9410
Epoch 292/610
18:40:07 train - loss: 0.2739, acc: 0.9371
18:40:09 valid - loss: 0.1869, acc: 0.9419
Epoch 293/610
18:40:24 train - loss: 0.2637, acc: 0.9391
18:40:25 valid - loss: 0.2025, acc: 0.9423
Epoch 294/610
18:40:40 train - loss: 0.2688, acc: 0.9372
18:40:42 valid - loss: 0.2442, acc: 0.9294
Epoch 295/610
18:40:57 train - loss: 0.2655, acc: 0.9392
18:40:58 valid - loss: 0.1751, acc: 0.9490
Epoch 296/610
18:41:13 train - loss: 0.2596, acc: 0.9397
18:41:14 valid - loss: 0.2631, acc: 0.9236
Epoch 297/610
18:41:29 train - loss: 0.2670, acc: 0.9383
18:41:31 valid - loss: 0.3004, acc: 0.9147
Epoch 298/610
18:41:46 train - loss: 0.2658, acc: 0.9381
18:41:47 valid - loss: 0.1757, acc: 0.9463
Epoch 299/610
18:42:03 train - loss: 0.2669, acc: 0.9379
18:42:04 valid - loss: 0.2105, acc: 0.9385
Epoch 300/610
18:42:19 train - loss: 0.2623, acc: 0.9399
18:42:21 valid - loss: 0.2101, acc: 0.9370
Epoch 301/610
18:42:36 train - loss: 0.2588, acc: 0.9393
18:42:37 valid - loss: 0.1757, acc: 0.9482
Epoch 302/610
18:42:52 train - loss: 0.2580, acc: 0.9393
18:42:53 valid - loss: 0.2136, acc: 0.9396
Epoch 303/610
18:43:08 train - loss: 0.2599, acc: 0.9389
18:43:10 valid - loss: 0.2032, acc: 0.9384
Epoch 304/610
18:43:25 train - loss: 0.2664, acc: 0.9379
18:43:26 valid - loss: 0.1749, acc: 0.9465
Epoch 305/610
18:43:41 train - loss: 0.2581, acc: 0.9400
18:43:43 valid - loss: 0.2134, acc: 0.9373
Epoch 306/610
18:43:58 train - loss: 0.2630, acc: 0.9396
18:43:59 valid - loss: 0.2230, acc: 0.9344
Epoch 307/610
18:44:14 train - loss: 0.2579, acc: 0.9413
18:44:16 valid - loss: 0.2177, acc: 0.9346
Epoch 308/610
18:44:31 train - loss: 0.2543, acc: 0.9415
18:44:32 valid - loss: 0.2240, acc: 0.9311
Epoch 309/610
18:44:48 train - loss: 0.2526, acc: 0.9424
18:44:49 valid - loss: 0.2063, acc: 0.9409
Epoch 310/610
18:45:05 train - loss: 0.2566, acc: 0.9408
18:45:06 valid - loss: 0.1725, acc: 0.9462
Epoch 311/610
18:45:21 train - loss: 0.2608, acc: 0.9402
18:45:23 valid - loss: 0.1837, acc: 0.9460
Epoch 312/610
18:45:38 train - loss: 0.2548, acc: 0.9406
18:45:39 valid - loss: 0.1775, acc: 0.9451
Epoch 313/610
18:45:54 train - loss: 0.2556, acc: 0.9403
18:45:56 valid - loss: 0.1826, acc: 0.9436
Epoch 314/610
18:46:11 train - loss: 0.2630, acc: 0.9383
18:46:12 valid - loss: 0.1639, acc: 0.9496
Epoch 315/610
18:46:27 train - loss: 0.2520, acc: 0.9411
18:46:29 valid - loss: 0.1811, acc: 0.9423
Epoch 316/610
18:46:43 train - loss: 0.2551, acc: 0.9407
18:46:45 valid - loss: 0.1973, acc: 0.9413
Epoch 317/610
18:47:00 train - loss: 0.2447, acc: 0.9449
18:47:01 valid - loss: 0.1741, acc: 0.9467
Epoch 318/610
18:47:17 train - loss: 0.2491, acc: 0.9426
18:47:18 valid - loss: 0.2015, acc: 0.9403
Epoch 319/610
18:47:33 train - loss: 0.2513, acc: 0.9435
18:47:35 valid - loss: 0.1810, acc: 0.9446
Epoch 320/610
18:47:50 train - loss: 0.2528, acc: 0.9410
18:47:51 valid - loss: 0.1842, acc: 0.9427
Epoch 321/610
18:48:06 train - loss: 0.2533, acc: 0.9417
18:48:08 valid - loss: 0.1755, acc: 0.9456
Epoch 322/610
18:48:23 train - loss: 0.2407, acc: 0.9438
18:48:24 valid - loss: 0.1937, acc: 0.9431
Epoch 323/610
18:48:39 train - loss: 0.2488, acc: 0.9424
18:48:41 valid - loss: 0.2158, acc: 0.9340
Epoch 324/610
18:48:56 train - loss: 0.2516, acc: 0.9423
18:48:57 valid - loss: 0.2191, acc: 0.9389
Epoch 325/610
18:49:12 train - loss: 0.2516, acc: 0.9420
18:49:14 valid - loss: 0.1858, acc: 0.9442
Epoch 326/610
18:49:28 train - loss: 0.2495, acc: 0.9426
18:49:30 valid - loss: 0.2048, acc: 0.9384
Epoch 327/610
18:49:45 train - loss: 0.2504, acc: 0.9421
18:49:46 valid - loss: 0.1949, acc: 0.9419
Epoch 328/610
18:50:01 train - loss: 0.2441, acc: 0.9447
18:50:03 valid - loss: 0.1990, acc: 0.9421
Epoch 329/610
18:50:18 train - loss: 0.2431, acc: 0.9432
18:50:19 valid - loss: 0.2026, acc: 0.9404
Epoch 330/610
18:50:34 train - loss: 0.2469, acc: 0.9441
18:50:36 valid - loss: 0.2142, acc: 0.9364
Epoch 331/610
18:50:50 train - loss: 0.2385, acc: 0.9453
18:50:52 valid - loss: 0.1807, acc: 0.9470
Epoch 332/610
18:51:07 train - loss: 0.2406, acc: 0.9460
18:51:08 valid - loss: 0.1754, acc: 0.9480
Epoch 333/610
18:51:23 train - loss: 0.2442, acc: 0.9444
18:51:25 valid - loss: 0.1772, acc: 0.9461
Epoch 334/610
18:51:40 train - loss: 0.2414, acc: 0.9447
18:51:41 valid - loss: 0.1604, acc: 0.9511
Epoch 335/610
18:51:56 train - loss: 0.2405, acc: 0.9446
18:51:58 valid - loss: 0.2592, acc: 0.9283
Epoch 336/610
18:52:12 train - loss: 0.2370, acc: 0.9454
18:52:14 valid - loss: 0.1721, acc: 0.9509
Epoch 337/610
18:52:29 train - loss: 0.2334, acc: 0.9466
18:52:30 valid - loss: 0.1789, acc: 0.9471
Epoch 338/610
18:52:45 train - loss: 0.2384, acc: 0.9455
18:52:47 valid - loss: 0.1742, acc: 0.9507
Epoch 339/610
18:53:02 train - loss: 0.2396, acc: 0.9460
18:53:03 valid - loss: 0.2096, acc: 0.9398
Epoch 340/610
18:53:18 train - loss: 0.2371, acc: 0.9451
18:53:20 valid - loss: 0.1811, acc: 0.9476
Epoch 341/610
18:53:35 train - loss: 0.2393, acc: 0.9445
18:53:36 valid - loss: 0.1864, acc: 0.9466
Epoch 342/610
18:53:51 train - loss: 0.2323, acc: 0.9474
18:53:53 valid - loss: 0.1782, acc: 0.9468
Epoch 343/610
18:54:07 train - loss: 0.2355, acc: 0.9459
18:54:09 valid - loss: 0.2066, acc: 0.9408
Epoch 344/610
18:54:24 train - loss: 0.2342, acc: 0.9461
18:54:26 valid - loss: 0.1881, acc: 0.9445
Epoch 345/610
18:54:41 train - loss: 0.2387, acc: 0.9467
18:54:42 valid - loss: 0.1674, acc: 0.9504
Epoch 346/610
18:54:57 train - loss: 0.2398, acc: 0.9459
18:54:59 valid - loss: 0.2130, acc: 0.9412
Epoch 347/610
18:55:13 train - loss: 0.2357, acc: 0.9452
18:55:15 valid - loss: 0.1947, acc: 0.9437
Epoch 348/610
18:55:30 train - loss: 0.2385, acc: 0.9462
18:55:31 valid - loss: 0.1798, acc: 0.9467
Epoch 349/610
18:55:47 train - loss: 0.2291, acc: 0.9471
18:55:48 valid - loss: 0.1989, acc: 0.9441
Epoch 350/610
18:56:03 train - loss: 0.2355, acc: 0.9464
18:56:05 valid - loss: 0.1789, acc: 0.9500
Epoch 351/610
18:56:20 train - loss: 0.2341, acc: 0.9461
18:56:22 valid - loss: 0.1905, acc: 0.9415
Epoch 352/610
18:56:37 train - loss: 0.2277, acc: 0.9479
18:56:38 valid - loss: 0.1815, acc: 0.9463
Epoch 353/610
18:56:53 train - loss: 0.2303, acc: 0.9465
18:56:55 valid - loss: 0.1917, acc: 0.9458
Epoch 354/610
18:57:10 train - loss: 0.2297, acc: 0.9474
18:57:11 valid - loss: 0.1968, acc: 0.9446
Epoch 355/610
18:57:26 train - loss: 0.2265, acc: 0.9486
18:57:27 valid - loss: 0.1612, acc: 0.9521
Epoch 356/610
18:57:42 train - loss: 0.2304, acc: 0.9474
18:57:44 valid - loss: 0.1762, acc: 0.9482
Epoch 357/610
18:57:59 train - loss: 0.2265, acc: 0.9490
18:58:00 valid - loss: 0.1822, acc: 0.9469
Epoch 358/610
18:58:15 train - loss: 0.2196, acc: 0.9502
18:58:17 valid - loss: 0.1880, acc: 0.9438
Epoch 359/610
18:58:31 train - loss: 0.2249, acc: 0.9495
18:58:33 valid - loss: 0.1878, acc: 0.9457
Epoch 360/610
18:58:48 train - loss: 0.2252, acc: 0.9489
18:58:49 valid - loss: 0.1886, acc: 0.9463
Epoch 361/610
18:59:05 train - loss: 0.2192, acc: 0.9489
18:59:06 valid - loss: 0.1474, acc: 0.9574
Epoch 362/610
18:59:21 train - loss: 0.2216, acc: 0.9504
18:59:23 valid - loss: 0.1983, acc: 0.9468
Epoch 363/610
18:59:38 train - loss: 0.2307, acc: 0.9474
18:59:39 valid - loss: 0.1792, acc: 0.9461
Epoch 364/610
18:59:54 train - loss: 0.2260, acc: 0.9487
18:59:56 valid - loss: 0.2221, acc: 0.9402
Epoch 365/610
19:00:11 train - loss: 0.2181, acc: 0.9506
19:00:12 valid - loss: 0.2055, acc: 0.9416
Epoch 366/610
19:00:28 train - loss: 0.2086, acc: 0.9527
19:00:29 valid - loss: 0.1679, acc: 0.9503
Epoch 367/610
19:00:44 train - loss: 0.2187, acc: 0.9502
19:00:46 valid - loss: 0.1974, acc: 0.9437
Epoch 368/610
19:01:01 train - loss: 0.2132, acc: 0.9509
19:01:02 valid - loss: 0.1748, acc: 0.9475
Epoch 369/610
19:01:17 train - loss: 0.2184, acc: 0.9504
19:01:19 valid - loss: 0.1721, acc: 0.9482
Epoch 370/610
19:01:34 train - loss: 0.2121, acc: 0.9519
19:01:36 valid - loss: 0.1585, acc: 0.9530
Epoch 371/610
19:01:50 train - loss: 0.2177, acc: 0.9498
19:01:52 valid - loss: 0.1752, acc: 0.9480
Epoch 372/610
19:02:07 train - loss: 0.2141, acc: 0.9514
19:02:09 valid - loss: 0.1781, acc: 0.9518
Epoch 373/610
19:02:24 train - loss: 0.2100, acc: 0.9524
19:02:25 valid - loss: 0.1611, acc: 0.9553
Epoch 374/610
19:02:40 train - loss: 0.2098, acc: 0.9525
19:02:42 valid - loss: 0.1748, acc: 0.9492
Epoch 375/610
19:02:57 train - loss: 0.2133, acc: 0.9514
19:02:58 valid - loss: 0.1576, acc: 0.9555
Epoch 376/610
19:03:13 train - loss: 0.2059, acc: 0.9529
19:03:14 valid - loss: 0.1738, acc: 0.9508
Epoch 377/610
19:03:30 train - loss: 0.2133, acc: 0.9517
19:03:31 valid - loss: 0.1874, acc: 0.9434
Epoch 378/610
19:03:46 train - loss: 0.2058, acc: 0.9548
19:03:48 valid - loss: 0.1874, acc: 0.9460
Epoch 379/610
19:04:02 train - loss: 0.2071, acc: 0.9531
19:04:04 valid - loss: 0.1570, acc: 0.9561
Epoch 380/610
19:04:19 train - loss: 0.2062, acc: 0.9531
19:04:20 valid - loss: 0.1521, acc: 0.9542
Epoch 381/610
19:04:35 train - loss: 0.2089, acc: 0.9530
19:04:37 valid - loss: 0.1911, acc: 0.9473
Epoch 382/610
19:04:52 train - loss: 0.2080, acc: 0.9531
19:04:53 valid - loss: 0.1715, acc: 0.9508
Epoch 383/610
19:05:08 train - loss: 0.2086, acc: 0.9532
19:05:10 valid - loss: 0.1557, acc: 0.9545
Epoch 384/610
19:05:25 train - loss: 0.2061, acc: 0.9531
19:05:26 valid - loss: 0.1771, acc: 0.9472
Epoch 385/610
19:05:41 train - loss: 0.2084, acc: 0.9528
19:05:43 valid - loss: 0.1386, acc: 0.9570
Epoch 386/610
19:05:58 train - loss: 0.1971, acc: 0.9550
19:05:59 valid - loss: 0.1474, acc: 0.9583
Epoch 387/610
19:06:14 train - loss: 0.1995, acc: 0.9559
19:06:16 valid - loss: 0.1395, acc: 0.9571
Epoch 388/610
19:06:31 train - loss: 0.1971, acc: 0.9548
19:06:32 valid - loss: 0.1679, acc: 0.9549
Epoch 389/610
19:06:47 train - loss: 0.1990, acc: 0.9560
19:06:49 valid - loss: 0.1629, acc: 0.9557
Epoch 390/610
19:07:04 train - loss: 0.1992, acc: 0.9542
19:07:05 valid - loss: 0.1597, acc: 0.9539
Epoch 391/610
19:07:20 train - loss: 0.2036, acc: 0.9533
19:07:22 valid - loss: 0.1718, acc: 0.9535
Epoch 392/610
19:07:37 train - loss: 0.1953, acc: 0.9558
19:07:38 valid - loss: 0.2216, acc: 0.9402
Epoch 393/610
19:07:54 train - loss: 0.1985, acc: 0.9554
19:07:55 valid - loss: 0.1479, acc: 0.9583
Epoch 394/610
19:08:10 train - loss: 0.1906, acc: 0.9576
19:08:11 valid - loss: 0.1616, acc: 0.9550
Epoch 395/610
19:08:26 train - loss: 0.1943, acc: 0.9565
19:08:28 valid - loss: 0.1517, acc: 0.9560
Epoch 396/610
19:08:43 train - loss: 0.1956, acc: 0.9574
19:08:44 valid - loss: 0.1556, acc: 0.9551
Epoch 397/610
19:08:59 train - loss: 0.1929, acc: 0.9566
19:09:01 valid - loss: 0.1759, acc: 0.9507
Epoch 398/610
19:09:16 train - loss: 0.1946, acc: 0.9550
19:09:17 valid - loss: 0.1469, acc: 0.9598
Epoch 399/610
19:09:32 train - loss: 0.1963, acc: 0.9551
19:09:33 valid - loss: 0.1421, acc: 0.9574
Epoch 400/610
19:09:48 train - loss: 0.1980, acc: 0.9545
19:09:50 valid - loss: 0.1712, acc: 0.9516
Epoch 401/610
19:10:05 train - loss: 0.2001, acc: 0.9547
19:10:06 valid - loss: 0.1553, acc: 0.9545
Epoch 402/610
19:10:21 train - loss: 0.1931, acc: 0.9559
19:10:22 valid - loss: 0.1593, acc: 0.9548
Epoch 403/610
19:10:37 train - loss: 0.1950, acc: 0.9567
19:10:39 valid - loss: 0.1929, acc: 0.9482
Epoch 404/610
19:10:54 train - loss: 0.1858, acc: 0.9574
19:10:55 valid - loss: 0.1609, acc: 0.9575
Epoch 405/610
19:11:11 train - loss: 0.1881, acc: 0.9585
19:11:12 valid - loss: 0.1627, acc: 0.9506
Epoch 406/610
19:11:27 train - loss: 0.1897, acc: 0.9578
19:11:29 valid - loss: 0.1469, acc: 0.9618
Epoch 407/610
19:11:44 train - loss: 0.1874, acc: 0.9585
19:11:45 valid - loss: 0.1236, acc: 0.9627
Epoch 408/610
19:12:00 train - loss: 0.1784, acc: 0.9603
19:12:02 valid - loss: 0.1820, acc: 0.9517
Epoch 409/610
19:12:17 train - loss: 0.1854, acc: 0.9587
19:12:19 valid - loss: 0.1533, acc: 0.9558
Epoch 410/610
19:12:34 train - loss: 0.1821, acc: 0.9598
19:12:35 valid - loss: 0.1335, acc: 0.9605
Epoch 411/610
19:12:50 train - loss: 0.1889, acc: 0.9571
19:12:52 valid - loss: 0.1667, acc: 0.9535
Epoch 412/610
19:13:07 train - loss: 0.1759, acc: 0.9602
19:13:08 valid - loss: 0.1684, acc: 0.9538
Epoch 413/610
19:13:23 train - loss: 0.1781, acc: 0.9611
19:13:25 valid - loss: 0.1478, acc: 0.9566
Epoch 414/610
19:13:40 train - loss: 0.1840, acc: 0.9585
19:13:41 valid - loss: 0.1710, acc: 0.9522
Epoch 415/610
19:13:56 train - loss: 0.1727, acc: 0.9609
19:13:58 valid - loss: 0.2212, acc: 0.9440
Epoch 416/610
19:14:13 train - loss: 0.1787, acc: 0.9611
19:14:15 valid - loss: 0.1641, acc: 0.9542
Epoch 417/610
19:14:29 train - loss: 0.1772, acc: 0.9622
19:14:31 valid - loss: 0.1377, acc: 0.9577
Epoch 418/610
19:14:46 train - loss: 0.1805, acc: 0.9602
19:14:48 valid - loss: 0.1530, acc: 0.9574
Epoch 419/610
19:15:03 train - loss: 0.1770, acc: 0.9598
19:15:04 valid - loss: 0.1485, acc: 0.9614
Epoch 420/610
19:15:19 train - loss: 0.1773, acc: 0.9603
19:15:21 valid - loss: 0.1540, acc: 0.9545
Epoch 421/610
19:15:36 train - loss: 0.1718, acc: 0.9622
19:15:37 valid - loss: 0.1324, acc: 0.9619
Epoch 422/610
19:15:52 train - loss: 0.1702, acc: 0.9632
19:15:54 valid - loss: 0.1677, acc: 0.9547
Epoch 423/610
19:16:09 train - loss: 0.1689, acc: 0.9632
19:16:10 valid - loss: 0.1413, acc: 0.9607
Epoch 424/610
19:16:26 train - loss: 0.1673, acc: 0.9639
19:16:27 valid - loss: 0.1597, acc: 0.9593
Epoch 425/610
19:16:42 train - loss: 0.1724, acc: 0.9607
19:16:43 valid - loss: 0.1687, acc: 0.9545
Epoch 426/610
19:16:58 train - loss: 0.1698, acc: 0.9625
19:17:00 valid - loss: 0.1329, acc: 0.9614
Epoch 427/610
19:17:15 train - loss: 0.1669, acc: 0.9632
19:17:17 valid - loss: 0.1313, acc: 0.9630
Epoch 428/610
19:17:32 train - loss: 0.1710, acc: 0.9628
19:17:34 valid - loss: 0.1464, acc: 0.9584
Epoch 429/610
19:17:49 train - loss: 0.1692, acc: 0.9628
19:17:51 valid - loss: 0.1887, acc: 0.9486
Epoch 430/610
19:18:05 train - loss: 0.1602, acc: 0.9650
19:18:07 valid - loss: 0.1581, acc: 0.9567
Epoch 431/610
19:18:22 train - loss: 0.1674, acc: 0.9626
19:18:23 valid - loss: 0.1354, acc: 0.9593
Epoch 432/610
19:18:38 train - loss: 0.1580, acc: 0.9666
19:18:40 valid - loss: 0.1522, acc: 0.9597
Epoch 433/610
19:18:55 train - loss: 0.1627, acc: 0.9635
19:18:56 valid - loss: 0.1389, acc: 0.9627
Epoch 434/610
19:19:11 train - loss: 0.1579, acc: 0.9654
19:19:13 valid - loss: 0.1569, acc: 0.9588
Epoch 435/610
19:19:28 train - loss: 0.1599, acc: 0.9654
19:19:29 valid - loss: 0.1406, acc: 0.9622
Epoch 436/610
19:19:44 train - loss: 0.1594, acc: 0.9648
19:19:46 valid - loss: 0.1405, acc: 0.9605
Epoch 437/610
19:20:01 train - loss: 0.1564, acc: 0.9655
19:20:02 valid - loss: 0.1432, acc: 0.9607
Epoch 438/610
19:20:17 train - loss: 0.1560, acc: 0.9660
19:20:19 valid - loss: 0.1466, acc: 0.9603
Epoch 439/610
19:20:33 train - loss: 0.1571, acc: 0.9653
19:20:35 valid - loss: 0.1617, acc: 0.9571
Epoch 440/610
19:20:50 train - loss: 0.1574, acc: 0.9649
19:20:52 valid - loss: 0.1559, acc: 0.9583
Epoch 441/610
19:21:07 train - loss: 0.1611, acc: 0.9639
19:21:08 valid - loss: 0.1344, acc: 0.9621
Epoch 442/610
19:21:23 train - loss: 0.1491, acc: 0.9686
19:21:25 valid - loss: 0.1418, acc: 0.9633
Epoch 443/610
19:21:40 train - loss: 0.1548, acc: 0.9664
19:21:41 valid - loss: 0.1719, acc: 0.9547
Epoch 444/610
19:21:56 train - loss: 0.1550, acc: 0.9656
19:21:57 valid - loss: 0.1440, acc: 0.9611
Epoch 445/610
19:22:12 train - loss: 0.1448, acc: 0.9689
19:22:14 valid - loss: 0.1488, acc: 0.9597
Epoch 446/610
19:22:29 train - loss: 0.1512, acc: 0.9664
19:22:30 valid - loss: 0.1428, acc: 0.9614
Epoch 447/610
19:22:45 train - loss: 0.1487, acc: 0.9674
19:22:47 valid - loss: 0.1524, acc: 0.9590
Epoch 448/610
19:23:02 train - loss: 0.1488, acc: 0.9670
19:23:04 valid - loss: 0.1439, acc: 0.9619
Epoch 449/610
19:23:19 train - loss: 0.1557, acc: 0.9658
19:23:20 valid - loss: 0.1458, acc: 0.9610
Epoch 450/610
19:23:35 train - loss: 0.1490, acc: 0.9665
19:23:37 valid - loss: 0.1418, acc: 0.9618
Epoch 451/610
19:23:52 train - loss: 0.1492, acc: 0.9683
19:23:54 valid - loss: 0.1523, acc: 0.9601
Epoch 452/610
19:24:09 train - loss: 0.1435, acc: 0.9688
19:24:10 valid - loss: 0.1447, acc: 0.9622
Epoch 453/610
19:24:25 train - loss: 0.1453, acc: 0.9694
19:24:27 valid - loss: 0.1449, acc: 0.9639
Epoch 454/610
19:24:41 train - loss: 0.1442, acc: 0.9683
19:24:43 valid - loss: 0.1492, acc: 0.9606
Epoch 455/610
19:24:58 train - loss: 0.1417, acc: 0.9696
19:24:59 valid - loss: 0.1295, acc: 0.9653
Epoch 456/610
19:25:14 train - loss: 0.1400, acc: 0.9699
19:25:16 valid - loss: 0.1454, acc: 0.9587
Epoch 457/610
19:25:31 train - loss: 0.1426, acc: 0.9685
19:25:33 valid - loss: 0.1398, acc: 0.9636
Epoch 458/610
19:25:48 train - loss: 0.1448, acc: 0.9687
19:25:49 valid - loss: 0.1421, acc: 0.9612
Epoch 459/610
19:26:04 train - loss: 0.1377, acc: 0.9694
19:26:06 valid - loss: 0.1355, acc: 0.9625
Epoch 460/610
19:26:20 train - loss: 0.1418, acc: 0.9688
19:26:22 valid - loss: 0.1335, acc: 0.9628
Epoch 461/610
19:26:38 train - loss: 0.1325, acc: 0.9719
19:26:39 valid - loss: 0.1475, acc: 0.9630
Epoch 462/610
19:26:54 train - loss: 0.1350, acc: 0.9714
19:26:56 valid - loss: 0.1396, acc: 0.9647
Epoch 463/610
19:27:11 train - loss: 0.1375, acc: 0.9705
19:27:12 valid - loss: 0.1453, acc: 0.9619
Epoch 464/610
19:27:27 train - loss: 0.1357, acc: 0.9704
19:27:29 valid - loss: 0.1306, acc: 0.9660
Epoch 465/610
19:27:44 train - loss: 0.1326, acc: 0.9714
19:27:45 valid - loss: 0.1469, acc: 0.9620
Epoch 466/610
19:28:00 train - loss: 0.1301, acc: 0.9725
19:28:02 valid - loss: 0.1296, acc: 0.9635
Epoch 467/610
19:28:17 train - loss: 0.1294, acc: 0.9724
19:28:18 valid - loss: 0.1383, acc: 0.9649
Epoch 468/610
19:28:33 train - loss: 0.1278, acc: 0.9729
19:28:35 valid - loss: 0.1299, acc: 0.9652
Epoch 469/610
19:28:49 train - loss: 0.1312, acc: 0.9717
19:28:51 valid - loss: 0.1349, acc: 0.9654
Epoch 470/610
19:29:06 train - loss: 0.1290, acc: 0.9725
19:29:07 valid - loss: 0.1391, acc: 0.9626
Epoch 471/610
19:29:22 train - loss: 0.1232, acc: 0.9739
19:29:24 valid - loss: 0.1424, acc: 0.9622
Epoch 472/610
19:29:39 train - loss: 0.1261, acc: 0.9730
19:29:41 valid - loss: 0.1297, acc: 0.9656
Epoch 473/610
19:29:55 train - loss: 0.1294, acc: 0.9720
19:29:57 valid - loss: 0.1324, acc: 0.9651
Epoch 474/610
19:30:12 train - loss: 0.1222, acc: 0.9731
19:30:13 valid - loss: 0.1222, acc: 0.9667
Epoch 475/610
19:30:28 train - loss: 0.1271, acc: 0.9733
19:30:30 valid - loss: 0.1199, acc: 0.9659
Epoch 476/610
19:30:44 train - loss: 0.1205, acc: 0.9750
19:30:46 valid - loss: 0.1355, acc: 0.9651
Epoch 477/610
19:31:01 train - loss: 0.1207, acc: 0.9750
19:31:02 valid - loss: 0.1329, acc: 0.9664
Epoch 478/610
19:31:17 train - loss: 0.1211, acc: 0.9747
19:31:19 valid - loss: 0.1300, acc: 0.9661
Epoch 479/610
19:31:33 train - loss: 0.1159, acc: 0.9764
19:31:35 valid - loss: 0.1273, acc: 0.9660
Epoch 480/610
19:31:50 train - loss: 0.1206, acc: 0.9741
19:31:51 valid - loss: 0.1339, acc: 0.9656
Epoch 481/610
19:32:06 train - loss: 0.1162, acc: 0.9753
19:32:08 valid - loss: 0.1255, acc: 0.9675
Epoch 482/610
19:32:23 train - loss: 0.1197, acc: 0.9745
19:32:24 valid - loss: 0.1334, acc: 0.9637
Epoch 483/610
19:32:39 train - loss: 0.1130, acc: 0.9759
19:32:40 valid - loss: 0.1241, acc: 0.9679
Epoch 484/610
19:32:55 train - loss: 0.1159, acc: 0.9749
19:32:57 valid - loss: 0.1177, acc: 0.9692
Epoch 485/610
19:33:12 train - loss: 0.1148, acc: 0.9764
19:33:14 valid - loss: 0.1178, acc: 0.9698
Epoch 486/610
19:33:29 train - loss: 0.1118, acc: 0.9765
19:33:30 valid - loss: 0.1296, acc: 0.9672
Epoch 487/610
19:33:45 train - loss: 0.1085, acc: 0.9767
19:33:47 valid - loss: 0.1277, acc: 0.9675
Epoch 488/610
19:34:02 train - loss: 0.1090, acc: 0.9775
19:34:03 valid - loss: 0.1398, acc: 0.9649
Epoch 489/610
19:34:18 train - loss: 0.1110, acc: 0.9771
19:34:20 valid - loss: 0.1242, acc: 0.9667
Epoch 490/610
19:34:35 train - loss: 0.1034, acc: 0.9791
19:34:37 valid - loss: 0.1271, acc: 0.9672
Epoch 491/610
19:34:51 train - loss: 0.1070, acc: 0.9769
19:34:53 valid - loss: 0.1213, acc: 0.9684
Epoch 492/610
19:35:08 train - loss: 0.1049, acc: 0.9783
19:35:10 valid - loss: 0.1143, acc: 0.9685
Epoch 493/610
19:35:25 train - loss: 0.1080, acc: 0.9774
19:35:26 valid - loss: 0.1173, acc: 0.9683
Epoch 494/610
19:35:41 train - loss: 0.1068, acc: 0.9777
19:35:43 valid - loss: 0.1221, acc: 0.9676
Epoch 495/610
19:35:58 train - loss: 0.1062, acc: 0.9780
19:35:59 valid - loss: 0.1333, acc: 0.9657
Epoch 496/610
19:36:14 train - loss: 0.1023, acc: 0.9790
19:36:16 valid - loss: 0.1230, acc: 0.9680
Epoch 497/610
19:36:30 train - loss: 0.1019, acc: 0.9785
19:36:32 valid - loss: 0.1241, acc: 0.9683
Epoch 498/610
19:36:47 train - loss: 0.0992, acc: 0.9796
19:36:48 valid - loss: 0.1148, acc: 0.9709
Epoch 499/610
19:37:04 train - loss: 0.0974, acc: 0.9793
19:37:05 valid - loss: 0.1205, acc: 0.9688
Epoch 500/610
19:37:20 train - loss: 0.1026, acc: 0.9783
19:37:22 valid - loss: 0.1251, acc: 0.9684
Epoch 501/610
19:37:37 train - loss: 0.1001, acc: 0.9796
19:37:38 valid - loss: 0.1310, acc: 0.9673
Epoch 502/610
19:37:53 train - loss: 0.0980, acc: 0.9802
19:37:54 valid - loss: 0.1173, acc: 0.9681
Epoch 503/610
19:38:09 train - loss: 0.0962, acc: 0.9803
19:38:11 valid - loss: 0.1173, acc: 0.9687
Epoch 504/610
19:38:26 train - loss: 0.0982, acc: 0.9794
19:38:27 valid - loss: 0.1256, acc: 0.9671
Epoch 505/610
19:38:42 train - loss: 0.0938, acc: 0.9809
19:38:44 valid - loss: 0.1181, acc: 0.9692
Epoch 506/610
19:38:58 train - loss: 0.0980, acc: 0.9798
19:39:00 valid - loss: 0.1221, acc: 0.9701
Epoch 507/610
19:39:15 train - loss: 0.0930, acc: 0.9804
19:39:16 valid - loss: 0.1208, acc: 0.9697
Epoch 508/610
19:39:32 train - loss: 0.0973, acc: 0.9794
19:39:33 valid - loss: 0.1229, acc: 0.9682
Epoch 509/610
19:39:48 train - loss: 0.0931, acc: 0.9806
19:39:50 valid - loss: 0.1367, acc: 0.9670
Epoch 510/610
19:40:05 train - loss: 0.0930, acc: 0.9807
19:40:06 valid - loss: 0.1174, acc: 0.9701
Epoch 511/610
19:40:21 train - loss: 0.0912, acc: 0.9810
19:40:22 valid - loss: 0.1269, acc: 0.9677
Epoch 512/610
19:40:37 train - loss: 0.0871, acc: 0.9823
19:40:39 valid - loss: 0.1199, acc: 0.9694
Epoch 513/610
19:40:54 train - loss: 0.0931, acc: 0.9807
19:40:55 valid - loss: 0.1192, acc: 0.9707
Epoch 514/610
19:41:10 train - loss: 0.0853, acc: 0.9827
19:41:12 valid - loss: 0.1131, acc: 0.9714
Epoch 515/610
19:41:27 train - loss: 0.0869, acc: 0.9827
19:41:29 valid - loss: 0.1113, acc: 0.9713
Epoch 516/610
19:41:43 train - loss: 0.0911, acc: 0.9818
19:41:45 valid - loss: 0.1141, acc: 0.9700
Epoch 517/610
19:42:01 train - loss: 0.0882, acc: 0.9821
19:42:02 valid - loss: 0.1161, acc: 0.9711
Epoch 518/610
19:42:17 train - loss: 0.0808, acc: 0.9835
19:42:19 valid - loss: 0.1138, acc: 0.9708
Epoch 519/610
19:42:34 train - loss: 0.0843, acc: 0.9829
19:42:35 valid - loss: 0.1153, acc: 0.9708
Epoch 520/610
19:42:51 train - loss: 0.0862, acc: 0.9832
19:42:52 valid - loss: 0.1099, acc: 0.9712
Epoch 521/610
19:43:07 train - loss: 0.0833, acc: 0.9829
19:43:09 valid - loss: 0.1289, acc: 0.9681
Epoch 522/610
19:43:24 train - loss: 0.0817, acc: 0.9838
19:43:25 valid - loss: 0.1133, acc: 0.9702
Epoch 523/610
19:43:40 train - loss: 0.0808, acc: 0.9841
19:43:42 valid - loss: 0.1159, acc: 0.9714
Epoch 524/610
19:43:57 train - loss: 0.0803, acc: 0.9840
19:43:59 valid - loss: 0.1197, acc: 0.9710
Epoch 525/610
19:44:14 train - loss: 0.0789, acc: 0.9839
19:44:15 valid - loss: 0.1082, acc: 0.9697
Epoch 526/610
19:44:30 train - loss: 0.0841, acc: 0.9827
19:44:32 valid - loss: 0.1106, acc: 0.9698
Epoch 527/610
19:44:47 train - loss: 0.0802, acc: 0.9833
19:44:48 valid - loss: 0.1124, acc: 0.9727
Epoch 528/610
19:45:03 train - loss: 0.0757, acc: 0.9851
19:45:05 valid - loss: 0.1132, acc: 0.9701
Epoch 529/610
19:45:20 train - loss: 0.0752, acc: 0.9853
19:45:21 valid - loss: 0.1232, acc: 0.9694
Epoch 530/610
19:45:37 train - loss: 0.0759, acc: 0.9850
19:45:38 valid - loss: 0.1235, acc: 0.9683
Epoch 531/610
19:45:53 train - loss: 0.0720, acc: 0.9862
19:45:55 valid - loss: 0.1110, acc: 0.9706
Epoch 532/610
19:46:09 train - loss: 0.0770, acc: 0.9847
19:46:11 valid - loss: 0.1111, acc: 0.9721
Epoch 533/610
19:46:26 train - loss: 0.0766, acc: 0.9846
19:46:27 valid - loss: 0.1199, acc: 0.9691
Epoch 534/610
19:46:42 train - loss: 0.0792, acc: 0.9842
19:46:44 valid - loss: 0.1157, acc: 0.9709
Epoch 535/610
19:46:59 train - loss: 0.0748, acc: 0.9853
19:47:01 valid - loss: 0.1178, acc: 0.9715
Epoch 536/610
19:47:16 train - loss: 0.0734, acc: 0.9858
19:47:18 valid - loss: 0.1128, acc: 0.9721
Epoch 537/610
19:47:32 train - loss: 0.0732, acc: 0.9855
19:47:34 valid - loss: 0.1113, acc: 0.9716
Epoch 538/610
19:47:49 train - loss: 0.0709, acc: 0.9863
19:47:50 valid - loss: 0.1208, acc: 0.9702
Epoch 539/610
19:48:05 train - loss: 0.0702, acc: 0.9864
19:48:07 valid - loss: 0.1109, acc: 0.9709
Epoch 540/610
19:48:22 train - loss: 0.0721, acc: 0.9861
19:48:24 valid - loss: 0.1087, acc: 0.9722
Epoch 541/610
19:48:39 train - loss: 0.0712, acc: 0.9863
19:48:40 valid - loss: 0.1093, acc: 0.9727
Epoch 542/610
19:48:55 train - loss: 0.0740, acc: 0.9854
19:48:57 valid - loss: 0.1102, acc: 0.9720
Epoch 543/610
19:49:12 train - loss: 0.0672, acc: 0.9872
19:49:13 valid - loss: 0.1126, acc: 0.9712
Epoch 544/610
19:49:28 train - loss: 0.0689, acc: 0.9866
19:49:30 valid - loss: 0.1182, acc: 0.9714
Epoch 545/610
19:49:45 train - loss: 0.0669, acc: 0.9873
19:49:47 valid - loss: 0.1132, acc: 0.9719
Epoch 546/610
19:50:02 train - loss: 0.0694, acc: 0.9865
19:50:04 valid - loss: 0.1093, acc: 0.9710
Epoch 547/610
19:50:19 train - loss: 0.0678, acc: 0.9869
19:50:20 valid - loss: 0.1144, acc: 0.9724
Epoch 548/610
19:50:35 train - loss: 0.0655, acc: 0.9871
19:50:37 valid - loss: 0.1113, acc: 0.9720
Epoch 549/610
19:50:52 train - loss: 0.0646, acc: 0.9878
19:50:54 valid - loss: 0.1080, acc: 0.9728
Epoch 550/610
19:51:08 train - loss: 0.0630, acc: 0.9884
19:51:10 valid - loss: 0.1098, acc: 0.9728
Epoch 551/610
19:51:25 train - loss: 0.0668, acc: 0.9869
19:51:26 valid - loss: 0.1101, acc: 0.9721
Epoch 552/610
19:51:41 train - loss: 0.0630, acc: 0.9885
19:51:43 valid - loss: 0.1101, acc: 0.9727
Epoch 553/610
19:51:58 train - loss: 0.0633, acc: 0.9879
19:51:59 valid - loss: 0.1079, acc: 0.9737
Epoch 554/610
19:52:14 train - loss: 0.0647, acc: 0.9880
19:52:16 valid - loss: 0.1076, acc: 0.9733
Epoch 555/610
19:52:31 train - loss: 0.0621, acc: 0.9883
19:52:32 valid - loss: 0.1058, acc: 0.9744
Epoch 556/610
19:52:47 train - loss: 0.0645, acc: 0.9873
19:52:49 valid - loss: 0.1047, acc: 0.9727
Epoch 557/610
19:53:04 train - loss: 0.0643, acc: 0.9880
19:53:05 valid - loss: 0.1085, acc: 0.9720
Epoch 558/610
19:53:20 train - loss: 0.0630, acc: 0.9872
19:53:22 valid - loss: 0.1082, acc: 0.9728
Epoch 559/610
19:53:36 train - loss: 0.0647, acc: 0.9875
19:53:38 valid - loss: 0.1111, acc: 0.9719
Epoch 560/610
19:53:53 train - loss: 0.0625, acc: 0.9885
19:53:54 valid - loss: 0.1124, acc: 0.9723
Epoch 561/610
19:54:09 train - loss: 0.0639, acc: 0.9878
19:54:11 valid - loss: 0.1113, acc: 0.9714
Epoch 562/610
19:54:26 train - loss: 0.0604, acc: 0.9892
19:54:27 valid - loss: 0.1108, acc: 0.9732
Epoch 563/610
19:54:42 train - loss: 0.0606, acc: 0.9882
19:54:44 valid - loss: 0.1107, acc: 0.9732
Epoch 564/610
19:54:59 train - loss: 0.0604, acc: 0.9889
19:55:01 valid - loss: 0.1084, acc: 0.9728
Epoch 565/610
19:55:16 train - loss: 0.0597, acc: 0.9886
19:55:17 valid - loss: 0.1083, acc: 0.9739
Epoch 566/610
19:55:32 train - loss: 0.0609, acc: 0.9886
19:55:34 valid - loss: 0.1068, acc: 0.9747
Epoch 567/610
19:55:49 train - loss: 0.0617, acc: 0.9884
19:55:51 valid - loss: 0.1079, acc: 0.9728
Epoch 568/610
19:56:05 train - loss: 0.0601, acc: 0.9891
19:56:07 valid - loss: 0.1086, acc: 0.9741
Epoch 569/610
19:56:22 train - loss: 0.0578, acc: 0.9891
19:56:23 valid - loss: 0.1077, acc: 0.9734
Epoch 570/610
19:56:39 train - loss: 0.0566, acc: 0.9895
19:56:40 valid - loss: 0.1092, acc: 0.9735
Epoch 571/610
19:56:55 train - loss: 0.0592, acc: 0.9885
19:56:57 valid - loss: 0.1067, acc: 0.9733
Epoch 572/610
19:57:12 train - loss: 0.0605, acc: 0.9887
19:57:13 valid - loss: 0.1043, acc: 0.9744
Epoch 573/610
19:57:28 train - loss: 0.0593, acc: 0.9882
19:57:30 valid - loss: 0.1065, acc: 0.9737
Epoch 574/610
19:57:44 train - loss: 0.0581, acc: 0.9892
19:57:46 valid - loss: 0.1090, acc: 0.9740
Epoch 575/610
19:58:01 train - loss: 0.0590, acc: 0.9890
19:58:02 valid - loss: 0.1080, acc: 0.9741
Epoch 576/610
19:58:17 train - loss: 0.0596, acc: 0.9885
19:58:19 valid - loss: 0.1096, acc: 0.9730
Epoch 577/610
19:58:34 train - loss: 0.0569, acc: 0.9899
19:58:35 valid - loss: 0.1107, acc: 0.9739
Epoch 578/610
19:58:50 train - loss: 0.0583, acc: 0.9887
19:58:52 valid - loss: 0.1107, acc: 0.9743
Epoch 579/610
19:59:07 train - loss: 0.0584, acc: 0.9887
19:59:08 valid - loss: 0.1088, acc: 0.9743
Epoch 580/610
19:59:23 train - loss: 0.0566, acc: 0.9896
19:59:25 valid - loss: 0.1100, acc: 0.9739
Epoch 581/610
19:59:40 train - loss: 0.0576, acc: 0.9891
19:59:41 valid - loss: 0.1088, acc: 0.9736
Epoch 582/610
19:59:56 train - loss: 0.0591, acc: 0.9890
19:59:58 valid - loss: 0.1093, acc: 0.9745
Epoch 583/610
20:00:13 train - loss: 0.0606, acc: 0.9884
20:00:14 valid - loss: 0.1095, acc: 0.9739
Epoch 584/610
20:00:29 train - loss: 0.0570, acc: 0.9896
20:00:31 valid - loss: 0.1083, acc: 0.9739
Epoch 585/610
20:00:46 train - loss: 0.0560, acc: 0.9894
20:00:47 valid - loss: 0.1081, acc: 0.9739
Epoch 586/610
20:01:02 train - loss: 0.0596, acc: 0.9889
20:01:04 valid - loss: 0.1079, acc: 0.9729
Epoch 587/610
20:01:18 train - loss: 0.0583, acc: 0.9892
20:01:20 valid - loss: 0.1078, acc: 0.9743
Epoch 588/610
20:01:35 train - loss: 0.0555, acc: 0.9898
20:01:36 valid - loss: 0.1071, acc: 0.9736
Epoch 589/610
20:01:51 train - loss: 0.0566, acc: 0.9899
20:01:53 valid - loss: 0.1071, acc: 0.9738
Epoch 590/610
20:02:08 train - loss: 0.0546, acc: 0.9897
20:02:09 valid - loss: 0.1075, acc: 0.9733
Epoch 591/610
20:02:24 train - loss: 0.0560, acc: 0.9899
20:02:25 valid - loss: 0.1069, acc: 0.9736
Epoch 592/610
20:02:40 train - loss: 0.0611, acc: 0.9882
20:02:42 valid - loss: 0.1065, acc: 0.9740
Epoch 593/610
20:02:57 train - loss: 0.0575, acc: 0.9894
20:02:58 valid - loss: 0.1070, acc: 0.9737
Epoch 594/610
20:03:13 train - loss: 0.0609, acc: 0.9889
20:03:15 valid - loss: 0.1068, acc: 0.9737
Epoch 595/610
20:03:29 train - loss: 0.0542, acc: 0.9902
20:03:31 valid - loss: 0.1066, acc: 0.9737
Epoch 596/610
20:03:46 train - loss: 0.0564, acc: 0.9897
20:03:47 valid - loss: 0.1063, acc: 0.9738
Epoch 597/610
20:04:02 train - loss: 0.0564, acc: 0.9900
20:04:04 valid - loss: 0.1069, acc: 0.9735
Epoch 598/610
20:04:19 train - loss: 0.0578, acc: 0.9892
20:04:21 valid - loss: 0.1066, acc: 0.9731
Epoch 599/610
20:04:36 train - loss: 0.0573, acc: 0.9893
20:04:37 valid - loss: 0.1077, acc: 0.9733
Epoch 600/610
20:04:52 train - loss: 0.0576, acc: 0.9888
20:04:53 valid - loss: 0.1067, acc: 0.9740
Epoch 601/610
20:05:08 train - loss: 0.0580, acc: 0.9890
20:05:10 valid - loss: 0.1072, acc: 0.9737
Epoch 602/610
20:05:25 train - loss: 0.0580, acc: 0.9901
20:05:26 valid - loss: 0.1054, acc: 0.9746
Epoch 603/610
20:05:41 train - loss: 0.0589, acc: 0.9890
20:05:43 valid - loss: 0.1063, acc: 0.9737
Epoch 604/610
20:05:57 train - loss: 0.0610, acc: 0.9883
20:05:59 valid - loss: 0.1079, acc: 0.9738
Epoch 605/610
20:06:14 train - loss: 0.0617, acc: 0.9884
20:06:16 valid - loss: 0.1067, acc: 0.9733
Epoch 606/610
20:06:31 train - loss: 0.0605, acc: 0.9891
20:06:32 valid - loss: 0.1063, acc: 0.9736
Epoch 607/610
20:06:47 train - loss: 0.0596, acc: 0.9890
20:06:49 valid - loss: 0.1068, acc: 0.9736
Epoch 608/610
20:07:04 train - loss: 0.0619, acc: 0.9891
20:07:05 valid - loss: 0.1059, acc: 0.9739
Epoch 609/610
20:07:20 train - loss: 0.0619, acc: 0.9884
20:07:22 valid - loss: 0.1064, acc: 0.9735
Epoch 610/610
20:07:37 train - loss: 0.0594, acc: 0.9892
20:07:39 valid - loss: 0.1059, acc: 0.9738