11:26:34 Start training
Epoch 1/910
WARNING:tensorflow:From /usr/local/lib/python3.6/dist-packages/tensorflow/python/data/ops/multi_device_iterator_ops.py:601: get_next_as_optional (from tensorflow.python.data.ops.iterator_ops) is deprecated and will be removed in a future version.
Instructions for updating:
Use `tf.data.Iterator.get_next_as_optional()` instead.
WARNING:tensorflow:From /usr/local/lib/python3.6/dist-packages/tensorflow/python/data/ops/multi_device_iterator_ops.py:601: get_next_as_optional (from tensorflow.python.data.ops.iterator_ops) is deprecated and will be removed in a future version.
Instructions for updating:
Use `tf.data.Iterator.get_next_as_optional()` instead.
11:38:18 train - loss: 3.0579, acc: 0.1742
11:39:57 valid - loss: 7.4516, acc: 0.1905
Epoch 2/910
11:40:13 train - loss: 2.5209, acc: 0.3280
11:40:14 valid - loss: 1.7589, acc: 0.3547
Epoch 3/910
11:40:29 train - loss: 2.1979, acc: 0.4170
11:40:31 valid - loss: 1.5243, acc: 0.4382
Epoch 4/910
11:40:46 train - loss: 1.9220, acc: 0.4994
11:40:48 valid - loss: 1.3079, acc: 0.5529
Epoch 5/910
11:41:03 train - loss: 1.6839, acc: 0.5649
11:41:04 valid - loss: 1.1411, acc: 0.5985
Epoch 6/910
11:41:20 train - loss: 1.4695, acc: 0.6285
11:41:21 valid - loss: 0.8957, acc: 0.6936
Epoch 7/910
11:41:36 train - loss: 1.3066, acc: 0.6721
11:41:38 valid - loss: 1.1773, acc: 0.6252
Epoch 8/910
11:41:53 train - loss: 1.1768, acc: 0.7051
11:41:55 valid - loss: 0.7684, acc: 0.7324
Epoch 9/910
11:42:10 train - loss: 1.0943, acc: 0.7285
11:42:11 valid - loss: 0.7437, acc: 0.7434
Epoch 10/910
11:42:26 train - loss: 1.0208, acc: 0.7455
11:42:28 valid - loss: 0.7498, acc: 0.7471
Epoch 11/910
11:42:43 train - loss: 0.9638, acc: 0.7634
11:42:44 valid - loss: 0.5937, acc: 0.8023
Epoch 12/910
11:42:59 train - loss: 0.8851, acc: 0.7798
11:43:01 valid - loss: 0.7322, acc: 0.7436
Epoch 13/910
11:43:16 train - loss: 0.8351, acc: 0.7940
11:43:17 valid - loss: 0.5907, acc: 0.7992
Epoch 14/910
11:43:32 train - loss: 0.8032, acc: 0.8005
11:43:34 valid - loss: 0.6886, acc: 0.7660
Epoch 15/910
11:43:49 train - loss: 0.7675, acc: 0.8110
11:43:50 valid - loss: 0.6534, acc: 0.7827
Epoch 16/910
11:44:05 train - loss: 0.7484, acc: 0.8145
11:44:07 valid - loss: 0.5865, acc: 0.7975
Epoch 17/910
11:44:22 train - loss: 0.7230, acc: 0.8229
11:44:23 valid - loss: 0.4677, acc: 0.8424
Epoch 18/910
11:44:38 train - loss: 0.6940, acc: 0.8304
11:44:40 valid - loss: 0.4623, acc: 0.8396
Epoch 19/910
11:44:54 train - loss: 0.6874, acc: 0.8309
11:44:56 valid - loss: 0.4863, acc: 0.8352
Epoch 20/910
11:45:10 train - loss: 0.6749, acc: 0.8349
11:45:12 valid - loss: 0.5068, acc: 0.8306
Epoch 21/910
11:45:27 train - loss: 0.6479, acc: 0.8423
11:45:28 valid - loss: 0.6300, acc: 0.7934
Epoch 22/910
11:45:43 train - loss: 0.6447, acc: 0.8409
11:45:45 valid - loss: 0.4344, acc: 0.8576
Epoch 23/910
11:45:59 train - loss: 0.6408, acc: 0.8427
11:46:01 valid - loss: 0.6680, acc: 0.7673
Epoch 24/910
11:46:16 train - loss: 0.6410, acc: 0.8424
11:46:17 valid - loss: 0.9721, acc: 0.7009
Epoch 25/910
11:46:32 train - loss: 0.6359, acc: 0.8443
11:46:34 valid - loss: 0.4291, acc: 0.8534
Epoch 26/910
11:46:48 train - loss: 0.6152, acc: 0.8516
11:46:50 valid - loss: 0.5401, acc: 0.8222
Epoch 27/910
11:47:05 train - loss: 0.6049, acc: 0.8530
11:47:06 valid - loss: 0.6263, acc: 0.7960
Epoch 28/910
11:47:21 train - loss: 0.6236, acc: 0.8476
11:47:23 valid - loss: 0.4608, acc: 0.8421
Epoch 29/910
11:47:37 train - loss: 0.6196, acc: 0.8486
11:47:39 valid - loss: 0.5633, acc: 0.8128
Epoch 30/910
11:47:54 train - loss: 0.6052, acc: 0.8545
11:47:56 valid - loss: 0.4917, acc: 0.8388
Epoch 31/910
11:48:10 train - loss: 0.5968, acc: 0.8546
11:48:12 valid - loss: 0.5522, acc: 0.8234
Epoch 32/910
11:48:27 train - loss: 0.5839, acc: 0.8565
11:48:28 valid - loss: 0.4456, acc: 0.8501
Epoch 33/910
11:48:43 train - loss: 0.5877, acc: 0.8572
11:48:45 valid - loss: 0.4274, acc: 0.8570
Epoch 34/910
11:49:00 train - loss: 0.5730, acc: 0.8603
11:49:01 valid - loss: 0.3801, acc: 0.8710
Epoch 35/910
11:49:16 train - loss: 0.5749, acc: 0.8605
11:49:18 valid - loss: 1.4738, acc: 0.6425
Epoch 36/910
11:49:33 train - loss: 0.5618, acc: 0.8635
11:49:34 valid - loss: 0.3689, acc: 0.8749
Epoch 37/910
11:49:49 train - loss: 0.5730, acc: 0.8606
11:49:51 valid - loss: 0.5995, acc: 0.8133
Epoch 38/910
11:50:06 train - loss: 0.5570, acc: 0.8650
11:50:07 valid - loss: 0.5489, acc: 0.8285
Epoch 39/910
11:50:22 train - loss: 0.5651, acc: 0.8620
11:50:23 valid - loss: 0.5777, acc: 0.8174
Epoch 40/910
11:50:38 train - loss: 0.5620, acc: 0.8651
11:50:40 valid - loss: 0.4737, acc: 0.8438
Epoch 41/910
11:50:55 train - loss: 0.5563, acc: 0.8658
11:50:56 valid - loss: 0.4394, acc: 0.8593
Epoch 42/910
11:51:11 train - loss: 0.5402, acc: 0.8694
11:51:13 valid - loss: 0.4902, acc: 0.8396
Epoch 43/910
11:51:28 train - loss: 0.5338, acc: 0.8701
11:51:29 valid - loss: 0.5007, acc: 0.8468
Epoch 44/910
11:51:44 train - loss: 0.5370, acc: 0.8693
11:51:45 valid - loss: 0.6007, acc: 0.8112
Epoch 45/910
11:52:00 train - loss: 0.5324, acc: 0.8707
11:52:02 valid - loss: 0.7364, acc: 0.7743
Epoch 46/910
11:52:16 train - loss: 0.5303, acc: 0.8711
11:52:18 valid - loss: 0.4908, acc: 0.8324
Epoch 47/910
11:52:33 train - loss: 0.5319, acc: 0.8725
11:52:34 valid - loss: 0.4310, acc: 0.8566
Epoch 48/910
11:52:49 train - loss: 0.5316, acc: 0.8712
11:52:51 valid - loss: 0.3881, acc: 0.8689
Epoch 49/910
11:53:06 train - loss: 0.5314, acc: 0.8722
11:53:07 valid - loss: 0.5898, acc: 0.8266
Epoch 50/910
11:53:22 train - loss: 0.5269, acc: 0.8723
11:53:24 valid - loss: 0.4460, acc: 0.8552
Epoch 51/910
11:53:39 train - loss: 0.5119, acc: 0.8769
11:53:40 valid - loss: 0.4620, acc: 0.8544
Epoch 52/910
11:53:55 train - loss: 0.5109, acc: 0.8778
11:53:57 valid - loss: 0.5808, acc: 0.8182
Epoch 53/910
11:54:12 train - loss: 0.5025, acc: 0.8792
11:54:13 valid - loss: 0.5278, acc: 0.8287
Epoch 54/910
11:54:28 train - loss: 0.5083, acc: 0.8762
11:54:29 valid - loss: 0.6337, acc: 0.8137
Epoch 55/910
11:54:44 train - loss: 0.5125, acc: 0.8760
11:54:46 valid - loss: 0.6377, acc: 0.8039
Epoch 56/910
11:55:01 train - loss: 0.5062, acc: 0.8773
11:55:02 valid - loss: 0.4087, acc: 0.8611
Epoch 57/910
11:55:17 train - loss: 0.4910, acc: 0.8808
11:55:18 valid - loss: 0.6073, acc: 0.8263
Epoch 58/910
11:55:33 train - loss: 0.5010, acc: 0.8797
11:55:35 valid - loss: 0.4606, acc: 0.8486
Epoch 59/910
11:55:50 train - loss: 0.4976, acc: 0.8800
11:55:51 valid - loss: 0.4366, acc: 0.8602
Epoch 60/910
11:56:06 train - loss: 0.4990, acc: 0.8806
11:56:08 valid - loss: 0.6102, acc: 0.8134
Epoch 61/910
11:56:23 train - loss: 0.4988, acc: 0.8792
11:56:24 valid - loss: 0.3694, acc: 0.8752
Epoch 62/910
11:56:39 train - loss: 0.4802, acc: 0.8840
11:56:41 valid - loss: 0.4771, acc: 0.8454
Epoch 63/910
11:56:56 train - loss: 0.4786, acc: 0.8857
11:56:57 valid - loss: 0.7687, acc: 0.7907
Epoch 64/910
11:57:12 train - loss: 0.4830, acc: 0.8839
11:57:14 valid - loss: 0.3522, acc: 0.8782
Epoch 65/910
11:57:28 train - loss: 0.4858, acc: 0.8823
11:57:30 valid - loss: 0.3429, acc: 0.8857
Epoch 66/910
11:57:45 train - loss: 0.4809, acc: 0.8835
11:57:46 valid - loss: 0.3714, acc: 0.8826
Epoch 67/910
11:58:01 train - loss: 0.4767, acc: 0.8848
11:58:03 valid - loss: 0.5480, acc: 0.8325
Epoch 68/910
11:58:17 train - loss: 0.4870, acc: 0.8826
11:58:19 valid - loss: 0.7403, acc: 0.7879
Epoch 69/910
11:58:34 train - loss: 0.4783, acc: 0.8851
11:58:35 valid - loss: 0.3923, acc: 0.8754
Epoch 70/910
11:58:50 train - loss: 0.4739, acc: 0.8874
11:58:52 valid - loss: 0.4046, acc: 0.8699
Epoch 71/910
11:59:07 train - loss: 0.4614, acc: 0.8887
11:59:08 valid - loss: 0.3901, acc: 0.8731
Epoch 72/910
11:59:23 train - loss: 0.4717, acc: 0.8858
11:59:25 valid - loss: 0.4949, acc: 0.8350
Epoch 73/910
11:59:39 train - loss: 0.4681, acc: 0.8878
11:59:41 valid - loss: 0.4252, acc: 0.8627
Epoch 74/910
11:59:56 train - loss: 0.4666, acc: 0.8880
11:59:57 valid - loss: 0.3207, acc: 0.8914
Epoch 75/910
12:00:12 train - loss: 0.4703, acc: 0.8874
12:00:14 valid - loss: 0.3812, acc: 0.8754
Epoch 76/910
12:00:29 train - loss: 0.4699, acc: 0.8877
12:00:30 valid - loss: 0.4217, acc: 0.8643
Epoch 77/910
12:00:45 train - loss: 0.4657, acc: 0.8885
12:00:47 valid - loss: 1.7498, acc: 0.6376
Epoch 78/910
12:01:01 train - loss: 0.4564, acc: 0.8916
12:01:03 valid - loss: 0.3271, acc: 0.8926
Epoch 79/910
12:01:18 train - loss: 0.4685, acc: 0.8882
12:01:19 valid - loss: 0.5743, acc: 0.8188
Epoch 80/910
12:01:34 train - loss: 0.4590, acc: 0.8913
12:01:36 valid - loss: 0.4730, acc: 0.8480
Epoch 81/910
12:01:51 train - loss: 0.4522, acc: 0.8923
12:01:52 valid - loss: 0.3659, acc: 0.8802
Epoch 82/910
12:02:07 train - loss: 0.4499, acc: 0.8919
12:02:09 valid - loss: 0.3936, acc: 0.8670
Epoch 83/910
12:02:23 train - loss: 0.4681, acc: 0.8877
12:02:25 valid - loss: 0.3289, acc: 0.8909
Epoch 84/910
12:02:40 train - loss: 0.4631, acc: 0.8883
12:02:41 valid - loss: 0.4474, acc: 0.8616
Epoch 85/910
12:02:56 train - loss: 0.4501, acc: 0.8925
12:02:58 valid - loss: 0.4906, acc: 0.8470
Epoch 86/910
12:03:13 train - loss: 0.4574, acc: 0.8907
12:03:14 valid - loss: 0.4826, acc: 0.8375
Epoch 87/910
12:03:29 train - loss: 0.4546, acc: 0.8914
12:03:30 valid - loss: 0.4530, acc: 0.8606
Epoch 88/910
12:03:45 train - loss: 0.4509, acc: 0.8925
12:03:47 valid - loss: 0.4271, acc: 0.8575
Epoch 89/910
12:04:02 train - loss: 0.4550, acc: 0.8894
12:04:03 valid - loss: 0.4699, acc: 0.8540
Epoch 90/910
12:04:18 train - loss: 0.4604, acc: 0.8897
12:04:19 valid - loss: 0.3700, acc: 0.8774
Epoch 91/910
12:04:34 train - loss: 0.4547, acc: 0.8916
12:04:36 valid - loss: 0.4802, acc: 0.8519
Epoch 92/910
12:04:51 train - loss: 0.4577, acc: 0.8913
12:04:53 valid - loss: 0.4248, acc: 0.8652
Epoch 93/910
12:05:07 train - loss: 0.4593, acc: 0.8905
12:05:09 valid - loss: 0.4970, acc: 0.8496
Epoch 94/910
12:05:24 train - loss: 0.4499, acc: 0.8919
12:05:25 valid - loss: 0.4212, acc: 0.8649
Epoch 95/910
12:05:40 train - loss: 0.4537, acc: 0.8916
12:05:42 valid - loss: 0.3946, acc: 0.8758
Epoch 96/910
12:05:57 train - loss: 0.4422, acc: 0.8947
12:05:58 valid - loss: 0.3755, acc: 0.8831
Epoch 97/910
12:06:13 train - loss: 0.4541, acc: 0.8921
12:06:15 valid - loss: 0.3367, acc: 0.8882
Epoch 98/910
12:06:29 train - loss: 0.4528, acc: 0.8908
12:06:31 valid - loss: 0.3433, acc: 0.8882
Epoch 99/910
12:06:46 train - loss: 0.4447, acc: 0.8944
12:06:47 valid - loss: 0.4773, acc: 0.8499
Epoch 100/910
12:07:02 train - loss: 0.4469, acc: 0.8943
12:07:04 valid - loss: 1.0901, acc: 0.7171
Epoch 101/910
12:07:19 train - loss: 0.4460, acc: 0.8936
12:07:20 valid - loss: 0.2762, acc: 0.9063
Epoch 102/910
12:07:36 train - loss: 0.4335, acc: 0.8966
12:07:37 valid - loss: 0.3920, acc: 0.8746
Epoch 103/910
12:07:52 train - loss: 0.4460, acc: 0.8927
12:07:53 valid - loss: 0.2731, acc: 0.9088
Epoch 104/910
12:08:08 train - loss: 0.4425, acc: 0.8943
12:08:10 valid - loss: 0.3863, acc: 0.8738
Epoch 105/910
12:08:25 train - loss: 0.4462, acc: 0.8929
12:08:26 valid - loss: 0.3452, acc: 0.8848
Epoch 106/910
12:08:41 train - loss: 0.4302, acc: 0.8970
12:08:43 valid - loss: 0.3667, acc: 0.8801
Epoch 107/910
12:08:58 train - loss: 0.4422, acc: 0.8940
12:08:59 valid - loss: 0.3588, acc: 0.8851
Epoch 108/910
12:09:14 train - loss: 0.4442, acc: 0.8934
12:09:16 valid - loss: 0.3851, acc: 0.8797
Epoch 109/910
12:09:31 train - loss: 0.4449, acc: 0.8939
12:09:32 valid - loss: 0.4519, acc: 0.8618
Epoch 110/910
12:09:47 train - loss: 0.4418, acc: 0.8944
12:09:48 valid - loss: 0.3420, acc: 0.8892
Epoch 111/910
12:10:03 train - loss: 0.4418, acc: 0.8943
12:10:05 valid - loss: 0.3908, acc: 0.8737
Epoch 112/910
12:10:20 train - loss: 0.4373, acc: 0.8954
12:10:21 valid - loss: 0.3261, acc: 0.8949
Epoch 113/910
12:10:36 train - loss: 0.4371, acc: 0.8961
12:10:38 valid - loss: 0.3394, acc: 0.8917
Epoch 114/910
12:10:53 train - loss: 0.4241, acc: 0.8989
12:10:54 valid - loss: 0.3927, acc: 0.8761
Epoch 115/910
12:11:09 train - loss: 0.4391, acc: 0.8943
12:11:11 valid - loss: 0.4580, acc: 0.8569
Epoch 116/910
12:11:26 train - loss: 0.4405, acc: 0.8947
12:11:27 valid - loss: 0.3477, acc: 0.8878
Epoch 117/910
12:11:42 train - loss: 0.4388, acc: 0.8960
12:11:44 valid - loss: 0.2860, acc: 0.9074
Epoch 118/910
12:11:58 train - loss: 0.4355, acc: 0.8970
12:12:00 valid - loss: 0.3868, acc: 0.8804
Epoch 119/910
12:12:15 train - loss: 0.4328, acc: 0.8962
12:12:16 valid - loss: 0.6084, acc: 0.8149
Epoch 120/910
12:12:31 train - loss: 0.4297, acc: 0.8979
12:12:33 valid - loss: 0.6009, acc: 0.8159
Epoch 121/910
12:12:48 train - loss: 0.4439, acc: 0.8935
12:12:49 valid - loss: 0.3072, acc: 0.8974
Epoch 122/910
12:13:04 train - loss: 0.4420, acc: 0.8960
12:13:05 valid - loss: 0.5056, acc: 0.8478
Epoch 123/910
12:13:20 train - loss: 0.4334, acc: 0.8968
12:13:22 valid - loss: 0.4688, acc: 0.8618
Epoch 124/910
12:13:37 train - loss: 0.4325, acc: 0.8957
12:13:38 valid - loss: 0.2701, acc: 0.9126
Epoch 125/910
12:13:53 train - loss: 0.4296, acc: 0.8968
12:13:55 valid - loss: 0.3887, acc: 0.8804
Epoch 126/910
12:14:10 train - loss: 0.4370, acc: 0.8964
12:14:11 valid - loss: 0.3369, acc: 0.8926
Epoch 127/910
12:14:26 train - loss: 0.4296, acc: 0.8971
12:14:28 valid - loss: 0.4713, acc: 0.8512
Epoch 128/910
12:14:42 train - loss: 0.4287, acc: 0.8969
12:14:44 valid - loss: 0.2811, acc: 0.9096
Epoch 129/910
12:14:59 train - loss: 0.4323, acc: 0.8963
12:15:00 valid - loss: 0.4170, acc: 0.8716
Epoch 130/910
12:15:15 train - loss: 0.4237, acc: 0.8996
12:15:17 valid - loss: 0.3336, acc: 0.8955
Epoch 131/910
12:15:32 train - loss: 0.4293, acc: 0.8977
12:15:33 valid - loss: 0.3921, acc: 0.8755
Epoch 132/910
12:15:48 train - loss: 0.4336, acc: 0.8964
12:15:50 valid - loss: 0.5573, acc: 0.8350
Epoch 133/910
12:16:05 train - loss: 0.4338, acc: 0.8945
12:16:06 valid - loss: 0.3796, acc: 0.8780
Epoch 134/910
12:16:21 train - loss: 0.4253, acc: 0.8988
12:16:22 valid - loss: 0.5566, acc: 0.8330
Epoch 135/910
12:16:37 train - loss: 0.4317, acc: 0.8967
12:16:39 valid - loss: 0.7762, acc: 0.7693
Epoch 136/910
12:16:54 train - loss: 0.4296, acc: 0.8978
12:16:55 valid - loss: 0.3377, acc: 0.8908
Epoch 137/910
12:17:10 train - loss: 0.4183, acc: 0.8998
12:17:12 valid - loss: 0.8451, acc: 0.7925
Epoch 138/910
12:17:27 train - loss: 0.4340, acc: 0.8974
12:17:28 valid - loss: 0.2999, acc: 0.9054
Epoch 139/910
12:17:43 train - loss: 0.4358, acc: 0.8958
12:17:44 valid - loss: 0.4645, acc: 0.8570
Epoch 140/910
12:17:59 train - loss: 0.4335, acc: 0.8961
12:18:01 valid - loss: 0.5889, acc: 0.8284
Epoch 141/910
12:18:16 train - loss: 0.4285, acc: 0.8979
12:18:17 valid - loss: 0.6209, acc: 0.8034
Epoch 142/910
12:18:32 train - loss: 0.4254, acc: 0.8986
12:18:34 valid - loss: 0.4283, acc: 0.8718
Epoch 143/910
12:18:48 train - loss: 0.4248, acc: 0.8986
12:18:50 valid - loss: 0.4869, acc: 0.8484
Epoch 144/910
12:19:05 train - loss: 0.4257, acc: 0.8987
12:19:06 valid - loss: 0.4264, acc: 0.8702
Epoch 145/910
12:19:21 train - loss: 0.4203, acc: 0.8995
12:19:23 valid - loss: 0.3264, acc: 0.8943
Epoch 146/910
12:19:37 train - loss: 0.4346, acc: 0.8974
12:19:39 valid - loss: 0.4006, acc: 0.8655
Epoch 147/910
12:19:54 train - loss: 0.4314, acc: 0.8981
12:19:55 valid - loss: 0.4421, acc: 0.8583
Epoch 148/910
12:20:10 train - loss: 0.4158, acc: 0.9017
12:20:11 valid - loss: 0.3585, acc: 0.8831
Epoch 149/910
12:20:26 train - loss: 0.4260, acc: 0.8959
12:20:28 valid - loss: 0.4148, acc: 0.8626
Epoch 150/910
12:20:43 train - loss: 0.4397, acc: 0.8950
12:20:44 valid - loss: 0.3843, acc: 0.8746
Epoch 151/910
12:20:59 train - loss: 0.4224, acc: 0.8997
12:21:01 valid - loss: 0.3575, acc: 0.8927
Epoch 152/910
12:21:16 train - loss: 0.4148, acc: 0.9018
12:21:17 valid - loss: 0.3489, acc: 0.8937
Epoch 153/910
12:21:32 train - loss: 0.4329, acc: 0.8967
12:21:34 valid - loss: 0.3263, acc: 0.8934
Epoch 154/910
12:21:49 train - loss: 0.4215, acc: 0.8994
12:21:50 valid - loss: 0.4424, acc: 0.8633
Epoch 155/910
12:22:05 train - loss: 0.4199, acc: 0.9002
12:22:07 valid - loss: 0.3013, acc: 0.9000
Epoch 156/910
12:22:21 train - loss: 0.4257, acc: 0.8986
12:22:23 valid - loss: 0.3779, acc: 0.8803
Epoch 157/910
12:22:38 train - loss: 0.4196, acc: 0.9003
12:22:39 valid - loss: 0.3362, acc: 0.8938
Epoch 158/910
12:22:54 train - loss: 0.4260, acc: 0.8990
12:22:56 valid - loss: 0.2785, acc: 0.9129
Epoch 159/910
12:23:10 train - loss: 0.4250, acc: 0.8986
12:23:12 valid - loss: 0.2797, acc: 0.9059
Epoch 160/910
12:23:27 train - loss: 0.4227, acc: 0.8992
12:23:28 valid - loss: 0.3437, acc: 0.8876
Epoch 161/910
12:23:43 train - loss: 0.4141, acc: 0.9029
12:23:45 valid - loss: 0.3298, acc: 0.8938
Epoch 162/910
12:23:59 train - loss: 0.4189, acc: 0.8997
12:24:01 valid - loss: 0.3282, acc: 0.8969
Epoch 163/910
12:24:16 train - loss: 0.4119, acc: 0.9018
12:24:17 valid - loss: 0.3316, acc: 0.8961
Epoch 164/910
12:24:32 train - loss: 0.4219, acc: 0.8988
12:24:34 valid - loss: 0.2846, acc: 0.9029
Epoch 165/910
12:24:49 train - loss: 0.4181, acc: 0.9001
12:24:50 valid - loss: 0.3698, acc: 0.8817
Epoch 166/910
12:25:05 train - loss: 0.4302, acc: 0.8979
12:25:07 valid - loss: 0.2642, acc: 0.9091
Epoch 167/910
12:25:21 train - loss: 0.4158, acc: 0.9005
12:25:23 valid - loss: 0.3591, acc: 0.8838
Epoch 168/910
12:25:38 train - loss: 0.4282, acc: 0.8986
12:25:39 valid - loss: 0.4707, acc: 0.8629
Epoch 169/910
12:25:54 train - loss: 0.4101, acc: 0.9013
12:25:56 valid - loss: 0.2840, acc: 0.9052
Epoch 170/910
12:26:11 train - loss: 0.4153, acc: 0.9017
12:26:13 valid - loss: 0.4230, acc: 0.8705
Epoch 171/910
12:26:27 train - loss: 0.4109, acc: 0.9021
12:26:29 valid - loss: 0.4397, acc: 0.8632
Epoch 172/910
12:26:44 train - loss: 0.4183, acc: 0.8996
12:26:45 valid - loss: 0.4041, acc: 0.8732
Epoch 173/910
12:27:00 train - loss: 0.4162, acc: 0.9013
12:27:02 valid - loss: 0.3552, acc: 0.8825
Epoch 174/910
12:27:17 train - loss: 0.4298, acc: 0.8969
12:27:18 valid - loss: 0.2682, acc: 0.9101
Epoch 175/910
12:27:33 train - loss: 0.4085, acc: 0.9034
12:27:35 valid - loss: 0.3308, acc: 0.8970
Epoch 176/910
12:27:50 train - loss: 0.4216, acc: 0.8988
12:27:51 valid - loss: 0.4123, acc: 0.8706
Epoch 177/910
12:28:06 train - loss: 0.4101, acc: 0.9033
12:28:08 valid - loss: 0.3297, acc: 0.8946
Epoch 178/910
12:28:22 train - loss: 0.4224, acc: 0.8998
12:28:24 valid - loss: 0.3152, acc: 0.8989
Epoch 179/910
12:28:39 train - loss: 0.4165, acc: 0.9007
12:28:40 valid - loss: 0.3423, acc: 0.8842
Epoch 180/910
12:28:55 train - loss: 0.4112, acc: 0.9019
12:28:57 valid - loss: 0.3483, acc: 0.8826
Epoch 181/910
12:29:11 train - loss: 0.4192, acc: 0.8993
12:29:13 valid - loss: 0.3305, acc: 0.8882
Epoch 182/910
12:29:28 train - loss: 0.4175, acc: 0.9000
12:29:29 valid - loss: 0.3228, acc: 0.8898
Epoch 183/910
12:29:44 train - loss: 0.4189, acc: 0.9012
12:29:46 valid - loss: 0.3761, acc: 0.8831
Epoch 184/910
12:30:00 train - loss: 0.4181, acc: 0.9009
12:30:02 valid - loss: 0.3145, acc: 0.8998
Epoch 185/910
12:30:17 train - loss: 0.4149, acc: 0.9028
12:30:18 valid - loss: 0.4164, acc: 0.8616
Epoch 186/910
12:30:34 train - loss: 0.4161, acc: 0.9006
12:30:35 valid - loss: 0.2959, acc: 0.9042
Epoch 187/910
12:30:50 train - loss: 0.4124, acc: 0.9046
12:30:52 valid - loss: 0.3572, acc: 0.8818
Epoch 188/910
12:31:06 train - loss: 0.4142, acc: 0.9032
12:31:08 valid - loss: 0.4402, acc: 0.8646
Epoch 189/910
12:31:23 train - loss: 0.4166, acc: 0.9015
12:31:24 valid - loss: 0.4543, acc: 0.8595
Epoch 190/910
12:31:39 train - loss: 0.4381, acc: 0.8947
12:31:40 valid - loss: 0.2835, acc: 0.9084
Epoch 191/910
12:31:55 train - loss: 0.4171, acc: 0.9012
12:31:57 valid - loss: 0.2808, acc: 0.9029
Epoch 192/910
12:32:12 train - loss: 0.4220, acc: 0.8986
12:32:13 valid - loss: 0.4231, acc: 0.8701
Epoch 193/910
12:32:28 train - loss: 0.4185, acc: 0.9003
12:32:30 valid - loss: 0.2624, acc: 0.9160
Epoch 194/910
12:32:45 train - loss: 0.4087, acc: 0.9016
12:32:46 valid - loss: 0.3221, acc: 0.8940
Epoch 195/910
12:33:01 train - loss: 0.4184, acc: 0.9007
12:33:02 valid - loss: 0.2926, acc: 0.9059
Epoch 196/910
12:33:17 train - loss: 0.4213, acc: 0.8985
12:33:19 valid - loss: 0.3320, acc: 0.8926
Epoch 197/910
12:33:34 train - loss: 0.4176, acc: 0.8995
12:33:35 valid - loss: 0.4345, acc: 0.8620
Epoch 198/910
12:33:50 train - loss: 0.4174, acc: 0.9000
12:33:52 valid - loss: 0.3737, acc: 0.8776
Epoch 199/910
12:34:07 train - loss: 0.4286, acc: 0.8971
12:34:08 valid - loss: 0.2836, acc: 0.9051
Epoch 200/910
12:34:23 train - loss: 0.4023, acc: 0.9039
12:34:25 valid - loss: 0.2990, acc: 0.9076
Epoch 201/910
12:34:40 train - loss: 0.4127, acc: 0.9015
12:34:41 valid - loss: 0.2800, acc: 0.9105
Epoch 202/910
12:34:56 train - loss: 0.4114, acc: 0.9020
12:34:58 valid - loss: 0.2592, acc: 0.9188
Epoch 203/910
12:35:13 train - loss: 0.4202, acc: 0.9009
12:35:14 valid - loss: 0.4752, acc: 0.8601
Epoch 204/910
12:35:29 train - loss: 0.4133, acc: 0.9006
12:35:31 valid - loss: 0.3813, acc: 0.8800
Epoch 205/910
12:35:45 train - loss: 0.4156, acc: 0.9006
12:35:47 valid - loss: 0.3089, acc: 0.8999
Epoch 206/910
12:36:02 train - loss: 0.4192, acc: 0.9010
12:36:03 valid - loss: 0.2783, acc: 0.9017
Epoch 207/910
12:36:19 train - loss: 0.4145, acc: 0.9015
12:36:20 valid - loss: 0.3123, acc: 0.9014
Epoch 208/910
12:36:35 train - loss: 0.4100, acc: 0.9026
12:36:36 valid - loss: 0.4005, acc: 0.8757
Epoch 209/910
12:36:51 train - loss: 0.4062, acc: 0.9027
12:36:53 valid - loss: 0.2661, acc: 0.9189
Epoch 210/910
12:37:08 train - loss: 0.4134, acc: 0.9009
12:37:09 valid - loss: 0.3804, acc: 0.8840
Epoch 211/910
12:37:24 train - loss: 0.4233, acc: 0.9000
12:37:26 valid - loss: 0.2664, acc: 0.9100
Epoch 212/910
12:37:41 train - loss: 0.4102, acc: 0.9038
12:37:42 valid - loss: 0.3585, acc: 0.8870
Epoch 213/910
12:37:57 train - loss: 0.4160, acc: 0.9003
12:37:59 valid - loss: 0.5079, acc: 0.8471
Epoch 214/910
12:38:14 train - loss: 0.4073, acc: 0.9043
12:38:15 valid - loss: 0.3164, acc: 0.9022
Epoch 215/910
12:38:30 train - loss: 0.4196, acc: 0.9003
12:38:32 valid - loss: 0.3372, acc: 0.8949
Epoch 216/910
12:38:47 train - loss: 0.4122, acc: 0.9020
12:38:48 valid - loss: 0.4031, acc: 0.8729
Epoch 217/910
12:39:03 train - loss: 0.4202, acc: 0.9000
12:39:05 valid - loss: 0.2743, acc: 0.9069
Epoch 218/910
12:39:19 train - loss: 0.4205, acc: 0.8995
12:39:21 valid - loss: 0.4405, acc: 0.8688
Epoch 219/910
12:39:36 train - loss: 0.3983, acc: 0.9062
12:39:37 valid - loss: 0.4605, acc: 0.8506
Epoch 220/910
12:39:52 train - loss: 0.4187, acc: 0.9004
12:39:54 valid - loss: 0.3615, acc: 0.8866
Epoch 221/910
12:40:08 train - loss: 0.4099, acc: 0.9017
12:40:10 valid - loss: 0.2686, acc: 0.9089
Epoch 222/910
12:40:25 train - loss: 0.4174, acc: 0.9004
12:40:27 valid - loss: 0.5014, acc: 0.8539
Epoch 223/910
12:40:42 train - loss: 0.4132, acc: 0.9016
12:40:43 valid - loss: 0.2214, acc: 0.9278
Epoch 224/910
12:40:58 train - loss: 0.4128, acc: 0.9029
12:41:00 valid - loss: 0.3349, acc: 0.8901
Epoch 225/910
12:41:15 train - loss: 0.4042, acc: 0.9042
12:41:16 valid - loss: 0.3156, acc: 0.8996
Epoch 226/910
12:41:31 train - loss: 0.4067, acc: 0.9031
12:41:33 valid - loss: 0.2927, acc: 0.9051
Epoch 227/910
12:41:48 train - loss: 0.4093, acc: 0.9030
12:41:49 valid - loss: 0.2808, acc: 0.9068
Epoch 228/910
12:42:04 train - loss: 0.4106, acc: 0.9012
12:42:06 valid - loss: 0.2642, acc: 0.9147
Epoch 229/910
12:42:21 train - loss: 0.4171, acc: 0.9021
12:42:22 valid - loss: 0.3620, acc: 0.8793
Epoch 230/910
12:42:37 train - loss: 0.4123, acc: 0.9038
12:42:38 valid - loss: 0.2728, acc: 0.9100
Epoch 231/910
12:42:53 train - loss: 0.4082, acc: 0.9033
12:42:55 valid - loss: 0.3340, acc: 0.8923
Epoch 232/910
12:43:10 train - loss: 0.4089, acc: 0.9028
12:43:11 valid - loss: 0.2956, acc: 0.9102
Epoch 233/910
12:43:26 train - loss: 0.4133, acc: 0.9030
12:43:28 valid - loss: 0.3179, acc: 0.8944
Epoch 234/910
12:43:43 train - loss: 0.4030, acc: 0.9053
12:43:44 valid - loss: 0.4369, acc: 0.8701
Epoch 235/910
12:43:59 train - loss: 0.4033, acc: 0.9044
12:44:00 valid - loss: 0.3297, acc: 0.8945
Epoch 236/910
12:44:15 train - loss: 0.4139, acc: 0.9014
12:44:17 valid - loss: 0.2735, acc: 0.9140
Epoch 237/910
12:44:32 train - loss: 0.4062, acc: 0.9018
12:44:33 valid - loss: 0.2964, acc: 0.9040
Epoch 238/910
12:44:48 train - loss: 0.4206, acc: 0.8991
12:44:49 valid - loss: 0.3097, acc: 0.9006
Epoch 239/910
12:45:04 train - loss: 0.4116, acc: 0.9023
12:45:06 valid - loss: 0.2654, acc: 0.9140
Epoch 240/910
12:45:21 train - loss: 0.4051, acc: 0.9036
12:45:23 valid - loss: 0.4133, acc: 0.8805
Epoch 241/910
12:45:37 train - loss: 0.4095, acc: 0.9020
12:45:39 valid - loss: 0.3947, acc: 0.8810
Epoch 242/910
12:45:54 train - loss: 0.4053, acc: 0.9041
12:45:55 valid - loss: 0.3477, acc: 0.8938
Epoch 243/910
12:46:10 train - loss: 0.4188, acc: 0.9016
12:46:12 valid - loss: 0.3428, acc: 0.8906
Epoch 244/910
12:46:26 train - loss: 0.4012, acc: 0.9043
12:46:28 valid - loss: 0.3599, acc: 0.8904
Epoch 245/910
12:46:43 train - loss: 0.4032, acc: 0.9036
12:46:45 valid - loss: 0.3543, acc: 0.8876
Epoch 246/910
12:46:59 train - loss: 0.4106, acc: 0.9020
12:47:01 valid - loss: 0.3005, acc: 0.9008
Epoch 247/910
12:47:16 train - loss: 0.4080, acc: 0.9028
12:47:18 valid - loss: 0.3916, acc: 0.8757
Epoch 248/910
12:47:33 train - loss: 0.3996, acc: 0.9049
12:47:34 valid - loss: 0.3821, acc: 0.8770
Epoch 249/910
12:47:49 train - loss: 0.4034, acc: 0.9048
12:47:50 valid - loss: 0.3063, acc: 0.9008
Epoch 250/910
12:48:05 train - loss: 0.4064, acc: 0.9038
12:48:07 valid - loss: 0.3097, acc: 0.9034
Epoch 251/910
12:48:22 train - loss: 0.4040, acc: 0.9039
12:48:23 valid - loss: 0.2680, acc: 0.9164
Epoch 252/910
12:48:38 train - loss: 0.4015, acc: 0.9045
12:48:40 valid - loss: 0.2942, acc: 0.9025
Epoch 253/910
12:48:54 train - loss: 0.4061, acc: 0.9043
12:48:56 valid - loss: 0.4773, acc: 0.8598
Epoch 254/910
12:49:11 train - loss: 0.4026, acc: 0.9051
12:49:12 valid - loss: 0.3854, acc: 0.8754
Epoch 255/910
12:49:27 train - loss: 0.3986, acc: 0.9059
12:49:29 valid - loss: 0.2998, acc: 0.9036
Epoch 256/910
12:49:43 train - loss: 0.3998, acc: 0.9057
12:49:45 valid - loss: 0.2988, acc: 0.9036
Epoch 257/910
12:50:00 train - loss: 0.4047, acc: 0.9053
12:50:01 valid - loss: 0.3084, acc: 0.8992
Epoch 258/910
12:50:16 train - loss: 0.4111, acc: 0.9037
12:50:18 valid - loss: 0.2600, acc: 0.9142
Epoch 259/910
12:50:33 train - loss: 0.3997, acc: 0.9060
12:50:34 valid - loss: 0.3271, acc: 0.8945
Epoch 260/910
12:50:49 train - loss: 0.4059, acc: 0.9046
12:50:51 valid - loss: 0.3420, acc: 0.8916
Epoch 261/910
12:51:06 train - loss: 0.4039, acc: 0.9034
12:51:07 valid - loss: 0.2771, acc: 0.9110
Epoch 262/910
12:51:22 train - loss: 0.4045, acc: 0.9037
12:51:24 valid - loss: 0.5189, acc: 0.8525
Epoch 263/910
12:51:39 train - loss: 0.3978, acc: 0.9056
12:51:40 valid - loss: 0.4022, acc: 0.8757
Epoch 264/910
12:51:55 train - loss: 0.4032, acc: 0.9057
12:51:57 valid - loss: 0.4540, acc: 0.8735
Epoch 265/910
12:52:12 train - loss: 0.4050, acc: 0.9052
12:52:13 valid - loss: 0.3846, acc: 0.8811
Epoch 266/910
12:52:28 train - loss: 0.4088, acc: 0.9024
12:52:30 valid - loss: 0.2367, acc: 0.9206
Epoch 267/910
12:52:45 train - loss: 0.3969, acc: 0.9065
12:52:46 valid - loss: 0.3738, acc: 0.8853
Epoch 268/910
12:53:01 train - loss: 0.3956, acc: 0.9066
12:53:03 valid - loss: 0.4672, acc: 0.8572
Epoch 269/910
12:53:18 train - loss: 0.4101, acc: 0.9026
12:53:19 valid - loss: 0.3840, acc: 0.8845
Epoch 270/910
12:53:34 train - loss: 0.4056, acc: 0.9038
12:53:35 valid - loss: 0.2727, acc: 0.9136
Epoch 271/910
12:53:50 train - loss: 0.4071, acc: 0.9041
12:53:52 valid - loss: 0.2612, acc: 0.9177
Epoch 272/910
12:54:07 train - loss: 0.3947, acc: 0.9055
12:54:08 valid - loss: 0.2886, acc: 0.9025
Epoch 273/910
12:54:23 train - loss: 0.4077, acc: 0.9040
12:54:25 valid - loss: 0.2192, acc: 0.9255
Epoch 274/910
12:54:39 train - loss: 0.4007, acc: 0.9051
12:54:41 valid - loss: 0.2162, acc: 0.9285
Epoch 275/910
12:54:56 train - loss: 0.4018, acc: 0.9036
12:54:57 valid - loss: 0.2843, acc: 0.9110
Epoch 276/910
12:55:12 train - loss: 0.3989, acc: 0.9055
12:55:14 valid - loss: 0.2917, acc: 0.9117
Epoch 277/910
12:55:29 train - loss: 0.4028, acc: 0.9043
12:55:30 valid - loss: 0.3102, acc: 0.9040
Epoch 278/910
12:55:45 train - loss: 0.3947, acc: 0.9067
12:55:47 valid - loss: 0.2786, acc: 0.9112
Epoch 279/910
12:56:02 train - loss: 0.4009, acc: 0.9052
12:56:03 valid - loss: 0.3883, acc: 0.8775
Epoch 280/910
12:56:18 train - loss: 0.3953, acc: 0.9067
12:56:19 valid - loss: 0.5929, acc: 0.8324
Epoch 281/910
12:56:34 train - loss: 0.4047, acc: 0.9031
12:56:36 valid - loss: 0.3408, acc: 0.8872
Epoch 282/910
12:56:51 train - loss: 0.3982, acc: 0.9052
12:56:52 valid - loss: 0.2667, acc: 0.9174
Epoch 283/910
12:57:07 train - loss: 0.4004, acc: 0.9040
12:57:09 valid - loss: 0.2623, acc: 0.9135
Epoch 284/910
12:57:24 train - loss: 0.4011, acc: 0.9054
12:57:25 valid - loss: 0.2823, acc: 0.9075
Epoch 285/910
12:57:40 train - loss: 0.3999, acc: 0.9048
12:57:41 valid - loss: 0.3540, acc: 0.8921
Epoch 286/910
12:57:56 train - loss: 0.4055, acc: 0.9042
12:57:58 valid - loss: 0.3618, acc: 0.8903
Epoch 287/910
12:58:12 train - loss: 0.3993, acc: 0.9039
12:58:14 valid - loss: 0.2817, acc: 0.9103
Epoch 288/910
12:58:29 train - loss: 0.3924, acc: 0.9068
12:58:31 valid - loss: 0.3912, acc: 0.8856
Epoch 289/910
12:58:45 train - loss: 0.4048, acc: 0.9038
12:58:47 valid - loss: 0.4278, acc: 0.8664
Epoch 290/910
12:59:02 train - loss: 0.3993, acc: 0.9052
12:59:03 valid - loss: 0.2560, acc: 0.9195
Epoch 291/910
12:59:18 train - loss: 0.3949, acc: 0.9063
12:59:20 valid - loss: 0.3892, acc: 0.8836
Epoch 292/910
12:59:35 train - loss: 0.3903, acc: 0.9077
12:59:36 valid - loss: 0.2754, acc: 0.9095
Epoch 293/910
12:59:51 train - loss: 0.3961, acc: 0.9066
12:59:52 valid - loss: 0.3661, acc: 0.8775
Epoch 294/910
13:00:08 train - loss: 0.3964, acc: 0.9064
13:00:09 valid - loss: 0.2968, acc: 0.9081
Epoch 295/910
13:00:24 train - loss: 0.3943, acc: 0.9076
13:00:25 valid - loss: 0.2616, acc: 0.9113
Epoch 296/910
13:00:40 train - loss: 0.3925, acc: 0.9059
13:00:42 valid - loss: 0.2696, acc: 0.9121
Epoch 297/910
13:00:57 train - loss: 0.3908, acc: 0.9080
13:00:58 valid - loss: 0.2720, acc: 0.9112
Epoch 298/910
13:01:13 train - loss: 0.3960, acc: 0.9060
13:01:15 valid - loss: 0.2693, acc: 0.9126
Epoch 299/910
13:01:30 train - loss: 0.3865, acc: 0.9084
13:01:31 valid - loss: 0.2813, acc: 0.9096
Epoch 300/910
13:01:46 train - loss: 0.3896, acc: 0.9081
13:01:47 valid - loss: 0.2528, acc: 0.9179
Epoch 301/910
13:02:02 train - loss: 0.3983, acc: 0.9056
13:02:04 valid - loss: 0.2382, acc: 0.9208
Epoch 302/910
13:02:19 train - loss: 0.3926, acc: 0.9069
13:02:20 valid - loss: 0.2852, acc: 0.9084
Epoch 303/910
13:02:35 train - loss: 0.3849, acc: 0.9093
13:02:36 valid - loss: 0.2868, acc: 0.9081
Epoch 304/910
13:02:52 train - loss: 0.3858, acc: 0.9075
13:02:53 valid - loss: 0.3688, acc: 0.8932
Epoch 305/910
13:03:08 train - loss: 0.4028, acc: 0.9054
13:03:09 valid - loss: 0.2802, acc: 0.9088
Epoch 306/910
13:03:24 train - loss: 0.3975, acc: 0.9054
13:03:26 valid - loss: 0.2463, acc: 0.9229
Epoch 307/910
13:03:41 train - loss: 0.3971, acc: 0.9065
13:03:42 valid - loss: 0.2557, acc: 0.9179
Epoch 308/910
13:03:57 train - loss: 0.3917, acc: 0.9081
13:03:58 valid - loss: 0.2901, acc: 0.9064
Epoch 309/910
13:04:13 train - loss: 0.3906, acc: 0.9080
13:04:15 valid - loss: 0.1993, acc: 0.9318
Epoch 310/910
13:04:29 train - loss: 0.3965, acc: 0.9056
13:04:31 valid - loss: 0.4068, acc: 0.8789
Epoch 311/910
13:04:46 train - loss: 0.3946, acc: 0.9065
13:04:47 valid - loss: 0.2597, acc: 0.9206
Epoch 312/910
13:05:02 train - loss: 0.3837, acc: 0.9094
13:05:04 valid - loss: 0.2609, acc: 0.9149
Epoch 313/910
13:05:18 train - loss: 0.3926, acc: 0.9070
13:05:20 valid - loss: 0.3946, acc: 0.8737
Epoch 314/910
13:05:35 train - loss: 0.3847, acc: 0.9100
13:05:37 valid - loss: 0.3113, acc: 0.9094
Epoch 315/910
13:05:51 train - loss: 0.3930, acc: 0.9067
13:05:53 valid - loss: 0.2702, acc: 0.9154
Epoch 316/910
13:06:08 train - loss: 0.3838, acc: 0.9102
13:06:09 valid - loss: 0.2524, acc: 0.9223
Epoch 317/910
13:06:24 train - loss: 0.4007, acc: 0.9060
13:06:25 valid - loss: 0.2734, acc: 0.9147
Epoch 318/910
13:06:40 train - loss: 0.3855, acc: 0.9095
13:06:42 valid - loss: 0.2818, acc: 0.9057
Epoch 319/910
13:06:57 train - loss: 0.3882, acc: 0.9075
13:06:58 valid - loss: 0.4219, acc: 0.8700
Epoch 320/910
13:07:13 train - loss: 0.3941, acc: 0.9067
13:07:14 valid - loss: 0.2554, acc: 0.9185
Epoch 321/910
13:07:29 train - loss: 0.3846, acc: 0.9090
13:07:31 valid - loss: 0.3423, acc: 0.8990
Epoch 322/910
13:07:46 train - loss: 0.3836, acc: 0.9090
13:07:48 valid - loss: 0.4962, acc: 0.8655
Epoch 323/910
13:08:03 train - loss: 0.3976, acc: 0.9049
13:08:04 valid - loss: 0.3179, acc: 0.8993
Epoch 324/910
13:08:19 train - loss: 0.3949, acc: 0.9076
13:08:21 valid - loss: 0.1997, acc: 0.9334
Epoch 325/910
13:08:36 train - loss: 0.3794, acc: 0.9101
13:08:37 valid - loss: 0.2572, acc: 0.9186
Epoch 326/910
13:08:52 train - loss: 0.3871, acc: 0.9090
13:08:54 valid - loss: 0.2502, acc: 0.9177
Epoch 327/910
13:09:08 train - loss: 0.3950, acc: 0.9056
13:09:10 valid - loss: 0.3585, acc: 0.8896
Epoch 328/910
13:09:25 train - loss: 0.3950, acc: 0.9073
13:09:26 valid - loss: 0.2328, acc: 0.9239
Epoch 329/910
13:09:42 train - loss: 0.3860, acc: 0.9085
13:09:43 valid - loss: 0.3292, acc: 0.8956
Epoch 330/910
13:09:58 train - loss: 0.3851, acc: 0.9098
13:10:00 valid - loss: 0.2362, acc: 0.9229
Epoch 331/910
13:10:15 train - loss: 0.3815, acc: 0.9096
13:10:16 valid - loss: 0.3664, acc: 0.8881
Epoch 332/910
13:10:31 train - loss: 0.3909, acc: 0.9062
13:10:33 valid - loss: 0.3294, acc: 0.8952
Epoch 333/910
13:10:48 train - loss: 0.3891, acc: 0.9077
13:10:50 valid - loss: 0.2817, acc: 0.9104
Epoch 334/910
13:11:05 train - loss: 0.3829, acc: 0.9102
13:11:07 valid - loss: 0.2485, acc: 0.9208
Epoch 335/910
13:11:22 train - loss: 0.3822, acc: 0.9116
13:11:23 valid - loss: 0.2804, acc: 0.9130
Epoch 336/910
13:11:38 train - loss: 0.3856, acc: 0.9079
13:11:40 valid - loss: 0.2606, acc: 0.9161
Epoch 337/910
13:11:55 train - loss: 0.3944, acc: 0.9064
13:11:56 valid - loss: 0.2561, acc: 0.9156
Epoch 338/910
13:12:12 train - loss: 0.3867, acc: 0.9081
13:12:13 valid - loss: 0.3250, acc: 0.9039
Epoch 339/910
13:12:28 train - loss: 0.3758, acc: 0.9116
13:12:30 valid - loss: 0.3059, acc: 0.9060
Epoch 340/910
13:12:45 train - loss: 0.3812, acc: 0.9093
13:12:46 valid - loss: 0.3053, acc: 0.9019
Epoch 341/910
13:13:01 train - loss: 0.3893, acc: 0.9078
13:13:02 valid - loss: 0.2640, acc: 0.9168
Epoch 342/910
13:13:17 train - loss: 0.3996, acc: 0.9050
13:13:19 valid - loss: 0.3167, acc: 0.8982
Epoch 343/910
13:13:34 train - loss: 0.3786, acc: 0.9119
13:13:36 valid - loss: 0.2543, acc: 0.9175
Epoch 344/910
13:13:51 train - loss: 0.3696, acc: 0.9110
13:13:52 valid - loss: 0.2625, acc: 0.9145
Epoch 345/910
13:14:07 train - loss: 0.3837, acc: 0.9086
13:14:09 valid - loss: 0.2660, acc: 0.9184
Epoch 346/910
13:14:24 train - loss: 0.3777, acc: 0.9106
13:14:25 valid - loss: 0.2353, acc: 0.9233
Epoch 347/910
13:14:40 train - loss: 0.3858, acc: 0.9092
13:14:42 valid - loss: 0.2655, acc: 0.9156
Epoch 348/910
13:14:57 train - loss: 0.3814, acc: 0.9101
13:14:59 valid - loss: 0.2515, acc: 0.9178
Epoch 349/910
13:15:13 train - loss: 0.3724, acc: 0.9125
13:15:15 valid - loss: 0.2394, acc: 0.9239
Epoch 350/910
13:15:30 train - loss: 0.3830, acc: 0.9089
13:15:31 valid - loss: 0.3237, acc: 0.9055
Epoch 351/910
13:15:46 train - loss: 0.3896, acc: 0.9077
13:15:48 valid - loss: 0.2392, acc: 0.9233
Epoch 352/910
13:16:03 train - loss: 0.3782, acc: 0.9091
13:16:05 valid - loss: 0.3279, acc: 0.8978
Epoch 353/910
13:16:20 train - loss: 0.3767, acc: 0.9106
13:16:21 valid - loss: 0.2930, acc: 0.9058
Epoch 354/910
13:16:36 train - loss: 0.3735, acc: 0.9129
13:16:38 valid - loss: 0.2815, acc: 0.9136
Epoch 355/910
13:16:52 train - loss: 0.3733, acc: 0.9131
13:16:54 valid - loss: 0.3070, acc: 0.8992
Epoch 356/910
13:17:09 train - loss: 0.3722, acc: 0.9119
13:17:11 valid - loss: 0.3029, acc: 0.9050
Epoch 357/910
13:17:26 train - loss: 0.3887, acc: 0.9066
13:17:27 valid - loss: 0.2897, acc: 0.9073
Epoch 358/910
13:17:42 train - loss: 0.3764, acc: 0.9104
13:17:44 valid - loss: 0.2596, acc: 0.9163
Epoch 359/910
13:17:58 train - loss: 0.3729, acc: 0.9125
13:18:00 valid - loss: 0.2384, acc: 0.9262
Epoch 360/910
13:18:15 train - loss: 0.3689, acc: 0.9127
13:18:16 valid - loss: 0.2907, acc: 0.9105
Epoch 361/910
13:18:31 train - loss: 0.3793, acc: 0.9105
13:18:33 valid - loss: 0.2562, acc: 0.9158
Epoch 362/910
13:18:48 train - loss: 0.3806, acc: 0.9109
13:18:49 valid - loss: 0.2535, acc: 0.9195
Epoch 363/910
13:19:04 train - loss: 0.3859, acc: 0.9083
13:19:06 valid - loss: 0.6274, acc: 0.8315
Epoch 364/910
13:19:21 train - loss: 0.3802, acc: 0.9104
13:19:22 valid - loss: 0.3273, acc: 0.9018
Epoch 365/910
13:19:37 train - loss: 0.3726, acc: 0.9128
13:19:39 valid - loss: 0.2445, acc: 0.9214
Epoch 366/910
13:19:54 train - loss: 0.3698, acc: 0.9136
13:19:55 valid - loss: 0.2431, acc: 0.9222
Epoch 367/910
13:20:10 train - loss: 0.3807, acc: 0.9095
13:20:12 valid - loss: 0.2685, acc: 0.9139
Epoch 368/910
13:20:27 train - loss: 0.3781, acc: 0.9109
13:20:28 valid - loss: 0.2288, acc: 0.9295
Epoch 369/910
13:20:43 train - loss: 0.3734, acc: 0.9116
13:20:44 valid - loss: 0.2101, acc: 0.9327
Epoch 370/910
13:20:59 train - loss: 0.3720, acc: 0.9111
13:21:01 valid - loss: 0.2495, acc: 0.9199
Epoch 371/910
13:21:16 train - loss: 0.3688, acc: 0.9135
13:21:17 valid - loss: 0.2789, acc: 0.9085
Epoch 372/910
13:21:32 train - loss: 0.3833, acc: 0.9103
13:21:33 valid - loss: 0.2065, acc: 0.9322
Epoch 373/910
13:21:48 train - loss: 0.3723, acc: 0.9138
13:21:50 valid - loss: 0.2227, acc: 0.9309
Epoch 374/910
13:22:04 train - loss: 0.3683, acc: 0.9134
13:22:06 valid - loss: 0.2873, acc: 0.9112
Epoch 375/910
13:22:21 train - loss: 0.3698, acc: 0.9124
13:22:22 valid - loss: 0.2730, acc: 0.9127
Epoch 376/910
13:22:37 train - loss: 0.3628, acc: 0.9141
13:22:39 valid - loss: 0.2448, acc: 0.9224
Epoch 377/910
13:22:54 train - loss: 0.3818, acc: 0.9101
13:22:56 valid - loss: 0.2831, acc: 0.9123
Epoch 378/910
13:23:11 train - loss: 0.3675, acc: 0.9137
13:23:12 valid - loss: 0.2320, acc: 0.9262
Epoch 379/910
13:23:28 train - loss: 0.3755, acc: 0.9111
13:23:29 valid - loss: 0.3570, acc: 0.8945
Epoch 380/910
13:23:44 train - loss: 0.3651, acc: 0.9133
13:23:46 valid - loss: 0.3051, acc: 0.9066
Epoch 381/910
13:24:01 train - loss: 0.3778, acc: 0.9115
13:24:02 valid - loss: 0.2495, acc: 0.9252
Epoch 382/910
13:24:17 train - loss: 0.3658, acc: 0.9129
13:24:19 valid - loss: 0.2667, acc: 0.9145
Epoch 383/910
13:24:34 train - loss: 0.3732, acc: 0.9120
13:24:35 valid - loss: 0.3659, acc: 0.8938
Epoch 384/910
13:24:50 train - loss: 0.3733, acc: 0.9115
13:24:52 valid - loss: 0.2411, acc: 0.9216
Epoch 385/910
13:25:07 train - loss: 0.3667, acc: 0.9138
13:25:08 valid - loss: 0.2367, acc: 0.9228
Epoch 386/910
13:25:23 train - loss: 0.3668, acc: 0.9132
13:25:24 valid - loss: 0.2977, acc: 0.9122
Epoch 387/910
13:25:39 train - loss: 0.3711, acc: 0.9125
13:25:41 valid - loss: 0.2515, acc: 0.9251
Epoch 388/910
13:25:56 train - loss: 0.3689, acc: 0.9134
13:25:58 valid - loss: 0.2733, acc: 0.9100
Epoch 389/910
13:26:13 train - loss: 0.3641, acc: 0.9128
13:26:14 valid - loss: 0.2823, acc: 0.9086
Epoch 390/910
13:26:30 train - loss: 0.3728, acc: 0.9119
13:26:31 valid - loss: 0.2474, acc: 0.9228
Epoch 391/910
13:26:46 train - loss: 0.3749, acc: 0.9101
13:26:48 valid - loss: 0.2984, acc: 0.9059
Epoch 392/910
13:27:02 train - loss: 0.3691, acc: 0.9119
13:27:04 valid - loss: 0.2232, acc: 0.9272
Epoch 393/910
13:27:19 train - loss: 0.3585, acc: 0.9155
13:27:20 valid - loss: 0.3005, acc: 0.9050
Epoch 394/910
13:27:35 train - loss: 0.3583, acc: 0.9151
13:27:37 valid - loss: 0.2659, acc: 0.9139
Epoch 395/910
13:27:52 train - loss: 0.3593, acc: 0.9140
13:27:53 valid - loss: 0.2663, acc: 0.9163
Epoch 396/910
13:28:08 train - loss: 0.3620, acc: 0.9149
13:28:10 valid - loss: 0.2488, acc: 0.9223
Epoch 397/910
13:28:25 train - loss: 0.3593, acc: 0.9148
13:28:26 valid - loss: 0.2154, acc: 0.9325
Epoch 398/910
13:28:41 train - loss: 0.3657, acc: 0.9141
13:28:42 valid - loss: 0.2450, acc: 0.9179
Epoch 399/910
13:28:57 train - loss: 0.3641, acc: 0.9139
13:28:59 valid - loss: 0.2147, acc: 0.9318
Epoch 400/910
13:29:14 train - loss: 0.3711, acc: 0.9129
13:29:15 valid - loss: 0.2113, acc: 0.9306
Epoch 401/910
13:29:30 train - loss: 0.3568, acc: 0.9163
13:29:32 valid - loss: 0.2512, acc: 0.9214
Epoch 402/910
13:29:47 train - loss: 0.3647, acc: 0.9152
13:29:48 valid - loss: 0.2974, acc: 0.9113
Epoch 403/910
13:30:03 train - loss: 0.3635, acc: 0.9135
13:30:04 valid - loss: 0.1971, acc: 0.9360
Epoch 404/910
13:30:19 train - loss: 0.3575, acc: 0.9164
13:30:21 valid - loss: 0.1858, acc: 0.9397
Epoch 405/910
13:30:36 train - loss: 0.3555, acc: 0.9166
13:30:37 valid - loss: 0.1915, acc: 0.9367
Epoch 406/910
13:30:52 train - loss: 0.3629, acc: 0.9143
13:30:54 valid - loss: 0.2592, acc: 0.9196
Epoch 407/910
13:31:09 train - loss: 0.3546, acc: 0.9162
13:31:10 valid - loss: 0.2147, acc: 0.9320
Epoch 408/910
13:31:25 train - loss: 0.3664, acc: 0.9140
13:31:26 valid - loss: 0.2893, acc: 0.9094
Epoch 409/910
13:31:41 train - loss: 0.3560, acc: 0.9159
13:31:43 valid - loss: 0.2141, acc: 0.9312
Epoch 410/910
13:31:58 train - loss: 0.3678, acc: 0.9143
13:31:59 valid - loss: 0.2962, acc: 0.9109
Epoch 411/910
13:32:15 train - loss: 0.3668, acc: 0.9147
13:32:16 valid - loss: 0.2332, acc: 0.9238
Epoch 412/910
13:32:31 train - loss: 0.3545, acc: 0.9162
13:32:33 valid - loss: 0.1872, acc: 0.9408
Epoch 413/910
13:32:47 train - loss: 0.3618, acc: 0.9147
13:32:49 valid - loss: 0.2576, acc: 0.9235
Epoch 414/910
13:33:04 train - loss: 0.3571, acc: 0.9169
13:33:05 valid - loss: 0.2946, acc: 0.9127
Epoch 415/910
13:33:20 train - loss: 0.3633, acc: 0.9139
13:33:22 valid - loss: 0.2419, acc: 0.9257
Epoch 416/910
13:33:37 train - loss: 0.3612, acc: 0.9146
13:33:38 valid - loss: 0.2021, acc: 0.9342
Epoch 417/910
13:33:53 train - loss: 0.3536, acc: 0.9177
13:33:55 valid - loss: 0.2203, acc: 0.9252
Epoch 418/910
13:34:10 train - loss: 0.3460, acc: 0.9195
13:34:12 valid - loss: 0.3084, acc: 0.9088
Epoch 419/910
13:34:26 train - loss: 0.3639, acc: 0.9157
13:34:28 valid - loss: 0.2092, acc: 0.9320
Epoch 420/910
13:34:43 train - loss: 0.3582, acc: 0.9156
13:34:44 valid - loss: 0.2322, acc: 0.9230
Epoch 421/910
13:35:00 train - loss: 0.3563, acc: 0.9176
13:35:01 valid - loss: 0.3666, acc: 0.8909
Epoch 422/910
13:35:16 train - loss: 0.3542, acc: 0.9178
13:35:18 valid - loss: 0.3079, acc: 0.9052
Epoch 423/910
13:35:33 train - loss: 0.3588, acc: 0.9153
13:35:35 valid - loss: 0.3246, acc: 0.9046
Epoch 424/910
13:35:50 train - loss: 0.3542, acc: 0.9157
13:35:51 valid - loss: 0.2391, acc: 0.9239
Epoch 425/910
13:36:07 train - loss: 0.3517, acc: 0.9176
13:36:08 valid - loss: 0.2106, acc: 0.9353
Epoch 426/910
13:36:24 train - loss: 0.3518, acc: 0.9152
13:36:25 valid - loss: 0.3125, acc: 0.8993
Epoch 427/910
13:36:40 train - loss: 0.3571, acc: 0.9154
13:36:42 valid - loss: 0.2177, acc: 0.9331
Epoch 428/910
13:36:56 train - loss: 0.3535, acc: 0.9162
13:36:58 valid - loss: 0.1874, acc: 0.9397
Epoch 429/910
13:37:13 train - loss: 0.3526, acc: 0.9182
13:37:15 valid - loss: 0.2260, acc: 0.9287
Epoch 430/910
13:37:30 train - loss: 0.3555, acc: 0.9161
13:37:31 valid - loss: 0.2085, acc: 0.9298
Epoch 431/910
13:37:46 train - loss: 0.3565, acc: 0.9159
13:37:48 valid - loss: 0.2650, acc: 0.9166
Epoch 432/910
13:38:03 train - loss: 0.3490, acc: 0.9181
13:38:04 valid - loss: 0.1973, acc: 0.9369
Epoch 433/910
13:38:20 train - loss: 0.3504, acc: 0.9174
13:38:21 valid - loss: 0.2237, acc: 0.9298
Epoch 434/910
13:38:36 train - loss: 0.3516, acc: 0.9188
13:38:38 valid - loss: 0.2250, acc: 0.9284
Epoch 435/910
13:38:53 train - loss: 0.3406, acc: 0.9199
13:38:54 valid - loss: 0.2355, acc: 0.9252
Epoch 436/910
13:39:09 train - loss: 0.3491, acc: 0.9178
13:39:11 valid - loss: 0.2612, acc: 0.9189
Epoch 437/910
13:39:26 train - loss: 0.3465, acc: 0.9199
13:39:27 valid - loss: 0.2026, acc: 0.9340
Epoch 438/910
13:39:42 train - loss: 0.3541, acc: 0.9151
13:39:44 valid - loss: 0.2575, acc: 0.9226
Epoch 439/910
13:40:00 train - loss: 0.3490, acc: 0.9170
13:40:01 valid - loss: 0.1785, acc: 0.9422
Epoch 440/910
13:40:16 train - loss: 0.3446, acc: 0.9176
13:40:18 valid - loss: 0.2715, acc: 0.9179
Epoch 441/910
13:40:33 train - loss: 0.3513, acc: 0.9164
13:40:35 valid - loss: 0.3116, acc: 0.9057
Epoch 442/910
13:40:50 train - loss: 0.3416, acc: 0.9199
13:40:52 valid - loss: 0.2562, acc: 0.9228
Epoch 443/910
13:41:07 train - loss: 0.3438, acc: 0.9194
13:41:09 valid - loss: 0.3290, acc: 0.8990
Epoch 444/910
13:41:24 train - loss: 0.3354, acc: 0.9221
13:41:26 valid - loss: 0.2842, acc: 0.9140
Epoch 445/910
13:41:41 train - loss: 0.3387, acc: 0.9214
13:41:42 valid - loss: 0.2410, acc: 0.9224
Epoch 446/910
13:41:57 train - loss: 0.3364, acc: 0.9211
13:41:59 valid - loss: 0.2479, acc: 0.9229
Epoch 447/910
13:42:14 train - loss: 0.3439, acc: 0.9189
13:42:16 valid - loss: 0.2425, acc: 0.9232
Epoch 448/910
13:42:31 train - loss: 0.3414, acc: 0.9198
13:42:32 valid - loss: 0.3003, acc: 0.9134
Epoch 449/910
13:42:47 train - loss: 0.3514, acc: 0.9185
13:42:49 valid - loss: 0.3447, acc: 0.8972
Epoch 450/910
13:43:04 train - loss: 0.3434, acc: 0.9195
13:43:06 valid - loss: 0.2688, acc: 0.9163
Epoch 451/910
13:43:21 train - loss: 0.3471, acc: 0.9194
13:43:22 valid - loss: 0.1986, acc: 0.9359
Epoch 452/910
13:43:37 train - loss: 0.3373, acc: 0.9191
13:43:39 valid - loss: 0.2766, acc: 0.9110
Epoch 453/910
13:43:54 train - loss: 0.3551, acc: 0.9175
13:43:56 valid - loss: 0.2020, acc: 0.9347
Epoch 454/910
13:44:11 train - loss: 0.3454, acc: 0.9193
13:44:12 valid - loss: 0.2015, acc: 0.9354
Epoch 455/910
13:44:27 train - loss: 0.3427, acc: 0.9191
13:44:29 valid - loss: 0.2407, acc: 0.9260
Epoch 456/910
13:44:44 train - loss: 0.3387, acc: 0.9209
13:44:45 valid - loss: 0.2185, acc: 0.9297
Epoch 457/910
13:45:00 train - loss: 0.3332, acc: 0.9222
13:45:02 valid - loss: 0.2571, acc: 0.9255
Epoch 458/910
13:45:17 train - loss: 0.3346, acc: 0.9216
13:45:18 valid - loss: 0.2961, acc: 0.9120
Epoch 459/910
13:45:33 train - loss: 0.3350, acc: 0.9228
13:45:35 valid - loss: 0.1960, acc: 0.9363
Epoch 460/910
13:45:50 train - loss: 0.3388, acc: 0.9208
13:45:52 valid - loss: 0.2694, acc: 0.9164
Epoch 461/910
13:46:07 train - loss: 0.3368, acc: 0.9212
13:46:09 valid - loss: 0.2681, acc: 0.9178
Epoch 462/910
13:46:23 train - loss: 0.3397, acc: 0.9193
13:46:25 valid - loss: 0.2669, acc: 0.9170
Epoch 463/910
13:46:40 train - loss: 0.3445, acc: 0.9197
13:46:42 valid - loss: 0.1592, acc: 0.9464
Epoch 464/910
13:46:57 train - loss: 0.3370, acc: 0.9205
13:46:58 valid - loss: 0.2326, acc: 0.9277
Epoch 465/910
13:47:13 train - loss: 0.3353, acc: 0.9216
13:47:15 valid - loss: 0.2066, acc: 0.9322
Epoch 466/910
13:47:30 train - loss: 0.3360, acc: 0.9208
13:47:31 valid - loss: 0.3425, acc: 0.8939
Epoch 467/910
13:47:46 train - loss: 0.3386, acc: 0.9209
13:47:48 valid - loss: 0.2092, acc: 0.9337
Epoch 468/910
13:48:03 train - loss: 0.3377, acc: 0.9204
13:48:05 valid - loss: 0.2994, acc: 0.9103
Epoch 469/910
13:48:20 train - loss: 0.3254, acc: 0.9236
13:48:21 valid - loss: 0.2184, acc: 0.9332
Epoch 470/910
13:48:36 train - loss: 0.3308, acc: 0.9227
13:48:38 valid - loss: 0.2326, acc: 0.9294
Epoch 471/910
13:48:53 train - loss: 0.3308, acc: 0.9241
13:48:55 valid - loss: 0.1955, acc: 0.9367
Epoch 472/910
13:49:10 train - loss: 0.3332, acc: 0.9215
13:49:11 valid - loss: 0.2282, acc: 0.9283
Epoch 473/910
13:49:26 train - loss: 0.3367, acc: 0.9226
13:49:28 valid - loss: 0.2243, acc: 0.9325
Epoch 474/910
13:49:43 train - loss: 0.3343, acc: 0.9216
13:49:44 valid - loss: 0.2212, acc: 0.9293
Epoch 475/910
13:50:00 train - loss: 0.3282, acc: 0.9223
13:50:01 valid - loss: 0.2408, acc: 0.9303
Epoch 476/910
13:50:16 train - loss: 0.3332, acc: 0.9220
13:50:18 valid - loss: 0.2330, acc: 0.9290
Epoch 477/910
13:50:33 train - loss: 0.3285, acc: 0.9228
13:50:35 valid - loss: 0.2285, acc: 0.9283
Epoch 478/910
13:50:49 train - loss: 0.3332, acc: 0.9209
13:50:51 valid - loss: 0.2012, acc: 0.9360
Epoch 479/910
13:51:06 train - loss: 0.3303, acc: 0.9216
13:51:08 valid - loss: 0.1902, acc: 0.9419
Epoch 480/910
13:51:23 train - loss: 0.3309, acc: 0.9218
13:51:24 valid - loss: 0.2112, acc: 0.9354
Epoch 481/910
13:51:39 train - loss: 0.3274, acc: 0.9241
13:51:41 valid - loss: 0.2078, acc: 0.9345
Epoch 482/910
13:51:56 train - loss: 0.3308, acc: 0.9217
13:51:57 valid - loss: 0.2200, acc: 0.9308
Epoch 483/910
13:52:13 train - loss: 0.3321, acc: 0.9224
13:52:14 valid - loss: 0.1863, acc: 0.9372
Epoch 484/910
13:52:30 train - loss: 0.3338, acc: 0.9203
13:52:31 valid - loss: 0.1899, acc: 0.9413
Epoch 485/910
13:52:46 train - loss: 0.3145, acc: 0.9260
13:52:48 valid - loss: 0.2061, acc: 0.9350
Epoch 486/910
13:53:04 train - loss: 0.3208, acc: 0.9252
13:53:05 valid - loss: 0.2134, acc: 0.9337
Epoch 487/910
13:53:20 train - loss: 0.3225, acc: 0.9257
13:53:21 valid - loss: 0.2228, acc: 0.9271
Epoch 488/910
13:53:36 train - loss: 0.3244, acc: 0.9239
13:53:38 valid - loss: 0.1686, acc: 0.9437
Epoch 489/910
13:53:53 train - loss: 0.3222, acc: 0.9252
13:53:54 valid - loss: 0.1925, acc: 0.9377
Epoch 490/910
13:54:09 train - loss: 0.3254, acc: 0.9246
13:54:11 valid - loss: 0.2201, acc: 0.9346
Epoch 491/910
13:54:26 train - loss: 0.3359, acc: 0.9200
13:54:28 valid - loss: 0.2666, acc: 0.9228
Epoch 492/910
13:54:43 train - loss: 0.3189, acc: 0.9259
13:54:44 valid - loss: 0.1685, acc: 0.9456
Epoch 493/910
13:54:59 train - loss: 0.3246, acc: 0.9231
13:55:01 valid - loss: 0.1990, acc: 0.9367
Epoch 494/910
13:55:16 train - loss: 0.3149, acc: 0.9269
13:55:17 valid - loss: 0.2395, acc: 0.9295
Epoch 495/910
13:55:33 train - loss: 0.3198, acc: 0.9252
13:55:34 valid - loss: 0.2303, acc: 0.9317
Epoch 496/910
13:55:49 train - loss: 0.3201, acc: 0.9244
13:55:51 valid - loss: 0.1963, acc: 0.9384
Epoch 497/910
13:56:06 train - loss: 0.3177, acc: 0.9261
13:56:08 valid - loss: 0.2715, acc: 0.9131
Epoch 498/910
13:56:23 train - loss: 0.3208, acc: 0.9247
13:56:24 valid - loss: 0.3051, acc: 0.9152
Epoch 499/910
13:56:40 train - loss: 0.3166, acc: 0.9257
13:56:41 valid - loss: 0.1898, acc: 0.9407
Epoch 500/910
13:56:57 train - loss: 0.3159, acc: 0.9254
13:56:58 valid - loss: 0.1783, acc: 0.9430
Epoch 501/910
13:57:14 train - loss: 0.3138, acc: 0.9264
13:57:15 valid - loss: 0.1790, acc: 0.9444
Epoch 502/910
13:57:30 train - loss: 0.3116, acc: 0.9265
13:57:32 valid - loss: 0.1916, acc: 0.9408
Epoch 503/910
13:57:47 train - loss: 0.3084, acc: 0.9289
13:57:48 valid - loss: 0.2030, acc: 0.9372
Epoch 504/910
13:58:04 train - loss: 0.3067, acc: 0.9287
13:58:05 valid - loss: 0.2454, acc: 0.9273
Epoch 505/910
13:58:21 train - loss: 0.3177, acc: 0.9256
13:58:23 valid - loss: 0.2010, acc: 0.9374
Epoch 506/910
13:58:38 train - loss: 0.3203, acc: 0.9273
13:58:40 valid - loss: 0.2717, acc: 0.9202
Epoch 507/910
13:58:55 train - loss: 0.3079, acc: 0.9271
13:58:56 valid - loss: 0.1711, acc: 0.9434
Epoch 508/910
13:59:11 train - loss: 0.3155, acc: 0.9272
13:59:13 valid - loss: 0.2117, acc: 0.9287
Epoch 509/910
13:59:28 train - loss: 0.3161, acc: 0.9274
13:59:29 valid - loss: 0.2236, acc: 0.9316
Epoch 510/910
13:59:44 train - loss: 0.3181, acc: 0.9261
13:59:46 valid - loss: 0.1990, acc: 0.9347
Epoch 511/910
14:00:01 train - loss: 0.3141, acc: 0.9266
14:00:02 valid - loss: 0.1936, acc: 0.9378
Epoch 512/910
14:00:17 train - loss: 0.3029, acc: 0.9299
14:00:19 valid - loss: 0.2003, acc: 0.9374
Epoch 513/910
14:00:34 train - loss: 0.3188, acc: 0.9252
14:00:35 valid - loss: 0.2058, acc: 0.9336
Epoch 514/910
14:00:50 train - loss: 0.3112, acc: 0.9276
14:00:51 valid - loss: 0.2371, acc: 0.9288
Epoch 515/910
14:01:06 train - loss: 0.3092, acc: 0.9288
14:01:08 valid - loss: 0.2009, acc: 0.9382
Epoch 516/910
14:01:23 train - loss: 0.3097, acc: 0.9279
14:01:24 valid - loss: 0.1800, acc: 0.9411
Epoch 517/910
14:01:40 train - loss: 0.3105, acc: 0.9284
14:01:41 valid - loss: 0.2048, acc: 0.9367
Epoch 518/910
14:01:56 train - loss: 0.3039, acc: 0.9300
14:01:58 valid - loss: 0.2238, acc: 0.9346
Epoch 519/910
14:02:13 train - loss: 0.3045, acc: 0.9290
14:02:15 valid - loss: 0.2044, acc: 0.9404
Epoch 520/910
14:02:30 train - loss: 0.3000, acc: 0.9301
14:02:31 valid - loss: 0.1911, acc: 0.9398
Epoch 521/910
14:02:46 train - loss: 0.3128, acc: 0.9265
14:02:48 valid - loss: 0.3132, acc: 0.9075
Epoch 522/910
14:03:03 train - loss: 0.3030, acc: 0.9292
14:03:04 valid - loss: 0.2025, acc: 0.9356
Epoch 523/910
14:03:20 train - loss: 0.3094, acc: 0.9282
14:03:21 valid - loss: 0.2232, acc: 0.9334
Epoch 524/910
14:03:37 train - loss: 0.3020, acc: 0.9299
14:03:38 valid - loss: 0.1643, acc: 0.9489
Epoch 525/910
14:03:53 train - loss: 0.3048, acc: 0.9294
14:03:55 valid - loss: 0.3030, acc: 0.9163
Epoch 526/910
14:04:10 train - loss: 0.3047, acc: 0.9294
14:04:12 valid - loss: 0.2025, acc: 0.9388
Epoch 527/910
14:04:27 train - loss: 0.3052, acc: 0.9295
14:04:28 valid - loss: 0.2268, acc: 0.9307
Epoch 528/910
14:04:44 train - loss: 0.3062, acc: 0.9285
14:04:45 valid - loss: 0.1946, acc: 0.9419
Epoch 529/910
14:05:00 train - loss: 0.2990, acc: 0.9304
14:05:02 valid - loss: 0.1954, acc: 0.9409
Epoch 530/910
14:05:17 train - loss: 0.2971, acc: 0.9320
14:05:18 valid - loss: 0.1763, acc: 0.9456
Epoch 531/910
14:05:33 train - loss: 0.2999, acc: 0.9315
14:05:35 valid - loss: 0.1794, acc: 0.9410
Epoch 532/910
14:05:50 train - loss: 0.3012, acc: 0.9291
14:05:52 valid - loss: 0.1825, acc: 0.9437
Epoch 533/910
14:06:07 train - loss: 0.3027, acc: 0.9302
14:06:09 valid - loss: 0.2185, acc: 0.9321
Epoch 534/910
14:06:24 train - loss: 0.2994, acc: 0.9303
14:06:25 valid - loss: 0.1969, acc: 0.9368
Epoch 535/910
14:06:40 train - loss: 0.2915, acc: 0.9332
14:06:42 valid - loss: 0.1971, acc: 0.9403
Epoch 536/910
14:06:57 train - loss: 0.3070, acc: 0.9286
14:06:59 valid - loss: 0.2253, acc: 0.9361
Epoch 537/910
14:07:14 train - loss: 0.2956, acc: 0.9310
14:07:15 valid - loss: 0.1871, acc: 0.9407
Epoch 538/910
14:07:30 train - loss: 0.3001, acc: 0.9302
14:07:32 valid - loss: 0.2074, acc: 0.9376
Epoch 539/910
14:07:47 train - loss: 0.2981, acc: 0.9314
14:07:48 valid - loss: 0.1817, acc: 0.9430
Epoch 540/910
14:08:04 train - loss: 0.2932, acc: 0.9307
14:08:05 valid - loss: 0.1703, acc: 0.9494
Epoch 541/910
14:08:21 train - loss: 0.2928, acc: 0.9330
14:08:22 valid - loss: 0.2267, acc: 0.9318
Epoch 542/910
14:08:38 train - loss: 0.2914, acc: 0.9315
14:08:39 valid - loss: 0.1640, acc: 0.9485
Epoch 543/910
14:08:54 train - loss: 0.2988, acc: 0.9310
14:08:56 valid - loss: 0.2114, acc: 0.9364
Epoch 544/910
14:09:11 train - loss: 0.2960, acc: 0.9320
14:09:12 valid - loss: 0.2080, acc: 0.9395
Epoch 545/910
14:09:28 train - loss: 0.2928, acc: 0.9323
14:09:29 valid - loss: 0.1796, acc: 0.9467
Epoch 546/910
14:09:44 train - loss: 0.2892, acc: 0.9321
14:09:46 valid - loss: 0.2496, acc: 0.9262
Epoch 547/910
14:10:01 train - loss: 0.2951, acc: 0.9321
14:10:02 valid - loss: 0.1818, acc: 0.9449
Epoch 548/910
14:10:17 train - loss: 0.2891, acc: 0.9328
14:10:19 valid - loss: 0.1728, acc: 0.9469
Epoch 549/910
14:10:34 train - loss: 0.2924, acc: 0.9311
14:10:35 valid - loss: 0.1726, acc: 0.9468
Epoch 550/910
14:10:50 train - loss: 0.2922, acc: 0.9318
14:10:52 valid - loss: 0.1989, acc: 0.9396
Epoch 551/910
14:11:07 train - loss: 0.2882, acc: 0.9337
14:11:09 valid - loss: 0.2049, acc: 0.9389
Epoch 552/910
14:11:24 train - loss: 0.2879, acc: 0.9336
14:11:25 valid - loss: 0.2007, acc: 0.9411
Epoch 553/910
14:11:40 train - loss: 0.2822, acc: 0.9353
14:11:42 valid - loss: 0.1940, acc: 0.9430
Epoch 554/910
14:11:57 train - loss: 0.2934, acc: 0.9323
14:11:59 valid - loss: 0.1772, acc: 0.9427
Epoch 555/910
14:12:14 train - loss: 0.2864, acc: 0.9347
14:12:16 valid - loss: 0.1781, acc: 0.9465
Epoch 556/910
14:12:31 train - loss: 0.2874, acc: 0.9330
14:12:32 valid - loss: 0.2143, acc: 0.9377
Epoch 557/910
14:12:48 train - loss: 0.2848, acc: 0.9335
14:12:49 valid - loss: 0.1530, acc: 0.9510
Epoch 558/910
14:13:04 train - loss: 0.2798, acc: 0.9352
14:13:06 valid - loss: 0.1742, acc: 0.9464
Epoch 559/910
14:13:21 train - loss: 0.2798, acc: 0.9363
14:13:22 valid - loss: 0.1836, acc: 0.9460
Epoch 560/910
14:13:37 train - loss: 0.2850, acc: 0.9332
14:13:39 valid - loss: 0.1935, acc: 0.9399
Epoch 561/910
14:13:54 train - loss: 0.2824, acc: 0.9345
14:13:55 valid - loss: 0.1899, acc: 0.9410
Epoch 562/910
14:14:11 train - loss: 0.2809, acc: 0.9352
14:14:12 valid - loss: 0.1809, acc: 0.9447
Epoch 563/910
14:14:27 train - loss: 0.2824, acc: 0.9355
14:14:29 valid - loss: 0.1905, acc: 0.9427
Epoch 564/910
14:14:44 train - loss: 0.2830, acc: 0.9342
14:14:45 valid - loss: 0.1579, acc: 0.9503
Epoch 565/910
14:15:00 train - loss: 0.2769, acc: 0.9355
14:15:01 valid - loss: 0.1806, acc: 0.9467
Epoch 566/910
14:15:16 train - loss: 0.2749, acc: 0.9368
14:15:18 valid - loss: 0.1744, acc: 0.9485
Epoch 567/910
14:15:33 train - loss: 0.2724, acc: 0.9369
14:15:34 valid - loss: 0.1805, acc: 0.9448
Epoch 568/910
14:15:49 train - loss: 0.2812, acc: 0.9331
14:15:51 valid - loss: 0.1546, acc: 0.9505
Epoch 569/910
14:16:06 train - loss: 0.2777, acc: 0.9360
14:16:07 valid - loss: 0.1854, acc: 0.9418
Epoch 570/910
14:16:22 train - loss: 0.2818, acc: 0.9349
14:16:24 valid - loss: 0.1684, acc: 0.9485
Epoch 571/910
14:16:39 train - loss: 0.2778, acc: 0.9365
14:16:40 valid - loss: 0.1702, acc: 0.9470
Epoch 572/910
14:16:55 train - loss: 0.2738, acc: 0.9370
14:16:57 valid - loss: 0.2274, acc: 0.9321
Epoch 573/910
14:17:12 train - loss: 0.2678, acc: 0.9382
14:17:14 valid - loss: 0.1636, acc: 0.9489
Epoch 574/910
14:17:28 train - loss: 0.2769, acc: 0.9368
14:17:30 valid - loss: 0.1934, acc: 0.9404
Epoch 575/910
14:17:45 train - loss: 0.2700, acc: 0.9365
14:17:47 valid - loss: 0.1965, acc: 0.9445
Epoch 576/910
14:18:02 train - loss: 0.2755, acc: 0.9362
14:18:03 valid - loss: 0.1755, acc: 0.9467
Epoch 577/910
14:18:18 train - loss: 0.2647, acc: 0.9398
14:18:20 valid - loss: 0.1945, acc: 0.9418
Epoch 578/910
14:18:35 train - loss: 0.2691, acc: 0.9375
14:18:36 valid - loss: 0.1853, acc: 0.9464
Epoch 579/910
14:18:52 train - loss: 0.2667, acc: 0.9387
14:18:53 valid - loss: 0.1762, acc: 0.9472
Epoch 580/910
14:19:08 train - loss: 0.2772, acc: 0.9359
14:19:10 valid - loss: 0.1554, acc: 0.9500
Epoch 581/910
14:19:25 train - loss: 0.2672, acc: 0.9386
14:19:26 valid - loss: 0.2261, acc: 0.9320
Epoch 582/910
14:19:41 train - loss: 0.2693, acc: 0.9373
14:19:43 valid - loss: 0.1933, acc: 0.9419
Epoch 583/910
14:19:58 train - loss: 0.2675, acc: 0.9379
14:19:59 valid - loss: 0.1676, acc: 0.9484
Epoch 584/910
14:20:14 train - loss: 0.2648, acc: 0.9390
14:20:16 valid - loss: 0.1652, acc: 0.9476
Epoch 585/910
14:20:31 train - loss: 0.2643, acc: 0.9389
14:20:33 valid - loss: 0.1752, acc: 0.9433
Epoch 586/910
14:20:48 train - loss: 0.2613, acc: 0.9402
14:20:49 valid - loss: 0.2146, acc: 0.9373
Epoch 587/910
14:21:04 train - loss: 0.2678, acc: 0.9385
14:21:06 valid - loss: 0.1591, acc: 0.9511
Epoch 588/910
14:21:21 train - loss: 0.2678, acc: 0.9378
14:21:22 valid - loss: 0.1742, acc: 0.9476
Epoch 589/910
14:21:37 train - loss: 0.2659, acc: 0.9387
14:21:39 valid - loss: 0.1635, acc: 0.9502
Epoch 590/910
14:21:54 train - loss: 0.2600, acc: 0.9410
14:21:55 valid - loss: 0.1664, acc: 0.9482
Epoch 591/910
14:22:11 train - loss: 0.2624, acc: 0.9387
14:22:12 valid - loss: 0.1707, acc: 0.9456
Epoch 592/910
14:22:27 train - loss: 0.2605, acc: 0.9403
14:22:29 valid - loss: 0.1796, acc: 0.9466
Epoch 593/910
14:22:43 train - loss: 0.2673, acc: 0.9382
14:22:45 valid - loss: 0.1978, acc: 0.9397
Epoch 594/910
14:23:00 train - loss: 0.2647, acc: 0.9380
14:23:01 valid - loss: 0.1821, acc: 0.9460
Epoch 595/910
14:23:17 train - loss: 0.2607, acc: 0.9413
14:23:18 valid - loss: 0.1564, acc: 0.9542
Epoch 596/910
14:23:33 train - loss: 0.2592, acc: 0.9403
14:23:35 valid - loss: 0.2013, acc: 0.9408
Epoch 597/910
14:23:50 train - loss: 0.2592, acc: 0.9410
14:23:51 valid - loss: 0.3059, acc: 0.9146
Epoch 598/910
14:24:07 train - loss: 0.2581, acc: 0.9410
14:24:08 valid - loss: 0.1628, acc: 0.9500
Epoch 599/910
14:24:24 train - loss: 0.2612, acc: 0.9393
14:24:25 valid - loss: 0.1473, acc: 0.9531
Epoch 600/910
14:24:40 train - loss: 0.2513, acc: 0.9426
14:24:42 valid - loss: 0.1754, acc: 0.9482
Epoch 601/910
14:24:57 train - loss: 0.2566, acc: 0.9410
14:24:59 valid - loss: 0.1697, acc: 0.9498
Epoch 602/910
14:25:14 train - loss: 0.2510, acc: 0.9440
14:25:16 valid - loss: 0.1610, acc: 0.9516
Epoch 603/910
14:25:31 train - loss: 0.2636, acc: 0.9398
14:25:32 valid - loss: 0.1749, acc: 0.9474
Epoch 604/910
14:25:48 train - loss: 0.2547, acc: 0.9421
14:25:49 valid - loss: 0.1429, acc: 0.9566
Epoch 605/910
14:26:04 train - loss: 0.2549, acc: 0.9417
14:26:06 valid - loss: 0.1506, acc: 0.9525
Epoch 606/910
14:26:22 train - loss: 0.2542, acc: 0.9413
14:26:23 valid - loss: 0.1471, acc: 0.9553
Epoch 607/910
14:26:39 train - loss: 0.2595, acc: 0.9402
14:26:40 valid - loss: 0.1572, acc: 0.9539
Epoch 608/910
14:26:55 train - loss: 0.2484, acc: 0.9430
14:26:57 valid - loss: 0.1726, acc: 0.9468
Epoch 609/910
14:27:12 train - loss: 0.2546, acc: 0.9415
14:27:14 valid - loss: 0.1789, acc: 0.9464
Epoch 610/910
14:27:29 train - loss: 0.2512, acc: 0.9422
14:27:30 valid - loss: 0.1831, acc: 0.9482
Epoch 611/910
14:27:45 train - loss: 0.2524, acc: 0.9427
14:27:47 valid - loss: 0.1568, acc: 0.9549
Epoch 612/910
14:28:02 train - loss: 0.2467, acc: 0.9434
14:28:03 valid - loss: 0.1514, acc: 0.9530
Epoch 613/910
14:28:18 train - loss: 0.2446, acc: 0.9448
14:28:19 valid - loss: 0.1767, acc: 0.9473
Epoch 614/910
14:28:34 train - loss: 0.2471, acc: 0.9435
14:28:36 valid - loss: 0.1935, acc: 0.9432
Epoch 615/910
14:28:52 train - loss: 0.2503, acc: 0.9438
14:28:53 valid - loss: 0.1448, acc: 0.9552
Epoch 616/910
14:29:09 train - loss: 0.2506, acc: 0.9423
14:29:10 valid - loss: 0.1633, acc: 0.9496
Epoch 617/910
14:29:25 train - loss: 0.2514, acc: 0.9418
14:29:27 valid - loss: 0.1435, acc: 0.9550
Epoch 618/910
14:29:42 train - loss: 0.2440, acc: 0.9456
14:29:43 valid - loss: 0.1694, acc: 0.9508
Epoch 619/910
14:29:58 train - loss: 0.2458, acc: 0.9437
14:30:00 valid - loss: 0.1528, acc: 0.9546
Epoch 620/910
14:30:15 train - loss: 0.2435, acc: 0.9452
14:30:16 valid - loss: 0.1578, acc: 0.9527
Epoch 621/910
14:30:31 train - loss: 0.2439, acc: 0.9440
14:30:33 valid - loss: 0.1475, acc: 0.9545
Epoch 622/910
14:30:48 train - loss: 0.2406, acc: 0.9446
14:30:49 valid - loss: 0.1564, acc: 0.9541
Epoch 623/910
14:31:04 train - loss: 0.2437, acc: 0.9444
14:31:06 valid - loss: 0.1567, acc: 0.9507
Epoch 624/910
14:31:21 train - loss: 0.2411, acc: 0.9454
14:31:22 valid - loss: 0.1422, acc: 0.9573
Epoch 625/910
14:31:37 train - loss: 0.2325, acc: 0.9465
14:31:39 valid - loss: 0.1619, acc: 0.9494
Epoch 626/910
14:31:54 train - loss: 0.2383, acc: 0.9463
14:31:55 valid - loss: 0.1477, acc: 0.9554
Epoch 627/910
14:32:10 train - loss: 0.2304, acc: 0.9474
14:32:12 valid - loss: 0.1616, acc: 0.9510
Epoch 628/910
14:32:27 train - loss: 0.2391, acc: 0.9458
14:32:28 valid - loss: 0.1529, acc: 0.9557
Epoch 629/910
14:32:43 train - loss: 0.2358, acc: 0.9468
14:32:44 valid - loss: 0.1939, acc: 0.9478
Epoch 630/910
14:33:00 train - loss: 0.2387, acc: 0.9458
14:33:02 valid - loss: 0.1652, acc: 0.9499
Epoch 631/910
14:33:16 train - loss: 0.2335, acc: 0.9469
14:33:18 valid - loss: 0.1924, acc: 0.9442
Epoch 632/910
14:33:33 train - loss: 0.2317, acc: 0.9473
14:33:34 valid - loss: 0.1962, acc: 0.9454
Epoch 633/910
14:33:49 train - loss: 0.2348, acc: 0.9472
14:33:51 valid - loss: 0.1518, acc: 0.9532
Epoch 634/910
14:34:06 train - loss: 0.2397, acc: 0.9452
14:34:08 valid - loss: 0.1777, acc: 0.9457
Epoch 635/910
14:34:23 train - loss: 0.2351, acc: 0.9469
14:34:24 valid - loss: 0.1699, acc: 0.9513
Epoch 636/910
14:34:39 train - loss: 0.2319, acc: 0.9479
14:34:41 valid - loss: 0.1565, acc: 0.9511
Epoch 637/910
14:34:55 train - loss: 0.2358, acc: 0.9469
14:34:57 valid - loss: 0.1567, acc: 0.9524
Epoch 638/910
14:35:12 train - loss: 0.2242, acc: 0.9487
14:35:13 valid - loss: 0.1447, acc: 0.9574
Epoch 639/910
14:35:28 train - loss: 0.2365, acc: 0.9462
14:35:30 valid - loss: 0.1550, acc: 0.9536
Epoch 640/910
14:35:45 train - loss: 0.2266, acc: 0.9481
14:35:46 valid - loss: 0.1594, acc: 0.9511
Epoch 641/910
14:36:01 train - loss: 0.2267, acc: 0.9481
14:36:03 valid - loss: 0.1459, acc: 0.9567
Epoch 642/910
14:36:17 train - loss: 0.2298, acc: 0.9484
14:36:19 valid - loss: 0.1716, acc: 0.9520
Epoch 643/910
14:36:34 train - loss: 0.2279, acc: 0.9485
14:36:36 valid - loss: 0.1515, acc: 0.9544
Epoch 644/910
14:36:51 train - loss: 0.2311, acc: 0.9481
14:36:53 valid - loss: 0.1740, acc: 0.9493
Epoch 645/910
14:37:08 train - loss: 0.2243, acc: 0.9490
14:37:09 valid - loss: 0.1596, acc: 0.9516
Epoch 646/910
14:37:25 train - loss: 0.2289, acc: 0.9479
14:37:27 valid - loss: 0.1318, acc: 0.9596
Epoch 647/910
14:37:41 train - loss: 0.2219, acc: 0.9501
14:37:43 valid - loss: 0.1442, acc: 0.9569
Epoch 648/910
14:37:58 train - loss: 0.2172, acc: 0.9508
14:38:00 valid - loss: 0.1514, acc: 0.9554
Epoch 649/910
14:38:15 train - loss: 0.2168, acc: 0.9520
14:38:16 valid - loss: 0.1544, acc: 0.9560
Epoch 650/910
14:38:31 train - loss: 0.2143, acc: 0.9514
14:38:33 valid - loss: 0.1417, acc: 0.9584
Epoch 651/910
14:38:48 train - loss: 0.2147, acc: 0.9527
14:38:49 valid - loss: 0.1458, acc: 0.9550
Epoch 652/910
14:39:04 train - loss: 0.2187, acc: 0.9506
14:39:06 valid - loss: 0.1790, acc: 0.9491
Epoch 653/910
14:39:21 train - loss: 0.2140, acc: 0.9521
14:39:22 valid - loss: 0.1471, acc: 0.9577
Epoch 654/910
14:39:38 train - loss: 0.2167, acc: 0.9502
14:39:40 valid - loss: 0.1784, acc: 0.9470
Epoch 655/910
14:39:55 train - loss: 0.2180, acc: 0.9507
14:39:56 valid - loss: 0.1537, acc: 0.9547
Epoch 656/910
14:40:11 train - loss: 0.2112, acc: 0.9527
14:40:13 valid - loss: 0.1645, acc: 0.9500
Epoch 657/910
14:40:28 train - loss: 0.2187, acc: 0.9509
14:40:29 valid - loss: 0.1522, acc: 0.9543
Epoch 658/910
14:40:45 train - loss: 0.2090, acc: 0.9533
14:40:46 valid - loss: 0.1388, acc: 0.9603
Epoch 659/910
14:41:01 train - loss: 0.2124, acc: 0.9515
14:41:03 valid - loss: 0.1457, acc: 0.9567
Epoch 660/910
14:41:18 train - loss: 0.2111, acc: 0.9526
14:41:19 valid - loss: 0.1511, acc: 0.9556
Epoch 661/910
14:41:34 train - loss: 0.2193, acc: 0.9513
14:41:36 valid - loss: 0.1614, acc: 0.9539
Epoch 662/910
14:41:51 train - loss: 0.2121, acc: 0.9521
14:41:53 valid - loss: 0.1681, acc: 0.9536
Epoch 663/910
14:42:08 train - loss: 0.2049, acc: 0.9547
14:42:09 valid - loss: 0.1363, acc: 0.9607
Epoch 664/910
14:42:25 train - loss: 0.2067, acc: 0.9529
14:42:26 valid - loss: 0.1784, acc: 0.9504
Epoch 665/910
14:42:42 train - loss: 0.2047, acc: 0.9534
14:42:44 valid - loss: 0.1561, acc: 0.9552
Epoch 666/910
14:42:58 train - loss: 0.2107, acc: 0.9527
14:43:00 valid - loss: 0.1413, acc: 0.9576
Epoch 667/910
14:43:15 train - loss: 0.2171, acc: 0.9508
14:43:16 valid - loss: 0.1427, acc: 0.9587
Epoch 668/910
14:43:32 train - loss: 0.2005, acc: 0.9551
14:43:33 valid - loss: 0.1568, acc: 0.9542
Epoch 669/910
14:43:48 train - loss: 0.1986, acc: 0.9555
14:43:50 valid - loss: 0.1370, acc: 0.9598
Epoch 670/910
14:44:04 train - loss: 0.2031, acc: 0.9546
14:44:06 valid - loss: 0.1482, acc: 0.9587
Epoch 671/910
14:44:21 train - loss: 0.2123, acc: 0.9522
14:44:23 valid - loss: 0.1520, acc: 0.9577
Epoch 672/910
14:44:39 train - loss: 0.2073, acc: 0.9533
14:44:41 valid - loss: 0.1449, acc: 0.9593
Epoch 673/910
14:44:56 train - loss: 0.2030, acc: 0.9546
14:44:57 valid - loss: 0.1515, acc: 0.9555
Epoch 674/910
14:45:12 train - loss: 0.1987, acc: 0.9556
14:45:14 valid - loss: 0.1788, acc: 0.9541
Epoch 675/910
14:45:29 train - loss: 0.1966, acc: 0.9559
14:45:31 valid - loss: 0.1292, acc: 0.9618
Epoch 676/910
14:45:46 train - loss: 0.1966, acc: 0.9548
14:45:48 valid - loss: 0.1442, acc: 0.9586
Epoch 677/910
14:46:03 train - loss: 0.2024, acc: 0.9553
14:46:05 valid - loss: 0.1348, acc: 0.9598
Epoch 678/910
14:46:20 train - loss: 0.2022, acc: 0.9552
14:46:21 valid - loss: 0.1445, acc: 0.9584
Epoch 679/910
14:46:36 train - loss: 0.1948, acc: 0.9562
14:46:37 valid - loss: 0.1314, acc: 0.9608
Epoch 680/910
14:46:52 train - loss: 0.2026, acc: 0.9537
14:46:54 valid - loss: 0.1614, acc: 0.9554
Epoch 681/910
14:47:09 train - loss: 0.2013, acc: 0.9542
14:47:10 valid - loss: 0.1472, acc: 0.9560
Epoch 682/910
14:47:25 train - loss: 0.1985, acc: 0.9556
14:47:27 valid - loss: 0.1528, acc: 0.9562
Epoch 683/910
14:47:42 train - loss: 0.1986, acc: 0.9561
14:47:43 valid - loss: 0.1418, acc: 0.9570
Epoch 684/910
14:47:58 train - loss: 0.1931, acc: 0.9567
14:48:00 valid - loss: 0.1252, acc: 0.9611
Epoch 685/910
14:48:15 train - loss: 0.1926, acc: 0.9581
14:48:16 valid - loss: 0.1359, acc: 0.9600
Epoch 686/910
14:48:31 train - loss: 0.1858, acc: 0.9590
14:48:33 valid - loss: 0.1563, acc: 0.9575
Epoch 687/910
14:48:48 train - loss: 0.1886, acc: 0.9582
14:48:49 valid - loss: 0.1514, acc: 0.9542
Epoch 688/910
14:49:04 train - loss: 0.1843, acc: 0.9589
14:49:06 valid - loss: 0.1592, acc: 0.9563
Epoch 689/910
14:49:21 train - loss: 0.1810, acc: 0.9590
14:49:22 valid - loss: 0.1533, acc: 0.9568
Epoch 690/910
14:49:37 train - loss: 0.1846, acc: 0.9591
14:49:39 valid - loss: 0.1513, acc: 0.9587
Epoch 691/910
14:49:54 train - loss: 0.1909, acc: 0.9570
14:49:55 valid - loss: 0.1538, acc: 0.9570
Epoch 692/910
14:50:10 train - loss: 0.1826, acc: 0.9601
14:50:12 valid - loss: 0.1416, acc: 0.9595
Epoch 693/910
14:50:27 train - loss: 0.1871, acc: 0.9581
14:50:28 valid - loss: 0.1463, acc: 0.9568
Epoch 694/910
14:50:43 train - loss: 0.1813, acc: 0.9599
14:50:45 valid - loss: 0.1470, acc: 0.9596
Epoch 695/910
14:50:59 train - loss: 0.1871, acc: 0.9580
14:51:01 valid - loss: 0.1335, acc: 0.9608
Epoch 696/910
14:51:16 train - loss: 0.1822, acc: 0.9595
14:51:17 valid - loss: 0.1499, acc: 0.9582
Epoch 697/910
14:51:32 train - loss: 0.1836, acc: 0.9586
14:51:34 valid - loss: 0.1460, acc: 0.9590
Epoch 698/910
14:51:49 train - loss: 0.1796, acc: 0.9600
14:51:50 valid - loss: 0.1470, acc: 0.9596
Epoch 699/910
14:52:05 train - loss: 0.1823, acc: 0.9598
14:52:07 valid - loss: 0.1281, acc: 0.9626
Epoch 700/910
14:52:21 train - loss: 0.1774, acc: 0.9606
14:52:23 valid - loss: 0.1287, acc: 0.9641
Epoch 701/910
14:52:38 train - loss: 0.1740, acc: 0.9612
14:52:39 valid - loss: 0.1398, acc: 0.9605
Epoch 702/910
14:52:55 train - loss: 0.1767, acc: 0.9611
14:52:56 valid - loss: 0.1239, acc: 0.9632
Epoch 703/910
14:53:11 train - loss: 0.1821, acc: 0.9589
14:53:13 valid - loss: 0.1230, acc: 0.9645
Epoch 704/910
14:53:28 train - loss: 0.1726, acc: 0.9609
14:53:29 valid - loss: 0.1305, acc: 0.9600
Epoch 705/910
14:53:44 train - loss: 0.1842, acc: 0.9598
14:53:46 valid - loss: 0.1286, acc: 0.9648
Epoch 706/910
14:54:01 train - loss: 0.1740, acc: 0.9618
14:54:02 valid - loss: 0.1446, acc: 0.9602
Epoch 707/910
14:54:17 train - loss: 0.1722, acc: 0.9618
14:54:19 valid - loss: 0.1523, acc: 0.9578
Epoch 708/910
14:54:33 train - loss: 0.1744, acc: 0.9610
14:54:35 valid - loss: 0.1483, acc: 0.9578
Epoch 709/910
14:54:50 train - loss: 0.1725, acc: 0.9622
14:54:52 valid - loss: 0.1244, acc: 0.9647
Epoch 710/910
14:55:07 train - loss: 0.1713, acc: 0.9630
14:55:08 valid - loss: 0.1628, acc: 0.9539
Epoch 711/910
14:55:23 train - loss: 0.1749, acc: 0.9613
14:55:25 valid - loss: 0.1474, acc: 0.9602
Epoch 712/910
14:55:39 train - loss: 0.1734, acc: 0.9622
14:55:41 valid - loss: 0.1348, acc: 0.9625
Epoch 713/910
14:55:57 train - loss: 0.1675, acc: 0.9635
14:55:58 valid - loss: 0.1339, acc: 0.9627
Epoch 714/910
14:56:13 train - loss: 0.1705, acc: 0.9627
14:56:15 valid - loss: 0.1410, acc: 0.9615
Epoch 715/910
14:56:30 train - loss: 0.1636, acc: 0.9646
14:56:31 valid - loss: 0.1507, acc: 0.9593
Epoch 716/910
14:56:46 train - loss: 0.1641, acc: 0.9647
14:56:48 valid - loss: 0.1276, acc: 0.9645
Epoch 717/910
14:57:02 train - loss: 0.1669, acc: 0.9625
14:57:04 valid - loss: 0.1319, acc: 0.9644
Epoch 718/910
14:57:19 train - loss: 0.1659, acc: 0.9634
14:57:20 valid - loss: 0.1353, acc: 0.9625
Epoch 719/910
14:57:35 train - loss: 0.1647, acc: 0.9641
14:57:37 valid - loss: 0.1182, acc: 0.9653
Epoch 720/910
14:57:52 train - loss: 0.1577, acc: 0.9651
14:57:54 valid - loss: 0.1354, acc: 0.9629
Epoch 721/910
14:58:09 train - loss: 0.1636, acc: 0.9628
14:58:10 valid - loss: 0.1394, acc: 0.9621
Epoch 722/910
14:58:25 train - loss: 0.1634, acc: 0.9633
14:58:27 valid - loss: 0.1180, acc: 0.9650
Epoch 723/910
14:58:42 train - loss: 0.1592, acc: 0.9645
14:58:43 valid - loss: 0.1266, acc: 0.9626
Epoch 724/910
14:58:58 train - loss: 0.1624, acc: 0.9652
14:59:00 valid - loss: 0.1326, acc: 0.9645
Epoch 725/910
14:59:15 train - loss: 0.1649, acc: 0.9632
14:59:16 valid - loss: 0.1340, acc: 0.9633
Epoch 726/910
14:59:32 train - loss: 0.1596, acc: 0.9650
14:59:33 valid - loss: 0.1299, acc: 0.9648
Epoch 727/910
14:59:48 train - loss: 0.1528, acc: 0.9674
14:59:50 valid - loss: 0.1274, acc: 0.9639
Epoch 728/910
15:00:05 train - loss: 0.1551, acc: 0.9670
15:00:06 valid - loss: 0.1482, acc: 0.9608
Epoch 729/910
15:00:22 train - loss: 0.1542, acc: 0.9667
15:00:23 valid - loss: 0.1503, acc: 0.9596
Epoch 730/910
15:00:39 train - loss: 0.1608, acc: 0.9651
15:00:40 valid - loss: 0.1403, acc: 0.9618
Epoch 731/910
15:00:55 train - loss: 0.1519, acc: 0.9671
15:00:57 valid - loss: 0.1315, acc: 0.9639
Epoch 732/910
15:01:13 train - loss: 0.1541, acc: 0.9666
15:01:14 valid - loss: 0.1186, acc: 0.9669
Epoch 733/910
15:01:29 train - loss: 0.1525, acc: 0.9669
15:01:31 valid - loss: 0.1274, acc: 0.9641
Epoch 734/910
15:01:45 train - loss: 0.1561, acc: 0.9663
15:01:47 valid - loss: 0.1385, acc: 0.9615
Epoch 735/910
15:02:02 train - loss: 0.1482, acc: 0.9679
15:02:03 valid - loss: 0.1336, acc: 0.9628
Epoch 736/910
15:02:19 train - loss: 0.1513, acc: 0.9667
15:02:20 valid - loss: 0.1328, acc: 0.9634
Epoch 737/910
15:02:35 train - loss: 0.1476, acc: 0.9684
15:02:37 valid - loss: 0.1348, acc: 0.9629
Epoch 738/910
15:02:52 train - loss: 0.1539, acc: 0.9665
15:02:53 valid - loss: 0.1514, acc: 0.9599
Epoch 739/910
15:03:08 train - loss: 0.1487, acc: 0.9676
15:03:10 valid - loss: 0.1262, acc: 0.9663
Epoch 740/910
15:03:25 train - loss: 0.1438, acc: 0.9701
15:03:26 valid - loss: 0.1291, acc: 0.9657
Epoch 741/910
15:03:41 train - loss: 0.1417, acc: 0.9694
15:03:43 valid - loss: 0.1182, acc: 0.9672
Epoch 742/910
15:03:58 train - loss: 0.1451, acc: 0.9681
15:03:59 valid - loss: 0.1372, acc: 0.9622
Epoch 743/910
15:04:14 train - loss: 0.1454, acc: 0.9681
15:04:16 valid - loss: 0.1269, acc: 0.9675
Epoch 744/910
15:04:31 train - loss: 0.1394, acc: 0.9707
15:04:32 valid - loss: 0.1399, acc: 0.9621
Epoch 745/910
15:04:48 train - loss: 0.1438, acc: 0.9692
15:04:49 valid - loss: 0.1281, acc: 0.9630
Epoch 746/910
15:05:04 train - loss: 0.1398, acc: 0.9705
15:05:06 valid - loss: 0.1335, acc: 0.9653
Epoch 747/910
15:05:21 train - loss: 0.1424, acc: 0.9695
15:05:22 valid - loss: 0.1233, acc: 0.9673
Epoch 748/910
15:05:37 train - loss: 0.1429, acc: 0.9698
15:05:39 valid - loss: 0.1273, acc: 0.9661
Epoch 749/910
15:05:54 train - loss: 0.1419, acc: 0.9703
15:05:56 valid - loss: 0.1328, acc: 0.9647
Epoch 750/910
15:06:11 train - loss: 0.1392, acc: 0.9699
15:06:13 valid - loss: 0.1359, acc: 0.9641
Epoch 751/910
15:06:29 train - loss: 0.1377, acc: 0.9710
15:06:30 valid - loss: 0.1303, acc: 0.9644
Epoch 752/910
15:06:45 train - loss: 0.1396, acc: 0.9699
15:06:47 valid - loss: 0.1276, acc: 0.9639
Epoch 753/910
15:07:02 train - loss: 0.1349, acc: 0.9706
15:07:03 valid - loss: 0.1129, acc: 0.9681
Epoch 754/910
15:07:19 train - loss: 0.1366, acc: 0.9709
15:07:20 valid - loss: 0.1295, acc: 0.9652
Epoch 755/910
15:07:35 train - loss: 0.1335, acc: 0.9724
15:07:37 valid - loss: 0.1226, acc: 0.9667
Epoch 756/910
15:07:52 train - loss: 0.1329, acc: 0.9720
15:07:54 valid - loss: 0.1219, acc: 0.9662
Epoch 757/910
15:08:08 train - loss: 0.1300, acc: 0.9728
15:08:10 valid - loss: 0.1226, acc: 0.9669
Epoch 758/910
15:08:25 train - loss: 0.1337, acc: 0.9720
15:08:26 valid - loss: 0.1303, acc: 0.9641
Epoch 759/910
15:08:42 train - loss: 0.1290, acc: 0.9725
15:08:43 valid - loss: 0.1134, acc: 0.9688
Epoch 760/910
15:08:58 train - loss: 0.1263, acc: 0.9739
15:09:00 valid - loss: 0.1179, acc: 0.9682
Epoch 761/910
15:09:16 train - loss: 0.1297, acc: 0.9725
15:09:17 valid - loss: 0.1183, acc: 0.9677
Epoch 762/910
15:09:32 train - loss: 0.1308, acc: 0.9726
15:09:34 valid - loss: 0.1231, acc: 0.9671
Epoch 763/910
15:09:48 train - loss: 0.1250, acc: 0.9739
15:09:50 valid - loss: 0.1165, acc: 0.9671
Epoch 764/910
15:10:05 train - loss: 0.1241, acc: 0.9737
15:10:06 valid - loss: 0.1312, acc: 0.9655
Epoch 765/910
15:10:21 train - loss: 0.1273, acc: 0.9729
15:10:23 valid - loss: 0.1258, acc: 0.9653
Epoch 766/910
15:10:39 train - loss: 0.1224, acc: 0.9745
15:10:40 valid - loss: 0.1092, acc: 0.9709
Epoch 767/910
15:10:56 train - loss: 0.1242, acc: 0.9736
15:10:57 valid - loss: 0.1125, acc: 0.9684
Epoch 768/910
15:11:13 train - loss: 0.1210, acc: 0.9741
15:11:15 valid - loss: 0.1223, acc: 0.9674
Epoch 769/910
15:11:30 train - loss: 0.1181, acc: 0.9759
15:11:32 valid - loss: 0.1163, acc: 0.9687
Epoch 770/910
15:11:48 train - loss: 0.1238, acc: 0.9740
15:11:49 valid - loss: 0.1200, acc: 0.9673
Epoch 771/910
15:12:04 train - loss: 0.1205, acc: 0.9743
15:12:06 valid - loss: 0.1217, acc: 0.9673
Epoch 772/910
15:12:21 train - loss: 0.1230, acc: 0.9747
15:12:22 valid - loss: 0.1154, acc: 0.9689
Epoch 773/910
15:12:38 train - loss: 0.1204, acc: 0.9744
15:12:39 valid - loss: 0.1254, acc: 0.9664
Epoch 774/910
15:12:54 train - loss: 0.1170, acc: 0.9757
15:12:56 valid - loss: 0.1305, acc: 0.9645
Epoch 775/910
15:13:11 train - loss: 0.1148, acc: 0.9757
15:13:12 valid - loss: 0.1299, acc: 0.9642
Epoch 776/910
15:13:27 train - loss: 0.1162, acc: 0.9758
15:13:29 valid - loss: 0.1188, acc: 0.9680
Epoch 777/910
15:13:44 train - loss: 0.1144, acc: 0.9759
15:13:45 valid - loss: 0.1178, acc: 0.9670
Epoch 778/910
15:14:01 train - loss: 0.1167, acc: 0.9749
15:14:02 valid - loss: 0.1204, acc: 0.9679
Epoch 779/910
15:14:17 train - loss: 0.1145, acc: 0.9767
15:14:19 valid - loss: 0.1213, acc: 0.9671
Epoch 780/910
15:14:34 train - loss: 0.1186, acc: 0.9746
15:14:35 valid - loss: 0.1184, acc: 0.9682
Epoch 781/910
15:14:50 train - loss: 0.1096, acc: 0.9773
15:14:52 valid - loss: 0.1232, acc: 0.9677
Epoch 782/910
15:15:07 train - loss: 0.1148, acc: 0.9760
15:15:08 valid - loss: 0.1257, acc: 0.9652
Epoch 783/910
15:15:24 train - loss: 0.1136, acc: 0.9761
15:15:25 valid - loss: 0.1148, acc: 0.9696
Epoch 784/910
15:15:41 train - loss: 0.1100, acc: 0.9776
15:15:42 valid - loss: 0.1317, acc: 0.9671
Epoch 785/910
15:15:57 train - loss: 0.1090, acc: 0.9773
15:15:59 valid - loss: 0.1113, acc: 0.9711
Epoch 786/910
15:16:14 train - loss: 0.1080, acc: 0.9786
15:16:16 valid - loss: 0.1118, acc: 0.9716
Epoch 787/910
15:16:31 train - loss: 0.1097, acc: 0.9777
15:16:33 valid - loss: 0.1180, acc: 0.9680
Epoch 788/910
15:16:48 train - loss: 0.1101, acc: 0.9770
15:16:49 valid - loss: 0.1093, acc: 0.9712
Epoch 789/910
15:17:05 train - loss: 0.1083, acc: 0.9783
15:17:06 valid - loss: 0.1169, acc: 0.9700
Epoch 790/910
15:17:22 train - loss: 0.1047, acc: 0.9779
15:17:23 valid - loss: 0.1133, acc: 0.9702
Epoch 791/910
15:17:39 train - loss: 0.1085, acc: 0.9776
15:17:40 valid - loss: 0.1204, acc: 0.9687
Epoch 792/910
15:17:55 train - loss: 0.1027, acc: 0.9794
15:17:57 valid - loss: 0.1143, acc: 0.9700
Epoch 793/910
15:18:12 train - loss: 0.1030, acc: 0.9785
15:18:13 valid - loss: 0.1152, acc: 0.9686
Epoch 794/910
15:18:28 train - loss: 0.0988, acc: 0.9795
15:18:30 valid - loss: 0.1238, acc: 0.9679
Epoch 795/910
15:18:45 train - loss: 0.1014, acc: 0.9787
15:18:46 valid - loss: 0.1098, acc: 0.9686
Epoch 796/910
15:19:01 train - loss: 0.1024, acc: 0.9792
15:19:02 valid - loss: 0.1189, acc: 0.9685
Epoch 797/910
15:19:17 train - loss: 0.1039, acc: 0.9782
15:19:19 valid - loss: 0.1155, acc: 0.9680
Epoch 798/910
15:19:34 train - loss: 0.1022, acc: 0.9791
15:19:35 valid - loss: 0.1108, acc: 0.9715
Epoch 799/910
15:19:50 train - loss: 0.0985, acc: 0.9799
15:19:52 valid - loss: 0.1183, acc: 0.9688
Epoch 800/910
15:20:07 train - loss: 0.0986, acc: 0.9791
15:20:08 valid - loss: 0.1043, acc: 0.9729
Epoch 801/910
15:20:23 train - loss: 0.1009, acc: 0.9796
15:20:25 valid - loss: 0.1169, acc: 0.9699
Epoch 802/910
15:20:40 train - loss: 0.0994, acc: 0.9798
15:20:41 valid - loss: 0.1082, acc: 0.9712
Epoch 803/910
15:20:57 train - loss: 0.0992, acc: 0.9796
15:20:58 valid - loss: 0.1183, acc: 0.9701
Epoch 804/910
15:21:13 train - loss: 0.0931, acc: 0.9815
15:21:15 valid - loss: 0.1149, acc: 0.9707
Epoch 805/910
15:21:30 train - loss: 0.0977, acc: 0.9797
15:21:32 valid - loss: 0.1113, acc: 0.9706
Epoch 806/910
15:21:47 train - loss: 0.0946, acc: 0.9807
15:21:48 valid - loss: 0.1115, acc: 0.9709
Epoch 807/910
15:22:03 train - loss: 0.0895, acc: 0.9823
15:22:05 valid - loss: 0.1102, acc: 0.9718
Epoch 808/910
15:22:21 train - loss: 0.0906, acc: 0.9816
15:22:22 valid - loss: 0.1114, acc: 0.9721
Epoch 809/910
15:22:37 train - loss: 0.0929, acc: 0.9815
15:22:39 valid - loss: 0.1117, acc: 0.9701
Epoch 810/910
15:22:53 train - loss: 0.0903, acc: 0.9815
15:22:55 valid - loss: 0.1088, acc: 0.9720
Epoch 811/910
15:23:10 train - loss: 0.0949, acc: 0.9810
15:23:11 valid - loss: 0.1166, acc: 0.9711
Epoch 812/910
15:23:26 train - loss: 0.0897, acc: 0.9824
15:23:28 valid - loss: 0.1168, acc: 0.9702
Epoch 813/910
15:23:43 train - loss: 0.0901, acc: 0.9817
15:23:44 valid - loss: 0.1156, acc: 0.9711
Epoch 814/910
15:24:00 train - loss: 0.0878, acc: 0.9819
15:24:02 valid - loss: 0.1199, acc: 0.9704
Epoch 815/910
15:24:17 train - loss: 0.0881, acc: 0.9827
15:24:19 valid - loss: 0.1178, acc: 0.9696
Epoch 816/910
15:24:34 train - loss: 0.0898, acc: 0.9812
15:24:35 valid - loss: 0.1144, acc: 0.9704
Epoch 817/910
15:24:51 train - loss: 0.0862, acc: 0.9833
15:24:53 valid - loss: 0.1133, acc: 0.9706
Epoch 818/910
15:25:08 train - loss: 0.0855, acc: 0.9832
15:25:10 valid - loss: 0.1139, acc: 0.9706
Epoch 819/910
15:25:25 train - loss: 0.0825, acc: 0.9837
15:25:26 valid - loss: 0.1155, acc: 0.9699
Epoch 820/910
15:25:42 train - loss: 0.0828, acc: 0.9833
15:25:44 valid - loss: 0.1119, acc: 0.9714
Epoch 821/910
15:25:59 train - loss: 0.0851, acc: 0.9833
15:26:01 valid - loss: 0.1055, acc: 0.9728
Epoch 822/910
15:26:16 train - loss: 0.0810, acc: 0.9843
15:26:17 valid - loss: 0.1057, acc: 0.9735
Epoch 823/910
15:26:33 train - loss: 0.0794, acc: 0.9845
15:26:35 valid - loss: 0.1021, acc: 0.9724
Epoch 824/910
15:26:50 train - loss: 0.0842, acc: 0.9834
15:26:52 valid - loss: 0.1056, acc: 0.9732
Epoch 825/910
15:27:07 train - loss: 0.0821, acc: 0.9833
15:27:08 valid - loss: 0.1062, acc: 0.9716
Epoch 826/910
15:27:24 train - loss: 0.0799, acc: 0.9838
15:27:26 valid - loss: 0.1053, acc: 0.9740
Epoch 827/910
15:27:41 train - loss: 0.0819, acc: 0.9838
15:27:42 valid - loss: 0.1074, acc: 0.9728
Epoch 828/910
15:27:57 train - loss: 0.0774, acc: 0.9850
15:27:59 valid - loss: 0.1092, acc: 0.9723
Epoch 829/910
15:28:14 train - loss: 0.0822, acc: 0.9838
15:28:15 valid - loss: 0.1095, acc: 0.9724
Epoch 830/910
15:28:30 train - loss: 0.0788, acc: 0.9849
15:28:32 valid - loss: 0.1055, acc: 0.9734
Epoch 831/910
15:28:47 train - loss: 0.0803, acc: 0.9845
15:28:48 valid - loss: 0.1051, acc: 0.9739
Epoch 832/910
15:29:03 train - loss: 0.0790, acc: 0.9839
15:29:05 valid - loss: 0.1082, acc: 0.9724
Epoch 833/910
15:29:20 train - loss: 0.0763, acc: 0.9850
15:29:22 valid - loss: 0.1094, acc: 0.9713
Epoch 834/910
15:29:38 train - loss: 0.0785, acc: 0.9848
15:29:39 valid - loss: 0.1098, acc: 0.9722
Epoch 835/910
15:29:54 train - loss: 0.0775, acc: 0.9854
15:29:56 valid - loss: 0.1092, acc: 0.9729
Epoch 836/910
15:30:10 train - loss: 0.0775, acc: 0.9848
15:30:12 valid - loss: 0.1067, acc: 0.9728
Epoch 837/910
15:30:27 train - loss: 0.0757, acc: 0.9853
15:30:28 valid - loss: 0.1077, acc: 0.9727
Epoch 838/910
15:30:44 train - loss: 0.0753, acc: 0.9855
15:30:45 valid - loss: 0.1116, acc: 0.9725
Epoch 839/910
15:31:00 train - loss: 0.0758, acc: 0.9852
15:31:02 valid - loss: 0.1058, acc: 0.9733
Epoch 840/910
15:31:17 train - loss: 0.0717, acc: 0.9866
15:31:19 valid - loss: 0.1092, acc: 0.9740
Epoch 841/910
15:31:34 train - loss: 0.0752, acc: 0.9851
15:31:35 valid - loss: 0.1100, acc: 0.9725
Epoch 842/910
15:31:50 train - loss: 0.0731, acc: 0.9861
15:31:52 valid - loss: 0.1086, acc: 0.9730
Epoch 843/910
15:32:07 train - loss: 0.0749, acc: 0.9855
15:32:08 valid - loss: 0.1044, acc: 0.9745
Epoch 844/910
15:32:23 train - loss: 0.0746, acc: 0.9854
15:32:25 valid - loss: 0.1031, acc: 0.9737
Epoch 845/910
15:32:40 train - loss: 0.0749, acc: 0.9860
15:32:41 valid - loss: 0.1042, acc: 0.9738
Epoch 846/910
15:32:56 train - loss: 0.0725, acc: 0.9861
15:32:57 valid - loss: 0.1038, acc: 0.9737
Epoch 847/910
15:33:12 train - loss: 0.0723, acc: 0.9859
15:33:14 valid - loss: 0.1108, acc: 0.9723
Epoch 848/910
15:33:29 train - loss: 0.0699, acc: 0.9865
15:33:30 valid - loss: 0.1067, acc: 0.9740
Epoch 849/910
15:33:45 train - loss: 0.0704, acc: 0.9873
15:33:47 valid - loss: 0.1111, acc: 0.9740
Epoch 850/910
15:34:02 train - loss: 0.0705, acc: 0.9866
15:34:03 valid - loss: 0.1070, acc: 0.9729
Epoch 851/910
15:34:18 train - loss: 0.0657, acc: 0.9880
15:34:20 valid - loss: 0.1051, acc: 0.9745
Epoch 852/910
15:34:34 train - loss: 0.0684, acc: 0.9868
15:34:36 valid - loss: 0.1104, acc: 0.9739
Epoch 853/910
15:34:51 train - loss: 0.0683, acc: 0.9872
15:34:52 valid - loss: 0.1061, acc: 0.9736
Epoch 854/910
15:35:07 train - loss: 0.0706, acc: 0.9866
15:35:09 valid - loss: 0.1044, acc: 0.9732
Epoch 855/910
15:35:24 train - loss: 0.0707, acc: 0.9867
15:35:25 valid - loss: 0.1051, acc: 0.9736
Epoch 856/910
15:35:40 train - loss: 0.0664, acc: 0.9878
15:35:42 valid - loss: 0.1084, acc: 0.9731
Epoch 857/910
15:35:57 train - loss: 0.0654, acc: 0.9880
15:35:58 valid - loss: 0.1058, acc: 0.9731
Epoch 858/910
15:36:13 train - loss: 0.0674, acc: 0.9874
15:36:15 valid - loss: 0.1065, acc: 0.9736
Epoch 859/910
15:36:29 train - loss: 0.0659, acc: 0.9878
15:36:31 valid - loss: 0.1068, acc: 0.9733
Epoch 860/910
15:36:47 train - loss: 0.0669, acc: 0.9872
15:36:48 valid - loss: 0.1065, acc: 0.9736
Epoch 861/910
15:37:03 train - loss: 0.0671, acc: 0.9878
15:37:05 valid - loss: 0.1049, acc: 0.9732
Epoch 862/910
15:37:20 train - loss: 0.0663, acc: 0.9872
15:37:21 valid - loss: 0.1038, acc: 0.9735
Epoch 863/910
15:37:36 train - loss: 0.0658, acc: 0.9875
15:37:38 valid - loss: 0.1048, acc: 0.9737
Epoch 864/910
15:37:52 train - loss: 0.0677, acc: 0.9872
15:37:54 valid - loss: 0.1039, acc: 0.9747
Epoch 865/910
15:38:10 train - loss: 0.0672, acc: 0.9873
15:38:11 valid - loss: 0.1023, acc: 0.9752
Epoch 866/910
15:38:26 train - loss: 0.0641, acc: 0.9878
15:38:28 valid - loss: 0.1027, acc: 0.9741
Epoch 867/910
15:38:42 train - loss: 0.0683, acc: 0.9871
15:38:44 valid - loss: 0.1046, acc: 0.9745
Epoch 868/910
15:38:59 train - loss: 0.0634, acc: 0.9885
15:39:01 valid - loss: 0.1034, acc: 0.9734
Epoch 869/910
15:39:16 train - loss: 0.0626, acc: 0.9885
15:39:18 valid - loss: 0.1038, acc: 0.9737
Epoch 870/910
15:39:34 train - loss: 0.0654, acc: 0.9881
15:39:35 valid - loss: 0.1040, acc: 0.9736
Epoch 871/910
15:39:50 train - loss: 0.0659, acc: 0.9878
15:39:51 valid - loss: 0.1044, acc: 0.9737
Epoch 872/910
15:40:06 train - loss: 0.0645, acc: 0.9883
15:40:08 valid - loss: 0.1032, acc: 0.9744
Epoch 873/910
15:40:23 train - loss: 0.0648, acc: 0.9876
15:40:25 valid - loss: 0.1035, acc: 0.9746
Epoch 874/910
15:40:40 train - loss: 0.0627, acc: 0.9884
15:40:41 valid - loss: 0.1034, acc: 0.9744
Epoch 875/910
15:40:57 train - loss: 0.0636, acc: 0.9880
15:40:59 valid - loss: 0.1030, acc: 0.9748
Epoch 876/910
15:41:14 train - loss: 0.0667, acc: 0.9875
15:41:15 valid - loss: 0.1021, acc: 0.9750
Epoch 877/910
15:41:30 train - loss: 0.0632, acc: 0.9888
15:41:32 valid - loss: 0.1042, acc: 0.9747
Epoch 878/910
15:41:47 train - loss: 0.0643, acc: 0.9886
15:41:48 valid - loss: 0.1044, acc: 0.9744
Epoch 879/910
15:42:04 train - loss: 0.0652, acc: 0.9875
15:42:06 valid - loss: 0.1037, acc: 0.9742
Epoch 880/910
15:42:21 train - loss: 0.0631, acc: 0.9882
15:42:22 valid - loss: 0.1054, acc: 0.9742
Epoch 881/910
15:42:38 train - loss: 0.0630, acc: 0.9882
15:42:39 valid - loss: 0.1034, acc: 0.9734
Epoch 882/910
15:42:54 train - loss: 0.0628, acc: 0.9883
15:42:56 valid - loss: 0.1013, acc: 0.9746
Epoch 883/910
15:43:11 train - loss: 0.0640, acc: 0.9882
15:43:13 valid - loss: 0.1020, acc: 0.9743
Epoch 884/910
15:43:28 train - loss: 0.0655, acc: 0.9885
15:43:30 valid - loss: 0.1023, acc: 0.9743
Epoch 885/910
15:43:45 train - loss: 0.0648, acc: 0.9881
15:43:46 valid - loss: 0.1023, acc: 0.9744
Epoch 886/910
15:44:01 train - loss: 0.0644, acc: 0.9882
15:44:03 valid - loss: 0.1025, acc: 0.9750
Epoch 887/910
15:44:17 train - loss: 0.0633, acc: 0.9887
15:44:19 valid - loss: 0.1037, acc: 0.9735
Epoch 888/910
15:44:34 train - loss: 0.0638, acc: 0.9884
15:44:35 valid - loss: 0.1026, acc: 0.9741
Epoch 889/910
15:44:50 train - loss: 0.0641, acc: 0.9878
15:44:52 valid - loss: 0.1033, acc: 0.9745
Epoch 890/910
15:45:07 train - loss: 0.0634, acc: 0.9884
15:45:08 valid - loss: 0.1031, acc: 0.9745
Epoch 891/910
15:45:23 train - loss: 0.0621, acc: 0.9881
15:45:25 valid - loss: 0.1026, acc: 0.9747
Epoch 892/910
15:45:39 train - loss: 0.0628, acc: 0.9884
15:45:41 valid - loss: 0.1021, acc: 0.9747
Epoch 893/910
15:45:56 train - loss: 0.0605, acc: 0.9897
15:45:57 valid - loss: 0.1025, acc: 0.9743
Epoch 894/910
15:46:13 train - loss: 0.0616, acc: 0.9890
15:46:15 valid - loss: 0.1026, acc: 0.9745
Epoch 895/910
15:46:30 train - loss: 0.0616, acc: 0.9885
15:46:31 valid - loss: 0.1027, acc: 0.9742
Epoch 896/910
15:46:46 train - loss: 0.0641, acc: 0.9885
15:46:48 valid - loss: 0.1035, acc: 0.9744
Epoch 897/910
15:47:03 train - loss: 0.0646, acc: 0.9880
15:47:04 valid - loss: 0.1022, acc: 0.9746
Epoch 898/910
15:47:20 train - loss: 0.0622, acc: 0.9889
15:47:21 valid - loss: 0.1031, acc: 0.9742
Epoch 899/910
15:47:36 train - loss: 0.0657, acc: 0.9875
15:47:38 valid - loss: 0.1021, acc: 0.9749
Epoch 900/910
15:47:53 train - loss: 0.0646, acc: 0.9881
15:47:54 valid - loss: 0.1026, acc: 0.9744
Epoch 901/910
15:48:10 train - loss: 0.0663, acc: 0.9875
15:48:11 valid - loss: 0.1022, acc: 0.9747
Epoch 902/910
15:48:26 train - loss: 0.0655, acc: 0.9880
15:48:28 valid - loss: 0.1031, acc: 0.9741
Epoch 903/910
15:48:43 train - loss: 0.0644, acc: 0.9881
15:48:44 valid - loss: 0.1030, acc: 0.9745
Epoch 904/910
15:48:59 train - loss: 0.0632, acc: 0.9889
15:49:01 valid - loss: 0.1025, acc: 0.9747
Epoch 905/910
15:49:16 train - loss: 0.0645, acc: 0.9884
15:49:18 valid - loss: 0.1026, acc: 0.9742
Epoch 906/910
15:49:34 train - loss: 0.0622, acc: 0.9885
15:49:35 valid - loss: 0.1030, acc: 0.9742
Epoch 907/910
15:49:51 train - loss: 0.0638, acc: 0.9884
15:49:52 valid - loss: 0.1023, acc: 0.9749
Epoch 908/910
15:50:08 train - loss: 0.0653, acc: 0.9877
15:50:10 valid - loss: 0.1024, acc: 0.9744
Epoch 909/910
15:50:25 train - loss: 0.0641, acc: 0.9883
15:50:26 valid - loss: 0.1028, acc: 0.9739
Epoch 910/910
15:50:41 train - loss: 0.0657, acc: 0.9874
15:50:42 valid - loss: 0.1025, acc: 0.9746