22:58:15 Start training
Epoch 1/600
WARNING:tensorflow:From /usr/local/lib/python3.6/dist-packages/tensorflow/python/data/ops/multi_device_iterator_ops.py:601: get_next_as_optional (from tensorflow.python.data.ops.iterator_ops) is deprecated and will be removed in a future version.
Instructions for updating:
Use `tf.data.Iterator.get_next_as_optional()` instead.
WARNING:tensorflow:From /usr/local/lib/python3.6/dist-packages/tensorflow/python/data/ops/multi_device_iterator_ops.py:601: get_next_as_optional (from tensorflow.python.data.ops.iterator_ops) is deprecated and will be removed in a future version.
Instructions for updating:
Use `tf.data.Iterator.get_next_as_optional()` instead.
23:09:17 train - loss: 2.7036, acc: 0.2819
23:10:57 valid - loss: 1.6633, acc: 0.4011
Epoch 2/600
23:11:36 train - loss: 2.2096, acc: 0.4299
23:11:37 valid - loss: 1.3870, acc: 0.5256
Epoch 3/600
23:12:16 train - loss: 1.8884, acc: 0.5230
23:12:17 valid - loss: 1.4097, acc: 0.5436
Epoch 4/600
23:12:56 train - loss: 1.6566, acc: 0.5871
23:12:57 valid - loss: 1.0362, acc: 0.6400
Epoch 5/600
23:13:36 train - loss: 1.4852, acc: 0.6339
23:13:37 valid - loss: 0.7389, acc: 0.7436
Epoch 6/600
23:14:16 train - loss: 1.3393, acc: 0.6704
23:14:17 valid - loss: 0.8210, acc: 0.7237
Epoch 7/600
23:14:56 train - loss: 1.2390, acc: 0.6969
23:14:57 valid - loss: 0.7129, acc: 0.7521
Epoch 8/600
23:15:36 train - loss: 1.1493, acc: 0.7231
23:15:37 valid - loss: 0.7309, acc: 0.7569
Epoch 9/600
23:16:15 train - loss: 1.0799, acc: 0.7387
23:16:17 valid - loss: 0.6742, acc: 0.7786
Epoch 10/600
23:16:55 train - loss: 1.0254, acc: 0.7522
23:16:57 valid - loss: 0.5442, acc: 0.8204
Epoch 11/600
23:17:35 train - loss: 0.9654, acc: 0.7665
23:17:36 valid - loss: 0.5113, acc: 0.8291
Epoch 12/600
23:18:15 train - loss: 0.9313, acc: 0.7765
23:18:16 valid - loss: 0.5726, acc: 0.8047
Epoch 13/600
23:18:54 train - loss: 0.8949, acc: 0.7850
23:18:56 valid - loss: 0.5215, acc: 0.8228
Epoch 14/600
23:19:34 train - loss: 0.8560, acc: 0.7926
23:19:36 valid - loss: 0.4635, acc: 0.8467
Epoch 15/600
23:20:14 train - loss: 0.8329, acc: 0.7992
23:20:15 valid - loss: 0.5770, acc: 0.8059
Epoch 16/600
23:20:54 train - loss: 0.8069, acc: 0.8073
23:20:55 valid - loss: 0.4481, acc: 0.8529
Epoch 17/600
23:21:33 train - loss: 0.7789, acc: 0.8145
23:21:35 valid - loss: 0.4518, acc: 0.8518
Epoch 18/600
23:22:13 train - loss: 0.7604, acc: 0.8179
23:22:15 valid - loss: 0.3938, acc: 0.8693
Epoch 19/600
23:22:53 train - loss: 0.7445, acc: 0.8219
23:22:54 valid - loss: 0.3824, acc: 0.8690
Epoch 20/600
23:23:32 train - loss: 0.7195, acc: 0.8279
23:23:34 valid - loss: 0.4114, acc: 0.8667
Epoch 21/600
23:24:12 train - loss: 0.7055, acc: 0.8300
23:24:14 valid - loss: 0.3534, acc: 0.8807
Epoch 22/600
23:24:52 train - loss: 0.6913, acc: 0.8336
23:24:53 valid - loss: 0.3873, acc: 0.8745
Epoch 23/600
23:25:32 train - loss: 0.6832, acc: 0.8363
23:25:33 valid - loss: 0.3534, acc: 0.8798
Epoch 24/600
23:26:11 train - loss: 0.6670, acc: 0.8399
23:26:13 valid - loss: 0.4307, acc: 0.8593
Epoch 25/600
23:26:51 train - loss: 0.6632, acc: 0.8417
23:26:53 valid - loss: 0.3692, acc: 0.8742
Epoch 26/600
23:27:31 train - loss: 0.6514, acc: 0.8429
23:27:32 valid - loss: 0.3569, acc: 0.8817
Epoch 27/600
23:28:11 train - loss: 0.6349, acc: 0.8495
23:28:12 valid - loss: 0.4030, acc: 0.8722
Epoch 28/600
23:28:50 train - loss: 0.6285, acc: 0.8497
23:28:52 valid - loss: 0.3827, acc: 0.8772
Epoch 29/600
23:29:30 train - loss: 0.6130, acc: 0.8525
23:29:32 valid - loss: 0.3496, acc: 0.8859
Epoch 30/600
23:30:10 train - loss: 0.6067, acc: 0.8538
23:30:12 valid - loss: 0.3327, acc: 0.8878
Epoch 31/600
23:30:50 train - loss: 0.6071, acc: 0.8556
23:30:51 valid - loss: 0.4166, acc: 0.8645
Epoch 32/600
23:31:30 train - loss: 0.5874, acc: 0.8594
23:31:31 valid - loss: 0.3125, acc: 0.8953
Epoch 33/600
23:32:09 train - loss: 0.5873, acc: 0.8577
23:32:11 valid - loss: 0.3171, acc: 0.8965
Epoch 34/600
23:32:49 train - loss: 0.5799, acc: 0.8625
23:32:51 valid - loss: 0.3985, acc: 0.8750
Epoch 35/600
23:33:29 train - loss: 0.5738, acc: 0.8637
23:33:31 valid - loss: 0.2742, acc: 0.9090
Epoch 36/600
23:34:09 train - loss: 0.5708, acc: 0.8637
23:34:11 valid - loss: 0.3026, acc: 0.9004
Epoch 37/600
23:34:49 train - loss: 0.5642, acc: 0.8642
23:34:50 valid - loss: 0.2740, acc: 0.9075
Epoch 38/600
23:35:29 train - loss: 0.5639, acc: 0.8641
23:35:30 valid - loss: 0.2801, acc: 0.9064
Epoch 39/600
23:36:09 train - loss: 0.5460, acc: 0.8697
23:36:10 valid - loss: 0.3129, acc: 0.8998
Epoch 40/600
23:36:48 train - loss: 0.5521, acc: 0.8701
23:36:50 valid - loss: 0.3514, acc: 0.8847
Epoch 41/600
23:37:28 train - loss: 0.5457, acc: 0.8713
23:37:30 valid - loss: 0.3274, acc: 0.8888
Epoch 42/600
23:38:08 train - loss: 0.5381, acc: 0.8730
23:38:10 valid - loss: 0.3085, acc: 0.8999
Epoch 43/600
23:38:48 train - loss: 0.5335, acc: 0.8750
23:38:50 valid - loss: 0.2733, acc: 0.9100
Epoch 44/600
23:39:28 train - loss: 0.5355, acc: 0.8717
23:39:30 valid - loss: 0.2788, acc: 0.9090
Epoch 45/600
23:40:08 train - loss: 0.5282, acc: 0.8744
23:40:09 valid - loss: 0.3620, acc: 0.8853
Epoch 46/600
23:40:48 train - loss: 0.5282, acc: 0.8756
23:40:49 valid - loss: 0.2805, acc: 0.9070
Epoch 47/600
23:41:28 train - loss: 0.5199, acc: 0.8769
23:41:29 valid - loss: 0.2835, acc: 0.9037
Epoch 48/600
23:42:08 train - loss: 0.5253, acc: 0.8748
23:42:09 valid - loss: 0.2938, acc: 0.9035
Epoch 49/600
23:42:48 train - loss: 0.5175, acc: 0.8786
23:42:49 valid - loss: 0.3221, acc: 0.8954
Epoch 50/600
23:43:28 train - loss: 0.5205, acc: 0.8768
23:43:29 valid - loss: 0.2889, acc: 0.9038
Epoch 51/600
23:44:07 train - loss: 0.5087, acc: 0.8794
23:44:09 valid - loss: 0.2972, acc: 0.9024
Epoch 52/600
23:44:47 train - loss: 0.5048, acc: 0.8825
23:44:49 valid - loss: 0.3195, acc: 0.8971
Epoch 53/600
23:45:27 train - loss: 0.5018, acc: 0.8807
23:45:29 valid - loss: 0.2857, acc: 0.9063
Epoch 54/600
23:46:07 train - loss: 0.5097, acc: 0.8803
23:46:09 valid - loss: 0.2776, acc: 0.9083
Epoch 55/600
23:46:47 train - loss: 0.4962, acc: 0.8834
23:46:49 valid - loss: 0.2864, acc: 0.9061
Epoch 56/600
23:47:27 train - loss: 0.4917, acc: 0.8853
23:47:29 valid - loss: 0.2814, acc: 0.9116
Epoch 57/600
23:48:07 train - loss: 0.4911, acc: 0.8851
23:48:09 valid - loss: 0.2923, acc: 0.9022
Epoch 58/600
23:48:47 train - loss: 0.4896, acc: 0.8834
23:48:49 valid - loss: 0.2353, acc: 0.9217
Epoch 59/600
23:49:27 train - loss: 0.4913, acc: 0.8847
23:49:29 valid - loss: 0.2706, acc: 0.9094
Epoch 60/600
23:50:07 train - loss: 0.4874, acc: 0.8861
23:50:09 valid - loss: 0.2561, acc: 0.9181
Epoch 61/600
23:50:47 train - loss: 0.4872, acc: 0.8859
23:50:48 valid - loss: 0.2303, acc: 0.9242
Epoch 62/600
23:51:27 train - loss: 0.4787, acc: 0.8872
23:51:28 valid - loss: 0.3254, acc: 0.8981
Epoch 63/600
23:52:07 train - loss: 0.4791, acc: 0.8872
23:52:08 valid - loss: 0.2725, acc: 0.9104
Epoch 64/600
23:52:47 train - loss: 0.4853, acc: 0.8849
23:52:48 valid - loss: 0.2600, acc: 0.9131
Epoch 65/600
23:53:27 train - loss: 0.4816, acc: 0.8856
23:53:28 valid - loss: 0.2666, acc: 0.9114
Epoch 66/600
23:54:07 train - loss: 0.4728, acc: 0.8884
23:54:08 valid - loss: 0.2411, acc: 0.9187
Epoch 67/600
23:54:47 train - loss: 0.4686, acc: 0.8905
23:54:48 valid - loss: 0.2803, acc: 0.9064
Epoch 68/600
23:55:26 train - loss: 0.4684, acc: 0.8905
23:55:28 valid - loss: 0.2978, acc: 0.9066
Epoch 69/600
23:56:06 train - loss: 0.4735, acc: 0.8896
23:56:08 valid - loss: 0.2635, acc: 0.9149
Epoch 70/600
23:56:46 train - loss: 0.4693, acc: 0.8880
23:56:48 valid - loss: 0.2465, acc: 0.9177
Epoch 71/600
23:57:26 train - loss: 0.4687, acc: 0.8890
23:57:28 valid - loss: 0.2593, acc: 0.9122
Epoch 72/600
23:58:06 train - loss: 0.4608, acc: 0.8911
23:58:08 valid - loss: 0.2278, acc: 0.9245
Epoch 73/600
23:58:46 train - loss: 0.4610, acc: 0.8911
23:58:48 valid - loss: 0.2529, acc: 0.9169
Epoch 74/600
23:59:26 train - loss: 0.4713, acc: 0.8889
23:59:27 valid - loss: 0.2651, acc: 0.9124
Epoch 75/600
00:00:06 train - loss: 0.4606, acc: 0.8912
00:00:07 valid - loss: 0.2900, acc: 0.9049
Epoch 76/600
00:00:46 train - loss: 0.4540, acc: 0.8924
00:00:47 valid - loss: 0.2673, acc: 0.9150
Epoch 77/600
00:01:25 train - loss: 0.4582, acc: 0.8923
00:01:27 valid - loss: 0.3264, acc: 0.8921
Epoch 78/600
00:02:05 train - loss: 0.4546, acc: 0.8936
00:02:07 valid - loss: 0.2439, acc: 0.9197
Epoch 79/600
00:02:45 train - loss: 0.4510, acc: 0.8955
00:02:47 valid - loss: 0.2572, acc: 0.9173
Epoch 80/600
00:03:25 train - loss: 0.4485, acc: 0.8951
00:03:27 valid - loss: 0.2628, acc: 0.9169
Epoch 81/600
00:04:05 train - loss: 0.4430, acc: 0.8964
00:04:07 valid - loss: 0.2272, acc: 0.9260
Epoch 82/600
00:04:45 train - loss: 0.4485, acc: 0.8947
00:04:47 valid - loss: 0.2480, acc: 0.9201
Epoch 83/600
00:05:25 train - loss: 0.4474, acc: 0.8960
00:05:27 valid - loss: 0.2206, acc: 0.9264
Epoch 84/600
00:06:05 train - loss: 0.4502, acc: 0.8931
00:06:07 valid - loss: 0.2112, acc: 0.9317
Epoch 85/600
00:06:45 train - loss: 0.4481, acc: 0.8941
00:06:47 valid - loss: 0.3364, acc: 0.8927
Epoch 86/600
00:07:25 train - loss: 0.4446, acc: 0.8955
00:07:27 valid - loss: 0.2519, acc: 0.9186
Epoch 87/600
00:08:05 train - loss: 0.4411, acc: 0.8974
00:08:07 valid - loss: 0.2203, acc: 0.9281
Epoch 88/600
00:08:45 train - loss: 0.4455, acc: 0.8973
00:08:47 valid - loss: 0.2608, acc: 0.9138
Epoch 89/600
00:09:25 train - loss: 0.4429, acc: 0.8979
00:09:27 valid - loss: 0.3170, acc: 0.8995
Epoch 90/600
00:10:05 train - loss: 0.4395, acc: 0.8956
00:10:07 valid - loss: 0.2564, acc: 0.9186
Epoch 91/600
00:10:45 train - loss: 0.4439, acc: 0.8960
00:10:47 valid - loss: 0.2900, acc: 0.9061
Epoch 92/600
00:11:25 train - loss: 0.4296, acc: 0.8996
00:11:27 valid - loss: 0.3362, acc: 0.8948
Epoch 93/600
00:12:05 train - loss: 0.4389, acc: 0.8973
00:12:07 valid - loss: 0.2397, acc: 0.9221
Epoch 94/600
00:12:45 train - loss: 0.4353, acc: 0.8988
00:12:47 valid - loss: 0.2362, acc: 0.9217
Epoch 95/600
00:13:25 train - loss: 0.4321, acc: 0.8985
00:13:26 valid - loss: 0.2140, acc: 0.9270
Epoch 96/600
00:14:05 train - loss: 0.4397, acc: 0.8947
00:14:06 valid - loss: 0.2151, acc: 0.9311
Epoch 97/600
00:14:45 train - loss: 0.4261, acc: 0.9006
00:14:46 valid - loss: 0.2398, acc: 0.9237
Epoch 98/600
00:15:25 train - loss: 0.4300, acc: 0.8996
00:15:26 valid - loss: 0.2488, acc: 0.9201
Epoch 99/600
00:16:05 train - loss: 0.4310, acc: 0.8987
00:16:07 valid - loss: 0.2374, acc: 0.9253
Epoch 100/600
00:16:45 train - loss: 0.4309, acc: 0.8985
00:16:46 valid - loss: 0.2950, acc: 0.9099
Epoch 101/600
00:17:25 train - loss: 0.4288, acc: 0.8995
00:17:26 valid - loss: 0.2230, acc: 0.9274
Epoch 102/600
00:18:05 train - loss: 0.4268, acc: 0.8999
00:18:06 valid - loss: 0.2401, acc: 0.9245
Epoch 103/600
00:18:45 train - loss: 0.4225, acc: 0.9026
00:18:47 valid - loss: 0.2693, acc: 0.9135
Epoch 104/600
00:19:25 train - loss: 0.4289, acc: 0.8993
00:19:27 valid - loss: 0.2241, acc: 0.9269
Epoch 105/600
00:20:05 train - loss: 0.4269, acc: 0.8999
00:20:07 valid - loss: 0.2505, acc: 0.9187
Epoch 106/600
00:20:45 train - loss: 0.4224, acc: 0.9029
00:20:47 valid - loss: 0.2158, acc: 0.9310
Epoch 107/600
00:21:25 train - loss: 0.4086, acc: 0.9044
00:21:27 valid - loss: 0.2173, acc: 0.9271
Epoch 108/600
00:22:05 train - loss: 0.4196, acc: 0.9026
00:22:07 valid - loss: 0.1999, acc: 0.9334
Epoch 109/600
00:22:46 train - loss: 0.4155, acc: 0.9032
00:22:47 valid - loss: 0.2326, acc: 0.9209
Epoch 110/600
00:23:25 train - loss: 0.4155, acc: 0.9029
00:23:27 valid - loss: 0.2755, acc: 0.9146
Epoch 111/600
00:24:05 train - loss: 0.4237, acc: 0.9012
00:24:07 valid - loss: 0.2703, acc: 0.9136
Epoch 112/600
00:24:46 train - loss: 0.4222, acc: 0.9017
00:24:47 valid - loss: 0.2141, acc: 0.9307
Epoch 113/600
00:25:25 train - loss: 0.4166, acc: 0.9022
00:25:27 valid - loss: 0.2269, acc: 0.9285
Epoch 114/600
00:26:05 train - loss: 0.4109, acc: 0.9042
00:26:07 valid - loss: 0.2211, acc: 0.9313
Epoch 115/600
00:26:45 train - loss: 0.4094, acc: 0.9041
00:26:47 valid - loss: 0.2524, acc: 0.9219
Epoch 116/600
00:27:25 train - loss: 0.4241, acc: 0.9009
00:27:27 valid - loss: 0.2650, acc: 0.9151
Epoch 117/600
00:28:05 train - loss: 0.4165, acc: 0.9039
00:28:07 valid - loss: 0.2211, acc: 0.9292
Epoch 118/600
00:28:46 train - loss: 0.4145, acc: 0.9036
00:28:47 valid - loss: 0.2236, acc: 0.9271
Epoch 119/600
00:29:26 train - loss: 0.4124, acc: 0.9035
00:29:27 valid - loss: 0.2266, acc: 0.9244
Epoch 120/600
00:30:06 train - loss: 0.4097, acc: 0.9045
00:30:07 valid - loss: 0.2555, acc: 0.9161
Epoch 121/600
00:30:46 train - loss: 0.4162, acc: 0.9027
00:30:47 valid - loss: 0.2206, acc: 0.9307
Epoch 122/600
00:31:25 train - loss: 0.4136, acc: 0.9024
00:31:27 valid - loss: 0.1908, acc: 0.9354
Epoch 123/600
00:32:05 train - loss: 0.4083, acc: 0.9039
00:32:07 valid - loss: 0.1882, acc: 0.9393
Epoch 124/600
00:32:45 train - loss: 0.4148, acc: 0.9024
00:32:47 valid - loss: 0.2548, acc: 0.9177
Epoch 125/600
00:33:25 train - loss: 0.4180, acc: 0.9038
00:33:27 valid - loss: 0.2611, acc: 0.9191
Epoch 126/600
00:34:05 train - loss: 0.4043, acc: 0.9064
00:34:07 valid - loss: 0.1989, acc: 0.9358
Epoch 127/600
00:34:45 train - loss: 0.4129, acc: 0.9041
00:34:47 valid - loss: 0.2195, acc: 0.9296
Epoch 128/600
00:35:25 train - loss: 0.4071, acc: 0.9037
00:35:27 valid - loss: 0.2270, acc: 0.9275
Epoch 129/600
00:36:05 train - loss: 0.4069, acc: 0.9054
00:36:07 valid - loss: 0.2148, acc: 0.9269
Epoch 130/600
00:36:45 train - loss: 0.4051, acc: 0.9050
00:36:47 valid - loss: 0.2473, acc: 0.9213
Epoch 131/600
00:37:25 train - loss: 0.4010, acc: 0.9074
00:37:27 valid - loss: 0.2030, acc: 0.9342
Epoch 132/600
00:38:05 train - loss: 0.4035, acc: 0.9059
00:38:07 valid - loss: 0.2045, acc: 0.9309
Epoch 133/600
00:38:45 train - loss: 0.3994, acc: 0.9075
00:38:47 valid - loss: 0.2037, acc: 0.9325
Epoch 134/600
00:39:25 train - loss: 0.3994, acc: 0.9076
00:39:27 valid - loss: 0.1918, acc: 0.9381
Epoch 135/600
00:40:05 train - loss: 0.4047, acc: 0.9052
00:40:07 valid - loss: 0.2086, acc: 0.9320
Epoch 136/600
00:40:46 train - loss: 0.4058, acc: 0.9056
00:40:47 valid - loss: 0.2439, acc: 0.9225
Epoch 137/600
00:41:26 train - loss: 0.4039, acc: 0.9065
00:41:27 valid - loss: 0.2811, acc: 0.9129
Epoch 138/600
00:42:06 train - loss: 0.4080, acc: 0.9038
00:42:07 valid - loss: 0.2356, acc: 0.9258
Epoch 139/600
00:42:45 train - loss: 0.3935, acc: 0.9099
00:42:47 valid - loss: 0.2274, acc: 0.9270
Epoch 140/600
00:43:25 train - loss: 0.3997, acc: 0.9063
00:43:27 valid - loss: 0.2264, acc: 0.9304
Epoch 141/600
00:44:05 train - loss: 0.3955, acc: 0.9077
00:44:07 valid - loss: 0.2054, acc: 0.9335
Epoch 142/600
00:44:46 train - loss: 0.4058, acc: 0.9046
00:44:47 valid - loss: 0.1914, acc: 0.9388
Epoch 143/600
00:45:25 train - loss: 0.3910, acc: 0.9099
00:45:27 valid - loss: 0.2356, acc: 0.9264
Epoch 144/600
00:46:05 train - loss: 0.3977, acc: 0.9070
00:46:07 valid - loss: 0.2414, acc: 0.9227
Epoch 145/600
00:46:45 train - loss: 0.4038, acc: 0.9045
00:46:47 valid - loss: 0.2023, acc: 0.9345
Epoch 146/600
00:47:25 train - loss: 0.3992, acc: 0.9072
00:47:27 valid - loss: 0.2070, acc: 0.9333
Epoch 147/600
00:48:05 train - loss: 0.3915, acc: 0.9094
00:48:07 valid - loss: 0.1879, acc: 0.9380
Epoch 148/600
00:48:45 train - loss: 0.3942, acc: 0.9080
00:48:47 valid - loss: 0.2120, acc: 0.9347
Epoch 149/600
00:49:25 train - loss: 0.3900, acc: 0.9089
00:49:27 valid - loss: 0.2410, acc: 0.9238
Epoch 150/600
00:50:05 train - loss: 0.3998, acc: 0.9075
00:50:06 valid - loss: 0.1947, acc: 0.9378
Epoch 151/600
00:50:45 train - loss: 0.3888, acc: 0.9095
00:50:46 valid - loss: 0.2002, acc: 0.9352
Epoch 152/600
00:51:25 train - loss: 0.4002, acc: 0.9066
00:51:26 valid - loss: 0.1884, acc: 0.9366
Epoch 153/600
00:52:05 train - loss: 0.3912, acc: 0.9092
00:52:06 valid - loss: 0.2069, acc: 0.9340
Epoch 154/600
00:52:45 train - loss: 0.3919, acc: 0.9093
00:52:46 valid - loss: 0.2008, acc: 0.9347
Epoch 155/600
00:53:25 train - loss: 0.3910, acc: 0.9088
00:53:26 valid - loss: 0.2263, acc: 0.9269
Epoch 156/600
00:54:05 train - loss: 0.3917, acc: 0.9090
00:54:06 valid - loss: 0.2121, acc: 0.9305
Epoch 157/600
00:54:44 train - loss: 0.3916, acc: 0.9086
00:54:46 valid - loss: 0.2110, acc: 0.9314
Epoch 158/600
00:55:24 train - loss: 0.3897, acc: 0.9094
00:55:26 valid - loss: 0.1925, acc: 0.9378
Epoch 159/600
00:56:04 train - loss: 0.3879, acc: 0.9093
00:56:06 valid - loss: 0.1964, acc: 0.9338
Epoch 160/600
00:56:44 train - loss: 0.3834, acc: 0.9109
00:56:46 valid - loss: 0.2535, acc: 0.9182
Epoch 161/600
00:57:24 train - loss: 0.3908, acc: 0.9090
00:57:26 valid - loss: 0.2210, acc: 0.9303
Epoch 162/600
00:58:04 train - loss: 0.3901, acc: 0.9099
00:58:06 valid - loss: 0.2352, acc: 0.9267
Epoch 163/600
00:58:44 train - loss: 0.3853, acc: 0.9105
00:58:46 valid - loss: 0.2023, acc: 0.9339
Epoch 164/600
00:59:24 train - loss: 0.3861, acc: 0.9105
00:59:26 valid - loss: 0.2006, acc: 0.9345
Epoch 165/600
01:00:04 train - loss: 0.3900, acc: 0.9080
01:00:06 valid - loss: 0.2039, acc: 0.9338
Epoch 166/600
01:00:45 train - loss: 0.3870, acc: 0.9092
01:00:46 valid - loss: 0.1692, acc: 0.9437
Epoch 167/600
01:01:25 train - loss: 0.3788, acc: 0.9127
01:01:26 valid - loss: 0.2017, acc: 0.9372
Epoch 168/600
01:02:05 train - loss: 0.3878, acc: 0.9101
01:02:06 valid - loss: 0.2283, acc: 0.9280
Epoch 169/600
01:02:44 train - loss: 0.3839, acc: 0.9102
01:02:46 valid - loss: 0.1794, acc: 0.9399
Epoch 170/600
01:03:24 train - loss: 0.3801, acc: 0.9114
01:03:26 valid - loss: 0.2459, acc: 0.9213
Epoch 171/600
01:04:04 train - loss: 0.3910, acc: 0.9093
01:04:06 valid - loss: 0.2280, acc: 0.9274
Epoch 172/600
01:04:44 train - loss: 0.3820, acc: 0.9108
01:04:46 valid - loss: 0.2074, acc: 0.9349
Epoch 173/600
01:05:24 train - loss: 0.3861, acc: 0.9105
01:05:26 valid - loss: 0.2045, acc: 0.9361
Epoch 174/600
01:06:04 train - loss: 0.3792, acc: 0.9119
01:06:05 valid - loss: 0.2201, acc: 0.9315
Epoch 175/600
01:06:44 train - loss: 0.3822, acc: 0.9120
01:06:45 valid - loss: 0.2191, acc: 0.9296
Epoch 176/600
01:07:24 train - loss: 0.3876, acc: 0.9099
01:07:25 valid - loss: 0.1909, acc: 0.9384
Epoch 177/600
01:08:04 train - loss: 0.3808, acc: 0.9124
01:08:05 valid - loss: 0.1791, acc: 0.9420
Epoch 178/600
01:08:44 train - loss: 0.3794, acc: 0.9130
01:08:45 valid - loss: 0.2190, acc: 0.9319
Epoch 179/600
01:09:24 train - loss: 0.3773, acc: 0.9135
01:09:25 valid - loss: 0.1992, acc: 0.9336
Epoch 180/600
01:10:04 train - loss: 0.3873, acc: 0.9103
01:10:05 valid - loss: 0.1953, acc: 0.9350
Epoch 181/600
01:10:44 train - loss: 0.3788, acc: 0.9117
01:10:45 valid - loss: 0.2022, acc: 0.9373
Epoch 182/600
01:11:24 train - loss: 0.3814, acc: 0.9133
01:11:25 valid - loss: 0.2214, acc: 0.9334
Epoch 183/600
01:12:04 train - loss: 0.3707, acc: 0.9138
01:12:05 valid - loss: 0.2032, acc: 0.9354
Epoch 184/600
01:12:44 train - loss: 0.3818, acc: 0.9110
01:12:45 valid - loss: 0.2376, acc: 0.9269
Epoch 185/600
01:13:24 train - loss: 0.3737, acc: 0.9140
01:13:25 valid - loss: 0.2132, acc: 0.9330
Epoch 186/600
01:14:04 train - loss: 0.3762, acc: 0.9129
01:14:05 valid - loss: 0.2049, acc: 0.9359
Epoch 187/600
01:14:44 train - loss: 0.3771, acc: 0.9110
01:14:45 valid - loss: 0.1731, acc: 0.9417
Epoch 188/600
01:15:24 train - loss: 0.3752, acc: 0.9126
01:15:25 valid - loss: 0.1774, acc: 0.9419
Epoch 189/600
01:16:04 train - loss: 0.3702, acc: 0.9153
01:16:05 valid - loss: 0.1896, acc: 0.9399
Epoch 190/600
01:16:44 train - loss: 0.3738, acc: 0.9139
01:16:45 valid - loss: 0.2189, acc: 0.9303
Epoch 191/600
01:17:24 train - loss: 0.3686, acc: 0.9146
01:17:25 valid - loss: 0.2133, acc: 0.9303
Epoch 192/600
01:18:04 train - loss: 0.3761, acc: 0.9117
01:18:05 valid - loss: 0.2093, acc: 0.9348
Epoch 193/600
01:18:44 train - loss: 0.3675, acc: 0.9143
01:18:45 valid - loss: 0.1971, acc: 0.9376
Epoch 194/600
01:19:24 train - loss: 0.3605, acc: 0.9170
01:19:25 valid - loss: 0.2042, acc: 0.9312
Epoch 195/600
01:20:04 train - loss: 0.3757, acc: 0.9123
01:20:05 valid - loss: 0.2198, acc: 0.9324
Epoch 196/600
01:20:44 train - loss: 0.3703, acc: 0.9147
01:20:45 valid - loss: 0.1743, acc: 0.9456
Epoch 197/600
01:21:24 train - loss: 0.3643, acc: 0.9166
01:21:25 valid - loss: 0.1906, acc: 0.9373
Epoch 198/600
01:22:04 train - loss: 0.3738, acc: 0.9137
01:22:05 valid - loss: 0.1888, acc: 0.9405
Epoch 199/600
01:22:44 train - loss: 0.3728, acc: 0.9138
01:22:45 valid - loss: 0.2121, acc: 0.9333
Epoch 200/600
01:23:24 train - loss: 0.3627, acc: 0.9169
01:23:25 valid - loss: 0.2002, acc: 0.9371
Epoch 201/600
01:24:04 train - loss: 0.3647, acc: 0.9156
01:24:05 valid - loss: 0.1873, acc: 0.9388
Epoch 202/600
01:24:44 train - loss: 0.3652, acc: 0.9162
01:24:45 valid - loss: 0.2192, acc: 0.9308
Epoch 203/600
01:25:24 train - loss: 0.3624, acc: 0.9159
01:25:25 valid - loss: 0.1653, acc: 0.9466
Epoch 204/600
01:26:03 train - loss: 0.3653, acc: 0.9142
01:26:05 valid - loss: 0.1846, acc: 0.9419
Epoch 205/600
01:26:43 train - loss: 0.3723, acc: 0.9152
01:26:45 valid - loss: 0.1871, acc: 0.9370
Epoch 206/600
01:27:23 train - loss: 0.3729, acc: 0.9139
01:27:25 valid - loss: 0.1698, acc: 0.9450
Epoch 207/600
01:28:03 train - loss: 0.3677, acc: 0.9142
01:28:05 valid - loss: 0.1815, acc: 0.9417
Epoch 208/600
01:28:43 train - loss: 0.3572, acc: 0.9182
01:28:45 valid - loss: 0.1747, acc: 0.9441
Epoch 209/600
01:29:23 train - loss: 0.3636, acc: 0.9161
01:29:25 valid - loss: 0.2026, acc: 0.9379
Epoch 210/600
01:30:03 train - loss: 0.3651, acc: 0.9164
01:30:05 valid - loss: 0.2088, acc: 0.9330
Epoch 211/600
01:30:43 train - loss: 0.3587, acc: 0.9173
01:30:45 valid - loss: 0.1953, acc: 0.9375
Epoch 212/600
01:31:23 train - loss: 0.3594, acc: 0.9166
01:31:25 valid - loss: 0.1808, acc: 0.9401
Epoch 213/600
01:32:03 train - loss: 0.3608, acc: 0.9166
01:32:05 valid - loss: 0.1838, acc: 0.9405
Epoch 214/600
01:32:43 train - loss: 0.3621, acc: 0.9167
01:32:45 valid - loss: 0.1810, acc: 0.9417
Epoch 215/600
01:33:23 train - loss: 0.3670, acc: 0.9146
01:33:24 valid - loss: 0.1656, acc: 0.9463
Epoch 216/600
01:34:03 train - loss: 0.3590, acc: 0.9175
01:34:04 valid - loss: 0.1731, acc: 0.9430
Epoch 217/600
01:34:43 train - loss: 0.3565, acc: 0.9165
01:34:44 valid - loss: 0.1946, acc: 0.9372
Epoch 218/600
01:35:22 train - loss: 0.3608, acc: 0.9165
01:35:24 valid - loss: 0.1922, acc: 0.9390
Epoch 219/600
01:36:02 train - loss: 0.3565, acc: 0.9174
01:36:04 valid - loss: 0.1855, acc: 0.9432
Epoch 220/600
01:36:42 train - loss: 0.3533, acc: 0.9171
01:36:44 valid - loss: 0.2062, acc: 0.9334
Epoch 221/600
01:37:22 train - loss: 0.3586, acc: 0.9173
01:37:24 valid - loss: 0.1807, acc: 0.9431
Epoch 222/600
01:38:02 train - loss: 0.3563, acc: 0.9177
01:38:03 valid - loss: 0.1822, acc: 0.9412
Epoch 223/600
01:38:42 train - loss: 0.3515, acc: 0.9193
01:38:43 valid - loss: 0.1769, acc: 0.9448
Epoch 224/600
01:39:22 train - loss: 0.3568, acc: 0.9166
01:39:23 valid - loss: 0.1922, acc: 0.9397
Epoch 225/600
01:40:02 train - loss: 0.3602, acc: 0.9182
01:40:03 valid - loss: 0.2075, acc: 0.9374
Epoch 226/600
01:40:42 train - loss: 0.3556, acc: 0.9183
01:40:43 valid - loss: 0.1996, acc: 0.9366
Epoch 227/600
01:41:22 train - loss: 0.3532, acc: 0.9180
01:41:23 valid - loss: 0.1880, acc: 0.9410
Epoch 228/600
01:42:01 train - loss: 0.3521, acc: 0.9188
01:42:03 valid - loss: 0.1725, acc: 0.9419
Epoch 229/600
01:42:41 train - loss: 0.3507, acc: 0.9183
01:42:43 valid - loss: 0.1853, acc: 0.9394
Epoch 230/600
01:43:21 train - loss: 0.3549, acc: 0.9177
01:43:23 valid - loss: 0.1962, acc: 0.9372
Epoch 231/600
01:44:01 train - loss: 0.3530, acc: 0.9185
01:44:03 valid - loss: 0.2145, acc: 0.9368
Epoch 232/600
01:44:41 train - loss: 0.3513, acc: 0.9184
01:44:43 valid - loss: 0.1764, acc: 0.9408
Epoch 233/600
01:45:21 train - loss: 0.3465, acc: 0.9213
01:45:23 valid - loss: 0.1792, acc: 0.9432
Epoch 234/600
01:46:01 train - loss: 0.3497, acc: 0.9207
01:46:03 valid - loss: 0.1846, acc: 0.9416
Epoch 235/600
01:46:42 train - loss: 0.3510, acc: 0.9194
01:46:43 valid - loss: 0.1939, acc: 0.9408
Epoch 236/600
01:47:21 train - loss: 0.3489, acc: 0.9206
01:47:23 valid - loss: 0.1515, acc: 0.9503
Epoch 237/600
01:48:02 train - loss: 0.3433, acc: 0.9217
01:48:03 valid - loss: 0.1794, acc: 0.9428
Epoch 238/600
01:48:41 train - loss: 0.3460, acc: 0.9197
01:48:43 valid - loss: 0.1537, acc: 0.9534
Epoch 239/600
01:49:21 train - loss: 0.3424, acc: 0.9223
01:49:23 valid - loss: 0.1844, acc: 0.9427
Epoch 240/600
01:50:01 train - loss: 0.3423, acc: 0.9223
01:50:03 valid - loss: 0.1799, acc: 0.9427
Epoch 241/600
01:50:41 train - loss: 0.3547, acc: 0.9191
01:50:43 valid - loss: 0.1756, acc: 0.9450
Epoch 242/600
01:51:21 train - loss: 0.3484, acc: 0.9203
01:51:23 valid - loss: 0.1812, acc: 0.9405
Epoch 243/600
01:52:01 train - loss: 0.3508, acc: 0.9192
01:52:03 valid - loss: 0.1933, acc: 0.9396
Epoch 244/600
01:52:42 train - loss: 0.3527, acc: 0.9183
01:52:43 valid - loss: 0.1947, acc: 0.9373
Epoch 245/600
01:53:22 train - loss: 0.3440, acc: 0.9213
01:53:23 valid - loss: 0.1633, acc: 0.9515
Epoch 246/600
01:54:02 train - loss: 0.3411, acc: 0.9219
01:54:03 valid - loss: 0.1941, acc: 0.9396
Epoch 247/600
01:54:42 train - loss: 0.3383, acc: 0.9233
01:54:44 valid - loss: 0.1891, acc: 0.9380
Epoch 248/600
01:55:23 train - loss: 0.3438, acc: 0.9213
01:55:24 valid - loss: 0.1679, acc: 0.9422
Epoch 249/600
01:56:03 train - loss: 0.3463, acc: 0.9201
01:56:04 valid - loss: 0.1823, acc: 0.9430
Epoch 250/600
01:56:43 train - loss: 0.3431, acc: 0.9210
01:56:44 valid - loss: 0.1676, acc: 0.9488
Epoch 251/600
01:57:23 train - loss: 0.3327, acc: 0.9241
01:57:25 valid - loss: 0.1954, acc: 0.9407
Epoch 252/600
01:58:03 train - loss: 0.3388, acc: 0.9220
01:58:05 valid - loss: 0.1803, acc: 0.9414
Epoch 253/600
01:58:43 train - loss: 0.3460, acc: 0.9199
01:58:45 valid - loss: 0.1664, acc: 0.9450
Epoch 254/600
01:59:24 train - loss: 0.3478, acc: 0.9190
01:59:25 valid - loss: 0.1634, acc: 0.9480
Epoch 255/600
02:00:04 train - loss: 0.3345, acc: 0.9229
02:00:06 valid - loss: 0.1906, acc: 0.9399
Epoch 256/600
02:00:44 train - loss: 0.3428, acc: 0.9210
02:00:46 valid - loss: 0.1819, acc: 0.9444
Epoch 257/600
02:01:24 train - loss: 0.3350, acc: 0.9236
02:01:26 valid - loss: 0.1807, acc: 0.9439
Epoch 258/600
02:02:05 train - loss: 0.3315, acc: 0.9237
02:02:06 valid - loss: 0.1544, acc: 0.9493
Epoch 259/600
02:02:45 train - loss: 0.3369, acc: 0.9221
02:02:46 valid - loss: 0.1613, acc: 0.9511
Epoch 260/600
02:03:25 train - loss: 0.3367, acc: 0.9224
02:03:27 valid - loss: 0.1932, acc: 0.9396
Epoch 261/600
02:04:05 train - loss: 0.3370, acc: 0.9229
02:04:07 valid - loss: 0.1969, acc: 0.9383
Epoch 262/600
02:04:45 train - loss: 0.3387, acc: 0.9234
02:04:47 valid - loss: 0.1616, acc: 0.9484
Epoch 263/600
02:05:26 train - loss: 0.3392, acc: 0.9224
02:05:27 valid - loss: 0.1899, acc: 0.9398
Epoch 264/600
02:06:05 train - loss: 0.3295, acc: 0.9240
02:06:07 valid - loss: 0.1619, acc: 0.9466
Epoch 265/600
02:06:46 train - loss: 0.3400, acc: 0.9220
02:06:47 valid - loss: 0.1630, acc: 0.9490
Epoch 266/600
02:07:26 train - loss: 0.3276, acc: 0.9249
02:07:27 valid - loss: 0.1702, acc: 0.9456
Epoch 267/600
02:08:06 train - loss: 0.3364, acc: 0.9228
02:08:07 valid - loss: 0.1751, acc: 0.9449
Epoch 268/600
02:08:46 train - loss: 0.3328, acc: 0.9252
02:08:47 valid - loss: 0.1852, acc: 0.9394
Epoch 269/600
02:09:26 train - loss: 0.3347, acc: 0.9217
02:09:27 valid - loss: 0.1585, acc: 0.9502
Epoch 270/600
02:10:06 train - loss: 0.3257, acc: 0.9261
02:10:07 valid - loss: 0.1644, acc: 0.9474
Epoch 271/600
02:10:46 train - loss: 0.3302, acc: 0.9231
02:10:47 valid - loss: 0.1623, acc: 0.9480
Epoch 272/600
02:11:26 train - loss: 0.3323, acc: 0.9228
02:11:27 valid - loss: 0.1644, acc: 0.9476
Epoch 273/600
02:12:05 train - loss: 0.3349, acc: 0.9241
02:12:07 valid - loss: 0.1570, acc: 0.9506
Epoch 274/600
02:12:45 train - loss: 0.3260, acc: 0.9256
02:12:47 valid - loss: 0.1775, acc: 0.9442
Epoch 275/600
02:13:25 train - loss: 0.3278, acc: 0.9238
02:13:27 valid - loss: 0.1779, acc: 0.9467
Epoch 276/600
02:14:05 train - loss: 0.3220, acc: 0.9260
02:14:07 valid - loss: 0.1689, acc: 0.9484
Epoch 277/600
02:14:45 train - loss: 0.3239, acc: 0.9257
02:14:47 valid - loss: 0.1478, acc: 0.9546
Epoch 278/600
02:15:25 train - loss: 0.3291, acc: 0.9248
02:15:27 valid - loss: 0.1733, acc: 0.9482
Epoch 279/600
02:16:05 train - loss: 0.3230, acc: 0.9271
02:16:07 valid - loss: 0.1542, acc: 0.9528
Epoch 280/600
02:16:45 train - loss: 0.3264, acc: 0.9244
02:16:47 valid - loss: 0.1484, acc: 0.9506
Epoch 281/600
02:17:25 train - loss: 0.3286, acc: 0.9239
02:17:27 valid - loss: 0.1814, acc: 0.9435
Epoch 282/600
02:18:05 train - loss: 0.3267, acc: 0.9256
02:18:07 valid - loss: 0.1645, acc: 0.9487
Epoch 283/600
02:18:45 train - loss: 0.3227, acc: 0.9257
02:18:47 valid - loss: 0.1622, acc: 0.9482
Epoch 284/600
02:19:25 train - loss: 0.3246, acc: 0.9259
02:19:26 valid - loss: 0.1607, acc: 0.9503
Epoch 285/600
02:20:05 train - loss: 0.3155, acc: 0.9284
02:20:07 valid - loss: 0.1936, acc: 0.9406
Epoch 286/600
02:20:45 train - loss: 0.3224, acc: 0.9259
02:20:47 valid - loss: 0.1624, acc: 0.9451
Epoch 287/600
02:21:25 train - loss: 0.3191, acc: 0.9259
02:21:27 valid - loss: 0.1523, acc: 0.9527
Epoch 288/600
02:22:05 train - loss: 0.3159, acc: 0.9283
02:22:07 valid - loss: 0.1674, acc: 0.9454
Epoch 289/600
02:22:45 train - loss: 0.3221, acc: 0.9261
02:22:47 valid - loss: 0.1570, acc: 0.9493
Epoch 290/600
02:23:25 train - loss: 0.3213, acc: 0.9270
02:23:27 valid - loss: 0.1741, acc: 0.9452
Epoch 291/600
02:24:05 train - loss: 0.3137, acc: 0.9280
02:24:07 valid - loss: 0.1523, acc: 0.9528
Epoch 292/600
02:24:45 train - loss: 0.3126, acc: 0.9294
02:24:47 valid - loss: 0.1714, acc: 0.9467
Epoch 293/600
02:25:25 train - loss: 0.3120, acc: 0.9291
02:25:27 valid - loss: 0.1853, acc: 0.9425
Epoch 294/600
02:26:05 train - loss: 0.3133, acc: 0.9281
02:26:07 valid - loss: 0.1708, acc: 0.9452
Epoch 295/600
02:26:45 train - loss: 0.3191, acc: 0.9270
02:26:47 valid - loss: 0.1498, acc: 0.9530
Epoch 296/600
02:27:25 train - loss: 0.3169, acc: 0.9270
02:27:27 valid - loss: 0.1444, acc: 0.9568
Epoch 297/600
02:28:05 train - loss: 0.3053, acc: 0.9300
02:28:07 valid - loss: 0.1699, acc: 0.9471
Epoch 298/600
02:28:45 train - loss: 0.3160, acc: 0.9281
02:28:47 valid - loss: 0.1603, acc: 0.9483
Epoch 299/600
02:29:25 train - loss: 0.3102, acc: 0.9299
02:29:27 valid - loss: 0.1671, acc: 0.9502
Epoch 300/600
02:30:05 train - loss: 0.3122, acc: 0.9286
02:30:07 valid - loss: 0.1739, acc: 0.9478
Epoch 301/600
02:30:45 train - loss: 0.3019, acc: 0.9319
02:30:47 valid - loss: 0.1610, acc: 0.9502
Epoch 302/600
02:31:25 train - loss: 0.3089, acc: 0.9295
02:31:27 valid - loss: 0.1550, acc: 0.9523
Epoch 303/600
02:32:06 train - loss: 0.3112, acc: 0.9300
02:32:07 valid - loss: 0.1519, acc: 0.9499
Epoch 304/600
02:32:45 train - loss: 0.3108, acc: 0.9295
02:32:47 valid - loss: 0.1428, acc: 0.9537
Epoch 305/600
02:33:26 train - loss: 0.3036, acc: 0.9310
02:33:27 valid - loss: 0.1628, acc: 0.9488
Epoch 306/600
02:34:06 train - loss: 0.3071, acc: 0.9303
02:34:07 valid - loss: 0.1697, acc: 0.9485
Epoch 307/600
02:34:46 train - loss: 0.3010, acc: 0.9326
02:34:47 valid - loss: 0.1478, acc: 0.9526
Epoch 308/600
02:35:26 train - loss: 0.3069, acc: 0.9313
02:35:27 valid - loss: 0.1485, acc: 0.9543
Epoch 309/600
02:36:06 train - loss: 0.3030, acc: 0.9309
02:36:07 valid - loss: 0.1639, acc: 0.9480
Epoch 310/600
02:36:46 train - loss: 0.3048, acc: 0.9303
02:36:47 valid - loss: 0.1557, acc: 0.9498
Epoch 311/600
02:37:26 train - loss: 0.3036, acc: 0.9302
02:37:27 valid - loss: 0.1623, acc: 0.9495
Epoch 312/600
02:38:06 train - loss: 0.3088, acc: 0.9290
02:38:07 valid - loss: 0.1639, acc: 0.9516
Epoch 313/600
02:38:46 train - loss: 0.3032, acc: 0.9308
02:38:47 valid - loss: 0.1639, acc: 0.9481
Epoch 314/600
02:39:26 train - loss: 0.2917, acc: 0.9335
02:39:27 valid - loss: 0.1681, acc: 0.9492
Epoch 315/600
02:40:06 train - loss: 0.2997, acc: 0.9316
02:40:07 valid - loss: 0.1773, acc: 0.9477
Epoch 316/600
02:40:46 train - loss: 0.2986, acc: 0.9318
02:40:47 valid - loss: 0.1469, acc: 0.9544
Epoch 317/600
02:41:26 train - loss: 0.3040, acc: 0.9315
02:41:27 valid - loss: 0.1428, acc: 0.9569
Epoch 318/600
02:42:05 train - loss: 0.3005, acc: 0.9318
02:42:07 valid - loss: 0.1513, acc: 0.9532
Epoch 319/600
02:42:45 train - loss: 0.2949, acc: 0.9341
02:42:47 valid - loss: 0.1519, acc: 0.9523
Epoch 320/600
02:43:25 train - loss: 0.3028, acc: 0.9313
02:43:27 valid - loss: 0.1629, acc: 0.9502
Epoch 321/600
02:44:05 train - loss: 0.2925, acc: 0.9332
02:44:07 valid - loss: 0.1514, acc: 0.9535
Epoch 322/600
02:44:45 train - loss: 0.2930, acc: 0.9331
02:44:47 valid - loss: 0.1511, acc: 0.9545
Epoch 323/600
02:45:25 train - loss: 0.2894, acc: 0.9338
02:45:27 valid - loss: 0.1476, acc: 0.9560
Epoch 324/600
02:46:06 train - loss: 0.2961, acc: 0.9319
02:46:07 valid - loss: 0.1385, acc: 0.9565
Epoch 325/600
02:46:46 train - loss: 0.2928, acc: 0.9323
02:46:47 valid - loss: 0.1772, acc: 0.9444
Epoch 326/600
02:47:26 train - loss: 0.2985, acc: 0.9316
02:47:27 valid - loss: 0.1407, acc: 0.9581
Epoch 327/600
02:48:06 train - loss: 0.2942, acc: 0.9324
02:48:07 valid - loss: 0.1603, acc: 0.9508
Epoch 328/600
02:48:46 train - loss: 0.2947, acc: 0.9328
02:48:48 valid - loss: 0.1436, acc: 0.9545
Epoch 329/600
02:49:26 train - loss: 0.2852, acc: 0.9359
02:49:27 valid - loss: 0.1461, acc: 0.9562
Epoch 330/600
02:50:06 train - loss: 0.2934, acc: 0.9334
02:50:08 valid - loss: 0.1548, acc: 0.9496
Epoch 331/600
02:50:46 train - loss: 0.2894, acc: 0.9334
02:50:48 valid - loss: 0.1375, acc: 0.9588
Epoch 332/600
02:51:27 train - loss: 0.2867, acc: 0.9348
02:51:28 valid - loss: 0.1427, acc: 0.9540
Epoch 333/600
02:52:07 train - loss: 0.2894, acc: 0.9351
02:52:08 valid - loss: 0.1609, acc: 0.9516
Epoch 334/600
02:52:47 train - loss: 0.2895, acc: 0.9350
02:52:48 valid - loss: 0.1488, acc: 0.9540
Epoch 335/600
02:53:27 train - loss: 0.2822, acc: 0.9348
02:53:28 valid - loss: 0.1457, acc: 0.9521
Epoch 336/600
02:54:07 train - loss: 0.2834, acc: 0.9375
02:54:08 valid - loss: 0.1484, acc: 0.9527
Epoch 337/600
02:54:47 train - loss: 0.2771, acc: 0.9369
02:54:49 valid - loss: 0.1640, acc: 0.9509
Epoch 338/600
02:55:27 train - loss: 0.2838, acc: 0.9360
02:55:29 valid - loss: 0.1551, acc: 0.9527
Epoch 339/600
02:56:07 train - loss: 0.2771, acc: 0.9377
02:56:09 valid - loss: 0.1472, acc: 0.9556
Epoch 340/600
02:56:48 train - loss: 0.2870, acc: 0.9344
02:56:49 valid - loss: 0.1570, acc: 0.9521
Epoch 341/600
02:57:28 train - loss: 0.2773, acc: 0.9374
02:57:29 valid - loss: 0.1488, acc: 0.9520
Epoch 342/600
02:58:07 train - loss: 0.2782, acc: 0.9374
02:58:09 valid - loss: 0.1495, acc: 0.9532
Epoch 343/600
02:58:47 train - loss: 0.2730, acc: 0.9386
02:58:49 valid - loss: 0.1468, acc: 0.9558
Epoch 344/600
02:59:27 train - loss: 0.2780, acc: 0.9380
02:59:29 valid - loss: 0.1521, acc: 0.9531
Epoch 345/600
03:00:07 train - loss: 0.2797, acc: 0.9363
03:00:08 valid - loss: 0.1560, acc: 0.9515
Epoch 346/600
03:00:47 train - loss: 0.2736, acc: 0.9383
03:00:48 valid - loss: 0.1446, acc: 0.9540
Epoch 347/600
03:01:27 train - loss: 0.2720, acc: 0.9391
03:01:28 valid - loss: 0.1571, acc: 0.9505
Epoch 348/600
03:02:07 train - loss: 0.2687, acc: 0.9402
03:02:08 valid - loss: 0.1484, acc: 0.9551
Epoch 349/600
03:02:47 train - loss: 0.2692, acc: 0.9392
03:02:48 valid - loss: 0.1496, acc: 0.9561
Epoch 350/600
03:03:27 train - loss: 0.2747, acc: 0.9375
03:03:28 valid - loss: 0.1461, acc: 0.9565
Epoch 351/600
03:04:07 train - loss: 0.2712, acc: 0.9392
03:04:08 valid - loss: 0.1644, acc: 0.9510
Epoch 352/600
03:04:47 train - loss: 0.2725, acc: 0.9393
03:04:48 valid - loss: 0.1367, acc: 0.9566
Epoch 353/600
03:05:27 train - loss: 0.2717, acc: 0.9398
03:05:28 valid - loss: 0.1404, acc: 0.9549
Epoch 354/600
03:06:07 train - loss: 0.2666, acc: 0.9405
03:06:08 valid - loss: 0.1504, acc: 0.9573
Epoch 355/600
03:06:47 train - loss: 0.2717, acc: 0.9392
03:06:48 valid - loss: 0.1484, acc: 0.9541
Epoch 356/600
03:07:26 train - loss: 0.2628, acc: 0.9398
03:07:28 valid - loss: 0.1458, acc: 0.9584
Epoch 357/600
03:08:06 train - loss: 0.2603, acc: 0.9422
03:08:08 valid - loss: 0.1546, acc: 0.9540
Epoch 358/600
03:08:46 train - loss: 0.2647, acc: 0.9409
03:08:47 valid - loss: 0.1454, acc: 0.9543
Epoch 359/600
03:09:26 train - loss: 0.2671, acc: 0.9392
03:09:27 valid - loss: 0.1388, acc: 0.9575
Epoch 360/600
03:10:05 train - loss: 0.2667, acc: 0.9397
03:10:07 valid - loss: 0.1455, acc: 0.9538
Epoch 361/600
03:10:45 train - loss: 0.2559, acc: 0.9435
03:10:47 valid - loss: 0.1565, acc: 0.9534
Epoch 362/600
03:11:25 train - loss: 0.2674, acc: 0.9401
03:11:26 valid - loss: 0.1484, acc: 0.9535
Epoch 363/600
03:12:05 train - loss: 0.2603, acc: 0.9422
03:12:06 valid - loss: 0.1456, acc: 0.9552
Epoch 364/600
03:12:45 train - loss: 0.2629, acc: 0.9410
03:12:46 valid - loss: 0.1360, acc: 0.9588
Epoch 365/600
03:13:24 train - loss: 0.2599, acc: 0.9422
03:13:26 valid - loss: 0.1436, acc: 0.9549
Epoch 366/600
03:14:04 train - loss: 0.2629, acc: 0.9406
03:14:06 valid - loss: 0.1445, acc: 0.9574
Epoch 367/600
03:14:45 train - loss: 0.2597, acc: 0.9420
03:14:46 valid - loss: 0.1353, acc: 0.9591
Epoch 368/600
03:15:25 train - loss: 0.2598, acc: 0.9416
03:15:26 valid - loss: 0.1332, acc: 0.9579
Epoch 369/600
03:16:05 train - loss: 0.2577, acc: 0.9426
03:16:06 valid - loss: 0.1624, acc: 0.9503
Epoch 370/600
03:16:44 train - loss: 0.2517, acc: 0.9430
03:16:46 valid - loss: 0.1387, acc: 0.9581
Epoch 371/600
03:17:24 train - loss: 0.2619, acc: 0.9403
03:17:26 valid - loss: 0.1313, acc: 0.9612
Epoch 372/600
03:18:04 train - loss: 0.2488, acc: 0.9443
03:18:06 valid - loss: 0.1468, acc: 0.9564
Epoch 373/600
03:18:44 train - loss: 0.2493, acc: 0.9440
03:18:46 valid - loss: 0.1349, acc: 0.9577
Epoch 374/600
03:19:24 train - loss: 0.2482, acc: 0.9450
03:19:26 valid - loss: 0.1538, acc: 0.9547
Epoch 375/600
03:20:04 train - loss: 0.2503, acc: 0.9446
03:20:06 valid - loss: 0.1438, acc: 0.9567
Epoch 376/600
03:20:44 train - loss: 0.2460, acc: 0.9456
03:20:45 valid - loss: 0.1531, acc: 0.9543
Epoch 377/600
03:21:24 train - loss: 0.2424, acc: 0.9462
03:21:25 valid - loss: 0.1543, acc: 0.9539
Epoch 378/600
03:22:04 train - loss: 0.2472, acc: 0.9453
03:22:05 valid - loss: 0.1522, acc: 0.9542
Epoch 379/600
03:22:43 train - loss: 0.2485, acc: 0.9440
03:22:45 valid - loss: 0.1633, acc: 0.9500
Epoch 380/600
03:23:24 train - loss: 0.2431, acc: 0.9453
03:23:25 valid - loss: 0.1414, acc: 0.9571
Epoch 381/600
03:24:04 train - loss: 0.2489, acc: 0.9444
03:24:05 valid - loss: 0.1375, acc: 0.9592
Epoch 382/600
03:24:44 train - loss: 0.2390, acc: 0.9472
03:24:45 valid - loss: 0.1381, acc: 0.9562
Epoch 383/600
03:25:24 train - loss: 0.2418, acc: 0.9463
03:25:25 valid - loss: 0.1566, acc: 0.9514
Epoch 384/600
03:26:04 train - loss: 0.2455, acc: 0.9456
03:26:06 valid - loss: 0.1421, acc: 0.9570
Epoch 385/600
03:26:44 train - loss: 0.2387, acc: 0.9464
03:26:46 valid - loss: 0.1479, acc: 0.9560
Epoch 386/600
03:27:24 train - loss: 0.2356, acc: 0.9473
03:27:26 valid - loss: 0.1426, acc: 0.9577
Epoch 387/600
03:28:04 train - loss: 0.2453, acc: 0.9451
03:28:06 valid - loss: 0.1300, acc: 0.9628
Epoch 388/600
03:28:44 train - loss: 0.2383, acc: 0.9472
03:28:46 valid - loss: 0.1360, acc: 0.9592
Epoch 389/600
03:29:25 train - loss: 0.2389, acc: 0.9473
03:29:26 valid - loss: 0.1381, acc: 0.9586
Epoch 390/600
03:30:05 train - loss: 0.2351, acc: 0.9464
03:30:06 valid - loss: 0.1309, acc: 0.9588
Epoch 391/600
03:30:45 train - loss: 0.2349, acc: 0.9480
03:30:47 valid - loss: 0.1262, acc: 0.9609
Epoch 392/600
03:31:25 train - loss: 0.2273, acc: 0.9495
03:31:27 valid - loss: 0.1285, acc: 0.9596
Epoch 393/600
03:32:06 train - loss: 0.2339, acc: 0.9475
03:32:07 valid - loss: 0.1356, acc: 0.9607
Epoch 394/600
03:32:46 train - loss: 0.2296, acc: 0.9485
03:32:47 valid - loss: 0.1287, acc: 0.9619
Epoch 395/600
03:33:26 train - loss: 0.2264, acc: 0.9490
03:33:27 valid - loss: 0.1369, acc: 0.9606
Epoch 396/600
03:34:06 train - loss: 0.2323, acc: 0.9483
03:34:07 valid - loss: 0.1354, acc: 0.9598
Epoch 397/600
03:34:46 train - loss: 0.2238, acc: 0.9506
03:34:47 valid - loss: 0.1312, acc: 0.9605
Epoch 398/600
03:35:25 train - loss: 0.2304, acc: 0.9496
03:35:27 valid - loss: 0.1453, acc: 0.9581
Epoch 399/600
03:36:05 train - loss: 0.2223, acc: 0.9501
03:36:07 valid - loss: 0.1346, acc: 0.9614
Epoch 400/600
03:36:45 train - loss: 0.2260, acc: 0.9499
03:36:46 valid - loss: 0.1305, acc: 0.9617
Epoch 401/600
03:37:25 train - loss: 0.2169, acc: 0.9519
03:37:26 valid - loss: 0.1321, acc: 0.9593
Epoch 402/600
03:38:04 train - loss: 0.2236, acc: 0.9511
03:38:06 valid - loss: 0.1301, acc: 0.9610
Epoch 403/600
03:38:44 train - loss: 0.2268, acc: 0.9495
03:38:46 valid - loss: 0.1314, acc: 0.9611
Epoch 404/600
03:39:24 train - loss: 0.2170, acc: 0.9512
03:39:26 valid - loss: 0.1251, acc: 0.9634
Epoch 405/600
03:40:04 train - loss: 0.2141, acc: 0.9522
03:40:06 valid - loss: 0.1304, acc: 0.9598
Epoch 406/600
03:40:44 train - loss: 0.2221, acc: 0.9504
03:40:46 valid - loss: 0.1289, acc: 0.9614
Epoch 407/600
03:41:25 train - loss: 0.2232, acc: 0.9501
03:41:26 valid - loss: 0.1338, acc: 0.9612
Epoch 408/600
03:42:05 train - loss: 0.2220, acc: 0.9512
03:42:06 valid - loss: 0.1255, acc: 0.9624
Epoch 409/600
03:42:45 train - loss: 0.2186, acc: 0.9509
03:42:46 valid - loss: 0.1307, acc: 0.9606
Epoch 410/600
03:43:25 train - loss: 0.2130, acc: 0.9535
03:43:26 valid - loss: 0.1356, acc: 0.9619
Epoch 411/600
03:44:05 train - loss: 0.2172, acc: 0.9519
03:44:06 valid - loss: 0.1238, acc: 0.9622
Epoch 412/600
03:44:45 train - loss: 0.2121, acc: 0.9534
03:44:46 valid - loss: 0.1275, acc: 0.9623
Epoch 413/600
03:45:25 train - loss: 0.2097, acc: 0.9541
03:45:26 valid - loss: 0.1219, acc: 0.9646
Epoch 414/600
03:46:04 train - loss: 0.2121, acc: 0.9539
03:46:06 valid - loss: 0.1358, acc: 0.9606
Epoch 415/600
03:46:45 train - loss: 0.2093, acc: 0.9540
03:46:46 valid - loss: 0.1327, acc: 0.9613
Epoch 416/600
03:47:24 train - loss: 0.2109, acc: 0.9540
03:47:26 valid - loss: 0.1436, acc: 0.9546
Epoch 417/600
03:48:04 train - loss: 0.2065, acc: 0.9548
03:48:06 valid - loss: 0.1271, acc: 0.9625
Epoch 418/600
03:48:44 train - loss: 0.2051, acc: 0.9543
03:48:46 valid - loss: 0.1350, acc: 0.9608
Epoch 419/600
03:49:24 train - loss: 0.2081, acc: 0.9535
03:49:26 valid - loss: 0.1278, acc: 0.9610
Epoch 420/600
03:50:04 train - loss: 0.1962, acc: 0.9574
03:50:06 valid - loss: 0.1287, acc: 0.9637
Epoch 421/600
03:50:44 train - loss: 0.2011, acc: 0.9558
03:50:46 valid - loss: 0.1223, acc: 0.9622
Epoch 422/600
03:51:24 train - loss: 0.1985, acc: 0.9560
03:51:26 valid - loss: 0.1250, acc: 0.9629
Epoch 423/600
03:52:04 train - loss: 0.2015, acc: 0.9568
03:52:06 valid - loss: 0.1283, acc: 0.9622
Epoch 424/600
03:52:44 train - loss: 0.1915, acc: 0.9581
03:52:46 valid - loss: 0.1204, acc: 0.9644
Epoch 425/600
03:53:24 train - loss: 0.1956, acc: 0.9569
03:53:26 valid - loss: 0.1269, acc: 0.9637
Epoch 426/600
03:54:04 train - loss: 0.1944, acc: 0.9572
03:54:06 valid - loss: 0.1353, acc: 0.9621
Epoch 427/600
03:54:44 train - loss: 0.1997, acc: 0.9564
03:54:46 valid - loss: 0.1255, acc: 0.9625
Epoch 428/600
03:55:24 train - loss: 0.1953, acc: 0.9576
03:55:26 valid - loss: 0.1339, acc: 0.9609
Epoch 429/600
03:56:05 train - loss: 0.1895, acc: 0.9590
03:56:06 valid - loss: 0.1350, acc: 0.9619
Epoch 430/600
03:56:45 train - loss: 0.1933, acc: 0.9572
03:56:46 valid - loss: 0.1214, acc: 0.9659
Epoch 431/600
03:57:25 train - loss: 0.1879, acc: 0.9589
03:57:26 valid - loss: 0.1256, acc: 0.9658
Epoch 432/600
03:58:05 train - loss: 0.1855, acc: 0.9600
03:58:07 valid - loss: 0.1251, acc: 0.9653
Epoch 433/600
03:58:45 train - loss: 0.1891, acc: 0.9601
03:58:47 valid - loss: 0.1278, acc: 0.9635
Epoch 434/600
03:59:25 train - loss: 0.1832, acc: 0.9600
03:59:27 valid - loss: 0.1328, acc: 0.9630
Epoch 435/600
04:00:05 train - loss: 0.1870, acc: 0.9597
04:00:07 valid - loss: 0.1245, acc: 0.9640
Epoch 436/600
04:00:46 train - loss: 0.1831, acc: 0.9596
04:00:47 valid - loss: 0.1293, acc: 0.9641
Epoch 437/600
04:01:25 train - loss: 0.1820, acc: 0.9603
04:01:27 valid - loss: 0.1320, acc: 0.9614
Epoch 438/600
04:02:06 train - loss: 0.1876, acc: 0.9587
04:02:07 valid - loss: 0.1222, acc: 0.9648
Epoch 439/600
04:02:46 train - loss: 0.1813, acc: 0.9597
04:02:47 valid - loss: 0.1243, acc: 0.9643
Epoch 440/600
04:03:26 train - loss: 0.1795, acc: 0.9610
04:03:27 valid - loss: 0.1248, acc: 0.9633
Epoch 441/600
04:04:06 train - loss: 0.1797, acc: 0.9608
04:04:07 valid - loss: 0.1283, acc: 0.9640
Epoch 442/600
04:04:46 train - loss: 0.1805, acc: 0.9606
04:04:47 valid - loss: 0.1266, acc: 0.9634
Epoch 443/600
04:05:26 train - loss: 0.1762, acc: 0.9619
04:05:27 valid - loss: 0.1256, acc: 0.9624
Epoch 444/600
04:06:05 train - loss: 0.1771, acc: 0.9614
04:06:07 valid - loss: 0.1377, acc: 0.9616
Epoch 445/600
04:06:46 train - loss: 0.1764, acc: 0.9618
04:06:47 valid - loss: 0.1316, acc: 0.9616
Epoch 446/600
04:07:26 train - loss: 0.1745, acc: 0.9626
04:07:27 valid - loss: 0.1260, acc: 0.9658
Epoch 447/600
04:08:06 train - loss: 0.1749, acc: 0.9625
04:08:07 valid - loss: 0.1321, acc: 0.9623
Epoch 448/600
04:08:46 train - loss: 0.1705, acc: 0.9643
04:08:48 valid - loss: 0.1209, acc: 0.9661
Epoch 449/600
04:09:26 train - loss: 0.1732, acc: 0.9625
04:09:28 valid - loss: 0.1243, acc: 0.9647
Epoch 450/600
04:10:06 train - loss: 0.1762, acc: 0.9614
04:10:08 valid - loss: 0.1195, acc: 0.9655
Epoch 451/600
04:10:46 train - loss: 0.1708, acc: 0.9640
04:10:48 valid - loss: 0.1248, acc: 0.9646
Epoch 452/600
04:11:26 train - loss: 0.1658, acc: 0.9637
04:11:28 valid - loss: 0.1273, acc: 0.9632
Epoch 453/600
04:12:07 train - loss: 0.1659, acc: 0.9650
04:12:08 valid - loss: 0.1185, acc: 0.9676
Epoch 454/600
04:12:47 train - loss: 0.1628, acc: 0.9656
04:12:48 valid - loss: 0.1187, acc: 0.9658
Epoch 455/600
04:13:26 train - loss: 0.1676, acc: 0.9634
04:13:28 valid - loss: 0.1298, acc: 0.9624
Epoch 456/600
04:14:06 train - loss: 0.1612, acc: 0.9655
04:14:08 valid - loss: 0.1209, acc: 0.9654
Epoch 457/600
04:14:46 train - loss: 0.1586, acc: 0.9658
04:14:47 valid - loss: 0.1199, acc: 0.9668
Epoch 458/600
04:15:26 train - loss: 0.1598, acc: 0.9666
04:15:27 valid - loss: 0.1309, acc: 0.9641
Epoch 459/600
04:16:06 train - loss: 0.1589, acc: 0.9655
04:16:07 valid - loss: 0.1182, acc: 0.9668
Epoch 460/600
04:16:46 train - loss: 0.1554, acc: 0.9662
04:16:47 valid - loss: 0.1190, acc: 0.9661
Epoch 461/600
04:17:25 train - loss: 0.1589, acc: 0.9657
04:17:27 valid - loss: 0.1145, acc: 0.9674
Epoch 462/600
04:18:05 train - loss: 0.1601, acc: 0.9655
04:18:07 valid - loss: 0.1229, acc: 0.9636
Epoch 463/600
04:18:45 train - loss: 0.1547, acc: 0.9680
04:18:47 valid - loss: 0.1287, acc: 0.9644
Epoch 464/600
04:19:25 train - loss: 0.1551, acc: 0.9670
04:19:27 valid - loss: 0.1232, acc: 0.9654
Epoch 465/600
04:20:05 train - loss: 0.1501, acc: 0.9681
04:20:07 valid - loss: 0.1211, acc: 0.9676
Epoch 466/600
04:20:46 train - loss: 0.1508, acc: 0.9681
04:20:47 valid - loss: 0.1166, acc: 0.9658
Epoch 467/600
04:21:26 train - loss: 0.1491, acc: 0.9684
04:21:28 valid - loss: 0.1191, acc: 0.9678
Epoch 468/600
04:22:06 train - loss: 0.1524, acc: 0.9667
04:22:08 valid - loss: 0.1234, acc: 0.9661
Epoch 469/600
04:22:46 train - loss: 0.1446, acc: 0.9695
04:22:48 valid - loss: 0.1208, acc: 0.9659
Epoch 470/600
04:23:27 train - loss: 0.1473, acc: 0.9683
04:23:28 valid - loss: 0.1280, acc: 0.9641
Epoch 471/600
04:24:07 train - loss: 0.1467, acc: 0.9692
04:24:09 valid - loss: 0.1128, acc: 0.9664
Epoch 472/600
04:24:48 train - loss: 0.1437, acc: 0.9701
04:24:49 valid - loss: 0.1196, acc: 0.9680
Epoch 473/600
04:25:28 train - loss: 0.1475, acc: 0.9683
04:25:30 valid - loss: 0.1194, acc: 0.9679
Epoch 474/600
04:26:09 train - loss: 0.1437, acc: 0.9701
04:26:11 valid - loss: 0.1172, acc: 0.9697
Epoch 475/600
04:26:50 train - loss: 0.1415, acc: 0.9699
04:26:51 valid - loss: 0.1177, acc: 0.9675
Epoch 476/600
04:27:30 train - loss: 0.1391, acc: 0.9713
04:27:32 valid - loss: 0.1184, acc: 0.9683
Epoch 477/600
04:28:11 train - loss: 0.1426, acc: 0.9697
04:28:12 valid - loss: 0.1173, acc: 0.9672
Epoch 478/600
04:28:51 train - loss: 0.1380, acc: 0.9709
04:28:52 valid - loss: 0.1268, acc: 0.9666
Epoch 479/600
04:29:31 train - loss: 0.1326, acc: 0.9721
04:29:33 valid - loss: 0.1120, acc: 0.9698
Epoch 480/600
04:30:11 train - loss: 0.1356, acc: 0.9717
04:30:13 valid - loss: 0.1170, acc: 0.9697
Epoch 481/600
04:30:52 train - loss: 0.1331, acc: 0.9723
04:30:53 valid - loss: 0.1155, acc: 0.9696
Epoch 482/600
04:31:32 train - loss: 0.1297, acc: 0.9729
04:31:34 valid - loss: 0.1199, acc: 0.9685
Epoch 483/600
04:32:12 train - loss: 0.1331, acc: 0.9725
04:32:14 valid - loss: 0.1208, acc: 0.9672
Epoch 484/600
04:32:53 train - loss: 0.1260, acc: 0.9744
04:32:54 valid - loss: 0.1284, acc: 0.9684
Epoch 485/600
04:33:33 train - loss: 0.1322, acc: 0.9723
04:33:34 valid - loss: 0.1179, acc: 0.9686
Epoch 486/600
04:34:13 train - loss: 0.1298, acc: 0.9726
04:34:14 valid - loss: 0.1130, acc: 0.9693
Epoch 487/600
04:34:53 train - loss: 0.1267, acc: 0.9733
04:34:55 valid - loss: 0.1151, acc: 0.9701
Epoch 488/600
04:35:33 train - loss: 0.1269, acc: 0.9732
04:35:35 valid - loss: 0.1171, acc: 0.9700
Epoch 489/600
04:36:13 train - loss: 0.1223, acc: 0.9743
04:36:15 valid - loss: 0.1235, acc: 0.9683
Epoch 490/600
04:36:53 train - loss: 0.1263, acc: 0.9741
04:36:55 valid - loss: 0.1194, acc: 0.9701
Epoch 491/600
04:37:33 train - loss: 0.1233, acc: 0.9748
04:37:35 valid - loss: 0.1209, acc: 0.9707
Epoch 492/600
04:38:13 train - loss: 0.1256, acc: 0.9736
04:38:15 valid - loss: 0.1137, acc: 0.9708
Epoch 493/600
04:38:53 train - loss: 0.1256, acc: 0.9736
04:38:55 valid - loss: 0.1071, acc: 0.9709
Epoch 494/600
04:39:33 train - loss: 0.1164, acc: 0.9757
04:39:35 valid - loss: 0.1078, acc: 0.9720
Epoch 495/600
04:40:13 train - loss: 0.1168, acc: 0.9757
04:40:15 valid - loss: 0.1130, acc: 0.9707
Epoch 496/600
04:40:53 train - loss: 0.1211, acc: 0.9751
04:40:55 valid - loss: 0.1192, acc: 0.9685
Epoch 497/600
04:41:33 train - loss: 0.1163, acc: 0.9763
04:41:35 valid - loss: 0.1225, acc: 0.9689
Epoch 498/600
04:42:14 train - loss: 0.1129, acc: 0.9764
04:42:15 valid - loss: 0.1187, acc: 0.9706
Epoch 499/600
04:42:54 train - loss: 0.1163, acc: 0.9759
04:42:55 valid - loss: 0.1159, acc: 0.9713
Epoch 500/600
04:43:33 train - loss: 0.1181, acc: 0.9753
04:43:35 valid - loss: 0.1108, acc: 0.9721
Epoch 501/600
04:44:13 train - loss: 0.1138, acc: 0.9761
04:44:14 valid - loss: 0.1150, acc: 0.9694
Epoch 502/600
04:44:53 train - loss: 0.1090, acc: 0.9776
04:44:54 valid - loss: 0.1186, acc: 0.9698
Epoch 503/600
04:45:32 train - loss: 0.1130, acc: 0.9762
04:45:34 valid - loss: 0.1111, acc: 0.9712
Epoch 504/600
04:46:12 train - loss: 0.1149, acc: 0.9760
04:46:14 valid - loss: 0.1151, acc: 0.9708
Epoch 505/600
04:46:52 train - loss: 0.1088, acc: 0.9775
04:46:53 valid - loss: 0.1155, acc: 0.9710
Epoch 506/600
04:47:32 train - loss: 0.1079, acc: 0.9782
04:47:33 valid - loss: 0.1147, acc: 0.9723
Epoch 507/600
04:48:12 train - loss: 0.1061, acc: 0.9783
04:48:14 valid - loss: 0.1131, acc: 0.9703
Epoch 508/600
04:48:52 train - loss: 0.1092, acc: 0.9779
04:48:54 valid - loss: 0.1160, acc: 0.9715
Epoch 509/600
04:49:32 train - loss: 0.1055, acc: 0.9792
04:49:34 valid - loss: 0.1111, acc: 0.9730
Epoch 510/600
04:50:12 train - loss: 0.1076, acc: 0.9779
04:50:14 valid - loss: 0.1063, acc: 0.9736
Epoch 511/600
04:50:53 train - loss: 0.1073, acc: 0.9782
04:50:54 valid - loss: 0.1113, acc: 0.9712
Epoch 512/600
04:51:33 train - loss: 0.1040, acc: 0.9787
04:51:35 valid - loss: 0.1127, acc: 0.9718
Epoch 513/600
04:52:13 train - loss: 0.1023, acc: 0.9791
04:52:15 valid - loss: 0.1076, acc: 0.9723
Epoch 514/600
04:52:54 train - loss: 0.1064, acc: 0.9782
04:52:55 valid - loss: 0.1084, acc: 0.9724
Epoch 515/600
04:53:34 train - loss: 0.0993, acc: 0.9799
04:53:36 valid - loss: 0.1091, acc: 0.9725
Epoch 516/600
04:54:14 train - loss: 0.0972, acc: 0.9807
04:54:16 valid - loss: 0.1084, acc: 0.9715
Epoch 517/600
04:54:55 train - loss: 0.1008, acc: 0.9793
04:54:56 valid - loss: 0.1072, acc: 0.9724
Epoch 518/600
04:55:35 train - loss: 0.1006, acc: 0.9798
04:55:36 valid - loss: 0.1049, acc: 0.9723
Epoch 519/600
04:56:15 train - loss: 0.0984, acc: 0.9800
04:56:16 valid - loss: 0.1067, acc: 0.9729
Epoch 520/600
04:56:55 train - loss: 0.0958, acc: 0.9806
04:56:56 valid - loss: 0.1066, acc: 0.9723
Epoch 521/600
04:57:35 train - loss: 0.0994, acc: 0.9801
04:57:36 valid - loss: 0.1092, acc: 0.9726
Epoch 522/600
04:58:15 train - loss: 0.1004, acc: 0.9798
04:58:16 valid - loss: 0.1094, acc: 0.9721
Epoch 523/600
04:58:54 train - loss: 0.0946, acc: 0.9808
04:58:56 valid - loss: 0.1084, acc: 0.9737
Epoch 524/600
04:59:34 train - loss: 0.0959, acc: 0.9807
04:59:36 valid - loss: 0.1119, acc: 0.9726
Epoch 525/600
05:00:14 train - loss: 0.0923, acc: 0.9814
05:00:16 valid - loss: 0.1039, acc: 0.9736
Epoch 526/600
05:00:54 train - loss: 0.0931, acc: 0.9810
05:00:56 valid - loss: 0.1034, acc: 0.9737
Epoch 527/600
05:01:35 train - loss: 0.0898, acc: 0.9826
05:01:36 valid - loss: 0.1074, acc: 0.9734
Epoch 528/600
05:02:15 train - loss: 0.0910, acc: 0.9810
05:02:16 valid - loss: 0.1068, acc: 0.9723
Epoch 529/600
05:02:55 train - loss: 0.0915, acc: 0.9817
05:02:56 valid - loss: 0.1049, acc: 0.9739
Epoch 530/600
05:03:35 train - loss: 0.0871, acc: 0.9821
05:03:36 valid - loss: 0.1037, acc: 0.9735
Epoch 531/600
05:04:15 train - loss: 0.0935, acc: 0.9818
05:04:16 valid - loss: 0.1062, acc: 0.9731
Epoch 532/600
05:04:55 train - loss: 0.0901, acc: 0.9820
05:04:56 valid - loss: 0.1035, acc: 0.9729
Epoch 533/600
05:05:35 train - loss: 0.0927, acc: 0.9815
05:05:36 valid - loss: 0.1040, acc: 0.9728
Epoch 534/600
05:06:15 train - loss: 0.0868, acc: 0.9826
05:06:17 valid - loss: 0.1060, acc: 0.9741
Epoch 535/600
05:06:55 train - loss: 0.0871, acc: 0.9825
05:06:56 valid - loss: 0.1097, acc: 0.9733
Epoch 536/600
05:07:35 train - loss: 0.0865, acc: 0.9829
05:07:36 valid - loss: 0.1054, acc: 0.9734
Epoch 537/600
05:08:15 train - loss: 0.0884, acc: 0.9823
05:08:16 valid - loss: 0.1082, acc: 0.9721
Epoch 538/600
05:08:55 train - loss: 0.0835, acc: 0.9828
05:08:56 valid - loss: 0.1088, acc: 0.9741
Epoch 539/600
05:09:34 train - loss: 0.0820, acc: 0.9838
05:09:36 valid - loss: 0.1096, acc: 0.9732
Epoch 540/600
05:10:14 train - loss: 0.0849, acc: 0.9832
05:10:16 valid - loss: 0.1087, acc: 0.9738
Epoch 541/600
05:10:54 train - loss: 0.0818, acc: 0.9842
05:10:56 valid - loss: 0.1089, acc: 0.9726
Epoch 542/600
05:11:34 train - loss: 0.0822, acc: 0.9838
05:11:36 valid - loss: 0.1107, acc: 0.9731
Epoch 543/600
05:12:14 train - loss: 0.0829, acc: 0.9830
05:12:16 valid - loss: 0.1115, acc: 0.9719
Epoch 544/600
05:12:54 train - loss: 0.0809, acc: 0.9844
05:12:56 valid - loss: 0.1105, acc: 0.9729
Epoch 545/600
05:13:34 train - loss: 0.0824, acc: 0.9835
05:13:36 valid - loss: 0.1099, acc: 0.9735
Epoch 546/600
05:14:14 train - loss: 0.0788, acc: 0.9849
05:14:16 valid - loss: 0.1091, acc: 0.9732
Epoch 547/600
05:14:54 train - loss: 0.0852, acc: 0.9828
05:14:56 valid - loss: 0.1075, acc: 0.9724
Epoch 548/600
05:15:34 train - loss: 0.0822, acc: 0.9834
05:15:36 valid - loss: 0.1062, acc: 0.9749
Epoch 549/600
05:16:14 train - loss: 0.0819, acc: 0.9839
05:16:15 valid - loss: 0.1076, acc: 0.9729
Epoch 550/600
05:16:54 train - loss: 0.0789, acc: 0.9847
05:16:55 valid - loss: 0.1073, acc: 0.9736
Epoch 551/600
05:17:33 train - loss: 0.0803, acc: 0.9848
05:17:35 valid - loss: 0.1112, acc: 0.9736
Epoch 552/600
05:18:13 train - loss: 0.0780, acc: 0.9845
05:18:15 valid - loss: 0.1091, acc: 0.9733
Epoch 553/600
05:18:53 train - loss: 0.0788, acc: 0.9845
05:18:55 valid - loss: 0.1075, acc: 0.9731
Epoch 554/600
05:19:33 train - loss: 0.0785, acc: 0.9846
05:19:34 valid - loss: 0.1093, acc: 0.9735
Epoch 555/600
05:20:13 train - loss: 0.0733, acc: 0.9862
05:20:14 valid - loss: 0.1073, acc: 0.9727
Epoch 556/600
05:20:53 train - loss: 0.0814, acc: 0.9846
05:20:55 valid - loss: 0.1077, acc: 0.9742
Epoch 557/600
05:21:33 train - loss: 0.0748, acc: 0.9860
05:21:35 valid - loss: 0.1097, acc: 0.9731
Epoch 558/600
05:22:13 train - loss: 0.0757, acc: 0.9852
05:22:15 valid - loss: 0.1071, acc: 0.9739
Epoch 559/600
05:22:53 train - loss: 0.0753, acc: 0.9852
05:22:55 valid - loss: 0.1084, acc: 0.9740
Epoch 560/600
05:23:34 train - loss: 0.0732, acc: 0.9858
05:23:35 valid - loss: 0.1104, acc: 0.9728
Epoch 561/600
05:24:14 train - loss: 0.0778, acc: 0.9848
05:24:15 valid - loss: 0.1079, acc: 0.9728
Epoch 562/600
05:24:54 train - loss: 0.0761, acc: 0.9856
05:24:55 valid - loss: 0.1079, acc: 0.9735
Epoch 563/600
05:25:34 train - loss: 0.0786, acc: 0.9853
05:25:35 valid - loss: 0.1106, acc: 0.9732
Epoch 564/600
05:26:14 train - loss: 0.0732, acc: 0.9860
05:26:15 valid - loss: 0.1079, acc: 0.9744
Epoch 565/600
05:26:54 train - loss: 0.0766, acc: 0.9854
05:26:55 valid - loss: 0.1081, acc: 0.9735
Epoch 566/600
05:27:34 train - loss: 0.0758, acc: 0.9848
05:27:35 valid - loss: 0.1082, acc: 0.9730
Epoch 567/600
05:28:14 train - loss: 0.0778, acc: 0.9849
05:28:15 valid - loss: 0.1075, acc: 0.9738
Epoch 568/600
05:28:54 train - loss: 0.0750, acc: 0.9858
05:28:55 valid - loss: 0.1054, acc: 0.9747
Epoch 569/600
05:29:34 train - loss: 0.0731, acc: 0.9863
05:29:36 valid - loss: 0.1088, acc: 0.9740
Epoch 570/600
05:30:14 train - loss: 0.0697, acc: 0.9866
05:30:16 valid - loss: 0.1078, acc: 0.9734
Epoch 571/600
05:30:54 train - loss: 0.0738, acc: 0.9862
05:30:55 valid - loss: 0.1085, acc: 0.9737
Epoch 572/600
05:31:34 train - loss: 0.0766, acc: 0.9853
05:31:36 valid - loss: 0.1077, acc: 0.9731
Epoch 573/600
05:32:14 train - loss: 0.0732, acc: 0.9860
05:32:16 valid - loss: 0.1083, acc: 0.9742
Epoch 574/600
05:32:55 train - loss: 0.0743, acc: 0.9860
05:32:56 valid - loss: 0.1078, acc: 0.9735
Epoch 575/600
05:33:35 train - loss: 0.0755, acc: 0.9850
05:33:36 valid - loss: 0.1068, acc: 0.9728
Epoch 576/600
05:34:15 train - loss: 0.0727, acc: 0.9862
05:34:17 valid - loss: 0.1065, acc: 0.9743
Epoch 577/600
05:34:55 train - loss: 0.0720, acc: 0.9862
05:34:57 valid - loss: 0.1072, acc: 0.9738
Epoch 578/600
05:35:35 train - loss: 0.0737, acc: 0.9856
05:35:37 valid - loss: 0.1073, acc: 0.9739
Epoch 579/600
05:36:15 train - loss: 0.0715, acc: 0.9866
05:36:17 valid - loss: 0.1075, acc: 0.9740
Epoch 580/600
05:36:55 train - loss: 0.0738, acc: 0.9861
05:36:57 valid - loss: 0.1064, acc: 0.9742
Epoch 581/600
05:37:36 train - loss: 0.0737, acc: 0.9856
05:37:37 valid - loss: 0.1067, acc: 0.9740
Epoch 582/600
05:38:16 train - loss: 0.0736, acc: 0.9862
05:38:17 valid - loss: 0.1063, acc: 0.9735
Epoch 583/600
05:38:56 train - loss: 0.0726, acc: 0.9862
05:38:58 valid - loss: 0.1053, acc: 0.9745
Epoch 584/600
05:39:36 train - loss: 0.0743, acc: 0.9860
05:39:38 valid - loss: 0.1057, acc: 0.9745
Epoch 585/600
05:40:16 train - loss: 0.0742, acc: 0.9857
05:40:18 valid - loss: 0.1085, acc: 0.9739
Epoch 586/600
05:40:56 train - loss: 0.0786, acc: 0.9843
05:40:58 valid - loss: 0.1071, acc: 0.9740
Epoch 587/600
05:41:36 train - loss: 0.0760, acc: 0.9854
05:41:37 valid - loss: 0.1055, acc: 0.9749
Epoch 588/600
05:42:16 train - loss: 0.0737, acc: 0.9862
05:42:17 valid - loss: 0.1061, acc: 0.9742
Epoch 589/600
05:42:56 train - loss: 0.0753, acc: 0.9857
05:42:57 valid - loss: 0.1066, acc: 0.9749
Epoch 590/600
05:43:35 train - loss: 0.0745, acc: 0.9862
05:43:37 valid - loss: 0.1069, acc: 0.9740
Epoch 591/600
05:44:15 train - loss: 0.0755, acc: 0.9857
05:44:17 valid - loss: 0.1063, acc: 0.9744
Epoch 592/600
05:44:55 train - loss: 0.0757, acc: 0.9857
05:44:57 valid - loss: 0.1067, acc: 0.9747
Epoch 593/600
05:45:35 train - loss: 0.0761, acc: 0.9853
05:45:36 valid - loss: 0.1063, acc: 0.9755
Epoch 594/600
05:46:15 train - loss: 0.0794, acc: 0.9848
05:46:16 valid - loss: 0.1068, acc: 0.9750
Epoch 595/600
05:46:54 train - loss: 0.0722, acc: 0.9862
05:46:56 valid - loss: 0.1063, acc: 0.9744
Epoch 596/600
05:47:34 train - loss: 0.0737, acc: 0.9862
05:47:36 valid - loss: 0.1059, acc: 0.9741
Epoch 597/600
05:48:14 train - loss: 0.0762, acc: 0.9854
05:48:16 valid - loss: 0.1060, acc: 0.9746
Epoch 598/600
05:48:54 train - loss: 0.0778, acc: 0.9856
05:48:56 valid - loss: 0.1066, acc: 0.9747
Epoch 599/600
05:49:34 train - loss: 0.0744, acc: 0.9861
05:49:36 valid - loss: 0.1072, acc: 0.9748
Epoch 600/600
05:50:14 train - loss: 0.0784, acc: 0.9854
05:50:16 valid - loss: 0.1064, acc: 0.9747