23:27:29 Start training
Epoch 1/600
WARNING:tensorflow:From /usr/local/lib/python3.6/dist-packages/tensorflow/python/data/ops/multi_device_iterator_ops.py:601: get_next_as_optional (from tensorflow.python.data.ops.iterator_ops) is deprecated and will be removed in a future version.
Instructions for updating:
Use `tf.data.Iterator.get_next_as_optional()` instead.
WARNING:tensorflow:From /usr/local/lib/python3.6/dist-packages/tensorflow/python/data/ops/multi_device_iterator_ops.py:601: get_next_as_optional (from tensorflow.python.data.ops.iterator_ops) is deprecated and will be removed in a future version.
Instructions for updating:
Use `tf.data.Iterator.get_next_as_optional()` instead.
23:38:00 train - loss: 2.7527, acc: 0.2690
23:40:19 valid - loss: 1.5438, acc: 0.4244
Epoch 2/600
23:41:03 train - loss: 2.2265, acc: 0.4265
23:41:05 valid - loss: 1.2288, acc: 0.5560
Epoch 3/600
23:41:48 train - loss: 1.8930, acc: 0.5219
23:41:51 valid - loss: 1.3171, acc: 0.5599
Epoch 4/600
23:42:34 train - loss: 1.6606, acc: 0.5819
23:42:37 valid - loss: 0.9302, acc: 0.6764
Epoch 5/600
23:43:20 train - loss: 1.4918, acc: 0.6306
23:43:23 valid - loss: 0.9011, acc: 0.6931
Epoch 6/600
23:44:06 train - loss: 1.3535, acc: 0.6684
23:44:08 valid - loss: 0.7379, acc: 0.7511
Epoch 7/600
23:44:52 train - loss: 1.2364, acc: 0.6964
23:44:54 valid - loss: 0.6756, acc: 0.7684
Epoch 8/600
23:45:37 train - loss: 1.1533, acc: 0.7178
23:45:40 valid - loss: 0.6961, acc: 0.7631
Epoch 9/600
23:46:24 train - loss: 1.0895, acc: 0.7332
23:46:26 valid - loss: 0.5689, acc: 0.8096
Epoch 10/600
23:47:09 train - loss: 1.0258, acc: 0.7493
23:47:11 valid - loss: 0.5953, acc: 0.7946
Epoch 11/600
23:47:55 train - loss: 0.9822, acc: 0.7614
23:47:57 valid - loss: 0.5482, acc: 0.8184
Epoch 12/600
23:48:41 train - loss: 0.9523, acc: 0.7690
23:48:43 valid - loss: 0.5146, acc: 0.8276
Epoch 13/600
23:49:26 train - loss: 0.9129, acc: 0.7788
23:49:29 valid - loss: 0.5448, acc: 0.8152
Epoch 14/600
23:50:12 train - loss: 0.8811, acc: 0.7868
23:50:14 valid - loss: 0.4681, acc: 0.8406
Epoch 15/600
23:50:57 train - loss: 0.8561, acc: 0.7915
23:51:00 valid - loss: 0.6111, acc: 0.8018
Epoch 16/600
23:51:43 train - loss: 0.8266, acc: 0.7983
23:51:46 valid - loss: 0.4635, acc: 0.8399
Epoch 17/600
23:52:29 train - loss: 0.8089, acc: 0.8032
23:52:31 valid - loss: 0.4107, acc: 0.8631
Epoch 18/600
23:53:15 train - loss: 0.7874, acc: 0.8089
23:53:17 valid - loss: 0.4118, acc: 0.8619
Epoch 19/600
23:54:00 train - loss: 0.7760, acc: 0.8117
23:54:03 valid - loss: 0.4765, acc: 0.8412
Epoch 20/600
23:54:46 train - loss: 0.7553, acc: 0.8164
23:54:48 valid - loss: 0.4311, acc: 0.8573
Epoch 21/600
23:55:32 train - loss: 0.7380, acc: 0.8222
23:55:34 valid - loss: 0.4361, acc: 0.8522
Epoch 22/600
23:56:17 train - loss: 0.7270, acc: 0.8236
23:56:20 valid - loss: 0.3932, acc: 0.8680
Epoch 23/600
23:57:03 train - loss: 0.7186, acc: 0.8273
23:57:05 valid - loss: 0.4063, acc: 0.8658
Epoch 24/600
23:57:49 train - loss: 0.7052, acc: 0.8302
23:57:51 valid - loss: 0.3848, acc: 0.8691
Epoch 25/600
23:58:34 train - loss: 0.6824, acc: 0.8363
23:58:37 valid - loss: 0.4097, acc: 0.8633
Epoch 26/600
23:59:20 train - loss: 0.6911, acc: 0.8323
23:59:22 valid - loss: 0.4249, acc: 0.8622
Epoch 27/600
00:00:06 train - loss: 0.6743, acc: 0.8382
00:00:08 valid - loss: 0.4046, acc: 0.8635
Epoch 28/600
00:00:51 train - loss: 0.6660, acc: 0.8390
00:00:54 valid - loss: 0.3549, acc: 0.8787
Epoch 29/600
00:01:37 train - loss: 0.6590, acc: 0.8417
00:01:39 valid - loss: 0.3294, acc: 0.8880
Epoch 30/600
00:02:23 train - loss: 0.6403, acc: 0.8454
00:02:25 valid - loss: 0.3934, acc: 0.8665
Epoch 31/600
00:03:08 train - loss: 0.6435, acc: 0.8450
00:03:11 valid - loss: 0.3539, acc: 0.8819
Epoch 32/600
00:03:54 train - loss: 0.6337, acc: 0.8471
00:03:56 valid - loss: 0.3788, acc: 0.8721
Epoch 33/600
00:04:40 train - loss: 0.6352, acc: 0.8469
00:04:42 valid - loss: 0.3512, acc: 0.8845
Epoch 34/600
00:05:26 train - loss: 0.6295, acc: 0.8479
00:05:28 valid - loss: 0.3573, acc: 0.8829
Epoch 35/600
00:06:12 train - loss: 0.6201, acc: 0.8517
00:06:14 valid - loss: 0.3545, acc: 0.8798
Epoch 36/600
00:06:57 train - loss: 0.6190, acc: 0.8507
00:07:00 valid - loss: 0.3283, acc: 0.8891
Epoch 37/600
00:07:43 train - loss: 0.6090, acc: 0.8518
00:07:46 valid - loss: 0.3055, acc: 0.8982
Epoch 38/600
00:08:29 train - loss: 0.6041, acc: 0.8542
00:08:31 valid - loss: 0.4001, acc: 0.8711
Epoch 39/600
00:09:15 train - loss: 0.5967, acc: 0.8576
00:09:17 valid - loss: 0.3926, acc: 0.8729
Epoch 40/600
00:10:01 train - loss: 0.5940, acc: 0.8575
00:10:03 valid - loss: 0.3257, acc: 0.8903
Epoch 41/600
00:10:46 train - loss: 0.5908, acc: 0.8586
00:10:49 valid - loss: 0.3506, acc: 0.8874
Epoch 42/600
00:11:32 train - loss: 0.5871, acc: 0.8570
00:11:35 valid - loss: 0.3282, acc: 0.8907
Epoch 43/600
00:12:18 train - loss: 0.5796, acc: 0.8616
00:12:21 valid - loss: 0.3110, acc: 0.8940
Epoch 44/600
00:13:04 train - loss: 0.5735, acc: 0.8628
00:13:06 valid - loss: 0.3585, acc: 0.8799
Epoch 45/600
00:13:50 train - loss: 0.5834, acc: 0.8607
00:13:52 valid - loss: 0.3717, acc: 0.8742
Epoch 46/600
00:14:36 train - loss: 0.5815, acc: 0.8610
00:14:38 valid - loss: 0.3007, acc: 0.8991
Epoch 47/600
00:15:22 train - loss: 0.5689, acc: 0.8640
00:15:24 valid - loss: 0.3264, acc: 0.8878
Epoch 48/600
00:16:07 train - loss: 0.5662, acc: 0.8627
00:16:10 valid - loss: 0.2910, acc: 0.9007
Epoch 49/600
00:16:53 train - loss: 0.5612, acc: 0.8661
00:16:56 valid - loss: 0.3109, acc: 0.8995
Epoch 50/600
00:17:39 train - loss: 0.5678, acc: 0.8635
00:17:42 valid - loss: 0.3185, acc: 0.8956
Epoch 51/600
00:18:25 train - loss: 0.5621, acc: 0.8650
00:18:27 valid - loss: 0.3807, acc: 0.8762
Epoch 52/600
00:19:11 train - loss: 0.5632, acc: 0.8648
00:19:13 valid - loss: 0.3115, acc: 0.8993
Epoch 53/600
00:19:57 train - loss: 0.5470, acc: 0.8693
00:19:59 valid - loss: 0.3509, acc: 0.8881
Epoch 54/600
00:20:43 train - loss: 0.5475, acc: 0.8678
00:20:45 valid - loss: 0.2956, acc: 0.8998
Epoch 55/600
00:21:29 train - loss: 0.5461, acc: 0.8676
00:21:31 valid - loss: 0.4169, acc: 0.8663
Epoch 56/600
00:22:15 train - loss: 0.5459, acc: 0.8687
00:22:17 valid - loss: 0.2868, acc: 0.9056
Epoch 57/600
00:23:01 train - loss: 0.5388, acc: 0.8723
00:23:03 valid - loss: 0.3496, acc: 0.8808
Epoch 58/600
00:23:47 train - loss: 0.5381, acc: 0.8709
00:23:49 valid - loss: 0.3771, acc: 0.8776
Epoch 59/600
00:24:33 train - loss: 0.5323, acc: 0.8721
00:24:35 valid - loss: 0.2845, acc: 0.9050
Epoch 60/600
00:25:18 train - loss: 0.5349, acc: 0.8710
00:25:21 valid - loss: 0.3336, acc: 0.8898
Epoch 61/600
00:26:04 train - loss: 0.5247, acc: 0.8751
00:26:07 valid - loss: 0.3412, acc: 0.8925
Epoch 62/600
00:26:50 train - loss: 0.5227, acc: 0.8745
00:26:52 valid - loss: 0.2834, acc: 0.9054
Epoch 63/600
00:27:36 train - loss: 0.5254, acc: 0.8741
00:27:38 valid - loss: 0.2909, acc: 0.9022
Epoch 64/600
00:28:22 train - loss: 0.5253, acc: 0.8745
00:28:24 valid - loss: 0.3476, acc: 0.8857
Epoch 65/600
00:29:08 train - loss: 0.5180, acc: 0.8773
00:29:10 valid - loss: 0.2783, acc: 0.9068
Epoch 66/600
00:29:54 train - loss: 0.5233, acc: 0.8735
00:29:56 valid - loss: 0.3082, acc: 0.8958
Epoch 67/600
00:30:39 train - loss: 0.5177, acc: 0.8752
00:30:42 valid - loss: 0.2957, acc: 0.8998
Epoch 68/600
00:31:25 train - loss: 0.5154, acc: 0.8782
00:31:28 valid - loss: 0.3156, acc: 0.8949
Epoch 69/600
00:32:11 train - loss: 0.5120, acc: 0.8778
00:32:14 valid - loss: 0.3049, acc: 0.9037
Epoch 70/600
00:32:57 train - loss: 0.5161, acc: 0.8773
00:33:00 valid - loss: 0.2496, acc: 0.9173
Epoch 71/600
00:33:43 train - loss: 0.5027, acc: 0.8801
00:33:45 valid - loss: 0.3098, acc: 0.9018
Epoch 72/600
00:34:29 train - loss: 0.5043, acc: 0.8804
00:34:31 valid - loss: 0.3027, acc: 0.9001
Epoch 73/600
00:35:15 train - loss: 0.5068, acc: 0.8786
00:35:17 valid - loss: 0.2575, acc: 0.9133
Epoch 74/600
00:36:01 train - loss: 0.5038, acc: 0.8797
00:36:03 valid - loss: 0.2978, acc: 0.8998
Epoch 75/600
00:36:47 train - loss: 0.4920, acc: 0.8815
00:36:49 valid - loss: 0.2712, acc: 0.9125
Epoch 76/600
00:37:33 train - loss: 0.4983, acc: 0.8819
00:37:35 valid - loss: 0.3003, acc: 0.9018
Epoch 77/600
00:38:19 train - loss: 0.5039, acc: 0.8813
00:38:21 valid - loss: 0.2761, acc: 0.9048
Epoch 78/600
00:39:05 train - loss: 0.4927, acc: 0.8830
00:39:07 valid - loss: 0.2927, acc: 0.9024
Epoch 79/600
00:39:50 train - loss: 0.5018, acc: 0.8810
00:39:53 valid - loss: 0.2543, acc: 0.9146
Epoch 80/600
00:40:36 train - loss: 0.4907, acc: 0.8835
00:40:39 valid - loss: 0.2447, acc: 0.9172
Epoch 81/600
00:41:22 train - loss: 0.4931, acc: 0.8831
00:41:25 valid - loss: 0.2595, acc: 0.9138
Epoch 82/600
00:42:08 train - loss: 0.4917, acc: 0.8821
00:42:10 valid - loss: 0.2569, acc: 0.9134
Epoch 83/600
00:42:54 train - loss: 0.4844, acc: 0.8842
00:42:56 valid - loss: 0.3328, acc: 0.8949
Epoch 84/600
00:43:40 train - loss: 0.4875, acc: 0.8842
00:43:42 valid - loss: 0.3076, acc: 0.9003
Epoch 85/600
00:44:26 train - loss: 0.4896, acc: 0.8836
00:44:28 valid - loss: 0.2739, acc: 0.9064
Epoch 86/600
00:45:12 train - loss: 0.4915, acc: 0.8825
00:45:14 valid - loss: 0.2463, acc: 0.9176
Epoch 87/600
00:45:58 train - loss: 0.4817, acc: 0.8853
00:46:00 valid - loss: 0.2940, acc: 0.9012
Epoch 88/600
00:46:44 train - loss: 0.4788, acc: 0.8861
00:46:46 valid - loss: 0.2567, acc: 0.9138
Epoch 89/600
00:47:30 train - loss: 0.4699, acc: 0.8873
00:47:32 valid - loss: 0.2949, acc: 0.9033
Epoch 90/600
00:48:16 train - loss: 0.4829, acc: 0.8845
00:48:18 valid - loss: 0.2979, acc: 0.8995
Epoch 91/600
00:49:01 train - loss: 0.4800, acc: 0.8855
00:49:04 valid - loss: 0.2526, acc: 0.9181
Epoch 92/600
00:49:47 train - loss: 0.4742, acc: 0.8884
00:49:50 valid - loss: 0.2339, acc: 0.9203
Epoch 93/600
00:50:33 train - loss: 0.4803, acc: 0.8862
00:50:36 valid - loss: 0.2533, acc: 0.9177
Epoch 94/600
00:51:19 train - loss: 0.4700, acc: 0.8894
00:51:21 valid - loss: 0.2275, acc: 0.9233
Epoch 95/600
00:52:05 train - loss: 0.4711, acc: 0.8895
00:52:07 valid - loss: 0.2366, acc: 0.9182
Epoch 96/600
00:52:51 train - loss: 0.4652, acc: 0.8876
00:52:53 valid - loss: 0.2471, acc: 0.9185
Epoch 97/600
00:53:37 train - loss: 0.4681, acc: 0.8880
00:53:39 valid - loss: 0.2863, acc: 0.9055
Epoch 98/600
00:54:23 train - loss: 0.4698, acc: 0.8868
00:54:25 valid - loss: 0.2618, acc: 0.9141
Epoch 99/600
00:55:09 train - loss: 0.4657, acc: 0.8910
00:55:11 valid - loss: 0.2748, acc: 0.9077
Epoch 100/600
00:55:55 train - loss: 0.4605, acc: 0.8905
00:55:57 valid - loss: 0.2545, acc: 0.9156
Epoch 101/600
00:56:41 train - loss: 0.4652, acc: 0.8891
00:56:43 valid - loss: 0.2502, acc: 0.9181
Epoch 102/600
00:57:27 train - loss: 0.4601, acc: 0.8905
00:57:29 valid - loss: 0.2738, acc: 0.9083
Epoch 103/600
00:58:12 train - loss: 0.4751, acc: 0.8858
00:58:15 valid - loss: 0.2445, acc: 0.9190
Epoch 104/600
00:58:58 train - loss: 0.4541, acc: 0.8934
00:59:01 valid - loss: 0.2613, acc: 0.9133
Epoch 105/600
00:59:44 train - loss: 0.4598, acc: 0.8910
00:59:46 valid - loss: 0.2578, acc: 0.9127
Epoch 106/600
01:00:30 train - loss: 0.4567, acc: 0.8922
01:00:32 valid - loss: 0.2467, acc: 0.9163
Epoch 107/600
01:01:16 train - loss: 0.4518, acc: 0.8925
01:01:18 valid - loss: 0.2395, acc: 0.9215
Epoch 108/600
01:02:02 train - loss: 0.4495, acc: 0.8933
01:02:04 valid - loss: 0.2426, acc: 0.9190
Epoch 109/600
01:02:48 train - loss: 0.4603, acc: 0.8912
01:02:50 valid - loss: 0.2363, acc: 0.9205
Epoch 110/600
01:03:34 train - loss: 0.4530, acc: 0.8936
01:03:36 valid - loss: 0.2295, acc: 0.9220
Epoch 111/600
01:04:20 train - loss: 0.4509, acc: 0.8939
01:04:22 valid - loss: 0.2881, acc: 0.9085
Epoch 112/600
01:05:06 train - loss: 0.4578, acc: 0.8924
01:05:08 valid - loss: 0.2339, acc: 0.9237
Epoch 113/600
01:05:51 train - loss: 0.4461, acc: 0.8943
01:05:54 valid - loss: 0.2561, acc: 0.9158
Epoch 114/600
01:06:37 train - loss: 0.4456, acc: 0.8953
01:06:40 valid - loss: 0.2487, acc: 0.9154
Epoch 115/600
01:07:23 train - loss: 0.4508, acc: 0.8936
01:07:26 valid - loss: 0.2403, acc: 0.9202
Epoch 116/600
01:08:09 train - loss: 0.4457, acc: 0.8946
01:08:11 valid - loss: 0.2414, acc: 0.9182
Epoch 117/600
01:08:55 train - loss: 0.4435, acc: 0.8951
01:08:57 valid - loss: 0.2871, acc: 0.9081
Epoch 118/600
01:09:41 train - loss: 0.4463, acc: 0.8948
01:09:43 valid - loss: 0.2311, acc: 0.9216
Epoch 119/600
01:10:27 train - loss: 0.4463, acc: 0.8953
01:10:29 valid - loss: 0.2562, acc: 0.9129
Epoch 120/600
01:11:12 train - loss: 0.4493, acc: 0.8932
01:11:15 valid - loss: 0.2461, acc: 0.9172
Epoch 121/600
01:11:58 train - loss: 0.4468, acc: 0.8945
01:12:01 valid - loss: 0.2271, acc: 0.9250
Epoch 122/600
01:12:44 train - loss: 0.4451, acc: 0.8956
01:12:47 valid - loss: 0.2432, acc: 0.9220
Epoch 123/600
01:13:30 train - loss: 0.4489, acc: 0.8937
01:13:33 valid - loss: 0.2569, acc: 0.9160
Epoch 124/600
01:14:16 train - loss: 0.4391, acc: 0.8958
01:14:18 valid - loss: 0.2461, acc: 0.9177
Epoch 125/600
01:15:02 train - loss: 0.4294, acc: 0.8982
01:15:04 valid - loss: 0.2387, acc: 0.9226
Epoch 126/600
01:15:48 train - loss: 0.4361, acc: 0.8973
01:15:50 valid - loss: 0.2281, acc: 0.9270
Epoch 127/600
01:16:34 train - loss: 0.4286, acc: 0.8977
01:16:36 valid - loss: 0.2513, acc: 0.9180
Epoch 128/600
01:17:20 train - loss: 0.4371, acc: 0.8956
01:17:22 valid - loss: 0.2323, acc: 0.9240
Epoch 129/600
01:18:06 train - loss: 0.4368, acc: 0.8971
01:18:08 valid - loss: 0.2406, acc: 0.9203
Epoch 130/600
01:18:52 train - loss: 0.4362, acc: 0.8985
01:18:54 valid - loss: 0.2114, acc: 0.9299
Epoch 131/600
01:19:38 train - loss: 0.4353, acc: 0.8967
01:19:40 valid - loss: 0.2383, acc: 0.9181
Epoch 132/600
01:20:24 train - loss: 0.4324, acc: 0.8977
01:20:26 valid - loss: 0.2124, acc: 0.9303
Epoch 133/600
01:21:09 train - loss: 0.4361, acc: 0.8955
01:21:12 valid - loss: 0.2262, acc: 0.9248
Epoch 134/600
01:21:55 train - loss: 0.4332, acc: 0.8972
01:21:58 valid - loss: 0.2646, acc: 0.9119
Epoch 135/600
01:22:41 train - loss: 0.4332, acc: 0.8974
01:22:44 valid - loss: 0.2266, acc: 0.9238
Epoch 136/600
01:23:27 train - loss: 0.4288, acc: 0.8990
01:23:29 valid - loss: 0.2469, acc: 0.9180
Epoch 137/600
01:24:13 train - loss: 0.4328, acc: 0.8967
01:24:15 valid - loss: 0.2536, acc: 0.9168
Epoch 138/600
01:24:59 train - loss: 0.4307, acc: 0.8980
01:25:01 valid - loss: 0.2630, acc: 0.9173
Epoch 139/600
01:25:45 train - loss: 0.4271, acc: 0.8999
01:25:47 valid - loss: 0.2201, acc: 0.9283
Epoch 140/600
01:26:31 train - loss: 0.4263, acc: 0.8984
01:26:33 valid - loss: 0.2602, acc: 0.9206
Epoch 141/600
01:27:17 train - loss: 0.4186, acc: 0.9015
01:27:19 valid - loss: 0.2152, acc: 0.9293
Epoch 142/600
01:28:03 train - loss: 0.4287, acc: 0.8998
01:28:05 valid - loss: 0.2175, acc: 0.9296
Epoch 143/600
01:28:49 train - loss: 0.4271, acc: 0.8992
01:28:51 valid - loss: 0.2228, acc: 0.9275
Epoch 144/600
01:29:35 train - loss: 0.4210, acc: 0.9014
01:29:37 valid - loss: 0.2412, acc: 0.9187
Epoch 145/600
01:30:21 train - loss: 0.4172, acc: 0.9019
01:30:23 valid - loss: 0.2279, acc: 0.9243
Epoch 146/600
01:31:06 train - loss: 0.4185, acc: 0.9003
01:31:09 valid - loss: 0.2280, acc: 0.9249
Epoch 147/600
01:31:52 train - loss: 0.4159, acc: 0.9025
01:31:55 valid - loss: 0.2192, acc: 0.9249
Epoch 148/600
01:32:38 train - loss: 0.4246, acc: 0.9004
01:32:40 valid - loss: 0.2146, acc: 0.9297
Epoch 149/600
01:33:24 train - loss: 0.4214, acc: 0.9010
01:33:26 valid - loss: 0.2227, acc: 0.9280
Epoch 150/600
01:34:10 train - loss: 0.4221, acc: 0.8997
01:34:12 valid - loss: 0.2279, acc: 0.9249
Epoch 151/600
01:34:56 train - loss: 0.4164, acc: 0.9008
01:34:58 valid - loss: 0.2138, acc: 0.9311
Epoch 152/600
01:35:42 train - loss: 0.4198, acc: 0.9016
01:35:44 valid - loss: 0.2258, acc: 0.9248
Epoch 153/600
01:36:28 train - loss: 0.4168, acc: 0.9016
01:36:30 valid - loss: 0.1979, acc: 0.9339
Epoch 154/600
01:37:14 train - loss: 0.4182, acc: 0.9015
01:37:16 valid - loss: 0.2421, acc: 0.9200
Epoch 155/600
01:38:00 train - loss: 0.4105, acc: 0.9040
01:38:02 valid - loss: 0.2202, acc: 0.9277
Epoch 156/600
01:38:46 train - loss: 0.4101, acc: 0.9033
01:38:48 valid - loss: 0.2419, acc: 0.9193
Epoch 157/600
01:39:32 train - loss: 0.4176, acc: 0.9015
01:39:34 valid - loss: 0.2021, acc: 0.9316
Epoch 158/600
01:40:17 train - loss: 0.4027, acc: 0.9048
01:40:20 valid - loss: 0.2082, acc: 0.9294
Epoch 159/600
01:41:03 train - loss: 0.4091, acc: 0.9037
01:41:06 valid - loss: 0.2014, acc: 0.9368
Epoch 160/600
01:41:49 train - loss: 0.4094, acc: 0.9048
01:41:52 valid - loss: 0.2176, acc: 0.9306
Epoch 161/600
01:42:35 train - loss: 0.4111, acc: 0.9035
01:42:38 valid - loss: 0.2061, acc: 0.9316
Epoch 162/600
01:43:21 train - loss: 0.4017, acc: 0.9040
01:43:23 valid - loss: 0.2161, acc: 0.9275
Epoch 163/600
01:44:07 train - loss: 0.4028, acc: 0.9059
01:44:09 valid - loss: 0.2159, acc: 0.9310
Epoch 164/600
01:44:53 train - loss: 0.4052, acc: 0.9041
01:44:55 valid - loss: 0.2499, acc: 0.9145
Epoch 165/600
01:45:39 train - loss: 0.4068, acc: 0.9044
01:45:41 valid - loss: 0.2468, acc: 0.9197
Epoch 166/600
01:46:25 train - loss: 0.4022, acc: 0.9053
01:46:27 valid - loss: 0.2140, acc: 0.9306
Epoch 167/600
01:47:10 train - loss: 0.4054, acc: 0.9045
01:47:13 valid - loss: 0.2096, acc: 0.9310
Epoch 168/600
01:47:56 train - loss: 0.4067, acc: 0.9042
01:47:59 valid - loss: 0.1906, acc: 0.9341
Epoch 169/600
01:48:42 train - loss: 0.3987, acc: 0.9044
01:48:45 valid - loss: 0.2032, acc: 0.9321
Epoch 170/600
01:49:28 train - loss: 0.4032, acc: 0.9057
01:49:30 valid - loss: 0.2168, acc: 0.9281
Epoch 171/600
01:50:14 train - loss: 0.3968, acc: 0.9074
01:50:16 valid - loss: 0.2035, acc: 0.9355
Epoch 172/600
01:51:00 train - loss: 0.4037, acc: 0.9053
01:51:02 valid - loss: 0.2186, acc: 0.9315
Epoch 173/600
01:51:46 train - loss: 0.3965, acc: 0.9068
01:51:48 valid - loss: 0.2073, acc: 0.9321
Epoch 174/600
01:52:32 train - loss: 0.3954, acc: 0.9079
01:52:34 valid - loss: 0.2061, acc: 0.9330
Epoch 175/600
01:53:18 train - loss: 0.3968, acc: 0.9055
01:53:20 valid - loss: 0.2285, acc: 0.9271
Epoch 176/600
01:54:03 train - loss: 0.3949, acc: 0.9063
01:54:06 valid - loss: 0.2077, acc: 0.9324
Epoch 177/600
01:54:49 train - loss: 0.3936, acc: 0.9080
01:54:52 valid - loss: 0.2013, acc: 0.9300
Epoch 178/600
01:55:35 train - loss: 0.3918, acc: 0.9073
01:55:38 valid - loss: 0.2155, acc: 0.9282
Epoch 179/600
01:56:21 train - loss: 0.3983, acc: 0.9060
01:56:24 valid - loss: 0.2232, acc: 0.9265
Epoch 180/600
01:57:07 train - loss: 0.3912, acc: 0.9085
01:57:09 valid - loss: 0.2066, acc: 0.9295
Epoch 181/600
01:57:53 train - loss: 0.3938, acc: 0.9085
01:57:55 valid - loss: 0.2183, acc: 0.9271
Epoch 182/600
01:58:39 train - loss: 0.3899, acc: 0.9084
01:58:41 valid - loss: 0.2485, acc: 0.9198
Epoch 183/600
01:59:24 train - loss: 0.3982, acc: 0.9066
01:59:27 valid - loss: 0.2220, acc: 0.9276
Epoch 184/600
02:00:10 train - loss: 0.3949, acc: 0.9072
02:00:13 valid - loss: 0.2497, acc: 0.9175
Epoch 185/600
02:00:56 train - loss: 0.3850, acc: 0.9093
02:00:58 valid - loss: 0.2479, acc: 0.9205
Epoch 186/600
02:01:42 train - loss: 0.3860, acc: 0.9095
02:01:44 valid - loss: 0.2260, acc: 0.9273
Epoch 187/600
02:02:28 train - loss: 0.3987, acc: 0.9073
02:02:30 valid - loss: 0.2003, acc: 0.9358
Epoch 188/600
02:03:14 train - loss: 0.3877, acc: 0.9086
02:03:16 valid - loss: 0.2227, acc: 0.9285
Epoch 189/600
02:03:59 train - loss: 0.3874, acc: 0.9075
02:04:02 valid - loss: 0.2068, acc: 0.9329
Epoch 190/600
02:04:45 train - loss: 0.3860, acc: 0.9104
02:04:48 valid - loss: 0.2728, acc: 0.9151
Epoch 191/600
02:05:31 train - loss: 0.3886, acc: 0.9096
02:05:33 valid - loss: 0.2017, acc: 0.9314
Epoch 192/600
02:06:17 train - loss: 0.3816, acc: 0.9115
02:06:20 valid - loss: 0.2168, acc: 0.9294
Epoch 193/600
02:07:03 train - loss: 0.3841, acc: 0.9102
02:07:05 valid - loss: 0.1992, acc: 0.9341
Epoch 194/600
02:07:49 train - loss: 0.3757, acc: 0.9126
02:07:51 valid - loss: 0.2259, acc: 0.9247
Epoch 195/600
02:08:35 train - loss: 0.3806, acc: 0.9094
02:08:37 valid - loss: 0.2309, acc: 0.9245
Epoch 196/600
02:09:20 train - loss: 0.3823, acc: 0.9107
02:09:23 valid - loss: 0.2080, acc: 0.9324
Epoch 197/600
02:10:06 train - loss: 0.3809, acc: 0.9102
02:10:08 valid - loss: 0.1914, acc: 0.9380
Epoch 198/600
02:10:52 train - loss: 0.3853, acc: 0.9106
02:10:54 valid - loss: 0.2047, acc: 0.9322
Epoch 199/600
02:11:37 train - loss: 0.3746, acc: 0.9114
02:11:40 valid - loss: 0.1911, acc: 0.9397
Epoch 200/600
02:12:23 train - loss: 0.3814, acc: 0.9106
02:12:25 valid - loss: 0.2102, acc: 0.9297
Epoch 201/600
02:13:09 train - loss: 0.3792, acc: 0.9111
02:13:11 valid - loss: 0.1997, acc: 0.9357
Epoch 202/600
02:13:55 train - loss: 0.3694, acc: 0.9126
02:13:57 valid - loss: 0.2132, acc: 0.9304
Epoch 203/600
02:14:40 train - loss: 0.3789, acc: 0.9120
02:14:43 valid - loss: 0.1787, acc: 0.9401
Epoch 204/600
02:15:26 train - loss: 0.3710, acc: 0.9134
02:15:29 valid - loss: 0.1760, acc: 0.9415
Epoch 205/600
02:16:12 train - loss: 0.3712, acc: 0.9136
02:16:14 valid - loss: 0.2144, acc: 0.9325
Epoch 206/600
02:16:58 train - loss: 0.3802, acc: 0.9117
02:17:00 valid - loss: 0.1902, acc: 0.9385
Epoch 207/600
02:17:44 train - loss: 0.3730, acc: 0.9131
02:17:46 valid - loss: 0.2188, acc: 0.9287
Epoch 208/600
02:18:30 train - loss: 0.3748, acc: 0.9122
02:18:32 valid - loss: 0.1993, acc: 0.9349
Epoch 209/600
02:19:16 train - loss: 0.3771, acc: 0.9116
02:19:18 valid - loss: 0.2084, acc: 0.9319
Epoch 210/600
02:20:02 train - loss: 0.3691, acc: 0.9127
02:20:04 valid - loss: 0.2039, acc: 0.9344
Epoch 211/600
02:20:48 train - loss: 0.3772, acc: 0.9114
02:20:50 valid - loss: 0.2210, acc: 0.9262
Epoch 212/600
02:21:34 train - loss: 0.3671, acc: 0.9149
02:21:36 valid - loss: 0.2168, acc: 0.9316
Epoch 213/600
02:22:19 train - loss: 0.3723, acc: 0.9140
02:22:22 valid - loss: 0.2125, acc: 0.9315
Epoch 214/600
02:23:05 train - loss: 0.3723, acc: 0.9132
02:23:08 valid - loss: 0.2109, acc: 0.9323
Epoch 215/600
02:23:51 train - loss: 0.3647, acc: 0.9142
02:23:53 valid - loss: 0.2191, acc: 0.9324
Epoch 216/600
02:24:37 train - loss: 0.3664, acc: 0.9150
02:24:39 valid - loss: 0.2262, acc: 0.9301
Epoch 217/600
02:25:23 train - loss: 0.3669, acc: 0.9144
02:25:25 valid - loss: 0.2284, acc: 0.9286
Epoch 218/600
02:26:09 train - loss: 0.3658, acc: 0.9144
02:26:11 valid - loss: 0.2115, acc: 0.9325
Epoch 219/600
02:26:54 train - loss: 0.3590, acc: 0.9151
02:26:57 valid - loss: 0.1928, acc: 0.9398
Epoch 220/600
02:27:40 train - loss: 0.3589, acc: 0.9158
02:27:42 valid - loss: 0.1856, acc: 0.9390
Epoch 221/600
02:28:26 train - loss: 0.3623, acc: 0.9151
02:28:28 valid - loss: 0.1865, acc: 0.9378
Epoch 222/600
02:29:12 train - loss: 0.3730, acc: 0.9125
02:29:14 valid - loss: 0.2345, acc: 0.9194
Epoch 223/600
02:29:58 train - loss: 0.3646, acc: 0.9151
02:30:00 valid - loss: 0.1955, acc: 0.9373
Epoch 224/600
02:30:44 train - loss: 0.3607, acc: 0.9152
02:30:46 valid - loss: 0.2265, acc: 0.9290
Epoch 225/600
02:31:30 train - loss: 0.3589, acc: 0.9161
02:31:32 valid - loss: 0.2097, acc: 0.9352
Epoch 226/600
02:32:16 train - loss: 0.3658, acc: 0.9145
02:32:18 valid - loss: 0.1851, acc: 0.9406
Epoch 227/600
02:33:02 train - loss: 0.3588, acc: 0.9160
02:33:04 valid - loss: 0.1774, acc: 0.9434
Epoch 228/600
02:33:48 train - loss: 0.3607, acc: 0.9158
02:33:50 valid - loss: 0.1721, acc: 0.9446
Epoch 229/600
02:34:34 train - loss: 0.3615, acc: 0.9152
02:34:36 valid - loss: 0.1766, acc: 0.9411
Epoch 230/600
02:35:20 train - loss: 0.3580, acc: 0.9158
02:35:22 valid - loss: 0.2353, acc: 0.9237
Epoch 231/600
02:36:05 train - loss: 0.3514, acc: 0.9173
02:36:08 valid - loss: 0.1908, acc: 0.9377
Epoch 232/600
02:36:51 train - loss: 0.3558, acc: 0.9166
02:36:54 valid - loss: 0.2091, acc: 0.9335
Epoch 233/600
02:37:37 train - loss: 0.3612, acc: 0.9150
02:37:40 valid - loss: 0.1890, acc: 0.9394
Epoch 234/600
02:38:23 train - loss: 0.3495, acc: 0.9182
02:38:25 valid - loss: 0.2072, acc: 0.9323
Epoch 235/600
02:39:09 train - loss: 0.3461, acc: 0.9196
02:39:11 valid - loss: 0.2232, acc: 0.9287
Epoch 236/600
02:39:55 train - loss: 0.3546, acc: 0.9161
02:39:57 valid - loss: 0.1959, acc: 0.9357
Epoch 237/600
02:40:40 train - loss: 0.3546, acc: 0.9172
02:40:43 valid - loss: 0.1887, acc: 0.9416
Epoch 238/600
02:41:26 train - loss: 0.3526, acc: 0.9180
02:41:29 valid - loss: 0.2020, acc: 0.9346
Epoch 239/600
02:42:12 train - loss: 0.3581, acc: 0.9162
02:42:14 valid - loss: 0.1776, acc: 0.9451
Epoch 240/600
02:42:58 train - loss: 0.3528, acc: 0.9176
02:43:00 valid - loss: 0.2041, acc: 0.9357
Epoch 241/600
02:43:44 train - loss: 0.3455, acc: 0.9203
02:43:46 valid - loss: 0.1901, acc: 0.9396
Epoch 242/600
02:44:30 train - loss: 0.3526, acc: 0.9187
02:44:32 valid - loss: 0.1937, acc: 0.9388
Epoch 243/600
02:45:15 train - loss: 0.3471, acc: 0.9192
02:45:18 valid - loss: 0.1980, acc: 0.9378
Epoch 244/600
02:46:01 train - loss: 0.3443, acc: 0.9211
02:46:03 valid - loss: 0.1775, acc: 0.9420
Epoch 245/600
02:46:47 train - loss: 0.3489, acc: 0.9187
02:46:49 valid - loss: 0.1968, acc: 0.9331
Epoch 246/600
02:47:33 train - loss: 0.3444, acc: 0.9188
02:47:35 valid - loss: 0.1858, acc: 0.9378
Epoch 247/600
02:48:19 train - loss: 0.3445, acc: 0.9202
02:48:21 valid - loss: 0.1935, acc: 0.9365
Epoch 248/600
02:49:04 train - loss: 0.3478, acc: 0.9200
02:49:07 valid - loss: 0.1748, acc: 0.9405
Epoch 249/600
02:49:50 train - loss: 0.3480, acc: 0.9192
02:49:52 valid - loss: 0.1918, acc: 0.9389
Epoch 250/600
02:50:36 train - loss: 0.3519, acc: 0.9196
02:50:38 valid - loss: 0.1744, acc: 0.9433
Epoch 251/600
02:51:22 train - loss: 0.3425, acc: 0.9210
02:51:24 valid - loss: 0.1733, acc: 0.9418
Epoch 252/600
02:52:08 train - loss: 0.3411, acc: 0.9198
02:52:10 valid - loss: 0.1695, acc: 0.9428
Epoch 253/600
02:52:53 train - loss: 0.3397, acc: 0.9190
02:52:56 valid - loss: 0.1831, acc: 0.9435
Epoch 254/600
02:53:40 train - loss: 0.3416, acc: 0.9203
02:53:42 valid - loss: 0.2012, acc: 0.9367
Epoch 255/600
02:54:26 train - loss: 0.3455, acc: 0.9201
02:54:28 valid - loss: 0.1892, acc: 0.9396
Epoch 256/600
02:55:11 train - loss: 0.3308, acc: 0.9225
02:55:14 valid - loss: 0.2249, acc: 0.9291
Epoch 257/600
02:55:58 train - loss: 0.3420, acc: 0.9203
02:56:00 valid - loss: 0.1936, acc: 0.9371
Epoch 258/600
02:56:43 train - loss: 0.3430, acc: 0.9200
02:56:46 valid - loss: 0.1832, acc: 0.9408
Epoch 259/600
02:57:29 train - loss: 0.3294, acc: 0.9242
02:57:32 valid - loss: 0.1950, acc: 0.9391
Epoch 260/600
02:58:15 train - loss: 0.3318, acc: 0.9225
02:58:18 valid - loss: 0.1957, acc: 0.9359
Epoch 261/600
02:59:01 train - loss: 0.3371, acc: 0.9212
02:59:04 valid - loss: 0.2109, acc: 0.9339
Epoch 262/600
02:59:47 train - loss: 0.3355, acc: 0.9217
02:59:50 valid - loss: 0.2037, acc: 0.9348
Epoch 263/600
03:00:33 train - loss: 0.3388, acc: 0.9215
03:00:36 valid - loss: 0.1737, acc: 0.9437
Epoch 264/600
03:01:19 train - loss: 0.3319, acc: 0.9234
03:01:22 valid - loss: 0.1786, acc: 0.9410
Epoch 265/600
03:02:05 train - loss: 0.3363, acc: 0.9224
03:02:08 valid - loss: 0.1797, acc: 0.9411
Epoch 266/600
03:02:51 train - loss: 0.3299, acc: 0.9241
03:02:53 valid - loss: 0.1959, acc: 0.9385
Epoch 267/600
03:03:37 train - loss: 0.3283, acc: 0.9236
03:03:39 valid - loss: 0.1812, acc: 0.9413
Epoch 268/600
03:04:23 train - loss: 0.3269, acc: 0.9230
03:04:25 valid - loss: 0.1921, acc: 0.9383
Epoch 269/600
03:05:09 train - loss: 0.3310, acc: 0.9239
03:05:11 valid - loss: 0.1863, acc: 0.9398
Epoch 270/600
03:05:55 train - loss: 0.3197, acc: 0.9262
03:05:57 valid - loss: 0.1720, acc: 0.9427
Epoch 271/600
03:06:41 train - loss: 0.3269, acc: 0.9248
03:06:43 valid - loss: 0.1599, acc: 0.9496
Epoch 272/600
03:07:26 train - loss: 0.3359, acc: 0.9209
03:07:29 valid - loss: 0.1718, acc: 0.9432
Epoch 273/600
03:08:12 train - loss: 0.3298, acc: 0.9240
03:08:15 valid - loss: 0.1744, acc: 0.9423
Epoch 274/600
03:08:58 train - loss: 0.3254, acc: 0.9248
03:09:01 valid - loss: 0.1760, acc: 0.9439
Epoch 275/600
03:09:44 train - loss: 0.3226, acc: 0.9253
03:09:47 valid - loss: 0.2076, acc: 0.9348
Epoch 276/600
03:10:30 train - loss: 0.3241, acc: 0.9254
03:10:33 valid - loss: 0.2066, acc: 0.9371
Epoch 277/600
03:11:16 train - loss: 0.3242, acc: 0.9247
03:11:19 valid - loss: 0.1740, acc: 0.9464
Epoch 278/600
03:12:03 train - loss: 0.3227, acc: 0.9261
03:12:06 valid - loss: 0.1636, acc: 0.9467
Epoch 279/600
03:12:49 train - loss: 0.3251, acc: 0.9246
03:12:51 valid - loss: 0.1722, acc: 0.9462
Epoch 280/600
03:13:35 train - loss: 0.3261, acc: 0.9244
03:13:37 valid - loss: 0.1756, acc: 0.9424
Epoch 281/600
03:14:21 train - loss: 0.3187, acc: 0.9261
03:14:23 valid - loss: 0.1715, acc: 0.9444
Epoch 282/600
03:15:07 train - loss: 0.3197, acc: 0.9266
03:15:09 valid - loss: 0.1516, acc: 0.9532
Epoch 283/600
03:15:52 train - loss: 0.3195, acc: 0.9260
03:15:55 valid - loss: 0.1795, acc: 0.9393
Epoch 284/600
03:16:38 train - loss: 0.3214, acc: 0.9250
03:16:40 valid - loss: 0.1637, acc: 0.9480
Epoch 285/600
03:17:24 train - loss: 0.3216, acc: 0.9259
03:17:26 valid - loss: 0.1701, acc: 0.9446
Epoch 286/600
03:18:10 train - loss: 0.3190, acc: 0.9254
03:18:12 valid - loss: 0.1659, acc: 0.9475
Epoch 287/600
03:18:56 train - loss: 0.3144, acc: 0.9282
03:18:58 valid - loss: 0.1687, acc: 0.9478
Epoch 288/600
03:19:42 train - loss: 0.3105, acc: 0.9286
03:19:44 valid - loss: 0.1732, acc: 0.9450
Epoch 289/600
03:20:27 train - loss: 0.3162, acc: 0.9265
03:20:30 valid - loss: 0.1809, acc: 0.9430
Epoch 290/600
03:21:14 train - loss: 0.3159, acc: 0.9269
03:21:16 valid - loss: 0.1930, acc: 0.9373
Epoch 291/600
03:21:59 train - loss: 0.3185, acc: 0.9256
03:22:02 valid - loss: 0.1650, acc: 0.9458
Epoch 292/600
03:22:45 train - loss: 0.3147, acc: 0.9270
03:22:48 valid - loss: 0.1720, acc: 0.9432
Epoch 293/600
03:23:31 train - loss: 0.3077, acc: 0.9290
03:23:33 valid - loss: 0.1707, acc: 0.9433
Epoch 294/600
03:24:17 train - loss: 0.3162, acc: 0.9276
03:24:19 valid - loss: 0.1823, acc: 0.9407
Epoch 295/600
03:25:03 train - loss: 0.3116, acc: 0.9281
03:25:05 valid - loss: 0.1683, acc: 0.9457
Epoch 296/600
03:25:49 train - loss: 0.3091, acc: 0.9286
03:25:51 valid - loss: 0.1704, acc: 0.9441
Epoch 297/600
03:26:35 train - loss: 0.3078, acc: 0.9286
03:26:37 valid - loss: 0.1697, acc: 0.9459
Epoch 298/600
03:27:20 train - loss: 0.3053, acc: 0.9293
03:27:23 valid - loss: 0.1661, acc: 0.9488
Epoch 299/600
03:28:06 train - loss: 0.3067, acc: 0.9280
03:28:09 valid - loss: 0.1609, acc: 0.9491
Epoch 300/600
03:28:52 train - loss: 0.3080, acc: 0.9287
03:28:55 valid - loss: 0.1698, acc: 0.9457
Epoch 301/600
03:29:38 train - loss: 0.3019, acc: 0.9302
03:29:41 valid - loss: 0.1731, acc: 0.9445
Epoch 302/600
03:30:24 train - loss: 0.3050, acc: 0.9299
03:30:27 valid - loss: 0.1855, acc: 0.9407
Epoch 303/600
03:31:10 train - loss: 0.3005, acc: 0.9310
03:31:12 valid - loss: 0.1729, acc: 0.9442
Epoch 304/600
03:31:56 train - loss: 0.3105, acc: 0.9286
03:31:59 valid - loss: 0.1703, acc: 0.9479
Epoch 305/600
03:32:42 train - loss: 0.3025, acc: 0.9298
03:32:44 valid - loss: 0.1753, acc: 0.9461
Epoch 306/600
03:33:28 train - loss: 0.3019, acc: 0.9308
03:33:30 valid - loss: 0.1980, acc: 0.9407
Epoch 307/600
03:34:14 train - loss: 0.2966, acc: 0.9308
03:34:16 valid - loss: 0.1748, acc: 0.9445
Epoch 308/600
03:35:00 train - loss: 0.3077, acc: 0.9283
03:35:02 valid - loss: 0.1662, acc: 0.9478
Epoch 309/600
03:35:46 train - loss: 0.3006, acc: 0.9311
03:35:48 valid - loss: 0.1754, acc: 0.9455
Epoch 310/600
03:36:32 train - loss: 0.2982, acc: 0.9318
03:36:34 valid - loss: 0.1686, acc: 0.9476
Epoch 311/600
03:37:18 train - loss: 0.3015, acc: 0.9311
03:37:20 valid - loss: 0.1563, acc: 0.9494
Epoch 312/600
03:38:03 train - loss: 0.2975, acc: 0.9304
03:38:06 valid - loss: 0.1722, acc: 0.9457
Epoch 313/600
03:38:49 train - loss: 0.2960, acc: 0.9314
03:38:52 valid - loss: 0.1603, acc: 0.9495
Epoch 314/600
03:39:35 train - loss: 0.2981, acc: 0.9318
03:39:38 valid - loss: 0.1624, acc: 0.9493
Epoch 315/600
03:40:22 train - loss: 0.2927, acc: 0.9328
03:40:24 valid - loss: 0.1575, acc: 0.9498
Epoch 316/600
03:41:08 train - loss: 0.2937, acc: 0.9321
03:41:10 valid - loss: 0.1539, acc: 0.9500
Epoch 317/600
03:41:54 train - loss: 0.2947, acc: 0.9331
03:41:56 valid - loss: 0.1649, acc: 0.9489
Epoch 318/600
03:42:40 train - loss: 0.2893, acc: 0.9333
03:42:42 valid - loss: 0.1666, acc: 0.9477
Epoch 319/600
03:43:26 train - loss: 0.2880, acc: 0.9336
03:43:28 valid - loss: 0.1572, acc: 0.9488
Epoch 320/600
03:44:11 train - loss: 0.2892, acc: 0.9344
03:44:14 valid - loss: 0.1643, acc: 0.9457
Epoch 321/600
03:44:57 train - loss: 0.2821, acc: 0.9347
03:45:00 valid - loss: 0.1581, acc: 0.9494
Epoch 322/600
03:45:43 train - loss: 0.2885, acc: 0.9331
03:45:46 valid - loss: 0.1557, acc: 0.9498
Epoch 323/600
03:46:29 train - loss: 0.2868, acc: 0.9342
03:46:32 valid - loss: 0.1645, acc: 0.9462
Epoch 324/600
03:47:15 train - loss: 0.2807, acc: 0.9360
03:47:17 valid - loss: 0.1635, acc: 0.9467
Epoch 325/600
03:48:01 train - loss: 0.2891, acc: 0.9337
03:48:03 valid - loss: 0.1739, acc: 0.9434
Epoch 326/600
03:48:46 train - loss: 0.2847, acc: 0.9351
03:48:49 valid - loss: 0.1548, acc: 0.9506
Epoch 327/600
03:49:32 train - loss: 0.2792, acc: 0.9367
03:49:35 valid - loss: 0.1732, acc: 0.9458
Epoch 328/600
03:50:18 train - loss: 0.2904, acc: 0.9338
03:50:20 valid - loss: 0.1663, acc: 0.9476
Epoch 329/600
03:51:04 train - loss: 0.2814, acc: 0.9355
03:51:06 valid - loss: 0.1620, acc: 0.9483
Epoch 330/600
03:51:49 train - loss: 0.2807, acc: 0.9360
03:51:52 valid - loss: 0.1878, acc: 0.9432
Epoch 331/600
03:52:35 train - loss: 0.2773, acc: 0.9357
03:52:37 valid - loss: 0.1547, acc: 0.9524
Epoch 332/600
03:53:21 train - loss: 0.2747, acc: 0.9367
03:53:23 valid - loss: 0.1791, acc: 0.9444
Epoch 333/600
03:54:07 train - loss: 0.2802, acc: 0.9367
03:54:09 valid - loss: 0.1849, acc: 0.9418
Epoch 334/600
03:54:53 train - loss: 0.2781, acc: 0.9361
03:54:55 valid - loss: 0.1840, acc: 0.9434
Epoch 335/600
03:55:39 train - loss: 0.2745, acc: 0.9364
03:55:41 valid - loss: 0.1703, acc: 0.9459
Epoch 336/600
03:56:25 train - loss: 0.2768, acc: 0.9373
03:56:27 valid - loss: 0.1725, acc: 0.9450
Epoch 337/600
03:57:11 train - loss: 0.2766, acc: 0.9364
03:57:13 valid - loss: 0.1632, acc: 0.9472
Epoch 338/600
03:57:57 train - loss: 0.2781, acc: 0.9361
03:57:59 valid - loss: 0.1548, acc: 0.9512
Epoch 339/600
03:58:42 train - loss: 0.2713, acc: 0.9382
03:58:45 valid - loss: 0.1700, acc: 0.9463
Epoch 340/600
03:59:28 train - loss: 0.2679, acc: 0.9379
03:59:31 valid - loss: 0.1691, acc: 0.9484
Epoch 341/600
04:00:14 train - loss: 0.2786, acc: 0.9360
04:00:17 valid - loss: 0.1646, acc: 0.9478
Epoch 342/600
04:01:00 train - loss: 0.2754, acc: 0.9369
04:01:03 valid - loss: 0.1661, acc: 0.9477
Epoch 343/600
04:01:46 train - loss: 0.2726, acc: 0.9373
04:01:49 valid - loss: 0.1453, acc: 0.9524
Epoch 344/600
04:02:32 train - loss: 0.2682, acc: 0.9385
04:02:35 valid - loss: 0.1576, acc: 0.9494
Epoch 345/600
04:03:18 train - loss: 0.2657, acc: 0.9383
04:03:21 valid - loss: 0.1604, acc: 0.9462
Epoch 346/600
04:04:04 train - loss: 0.2613, acc: 0.9409
04:04:07 valid - loss: 0.1605, acc: 0.9487
Epoch 347/600
04:04:50 train - loss: 0.2679, acc: 0.9381
04:04:53 valid - loss: 0.1712, acc: 0.9461
Epoch 348/600
04:05:36 train - loss: 0.2647, acc: 0.9386
04:05:39 valid - loss: 0.1568, acc: 0.9490
Epoch 349/600
04:06:22 train - loss: 0.2651, acc: 0.9392
04:06:25 valid - loss: 0.1489, acc: 0.9516
Epoch 350/600
04:07:08 train - loss: 0.2692, acc: 0.9387
04:07:11 valid - loss: 0.1603, acc: 0.9501
Epoch 351/600
04:07:54 train - loss: 0.2676, acc: 0.9388
04:07:56 valid - loss: 0.1550, acc: 0.9498
Epoch 352/600
04:08:40 train - loss: 0.2627, acc: 0.9400
04:08:42 valid - loss: 0.1741, acc: 0.9459
Epoch 353/600
04:09:26 train - loss: 0.2672, acc: 0.9384
04:09:28 valid - loss: 0.1662, acc: 0.9479
Epoch 354/600
04:10:11 train - loss: 0.2542, acc: 0.9437
04:10:14 valid - loss: 0.1640, acc: 0.9504
Epoch 355/600
04:10:57 train - loss: 0.2591, acc: 0.9409
04:11:00 valid - loss: 0.1455, acc: 0.9515
Epoch 356/600
04:11:43 train - loss: 0.2655, acc: 0.9395
04:11:46 valid - loss: 0.1561, acc: 0.9485
Epoch 357/600
04:12:30 train - loss: 0.2587, acc: 0.9423
04:12:32 valid - loss: 0.1612, acc: 0.9468
Epoch 358/600
04:13:15 train - loss: 0.2555, acc: 0.9423
04:13:18 valid - loss: 0.1565, acc: 0.9491
Epoch 359/600
04:14:01 train - loss: 0.2544, acc: 0.9424
04:14:04 valid - loss: 0.1703, acc: 0.9476
Epoch 360/600
04:14:47 train - loss: 0.2540, acc: 0.9430
04:14:50 valid - loss: 0.1502, acc: 0.9503
Epoch 361/600
04:15:33 train - loss: 0.2575, acc: 0.9417
04:15:36 valid - loss: 0.1453, acc: 0.9519
Epoch 362/600
04:16:19 train - loss: 0.2556, acc: 0.9414
04:16:22 valid - loss: 0.1527, acc: 0.9538
Epoch 363/600
04:17:05 train - loss: 0.2497, acc: 0.9425
04:17:07 valid - loss: 0.1539, acc: 0.9507
Epoch 364/600
04:17:51 train - loss: 0.2488, acc: 0.9439
04:17:53 valid - loss: 0.1479, acc: 0.9563
Epoch 365/600
04:18:36 train - loss: 0.2440, acc: 0.9442
04:18:39 valid - loss: 0.1851, acc: 0.9441
Epoch 366/600
04:19:22 train - loss: 0.2465, acc: 0.9444
04:19:24 valid - loss: 0.1629, acc: 0.9476
Epoch 367/600
04:20:08 train - loss: 0.2483, acc: 0.9432
04:20:10 valid - loss: 0.1722, acc: 0.9489
Epoch 368/600
04:20:54 train - loss: 0.2476, acc: 0.9445
04:20:56 valid - loss: 0.1608, acc: 0.9504
Epoch 369/600
04:21:40 train - loss: 0.2441, acc: 0.9445
04:21:42 valid - loss: 0.1446, acc: 0.9540
Epoch 370/600
04:22:26 train - loss: 0.2484, acc: 0.9436
04:22:28 valid - loss: 0.1512, acc: 0.9536
Epoch 371/600
04:23:12 train - loss: 0.2409, acc: 0.9460
04:23:14 valid - loss: 0.1551, acc: 0.9508
Epoch 372/600
04:23:57 train - loss: 0.2458, acc: 0.9448
04:24:00 valid - loss: 0.1592, acc: 0.9500
Epoch 373/600
04:24:43 train - loss: 0.2473, acc: 0.9434
04:24:45 valid - loss: 0.1613, acc: 0.9477
Epoch 374/600
04:25:29 train - loss: 0.2396, acc: 0.9460
04:25:31 valid - loss: 0.1477, acc: 0.9548
Epoch 375/600
04:26:14 train - loss: 0.2354, acc: 0.9461
04:26:17 valid - loss: 0.1470, acc: 0.9546
Epoch 376/600
04:27:00 train - loss: 0.2427, acc: 0.9451
04:27:02 valid - loss: 0.1414, acc: 0.9558
Epoch 377/600
04:27:46 train - loss: 0.2363, acc: 0.9468
04:27:48 valid - loss: 0.1587, acc: 0.9503
Epoch 378/600
04:28:31 train - loss: 0.2335, acc: 0.9478
04:28:34 valid - loss: 0.1638, acc: 0.9493
Epoch 379/600
04:29:17 train - loss: 0.2359, acc: 0.9473
04:29:19 valid - loss: 0.1598, acc: 0.9514
Epoch 380/600
04:30:03 train - loss: 0.2368, acc: 0.9473
04:30:05 valid - loss: 0.1546, acc: 0.9514
Epoch 381/600
04:30:48 train - loss: 0.2381, acc: 0.9445
04:30:51 valid - loss: 0.1508, acc: 0.9539
Epoch 382/600
04:31:34 train - loss: 0.2343, acc: 0.9465
04:31:36 valid - loss: 0.1599, acc: 0.9530
Epoch 383/600
04:32:20 train - loss: 0.2308, acc: 0.9473
04:32:22 valid - loss: 0.1377, acc: 0.9588
Epoch 384/600
04:33:06 train - loss: 0.2270, acc: 0.9486
04:33:08 valid - loss: 0.1477, acc: 0.9533
Epoch 385/600
04:33:51 train - loss: 0.2315, acc: 0.9482
04:33:54 valid - loss: 0.1465, acc: 0.9558
Epoch 386/600
04:34:37 train - loss: 0.2287, acc: 0.9488
04:34:39 valid - loss: 0.1528, acc: 0.9523
Epoch 387/600
04:35:23 train - loss: 0.2250, acc: 0.9494
04:35:25 valid - loss: 0.1416, acc: 0.9565
Epoch 388/600
04:36:09 train - loss: 0.2364, acc: 0.9464
04:36:11 valid - loss: 0.1561, acc: 0.9545
Epoch 389/600
04:36:55 train - loss: 0.2250, acc: 0.9496
04:36:57 valid - loss: 0.1485, acc: 0.9551
Epoch 390/600
04:37:40 train - loss: 0.2266, acc: 0.9493
04:37:43 valid - loss: 0.1443, acc: 0.9547
Epoch 391/600
04:38:26 train - loss: 0.2310, acc: 0.9479
04:38:28 valid - loss: 0.1444, acc: 0.9542
Epoch 392/600
04:39:12 train - loss: 0.2226, acc: 0.9496
04:39:14 valid - loss: 0.1485, acc: 0.9531
Epoch 393/600
04:39:58 train - loss: 0.2223, acc: 0.9497
04:40:00 valid - loss: 0.1536, acc: 0.9547
Epoch 394/600
04:40:43 train - loss: 0.2207, acc: 0.9495
04:40:46 valid - loss: 0.1328, acc: 0.9600
Epoch 395/600
04:41:29 train - loss: 0.2186, acc: 0.9512
04:41:31 valid - loss: 0.1755, acc: 0.9465
Epoch 396/600
04:42:15 train - loss: 0.2150, acc: 0.9510
04:42:17 valid - loss: 0.1420, acc: 0.9558
Epoch 397/600
04:43:01 train - loss: 0.2297, acc: 0.9483
04:43:03 valid - loss: 0.1534, acc: 0.9535
Epoch 398/600
04:43:46 train - loss: 0.2271, acc: 0.9491
04:43:49 valid - loss: 0.1630, acc: 0.9497
Epoch 399/600
04:44:32 train - loss: 0.2175, acc: 0.9504
04:44:35 valid - loss: 0.1390, acc: 0.9562
Epoch 400/600
04:45:18 train - loss: 0.2160, acc: 0.9513
04:45:21 valid - loss: 0.1381, acc: 0.9583
Epoch 401/600
04:46:05 train - loss: 0.2067, acc: 0.9540
04:46:07 valid - loss: 0.1521, acc: 0.9561
Epoch 402/600
04:46:51 train - loss: 0.2087, acc: 0.9528
04:46:53 valid - loss: 0.1433, acc: 0.9577
Epoch 403/600
04:47:36 train - loss: 0.2143, acc: 0.9515
04:47:39 valid - loss: 0.1481, acc: 0.9555
Epoch 404/600
04:48:22 train - loss: 0.2091, acc: 0.9535
04:48:25 valid - loss: 0.1397, acc: 0.9580
Epoch 405/600
04:49:08 train - loss: 0.2100, acc: 0.9538
04:49:10 valid - loss: 0.1404, acc: 0.9590
Epoch 406/600
04:49:54 train - loss: 0.2104, acc: 0.9525
04:49:56 valid - loss: 0.1505, acc: 0.9559
Epoch 407/600
04:50:40 train - loss: 0.2103, acc: 0.9532
04:50:42 valid - loss: 0.1390, acc: 0.9573
Epoch 408/600
04:51:26 train - loss: 0.2081, acc: 0.9530
04:51:28 valid - loss: 0.1479, acc: 0.9550
Epoch 409/600
04:52:12 train - loss: 0.2042, acc: 0.9541
04:52:14 valid - loss: 0.1350, acc: 0.9588
Epoch 410/600
04:52:58 train - loss: 0.2008, acc: 0.9552
04:53:00 valid - loss: 0.1459, acc: 0.9567
Epoch 411/600
04:53:43 train - loss: 0.2044, acc: 0.9547
04:53:46 valid - loss: 0.1513, acc: 0.9545
Epoch 412/600
04:54:29 train - loss: 0.2043, acc: 0.9546
04:54:32 valid - loss: 0.1423, acc: 0.9572
Epoch 413/600
04:55:15 train - loss: 0.2022, acc: 0.9545
04:55:18 valid - loss: 0.1447, acc: 0.9561
Epoch 414/600
04:56:01 train - loss: 0.2041, acc: 0.9542
04:56:04 valid - loss: 0.1416, acc: 0.9604
Epoch 415/600
04:56:47 train - loss: 0.2031, acc: 0.9547
04:56:50 valid - loss: 0.1432, acc: 0.9555
Epoch 416/600
04:57:33 train - loss: 0.1995, acc: 0.9560
04:57:36 valid - loss: 0.1350, acc: 0.9609
Epoch 417/600
04:58:19 train - loss: 0.1921, acc: 0.9564
04:58:22 valid - loss: 0.1373, acc: 0.9580
Epoch 418/600
04:59:05 train - loss: 0.1994, acc: 0.9564
04:59:08 valid - loss: 0.1381, acc: 0.9586
Epoch 419/600
04:59:51 train - loss: 0.1982, acc: 0.9560
04:59:54 valid - loss: 0.1336, acc: 0.9601
Epoch 420/600
05:00:37 train - loss: 0.1923, acc: 0.9563
05:00:40 valid - loss: 0.1423, acc: 0.9562
Epoch 421/600
05:01:23 train - loss: 0.1941, acc: 0.9566
05:01:26 valid - loss: 0.1378, acc: 0.9597
Epoch 422/600
05:02:09 train - loss: 0.1940, acc: 0.9576
05:02:12 valid - loss: 0.1367, acc: 0.9578
Epoch 423/600
05:02:55 train - loss: 0.1900, acc: 0.9582
05:02:57 valid - loss: 0.1319, acc: 0.9597
Epoch 424/600
05:03:41 train - loss: 0.1868, acc: 0.9579
05:03:43 valid - loss: 0.1321, acc: 0.9616
Epoch 425/600
05:04:27 train - loss: 0.1886, acc: 0.9580
05:04:29 valid - loss: 0.1429, acc: 0.9574
Epoch 426/600
05:05:13 train - loss: 0.1878, acc: 0.9587
05:05:15 valid - loss: 0.1351, acc: 0.9611
Epoch 427/600
05:05:59 train - loss: 0.1901, acc: 0.9571
05:06:01 valid - loss: 0.1451, acc: 0.9551
Epoch 428/600
05:06:45 train - loss: 0.1886, acc: 0.9584
05:06:48 valid - loss: 0.1360, acc: 0.9571
Epoch 429/600
05:07:31 train - loss: 0.1828, acc: 0.9597
05:07:33 valid - loss: 0.1338, acc: 0.9587
Epoch 430/600
05:08:17 train - loss: 0.1809, acc: 0.9596
05:08:19 valid - loss: 0.1304, acc: 0.9596
Epoch 431/600
05:09:02 train - loss: 0.1843, acc: 0.9603
05:09:05 valid - loss: 0.1368, acc: 0.9606
Epoch 432/600
05:09:48 train - loss: 0.1813, acc: 0.9596
05:09:50 valid - loss: 0.1341, acc: 0.9609
Epoch 433/600
05:10:34 train - loss: 0.1841, acc: 0.9592
05:10:36 valid - loss: 0.1423, acc: 0.9579
Epoch 434/600
05:11:19 train - loss: 0.1782, acc: 0.9607
05:11:22 valid - loss: 0.1336, acc: 0.9610
Epoch 435/600
05:12:05 train - loss: 0.1737, acc: 0.9618
05:12:07 valid - loss: 0.1475, acc: 0.9582
Epoch 436/600
05:12:51 train - loss: 0.1758, acc: 0.9617
05:12:53 valid - loss: 0.1339, acc: 0.9606
Epoch 437/600
05:13:37 train - loss: 0.1753, acc: 0.9620
05:13:39 valid - loss: 0.1368, acc: 0.9591
Epoch 438/600
05:14:22 train - loss: 0.1728, acc: 0.9626
05:14:25 valid - loss: 0.1347, acc: 0.9587
Epoch 439/600
05:15:08 train - loss: 0.1745, acc: 0.9613
05:15:11 valid - loss: 0.1290, acc: 0.9596
Epoch 440/600
05:15:54 train - loss: 0.1742, acc: 0.9610
05:15:57 valid - loss: 0.1307, acc: 0.9601
Epoch 441/600
05:16:40 train - loss: 0.1668, acc: 0.9634
05:16:43 valid - loss: 0.1256, acc: 0.9608
Epoch 442/600
05:17:26 train - loss: 0.1690, acc: 0.9629
05:17:29 valid - loss: 0.1367, acc: 0.9590
Epoch 443/600
05:18:12 train - loss: 0.1685, acc: 0.9628
05:18:15 valid - loss: 0.1252, acc: 0.9613
Epoch 444/600
05:18:58 train - loss: 0.1670, acc: 0.9632
05:19:01 valid - loss: 0.1272, acc: 0.9607
Epoch 445/600
05:19:44 train - loss: 0.1655, acc: 0.9631
05:19:47 valid - loss: 0.1309, acc: 0.9620
Epoch 446/600
05:20:30 train - loss: 0.1632, acc: 0.9647
05:20:32 valid - loss: 0.1420, acc: 0.9589
Epoch 447/600
05:21:16 train - loss: 0.1642, acc: 0.9639
05:21:18 valid - loss: 0.1353, acc: 0.9609
Epoch 448/600
05:22:01 train - loss: 0.1641, acc: 0.9635
05:22:04 valid - loss: 0.1405, acc: 0.9578
Epoch 449/600
05:22:47 train - loss: 0.1601, acc: 0.9645
05:22:50 valid - loss: 0.1300, acc: 0.9618
Epoch 450/600
05:23:33 train - loss: 0.1608, acc: 0.9648
05:23:36 valid - loss: 0.1344, acc: 0.9597
Epoch 451/600
05:24:19 train - loss: 0.1636, acc: 0.9634
05:24:22 valid - loss: 0.1345, acc: 0.9602
Epoch 452/600
05:25:05 train - loss: 0.1615, acc: 0.9648
05:25:08 valid - loss: 0.1357, acc: 0.9595
Epoch 453/600
05:25:51 train - loss: 0.1589, acc: 0.9652
05:25:54 valid - loss: 0.1389, acc: 0.9613
Epoch 454/600
05:26:37 train - loss: 0.1568, acc: 0.9653
05:26:40 valid - loss: 0.1363, acc: 0.9598
Epoch 455/600
05:27:23 train - loss: 0.1560, acc: 0.9653
05:27:26 valid - loss: 0.1296, acc: 0.9620
Epoch 456/600
05:28:09 train - loss: 0.1548, acc: 0.9660
05:28:11 valid - loss: 0.1269, acc: 0.9617
Epoch 457/600
05:28:55 train - loss: 0.1544, acc: 0.9664
05:28:57 valid - loss: 0.1324, acc: 0.9621
Epoch 458/600
05:29:40 train - loss: 0.1512, acc: 0.9665
05:29:43 valid - loss: 0.1284, acc: 0.9621
Epoch 459/600
05:30:26 train - loss: 0.1536, acc: 0.9664
05:30:29 valid - loss: 0.1237, acc: 0.9634
Epoch 460/600
05:31:12 train - loss: 0.1508, acc: 0.9672
05:31:14 valid - loss: 0.1363, acc: 0.9575
Epoch 461/600
05:31:58 train - loss: 0.1519, acc: 0.9662
05:32:00 valid - loss: 0.1379, acc: 0.9590
Epoch 462/600
05:32:44 train - loss: 0.1493, acc: 0.9680
05:32:46 valid - loss: 0.1346, acc: 0.9604
Epoch 463/600
05:33:30 train - loss: 0.1480, acc: 0.9671
05:33:32 valid - loss: 0.1268, acc: 0.9619
Epoch 464/600
05:34:16 train - loss: 0.1422, acc: 0.9695
05:34:19 valid - loss: 0.1256, acc: 0.9630
Epoch 465/600
05:35:02 train - loss: 0.1419, acc: 0.9686
05:35:05 valid - loss: 0.1308, acc: 0.9624
Epoch 466/600
05:35:48 train - loss: 0.1443, acc: 0.9688
05:35:51 valid - loss: 0.1331, acc: 0.9628
Epoch 467/600
05:36:34 train - loss: 0.1409, acc: 0.9692
05:36:37 valid - loss: 0.1241, acc: 0.9630
Epoch 468/600
05:37:20 train - loss: 0.1447, acc: 0.9688
05:37:22 valid - loss: 0.1261, acc: 0.9649
Epoch 469/600
05:38:06 train - loss: 0.1362, acc: 0.9705
05:38:08 valid - loss: 0.1201, acc: 0.9663
Epoch 470/600
05:38:52 train - loss: 0.1372, acc: 0.9703
05:38:54 valid - loss: 0.1408, acc: 0.9599
Epoch 471/600
05:39:38 train - loss: 0.1340, acc: 0.9709
05:39:41 valid - loss: 0.1349, acc: 0.9620
Epoch 472/600
05:40:24 train - loss: 0.1377, acc: 0.9704
05:40:27 valid - loss: 0.1286, acc: 0.9637
Epoch 473/600
05:41:10 train - loss: 0.1324, acc: 0.9715
05:41:12 valid - loss: 0.1326, acc: 0.9611
Epoch 474/600
05:41:56 train - loss: 0.1315, acc: 0.9713
05:41:58 valid - loss: 0.1218, acc: 0.9641
Epoch 475/600
05:42:42 train - loss: 0.1301, acc: 0.9727
05:42:44 valid - loss: 0.1307, acc: 0.9639
Epoch 476/600
05:43:27 train - loss: 0.1320, acc: 0.9715
05:43:30 valid - loss: 0.1221, acc: 0.9652
Epoch 477/600
05:44:13 train - loss: 0.1248, acc: 0.9741
05:44:16 valid - loss: 0.1285, acc: 0.9625
Epoch 478/600
05:45:00 train - loss: 0.1285, acc: 0.9723
05:45:02 valid - loss: 0.1323, acc: 0.9614
Epoch 479/600
05:45:46 train - loss: 0.1256, acc: 0.9725
05:45:48 valid - loss: 0.1255, acc: 0.9645
Epoch 480/600
05:46:32 train - loss: 0.1304, acc: 0.9725
05:46:34 valid - loss: 0.1192, acc: 0.9654
Epoch 481/600
05:47:17 train - loss: 0.1251, acc: 0.9728
05:47:20 valid - loss: 0.1237, acc: 0.9634
Epoch 482/600
05:48:03 train - loss: 0.1277, acc: 0.9726
05:48:06 valid - loss: 0.1291, acc: 0.9650
Epoch 483/600
05:48:49 train - loss: 0.1223, acc: 0.9741
05:48:51 valid - loss: 0.1195, acc: 0.9660
Epoch 484/600
05:49:35 train - loss: 0.1263, acc: 0.9725
05:49:37 valid - loss: 0.1301, acc: 0.9634
Epoch 485/600
05:50:20 train - loss: 0.1196, acc: 0.9746
05:50:23 valid - loss: 0.1209, acc: 0.9656
Epoch 486/600
05:51:06 train - loss: 0.1233, acc: 0.9735
05:51:09 valid - loss: 0.1252, acc: 0.9654
Epoch 487/600
05:51:52 train - loss: 0.1203, acc: 0.9744
05:51:54 valid - loss: 0.1189, acc: 0.9664
Epoch 488/600
05:52:38 train - loss: 0.1175, acc: 0.9748
05:52:40 valid - loss: 0.1238, acc: 0.9650
Epoch 489/600
05:53:24 train - loss: 0.1187, acc: 0.9751
05:53:26 valid - loss: 0.1285, acc: 0.9651
Epoch 490/600
05:54:10 train - loss: 0.1218, acc: 0.9738
05:54:12 valid - loss: 0.1236, acc: 0.9656
Epoch 491/600
05:54:55 train - loss: 0.1199, acc: 0.9744
05:54:58 valid - loss: 0.1251, acc: 0.9631
Epoch 492/600
05:55:41 train - loss: 0.1122, acc: 0.9766
05:55:43 valid - loss: 0.1314, acc: 0.9637
Epoch 493/600
05:56:27 train - loss: 0.1132, acc: 0.9756
05:56:29 valid - loss: 0.1242, acc: 0.9647
Epoch 494/600
05:57:13 train - loss: 0.1135, acc: 0.9758
05:57:15 valid - loss: 0.1238, acc: 0.9659
Epoch 495/600
05:57:58 train - loss: 0.1123, acc: 0.9762
05:58:01 valid - loss: 0.1253, acc: 0.9660
Epoch 496/600
05:58:44 train - loss: 0.1106, acc: 0.9765
05:58:46 valid - loss: 0.1278, acc: 0.9644
Epoch 497/600
05:59:30 train - loss: 0.1082, acc: 0.9777
05:59:32 valid - loss: 0.1269, acc: 0.9638
Epoch 498/600
06:00:15 train - loss: 0.1062, acc: 0.9779
06:00:18 valid - loss: 0.1178, acc: 0.9672
Epoch 499/600
06:01:01 train - loss: 0.1071, acc: 0.9776
06:01:03 valid - loss: 0.1270, acc: 0.9663
Epoch 500/600
06:01:46 train - loss: 0.1095, acc: 0.9771
06:01:49 valid - loss: 0.1287, acc: 0.9663
Epoch 501/600
06:02:32 train - loss: 0.1085, acc: 0.9769
06:02:35 valid - loss: 0.1230, acc: 0.9677
Epoch 502/600
06:03:18 train - loss: 0.1066, acc: 0.9774
06:03:20 valid - loss: 0.1240, acc: 0.9656
Epoch 503/600
06:04:03 train - loss: 0.1019, acc: 0.9783
06:04:06 valid - loss: 0.1244, acc: 0.9660
Epoch 504/600
06:04:49 train - loss: 0.1014, acc: 0.9791
06:04:52 valid - loss: 0.1211, acc: 0.9652
Epoch 505/600
06:05:35 train - loss: 0.1026, acc: 0.9783
06:05:37 valid - loss: 0.1395, acc: 0.9623
Epoch 506/600
06:06:21 train - loss: 0.1034, acc: 0.9780
06:06:24 valid - loss: 0.1259, acc: 0.9660
Epoch 507/600
06:07:07 train - loss: 0.1021, acc: 0.9784
06:07:10 valid - loss: 0.1183, acc: 0.9674
Epoch 508/600
06:07:53 train - loss: 0.1022, acc: 0.9785
06:07:55 valid - loss: 0.1222, acc: 0.9665
Epoch 509/600
06:08:39 train - loss: 0.0957, acc: 0.9802
06:08:42 valid - loss: 0.1221, acc: 0.9669
Epoch 510/600
06:09:25 train - loss: 0.1000, acc: 0.9790
06:09:28 valid - loss: 0.1208, acc: 0.9668
Epoch 511/600
06:10:11 train - loss: 0.0977, acc: 0.9789
06:10:13 valid - loss: 0.1219, acc: 0.9665
Epoch 512/600
06:10:57 train - loss: 0.0955, acc: 0.9803
06:10:59 valid - loss: 0.1226, acc: 0.9669
Epoch 513/600
06:11:43 train - loss: 0.0941, acc: 0.9801
06:11:45 valid - loss: 0.1195, acc: 0.9663
Epoch 514/600
06:12:29 train - loss: 0.0942, acc: 0.9800
06:12:31 valid - loss: 0.1156, acc: 0.9695
Epoch 515/600
06:13:15 train - loss: 0.0946, acc: 0.9798
06:13:17 valid - loss: 0.1183, acc: 0.9683
Epoch 516/600
06:14:01 train - loss: 0.0904, acc: 0.9810
06:14:03 valid - loss: 0.1202, acc: 0.9669
Epoch 517/600
06:14:47 train - loss: 0.0956, acc: 0.9806
06:14:49 valid - loss: 0.1198, acc: 0.9680
Epoch 518/600
06:15:33 train - loss: 0.0916, acc: 0.9809
06:15:35 valid - loss: 0.1188, acc: 0.9668
Epoch 519/600
06:16:19 train - loss: 0.0897, acc: 0.9819
06:16:21 valid - loss: 0.1195, acc: 0.9672
Epoch 520/600
06:17:04 train - loss: 0.0884, acc: 0.9812
06:17:07 valid - loss: 0.1192, acc: 0.9680
Epoch 521/600
06:17:50 train - loss: 0.0902, acc: 0.9806
06:17:53 valid - loss: 0.1232, acc: 0.9672
Epoch 522/600
06:18:36 train - loss: 0.0868, acc: 0.9826
06:18:38 valid - loss: 0.1257, acc: 0.9668
Epoch 523/600
06:19:22 train - loss: 0.0866, acc: 0.9818
06:19:24 valid - loss: 0.1180, acc: 0.9677
Epoch 524/600
06:20:07 train - loss: 0.0862, acc: 0.9824
06:20:10 valid - loss: 0.1190, acc: 0.9677
Epoch 525/600
06:20:53 train - loss: 0.0867, acc: 0.9826
06:20:56 valid - loss: 0.1148, acc: 0.9678
Epoch 526/600
06:21:39 train - loss: 0.0866, acc: 0.9817
06:21:42 valid - loss: 0.1120, acc: 0.9692
Epoch 527/600
06:22:25 train - loss: 0.0867, acc: 0.9822
06:22:28 valid - loss: 0.1176, acc: 0.9683
Epoch 528/600
06:23:11 train - loss: 0.0865, acc: 0.9820
06:23:14 valid - loss: 0.1163, acc: 0.9688
Epoch 529/600
06:23:57 train - loss: 0.0870, acc: 0.9826
06:23:59 valid - loss: 0.1148, acc: 0.9699
Epoch 530/600
06:24:43 train - loss: 0.0832, acc: 0.9827
06:24:45 valid - loss: 0.1211, acc: 0.9689
Epoch 531/600
06:25:28 train - loss: 0.0861, acc: 0.9816
06:25:31 valid - loss: 0.1162, acc: 0.9690
Epoch 532/600
06:26:14 train - loss: 0.0827, acc: 0.9826
06:26:17 valid - loss: 0.1132, acc: 0.9698
Epoch 533/600
06:27:00 train - loss: 0.0811, acc: 0.9837
06:27:02 valid - loss: 0.1143, acc: 0.9681
Epoch 534/600
06:27:46 train - loss: 0.0801, acc: 0.9835
06:27:48 valid - loss: 0.1127, acc: 0.9697
Epoch 535/600
06:28:31 train - loss: 0.0794, acc: 0.9837
06:28:34 valid - loss: 0.1151, acc: 0.9692
Epoch 536/600
06:29:17 train - loss: 0.0784, acc: 0.9838
06:29:19 valid - loss: 0.1164, acc: 0.9692
Epoch 537/600
06:30:03 train - loss: 0.0781, acc: 0.9838
06:30:05 valid - loss: 0.1181, acc: 0.9676
Epoch 538/600
06:30:48 train - loss: 0.0829, acc: 0.9828
06:30:51 valid - loss: 0.1173, acc: 0.9692
Epoch 539/600
06:31:34 train - loss: 0.0773, acc: 0.9841
06:31:36 valid - loss: 0.1176, acc: 0.9698
Epoch 540/600
06:32:20 train - loss: 0.0760, acc: 0.9847
06:32:22 valid - loss: 0.1142, acc: 0.9697
Epoch 541/600
06:33:05 train - loss: 0.0759, acc: 0.9843
06:33:08 valid - loss: 0.1143, acc: 0.9689
Epoch 542/600
06:33:51 train - loss: 0.0760, acc: 0.9842
06:33:53 valid - loss: 0.1142, acc: 0.9701
Epoch 543/600
06:34:37 train - loss: 0.0777, acc: 0.9840
06:34:39 valid - loss: 0.1199, acc: 0.9678
Epoch 544/600
06:35:23 train - loss: 0.0751, acc: 0.9847
06:35:25 valid - loss: 0.1184, acc: 0.9678
Epoch 545/600
06:36:08 train - loss: 0.0771, acc: 0.9842
06:36:11 valid - loss: 0.1175, acc: 0.9694
Epoch 546/600
06:36:54 train - loss: 0.0751, acc: 0.9851
06:36:57 valid - loss: 0.1133, acc: 0.9703
Epoch 547/600
06:37:40 train - loss: 0.0736, acc: 0.9852
06:37:42 valid - loss: 0.1143, acc: 0.9715
Epoch 548/600
06:38:26 train - loss: 0.0729, acc: 0.9851
06:38:28 valid - loss: 0.1156, acc: 0.9700
Epoch 549/600
06:39:12 train - loss: 0.0750, acc: 0.9851
06:39:14 valid - loss: 0.1162, acc: 0.9699
Epoch 550/600
06:39:58 train - loss: 0.0686, acc: 0.9863
06:40:00 valid - loss: 0.1147, acc: 0.9682
Epoch 551/600
06:40:44 train - loss: 0.0695, acc: 0.9863
06:40:46 valid - loss: 0.1166, acc: 0.9693
Epoch 552/600
06:41:29 train - loss: 0.0723, acc: 0.9851
06:41:32 valid - loss: 0.1152, acc: 0.9690
Epoch 553/600
06:42:15 train - loss: 0.0730, acc: 0.9859
06:42:18 valid - loss: 0.1128, acc: 0.9698
Epoch 554/600
06:43:01 train - loss: 0.0742, acc: 0.9849
06:43:04 valid - loss: 0.1134, acc: 0.9698
Epoch 555/600
06:43:47 train - loss: 0.0734, acc: 0.9853
06:43:50 valid - loss: 0.1151, acc: 0.9697
Epoch 556/600
06:44:33 train - loss: 0.0708, acc: 0.9860
06:44:35 valid - loss: 0.1167, acc: 0.9687
Epoch 557/600
06:45:19 train - loss: 0.0708, acc: 0.9848
06:45:21 valid - loss: 0.1175, acc: 0.9690
Epoch 558/600
06:46:05 train - loss: 0.0658, acc: 0.9872
06:46:07 valid - loss: 0.1159, acc: 0.9700
Epoch 559/600
06:46:51 train - loss: 0.0686, acc: 0.9872
06:46:53 valid - loss: 0.1173, acc: 0.9689
Epoch 560/600
06:47:37 train - loss: 0.0696, acc: 0.9861
06:47:39 valid - loss: 0.1144, acc: 0.9703
Epoch 561/600
06:48:23 train - loss: 0.0702, acc: 0.9856
06:48:25 valid - loss: 0.1159, acc: 0.9692
Epoch 562/600
06:49:09 train - loss: 0.0670, acc: 0.9869
06:49:11 valid - loss: 0.1147, acc: 0.9698
Epoch 563/600
06:49:55 train - loss: 0.0670, acc: 0.9869
06:49:57 valid - loss: 0.1147, acc: 0.9701
Epoch 564/600
06:50:41 train - loss: 0.0672, acc: 0.9865
06:50:43 valid - loss: 0.1151, acc: 0.9697
Epoch 565/600
06:51:27 train - loss: 0.0697, acc: 0.9860
06:51:29 valid - loss: 0.1141, acc: 0.9713
Epoch 566/600
06:52:13 train - loss: 0.0662, acc: 0.9866
06:52:15 valid - loss: 0.1146, acc: 0.9704
Epoch 567/600
06:52:59 train - loss: 0.0662, acc: 0.9873
06:53:01 valid - loss: 0.1145, acc: 0.9701
Epoch 568/600
06:53:45 train - loss: 0.0705, acc: 0.9863
06:53:47 valid - loss: 0.1134, acc: 0.9708
Epoch 569/600
06:54:31 train - loss: 0.0659, acc: 0.9874
06:54:33 valid - loss: 0.1171, acc: 0.9696
Epoch 570/600
06:55:17 train - loss: 0.0688, acc: 0.9862
06:55:19 valid - loss: 0.1143, acc: 0.9713
Epoch 571/600
06:56:03 train - loss: 0.0700, acc: 0.9862
06:56:05 valid - loss: 0.1151, acc: 0.9703
Epoch 572/600
06:56:48 train - loss: 0.0671, acc: 0.9867
06:56:51 valid - loss: 0.1144, acc: 0.9706
Epoch 573/600
06:57:34 train - loss: 0.0668, acc: 0.9867
06:57:37 valid - loss: 0.1142, acc: 0.9697
Epoch 574/600
06:58:20 train - loss: 0.0689, acc: 0.9861
06:58:22 valid - loss: 0.1127, acc: 0.9701
Epoch 575/600
06:59:06 train - loss: 0.0678, acc: 0.9868
06:59:08 valid - loss: 0.1115, acc: 0.9704
Epoch 576/600
06:59:52 train - loss: 0.0656, acc: 0.9873
06:59:54 valid - loss: 0.1140, acc: 0.9700
Epoch 577/600
07:00:38 train - loss: 0.0668, acc: 0.9869
07:00:40 valid - loss: 0.1133, acc: 0.9692
Epoch 578/600
07:01:24 train - loss: 0.0647, acc: 0.9871
07:01:26 valid - loss: 0.1151, acc: 0.9694
Epoch 579/600
07:02:10 train - loss: 0.0665, acc: 0.9866
07:02:12 valid - loss: 0.1135, acc: 0.9690
Epoch 580/600
07:02:56 train - loss: 0.0687, acc: 0.9863
07:02:58 valid - loss: 0.1137, acc: 0.9695
Epoch 581/600
07:03:42 train - loss: 0.0667, acc: 0.9866
07:03:44 valid - loss: 0.1128, acc: 0.9698
Epoch 582/600
07:04:28 train - loss: 0.0675, acc: 0.9867
07:04:30 valid - loss: 0.1132, acc: 0.9704
Epoch 583/600
07:05:14 train - loss: 0.0663, acc: 0.9868
07:05:16 valid - loss: 0.1134, acc: 0.9692
Epoch 584/600
07:05:59 train - loss: 0.0660, acc: 0.9866
07:06:02 valid - loss: 0.1131, acc: 0.9700
Epoch 585/600
07:06:45 train - loss: 0.0676, acc: 0.9861
07:06:47 valid - loss: 0.1132, acc: 0.9692
Epoch 586/600
07:07:31 train - loss: 0.0678, acc: 0.9858
07:07:33 valid - loss: 0.1124, acc: 0.9699
Epoch 587/600
07:08:17 train - loss: 0.0665, acc: 0.9866
07:08:19 valid - loss: 0.1136, acc: 0.9705
Epoch 588/600
07:09:02 train - loss: 0.0678, acc: 0.9863
07:09:05 valid - loss: 0.1130, acc: 0.9697
Epoch 589/600
07:09:49 train - loss: 0.0661, acc: 0.9872
07:09:51 valid - loss: 0.1142, acc: 0.9702
Epoch 590/600
07:10:34 train - loss: 0.0649, acc: 0.9873
07:10:37 valid - loss: 0.1134, acc: 0.9703
Epoch 591/600
07:11:20 train - loss: 0.0662, acc: 0.9872
07:11:23 valid - loss: 0.1129, acc: 0.9697
Epoch 592/600
07:12:06 train - loss: 0.0660, acc: 0.9868
07:12:08 valid - loss: 0.1120, acc: 0.9706
Epoch 593/600
07:12:52 train - loss: 0.0665, acc: 0.9869
07:12:55 valid - loss: 0.1128, acc: 0.9700
Epoch 594/600
07:13:38 train - loss: 0.0665, acc: 0.9867
07:13:40 valid - loss: 0.1130, acc: 0.9705
Epoch 595/600
07:14:24 train - loss: 0.0651, acc: 0.9873
07:14:26 valid - loss: 0.1129, acc: 0.9700
Epoch 596/600
07:15:10 train - loss: 0.0656, acc: 0.9869
07:15:13 valid - loss: 0.1135, acc: 0.9710
Epoch 597/600
07:15:56 train - loss: 0.0707, acc: 0.9859
07:15:59 valid - loss: 0.1124, acc: 0.9705
Epoch 598/600
07:16:42 train - loss: 0.0682, acc: 0.9870
07:16:45 valid - loss: 0.1119, acc: 0.9701
Epoch 599/600
07:17:28 train - loss: 0.0656, acc: 0.9868
07:17:30 valid - loss: 0.1132, acc: 0.9696
Epoch 600/600
07:18:14 train - loss: 0.0667, acc: 0.9868
07:18:17 valid - loss: 0.1134, acc: 0.9704