Epoch 1/600
21:55:23 Train 48/48 - loss: 3.2018 - acc: 0.1231
Epoch 2/600
21:55:33 Train 48/48 - loss: 3.0227 - acc: 0.1787
Epoch 3/600
21:55:43 Train 48/48 - loss: 2.4440 - acc: 0.3436
Epoch 4/600
21:55:53 Train 48/48 - loss: 2.1032 - acc: 0.4496
Epoch 5/600
21:56:02 Train 48/48 - loss: 1.8496 - acc: 0.5247
WARNING:tensorflow:From /usr/local/lib/python3.6/dist-packages/tensorflow/python/data/ops/multi_device_iterator_ops.py:601: get_next_as_optional (from tensorflow.python.data.ops.iterator_ops) is deprecated and will be removed in a future version.
Instructions for updating:
Use `tf.data.Iterator.get_next_as_optional()` instead.
WARNING:tensorflow:From /usr/local/lib/python3.6/dist-packages/tensorflow/python/data/ops/multi_device_iterator_ops.py:601: get_next_as_optional (from tensorflow.python.data.ops.iterator_ops) is deprecated and will be removed in a future version.
Instructions for updating:
Use `tf.data.Iterator.get_next_as_optional()` instead.
21:57:23 Valid 5/5 - loss: 1.2839 - acc: 0.5503
Epoch 6/600
21:57:33 Train 48/48 - loss: 1.6556 - acc: 0.5751
Epoch 7/600
21:57:43 Train 48/48 - loss: 1.4995 - acc: 0.6190
Epoch 8/600
21:57:53 Train 48/48 - loss: 1.3621 - acc: 0.6555
Epoch 9/600
21:58:03 Train 48/48 - loss: 1.2360 - acc: 0.6898
Epoch 10/600
21:58:12 Train 48/48 - loss: 1.1255 - acc: 0.7167
21:58:14 Valid 5/5 - loss: 0.8181 - acc: 0.7159
Epoch 11/600
21:58:23 Train 48/48 - loss: 1.0340 - acc: 0.7407
Epoch 12/600
21:58:33 Train 48/48 - loss: 0.9515 - acc: 0.7643
Epoch 13/600
21:58:43 Train 48/48 - loss: 0.8842 - acc: 0.7801
Epoch 14/600
21:58:53 Train 48/48 - loss: 0.8298 - acc: 0.7932
Epoch 15/600
21:59:02 Train 48/48 - loss: 0.7936 - acc: 0.8055
21:59:04 Valid 5/5 - loss: 0.9561 - acc: 0.6710
Epoch 16/600
21:59:14 Train 48/48 - loss: 0.7483 - acc: 0.8159
Epoch 17/600
21:59:24 Train 48/48 - loss: 0.7193 - acc: 0.8216
Epoch 18/600
21:59:33 Train 48/48 - loss: 0.7092 - acc: 0.8243
Epoch 19/600
21:59:43 Train 48/48 - loss: 0.6583 - acc: 0.8375
Epoch 20/600
21:59:53 Train 48/48 - loss: 0.6487 - acc: 0.8405
21:59:54 Valid 5/5 - loss: 0.6234 - acc: 0.7891
Epoch 21/600
22:00:04 Train 48/48 - loss: 0.6248 - acc: 0.8477
Epoch 22/600
22:00:14 Train 48/48 - loss: 0.6081 - acc: 0.8507
Epoch 23/600
22:00:23 Train 48/48 - loss: 0.5910 - acc: 0.8532
Epoch 24/600
22:00:33 Train 48/48 - loss: 0.5732 - acc: 0.8594
Epoch 25/600
22:00:43 Train 48/48 - loss: 0.5643 - acc: 0.8618
22:00:44 Valid 5/5 - loss: 0.3961 - acc: 0.8645
Epoch 26/600
22:00:54 Train 48/48 - loss: 0.5487 - acc: 0.8641
Epoch 27/600
22:01:03 Train 48/48 - loss: 0.5486 - acc: 0.8659
Epoch 28/600
22:01:13 Train 48/48 - loss: 0.5247 - acc: 0.8719
Epoch 29/600
22:01:23 Train 48/48 - loss: 0.5366 - acc: 0.8695
Epoch 30/600
22:01:32 Train 48/48 - loss: 0.5143 - acc: 0.8750
22:01:34 Valid 5/5 - loss: 0.4402 - acc: 0.8568
Epoch 31/600
22:01:44 Train 48/48 - loss: 0.5121 - acc: 0.8773
Epoch 32/600
22:01:53 Train 48/48 - loss: 0.5059 - acc: 0.8752
Epoch 33/600
22:02:03 Train 48/48 - loss: 0.4973 - acc: 0.8784
Epoch 34/600
22:02:13 Train 48/48 - loss: 0.5020 - acc: 0.8770
Epoch 35/600
22:02:22 Train 48/48 - loss: 0.4879 - acc: 0.8801
22:02:24 Valid 5/5 - loss: 0.4056 - acc: 0.8577
Epoch 36/600
22:02:33 Train 48/48 - loss: 0.4779 - acc: 0.8829
Epoch 37/600
22:02:43 Train 48/48 - loss: 0.4742 - acc: 0.8845
Epoch 38/600
22:02:53 Train 48/48 - loss: 0.4767 - acc: 0.8836
Epoch 39/600
22:03:02 Train 48/48 - loss: 0.4696 - acc: 0.8868
Epoch 40/600
22:03:12 Train 48/48 - loss: 0.4696 - acc: 0.8859
22:03:13 Valid 5/5 - loss: 0.4280 - acc: 0.8567
Epoch 41/600
22:03:23 Train 48/48 - loss: 0.4635 - acc: 0.8870
Epoch 42/600
22:03:33 Train 48/48 - loss: 0.4548 - acc: 0.8888
Epoch 43/600
22:03:43 Train 48/48 - loss: 0.4565 - acc: 0.8893
Epoch 44/600
22:03:52 Train 48/48 - loss: 0.4593 - acc: 0.8882
Epoch 45/600
22:04:02 Train 48/48 - loss: 0.4479 - acc: 0.8899
22:04:03 Valid 5/5 - loss: 0.4307 - acc: 0.8596
Epoch 46/600
22:04:13 Train 48/48 - loss: 0.4430 - acc: 0.8919
Epoch 47/600
22:04:23 Train 48/48 - loss: 0.4284 - acc: 0.8954
Epoch 48/600
22:04:32 Train 48/48 - loss: 0.4328 - acc: 0.8944
Epoch 49/600
22:04:42 Train 48/48 - loss: 0.4363 - acc: 0.8928
Epoch 50/600
22:04:52 Train 48/48 - loss: 0.4232 - acc: 0.8970
22:04:53 Valid 5/5 - loss: 0.4271 - acc: 0.8652
Epoch 51/600
22:05:03 Train 48/48 - loss: 0.4217 - acc: 0.8967
Epoch 52/600
22:05:13 Train 48/48 - loss: 0.4227 - acc: 0.8967
Epoch 53/600
22:05:22 Train 48/48 - loss: 0.4194 - acc: 0.8995
Epoch 54/600
22:05:32 Train 48/48 - loss: 0.4122 - acc: 0.8983
Epoch 55/600
22:05:42 Train 48/48 - loss: 0.4079 - acc: 0.9009
22:05:43 Valid 5/5 - loss: 0.3216 - acc: 0.8975
Epoch 56/600
22:05:53 Train 48/48 - loss: 0.4131 - acc: 0.8987
Epoch 57/600
22:06:03 Train 48/48 - loss: 0.4029 - acc: 0.9023
Epoch 58/600
22:06:12 Train 48/48 - loss: 0.4048 - acc: 0.9006
Epoch 59/600
22:06:22 Train 48/48 - loss: 0.3965 - acc: 0.9015
Epoch 60/600
22:06:32 Train 48/48 - loss: 0.3951 - acc: 0.9037
22:06:33 Valid 5/5 - loss: 0.3352 - acc: 0.8904
Epoch 61/600
22:06:43 Train 48/48 - loss: 0.3863 - acc: 0.9051
Epoch 62/600
22:06:52 Train 48/48 - loss: 0.3912 - acc: 0.9039
Epoch 63/600
22:07:02 Train 48/48 - loss: 0.3870 - acc: 0.9059
Epoch 64/600
22:07:12 Train 48/48 - loss: 0.3844 - acc: 0.9063
Epoch 65/600
22:07:21 Train 48/48 - loss: 0.3777 - acc: 0.9092
22:07:23 Valid 5/5 - loss: 0.4121 - acc: 0.8656
Epoch 66/600
22:07:33 Train 48/48 - loss: 0.3772 - acc: 0.9076
Epoch 67/600
22:07:42 Train 48/48 - loss: 0.3785 - acc: 0.9086
Epoch 68/600
22:07:52 Train 48/48 - loss: 0.3714 - acc: 0.9110
Epoch 69/600
22:08:02 Train 48/48 - loss: 0.3698 - acc: 0.9097
Epoch 70/600
22:08:11 Train 48/48 - loss: 0.3660 - acc: 0.9111
22:08:13 Valid 5/5 - loss: 0.3835 - acc: 0.8770
Epoch 71/600
22:08:22 Train 48/48 - loss: 0.3591 - acc: 0.9121
Epoch 72/600
22:08:32 Train 48/48 - loss: 0.3551 - acc: 0.9136
Epoch 73/600
22:08:42 Train 48/48 - loss: 0.3663 - acc: 0.9106
Epoch 74/600
22:08:51 Train 48/48 - loss: 0.3627 - acc: 0.9116
Epoch 75/600
22:09:01 Train 48/48 - loss: 0.3487 - acc: 0.9150
22:09:03 Valid 5/5 - loss: 0.3425 - acc: 0.8888
Epoch 76/600
22:09:12 Train 48/48 - loss: 0.3528 - acc: 0.9150
Epoch 77/600
22:09:22 Train 48/48 - loss: 0.3492 - acc: 0.9137
Epoch 78/600
22:09:31 Train 48/48 - loss: 0.3454 - acc: 0.9156
Epoch 79/600
22:09:41 Train 48/48 - loss: 0.3489 - acc: 0.9151
Epoch 80/600
22:09:51 Train 48/48 - loss: 0.3461 - acc: 0.9159
22:09:52 Valid 5/5 - loss: 0.3630 - acc: 0.8818
Epoch 81/600
22:10:02 Train 48/48 - loss: 0.3523 - acc: 0.9143
Epoch 82/600
22:10:12 Train 48/48 - loss: 0.3461 - acc: 0.9158
Epoch 83/600
22:10:21 Train 48/48 - loss: 0.3427 - acc: 0.9165
Epoch 84/600
22:10:31 Train 48/48 - loss: 0.3289 - acc: 0.9195
Epoch 85/600
22:10:40 Train 48/48 - loss: 0.3386 - acc: 0.9176
22:10:42 Valid 5/5 - loss: 0.2746 - acc: 0.9075
Epoch 86/600
22:10:52 Train 48/48 - loss: 0.3368 - acc: 0.9189
Epoch 87/600
22:11:01 Train 48/48 - loss: 0.3309 - acc: 0.9192
Epoch 88/600
22:11:11 Train 48/48 - loss: 0.3353 - acc: 0.9179
Epoch 89/600
22:11:21 Train 48/48 - loss: 0.3318 - acc: 0.9200
Epoch 90/600
22:11:30 Train 48/48 - loss: 0.3222 - acc: 0.9221
22:11:32 Valid 5/5 - loss: 0.3964 - acc: 0.8772
Epoch 91/600
22:11:41 Train 48/48 - loss: 0.3203 - acc: 0.9225
Epoch 92/600
22:11:51 Train 48/48 - loss: 0.3245 - acc: 0.9208
Epoch 93/600
22:12:01 Train 48/48 - loss: 0.3258 - acc: 0.9220
Epoch 94/600
22:12:10 Train 48/48 - loss: 0.3228 - acc: 0.9219
Epoch 95/600
22:12:20 Train 48/48 - loss: 0.3250 - acc: 0.9220
22:12:22 Valid 5/5 - loss: 0.2626 - acc: 0.9134
Epoch 96/600
22:12:31 Train 48/48 - loss: 0.3211 - acc: 0.9222
Epoch 97/600
22:12:41 Train 48/48 - loss: 0.3170 - acc: 0.9227
Epoch 98/600
22:12:50 Train 48/48 - loss: 0.3127 - acc: 0.9237
Epoch 99/600
22:13:00 Train 48/48 - loss: 0.3167 - acc: 0.9236
Epoch 100/600
22:13:10 Train 48/48 - loss: 0.3105 - acc: 0.9246
22:13:11 Valid 5/5 - loss: 0.4431 - acc: 0.8568
Epoch 101/600
22:13:21 Train 48/48 - loss: 0.3114 - acc: 0.9237
Epoch 102/600
22:13:31 Train 48/48 - loss: 0.3135 - acc: 0.9233
Epoch 103/600
22:13:40 Train 48/48 - loss: 0.3152 - acc: 0.9234
Epoch 104/600
22:13:50 Train 48/48 - loss: 0.3099 - acc: 0.9241
Epoch 105/600
22:14:00 Train 48/48 - loss: 0.3071 - acc: 0.9270
22:14:01 Valid 5/5 - loss: 0.2614 - acc: 0.9152
Epoch 106/600
22:14:11 Train 48/48 - loss: 0.3038 - acc: 0.9257
Epoch 107/600
22:14:20 Train 48/48 - loss: 0.3113 - acc: 0.9242
Epoch 108/600
22:14:30 Train 48/48 - loss: 0.3032 - acc: 0.9270
Epoch 109/600
22:14:40 Train 48/48 - loss: 0.2995 - acc: 0.9277
Epoch 110/600
22:14:49 Train 48/48 - loss: 0.3070 - acc: 0.9251
22:14:51 Valid 5/5 - loss: 0.2945 - acc: 0.9034
Epoch 111/600
22:15:01 Train 48/48 - loss: 0.2924 - acc: 0.9296
Epoch 112/600
22:15:10 Train 48/48 - loss: 0.3037 - acc: 0.9263
Epoch 113/600
22:15:20 Train 48/48 - loss: 0.3052 - acc: 0.9259
Epoch 114/600
22:15:29 Train 48/48 - loss: 0.2870 - acc: 0.9309
Epoch 115/600
22:15:39 Train 48/48 - loss: 0.2917 - acc: 0.9289
22:15:41 Valid 5/5 - loss: 0.3609 - acc: 0.8862
Epoch 116/600
22:15:50 Train 48/48 - loss: 0.2935 - acc: 0.9295
Epoch 117/600
22:16:00 Train 48/48 - loss: 0.2944 - acc: 0.9298
Epoch 118/600
22:16:10 Train 48/48 - loss: 0.2885 - acc: 0.9297
Epoch 119/600
22:16:19 Train 48/48 - loss: 0.2913 - acc: 0.9280
Epoch 120/600
22:16:29 Train 48/48 - loss: 0.2866 - acc: 0.9323
22:16:31 Valid 5/5 - loss: 0.2733 - acc: 0.9154
Epoch 121/600
22:16:40 Train 48/48 - loss: 0.2949 - acc: 0.9289
Epoch 122/600
22:16:50 Train 48/48 - loss: 0.2930 - acc: 0.9284
Epoch 123/600
22:17:00 Train 48/48 - loss: 0.2877 - acc: 0.9289
Epoch 124/600
22:17:09 Train 48/48 - loss: 0.2867 - acc: 0.9308
Epoch 125/600
22:17:19 Train 48/48 - loss: 0.2874 - acc: 0.9316
22:17:20 Valid 5/5 - loss: 0.2887 - acc: 0.9144
Epoch 126/600
22:17:30 Train 48/48 - loss: 0.2782 - acc: 0.9335
Epoch 127/600
22:17:40 Train 48/48 - loss: 0.2870 - acc: 0.9295
Epoch 128/600
22:17:49 Train 48/48 - loss: 0.2916 - acc: 0.9308
Epoch 129/600
22:17:59 Train 48/48 - loss: 0.2814 - acc: 0.9316
Epoch 130/600
22:18:09 Train 48/48 - loss: 0.2766 - acc: 0.9328
22:18:10 Valid 5/5 - loss: 0.5097 - acc: 0.8539
Epoch 131/600
22:18:20 Train 48/48 - loss: 0.2801 - acc: 0.9334
Epoch 132/600
22:18:29 Train 48/48 - loss: 0.2789 - acc: 0.9321
Epoch 133/600
22:18:39 Train 48/48 - loss: 0.2825 - acc: 0.9320
Epoch 134/600
22:18:49 Train 48/48 - loss: 0.2798 - acc: 0.9324
Epoch 135/600
22:18:58 Train 48/48 - loss: 0.2805 - acc: 0.9319
22:19:00 Valid 5/5 - loss: 0.3157 - acc: 0.9021
Epoch 136/600
22:19:09 Train 48/48 - loss: 0.2767 - acc: 0.9329
Epoch 137/600
22:19:19 Train 48/48 - loss: 0.2708 - acc: 0.9341
Epoch 138/600
22:19:29 Train 48/48 - loss: 0.2722 - acc: 0.9342
Epoch 139/600
22:19:38 Train 48/48 - loss: 0.2707 - acc: 0.9354
Epoch 140/600
22:19:48 Train 48/48 - loss: 0.2777 - acc: 0.9330
22:19:50 Valid 5/5 - loss: 0.3101 - acc: 0.9061
Epoch 141/600
22:19:59 Train 48/48 - loss: 0.2775 - acc: 0.9317
Epoch 142/600
22:20:09 Train 48/48 - loss: 0.2690 - acc: 0.9346
Epoch 143/600
22:20:18 Train 48/48 - loss: 0.2685 - acc: 0.9347
Epoch 144/600
22:20:28 Train 48/48 - loss: 0.2674 - acc: 0.9351
Epoch 145/600
22:20:38 Train 48/48 - loss: 0.2669 - acc: 0.9346
22:20:39 Valid 5/5 - loss: 0.3493 - acc: 0.8980
Epoch 146/600
22:20:49 Train 48/48 - loss: 0.2710 - acc: 0.9346
Epoch 147/600
22:20:59 Train 48/48 - loss: 0.2745 - acc: 0.9330
Epoch 148/600
22:21:08 Train 48/48 - loss: 0.2700 - acc: 0.9340
Epoch 149/600
22:21:18 Train 48/48 - loss: 0.2666 - acc: 0.9354
Epoch 150/600
22:21:28 Train 48/48 - loss: 0.2699 - acc: 0.9353
22:21:29 Valid 5/5 - loss: 0.2897 - acc: 0.9111
Epoch 151/600
22:21:39 Train 48/48 - loss: 0.2670 - acc: 0.9362
Epoch 152/600
22:21:48 Train 48/48 - loss: 0.2679 - acc: 0.9349
Epoch 153/600
22:21:58 Train 48/48 - loss: 0.2681 - acc: 0.9345
Epoch 154/600
22:22:08 Train 48/48 - loss: 0.2551 - acc: 0.9385
Epoch 155/600
22:22:17 Train 48/48 - loss: 0.2589 - acc: 0.9375
22:22:19 Valid 5/5 - loss: 0.2762 - acc: 0.9154
Epoch 156/600
22:22:28 Train 48/48 - loss: 0.2550 - acc: 0.9396
Epoch 157/600
22:22:38 Train 48/48 - loss: 0.2603 - acc: 0.9360
Epoch 158/600
22:22:48 Train 48/48 - loss: 0.2659 - acc: 0.9355
Epoch 159/600
22:22:57 Train 48/48 - loss: 0.2602 - acc: 0.9374
Epoch 160/600
22:23:07 Train 48/48 - loss: 0.2624 - acc: 0.9372
22:23:09 Valid 5/5 - loss: 0.2630 - acc: 0.9170
Epoch 161/600
22:23:18 Train 48/48 - loss: 0.2593 - acc: 0.9381
Epoch 162/600
22:23:28 Train 48/48 - loss: 0.2592 - acc: 0.9363
Epoch 163/600
22:23:38 Train 48/48 - loss: 0.2626 - acc: 0.9368
Epoch 164/600
22:23:47 Train 48/48 - loss: 0.2484 - acc: 0.9405
Epoch 165/600
22:23:57 Train 48/48 - loss: 0.2624 - acc: 0.9371
22:23:58 Valid 5/5 - loss: 0.4811 - acc: 0.8665
Epoch 166/600
22:24:08 Train 48/48 - loss: 0.2622 - acc: 0.9365
Epoch 167/600
22:24:18 Train 48/48 - loss: 0.2547 - acc: 0.9390
Epoch 168/600
22:24:27 Train 48/48 - loss: 0.2528 - acc: 0.9390
Epoch 169/600
22:24:37 Train 48/48 - loss: 0.2514 - acc: 0.9389
Epoch 170/600
22:24:46 Train 48/48 - loss: 0.2461 - acc: 0.9417
22:24:48 Valid 5/5 - loss: 0.2931 - acc: 0.9097
Epoch 171/600
22:24:58 Train 48/48 - loss: 0.2459 - acc: 0.9401
Epoch 172/600
22:25:07 Train 48/48 - loss: 0.2550 - acc: 0.9382
Epoch 173/600
22:25:17 Train 48/48 - loss: 0.2547 - acc: 0.9382
Epoch 174/600
22:25:27 Train 48/48 - loss: 0.2530 - acc: 0.9395
Epoch 175/600
22:25:36 Train 48/48 - loss: 0.2483 - acc: 0.9406
22:25:38 Valid 5/5 - loss: 0.2664 - acc: 0.9170
Epoch 176/600
22:25:47 Train 48/48 - loss: 0.2468 - acc: 0.9403
Epoch 177/600
22:25:57 Train 48/48 - loss: 0.2441 - acc: 0.9424
Epoch 178/600
22:26:07 Train 48/48 - loss: 0.2439 - acc: 0.9413
Epoch 179/600
22:26:16 Train 48/48 - loss: 0.2488 - acc: 0.9406
Epoch 180/600
22:26:26 Train 48/48 - loss: 0.2400 - acc: 0.9422
22:26:28 Valid 5/5 - loss: 0.2617 - acc: 0.9201
Epoch 181/600
22:26:37 Train 48/48 - loss: 0.2503 - acc: 0.9396
Epoch 182/600
22:26:47 Train 48/48 - loss: 0.2437 - acc: 0.9409
Epoch 183/600
22:26:56 Train 48/48 - loss: 0.2380 - acc: 0.9425
Epoch 184/600
22:27:06 Train 48/48 - loss: 0.2387 - acc: 0.9429
Epoch 185/600
22:27:16 Train 48/48 - loss: 0.2423 - acc: 0.9420
22:27:17 Valid 5/5 - loss: 0.2424 - acc: 0.9270
Epoch 186/600
22:27:27 Train 48/48 - loss: 0.2404 - acc: 0.9419
Epoch 187/600
22:27:37 Train 48/48 - loss: 0.2380 - acc: 0.9404
Epoch 188/600
22:27:47 Train 48/48 - loss: 0.2419 - acc: 0.9419
Epoch 189/600
22:27:56 Train 48/48 - loss: 0.2366 - acc: 0.9431
Epoch 190/600
22:28:06 Train 48/48 - loss: 0.2370 - acc: 0.9431
22:28:07 Valid 5/5 - loss: 0.2382 - acc: 0.9239
Epoch 191/600
22:28:17 Train 48/48 - loss: 0.2361 - acc: 0.9431
Epoch 192/600
22:28:27 Train 48/48 - loss: 0.2371 - acc: 0.9440
Epoch 193/600
22:28:36 Train 48/48 - loss: 0.2354 - acc: 0.9430
Epoch 194/600
22:28:46 Train 48/48 - loss: 0.2406 - acc: 0.9414
Epoch 195/600
22:28:56 Train 48/48 - loss: 0.2367 - acc: 0.9430
22:28:57 Valid 5/5 - loss: 0.2759 - acc: 0.9183
Epoch 196/600
22:29:07 Train 48/48 - loss: 0.2362 - acc: 0.9426
Epoch 197/600
22:29:16 Train 48/48 - loss: 0.2345 - acc: 0.9438
Epoch 198/600
22:29:26 Train 48/48 - loss: 0.2305 - acc: 0.9441
Epoch 199/600
22:29:36 Train 48/48 - loss: 0.2353 - acc: 0.9431
Epoch 200/600
22:29:45 Train 48/48 - loss: 0.2230 - acc: 0.9458
22:29:47 Valid 5/5 - loss: 0.3420 - acc: 0.8987
Epoch 201/600
22:29:57 Train 48/48 - loss: 0.2315 - acc: 0.9448
Epoch 202/600
22:30:06 Train 48/48 - loss: 0.2306 - acc: 0.9452
Epoch 203/600
22:30:16 Train 48/48 - loss: 0.2254 - acc: 0.9459
Epoch 204/600
22:30:26 Train 48/48 - loss: 0.2275 - acc: 0.9451
Epoch 205/600
22:30:35 Train 48/48 - loss: 0.2217 - acc: 0.9476
22:30:37 Valid 5/5 - loss: 0.3417 - acc: 0.8950
Epoch 206/600
22:30:46 Train 48/48 - loss: 0.2268 - acc: 0.9462
Epoch 207/600
22:30:56 Train 48/48 - loss: 0.2291 - acc: 0.9456
Epoch 208/600
22:31:06 Train 48/48 - loss: 0.2267 - acc: 0.9449
Epoch 209/600
22:31:15 Train 48/48 - loss: 0.2281 - acc: 0.9455
Epoch 210/600
22:31:25 Train 48/48 - loss: 0.2244 - acc: 0.9457
22:31:26 Valid 5/5 - loss: 0.2737 - acc: 0.9150
Epoch 211/600
22:31:36 Train 48/48 - loss: 0.2310 - acc: 0.9452
Epoch 212/600
22:31:46 Train 48/48 - loss: 0.2227 - acc: 0.9475
Epoch 213/600
22:31:55 Train 48/48 - loss: 0.2204 - acc: 0.9466
Epoch 214/600
22:32:05 Train 48/48 - loss: 0.2194 - acc: 0.9464
Epoch 215/600
22:32:15 Train 48/48 - loss: 0.2262 - acc: 0.9449
22:32:16 Valid 5/5 - loss: 0.2861 - acc: 0.9169
Epoch 216/600
22:32:26 Train 48/48 - loss: 0.2210 - acc: 0.9448
Epoch 217/600
22:32:35 Train 48/48 - loss: 0.2265 - acc: 0.9451
Epoch 218/600
22:32:45 Train 48/48 - loss: 0.2161 - acc: 0.9496
Epoch 219/600
22:32:55 Train 48/48 - loss: 0.2175 - acc: 0.9492
Epoch 220/600
22:33:04 Train 48/48 - loss: 0.2135 - acc: 0.9497
22:33:06 Valid 5/5 - loss: 0.2932 - acc: 0.9153
Epoch 221/600
22:33:15 Train 48/48 - loss: 0.2212 - acc: 0.9471
Epoch 222/600
22:33:25 Train 48/48 - loss: 0.2128 - acc: 0.9492
Epoch 223/600
22:33:35 Train 48/48 - loss: 0.2175 - acc: 0.9476
Epoch 224/600
22:33:45 Train 48/48 - loss: 0.2158 - acc: 0.9466
Epoch 225/600
22:33:54 Train 48/48 - loss: 0.2120 - acc: 0.9486
22:33:56 Valid 5/5 - loss: 0.2548 - acc: 0.9217
Epoch 226/600
22:34:05 Train 48/48 - loss: 0.2117 - acc: 0.9496
Epoch 227/600
22:34:15 Train 48/48 - loss: 0.2267 - acc: 0.9460
Epoch 228/600
22:34:25 Train 48/48 - loss: 0.2183 - acc: 0.9479
Epoch 229/600
22:34:34 Train 48/48 - loss: 0.2069 - acc: 0.9513
Epoch 230/600
22:34:44 Train 48/48 - loss: 0.2098 - acc: 0.9495
22:34:46 Valid 5/5 - loss: 0.3661 - acc: 0.8980
Epoch 231/600
22:34:55 Train 48/48 - loss: 0.2074 - acc: 0.9498
Epoch 232/600
22:35:05 Train 48/48 - loss: 0.2068 - acc: 0.9503
Epoch 233/600
22:35:14 Train 48/48 - loss: 0.2047 - acc: 0.9505
Epoch 234/600
22:35:24 Train 48/48 - loss: 0.2070 - acc: 0.9501
Epoch 235/600
22:35:34 Train 48/48 - loss: 0.2199 - acc: 0.9466
22:35:35 Valid 5/5 - loss: 0.2736 - acc: 0.9194
Epoch 236/600
22:35:45 Train 48/48 - loss: 0.2111 - acc: 0.9493
Epoch 237/600
22:35:55 Train 48/48 - loss: 0.2167 - acc: 0.9488
Epoch 238/600
22:36:04 Train 48/48 - loss: 0.2082 - acc: 0.9499
Epoch 239/600
22:36:14 Train 48/48 - loss: 0.2003 - acc: 0.9525
Epoch 240/600
22:36:24 Train 48/48 - loss: 0.2090 - acc: 0.9498
22:36:25 Valid 5/5 - loss: 0.2648 - acc: 0.9218
Epoch 241/600
22:36:35 Train 48/48 - loss: 0.2086 - acc: 0.9496
Epoch 242/600
22:36:44 Train 48/48 - loss: 0.2100 - acc: 0.9492
Epoch 243/600
22:36:54 Train 48/48 - loss: 0.2057 - acc: 0.9512
Epoch 244/600
22:37:04 Train 48/48 - loss: 0.1993 - acc: 0.9520
Epoch 245/600
22:37:13 Train 48/48 - loss: 0.1986 - acc: 0.9524
22:37:15 Valid 5/5 - loss: 0.2966 - acc: 0.9118
Epoch 246/600
22:37:24 Train 48/48 - loss: 0.2060 - acc: 0.9510
Epoch 247/600
22:37:34 Train 48/48 - loss: 0.2070 - acc: 0.9512
Epoch 248/600
22:37:44 Train 48/48 - loss: 0.2101 - acc: 0.9496
Epoch 249/600
22:37:53 Train 48/48 - loss: 0.1996 - acc: 0.9526
Epoch 250/600
22:38:03 Train 48/48 - loss: 0.1973 - acc: 0.9532
22:38:05 Valid 5/5 - loss: 0.3612 - acc: 0.8940
Epoch 251/600
22:38:14 Train 48/48 - loss: 0.2030 - acc: 0.9523
Epoch 252/600
22:38:24 Train 48/48 - loss: 0.1979 - acc: 0.9532
Epoch 253/600
22:38:33 Train 48/48 - loss: 0.2025 - acc: 0.9510
Epoch 254/600
22:38:43 Train 48/48 - loss: 0.1982 - acc: 0.9527
Epoch 255/600
22:38:53 Train 48/48 - loss: 0.2005 - acc: 0.9512
22:38:54 Valid 5/5 - loss: 0.2323 - acc: 0.9283
Epoch 256/600
22:39:04 Train 48/48 - loss: 0.1849 - acc: 0.9555
Epoch 257/600
22:39:14 Train 48/48 - loss: 0.1944 - acc: 0.9529
Epoch 258/600
22:39:23 Train 48/48 - loss: 0.1953 - acc: 0.9527
Epoch 259/600
22:39:33 Train 48/48 - loss: 0.1893 - acc: 0.9552
Epoch 260/600
22:39:43 Train 48/48 - loss: 0.1998 - acc: 0.9523
22:39:44 Valid 5/5 - loss: 0.2281 - acc: 0.9320
Epoch 261/600
22:39:54 Train 48/48 - loss: 0.1872 - acc: 0.9553
Epoch 262/600
22:40:03 Train 48/48 - loss: 0.1945 - acc: 0.9544
Epoch 263/600
22:40:13 Train 48/48 - loss: 0.1946 - acc: 0.9530
Epoch 264/600
22:40:23 Train 48/48 - loss: 0.1946 - acc: 0.9543
Epoch 265/600
22:40:32 Train 48/48 - loss: 0.1886 - acc: 0.9557
22:40:34 Valid 5/5 - loss: 0.2600 - acc: 0.9213
Epoch 266/600
22:40:43 Train 48/48 - loss: 0.1806 - acc: 0.9575
Epoch 267/600
22:40:53 Train 48/48 - loss: 0.1902 - acc: 0.9553
Epoch 268/600
22:41:03 Train 48/48 - loss: 0.1883 - acc: 0.9557
Epoch 269/600
22:41:12 Train 48/48 - loss: 0.1936 - acc: 0.9540
Epoch 270/600
22:41:22 Train 48/48 - loss: 0.1843 - acc: 0.9572
22:41:24 Valid 5/5 - loss: 0.2169 - acc: 0.9341
Epoch 271/600
22:41:33 Train 48/48 - loss: 0.1838 - acc: 0.9564
Epoch 272/600
22:41:43 Train 48/48 - loss: 0.1886 - acc: 0.9550
Epoch 273/600
22:41:53 Train 48/48 - loss: 0.1876 - acc: 0.9551
Epoch 274/600
22:42:02 Train 48/48 - loss: 0.1794 - acc: 0.9576
Epoch 275/600
22:42:12 Train 48/48 - loss: 0.1843 - acc: 0.9557
22:42:13 Valid 5/5 - loss: 0.2752 - acc: 0.9196
Epoch 276/600
22:42:23 Train 48/48 - loss: 0.1806 - acc: 0.9573
Epoch 277/600
22:42:33 Train 48/48 - loss: 0.1768 - acc: 0.9577
Epoch 278/600
22:42:42 Train 48/48 - loss: 0.1831 - acc: 0.9560
Epoch 279/600
22:42:52 Train 48/48 - loss: 0.1800 - acc: 0.9579
Epoch 280/600
22:43:02 Train 48/48 - loss: 0.1852 - acc: 0.9560
22:43:03 Valid 5/5 - loss: 0.2452 - acc: 0.9301
Epoch 281/600
22:43:13 Train 48/48 - loss: 0.1838 - acc: 0.9560
Epoch 282/600
22:43:22 Train 48/48 - loss: 0.1766 - acc: 0.9577
Epoch 283/600
22:43:32 Train 48/48 - loss: 0.1767 - acc: 0.9587
Epoch 284/600
22:43:42 Train 48/48 - loss: 0.1778 - acc: 0.9577
Epoch 285/600
22:43:51 Train 48/48 - loss: 0.1794 - acc: 0.9582
22:43:53 Valid 5/5 - loss: 0.3288 - acc: 0.9044
Epoch 286/600
22:44:02 Train 48/48 - loss: 0.1775 - acc: 0.9591
Epoch 287/600
22:44:12 Train 48/48 - loss: 0.1827 - acc: 0.9569
Epoch 288/600
22:44:22 Train 48/48 - loss: 0.1781 - acc: 0.9577
Epoch 289/600
22:44:31 Train 48/48 - loss: 0.1799 - acc: 0.9576
Epoch 290/600
22:44:41 Train 48/48 - loss: 0.1779 - acc: 0.9585
22:44:43 Valid 5/5 - loss: 0.2413 - acc: 0.9291
Epoch 291/600
22:44:52 Train 48/48 - loss: 0.1755 - acc: 0.9578
Epoch 292/600
22:45:02 Train 48/48 - loss: 0.1675 - acc: 0.9610
Epoch 293/600
22:45:11 Train 48/48 - loss: 0.1691 - acc: 0.9608
Epoch 294/600
22:45:21 Train 48/48 - loss: 0.1702 - acc: 0.9601
Epoch 295/600
22:45:31 Train 48/48 - loss: 0.1652 - acc: 0.9608
22:45:32 Valid 5/5 - loss: 0.3208 - acc: 0.9100
Epoch 296/600
22:45:42 Train 48/48 - loss: 0.1738 - acc: 0.9590
Epoch 297/600
22:45:52 Train 48/48 - loss: 0.1718 - acc: 0.9596
Epoch 298/600
22:46:01 Train 48/48 - loss: 0.1691 - acc: 0.9609
Epoch 299/600
22:46:11 Train 48/48 - loss: 0.1660 - acc: 0.9606
Epoch 300/600
22:46:20 Train 48/48 - loss: 0.1672 - acc: 0.9608
22:46:22 Valid 5/5 - loss: 0.2397 - acc: 0.9306
Epoch 301/600
22:46:32 Train 48/48 - loss: 0.1763 - acc: 0.9587
Epoch 302/600
22:46:41 Train 48/48 - loss: 0.1663 - acc: 0.9611
Epoch 303/600
22:46:51 Train 48/48 - loss: 0.1633 - acc: 0.9615
Epoch 304/600
22:47:01 Train 48/48 - loss: 0.1625 - acc: 0.9618
Epoch 305/600
22:47:10 Train 48/48 - loss: 0.1609 - acc: 0.9621
22:47:12 Valid 5/5 - loss: 0.2508 - acc: 0.9286
Epoch 306/600
22:47:21 Train 48/48 - loss: 0.1691 - acc: 0.9591
Epoch 307/600
22:47:31 Train 48/48 - loss: 0.1593 - acc: 0.9630
Epoch 308/600
22:47:41 Train 48/48 - loss: 0.1620 - acc: 0.9617
Epoch 309/600
22:47:50 Train 48/48 - loss: 0.1586 - acc: 0.9630
Epoch 310/600
22:48:00 Train 48/48 - loss: 0.1636 - acc: 0.9615
22:48:01 Valid 5/5 - loss: 0.2882 - acc: 0.9214
Epoch 311/600
22:48:11 Train 48/48 - loss: 0.1638 - acc: 0.9625
Epoch 312/600
22:48:21 Train 48/48 - loss: 0.1568 - acc: 0.9630
Epoch 313/600
22:48:30 Train 48/48 - loss: 0.1631 - acc: 0.9626
Epoch 314/600
22:48:40 Train 48/48 - loss: 0.1555 - acc: 0.9636
Epoch 315/600
22:48:50 Train 48/48 - loss: 0.1607 - acc: 0.9609
22:48:51 Valid 5/5 - loss: 0.2114 - acc: 0.9368
Epoch 316/600
22:49:01 Train 48/48 - loss: 0.1574 - acc: 0.9622
Epoch 317/600
22:49:10 Train 48/48 - loss: 0.1541 - acc: 0.9638
Epoch 318/600
22:49:20 Train 48/48 - loss: 0.1578 - acc: 0.9625
Epoch 319/600
22:49:30 Train 48/48 - loss: 0.1550 - acc: 0.9634
Epoch 320/600
22:49:39 Train 48/48 - loss: 0.1591 - acc: 0.9632
22:49:41 Valid 5/5 - loss: 0.2293 - acc: 0.9322
Epoch 321/600
22:49:51 Train 48/48 - loss: 0.1592 - acc: 0.9613
Epoch 322/600
22:50:00 Train 48/48 - loss: 0.1524 - acc: 0.9645
Epoch 323/600
22:50:10 Train 48/48 - loss: 0.1542 - acc: 0.9640
Epoch 324/600
22:50:20 Train 48/48 - loss: 0.1449 - acc: 0.9659
Epoch 325/600
22:50:29 Train 48/48 - loss: 0.1536 - acc: 0.9631
22:50:31 Valid 5/5 - loss: 0.2313 - acc: 0.9289
Epoch 326/600
22:50:40 Train 48/48 - loss: 0.1457 - acc: 0.9658
Epoch 327/600
22:50:50 Train 48/48 - loss: 0.1548 - acc: 0.9629
Epoch 328/600
22:51:00 Train 48/48 - loss: 0.1436 - acc: 0.9672
Epoch 329/600
22:51:09 Train 48/48 - loss: 0.1492 - acc: 0.9650
Epoch 330/600
22:51:19 Train 48/48 - loss: 0.1537 - acc: 0.9635
22:51:20 Valid 5/5 - loss: 0.3032 - acc: 0.9110
Epoch 331/600
22:51:30 Train 48/48 - loss: 0.1503 - acc: 0.9654
Epoch 332/600
22:51:40 Train 48/48 - loss: 0.1426 - acc: 0.9672
Epoch 333/600
22:51:49 Train 48/48 - loss: 0.1492 - acc: 0.9656
Epoch 334/600
22:51:59 Train 48/48 - loss: 0.1478 - acc: 0.9656
Epoch 335/600
22:52:09 Train 48/48 - loss: 0.1407 - acc: 0.9679
22:52:10 Valid 5/5 - loss: 0.1795 - acc: 0.9457
Epoch 336/600
22:52:20 Train 48/48 - loss: 0.1418 - acc: 0.9669
Epoch 337/600
22:52:29 Train 48/48 - loss: 0.1476 - acc: 0.9658
Epoch 338/600
22:52:39 Train 48/48 - loss: 0.1480 - acc: 0.9650
Epoch 339/600
22:52:49 Train 48/48 - loss: 0.1454 - acc: 0.9660
Epoch 340/600
22:52:58 Train 48/48 - loss: 0.1391 - acc: 0.9682
22:53:00 Valid 5/5 - loss: 0.2136 - acc: 0.9394
Epoch 341/600
22:53:09 Train 48/48 - loss: 0.1447 - acc: 0.9660
Epoch 342/600
22:53:19 Train 48/48 - loss: 0.1364 - acc: 0.9682
Epoch 343/600
22:53:29 Train 48/48 - loss: 0.1383 - acc: 0.9685
Epoch 344/600
22:53:38 Train 48/48 - loss: 0.1388 - acc: 0.9682
Epoch 345/600
22:53:48 Train 48/48 - loss: 0.1401 - acc: 0.9669
22:53:50 Valid 5/5 - loss: 0.1995 - acc: 0.9425
Epoch 346/600
22:53:59 Train 48/48 - loss: 0.1321 - acc: 0.9695
Epoch 347/600
22:54:09 Train 48/48 - loss: 0.1341 - acc: 0.9684
Epoch 348/600
22:54:18 Train 48/48 - loss: 0.1380 - acc: 0.9677
Epoch 349/600
22:54:28 Train 48/48 - loss: 0.1334 - acc: 0.9699
Epoch 350/600
22:54:38 Train 48/48 - loss: 0.1346 - acc: 0.9676
22:54:39 Valid 5/5 - loss: 0.2549 - acc: 0.9283
Epoch 351/600
22:54:49 Train 48/48 - loss: 0.1370 - acc: 0.9679
Epoch 352/600
22:54:59 Train 48/48 - loss: 0.1313 - acc: 0.9694
Epoch 353/600
22:55:08 Train 48/48 - loss: 0.1358 - acc: 0.9688
Epoch 354/600
22:55:18 Train 48/48 - loss: 0.1369 - acc: 0.9680
Epoch 355/600
22:55:27 Train 48/48 - loss: 0.1343 - acc: 0.9685
22:55:29 Valid 5/5 - loss: 0.2389 - acc: 0.9327
Epoch 356/600
22:55:39 Train 48/48 - loss: 0.1284 - acc: 0.9704
Epoch 357/600
22:55:48 Train 48/48 - loss: 0.1280 - acc: 0.9701
Epoch 358/600
22:55:58 Train 48/48 - loss: 0.1296 - acc: 0.9699
Epoch 359/600
22:56:08 Train 48/48 - loss: 0.1331 - acc: 0.9690
Epoch 360/600
22:56:17 Train 48/48 - loss: 0.1280 - acc: 0.9706
22:56:19 Valid 5/5 - loss: 0.2074 - acc: 0.9407
Epoch 361/600
22:56:28 Train 48/48 - loss: 0.1276 - acc: 0.9701
Epoch 362/600
22:56:38 Train 48/48 - loss: 0.1256 - acc: 0.9714
Epoch 363/600
22:56:48 Train 48/48 - loss: 0.1310 - acc: 0.9694
Epoch 364/600
22:56:57 Train 48/48 - loss: 0.1287 - acc: 0.9701
Epoch 365/600
22:57:07 Train 48/48 - loss: 0.1261 - acc: 0.9712
22:57:08 Valid 5/5 - loss: 0.2655 - acc: 0.9252
Epoch 366/600
22:57:18 Train 48/48 - loss: 0.1260 - acc: 0.9715
Epoch 367/600
22:57:28 Train 48/48 - loss: 0.1277 - acc: 0.9705
Epoch 368/600
22:57:37 Train 48/48 - loss: 0.1232 - acc: 0.9720
Epoch 369/600
22:57:47 Train 48/48 - loss: 0.1225 - acc: 0.9718
Epoch 370/600
22:57:57 Train 48/48 - loss: 0.1142 - acc: 0.9740
22:57:59 Valid 5/5 - loss: 0.2092 - acc: 0.9402
Epoch 371/600
22:58:08 Train 48/48 - loss: 0.1198 - acc: 0.9723
Epoch 372/600
22:58:18 Train 48/48 - loss: 0.1183 - acc: 0.9719
Epoch 373/600
22:58:27 Train 48/48 - loss: 0.1249 - acc: 0.9704
Epoch 374/600
22:58:37 Train 48/48 - loss: 0.1167 - acc: 0.9732
Epoch 375/600
22:58:47 Train 48/48 - loss: 0.1180 - acc: 0.9725
22:58:48 Valid 5/5 - loss: 0.2934 - acc: 0.9217
Epoch 376/600
22:58:58 Train 48/48 - loss: 0.1181 - acc: 0.9730
Epoch 377/600
22:59:08 Train 48/48 - loss: 0.1171 - acc: 0.9737
Epoch 378/600
22:59:17 Train 48/48 - loss: 0.1140 - acc: 0.9730
Epoch 379/600
22:59:27 Train 48/48 - loss: 0.1159 - acc: 0.9736
Epoch 380/600
22:59:36 Train 48/48 - loss: 0.1134 - acc: 0.9740
22:59:38 Valid 5/5 - loss: 0.2192 - acc: 0.9395
Epoch 381/600
22:59:48 Train 48/48 - loss: 0.1125 - acc: 0.9744
Epoch 382/600
22:59:57 Train 48/48 - loss: 0.1209 - acc: 0.9725
Epoch 383/600
23:00:07 Train 48/48 - loss: 0.1129 - acc: 0.9741
Epoch 384/600
23:00:17 Train 48/48 - loss: 0.1148 - acc: 0.9741
Epoch 385/600
23:00:26 Train 48/48 - loss: 0.1109 - acc: 0.9738
23:00:28 Valid 5/5 - loss: 0.2087 - acc: 0.9454
Epoch 386/600
23:00:37 Train 48/48 - loss: 0.1102 - acc: 0.9748
Epoch 387/600
23:00:47 Train 48/48 - loss: 0.1116 - acc: 0.9744
Epoch 388/600
23:00:57 Train 48/48 - loss: 0.1083 - acc: 0.9749
Epoch 389/600
23:01:06 Train 48/48 - loss: 0.1065 - acc: 0.9757
Epoch 390/600
23:01:16 Train 48/48 - loss: 0.1159 - acc: 0.9733
23:01:17 Valid 5/5 - loss: 0.2041 - acc: 0.9464
Epoch 391/600
23:01:27 Train 48/48 - loss: 0.1034 - acc: 0.9771
Epoch 392/600
23:01:37 Train 48/48 - loss: 0.1056 - acc: 0.9754
Epoch 393/600
23:01:46 Train 48/48 - loss: 0.1051 - acc: 0.9765
Epoch 394/600
23:01:56 Train 48/48 - loss: 0.1058 - acc: 0.9755
Epoch 395/600
23:02:06 Train 48/48 - loss: 0.1037 - acc: 0.9765
23:02:07 Valid 5/5 - loss: 0.1891 - acc: 0.9468
Epoch 396/600
23:02:17 Train 48/48 - loss: 0.1102 - acc: 0.9755
Epoch 397/600
23:02:27 Train 48/48 - loss: 0.1032 - acc: 0.9768
Epoch 398/600
23:02:36 Train 48/48 - loss: 0.0997 - acc: 0.9781
Epoch 399/600
23:02:46 Train 48/48 - loss: 0.0957 - acc: 0.9780
Epoch 400/600
23:02:55 Train 48/48 - loss: 0.1041 - acc: 0.9761
23:02:57 Valid 5/5 - loss: 0.2119 - acc: 0.9416
Epoch 401/600
23:03:07 Train 48/48 - loss: 0.0977 - acc: 0.9779
Epoch 402/600
23:03:16 Train 48/48 - loss: 0.0976 - acc: 0.9779
Epoch 403/600
23:03:26 Train 48/48 - loss: 0.0986 - acc: 0.9779
Epoch 404/600
23:03:35 Train 48/48 - loss: 0.1041 - acc: 0.9768
Epoch 405/600
23:03:45 Train 48/48 - loss: 0.0921 - acc: 0.9797
23:03:47 Valid 5/5 - loss: 0.1834 - acc: 0.9515
Epoch 406/600
23:03:56 Train 48/48 - loss: 0.0962 - acc: 0.9785
Epoch 407/600
23:04:06 Train 48/48 - loss: 0.0953 - acc: 0.9783
Epoch 408/600
23:04:16 Train 48/48 - loss: 0.0974 - acc: 0.9777
Epoch 409/600
23:04:25 Train 48/48 - loss: 0.0969 - acc: 0.9783
Epoch 410/600
23:04:35 Train 48/48 - loss: 0.0969 - acc: 0.9778
23:04:36 Valid 5/5 - loss: 0.1992 - acc: 0.9503
Epoch 411/600
23:04:46 Train 48/48 - loss: 0.0960 - acc: 0.9783
Epoch 412/600
23:04:56 Train 48/48 - loss: 0.0902 - acc: 0.9794
Epoch 413/600
23:05:05 Train 48/48 - loss: 0.0933 - acc: 0.9788
Epoch 414/600
23:05:15 Train 48/48 - loss: 0.0931 - acc: 0.9785
Epoch 415/600
23:05:25 Train 48/48 - loss: 0.0935 - acc: 0.9795
23:05:26 Valid 5/5 - loss: 0.1971 - acc: 0.9475
Epoch 416/600
23:05:36 Train 48/48 - loss: 0.0861 - acc: 0.9807
Epoch 417/600
23:05:45 Train 48/48 - loss: 0.0871 - acc: 0.9804
Epoch 418/600
23:05:55 Train 48/48 - loss: 0.0917 - acc: 0.9795
Epoch 419/600
23:06:05 Train 48/48 - loss: 0.0904 - acc: 0.9800
Epoch 420/600
23:06:14 Train 48/48 - loss: 0.0849 - acc: 0.9801
23:06:16 Valid 5/5 - loss: 0.2118 - acc: 0.9414
Epoch 421/600
23:06:25 Train 48/48 - loss: 0.0835 - acc: 0.9809
Epoch 422/600
23:06:35 Train 48/48 - loss: 0.0849 - acc: 0.9812
Epoch 423/600
23:06:45 Train 48/48 - loss: 0.0855 - acc: 0.9815
Epoch 424/600
23:06:54 Train 48/48 - loss: 0.0833 - acc: 0.9814
Epoch 425/600
23:07:04 Train 48/48 - loss: 0.0865 - acc: 0.9801
23:07:06 Valid 5/5 - loss: 0.1962 - acc: 0.9457
Epoch 426/600
23:07:15 Train 48/48 - loss: 0.0843 - acc: 0.9813
Epoch 427/600
23:07:25 Train 48/48 - loss: 0.0810 - acc: 0.9824
Epoch 428/600
23:07:34 Train 48/48 - loss: 0.0805 - acc: 0.9822
Epoch 429/600
23:07:44 Train 48/48 - loss: 0.0793 - acc: 0.9823
Epoch 430/600
23:07:54 Train 48/48 - loss: 0.0802 - acc: 0.9818
23:07:55 Valid 5/5 - loss: 0.2152 - acc: 0.9447
Epoch 431/600
23:08:05 Train 48/48 - loss: 0.0820 - acc: 0.9819
Epoch 432/600
23:08:15 Train 48/48 - loss: 0.0811 - acc: 0.9816
Epoch 433/600
23:08:24 Train 48/48 - loss: 0.0774 - acc: 0.9834
Epoch 434/600
23:08:34 Train 48/48 - loss: 0.0764 - acc: 0.9832
Epoch 435/600
23:08:43 Train 48/48 - loss: 0.0769 - acc: 0.9831
23:08:45 Valid 5/5 - loss: 0.1831 - acc: 0.9485
Epoch 436/600
23:08:55 Train 48/48 - loss: 0.0788 - acc: 0.9823
Epoch 437/600
23:09:04 Train 48/48 - loss: 0.0729 - acc: 0.9839
Epoch 438/600
23:09:14 Train 48/48 - loss: 0.0728 - acc: 0.9838
Epoch 439/600
23:09:24 Train 48/48 - loss: 0.0779 - acc: 0.9825
Epoch 440/600
23:09:33 Train 48/48 - loss: 0.0733 - acc: 0.9839
23:09:35 Valid 5/5 - loss: 0.1963 - acc: 0.9484
Epoch 441/600
23:09:44 Train 48/48 - loss: 0.0712 - acc: 0.9843
Epoch 442/600
23:09:54 Train 48/48 - loss: 0.0727 - acc: 0.9834
Epoch 443/600
23:10:04 Train 48/48 - loss: 0.0741 - acc: 0.9834
Epoch 444/600
23:10:13 Train 48/48 - loss: 0.0714 - acc: 0.9844
Epoch 445/600
23:10:23 Train 48/48 - loss: 0.0746 - acc: 0.9834
23:10:24 Valid 5/5 - loss: 0.1588 - acc: 0.9580
Epoch 446/600
23:10:34 Train 48/48 - loss: 0.0696 - acc: 0.9849
Epoch 447/600
23:10:44 Train 48/48 - loss: 0.0659 - acc: 0.9854
Epoch 448/600
23:10:53 Train 48/48 - loss: 0.0725 - acc: 0.9843
Epoch 449/600
23:11:03 Train 48/48 - loss: 0.0685 - acc: 0.9847
Epoch 450/600
23:11:13 Train 48/48 - loss: 0.0675 - acc: 0.9847
23:11:14 Valid 5/5 - loss: 0.1811 - acc: 0.9527
Epoch 451/600
23:11:24 Train 48/48 - loss: 0.0687 - acc: 0.9851
Epoch 452/600
23:11:33 Train 48/48 - loss: 0.0682 - acc: 0.9848
Epoch 453/600
23:11:43 Train 48/48 - loss: 0.0678 - acc: 0.9852
Epoch 454/600
23:11:53 Train 48/48 - loss: 0.0626 - acc: 0.9867
Epoch 455/600
23:12:02 Train 48/48 - loss: 0.0604 - acc: 0.9868
23:12:04 Valid 5/5 - loss: 0.1949 - acc: 0.9505
Epoch 456/600
23:12:14 Train 48/48 - loss: 0.0633 - acc: 0.9862
Epoch 457/600
23:12:23 Train 48/48 - loss: 0.0651 - acc: 0.9850
Epoch 458/600
23:12:33 Train 48/48 - loss: 0.0617 - acc: 0.9868
Epoch 459/600
23:12:42 Train 48/48 - loss: 0.0585 - acc: 0.9871
Epoch 460/600
23:12:52 Train 48/48 - loss: 0.0569 - acc: 0.9879
23:12:54 Valid 5/5 - loss: 0.1603 - acc: 0.9598
Epoch 461/600
23:13:03 Train 48/48 - loss: 0.0603 - acc: 0.9867
Epoch 462/600
23:13:13 Train 48/48 - loss: 0.0590 - acc: 0.9871
Epoch 463/600
23:13:22 Train 48/48 - loss: 0.0578 - acc: 0.9879
Epoch 464/600
23:13:32 Train 48/48 - loss: 0.0555 - acc: 0.9881
Epoch 465/600
23:13:42 Train 48/48 - loss: 0.0601 - acc: 0.9874
23:13:43 Valid 5/5 - loss: 0.1790 - acc: 0.9543
Epoch 466/600
23:13:53 Train 48/48 - loss: 0.0534 - acc: 0.9888
Epoch 467/600
23:14:03 Train 48/48 - loss: 0.0550 - acc: 0.9880
Epoch 468/600
23:14:12 Train 48/48 - loss: 0.0560 - acc: 0.9881
Epoch 469/600
23:14:22 Train 48/48 - loss: 0.0555 - acc: 0.9882
Epoch 470/600
23:14:32 Train 48/48 - loss: 0.0541 - acc: 0.9882
23:14:33 Valid 5/5 - loss: 0.1585 - acc: 0.9597
Epoch 471/600
23:14:43 Train 48/48 - loss: 0.0528 - acc: 0.9885
Epoch 472/600
23:14:52 Train 48/48 - loss: 0.0525 - acc: 0.9886
Epoch 473/600
23:15:02 Train 48/48 - loss: 0.0536 - acc: 0.9879
Epoch 474/600
23:15:12 Train 48/48 - loss: 0.0514 - acc: 0.9887
Epoch 475/600
23:15:21 Train 48/48 - loss: 0.0484 - acc: 0.9899
23:15:23 Valid 5/5 - loss: 0.1686 - acc: 0.9581
Epoch 476/600
23:15:32 Train 48/48 - loss: 0.0482 - acc: 0.9895
Epoch 477/600
23:15:42 Train 48/48 - loss: 0.0488 - acc: 0.9898
Epoch 478/600
23:15:52 Train 48/48 - loss: 0.0498 - acc: 0.9893
Epoch 479/600
23:16:01 Train 48/48 - loss: 0.0469 - acc: 0.9902
Epoch 480/600
23:16:11 Train 48/48 - loss: 0.0475 - acc: 0.9896
23:16:13 Valid 5/5 - loss: 0.2127 - acc: 0.9487
Epoch 481/600
23:16:22 Train 48/48 - loss: 0.0460 - acc: 0.9903
Epoch 482/600
23:16:32 Train 48/48 - loss: 0.0479 - acc: 0.9901
Epoch 483/600
23:16:41 Train 48/48 - loss: 0.0449 - acc: 0.9909
Epoch 484/600
23:16:51 Train 48/48 - loss: 0.0410 - acc: 0.9916
Epoch 485/600
23:17:01 Train 48/48 - loss: 0.0420 - acc: 0.9915
23:17:02 Valid 5/5 - loss: 0.1574 - acc: 0.9614
Epoch 486/600
23:17:12 Train 48/48 - loss: 0.0434 - acc: 0.9909
Epoch 487/600
23:17:22 Train 48/48 - loss: 0.0435 - acc: 0.9910
Epoch 488/600
23:17:31 Train 48/48 - loss: 0.0426 - acc: 0.9913
Epoch 489/600
23:17:41 Train 48/48 - loss: 0.0420 - acc: 0.9912
Epoch 490/600
23:17:51 Train 48/48 - loss: 0.0421 - acc: 0.9915
23:17:52 Valid 5/5 - loss: 0.1750 - acc: 0.9564
Epoch 491/600
23:18:02 Train 48/48 - loss: 0.0426 - acc: 0.9909
Epoch 492/600
23:18:12 Train 48/48 - loss: 0.0395 - acc: 0.9915
Epoch 493/600
23:18:21 Train 48/48 - loss: 0.0399 - acc: 0.9913
Epoch 494/600
23:18:31 Train 48/48 - loss: 0.0401 - acc: 0.9916
Epoch 495/600
23:18:41 Train 48/48 - loss: 0.0392 - acc: 0.9918
23:18:42 Valid 5/5 - loss: 0.1454 - acc: 0.9629
Epoch 496/600
23:18:52 Train 48/48 - loss: 0.0375 - acc: 0.9923
Epoch 497/600
23:19:01 Train 48/48 - loss: 0.0360 - acc: 0.9926
Epoch 498/600
23:19:11 Train 48/48 - loss: 0.0337 - acc: 0.9938
Epoch 499/600
23:19:21 Train 48/48 - loss: 0.0349 - acc: 0.9928
Epoch 500/600
23:19:30 Train 48/48 - loss: 0.0369 - acc: 0.9924
23:19:32 Valid 5/5 - loss: 0.1586 - acc: 0.9593
Epoch 501/600
23:19:41 Train 48/48 - loss: 0.0331 - acc: 0.9932
Epoch 502/600
23:19:51 Train 48/48 - loss: 0.0333 - acc: 0.9933
Epoch 503/600
23:20:01 Train 48/48 - loss: 0.0324 - acc: 0.9937
Epoch 504/600
23:20:10 Train 48/48 - loss: 0.0294 - acc: 0.9939
Epoch 505/600
23:20:20 Train 48/48 - loss: 0.0300 - acc: 0.9940
23:20:22 Valid 5/5 - loss: 0.1501 - acc: 0.9632
Epoch 506/600
23:20:31 Train 48/48 - loss: 0.0310 - acc: 0.9937
Epoch 507/600
23:20:41 Train 48/48 - loss: 0.0303 - acc: 0.9941
Epoch 508/600
23:20:50 Train 48/48 - loss: 0.0327 - acc: 0.9931
Epoch 509/600
23:21:00 Train 48/48 - loss: 0.0295 - acc: 0.9941
Epoch 510/600
23:21:10 Train 48/48 - loss: 0.0283 - acc: 0.9945
23:21:11 Valid 5/5 - loss: 0.1534 - acc: 0.9636
Epoch 511/600
23:21:21 Train 48/48 - loss: 0.0285 - acc: 0.9941
Epoch 512/600
23:21:31 Train 48/48 - loss: 0.0296 - acc: 0.9943
Epoch 513/600
23:21:40 Train 48/48 - loss: 0.0297 - acc: 0.9938
Epoch 514/600
23:21:50 Train 48/48 - loss: 0.0284 - acc: 0.9949
Epoch 515/600
23:22:00 Train 48/48 - loss: 0.0271 - acc: 0.9944
23:22:01 Valid 5/5 - loss: 0.1437 - acc: 0.9641
Epoch 516/600
23:22:11 Train 48/48 - loss: 0.0261 - acc: 0.9950
Epoch 517/600
23:22:20 Train 48/48 - loss: 0.0260 - acc: 0.9949
Epoch 518/600
23:22:30 Train 48/48 - loss: 0.0249 - acc: 0.9950
Epoch 519/600
23:22:40 Train 48/48 - loss: 0.0239 - acc: 0.9957
Epoch 520/600
23:22:49 Train 48/48 - loss: 0.0237 - acc: 0.9956
23:22:51 Valid 5/5 - loss: 0.1456 - acc: 0.9656
Epoch 521/600
23:23:01 Train 48/48 - loss: 0.0222 - acc: 0.9960
Epoch 522/600
23:23:10 Train 48/48 - loss: 0.0232 - acc: 0.9959
Epoch 523/600
23:23:20 Train 48/48 - loss: 0.0231 - acc: 0.9958
Epoch 524/600
23:23:29 Train 48/48 - loss: 0.0245 - acc: 0.9954
Epoch 525/600
23:23:39 Train 48/48 - loss: 0.0223 - acc: 0.9956
23:23:41 Valid 5/5 - loss: 0.1388 - acc: 0.9645
Epoch 526/600
23:23:50 Train 48/48 - loss: 0.0222 - acc: 0.9960
Epoch 527/600
23:24:00 Train 48/48 - loss: 0.0213 - acc: 0.9962
Epoch 528/600
23:24:10 Train 48/48 - loss: 0.0211 - acc: 0.9960
Epoch 529/600
23:24:19 Train 48/48 - loss: 0.0209 - acc: 0.9963
Epoch 530/600
23:24:29 Train 48/48 - loss: 0.0201 - acc: 0.9964
23:24:30 Valid 5/5 - loss: 0.1393 - acc: 0.9661
Epoch 531/600
23:24:40 Train 48/48 - loss: 0.0199 - acc: 0.9965
Epoch 532/600
23:24:50 Train 48/48 - loss: 0.0202 - acc: 0.9964
Epoch 533/600
23:24:59 Train 48/48 - loss: 0.0184 - acc: 0.9966
Epoch 534/600
23:25:09 Train 48/48 - loss: 0.0206 - acc: 0.9964
Epoch 535/600
23:25:19 Train 48/48 - loss: 0.0169 - acc: 0.9972
23:25:20 Valid 5/5 - loss: 0.1377 - acc: 0.9660
Epoch 536/600
23:25:30 Train 48/48 - loss: 0.0195 - acc: 0.9964
Epoch 537/600
23:25:39 Train 48/48 - loss: 0.0180 - acc: 0.9968
Epoch 538/600
23:25:49 Train 48/48 - loss: 0.0183 - acc: 0.9967
Epoch 539/600
23:25:59 Train 48/48 - loss: 0.0164 - acc: 0.9970
Epoch 540/600
23:26:08 Train 48/48 - loss: 0.0158 - acc: 0.9977
23:26:10 Valid 5/5 - loss: 0.1358 - acc: 0.9676
Epoch 541/600
23:26:20 Train 48/48 - loss: 0.0169 - acc: 0.9972
Epoch 542/600
23:26:29 Train 48/48 - loss: 0.0157 - acc: 0.9975
Epoch 543/600
23:26:39 Train 48/48 - loss: 0.0168 - acc: 0.9969
Epoch 544/600
23:26:49 Train 48/48 - loss: 0.0165 - acc: 0.9972
Epoch 545/600
23:26:58 Train 48/48 - loss: 0.0157 - acc: 0.9973
23:27:00 Valid 5/5 - loss: 0.1377 - acc: 0.9680
Epoch 546/600
23:27:09 Train 48/48 - loss: 0.0148 - acc: 0.9975
Epoch 547/600
23:27:19 Train 48/48 - loss: 0.0146 - acc: 0.9975
Epoch 548/600
23:27:29 Train 48/48 - loss: 0.0150 - acc: 0.9974
Epoch 549/600
23:27:38 Train 48/48 - loss: 0.0159 - acc: 0.9972
Epoch 550/600
23:27:48 Train 48/48 - loss: 0.0162 - acc: 0.9971
23:27:49 Valid 5/5 - loss: 0.1358 - acc: 0.9687
Epoch 551/600
23:27:59 Train 48/48 - loss: 0.0132 - acc: 0.9979
Epoch 552/600
23:28:09 Train 48/48 - loss: 0.0147 - acc: 0.9975
Epoch 553/600
23:28:18 Train 48/48 - loss: 0.0132 - acc: 0.9978
Epoch 554/600
23:28:28 Train 48/48 - loss: 0.0126 - acc: 0.9980
Epoch 555/600
23:28:38 Train 48/48 - loss: 0.0133 - acc: 0.9977
23:28:40 Valid 5/5 - loss: 0.1341 - acc: 0.9688
Epoch 556/600
23:28:49 Train 48/48 - loss: 0.0137 - acc: 0.9977
Epoch 557/600
23:28:59 Train 48/48 - loss: 0.0140 - acc: 0.9977
Epoch 558/600
23:29:08 Train 48/48 - loss: 0.0135 - acc: 0.9979
Epoch 559/600
23:29:18 Train 48/48 - loss: 0.0131 - acc: 0.9979
Epoch 560/600
23:29:28 Train 48/48 - loss: 0.0134 - acc: 0.9978
23:29:29 Valid 5/5 - loss: 0.1362 - acc: 0.9682
Epoch 561/600
23:29:39 Train 48/48 - loss: 0.0127 - acc: 0.9979
Epoch 562/600
23:29:49 Train 48/48 - loss: 0.0118 - acc: 0.9982
Epoch 563/600
23:29:58 Train 48/48 - loss: 0.0122 - acc: 0.9981
Epoch 564/600
23:30:08 Train 48/48 - loss: 0.0134 - acc: 0.9978
Epoch 565/600
23:30:17 Train 48/48 - loss: 0.0116 - acc: 0.9982
23:30:19 Valid 5/5 - loss: 0.1327 - acc: 0.9680
Epoch 566/600
23:30:29 Train 48/48 - loss: 0.0112 - acc: 0.9985
Epoch 567/600
23:30:38 Train 48/48 - loss: 0.0106 - acc: 0.9984
Epoch 568/600
23:30:48 Train 48/48 - loss: 0.0117 - acc: 0.9985
Epoch 569/600
23:30:58 Train 48/48 - loss: 0.0120 - acc: 0.9982
Epoch 570/600
23:31:07 Train 48/48 - loss: 0.0114 - acc: 0.9983
23:31:09 Valid 5/5 - loss: 0.1291 - acc: 0.9700
Epoch 571/600
23:31:18 Train 48/48 - loss: 0.0109 - acc: 0.9984
Epoch 572/600
23:31:28 Train 48/48 - loss: 0.0123 - acc: 0.9981
Epoch 573/600
23:31:38 Train 48/48 - loss: 0.0109 - acc: 0.9984
Epoch 574/600
23:31:47 Train 48/48 - loss: 0.0109 - acc: 0.9983
Epoch 575/600
23:31:57 Train 48/48 - loss: 0.0116 - acc: 0.9982
23:31:58 Valid 5/5 - loss: 0.1312 - acc: 0.9693
Epoch 576/600
23:32:08 Train 48/48 - loss: 0.0108 - acc: 0.9985
Epoch 577/600
23:32:18 Train 48/48 - loss: 0.0107 - acc: 0.9984
Epoch 578/600
23:32:27 Train 48/48 - loss: 0.0114 - acc: 0.9982
Epoch 579/600
23:32:37 Train 48/48 - loss: 0.0111 - acc: 0.9983
Epoch 580/600
23:32:47 Train 48/48 - loss: 0.0097 - acc: 0.9986
23:32:48 Valid 5/5 - loss: 0.1285 - acc: 0.9694
Epoch 581/600
23:32:58 Train 48/48 - loss: 0.0108 - acc: 0.9983
Epoch 582/600
23:33:07 Train 48/48 - loss: 0.0102 - acc: 0.9986
Epoch 583/600
23:33:17 Train 48/48 - loss: 0.0104 - acc: 0.9986
Epoch 584/600
23:33:27 Train 48/48 - loss: 0.0104 - acc: 0.9986
Epoch 585/600
23:33:36 Train 48/48 - loss: 0.0101 - acc: 0.9987
23:33:38 Valid 5/5 - loss: 0.1288 - acc: 0.9694
Epoch 586/600
23:33:48 Train 48/48 - loss: 0.0103 - acc: 0.9987
Epoch 587/600
23:33:57 Train 48/48 - loss: 0.0101 - acc: 0.9986
Epoch 588/600
23:34:07 Train 48/48 - loss: 0.0105 - acc: 0.9986
Epoch 589/600
23:34:17 Train 48/48 - loss: 0.0115 - acc: 0.9981
Epoch 590/600
23:34:26 Train 48/48 - loss: 0.0104 - acc: 0.9985
23:34:28 Valid 5/5 - loss: 0.1268 - acc: 0.9700
Epoch 591/600
23:34:37 Train 48/48 - loss: 0.0095 - acc: 0.9988
Epoch 592/600
23:34:47 Train 48/48 - loss: 0.0107 - acc: 0.9983
Epoch 593/600
23:34:57 Train 48/48 - loss: 0.0105 - acc: 0.9985
Epoch 594/600
23:35:06 Train 48/48 - loss: 0.0110 - acc: 0.9984
Epoch 595/600
23:35:16 Train 48/48 - loss: 0.0106 - acc: 0.9986
23:35:18 Valid 5/5 - loss: 0.1269 - acc: 0.9701
Epoch 596/600
23:35:27 Train 48/48 - loss: 0.0105 - acc: 0.9985
Epoch 597/600
23:35:37 Train 48/48 - loss: 0.0098 - acc: 0.9987
Epoch 598/600
23:35:47 Train 48/48 - loss: 0.0096 - acc: 0.9986
Epoch 599/600
23:35:56 Train 48/48 - loss: 0.0098 - acc: 0.9986
Epoch 600/600
23:36:06 Train 48/48 - loss: 0.0100 - acc: 0.9987
23:36:07 Valid 5/5 - loss: 0.1276 - acc: 0.9696