Epoch 1/600
22:03:53 Train 65/65 - loss: 3.0478 - acc: 0.1732
Epoch 2/600
22:04:05 Train 65/65 - loss: 2.5037 - acc: 0.3254
Epoch 3/600
22:04:17 Train 65/65 - loss: 2.1431 - acc: 0.4393
Epoch 4/600
22:04:29 Train 65/65 - loss: 1.8364 - acc: 0.5271
Epoch 5/600
22:04:40 Train 65/65 - loss: 1.5865 - acc: 0.5954
WARNING:tensorflow:From /usr/local/lib/python3.6/dist-packages/tensorflow/python/data/ops/multi_device_iterator_ops.py:601: get_next_as_optional (from tensorflow.python.data.ops.iterator_ops) is deprecated and will be removed in a future version.
Instructions for updating:
Use `tf.data.Iterator.get_next_as_optional()` instead.
WARNING:tensorflow:From /usr/local/lib/python3.6/dist-packages/tensorflow/python/data/ops/multi_device_iterator_ops.py:601: get_next_as_optional (from tensorflow.python.data.ops.iterator_ops) is deprecated and will be removed in a future version.
Instructions for updating:
Use `tf.data.Iterator.get_next_as_optional()` instead.
22:05:45 Valid 7/7 - loss: 1.0431 - acc: 0.6320
Epoch 6/600
22:05:56 Train 65/65 - loss: 1.4190 - acc: 0.6418
Epoch 7/600
22:06:08 Train 65/65 - loss: 1.2734 - acc: 0.6830
Epoch 8/600
22:06:20 Train 65/65 - loss: 1.1582 - acc: 0.7123
Epoch 9/600
22:06:31 Train 65/65 - loss: 1.0582 - acc: 0.7405
Epoch 10/600
22:06:43 Train 65/65 - loss: 0.9988 - acc: 0.7548
22:06:44 Valid 7/7 - loss: 0.8946 - acc: 0.6868
Epoch 11/600
22:06:56 Train 65/65 - loss: 0.9282 - acc: 0.7732
Epoch 12/600
22:07:08 Train 65/65 - loss: 0.8588 - acc: 0.7915
Epoch 13/600
22:07:19 Train 65/65 - loss: 0.8174 - acc: 0.8026
Epoch 14/600
22:07:31 Train 65/65 - loss: 0.7789 - acc: 0.8108
Epoch 15/600
22:07:42 Train 65/65 - loss: 0.7364 - acc: 0.8215
22:07:43 Valid 7/7 - loss: 0.5276 - acc: 0.8160
Epoch 16/600
22:07:55 Train 65/65 - loss: 0.7110 - acc: 0.8299
Epoch 17/600
22:08:07 Train 65/65 - loss: 0.6898 - acc: 0.8337
Epoch 18/600
22:08:19 Train 65/65 - loss: 0.6738 - acc: 0.8377
Epoch 19/600
22:08:30 Train 65/65 - loss: 0.6593 - acc: 0.8417
Epoch 20/600
22:08:42 Train 65/65 - loss: 0.6421 - acc: 0.8462
22:08:43 Valid 7/7 - loss: 0.4367 - acc: 0.8504
Epoch 21/600
22:08:55 Train 65/65 - loss: 0.6226 - acc: 0.8485
Epoch 22/600
22:09:07 Train 65/65 - loss: 0.6224 - acc: 0.8511
Epoch 23/600
22:09:18 Train 65/65 - loss: 0.6030 - acc: 0.8567
Epoch 24/600
22:09:30 Train 65/65 - loss: 0.6014 - acc: 0.8556
Epoch 25/600
22:09:41 Train 65/65 - loss: 0.5952 - acc: 0.8585
22:09:42 Valid 7/7 - loss: 0.4645 - acc: 0.8403
Epoch 26/600
22:09:54 Train 65/65 - loss: 0.5911 - acc: 0.8570
Epoch 27/600
22:10:06 Train 65/65 - loss: 0.5728 - acc: 0.8638
Epoch 28/600
22:10:17 Train 65/65 - loss: 0.5722 - acc: 0.8624
Epoch 29/600
22:10:29 Train 65/65 - loss: 0.5658 - acc: 0.8643
Epoch 30/600
22:10:41 Train 65/65 - loss: 0.5603 - acc: 0.8683
22:10:42 Valid 7/7 - loss: 0.4049 - acc: 0.8606
Epoch 31/600
22:10:53 Train 65/65 - loss: 0.5520 - acc: 0.8691
Epoch 32/600
22:11:05 Train 65/65 - loss: 0.5560 - acc: 0.8663
Epoch 33/600
22:11:16 Train 65/65 - loss: 0.5584 - acc: 0.8674
Epoch 34/600
22:11:28 Train 65/65 - loss: 0.5445 - acc: 0.8699
Epoch 35/600
22:11:40 Train 65/65 - loss: 0.5441 - acc: 0.8714
22:11:41 Valid 7/7 - loss: 0.4715 - acc: 0.8445
Epoch 36/600
22:11:52 Train 65/65 - loss: 0.5338 - acc: 0.8723
Epoch 37/600
22:12:04 Train 65/65 - loss: 0.5359 - acc: 0.8736
Epoch 38/600
22:12:16 Train 65/65 - loss: 0.5246 - acc: 0.8737
Epoch 39/600
22:12:27 Train 65/65 - loss: 0.5269 - acc: 0.8748
Epoch 40/600
22:12:39 Train 65/65 - loss: 0.5156 - acc: 0.8778
22:12:40 Valid 7/7 - loss: 0.7378 - acc: 0.7893
Epoch 41/600
22:12:52 Train 65/65 - loss: 0.5081 - acc: 0.8782
Epoch 42/600
22:13:03 Train 65/65 - loss: 0.5178 - acc: 0.8756
Epoch 43/600
22:13:15 Train 65/65 - loss: 0.5094 - acc: 0.8790
Epoch 44/600
22:13:26 Train 65/65 - loss: 0.4977 - acc: 0.8826
Epoch 45/600
22:13:38 Train 65/65 - loss: 0.4985 - acc: 0.8814
22:13:39 Valid 7/7 - loss: 0.8108 - acc: 0.7617
Epoch 46/600
22:13:51 Train 65/65 - loss: 0.4938 - acc: 0.8811
Epoch 47/600
22:14:02 Train 65/65 - loss: 0.4961 - acc: 0.8805
Epoch 48/600
22:14:14 Train 65/65 - loss: 0.4839 - acc: 0.8846
Epoch 49/600
22:14:25 Train 65/65 - loss: 0.4873 - acc: 0.8855
Epoch 50/600
22:14:37 Train 65/65 - loss: 0.4805 - acc: 0.8863
22:14:38 Valid 7/7 - loss: 0.4611 - acc: 0.8559
Epoch 51/600
22:14:50 Train 65/65 - loss: 0.4718 - acc: 0.8877
Epoch 52/600
22:15:01 Train 65/65 - loss: 0.4777 - acc: 0.8866
Epoch 53/600
22:15:13 Train 65/65 - loss: 0.4660 - acc: 0.8902
Epoch 54/600
22:15:25 Train 65/65 - loss: 0.4759 - acc: 0.8869
Epoch 55/600
22:15:36 Train 65/65 - loss: 0.4559 - acc: 0.8926
22:15:37 Valid 7/7 - loss: 0.4275 - acc: 0.8657
Epoch 56/600
22:15:49 Train 65/65 - loss: 0.4739 - acc: 0.8861
Epoch 57/600
22:16:01 Train 65/65 - loss: 0.4579 - acc: 0.8901
Epoch 58/600
22:16:12 Train 65/65 - loss: 0.4541 - acc: 0.8929
Epoch 59/600
22:16:24 Train 65/65 - loss: 0.4644 - acc: 0.8888
Epoch 60/600
22:16:35 Train 65/65 - loss: 0.4446 - acc: 0.8956
22:16:36 Valid 7/7 - loss: 0.3620 - acc: 0.8780
Epoch 61/600
22:16:48 Train 65/65 - loss: 0.4470 - acc: 0.8940
Epoch 62/600
22:17:00 Train 65/65 - loss: 0.4524 - acc: 0.8923
Epoch 63/600
22:17:11 Train 65/65 - loss: 0.4469 - acc: 0.8942
Epoch 64/600
22:17:23 Train 65/65 - loss: 0.4431 - acc: 0.8944
Epoch 65/600
22:17:35 Train 65/65 - loss: 0.4382 - acc: 0.8960
22:17:36 Valid 7/7 - loss: 0.5112 - acc: 0.8430
Epoch 66/600
22:17:47 Train 65/65 - loss: 0.4340 - acc: 0.8963
Epoch 67/600
22:17:59 Train 65/65 - loss: 0.4408 - acc: 0.8952
Epoch 68/600
22:18:10 Train 65/65 - loss: 0.4359 - acc: 0.8971
Epoch 69/600
22:18:22 Train 65/65 - loss: 0.4385 - acc: 0.8967
Epoch 70/600
22:18:34 Train 65/65 - loss: 0.4288 - acc: 0.8992
22:18:35 Valid 7/7 - loss: 0.4021 - acc: 0.8649
Epoch 71/600
22:18:46 Train 65/65 - loss: 0.4289 - acc: 0.8984
Epoch 72/600
22:18:58 Train 65/65 - loss: 0.4279 - acc: 0.8989
Epoch 73/600
22:19:10 Train 65/65 - loss: 0.4163 - acc: 0.9023
Epoch 74/600
22:19:21 Train 65/65 - loss: 0.4299 - acc: 0.8976
Epoch 75/600
22:19:33 Train 65/65 - loss: 0.4129 - acc: 0.9032
22:19:34 Valid 7/7 - loss: 0.4638 - acc: 0.8564
Epoch 76/600
22:19:45 Train 65/65 - loss: 0.4146 - acc: 0.9020
Epoch 77/600
22:19:57 Train 65/65 - loss: 0.4210 - acc: 0.9002
Epoch 78/600
22:20:09 Train 65/65 - loss: 0.4164 - acc: 0.9006
Epoch 79/600
22:20:20 Train 65/65 - loss: 0.4217 - acc: 0.8999
Epoch 80/600
22:20:32 Train 65/65 - loss: 0.4155 - acc: 0.9008
22:20:33 Valid 7/7 - loss: 0.3525 - acc: 0.8849
Epoch 81/600
22:20:45 Train 65/65 - loss: 0.4175 - acc: 0.9016
Epoch 82/600
22:20:56 Train 65/65 - loss: 0.4043 - acc: 0.9046
Epoch 83/600
22:21:08 Train 65/65 - loss: 0.4063 - acc: 0.9027
Epoch 84/600
22:21:19 Train 65/65 - loss: 0.4098 - acc: 0.9026
Epoch 85/600
22:21:31 Train 65/65 - loss: 0.4084 - acc: 0.9024
22:21:32 Valid 7/7 - loss: 0.6521 - acc: 0.8091
Epoch 86/600
22:21:44 Train 65/65 - loss: 0.4053 - acc: 0.9052
Epoch 87/600
22:21:55 Train 65/65 - loss: 0.4077 - acc: 0.9023
Epoch 88/600
22:22:07 Train 65/65 - loss: 0.4044 - acc: 0.9059
Epoch 89/600
22:22:18 Train 65/65 - loss: 0.3919 - acc: 0.9075
Epoch 90/600
22:22:30 Train 65/65 - loss: 0.3958 - acc: 0.9064
22:22:31 Valid 7/7 - loss: 0.4969 - acc: 0.8483
Epoch 91/600
22:22:43 Train 65/65 - loss: 0.4039 - acc: 0.9038
Epoch 92/600
22:22:54 Train 65/65 - loss: 0.3927 - acc: 0.9081
Epoch 93/600
22:23:06 Train 65/65 - loss: 0.3981 - acc: 0.9066
Epoch 94/600
22:23:18 Train 65/65 - loss: 0.3927 - acc: 0.9064
Epoch 95/600
22:23:29 Train 65/65 - loss: 0.3894 - acc: 0.9094
22:23:30 Valid 7/7 - loss: 0.4187 - acc: 0.8667
Epoch 96/600
22:23:42 Train 65/65 - loss: 0.3901 - acc: 0.9072
Epoch 97/600
22:23:54 Train 65/65 - loss: 0.3817 - acc: 0.9090
Epoch 98/600
22:24:05 Train 65/65 - loss: 0.3909 - acc: 0.9081
Epoch 99/600
22:24:17 Train 65/65 - loss: 0.3822 - acc: 0.9100
Epoch 100/600
22:24:28 Train 65/65 - loss: 0.3958 - acc: 0.9064
22:24:29 Valid 7/7 - loss: 0.3550 - acc: 0.8847
Epoch 101/600
22:24:41 Train 65/65 - loss: 0.3827 - acc: 0.9081
Epoch 102/600
22:24:53 Train 65/65 - loss: 0.3854 - acc: 0.9090
Epoch 103/600
22:25:04 Train 65/65 - loss: 0.3819 - acc: 0.9109
Epoch 104/600
22:25:16 Train 65/65 - loss: 0.3885 - acc: 0.9069
Epoch 105/600
22:25:28 Train 65/65 - loss: 0.3890 - acc: 0.9081
22:25:29 Valid 7/7 - loss: 0.5001 - acc: 0.8519
Epoch 106/600
22:25:41 Train 65/65 - loss: 0.3813 - acc: 0.9099
Epoch 107/600
22:25:52 Train 65/65 - loss: 0.3781 - acc: 0.9110
Epoch 108/600
22:26:04 Train 65/65 - loss: 0.3802 - acc: 0.9112
Epoch 109/600
22:26:15 Train 65/65 - loss: 0.3757 - acc: 0.9115
Epoch 110/600
22:26:27 Train 65/65 - loss: 0.3830 - acc: 0.9103
22:26:28 Valid 7/7 - loss: 0.3642 - acc: 0.8848
Epoch 111/600
22:26:40 Train 65/65 - loss: 0.3815 - acc: 0.9096
Epoch 112/600
22:26:51 Train 65/65 - loss: 0.3813 - acc: 0.9111
Epoch 113/600
22:27:03 Train 65/65 - loss: 0.3800 - acc: 0.9101
Epoch 114/600
22:27:14 Train 65/65 - loss: 0.3707 - acc: 0.9124
Epoch 115/600
22:27:26 Train 65/65 - loss: 0.3739 - acc: 0.9127
22:27:27 Valid 7/7 - loss: 0.3370 - acc: 0.8917
Epoch 116/600
22:27:39 Train 65/65 - loss: 0.3674 - acc: 0.9128
Epoch 117/600
22:27:50 Train 65/65 - loss: 0.3676 - acc: 0.9121
Epoch 118/600
22:28:02 Train 65/65 - loss: 0.3707 - acc: 0.9129
Epoch 119/600
22:28:14 Train 65/65 - loss: 0.3647 - acc: 0.9146
Epoch 120/600
22:28:25 Train 65/65 - loss: 0.3662 - acc: 0.9138
22:28:26 Valid 7/7 - loss: 0.3307 - acc: 0.8993
Epoch 121/600
22:28:38 Train 65/65 - loss: 0.3731 - acc: 0.9118
Epoch 122/600
22:28:50 Train 65/65 - loss: 0.3619 - acc: 0.9140
Epoch 123/600
22:29:01 Train 65/65 - loss: 0.3685 - acc: 0.9135
Epoch 124/600
22:29:13 Train 65/65 - loss: 0.3596 - acc: 0.9139
Epoch 125/600
22:29:24 Train 65/65 - loss: 0.3697 - acc: 0.9129
22:29:25 Valid 7/7 - loss: 0.4084 - acc: 0.8788
Epoch 126/600
22:29:37 Train 65/65 - loss: 0.3717 - acc: 0.9122
Epoch 127/600
22:29:49 Train 65/65 - loss: 0.3705 - acc: 0.9128
Epoch 128/600
22:30:00 Train 65/65 - loss: 0.3543 - acc: 0.9166
Epoch 129/600
22:30:12 Train 65/65 - loss: 0.3629 - acc: 0.9141
Epoch 130/600
22:30:24 Train 65/65 - loss: 0.3544 - acc: 0.9151
22:30:25 Valid 7/7 - loss: 0.4553 - acc: 0.8566
Epoch 131/600
22:30:36 Train 65/65 - loss: 0.3649 - acc: 0.9136
Epoch 132/600
22:30:48 Train 65/65 - loss: 0.3570 - acc: 0.9167
Epoch 133/600
22:30:59 Train 65/65 - loss: 0.3563 - acc: 0.9155
Epoch 134/600
22:31:11 Train 65/65 - loss: 0.3621 - acc: 0.9149
Epoch 135/600
22:31:23 Train 65/65 - loss: 0.3593 - acc: 0.9145
22:31:24 Valid 7/7 - loss: 0.4536 - acc: 0.8593
Epoch 136/600
22:31:35 Train 65/65 - loss: 0.3573 - acc: 0.9172
Epoch 137/600
22:31:47 Train 65/65 - loss: 0.3491 - acc: 0.9178
Epoch 138/600
22:31:59 Train 65/65 - loss: 0.3524 - acc: 0.9175
Epoch 139/600
22:32:10 Train 65/65 - loss: 0.3598 - acc: 0.9158
Epoch 140/600
22:32:22 Train 65/65 - loss: 0.3475 - acc: 0.9197
22:32:23 Valid 7/7 - loss: 0.4375 - acc: 0.8622
Epoch 141/600
22:32:35 Train 65/65 - loss: 0.3557 - acc: 0.9149
Epoch 142/600
22:32:46 Train 65/65 - loss: 0.3572 - acc: 0.9146
Epoch 143/600
22:32:58 Train 65/65 - loss: 0.3501 - acc: 0.9190
Epoch 144/600
22:33:09 Train 65/65 - loss: 0.3476 - acc: 0.9189
Epoch 145/600
22:33:21 Train 65/65 - loss: 0.3454 - acc: 0.9182
22:33:22 Valid 7/7 - loss: 0.4101 - acc: 0.8749
Epoch 146/600
22:33:34 Train 65/65 - loss: 0.3428 - acc: 0.9205
Epoch 147/600
22:33:45 Train 65/65 - loss: 0.3533 - acc: 0.9162
Epoch 148/600
22:33:57 Train 65/65 - loss: 0.3452 - acc: 0.9174
Epoch 149/600
22:34:08 Train 65/65 - loss: 0.3445 - acc: 0.9182
Epoch 150/600
22:34:20 Train 65/65 - loss: 0.3469 - acc: 0.9196
22:34:21 Valid 7/7 - loss: 0.3117 - acc: 0.9024
Epoch 151/600
22:34:33 Train 65/65 - loss: 0.3495 - acc: 0.9171
Epoch 152/600
22:34:44 Train 65/65 - loss: 0.3452 - acc: 0.9175
Epoch 153/600
22:34:56 Train 65/65 - loss: 0.3429 - acc: 0.9196
Epoch 154/600
22:35:08 Train 65/65 - loss: 0.3361 - acc: 0.9201
Epoch 155/600
22:35:19 Train 65/65 - loss: 0.3486 - acc: 0.9173
22:35:20 Valid 7/7 - loss: 0.2862 - acc: 0.9092
Epoch 156/600
22:35:32 Train 65/65 - loss: 0.3452 - acc: 0.9187
Epoch 157/600
22:35:43 Train 65/65 - loss: 0.3359 - acc: 0.9213
Epoch 158/600
22:35:55 Train 65/65 - loss: 0.3332 - acc: 0.9217
Epoch 159/600
22:36:07 Train 65/65 - loss: 0.3412 - acc: 0.9182
Epoch 160/600
22:36:18 Train 65/65 - loss: 0.3344 - acc: 0.9223
22:36:19 Valid 7/7 - loss: 0.2587 - acc: 0.9152
Epoch 161/600
22:36:31 Train 65/65 - loss: 0.3355 - acc: 0.9200
Epoch 162/600
22:36:43 Train 65/65 - loss: 0.3328 - acc: 0.9222
Epoch 163/600
22:36:54 Train 65/65 - loss: 0.3390 - acc: 0.9204
Epoch 164/600
22:37:06 Train 65/65 - loss: 0.3325 - acc: 0.9212
Epoch 165/600
22:37:17 Train 65/65 - loss: 0.3292 - acc: 0.9232
22:37:19 Valid 7/7 - loss: 0.4002 - acc: 0.8751
Epoch 166/600
22:37:30 Train 65/65 - loss: 0.3280 - acc: 0.9232
Epoch 167/600
22:37:42 Train 65/65 - loss: 0.3372 - acc: 0.9192
Epoch 168/600
22:37:53 Train 65/65 - loss: 0.3310 - acc: 0.9220
Epoch 169/600
22:38:05 Train 65/65 - loss: 0.3348 - acc: 0.9211
Epoch 170/600
22:38:17 Train 65/65 - loss: 0.3328 - acc: 0.9219
22:38:18 Valid 7/7 - loss: 0.4805 - acc: 0.8530
Epoch 171/600
22:38:29 Train 65/65 - loss: 0.3251 - acc: 0.9228
Epoch 172/600
22:38:41 Train 65/65 - loss: 0.3280 - acc: 0.9229
Epoch 173/600
22:38:53 Train 65/65 - loss: 0.3366 - acc: 0.9205
Epoch 174/600
22:39:04 Train 65/65 - loss: 0.3272 - acc: 0.9225
Epoch 175/600
22:39:16 Train 65/65 - loss: 0.3310 - acc: 0.9222
22:39:17 Valid 7/7 - loss: 0.2801 - acc: 0.9112
Epoch 176/600
22:39:28 Train 65/65 - loss: 0.3220 - acc: 0.9256
Epoch 177/600
22:39:40 Train 65/65 - loss: 0.3283 - acc: 0.9233
Epoch 178/600
22:39:52 Train 65/65 - loss: 0.3305 - acc: 0.9231
Epoch 179/600
22:40:03 Train 65/65 - loss: 0.3212 - acc: 0.9241
Epoch 180/600
22:40:15 Train 65/65 - loss: 0.3275 - acc: 0.9231
22:40:16 Valid 7/7 - loss: 0.2669 - acc: 0.9124
Epoch 181/600
22:40:28 Train 65/65 - loss: 0.3202 - acc: 0.9246
Epoch 182/600
22:40:39 Train 65/65 - loss: 0.3213 - acc: 0.9248
Epoch 183/600
22:40:51 Train 65/65 - loss: 0.3161 - acc: 0.9261
Epoch 184/600
22:41:02 Train 65/65 - loss: 0.3170 - acc: 0.9270
Epoch 185/600
22:41:14 Train 65/65 - loss: 0.3190 - acc: 0.9252
22:41:15 Valid 7/7 - loss: 0.2974 - acc: 0.9061
Epoch 186/600
22:41:27 Train 65/65 - loss: 0.3192 - acc: 0.9245
Epoch 187/600
22:41:38 Train 65/65 - loss: 0.3192 - acc: 0.9251
Epoch 188/600
22:41:50 Train 65/65 - loss: 0.3113 - acc: 0.9261
Epoch 189/600
22:42:01 Train 65/65 - loss: 0.3155 - acc: 0.9254
Epoch 190/600
22:42:13 Train 65/65 - loss: 0.3144 - acc: 0.9259
22:42:14 Valid 7/7 - loss: 0.2777 - acc: 0.9103
Epoch 191/600
22:42:26 Train 65/65 - loss: 0.3181 - acc: 0.9247
Epoch 192/600
22:42:37 Train 65/65 - loss: 0.3131 - acc: 0.9276
Epoch 193/600
22:42:49 Train 65/65 - loss: 0.3167 - acc: 0.9265
Epoch 194/600
22:43:01 Train 65/65 - loss: 0.3135 - acc: 0.9275
Epoch 195/600
22:43:12 Train 65/65 - loss: 0.3079 - acc: 0.9282
22:43:13 Valid 7/7 - loss: 0.3023 - acc: 0.9044
Epoch 196/600
22:43:25 Train 65/65 - loss: 0.3130 - acc: 0.9263
Epoch 197/600
22:43:37 Train 65/65 - loss: 0.3126 - acc: 0.9260
Epoch 198/600
22:43:48 Train 65/65 - loss: 0.3075 - acc: 0.9275
Epoch 199/600
22:44:00 Train 65/65 - loss: 0.3092 - acc: 0.9271
Epoch 200/600
22:44:11 Train 65/65 - loss: 0.3067 - acc: 0.9283
22:44:12 Valid 7/7 - loss: 0.2383 - acc: 0.9239
Epoch 201/600
22:44:24 Train 65/65 - loss: 0.3102 - acc: 0.9272
Epoch 202/600
22:44:36 Train 65/65 - loss: 0.3082 - acc: 0.9275
Epoch 203/600
22:44:47 Train 65/65 - loss: 0.3045 - acc: 0.9292
Epoch 204/600
22:44:59 Train 65/65 - loss: 0.3084 - acc: 0.9279
Epoch 205/600
22:45:10 Train 65/65 - loss: 0.3018 - acc: 0.9289
22:45:12 Valid 7/7 - loss: 0.3172 - acc: 0.9015
Epoch 206/600
22:45:23 Train 65/65 - loss: 0.2967 - acc: 0.9305
Epoch 207/600
22:45:35 Train 65/65 - loss: 0.3055 - acc: 0.9280
Epoch 208/600
22:45:47 Train 65/65 - loss: 0.3045 - acc: 0.9284
Epoch 209/600
22:45:58 Train 65/65 - loss: 0.3117 - acc: 0.9267
Epoch 210/600
22:46:10 Train 65/65 - loss: 0.3002 - acc: 0.9301
22:46:11 Valid 7/7 - loss: 0.2849 - acc: 0.9102
Epoch 211/600
22:46:23 Train 65/65 - loss: 0.2979 - acc: 0.9292
Epoch 212/600
22:46:34 Train 65/65 - loss: 0.2975 - acc: 0.9310
Epoch 213/600
22:46:46 Train 65/65 - loss: 0.2976 - acc: 0.9302
Epoch 214/600
22:46:58 Train 65/65 - loss: 0.3022 - acc: 0.9294
Epoch 215/600
22:47:09 Train 65/65 - loss: 0.3019 - acc: 0.9282
22:47:10 Valid 7/7 - loss: 0.4060 - acc: 0.8782
Epoch 216/600
22:47:22 Train 65/65 - loss: 0.2929 - acc: 0.9312
Epoch 217/600
22:47:33 Train 65/65 - loss: 0.2925 - acc: 0.9320
Epoch 218/600
22:47:45 Train 65/65 - loss: 0.2988 - acc: 0.9311
Epoch 219/600
22:47:57 Train 65/65 - loss: 0.3023 - acc: 0.9288
Epoch 220/600
22:48:08 Train 65/65 - loss: 0.2919 - acc: 0.9325
22:48:09 Valid 7/7 - loss: 0.3699 - acc: 0.8899
Epoch 221/600
22:48:21 Train 65/65 - loss: 0.2953 - acc: 0.9307
Epoch 222/600
22:48:33 Train 65/65 - loss: 0.2878 - acc: 0.9325
Epoch 223/600
22:48:44 Train 65/65 - loss: 0.3002 - acc: 0.9299
Epoch 224/600
22:48:56 Train 65/65 - loss: 0.2844 - acc: 0.9346
Epoch 225/600
22:49:07 Train 65/65 - loss: 0.2962 - acc: 0.9304
22:49:09 Valid 7/7 - loss: 0.2222 - acc: 0.9259
Epoch 226/600
22:49:20 Train 65/65 - loss: 0.2837 - acc: 0.9338
Epoch 227/600
22:49:32 Train 65/65 - loss: 0.2936 - acc: 0.9299
Epoch 228/600
22:49:43 Train 65/65 - loss: 0.2936 - acc: 0.9321
Epoch 229/600
22:49:55 Train 65/65 - loss: 0.2826 - acc: 0.9340
Epoch 230/600
22:50:06 Train 65/65 - loss: 0.2862 - acc: 0.9327
22:50:08 Valid 7/7 - loss: 0.3162 - acc: 0.9023
Epoch 231/600
22:50:19 Train 65/65 - loss: 0.2866 - acc: 0.9338
Epoch 232/600
22:50:31 Train 65/65 - loss: 0.2832 - acc: 0.9333
Epoch 233/600
22:50:42 Train 65/65 - loss: 0.2824 - acc: 0.9341
Epoch 234/600
22:50:54 Train 65/65 - loss: 0.2822 - acc: 0.9340
Epoch 235/600
22:51:06 Train 65/65 - loss: 0.2884 - acc: 0.9324
22:51:07 Valid 7/7 - loss: 0.3372 - acc: 0.8963
Epoch 236/600
22:51:18 Train 65/65 - loss: 0.2853 - acc: 0.9335
Epoch 237/600
22:51:30 Train 65/65 - loss: 0.2757 - acc: 0.9353
Epoch 238/600
22:51:41 Train 65/65 - loss: 0.2822 - acc: 0.9339
Epoch 239/600
22:51:53 Train 65/65 - loss: 0.2874 - acc: 0.9330
Epoch 240/600
22:52:05 Train 65/65 - loss: 0.2780 - acc: 0.9358
22:52:06 Valid 7/7 - loss: 0.2475 - acc: 0.9186
Epoch 241/600
22:52:17 Train 65/65 - loss: 0.2773 - acc: 0.9341
Epoch 242/600
22:52:29 Train 65/65 - loss: 0.2854 - acc: 0.9342
Epoch 243/600
22:52:41 Train 65/65 - loss: 0.2733 - acc: 0.9378
Epoch 244/600
22:52:52 Train 65/65 - loss: 0.2805 - acc: 0.9329
Epoch 245/600
22:53:04 Train 65/65 - loss: 0.2756 - acc: 0.9355
22:53:05 Valid 7/7 - loss: 0.2735 - acc: 0.9152
Epoch 246/600
22:53:16 Train 65/65 - loss: 0.2753 - acc: 0.9365
Epoch 247/600
22:53:28 Train 65/65 - loss: 0.2769 - acc: 0.9364
Epoch 248/600
22:53:40 Train 65/65 - loss: 0.2730 - acc: 0.9355
Epoch 249/600
22:53:51 Train 65/65 - loss: 0.2721 - acc: 0.9353
Epoch 250/600
22:54:03 Train 65/65 - loss: 0.2792 - acc: 0.9345
22:54:04 Valid 7/7 - loss: 0.4927 - acc: 0.8646
Epoch 251/600
22:54:16 Train 65/65 - loss: 0.2686 - acc: 0.9376
Epoch 252/600
22:54:27 Train 65/65 - loss: 0.2691 - acc: 0.9370
Epoch 253/600
22:54:39 Train 65/65 - loss: 0.2681 - acc: 0.9372
Epoch 254/600
22:54:50 Train 65/65 - loss: 0.2656 - acc: 0.9384
Epoch 255/600
22:55:02 Train 65/65 - loss: 0.2605 - acc: 0.9395
22:55:03 Valid 7/7 - loss: 0.2785 - acc: 0.9170
Epoch 256/600
22:55:15 Train 65/65 - loss: 0.2661 - acc: 0.9374
Epoch 257/600
22:55:26 Train 65/65 - loss: 0.2732 - acc: 0.9363
Epoch 258/600
22:55:38 Train 65/65 - loss: 0.2685 - acc: 0.9372
Epoch 259/600
22:55:49 Train 65/65 - loss: 0.2685 - acc: 0.9370
Epoch 260/600
22:56:01 Train 65/65 - loss: 0.2653 - acc: 0.9387
22:56:02 Valid 7/7 - loss: 0.2228 - acc: 0.9272
Epoch 261/600
22:56:14 Train 65/65 - loss: 0.2640 - acc: 0.9388
Epoch 262/600
22:56:25 Train 65/65 - loss: 0.2564 - acc: 0.9406
Epoch 263/600
22:56:37 Train 65/65 - loss: 0.2639 - acc: 0.9381
Epoch 264/600
22:56:49 Train 65/65 - loss: 0.2652 - acc: 0.9382
Epoch 265/600
22:57:00 Train 65/65 - loss: 0.2582 - acc: 0.9396
22:57:01 Valid 7/7 - loss: 0.2813 - acc: 0.9104
Epoch 266/600
22:57:13 Train 65/65 - loss: 0.2641 - acc: 0.9391
Epoch 267/600
22:57:24 Train 65/65 - loss: 0.2533 - acc: 0.9415
Epoch 268/600
22:57:36 Train 65/65 - loss: 0.2552 - acc: 0.9396
Epoch 269/600
22:57:48 Train 65/65 - loss: 0.2587 - acc: 0.9395
Epoch 270/600
22:57:59 Train 65/65 - loss: 0.2582 - acc: 0.9402
22:58:00 Valid 7/7 - loss: 0.2967 - acc: 0.9104
Epoch 271/600
22:58:12 Train 65/65 - loss: 0.2503 - acc: 0.9418
Epoch 272/600
22:58:24 Train 65/65 - loss: 0.2539 - acc: 0.9409
Epoch 273/600
22:58:35 Train 65/65 - loss: 0.2590 - acc: 0.9394
Epoch 274/600
22:58:47 Train 65/65 - loss: 0.2532 - acc: 0.9411
Epoch 275/600
22:58:58 Train 65/65 - loss: 0.2523 - acc: 0.9411
22:58:59 Valid 7/7 - loss: 0.2568 - acc: 0.9194
Epoch 276/600
22:59:11 Train 65/65 - loss: 0.2486 - acc: 0.9425
Epoch 277/600
22:59:23 Train 65/65 - loss: 0.2509 - acc: 0.9418
Epoch 278/600
22:59:34 Train 65/65 - loss: 0.2530 - acc: 0.9417
Epoch 279/600
22:59:46 Train 65/65 - loss: 0.2441 - acc: 0.9439
Epoch 280/600
22:59:57 Train 65/65 - loss: 0.2474 - acc: 0.9423
22:59:59 Valid 7/7 - loss: 0.3413 - acc: 0.8955
Epoch 281/600
23:00:10 Train 65/65 - loss: 0.2451 - acc: 0.9424
Epoch 282/600
23:00:22 Train 65/65 - loss: 0.2450 - acc: 0.9425
Epoch 283/600
23:00:33 Train 65/65 - loss: 0.2527 - acc: 0.9410
Epoch 284/600
23:00:45 Train 65/65 - loss: 0.2379 - acc: 0.9450
Epoch 285/600
23:00:57 Train 65/65 - loss: 0.2441 - acc: 0.9444
23:00:58 Valid 7/7 - loss: 0.2363 - acc: 0.9266
Epoch 286/600
23:01:09 Train 65/65 - loss: 0.2430 - acc: 0.9443
Epoch 287/600
23:01:21 Train 65/65 - loss: 0.2453 - acc: 0.9429
Epoch 288/600
23:01:32 Train 65/65 - loss: 0.2485 - acc: 0.9422
Epoch 289/600
23:01:44 Train 65/65 - loss: 0.2437 - acc: 0.9434
Epoch 290/600
23:01:56 Train 65/65 - loss: 0.2369 - acc: 0.9455
23:01:57 Valid 7/7 - loss: 0.2481 - acc: 0.9278
Epoch 291/600
23:02:08 Train 65/65 - loss: 0.2389 - acc: 0.9449
Epoch 292/600
23:02:20 Train 65/65 - loss: 0.2435 - acc: 0.9440
Epoch 293/600
23:02:32 Train 65/65 - loss: 0.2388 - acc: 0.9448
Epoch 294/600
23:02:43 Train 65/65 - loss: 0.2343 - acc: 0.9453
Epoch 295/600
23:02:55 Train 65/65 - loss: 0.2331 - acc: 0.9471
23:02:56 Valid 7/7 - loss: 0.2124 - acc: 0.9331
Epoch 296/600
23:03:08 Train 65/65 - loss: 0.2386 - acc: 0.9447
Epoch 297/600
23:03:19 Train 65/65 - loss: 0.2344 - acc: 0.9461
Epoch 298/600
23:03:31 Train 65/65 - loss: 0.2307 - acc: 0.9467
Epoch 299/600
23:03:42 Train 65/65 - loss: 0.2358 - acc: 0.9447
Epoch 300/600
23:03:54 Train 65/65 - loss: 0.2320 - acc: 0.9469
23:03:55 Valid 7/7 - loss: 0.2422 - acc: 0.9259
Epoch 301/600
23:04:07 Train 65/65 - loss: 0.2309 - acc: 0.9457
Epoch 302/600
23:04:18 Train 65/65 - loss: 0.2272 - acc: 0.9470
Epoch 303/600
23:04:30 Train 65/65 - loss: 0.2301 - acc: 0.9475
Epoch 304/600
23:04:42 Train 65/65 - loss: 0.2262 - acc: 0.9473
Epoch 305/600
23:04:53 Train 65/65 - loss: 0.2379 - acc: 0.9447
23:04:54 Valid 7/7 - loss: 0.2215 - acc: 0.9337
Epoch 306/600
23:05:06 Train 65/65 - loss: 0.2269 - acc: 0.9482
Epoch 307/600
23:05:17 Train 65/65 - loss: 0.2239 - acc: 0.9480
Epoch 308/600
23:05:29 Train 65/65 - loss: 0.2277 - acc: 0.9479
Epoch 309/600
23:05:41 Train 65/65 - loss: 0.2318 - acc: 0.9458
Epoch 310/600
23:05:52 Train 65/65 - loss: 0.2269 - acc: 0.9467
23:05:53 Valid 7/7 - loss: 0.2208 - acc: 0.9277
Epoch 311/600
23:06:05 Train 65/65 - loss: 0.2255 - acc: 0.9476
Epoch 312/600
23:06:17 Train 65/65 - loss: 0.2214 - acc: 0.9498
Epoch 313/600
23:06:28 Train 65/65 - loss: 0.2186 - acc: 0.9489
Epoch 314/600
23:06:40 Train 65/65 - loss: 0.2209 - acc: 0.9499
Epoch 315/600
23:06:51 Train 65/65 - loss: 0.2159 - acc: 0.9498
23:06:52 Valid 7/7 - loss: 0.3455 - acc: 0.9003
Epoch 316/600
23:07:04 Train 65/65 - loss: 0.2146 - acc: 0.9503
Epoch 317/600
23:07:16 Train 65/65 - loss: 0.2240 - acc: 0.9484
Epoch 318/600
23:07:27 Train 65/65 - loss: 0.2164 - acc: 0.9501
Epoch 319/600
23:07:39 Train 65/65 - loss: 0.2160 - acc: 0.9505
Epoch 320/600
23:07:50 Train 65/65 - loss: 0.2213 - acc: 0.9483
23:07:52 Valid 7/7 - loss: 0.3122 - acc: 0.9082
Epoch 321/600
23:08:03 Train 65/65 - loss: 0.2132 - acc: 0.9523
Epoch 322/600
23:08:15 Train 65/65 - loss: 0.2172 - acc: 0.9507
Epoch 323/600
23:08:26 Train 65/65 - loss: 0.2168 - acc: 0.9502
Epoch 324/600
23:08:38 Train 65/65 - loss: 0.2094 - acc: 0.9521
Epoch 325/600
23:08:50 Train 65/65 - loss: 0.2115 - acc: 0.9520
23:08:51 Valid 7/7 - loss: 0.2273 - acc: 0.9318
Epoch 326/600
23:09:02 Train 65/65 - loss: 0.2080 - acc: 0.9532
Epoch 327/600
23:09:14 Train 65/65 - loss: 0.2106 - acc: 0.9518
Epoch 328/600
23:09:25 Train 65/65 - loss: 0.2096 - acc: 0.9520
Epoch 329/600
23:09:37 Train 65/65 - loss: 0.2083 - acc: 0.9534
Epoch 330/600
23:09:49 Train 65/65 - loss: 0.2060 - acc: 0.9533
23:09:50 Valid 7/7 - loss: 0.2446 - acc: 0.9257
Epoch 331/600
23:10:01 Train 65/65 - loss: 0.2048 - acc: 0.9532
Epoch 332/600
23:10:13 Train 65/65 - loss: 0.2095 - acc: 0.9519
Epoch 333/600
23:10:25 Train 65/65 - loss: 0.2031 - acc: 0.9539
Epoch 334/600
23:10:36 Train 65/65 - loss: 0.2059 - acc: 0.9519
Epoch 335/600
23:10:48 Train 65/65 - loss: 0.2061 - acc: 0.9524
23:10:49 Valid 7/7 - loss: 0.2354 - acc: 0.9281
Epoch 336/600
23:11:00 Train 65/65 - loss: 0.2063 - acc: 0.9529
Epoch 337/600
23:11:12 Train 65/65 - loss: 0.2022 - acc: 0.9544
Epoch 338/600
23:11:24 Train 65/65 - loss: 0.2034 - acc: 0.9538
Epoch 339/600
23:11:35 Train 65/65 - loss: 0.2055 - acc: 0.9515
Epoch 340/600
23:11:47 Train 65/65 - loss: 0.1992 - acc: 0.9553
23:11:48 Valid 7/7 - loss: 0.2196 - acc: 0.9312
Epoch 341/600
23:11:59 Train 65/65 - loss: 0.1969 - acc: 0.9553
Epoch 342/600
23:12:11 Train 65/65 - loss: 0.1990 - acc: 0.9548
Epoch 343/600
23:12:23 Train 65/65 - loss: 0.1998 - acc: 0.9544
Epoch 344/600
23:12:34 Train 65/65 - loss: 0.1955 - acc: 0.9560
Epoch 345/600
23:12:46 Train 65/65 - loss: 0.1980 - acc: 0.9538
23:12:47 Valid 7/7 - loss: 0.2093 - acc: 0.9351
Epoch 346/600
23:12:59 Train 65/65 - loss: 0.1935 - acc: 0.9557
Epoch 347/600
23:13:10 Train 65/65 - loss: 0.1889 - acc: 0.9574
Epoch 348/600
23:13:22 Train 65/65 - loss: 0.1907 - acc: 0.9563
Epoch 349/600
23:13:33 Train 65/65 - loss: 0.1914 - acc: 0.9566
Epoch 350/600
23:13:45 Train 65/65 - loss: 0.1909 - acc: 0.9570
23:13:46 Valid 7/7 - loss: 0.2170 - acc: 0.9330
Epoch 351/600
23:13:58 Train 65/65 - loss: 0.1955 - acc: 0.9550
Epoch 352/600
23:14:09 Train 65/65 - loss: 0.1859 - acc: 0.9579
Epoch 353/600
23:14:21 Train 65/65 - loss: 0.1823 - acc: 0.9594
Epoch 354/600
23:14:33 Train 65/65 - loss: 0.1816 - acc: 0.9588
Epoch 355/600
23:14:44 Train 65/65 - loss: 0.1835 - acc: 0.9578
23:14:45 Valid 7/7 - loss: 0.2537 - acc: 0.9291
Epoch 356/600
23:14:57 Train 65/65 - loss: 0.1847 - acc: 0.9588
Epoch 357/600
23:15:08 Train 65/65 - loss: 0.1851 - acc: 0.9578
Epoch 358/600
23:15:20 Train 65/65 - loss: 0.1856 - acc: 0.9584
Epoch 359/600
23:15:32 Train 65/65 - loss: 0.1831 - acc: 0.9583
Epoch 360/600
23:15:43 Train 65/65 - loss: 0.1804 - acc: 0.9591
23:15:44 Valid 7/7 - loss: 0.2087 - acc: 0.9380
Epoch 361/600
23:15:56 Train 65/65 - loss: 0.1781 - acc: 0.9594
Epoch 362/600
23:16:08 Train 65/65 - loss: 0.1770 - acc: 0.9593
Epoch 363/600
23:16:19 Train 65/65 - loss: 0.1760 - acc: 0.9609
Epoch 364/600
23:16:31 Train 65/65 - loss: 0.1843 - acc: 0.9579
Epoch 365/600
23:16:42 Train 65/65 - loss: 0.1786 - acc: 0.9604
23:16:43 Valid 7/7 - loss: 0.2540 - acc: 0.9261
Epoch 366/600
23:16:55 Train 65/65 - loss: 0.1728 - acc: 0.9600
Epoch 367/600
23:17:07 Train 65/65 - loss: 0.1755 - acc: 0.9607
Epoch 368/600
23:17:18 Train 65/65 - loss: 0.1778 - acc: 0.9605
Epoch 369/600
23:17:30 Train 65/65 - loss: 0.1690 - acc: 0.9617
Epoch 370/600
23:17:41 Train 65/65 - loss: 0.1776 - acc: 0.9603
23:17:43 Valid 7/7 - loss: 0.2027 - acc: 0.9387
Epoch 371/600
23:17:54 Train 65/65 - loss: 0.1771 - acc: 0.9594
Epoch 372/600
23:18:06 Train 65/65 - loss: 0.1746 - acc: 0.9611
Epoch 373/600
23:18:17 Train 65/65 - loss: 0.1693 - acc: 0.9620
Epoch 374/600
23:18:29 Train 65/65 - loss: 0.1748 - acc: 0.9605
Epoch 375/600
23:18:41 Train 65/65 - loss: 0.1653 - acc: 0.9626
23:18:42 Valid 7/7 - loss: 0.2047 - acc: 0.9400
Epoch 376/600
23:18:53 Train 65/65 - loss: 0.1615 - acc: 0.9643
Epoch 377/600
23:19:05 Train 65/65 - loss: 0.1671 - acc: 0.9627
Epoch 378/600
23:19:16 Train 65/65 - loss: 0.1689 - acc: 0.9617
Epoch 379/600
23:19:28 Train 65/65 - loss: 0.1667 - acc: 0.9621
Epoch 380/600
23:19:40 Train 65/65 - loss: 0.1652 - acc: 0.9628
23:19:41 Valid 7/7 - loss: 0.2145 - acc: 0.9353
Epoch 381/600
23:19:52 Train 65/65 - loss: 0.1621 - acc: 0.9635
Epoch 382/600
23:20:04 Train 65/65 - loss: 0.1628 - acc: 0.9625
Epoch 383/600
23:20:16 Train 65/65 - loss: 0.1679 - acc: 0.9629
Epoch 384/600
23:20:27 Train 65/65 - loss: 0.1583 - acc: 0.9653
Epoch 385/600
23:20:39 Train 65/65 - loss: 0.1581 - acc: 0.9648
23:20:40 Valid 7/7 - loss: 0.1976 - acc: 0.9445
Epoch 386/600
23:20:52 Train 65/65 - loss: 0.1622 - acc: 0.9636
Epoch 387/600
23:21:03 Train 65/65 - loss: 0.1540 - acc: 0.9660
Epoch 388/600
23:21:15 Train 65/65 - loss: 0.1618 - acc: 0.9633
Epoch 389/600
23:21:26 Train 65/65 - loss: 0.1523 - acc: 0.9667
Epoch 390/600
23:21:38 Train 65/65 - loss: 0.1562 - acc: 0.9654
23:21:39 Valid 7/7 - loss: 0.2022 - acc: 0.9423
Epoch 391/600
23:21:51 Train 65/65 - loss: 0.1545 - acc: 0.9649
Epoch 392/600
23:22:02 Train 65/65 - loss: 0.1516 - acc: 0.9662
Epoch 393/600
23:22:14 Train 65/65 - loss: 0.1511 - acc: 0.9671
Epoch 394/600
23:22:25 Train 65/65 - loss: 0.1483 - acc: 0.9672
Epoch 395/600
23:22:37 Train 65/65 - loss: 0.1475 - acc: 0.9665
23:22:38 Valid 7/7 - loss: 0.1840 - acc: 0.9453
Epoch 396/600
23:22:50 Train 65/65 - loss: 0.1501 - acc: 0.9661
Epoch 397/600
23:23:01 Train 65/65 - loss: 0.1475 - acc: 0.9671
Epoch 398/600
23:23:13 Train 65/65 - loss: 0.1465 - acc: 0.9679
Epoch 399/600
23:23:25 Train 65/65 - loss: 0.1504 - acc: 0.9666
Epoch 400/600
23:23:36 Train 65/65 - loss: 0.1442 - acc: 0.9679
23:23:37 Valid 7/7 - loss: 0.2155 - acc: 0.9373
Epoch 401/600
23:23:49 Train 65/65 - loss: 0.1395 - acc: 0.9688
Epoch 402/600
23:24:01 Train 65/65 - loss: 0.1450 - acc: 0.9681
Epoch 403/600
23:24:12 Train 65/65 - loss: 0.1473 - acc: 0.9682
Epoch 404/600
23:24:24 Train 65/65 - loss: 0.1404 - acc: 0.9692
Epoch 405/600
23:24:35 Train 65/65 - loss: 0.1411 - acc: 0.9694
23:24:36 Valid 7/7 - loss: 0.1794 - acc: 0.9447
Epoch 406/600
23:24:48 Train 65/65 - loss: 0.1330 - acc: 0.9712
Epoch 407/600
23:25:00 Train 65/65 - loss: 0.1351 - acc: 0.9698
Epoch 408/600
23:25:11 Train 65/65 - loss: 0.1431 - acc: 0.9676
Epoch 409/600
23:25:23 Train 65/65 - loss: 0.1376 - acc: 0.9703
Epoch 410/600
23:25:34 Train 65/65 - loss: 0.1334 - acc: 0.9708
23:25:36 Valid 7/7 - loss: 0.1737 - acc: 0.9512
Epoch 411/600
23:25:47 Train 65/65 - loss: 0.1350 - acc: 0.9693
Epoch 412/600
23:25:59 Train 65/65 - loss: 0.1387 - acc: 0.9688
Epoch 413/600
23:26:10 Train 65/65 - loss: 0.1340 - acc: 0.9708
Epoch 414/600
23:26:22 Train 65/65 - loss: 0.1304 - acc: 0.9721
Epoch 415/600
23:26:34 Train 65/65 - loss: 0.1339 - acc: 0.9714
23:26:35 Valid 7/7 - loss: 0.1965 - acc: 0.9466
Epoch 416/600
23:26:46 Train 65/65 - loss: 0.1292 - acc: 0.9710
Epoch 417/600
23:26:58 Train 65/65 - loss: 0.1305 - acc: 0.9713
Epoch 418/600
23:27:09 Train 65/65 - loss: 0.1297 - acc: 0.9715
Epoch 419/600
23:27:21 Train 65/65 - loss: 0.1284 - acc: 0.9716
Epoch 420/600
23:27:33 Train 65/65 - loss: 0.1304 - acc: 0.9715
23:27:34 Valid 7/7 - loss: 0.1947 - acc: 0.9443
Epoch 421/600
23:27:45 Train 65/65 - loss: 0.1277 - acc: 0.9722
Epoch 422/600
23:27:57 Train 65/65 - loss: 0.1238 - acc: 0.9737
Epoch 423/600
23:28:09 Train 65/65 - loss: 0.1261 - acc: 0.9727
Epoch 424/600
23:28:20 Train 65/65 - loss: 0.1215 - acc: 0.9735
Epoch 425/600
23:28:32 Train 65/65 - loss: 0.1198 - acc: 0.9737
23:28:33 Valid 7/7 - loss: 0.2159 - acc: 0.9400
Epoch 426/600
23:28:45 Train 65/65 - loss: 0.1189 - acc: 0.9743
Epoch 427/600
23:28:56 Train 65/65 - loss: 0.1232 - acc: 0.9730
Epoch 428/600
23:29:08 Train 65/65 - loss: 0.1220 - acc: 0.9740
Epoch 429/600
23:29:19 Train 65/65 - loss: 0.1216 - acc: 0.9733
Epoch 430/600
23:29:31 Train 65/65 - loss: 0.1184 - acc: 0.9745
23:29:32 Valid 7/7 - loss: 0.2164 - acc: 0.9392
Epoch 431/600
23:29:44 Train 65/65 - loss: 0.1159 - acc: 0.9749
Epoch 432/600
23:29:55 Train 65/65 - loss: 0.1192 - acc: 0.9742
Epoch 433/600
23:30:07 Train 65/65 - loss: 0.1137 - acc: 0.9751
Epoch 434/600
23:30:18 Train 65/65 - loss: 0.1127 - acc: 0.9765
Epoch 435/600
23:30:30 Train 65/65 - loss: 0.1158 - acc: 0.9754
23:30:31 Valid 7/7 - loss: 0.1997 - acc: 0.9473
Epoch 436/600
23:30:43 Train 65/65 - loss: 0.1154 - acc: 0.9753
Epoch 437/600
23:30:54 Train 65/65 - loss: 0.1091 - acc: 0.9763
Epoch 438/600
23:31:06 Train 65/65 - loss: 0.1108 - acc: 0.9767
Epoch 439/600
23:31:18 Train 65/65 - loss: 0.1126 - acc: 0.9754
Epoch 440/600
23:31:29 Train 65/65 - loss: 0.1124 - acc: 0.9755
23:31:30 Valid 7/7 - loss: 0.2124 - acc: 0.9411
Epoch 441/600
23:31:42 Train 65/65 - loss: 0.1078 - acc: 0.9764
Epoch 442/600
23:31:53 Train 65/65 - loss: 0.1064 - acc: 0.9775
Epoch 443/600
23:32:05 Train 65/65 - loss: 0.1070 - acc: 0.9773
Epoch 444/600
23:32:17 Train 65/65 - loss: 0.1075 - acc: 0.9766
Epoch 445/600
23:32:28 Train 65/65 - loss: 0.1024 - acc: 0.9785
23:32:29 Valid 7/7 - loss: 0.1696 - acc: 0.9535
Epoch 446/600
23:32:41 Train 65/65 - loss: 0.1051 - acc: 0.9776
Epoch 447/600
23:32:53 Train 65/65 - loss: 0.1051 - acc: 0.9771
Epoch 448/600
23:33:04 Train 65/65 - loss: 0.1019 - acc: 0.9785
Epoch 449/600
23:33:16 Train 65/65 - loss: 0.0979 - acc: 0.9791
Epoch 450/600
23:33:27 Train 65/65 - loss: 0.0986 - acc: 0.9795
23:33:29 Valid 7/7 - loss: 0.1691 - acc: 0.9543
Epoch 451/600
23:33:40 Train 65/65 - loss: 0.0959 - acc: 0.9793
Epoch 452/600
23:33:52 Train 65/65 - loss: 0.0988 - acc: 0.9789
Epoch 453/600
23:34:03 Train 65/65 - loss: 0.0969 - acc: 0.9793
Epoch 454/600
23:34:15 Train 65/65 - loss: 0.0978 - acc: 0.9797
Epoch 455/600
23:34:27 Train 65/65 - loss: 0.0968 - acc: 0.9793
23:34:28 Valid 7/7 - loss: 0.1788 - acc: 0.9478
Epoch 456/600
23:34:39 Train 65/65 - loss: 0.0994 - acc: 0.9787
Epoch 457/600
23:34:51 Train 65/65 - loss: 0.0890 - acc: 0.9815
Epoch 458/600
23:35:02 Train 65/65 - loss: 0.0908 - acc: 0.9809
Epoch 459/600
23:35:14 Train 65/65 - loss: 0.0881 - acc: 0.9815
Epoch 460/600
23:35:26 Train 65/65 - loss: 0.0866 - acc: 0.9815
23:35:27 Valid 7/7 - loss: 0.1600 - acc: 0.9570
Epoch 461/600
23:35:38 Train 65/65 - loss: 0.0903 - acc: 0.9809
Epoch 462/600
23:35:50 Train 65/65 - loss: 0.0896 - acc: 0.9815
Epoch 463/600
23:36:02 Train 65/65 - loss: 0.0922 - acc: 0.9803
Epoch 464/600
23:36:13 Train 65/65 - loss: 0.0929 - acc: 0.9803
Epoch 465/600
23:36:25 Train 65/65 - loss: 0.0883 - acc: 0.9815
23:36:26 Valid 7/7 - loss: 0.1694 - acc: 0.9539
Epoch 466/600
23:36:38 Train 65/65 - loss: 0.0869 - acc: 0.9819
Epoch 467/600
23:36:49 Train 65/65 - loss: 0.0809 - acc: 0.9835
Epoch 468/600
23:37:01 Train 65/65 - loss: 0.0845 - acc: 0.9828
Epoch 469/600
23:37:13 Train 65/65 - loss: 0.0821 - acc: 0.9830
Epoch 470/600
23:37:24 Train 65/65 - loss: 0.0822 - acc: 0.9833
23:37:25 Valid 7/7 - loss: 0.1501 - acc: 0.9562
Epoch 471/600
23:37:37 Train 65/65 - loss: 0.0829 - acc: 0.9826
Epoch 472/600
23:37:49 Train 65/65 - loss: 0.0784 - acc: 0.9839
Epoch 473/600
23:38:00 Train 65/65 - loss: 0.0811 - acc: 0.9829
Epoch 474/600
23:38:12 Train 65/65 - loss: 0.0793 - acc: 0.9837
Epoch 475/600
23:38:23 Train 65/65 - loss: 0.0767 - acc: 0.9843
23:38:24 Valid 7/7 - loss: 0.1595 - acc: 0.9560
Epoch 476/600
23:38:36 Train 65/65 - loss: 0.0764 - acc: 0.9838
Epoch 477/600
23:38:48 Train 65/65 - loss: 0.0773 - acc: 0.9838
Epoch 478/600
23:38:59 Train 65/65 - loss: 0.0702 - acc: 0.9861
Epoch 479/600
23:39:11 Train 65/65 - loss: 0.0726 - acc: 0.9850
Epoch 480/600
23:39:22 Train 65/65 - loss: 0.0715 - acc: 0.9856
23:39:24 Valid 7/7 - loss: 0.1527 - acc: 0.9572
Epoch 481/600
23:39:35 Train 65/65 - loss: 0.0727 - acc: 0.9851
Epoch 482/600
23:39:47 Train 65/65 - loss: 0.0717 - acc: 0.9852
Epoch 483/600
23:39:58 Train 65/65 - loss: 0.0712 - acc: 0.9859
Epoch 484/600
23:40:10 Train 65/65 - loss: 0.0647 - acc: 0.9875
Epoch 485/600
23:40:22 Train 65/65 - loss: 0.0674 - acc: 0.9865
23:40:23 Valid 7/7 - loss: 0.1496 - acc: 0.9598
Epoch 486/600
23:40:34 Train 65/65 - loss: 0.0687 - acc: 0.9865
Epoch 487/600
23:40:46 Train 65/65 - loss: 0.0680 - acc: 0.9864
Epoch 488/600
23:40:58 Train 65/65 - loss: 0.0681 - acc: 0.9862
Epoch 489/600
23:41:09 Train 65/65 - loss: 0.0675 - acc: 0.9863
Epoch 490/600
23:41:21 Train 65/65 - loss: 0.0637 - acc: 0.9871
23:41:22 Valid 7/7 - loss: 0.1612 - acc: 0.9553
Epoch 491/600
23:41:33 Train 65/65 - loss: 0.0644 - acc: 0.9870
Epoch 492/600
23:41:45 Train 65/65 - loss: 0.0618 - acc: 0.9877
Epoch 493/600
23:41:57 Train 65/65 - loss: 0.0623 - acc: 0.9872
Epoch 494/600
23:42:08 Train 65/65 - loss: 0.0622 - acc: 0.9878
Epoch 495/600
23:42:20 Train 65/65 - loss: 0.0588 - acc: 0.9885
23:42:21 Valid 7/7 - loss: 0.1359 - acc: 0.9628
Epoch 496/600
23:42:33 Train 65/65 - loss: 0.0590 - acc: 0.9883
Epoch 497/600
23:42:44 Train 65/65 - loss: 0.0581 - acc: 0.9882
Epoch 498/600
23:42:56 Train 65/65 - loss: 0.0586 - acc: 0.9878
Epoch 499/600
23:43:07 Train 65/65 - loss: 0.0547 - acc: 0.9894
Epoch 500/600
23:43:19 Train 65/65 - loss: 0.0563 - acc: 0.9895
23:43:20 Valid 7/7 - loss: 0.1557 - acc: 0.9590
Epoch 501/600
23:43:32 Train 65/65 - loss: 0.0550 - acc: 0.9891
Epoch 502/600
23:43:43 Train 65/65 - loss: 0.0532 - acc: 0.9900
Epoch 503/600
23:43:55 Train 65/65 - loss: 0.0509 - acc: 0.9905
Epoch 504/600
23:44:07 Train 65/65 - loss: 0.0541 - acc: 0.9894
Epoch 505/600
23:44:18 Train 65/65 - loss: 0.0510 - acc: 0.9900
23:44:19 Valid 7/7 - loss: 0.1326 - acc: 0.9645
Epoch 506/600
23:44:31 Train 65/65 - loss: 0.0494 - acc: 0.9907
Epoch 507/600
23:44:42 Train 65/65 - loss: 0.0493 - acc: 0.9902
Epoch 508/600
23:44:54 Train 65/65 - loss: 0.0493 - acc: 0.9903
Epoch 509/600
23:45:06 Train 65/65 - loss: 0.0477 - acc: 0.9906
Epoch 510/600
23:45:17 Train 65/65 - loss: 0.0474 - acc: 0.9911
23:45:18 Valid 7/7 - loss: 0.1476 - acc: 0.9587
Epoch 511/600
23:45:30 Train 65/65 - loss: 0.0465 - acc: 0.9913
Epoch 512/600
23:45:42 Train 65/65 - loss: 0.0472 - acc: 0.9912
Epoch 513/600
23:45:53 Train 65/65 - loss: 0.0427 - acc: 0.9924
Epoch 514/600
23:46:05 Train 65/65 - loss: 0.0430 - acc: 0.9920
Epoch 515/600
23:46:16 Train 65/65 - loss: 0.0419 - acc: 0.9923
23:46:18 Valid 7/7 - loss: 0.1393 - acc: 0.9633
Epoch 516/600
23:46:29 Train 65/65 - loss: 0.0431 - acc: 0.9919
Epoch 517/600
23:46:41 Train 65/65 - loss: 0.0415 - acc: 0.9923
Epoch 518/600
23:46:52 Train 65/65 - loss: 0.0424 - acc: 0.9920
Epoch 519/600
23:47:04 Train 65/65 - loss: 0.0422 - acc: 0.9917
Epoch 520/600
23:47:16 Train 65/65 - loss: 0.0383 - acc: 0.9929
23:47:17 Valid 7/7 - loss: 0.1276 - acc: 0.9662
Epoch 521/600
23:47:28 Train 65/65 - loss: 0.0406 - acc: 0.9924
Epoch 522/600
23:47:40 Train 65/65 - loss: 0.0369 - acc: 0.9932
Epoch 523/600
23:47:51 Train 65/65 - loss: 0.0393 - acc: 0.9927
Epoch 524/600
23:48:03 Train 65/65 - loss: 0.0357 - acc: 0.9935
Epoch 525/600
23:48:15 Train 65/65 - loss: 0.0371 - acc: 0.9931
23:48:16 Valid 7/7 - loss: 0.1301 - acc: 0.9675
Epoch 526/600
23:48:27 Train 65/65 - loss: 0.0356 - acc: 0.9934
Epoch 527/600
23:48:39 Train 65/65 - loss: 0.0368 - acc: 0.9932
Epoch 528/600
23:48:51 Train 65/65 - loss: 0.0327 - acc: 0.9947
Epoch 529/600
23:49:02 Train 65/65 - loss: 0.0345 - acc: 0.9937
Epoch 530/600
23:49:14 Train 65/65 - loss: 0.0335 - acc: 0.9941
23:49:15 Valid 7/7 - loss: 0.1310 - acc: 0.9652
Epoch 531/600
23:49:26 Train 65/65 - loss: 0.0329 - acc: 0.9941
Epoch 532/600
23:49:38 Train 65/65 - loss: 0.0310 - acc: 0.9952
Epoch 533/600
23:49:50 Train 65/65 - loss: 0.0326 - acc: 0.9942
Epoch 534/600
23:50:01 Train 65/65 - loss: 0.0323 - acc: 0.9945
Epoch 535/600
23:50:13 Train 65/65 - loss: 0.0293 - acc: 0.9949
23:50:14 Valid 7/7 - loss: 0.1288 - acc: 0.9658
Epoch 536/600
23:50:26 Train 65/65 - loss: 0.0295 - acc: 0.9950
Epoch 537/600
23:50:37 Train 65/65 - loss: 0.0288 - acc: 0.9953
Epoch 538/600
23:50:49 Train 65/65 - loss: 0.0287 - acc: 0.9950
Epoch 539/600
23:51:00 Train 65/65 - loss: 0.0296 - acc: 0.9949
Epoch 540/600
23:51:12 Train 65/65 - loss: 0.0284 - acc: 0.9952
23:51:13 Valid 7/7 - loss: 0.1332 - acc: 0.9670
Epoch 541/600
23:51:25 Train 65/65 - loss: 0.0311 - acc: 0.9945
Epoch 542/600
23:51:36 Train 65/65 - loss: 0.0275 - acc: 0.9954
Epoch 543/600
23:51:48 Train 65/65 - loss: 0.0258 - acc: 0.9957
Epoch 544/600
23:51:59 Train 65/65 - loss: 0.0255 - acc: 0.9959
Epoch 545/600
23:52:11 Train 65/65 - loss: 0.0281 - acc: 0.9952
23:52:12 Valid 7/7 - loss: 0.1256 - acc: 0.9681
Epoch 546/600
23:52:24 Train 65/65 - loss: 0.0252 - acc: 0.9961
Epoch 547/600
23:52:35 Train 65/65 - loss: 0.0257 - acc: 0.9955
Epoch 548/600
23:52:47 Train 65/65 - loss: 0.0238 - acc: 0.9961
Epoch 549/600
23:52:59 Train 65/65 - loss: 0.0243 - acc: 0.9964
Epoch 550/600
23:53:10 Train 65/65 - loss: 0.0243 - acc: 0.9959
23:53:11 Valid 7/7 - loss: 0.1231 - acc: 0.9695
Epoch 551/600
23:53:23 Train 65/65 - loss: 0.0248 - acc: 0.9961
Epoch 552/600
23:53:34 Train 65/65 - loss: 0.0229 - acc: 0.9965
Epoch 553/600
23:53:46 Train 65/65 - loss: 0.0227 - acc: 0.9964
Epoch 554/600
23:53:58 Train 65/65 - loss: 0.0250 - acc: 0.9960
Epoch 555/600
23:54:09 Train 65/65 - loss: 0.0228 - acc: 0.9963
23:54:10 Valid 7/7 - loss: 0.1175 - acc: 0.9703
Epoch 556/600
23:54:22 Train 65/65 - loss: 0.0226 - acc: 0.9962
Epoch 557/600
23:54:34 Train 65/65 - loss: 0.0218 - acc: 0.9966
Epoch 558/600
23:54:45 Train 65/65 - loss: 0.0224 - acc: 0.9964
Epoch 559/600
23:54:57 Train 65/65 - loss: 0.0212 - acc: 0.9967
Epoch 560/600
23:55:08 Train 65/65 - loss: 0.0214 - acc: 0.9964
23:55:09 Valid 7/7 - loss: 0.1164 - acc: 0.9710
Epoch 561/600
23:55:21 Train 65/65 - loss: 0.0205 - acc: 0.9970
Epoch 562/600
23:55:33 Train 65/65 - loss: 0.0212 - acc: 0.9969
Epoch 563/600
23:55:44 Train 65/65 - loss: 0.0199 - acc: 0.9971
Epoch 564/600
23:55:56 Train 65/65 - loss: 0.0219 - acc: 0.9966
Epoch 565/600
23:56:07 Train 65/65 - loss: 0.0201 - acc: 0.9969
23:56:09 Valid 7/7 - loss: 0.1191 - acc: 0.9693
Epoch 566/600
23:56:20 Train 65/65 - loss: 0.0210 - acc: 0.9968
Epoch 567/600
23:56:32 Train 65/65 - loss: 0.0189 - acc: 0.9974
Epoch 568/600
23:56:43 Train 65/65 - loss: 0.0216 - acc: 0.9967
Epoch 569/600
23:56:55 Train 65/65 - loss: 0.0197 - acc: 0.9969
Epoch 570/600
23:57:07 Train 65/65 - loss: 0.0197 - acc: 0.9973
23:57:08 Valid 7/7 - loss: 0.1168 - acc: 0.9709
Epoch 571/600
23:57:19 Train 65/65 - loss: 0.0197 - acc: 0.9974
Epoch 572/600
23:57:31 Train 65/65 - loss: 0.0182 - acc: 0.9974
Epoch 573/600
23:57:42 Train 65/65 - loss: 0.0187 - acc: 0.9974
Epoch 574/600
23:57:54 Train 65/65 - loss: 0.0193 - acc: 0.9971
Epoch 575/600
23:58:06 Train 65/65 - loss: 0.0174 - acc: 0.9975
23:58:07 Valid 7/7 - loss: 0.1184 - acc: 0.9698
Epoch 576/600
23:58:18 Train 65/65 - loss: 0.0189 - acc: 0.9973
Epoch 577/600
23:58:30 Train 65/65 - loss: 0.0178 - acc: 0.9976
Epoch 578/600
23:58:42 Train 65/65 - loss: 0.0178 - acc: 0.9977
Epoch 579/600
23:58:53 Train 65/65 - loss: 0.0185 - acc: 0.9973
Epoch 580/600
23:59:05 Train 65/65 - loss: 0.0168 - acc: 0.9977
23:59:06 Valid 7/7 - loss: 0.1174 - acc: 0.9712
Epoch 581/600
23:59:17 Train 65/65 - loss: 0.0180 - acc: 0.9974
Epoch 582/600
23:59:29 Train 65/65 - loss: 0.0167 - acc: 0.9978
Epoch 583/600
23:59:41 Train 65/65 - loss: 0.0178 - acc: 0.9973
Epoch 584/600
23:59:52 Train 65/65 - loss: 0.0178 - acc: 0.9976
Epoch 585/600
00:00:04 Train 65/65 - loss: 0.0167 - acc: 0.9976
00:00:05 Valid 7/7 - loss: 0.1171 - acc: 0.9706
Epoch 586/600
00:00:17 Train 65/65 - loss: 0.0162 - acc: 0.9976
Epoch 587/600
00:00:28 Train 65/65 - loss: 0.0173 - acc: 0.9976
Epoch 588/600
00:00:40 Train 65/65 - loss: 0.0162 - acc: 0.9979
Epoch 589/600
00:00:51 Train 65/65 - loss: 0.0169 - acc: 0.9978
Epoch 590/600
00:01:03 Train 65/65 - loss: 0.0169 - acc: 0.9977
00:01:04 Valid 7/7 - loss: 0.1173 - acc: 0.9713
Epoch 591/600
00:01:16 Train 65/65 - loss: 0.0172 - acc: 0.9976
Epoch 592/600
00:01:27 Train 65/65 - loss: 0.0167 - acc: 0.9975
Epoch 593/600
00:01:39 Train 65/65 - loss: 0.0161 - acc: 0.9979
Epoch 594/600
00:01:51 Train 65/65 - loss: 0.0165 - acc: 0.9978
Epoch 595/600
00:02:02 Train 65/65 - loss: 0.0169 - acc: 0.9976
00:02:03 Valid 7/7 - loss: 0.1154 - acc: 0.9721
Epoch 596/600
00:02:15 Train 65/65 - loss: 0.0182 - acc: 0.9975
Epoch 597/600
00:02:26 Train 65/65 - loss: 0.0177 - acc: 0.9975
Epoch 598/600
00:02:38 Train 65/65 - loss: 0.0172 - acc: 0.9976
Epoch 599/600
00:02:50 Train 65/65 - loss: 0.0159 - acc: 0.9977
Epoch 600/600
00:03:01 Train 65/65 - loss: 0.0173 - acc: 0.9975
00:03:02 Valid 7/7 - loss: 0.1163 - acc: 0.9721