Epoch 1/600
11:15:57 Train 48/48 - loss: 2.1290 - acc: 0.2019
Epoch 2/600
11:16:01 Train 48/48 - loss: 1.7342 - acc: 0.3270
Epoch 3/600
11:16:05 Train 48/48 - loss: 1.5251 - acc: 0.4276
Epoch 4/600
11:16:10 Train 48/48 - loss: 1.3179 - acc: 0.5162
Epoch 5/600
11:16:14 Train 48/48 - loss: 1.1602 - acc: 0.5811
WARNING:tensorflow:From /usr/local/lib/python3.6/dist-packages/tensorflow/python/data/ops/multi_device_iterator_ops.py:601: get_next_as_optional (from tensorflow.python.data.ops.iterator_ops) is deprecated and will be removed in a future version.
Instructions for updating:
Use `tf.data.Iterator.get_next_as_optional()` instead.
WARNING:tensorflow:From /usr/local/lib/python3.6/dist-packages/tensorflow/python/data/ops/multi_device_iterator_ops.py:601: get_next_as_optional (from tensorflow.python.data.ops.iterator_ops) is deprecated and will be removed in a future version.
Instructions for updating:
Use `tf.data.Iterator.get_next_as_optional()` instead.
11:16:38 Valid 5/5 - loss: 1.2168 - acc: 0.5628
Epoch 6/600
11:16:43 Train 48/48 - loss: 1.0467 - acc: 0.6252
Epoch 7/600
11:16:47 Train 48/48 - loss: 0.9629 - acc: 0.6568
Epoch 8/600
11:16:51 Train 48/48 - loss: 0.8856 - acc: 0.6895
Epoch 9/600
11:16:56 Train 48/48 - loss: 0.8151 - acc: 0.7139
Epoch 10/600
11:17:00 Train 48/48 - loss: 0.7778 - acc: 0.7298
11:17:00 Valid 5/5 - loss: 0.9189 - acc: 0.6956
Epoch 11/600
11:17:04 Train 48/48 - loss: 0.7281 - acc: 0.7472
Epoch 12/600
11:17:09 Train 48/48 - loss: 0.6906 - acc: 0.7608
Epoch 13/600
11:17:13 Train 48/48 - loss: 0.6625 - acc: 0.7715
Epoch 14/600
11:17:17 Train 48/48 - loss: 0.6329 - acc: 0.7802
Epoch 15/600
11:17:22 Train 48/48 - loss: 0.6020 - acc: 0.7918
11:17:22 Valid 5/5 - loss: 0.7516 - acc: 0.7364
Epoch 16/600
11:17:26 Train 48/48 - loss: 0.5899 - acc: 0.7957
Epoch 17/600
11:17:31 Train 48/48 - loss: 0.5722 - acc: 0.8025
Epoch 18/600
11:17:35 Train 48/48 - loss: 0.5541 - acc: 0.8106
Epoch 19/600
11:17:39 Train 48/48 - loss: 0.5422 - acc: 0.8143
Epoch 20/600
11:17:44 Train 48/48 - loss: 0.5278 - acc: 0.8177
11:17:44 Valid 5/5 - loss: 0.5587 - acc: 0.8083
Epoch 21/600
11:17:48 Train 48/48 - loss: 0.5129 - acc: 0.8233
Epoch 22/600
11:17:53 Train 48/48 - loss: 0.5131 - acc: 0.8234
Epoch 23/600
11:17:57 Train 48/48 - loss: 0.4990 - acc: 0.8271
Epoch 24/600
11:18:01 Train 48/48 - loss: 0.4922 - acc: 0.8306
Epoch 25/600
11:18:06 Train 48/48 - loss: 0.4878 - acc: 0.8316
11:18:06 Valid 5/5 - loss: 0.6021 - acc: 0.8034
Epoch 26/600
11:18:10 Train 48/48 - loss: 0.4803 - acc: 0.8362
Epoch 27/600
11:18:15 Train 48/48 - loss: 0.4786 - acc: 0.8356
Epoch 28/600
11:18:19 Train 48/48 - loss: 0.4744 - acc: 0.8389
Epoch 29/600
11:18:23 Train 48/48 - loss: 0.4609 - acc: 0.8420
Epoch 30/600
11:18:28 Train 48/48 - loss: 0.4602 - acc: 0.8413
11:18:28 Valid 5/5 - loss: 0.4246 - acc: 0.8537
Epoch 31/600
11:18:32 Train 48/48 - loss: 0.4539 - acc: 0.8441
Epoch 32/600
11:18:37 Train 48/48 - loss: 0.4490 - acc: 0.8475
Epoch 33/600
11:18:41 Train 48/48 - loss: 0.4412 - acc: 0.8500
Epoch 34/600
11:18:45 Train 48/48 - loss: 0.4418 - acc: 0.8490
Epoch 35/600
11:18:50 Train 48/48 - loss: 0.4293 - acc: 0.8520
11:18:50 Valid 5/5 - loss: 0.4186 - acc: 0.8598
Epoch 36/600
11:18:54 Train 48/48 - loss: 0.4308 - acc: 0.8536
Epoch 37/600
11:18:59 Train 48/48 - loss: 0.4158 - acc: 0.8565
Epoch 38/600
11:19:03 Train 48/48 - loss: 0.4227 - acc: 0.8536
Epoch 39/600
11:19:07 Train 48/48 - loss: 0.4224 - acc: 0.8537
Epoch 40/600
11:19:12 Train 48/48 - loss: 0.4144 - acc: 0.8581
11:19:12 Valid 5/5 - loss: 0.3856 - acc: 0.8715
Epoch 41/600
11:19:16 Train 48/48 - loss: 0.4160 - acc: 0.8573
Epoch 42/600
11:19:21 Train 48/48 - loss: 0.4090 - acc: 0.8584
Epoch 43/600
11:19:25 Train 48/48 - loss: 0.4093 - acc: 0.8600
Epoch 44/600
11:19:29 Train 48/48 - loss: 0.4019 - acc: 0.8618
Epoch 45/600
11:19:34 Train 48/48 - loss: 0.4041 - acc: 0.8602
11:19:34 Valid 5/5 - loss: 0.5465 - acc: 0.8248
Epoch 46/600
11:19:38 Train 48/48 - loss: 0.3948 - acc: 0.8641
Epoch 47/600
11:19:43 Train 48/48 - loss: 0.4005 - acc: 0.8621
Epoch 48/600
11:19:47 Train 48/48 - loss: 0.3851 - acc: 0.8671
Epoch 49/600
11:19:51 Train 48/48 - loss: 0.3961 - acc: 0.8643
Epoch 50/600
11:19:56 Train 48/48 - loss: 0.3914 - acc: 0.8657
11:19:56 Valid 5/5 - loss: 0.4240 - acc: 0.8626
Epoch 51/600
11:20:00 Train 48/48 - loss: 0.3883 - acc: 0.8681
Epoch 52/600
11:20:05 Train 48/48 - loss: 0.3871 - acc: 0.8674
Epoch 53/600
11:20:09 Train 48/48 - loss: 0.3803 - acc: 0.8702
Epoch 54/600
11:20:13 Train 48/48 - loss: 0.3808 - acc: 0.8683
Epoch 55/600
11:20:17 Train 48/48 - loss: 0.3827 - acc: 0.8692
11:20:18 Valid 5/5 - loss: 0.3700 - acc: 0.8750
Epoch 56/600
11:20:22 Train 48/48 - loss: 0.3810 - acc: 0.8683
Epoch 57/600
11:20:26 Train 48/48 - loss: 0.3748 - acc: 0.8707
Epoch 58/600
11:20:31 Train 48/48 - loss: 0.3754 - acc: 0.8715
Epoch 59/600
11:20:35 Train 48/48 - loss: 0.3754 - acc: 0.8698
Epoch 60/600
11:20:39 Train 48/48 - loss: 0.3743 - acc: 0.8733
11:20:40 Valid 5/5 - loss: 0.4194 - acc: 0.8651
Epoch 61/600
11:20:44 Train 48/48 - loss: 0.3754 - acc: 0.8702
Epoch 62/600
11:20:48 Train 48/48 - loss: 0.3757 - acc: 0.8704
Epoch 63/600
11:20:53 Train 48/48 - loss: 0.3690 - acc: 0.8732
Epoch 64/600
11:20:57 Train 48/48 - loss: 0.3696 - acc: 0.8747
Epoch 65/600
11:21:01 Train 48/48 - loss: 0.3673 - acc: 0.8745
11:21:02 Valid 5/5 - loss: 0.4317 - acc: 0.8571
Epoch 66/600
11:21:06 Train 48/48 - loss: 0.3666 - acc: 0.8746
Epoch 67/600
11:21:10 Train 48/48 - loss: 0.3632 - acc: 0.8744
Epoch 68/600
11:21:15 Train 48/48 - loss: 0.3670 - acc: 0.8743
Epoch 69/600
11:21:19 Train 48/48 - loss: 0.3623 - acc: 0.8766
Epoch 70/600
11:21:23 Train 48/48 - loss: 0.3576 - acc: 0.8760
11:21:24 Valid 5/5 - loss: 0.4889 - acc: 0.8436
Epoch 71/600
11:21:28 Train 48/48 - loss: 0.3623 - acc: 0.8736
Epoch 72/600
11:21:32 Train 48/48 - loss: 0.3674 - acc: 0.8734
Epoch 73/600
11:21:36 Train 48/48 - loss: 0.3560 - acc: 0.8778
Epoch 74/600
11:21:41 Train 48/48 - loss: 0.3618 - acc: 0.8752
Epoch 75/600
11:21:45 Train 48/48 - loss: 0.3603 - acc: 0.8760
11:21:45 Valid 5/5 - loss: 0.3837 - acc: 0.8680
Epoch 76/600
11:21:50 Train 48/48 - loss: 0.3573 - acc: 0.8789
Epoch 77/600
11:21:54 Train 48/48 - loss: 0.3571 - acc: 0.8782
Epoch 78/600
11:21:58 Train 48/48 - loss: 0.3540 - acc: 0.8791
Epoch 79/600
11:22:03 Train 48/48 - loss: 0.3507 - acc: 0.8790
Epoch 80/600
11:22:07 Train 48/48 - loss: 0.3581 - acc: 0.8770
11:22:07 Valid 5/5 - loss: 0.4749 - acc: 0.8440
Epoch 81/600
11:22:12 Train 48/48 - loss: 0.3488 - acc: 0.8815
Epoch 82/600
11:22:16 Train 48/48 - loss: 0.3506 - acc: 0.8787
Epoch 83/600
11:22:20 Train 48/48 - loss: 0.3449 - acc: 0.8819
Epoch 84/600
11:22:25 Train 48/48 - loss: 0.3523 - acc: 0.8794
Epoch 85/600
11:22:29 Train 48/48 - loss: 0.3453 - acc: 0.8801
11:22:29 Valid 5/5 - loss: 0.4118 - acc: 0.8571
Epoch 86/600
11:22:34 Train 48/48 - loss: 0.3481 - acc: 0.8801
Epoch 87/600
11:22:38 Train 48/48 - loss: 0.3438 - acc: 0.8827
Epoch 88/600
11:22:42 Train 48/48 - loss: 0.3486 - acc: 0.8792
Epoch 89/600
11:22:47 Train 48/48 - loss: 0.3471 - acc: 0.8809
Epoch 90/600
11:22:51 Train 48/48 - loss: 0.3436 - acc: 0.8812
11:22:51 Valid 5/5 - loss: 0.3276 - acc: 0.8947
Epoch 91/600
11:22:56 Train 48/48 - loss: 0.3405 - acc: 0.8833
Epoch 92/600
11:23:00 Train 48/48 - loss: 0.3441 - acc: 0.8833
Epoch 93/600
11:23:04 Train 48/48 - loss: 0.3479 - acc: 0.8816
Epoch 94/600
11:23:09 Train 48/48 - loss: 0.3455 - acc: 0.8821
Epoch 95/600
11:23:13 Train 48/48 - loss: 0.3422 - acc: 0.8820
11:23:13 Valid 5/5 - loss: 0.3594 - acc: 0.8814
Epoch 96/600
11:23:18 Train 48/48 - loss: 0.3387 - acc: 0.8824
Epoch 97/600
11:23:22 Train 48/48 - loss: 0.3426 - acc: 0.8826
Epoch 98/600
11:23:26 Train 48/48 - loss: 0.3409 - acc: 0.8825
Epoch 99/600
11:23:31 Train 48/48 - loss: 0.3420 - acc: 0.8832
Epoch 100/600
11:23:35 Train 48/48 - loss: 0.3409 - acc: 0.8804
11:23:35 Valid 5/5 - loss: 0.5387 - acc: 0.8306
Epoch 101/600
11:23:40 Train 48/48 - loss: 0.3368 - acc: 0.8863
Epoch 102/600
11:23:44 Train 48/48 - loss: 0.3360 - acc: 0.8853
Epoch 103/600
11:23:48 Train 48/48 - loss: 0.3418 - acc: 0.8823
Epoch 104/600
11:23:53 Train 48/48 - loss: 0.3302 - acc: 0.8877
Epoch 105/600
11:23:57 Train 48/48 - loss: 0.3427 - acc: 0.8812
11:23:57 Valid 5/5 - loss: 0.3950 - acc: 0.8700
Epoch 106/600
11:24:01 Train 48/48 - loss: 0.3324 - acc: 0.8854
Epoch 107/600
11:24:06 Train 48/48 - loss: 0.3322 - acc: 0.8862
Epoch 108/600
11:24:10 Train 48/48 - loss: 0.3354 - acc: 0.8838
Epoch 109/600
11:24:14 Train 48/48 - loss: 0.3322 - acc: 0.8851
Epoch 110/600
11:24:19 Train 48/48 - loss: 0.3315 - acc: 0.8873
11:24:19 Valid 5/5 - loss: 0.3518 - acc: 0.8819
Epoch 111/600
11:24:23 Train 48/48 - loss: 0.3317 - acc: 0.8857
Epoch 112/600
11:24:28 Train 48/48 - loss: 0.3313 - acc: 0.8857
Epoch 113/600
11:24:32 Train 48/48 - loss: 0.3310 - acc: 0.8864
Epoch 114/600
11:24:36 Train 48/48 - loss: 0.3264 - acc: 0.8879
Epoch 115/600
11:24:41 Train 48/48 - loss: 0.3389 - acc: 0.8846
11:24:41 Valid 5/5 - loss: 0.3870 - acc: 0.8740
Epoch 116/600
11:24:45 Train 48/48 - loss: 0.3322 - acc: 0.8852
Epoch 117/600
11:24:50 Train 48/48 - loss: 0.3359 - acc: 0.8845
Epoch 118/600
11:24:54 Train 48/48 - loss: 0.3301 - acc: 0.8885
Epoch 119/600
11:24:58 Train 48/48 - loss: 0.3291 - acc: 0.8875
Epoch 120/600
11:25:03 Train 48/48 - loss: 0.3276 - acc: 0.8865
11:25:03 Valid 5/5 - loss: 0.3193 - acc: 0.8942
Epoch 121/600
11:25:07 Train 48/48 - loss: 0.3280 - acc: 0.8873
Epoch 122/600
11:25:12 Train 48/48 - loss: 0.3238 - acc: 0.8884
Epoch 123/600
11:25:16 Train 48/48 - loss: 0.3353 - acc: 0.8856
Epoch 124/600
11:25:20 Train 48/48 - loss: 0.3204 - acc: 0.8913
Epoch 125/600
11:25:25 Train 48/48 - loss: 0.3296 - acc: 0.8857
11:25:25 Valid 5/5 - loss: 0.3346 - acc: 0.8891
Epoch 126/600
11:25:29 Train 48/48 - loss: 0.3213 - acc: 0.8905
Epoch 127/600
11:25:34 Train 48/48 - loss: 0.3337 - acc: 0.8846
Epoch 128/600
11:25:38 Train 48/48 - loss: 0.3238 - acc: 0.8895
Epoch 129/600
11:25:42 Train 48/48 - loss: 0.3251 - acc: 0.8885
Epoch 130/600
11:25:47 Train 48/48 - loss: 0.3214 - acc: 0.8898
11:25:47 Valid 5/5 - loss: 0.4490 - acc: 0.8528
Epoch 131/600
11:25:51 Train 48/48 - loss: 0.3223 - acc: 0.8901
Epoch 132/600
11:25:55 Train 48/48 - loss: 0.3233 - acc: 0.8881
Epoch 133/600
11:26:00 Train 48/48 - loss: 0.3282 - acc: 0.8865
Epoch 134/600
11:26:04 Train 48/48 - loss: 0.3206 - acc: 0.8909
Epoch 135/600
11:26:08 Train 48/48 - loss: 0.3207 - acc: 0.8894
11:26:09 Valid 5/5 - loss: 0.4127 - acc: 0.8642
Epoch 136/600
11:26:13 Train 48/48 - loss: 0.3191 - acc: 0.8898
Epoch 137/600
11:26:17 Train 48/48 - loss: 0.3192 - acc: 0.8919
Epoch 138/600
11:26:22 Train 48/48 - loss: 0.3222 - acc: 0.8893
Epoch 139/600
11:26:26 Train 48/48 - loss: 0.3178 - acc: 0.8914
Epoch 140/600
11:26:30 Train 48/48 - loss: 0.3163 - acc: 0.8910
11:26:31 Valid 5/5 - loss: 0.3847 - acc: 0.8711
Epoch 141/600
11:26:35 Train 48/48 - loss: 0.3156 - acc: 0.8918
Epoch 142/600
11:26:39 Train 48/48 - loss: 0.3129 - acc: 0.8932
Epoch 143/600
11:26:44 Train 48/48 - loss: 0.3188 - acc: 0.8902
Epoch 144/600
11:26:48 Train 48/48 - loss: 0.3119 - acc: 0.8930
Epoch 145/600
11:26:52 Train 48/48 - loss: 0.3193 - acc: 0.8901
11:26:53 Valid 5/5 - loss: 0.4008 - acc: 0.8706
Epoch 146/600
11:26:57 Train 48/48 - loss: 0.3097 - acc: 0.8934
Epoch 147/600
11:27:01 Train 48/48 - loss: 0.3161 - acc: 0.8919
Epoch 148/600
11:27:05 Train 48/48 - loss: 0.3116 - acc: 0.8933
Epoch 149/600
11:27:10 Train 48/48 - loss: 0.3192 - acc: 0.8907
Epoch 150/600
11:27:14 Train 48/48 - loss: 0.3161 - acc: 0.8905
11:27:14 Valid 5/5 - loss: 0.3488 - acc: 0.8875
Epoch 151/600
11:27:19 Train 48/48 - loss: 0.3120 - acc: 0.8935
Epoch 152/600
11:27:23 Train 48/48 - loss: 0.3165 - acc: 0.8923
Epoch 153/600
11:27:27 Train 48/48 - loss: 0.3120 - acc: 0.8932
Epoch 154/600
11:27:32 Train 48/48 - loss: 0.3145 - acc: 0.8924
Epoch 155/600
11:27:36 Train 48/48 - loss: 0.3182 - acc: 0.8907
11:27:36 Valid 5/5 - loss: 0.3786 - acc: 0.8766
Epoch 156/600
11:27:40 Train 48/48 - loss: 0.3117 - acc: 0.8933
Epoch 157/600
11:27:45 Train 48/48 - loss: 0.3114 - acc: 0.8939
Epoch 158/600
11:27:49 Train 48/48 - loss: 0.3085 - acc: 0.8939
Epoch 159/600
11:27:53 Train 48/48 - loss: 0.3057 - acc: 0.8963
Epoch 160/600
11:27:58 Train 48/48 - loss: 0.3183 - acc: 0.8901
11:27:58 Valid 5/5 - loss: 0.3647 - acc: 0.8764
Epoch 161/600
11:28:02 Train 48/48 - loss: 0.3069 - acc: 0.8943
Epoch 162/600
11:28:07 Train 48/48 - loss: 0.3101 - acc: 0.8931
Epoch 163/600
11:28:11 Train 48/48 - loss: 0.3072 - acc: 0.8946
Epoch 164/600
11:28:15 Train 48/48 - loss: 0.3092 - acc: 0.8946
Epoch 165/600
11:28:20 Train 48/48 - loss: 0.3033 - acc: 0.8960
11:28:20 Valid 5/5 - loss: 0.3358 - acc: 0.8907
Epoch 166/600
11:28:25 Train 48/48 - loss: 0.3082 - acc: 0.8936
Epoch 167/600
11:28:29 Train 48/48 - loss: 0.3043 - acc: 0.8958
Epoch 168/600
11:28:33 Train 48/48 - loss: 0.3095 - acc: 0.8933
Epoch 169/600
11:28:37 Train 48/48 - loss: 0.3044 - acc: 0.8958
Epoch 170/600
11:28:42 Train 48/48 - loss: 0.3015 - acc: 0.8977
11:28:42 Valid 5/5 - loss: 0.2861 - acc: 0.9064
Epoch 171/600
11:28:46 Train 48/48 - loss: 0.3065 - acc: 0.8955
Epoch 172/600
11:28:51 Train 48/48 - loss: 0.3062 - acc: 0.8952
Epoch 173/600
11:28:55 Train 48/48 - loss: 0.3077 - acc: 0.8933
Epoch 174/600
11:28:59 Train 48/48 - loss: 0.3030 - acc: 0.8973
Epoch 175/600
11:29:04 Train 48/48 - loss: 0.2932 - acc: 0.8991
11:29:04 Valid 5/5 - loss: 0.4101 - acc: 0.8664
Epoch 176/600
11:29:08 Train 48/48 - loss: 0.2967 - acc: 0.8982
Epoch 177/600
11:29:13 Train 48/48 - loss: 0.3015 - acc: 0.8970
Epoch 178/600
11:29:17 Train 48/48 - loss: 0.3003 - acc: 0.8966
Epoch 179/600
11:29:21 Train 48/48 - loss: 0.2985 - acc: 0.8992
Epoch 180/600
11:29:26 Train 48/48 - loss: 0.3043 - acc: 0.8960
11:29:26 Valid 5/5 - loss: 0.3745 - acc: 0.8788
Epoch 181/600
11:29:30 Train 48/48 - loss: 0.2968 - acc: 0.8973
Epoch 182/600
11:29:35 Train 48/48 - loss: 0.2919 - acc: 0.9004
Epoch 183/600
11:29:39 Train 48/48 - loss: 0.3039 - acc: 0.8945
Epoch 184/600
11:29:43 Train 48/48 - loss: 0.2993 - acc: 0.8973
Epoch 185/600
11:29:48 Train 48/48 - loss: 0.2901 - acc: 0.9012
11:29:48 Valid 5/5 - loss: 0.2957 - acc: 0.9038
Epoch 186/600
11:29:52 Train 48/48 - loss: 0.3033 - acc: 0.8960
Epoch 187/600
11:29:57 Train 48/48 - loss: 0.2980 - acc: 0.8986
Epoch 188/600
11:30:01 Train 48/48 - loss: 0.3038 - acc: 0.8947
Epoch 189/600
11:30:05 Train 48/48 - loss: 0.2872 - acc: 0.9019
Epoch 190/600
11:30:10 Train 48/48 - loss: 0.2963 - acc: 0.8984
11:30:10 Valid 5/5 - loss: 0.2718 - acc: 0.9078
Epoch 191/600
11:30:14 Train 48/48 - loss: 0.2916 - acc: 0.8993
Epoch 192/600
11:30:19 Train 48/48 - loss: 0.2928 - acc: 0.9014
Epoch 193/600
11:30:23 Train 48/48 - loss: 0.2931 - acc: 0.8982
Epoch 194/600
11:30:27 Train 48/48 - loss: 0.2840 - acc: 0.9031
Epoch 195/600
11:30:32 Train 48/48 - loss: 0.2879 - acc: 0.9033
11:30:32 Valid 5/5 - loss: 0.4275 - acc: 0.8635
Epoch 196/600
11:30:36 Train 48/48 - loss: 0.2914 - acc: 0.9008
Epoch 197/600
11:30:41 Train 48/48 - loss: 0.2914 - acc: 0.9018
Epoch 198/600
11:30:45 Train 48/48 - loss: 0.2845 - acc: 0.9020
Epoch 199/600
11:30:49 Train 48/48 - loss: 0.2898 - acc: 0.9003
Epoch 200/600
11:30:54 Train 48/48 - loss: 0.2893 - acc: 0.9008
11:30:54 Valid 5/5 - loss: 0.2921 - acc: 0.9031
Epoch 201/600
11:30:58 Train 48/48 - loss: 0.2892 - acc: 0.9006
Epoch 202/600
11:31:03 Train 48/48 - loss: 0.2944 - acc: 0.8987
Epoch 203/600
11:31:07 Train 48/48 - loss: 0.2899 - acc: 0.9011
Epoch 204/600
11:31:11 Train 48/48 - loss: 0.2874 - acc: 0.9017
Epoch 205/600
11:31:16 Train 48/48 - loss: 0.2885 - acc: 0.9019
11:31:16 Valid 5/5 - loss: 0.3985 - acc: 0.8654
Epoch 206/600
11:31:20 Train 48/48 - loss: 0.2876 - acc: 0.9007
Epoch 207/600
11:31:25 Train 48/48 - loss: 0.2862 - acc: 0.9019
Epoch 208/600
11:31:29 Train 48/48 - loss: 0.2790 - acc: 0.9047
Epoch 209/600
11:31:33 Train 48/48 - loss: 0.2890 - acc: 0.9014
Epoch 210/600
11:31:38 Train 48/48 - loss: 0.2809 - acc: 0.9043
11:31:38 Valid 5/5 - loss: 0.2849 - acc: 0.9062
Epoch 211/600
11:31:42 Train 48/48 - loss: 0.2833 - acc: 0.9031
Epoch 212/600
11:31:47 Train 48/48 - loss: 0.2858 - acc: 0.9040
Epoch 213/600
11:31:51 Train 48/48 - loss: 0.2886 - acc: 0.8996
Epoch 214/600
11:31:55 Train 48/48 - loss: 0.2822 - acc: 0.9041
Epoch 215/600
11:32:00 Train 48/48 - loss: 0.2830 - acc: 0.9020
11:32:00 Valid 5/5 - loss: 0.2801 - acc: 0.9088
Epoch 216/600
11:32:04 Train 48/48 - loss: 0.2788 - acc: 0.9066
Epoch 217/600
11:32:08 Train 48/48 - loss: 0.2781 - acc: 0.9048
Epoch 218/600
11:32:13 Train 48/48 - loss: 0.2830 - acc: 0.9037
Epoch 219/600
11:32:17 Train 48/48 - loss: 0.2709 - acc: 0.9072
Epoch 220/600
11:32:21 Train 48/48 - loss: 0.2899 - acc: 0.8995
11:32:22 Valid 5/5 - loss: 0.4201 - acc: 0.8708
Epoch 221/600
11:32:26 Train 48/48 - loss: 0.2873 - acc: 0.9015
Epoch 222/600
11:32:30 Train 48/48 - loss: 0.2833 - acc: 0.9031
Epoch 223/600
11:32:35 Train 48/48 - loss: 0.2769 - acc: 0.9060
Epoch 224/600
11:32:39 Train 48/48 - loss: 0.2759 - acc: 0.9070
Epoch 225/600
11:32:43 Train 48/48 - loss: 0.2735 - acc: 0.9056
11:32:44 Valid 5/5 - loss: 0.3496 - acc: 0.8889
Epoch 226/600
11:32:48 Train 48/48 - loss: 0.2793 - acc: 0.9027
Epoch 227/600
11:32:52 Train 48/48 - loss: 0.2716 - acc: 0.9081
Epoch 228/600
11:32:57 Train 48/48 - loss: 0.2752 - acc: 0.9041
Epoch 229/600
11:33:01 Train 48/48 - loss: 0.2755 - acc: 0.9060
Epoch 230/600
11:33:05 Train 48/48 - loss: 0.2753 - acc: 0.9044
11:33:06 Valid 5/5 - loss: 0.3620 - acc: 0.8851
Epoch 231/600
11:33:10 Train 48/48 - loss: 0.2713 - acc: 0.9072
Epoch 232/600
11:33:14 Train 48/48 - loss: 0.2757 - acc: 0.9059
Epoch 233/600
11:33:19 Train 48/48 - loss: 0.2717 - acc: 0.9066
Epoch 234/600
11:33:23 Train 48/48 - loss: 0.2756 - acc: 0.9054
Epoch 235/600
11:33:27 Train 48/48 - loss: 0.2707 - acc: 0.9061
11:33:27 Valid 5/5 - loss: 0.3037 - acc: 0.8991
Epoch 236/600
11:33:32 Train 48/48 - loss: 0.2678 - acc: 0.9092
Epoch 237/600
11:33:36 Train 48/48 - loss: 0.2659 - acc: 0.9083
Epoch 238/600
11:33:40 Train 48/48 - loss: 0.2703 - acc: 0.9064
Epoch 239/600
11:33:45 Train 48/48 - loss: 0.2667 - acc: 0.9091
Epoch 240/600
11:33:49 Train 48/48 - loss: 0.2689 - acc: 0.9088
11:33:49 Valid 5/5 - loss: 0.3408 - acc: 0.8873
Epoch 241/600
11:33:54 Train 48/48 - loss: 0.2680 - acc: 0.9089
Epoch 242/600
11:33:58 Train 48/48 - loss: 0.2623 - acc: 0.9104
Epoch 243/600
11:34:02 Train 48/48 - loss: 0.2670 - acc: 0.9072
Epoch 244/600
11:34:07 Train 48/48 - loss: 0.2664 - acc: 0.9080
Epoch 245/600
11:34:11 Train 48/48 - loss: 0.2679 - acc: 0.9078
11:34:11 Valid 5/5 - loss: 0.2808 - acc: 0.9101
Epoch 246/600
11:34:16 Train 48/48 - loss: 0.2635 - acc: 0.9097
Epoch 247/600
11:34:20 Train 48/48 - loss: 0.2615 - acc: 0.9103
Epoch 248/600
11:34:24 Train 48/48 - loss: 0.2634 - acc: 0.9099
Epoch 249/600
11:34:29 Train 48/48 - loss: 0.2612 - acc: 0.9098
Epoch 250/600
11:34:33 Train 48/48 - loss: 0.2607 - acc: 0.9116
11:34:33 Valid 5/5 - loss: 0.2608 - acc: 0.9146
Epoch 251/600
11:34:37 Train 48/48 - loss: 0.2640 - acc: 0.9104
Epoch 252/600
11:34:42 Train 48/48 - loss: 0.2490 - acc: 0.9150
Epoch 253/600
11:34:46 Train 48/48 - loss: 0.2532 - acc: 0.9118
Epoch 254/600
11:34:50 Train 48/48 - loss: 0.2652 - acc: 0.9095
Epoch 255/600
11:34:55 Train 48/48 - loss: 0.2584 - acc: 0.9123
11:34:55 Valid 5/5 - loss: 0.2546 - acc: 0.9173
Epoch 256/600
11:34:59 Train 48/48 - loss: 0.2563 - acc: 0.9125
Epoch 257/600
11:35:04 Train 48/48 - loss: 0.2586 - acc: 0.9117
Epoch 258/600
11:35:08 Train 48/48 - loss: 0.2543 - acc: 0.9127
Epoch 259/600
11:35:12 Train 48/48 - loss: 0.2549 - acc: 0.9128
Epoch 260/600
11:35:17 Train 48/48 - loss: 0.2585 - acc: 0.9114
11:35:17 Valid 5/5 - loss: 0.3224 - acc: 0.8977
Epoch 261/600
11:35:21 Train 48/48 - loss: 0.2582 - acc: 0.9122
Epoch 262/600
11:35:26 Train 48/48 - loss: 0.2587 - acc: 0.9110
Epoch 263/600
11:35:30 Train 48/48 - loss: 0.2571 - acc: 0.9109
Epoch 264/600
11:35:34 Train 48/48 - loss: 0.2538 - acc: 0.9144
Epoch 265/600
11:35:39 Train 48/48 - loss: 0.2484 - acc: 0.9141
11:35:39 Valid 5/5 - loss: 0.2346 - acc: 0.9183
Epoch 266/600
11:35:43 Train 48/48 - loss: 0.2503 - acc: 0.9150
Epoch 267/600
11:35:48 Train 48/48 - loss: 0.2515 - acc: 0.9140
Epoch 268/600
11:35:52 Train 48/48 - loss: 0.2500 - acc: 0.9137
Epoch 269/600
11:35:56 Train 48/48 - loss: 0.2518 - acc: 0.9134
Epoch 270/600
11:36:00 Train 48/48 - loss: 0.2463 - acc: 0.9153
11:36:01 Valid 5/5 - loss: 0.2866 - acc: 0.9107
Epoch 271/600
11:36:05 Train 48/48 - loss: 0.2488 - acc: 0.9143
Epoch 272/600
11:36:09 Train 48/48 - loss: 0.2451 - acc: 0.9161
Epoch 273/600
11:36:14 Train 48/48 - loss: 0.2483 - acc: 0.9158
Epoch 274/600
11:36:18 Train 48/48 - loss: 0.2475 - acc: 0.9147
Epoch 275/600
11:36:22 Train 48/48 - loss: 0.2508 - acc: 0.9148
11:36:23 Valid 5/5 - loss: 0.2690 - acc: 0.9115
Epoch 276/600
11:36:27 Train 48/48 - loss: 0.2518 - acc: 0.9138
Epoch 277/600
11:36:31 Train 48/48 - loss: 0.2457 - acc: 0.9159
Epoch 278/600
11:36:36 Train 48/48 - loss: 0.2424 - acc: 0.9164
Epoch 279/600
11:36:40 Train 48/48 - loss: 0.2434 - acc: 0.9173
Epoch 280/600
11:36:44 Train 48/48 - loss: 0.2428 - acc: 0.9172
11:36:45 Valid 5/5 - loss: 0.2841 - acc: 0.9070
Epoch 281/600
11:36:49 Train 48/48 - loss: 0.2441 - acc: 0.9166
Epoch 282/600
11:36:53 Train 48/48 - loss: 0.2472 - acc: 0.9154
Epoch 283/600
11:36:58 Train 48/48 - loss: 0.2418 - acc: 0.9175
Epoch 284/600
11:37:02 Train 48/48 - loss: 0.2316 - acc: 0.9203
Epoch 285/600
11:37:06 Train 48/48 - loss: 0.2408 - acc: 0.9180
11:37:07 Valid 5/5 - loss: 0.4636 - acc: 0.8609
Epoch 286/600
11:37:11 Train 48/48 - loss: 0.2386 - acc: 0.9191
Epoch 287/600
11:37:15 Train 48/48 - loss: 0.2325 - acc: 0.9209
Epoch 288/600
11:37:19 Train 48/48 - loss: 0.2390 - acc: 0.9182
Epoch 289/600
11:37:24 Train 48/48 - loss: 0.2350 - acc: 0.9198
Epoch 290/600
11:37:28 Train 48/48 - loss: 0.2349 - acc: 0.9200
11:37:28 Valid 5/5 - loss: 0.2174 - acc: 0.9265
Epoch 291/600
11:37:33 Train 48/48 - loss: 0.2373 - acc: 0.9186
Epoch 292/600
11:37:37 Train 48/48 - loss: 0.2347 - acc: 0.9203
Epoch 293/600
11:37:41 Train 48/48 - loss: 0.2345 - acc: 0.9208
Epoch 294/600
11:37:46 Train 48/48 - loss: 0.2430 - acc: 0.9167
Epoch 295/600
11:37:50 Train 48/48 - loss: 0.2367 - acc: 0.9184
11:37:50 Valid 5/5 - loss: 0.2258 - acc: 0.9225
Epoch 296/600
11:37:55 Train 48/48 - loss: 0.2263 - acc: 0.9223
Epoch 297/600
11:37:59 Train 48/48 - loss: 0.2307 - acc: 0.9208
Epoch 298/600
11:38:03 Train 48/48 - loss: 0.2360 - acc: 0.9198
Epoch 299/600
11:38:08 Train 48/48 - loss: 0.2370 - acc: 0.9196
Epoch 300/600
11:38:12 Train 48/48 - loss: 0.2276 - acc: 0.9232
11:38:12 Valid 5/5 - loss: 0.2648 - acc: 0.9159
Epoch 301/600
11:38:17 Train 48/48 - loss: 0.2307 - acc: 0.9210
Epoch 302/600
11:38:21 Train 48/48 - loss: 0.2329 - acc: 0.9197
Epoch 303/600
11:38:25 Train 48/48 - loss: 0.2303 - acc: 0.9215
Epoch 304/600
11:38:30 Train 48/48 - loss: 0.2278 - acc: 0.9240
Epoch 305/600
11:38:34 Train 48/48 - loss: 0.2197 - acc: 0.9258
11:38:34 Valid 5/5 - loss: 0.2906 - acc: 0.9042
Epoch 306/600
11:38:39 Train 48/48 - loss: 0.2215 - acc: 0.9238
Epoch 307/600
11:38:43 Train 48/48 - loss: 0.2258 - acc: 0.9223
Epoch 308/600
11:38:47 Train 48/48 - loss: 0.2207 - acc: 0.9242
Epoch 309/600
11:38:52 Train 48/48 - loss: 0.2225 - acc: 0.9245
Epoch 310/600
11:38:56 Train 48/48 - loss: 0.2286 - acc: 0.9220
11:38:56 Valid 5/5 - loss: 0.2691 - acc: 0.9111
Epoch 311/600
11:39:01 Train 48/48 - loss: 0.2187 - acc: 0.9246
Epoch 312/600
11:39:05 Train 48/48 - loss: 0.2241 - acc: 0.9232
Epoch 313/600
11:39:09 Train 48/48 - loss: 0.2193 - acc: 0.9255
Epoch 314/600
11:39:14 Train 48/48 - loss: 0.2215 - acc: 0.9241
Epoch 315/600
11:39:18 Train 48/48 - loss: 0.2215 - acc: 0.9249
11:39:18 Valid 5/5 - loss: 0.2624 - acc: 0.9126
Epoch 316/600
11:39:23 Train 48/48 - loss: 0.2199 - acc: 0.9239
Epoch 317/600
11:39:27 Train 48/48 - loss: 0.2221 - acc: 0.9236
Epoch 318/600
11:39:31 Train 48/48 - loss: 0.2137 - acc: 0.9274
Epoch 319/600
11:39:36 Train 48/48 - loss: 0.2158 - acc: 0.9266
Epoch 320/600
11:39:40 Train 48/48 - loss: 0.2206 - acc: 0.9260
11:39:40 Valid 5/5 - loss: 0.2293 - acc: 0.9272
Epoch 321/600
11:39:45 Train 48/48 - loss: 0.2106 - acc: 0.9287
Epoch 322/600
11:39:49 Train 48/48 - loss: 0.2137 - acc: 0.9263
Epoch 323/600
11:39:53 Train 48/48 - loss: 0.2140 - acc: 0.9273
Epoch 324/600
11:39:57 Train 48/48 - loss: 0.2134 - acc: 0.9267
Epoch 325/600
11:40:02 Train 48/48 - loss: 0.2088 - acc: 0.9279
11:40:02 Valid 5/5 - loss: 0.2097 - acc: 0.9296
Epoch 326/600
11:40:06 Train 48/48 - loss: 0.2120 - acc: 0.9282
Epoch 327/600
11:40:11 Train 48/48 - loss: 0.2155 - acc: 0.9260
Epoch 328/600
11:40:15 Train 48/48 - loss: 0.2087 - acc: 0.9295
Epoch 329/600
11:40:19 Train 48/48 - loss: 0.2118 - acc: 0.9276
Epoch 330/600
11:40:24 Train 48/48 - loss: 0.2072 - acc: 0.9297
11:40:24 Valid 5/5 - loss: 0.2305 - acc: 0.9222
Epoch 331/600
11:40:28 Train 48/48 - loss: 0.2074 - acc: 0.9303
Epoch 332/600
11:40:33 Train 48/48 - loss: 0.2074 - acc: 0.9288
Epoch 333/600
11:40:37 Train 48/48 - loss: 0.2048 - acc: 0.9299
Epoch 334/600
11:40:41 Train 48/48 - loss: 0.2069 - acc: 0.9290
Epoch 335/600
11:40:46 Train 48/48 - loss: 0.2095 - acc: 0.9297
11:40:46 Valid 5/5 - loss: 0.3356 - acc: 0.8951
Epoch 336/600
11:40:50 Train 48/48 - loss: 0.2024 - acc: 0.9295
Epoch 337/600
11:40:55 Train 48/48 - loss: 0.2013 - acc: 0.9314
Epoch 338/600
11:40:59 Train 48/48 - loss: 0.2067 - acc: 0.9294
Epoch 339/600
11:41:03 Train 48/48 - loss: 0.2037 - acc: 0.9302
Epoch 340/600
11:41:08 Train 48/48 - loss: 0.2038 - acc: 0.9307
11:41:08 Valid 5/5 - loss: 0.2426 - acc: 0.9201
Epoch 341/600
11:41:12 Train 48/48 - loss: 0.2011 - acc: 0.9309
Epoch 342/600
11:41:17 Train 48/48 - loss: 0.2019 - acc: 0.9314
Epoch 343/600
11:41:21 Train 48/48 - loss: 0.1997 - acc: 0.9324
Epoch 344/600
11:41:25 Train 48/48 - loss: 0.1938 - acc: 0.9346
Epoch 345/600
11:41:29 Train 48/48 - loss: 0.1993 - acc: 0.9313
11:41:30 Valid 5/5 - loss: 0.2484 - acc: 0.9209
Epoch 346/600
11:41:34 Train 48/48 - loss: 0.1981 - acc: 0.9309
Epoch 347/600
11:41:38 Train 48/48 - loss: 0.1987 - acc: 0.9325
Epoch 348/600
11:41:43 Train 48/48 - loss: 0.1913 - acc: 0.9350
Epoch 349/600
11:41:47 Train 48/48 - loss: 0.1894 - acc: 0.9345
Epoch 350/600
11:41:51 Train 48/48 - loss: 0.2013 - acc: 0.9309
11:41:52 Valid 5/5 - loss: 0.2624 - acc: 0.9147
Epoch 351/600
11:41:56 Train 48/48 - loss: 0.1932 - acc: 0.9340
Epoch 352/600
11:42:00 Train 48/48 - loss: 0.1960 - acc: 0.9336
Epoch 353/600
11:42:05 Train 48/48 - loss: 0.1940 - acc: 0.9339
Epoch 354/600
11:42:09 Train 48/48 - loss: 0.1840 - acc: 0.9372
Epoch 355/600
11:42:13 Train 48/48 - loss: 0.1888 - acc: 0.9361
11:42:14 Valid 5/5 - loss: 0.2088 - acc: 0.9326
Epoch 356/600
11:42:18 Train 48/48 - loss: 0.1904 - acc: 0.9364
Epoch 357/600
11:42:22 Train 48/48 - loss: 0.1859 - acc: 0.9369
Epoch 358/600
11:42:27 Train 48/48 - loss: 0.1980 - acc: 0.9322
Epoch 359/600
11:42:31 Train 48/48 - loss: 0.1924 - acc: 0.9348
Epoch 360/600
11:42:35 Train 48/48 - loss: 0.1833 - acc: 0.9379
11:42:36 Valid 5/5 - loss: 0.2072 - acc: 0.9347
Epoch 361/600
11:42:40 Train 48/48 - loss: 0.1841 - acc: 0.9374
Epoch 362/600
11:42:44 Train 48/48 - loss: 0.1852 - acc: 0.9372
Epoch 363/600
11:42:49 Train 48/48 - loss: 0.1822 - acc: 0.9377
Epoch 364/600
11:42:53 Train 48/48 - loss: 0.1827 - acc: 0.9386
Epoch 365/600
11:42:57 Train 48/48 - loss: 0.1830 - acc: 0.9388
11:42:57 Valid 5/5 - loss: 0.2099 - acc: 0.9318
Epoch 366/600
11:43:02 Train 48/48 - loss: 0.1783 - acc: 0.9395
Epoch 367/600
11:43:06 Train 48/48 - loss: 0.1869 - acc: 0.9360
Epoch 368/600
11:43:10 Train 48/48 - loss: 0.1820 - acc: 0.9383
Epoch 369/600
11:43:15 Train 48/48 - loss: 0.1748 - acc: 0.9403
Epoch 370/600
11:43:19 Train 48/48 - loss: 0.1796 - acc: 0.9396
11:43:19 Valid 5/5 - loss: 0.2313 - acc: 0.9259
Epoch 371/600
11:43:24 Train 48/48 - loss: 0.1746 - acc: 0.9414
Epoch 372/600
11:43:28 Train 48/48 - loss: 0.1760 - acc: 0.9408
Epoch 373/600
11:43:32 Train 48/48 - loss: 0.1801 - acc: 0.9389
Epoch 374/600
11:43:37 Train 48/48 - loss: 0.1768 - acc: 0.9390
Epoch 375/600
11:43:41 Train 48/48 - loss: 0.1710 - acc: 0.9419
11:43:41 Valid 5/5 - loss: 0.2368 - acc: 0.9264
Epoch 376/600
11:43:46 Train 48/48 - loss: 0.1743 - acc: 0.9413
Epoch 377/600
11:43:50 Train 48/48 - loss: 0.1721 - acc: 0.9416
Epoch 378/600
11:43:54 Train 48/48 - loss: 0.1764 - acc: 0.9395
Epoch 379/600
11:43:59 Train 48/48 - loss: 0.1706 - acc: 0.9419
Epoch 380/600
11:44:03 Train 48/48 - loss: 0.1703 - acc: 0.9420
11:44:03 Valid 5/5 - loss: 0.2470 - acc: 0.9232
Epoch 381/600
11:44:07 Train 48/48 - loss: 0.1784 - acc: 0.9398
Epoch 382/600
11:44:12 Train 48/48 - loss: 0.1727 - acc: 0.9410
Epoch 383/600
11:44:16 Train 48/48 - loss: 0.1712 - acc: 0.9415
Epoch 384/600
11:44:20 Train 48/48 - loss: 0.1670 - acc: 0.9435
Epoch 385/600
11:44:25 Train 48/48 - loss: 0.1687 - acc: 0.9428
11:44:25 Valid 5/5 - loss: 0.2158 - acc: 0.9315
Epoch 386/600
11:44:29 Train 48/48 - loss: 0.1649 - acc: 0.9439
Epoch 387/600
11:44:34 Train 48/48 - loss: 0.1634 - acc: 0.9449
Epoch 388/600
11:44:38 Train 48/48 - loss: 0.1666 - acc: 0.9441
Epoch 389/600
11:44:42 Train 48/48 - loss: 0.1608 - acc: 0.9454
Epoch 390/600
11:44:47 Train 48/48 - loss: 0.1651 - acc: 0.9446
11:44:47 Valid 5/5 - loss: 0.2328 - acc: 0.9251
Epoch 391/600
11:44:51 Train 48/48 - loss: 0.1628 - acc: 0.9445
Epoch 392/600
11:44:56 Train 48/48 - loss: 0.1654 - acc: 0.9435
Epoch 393/600
11:45:00 Train 48/48 - loss: 0.1616 - acc: 0.9453
Epoch 394/600
11:45:04 Train 48/48 - loss: 0.1598 - acc: 0.9466
Epoch 395/600
11:45:09 Train 48/48 - loss: 0.1563 - acc: 0.9463
11:45:09 Valid 5/5 - loss: 0.2089 - acc: 0.9333
Epoch 396/600
11:45:13 Train 48/48 - loss: 0.1598 - acc: 0.9462
Epoch 397/600
11:45:18 Train 48/48 - loss: 0.1533 - acc: 0.9484
Epoch 398/600
11:45:22 Train 48/48 - loss: 0.1524 - acc: 0.9477
Epoch 399/600
11:45:26 Train 48/48 - loss: 0.1577 - acc: 0.9468
Epoch 400/600
11:45:31 Train 48/48 - loss: 0.1571 - acc: 0.9471
11:45:31 Valid 5/5 - loss: 0.2242 - acc: 0.9294
Epoch 401/600
11:45:35 Train 48/48 - loss: 0.1487 - acc: 0.9500
Epoch 402/600
11:45:40 Train 48/48 - loss: 0.1552 - acc: 0.9485
Epoch 403/600
11:45:44 Train 48/48 - loss: 0.1457 - acc: 0.9503
Epoch 404/600
11:45:48 Train 48/48 - loss: 0.1488 - acc: 0.9487
Epoch 405/600
11:45:52 Train 48/48 - loss: 0.1586 - acc: 0.9467
11:45:53 Valid 5/5 - loss: 0.2178 - acc: 0.9307
Epoch 406/600
11:45:57 Train 48/48 - loss: 0.1553 - acc: 0.9477
Epoch 407/600
11:46:01 Train 48/48 - loss: 0.1499 - acc: 0.9496
Epoch 408/600
11:46:06 Train 48/48 - loss: 0.1472 - acc: 0.9498
Epoch 409/600
11:46:10 Train 48/48 - loss: 0.1454 - acc: 0.9517
Epoch 410/600
11:46:14 Train 48/48 - loss: 0.1470 - acc: 0.9495
11:46:15 Valid 5/5 - loss: 0.2080 - acc: 0.9365
Epoch 411/600
11:46:19 Train 48/48 - loss: 0.1442 - acc: 0.9515
Epoch 412/600
11:46:23 Train 48/48 - loss: 0.1461 - acc: 0.9512
Epoch 413/600
11:46:28 Train 48/48 - loss: 0.1456 - acc: 0.9503
Epoch 414/600
11:46:32 Train 48/48 - loss: 0.1430 - acc: 0.9520
Epoch 415/600
11:46:36 Train 48/48 - loss: 0.1440 - acc: 0.9521
11:46:37 Valid 5/5 - loss: 0.1986 - acc: 0.9372
Epoch 416/600
11:46:41 Train 48/48 - loss: 0.1382 - acc: 0.9531
Epoch 417/600
11:46:45 Train 48/48 - loss: 0.1433 - acc: 0.9519
Epoch 418/600
11:46:50 Train 48/48 - loss: 0.1397 - acc: 0.9527
Epoch 419/600
11:46:54 Train 48/48 - loss: 0.1374 - acc: 0.9535
Epoch 420/600
11:46:58 Train 48/48 - loss: 0.1425 - acc: 0.9527
11:46:59 Valid 5/5 - loss: 0.2032 - acc: 0.9354
Epoch 421/600
11:47:03 Train 48/48 - loss: 0.1350 - acc: 0.9537
Epoch 422/600
11:47:07 Train 48/48 - loss: 0.1363 - acc: 0.9527
Epoch 423/600
11:47:12 Train 48/48 - loss: 0.1329 - acc: 0.9554
Epoch 424/600
11:47:16 Train 48/48 - loss: 0.1347 - acc: 0.9549
Epoch 425/600
11:47:20 Train 48/48 - loss: 0.1321 - acc: 0.9555
11:47:21 Valid 5/5 - loss: 0.2048 - acc: 0.9364
Epoch 426/600
11:47:25 Train 48/48 - loss: 0.1332 - acc: 0.9555
Epoch 427/600
11:47:29 Train 48/48 - loss: 0.1280 - acc: 0.9569
Epoch 428/600
11:47:33 Train 48/48 - loss: 0.1356 - acc: 0.9547
Epoch 429/600
11:47:38 Train 48/48 - loss: 0.1321 - acc: 0.9553
Epoch 430/600
11:47:42 Train 48/48 - loss: 0.1252 - acc: 0.9582
11:47:42 Valid 5/5 - loss: 0.1825 - acc: 0.9403
Epoch 431/600
11:47:47 Train 48/48 - loss: 0.1333 - acc: 0.9551
Epoch 432/600
11:47:51 Train 48/48 - loss: 0.1219 - acc: 0.9590
Epoch 433/600
11:47:55 Train 48/48 - loss: 0.1265 - acc: 0.9575
Epoch 434/600
11:48:00 Train 48/48 - loss: 0.1260 - acc: 0.9574
Epoch 435/600
11:48:04 Train 48/48 - loss: 0.1251 - acc: 0.9580
11:48:04 Valid 5/5 - loss: 0.1645 - acc: 0.9477
Epoch 436/600
11:48:09 Train 48/48 - loss: 0.1259 - acc: 0.9571
Epoch 437/600
11:48:13 Train 48/48 - loss: 0.1218 - acc: 0.9593
Epoch 438/600
11:48:17 Train 48/48 - loss: 0.1232 - acc: 0.9587
Epoch 439/600
11:48:22 Train 48/48 - loss: 0.1229 - acc: 0.9587
Epoch 440/600
11:48:26 Train 48/48 - loss: 0.1193 - acc: 0.9603
11:48:26 Valid 5/5 - loss: 0.1956 - acc: 0.9419
Epoch 441/600
11:48:31 Train 48/48 - loss: 0.1217 - acc: 0.9597
Epoch 442/600
11:48:35 Train 48/48 - loss: 0.1188 - acc: 0.9603
Epoch 443/600
11:48:39 Train 48/48 - loss: 0.1187 - acc: 0.9604
Epoch 444/600
11:48:44 Train 48/48 - loss: 0.1136 - acc: 0.9621
Epoch 445/600
11:48:48 Train 48/48 - loss: 0.1158 - acc: 0.9614
11:48:48 Valid 5/5 - loss: 0.1884 - acc: 0.9442
Epoch 446/600
11:48:53 Train 48/48 - loss: 0.1139 - acc: 0.9622
Epoch 447/600
11:48:57 Train 48/48 - loss: 0.1134 - acc: 0.9625
Epoch 448/600
11:49:01 Train 48/48 - loss: 0.1142 - acc: 0.9611
Epoch 449/600
11:49:06 Train 48/48 - loss: 0.1145 - acc: 0.9617
Epoch 450/600
11:49:10 Train 48/48 - loss: 0.1118 - acc: 0.9621
11:49:10 Valid 5/5 - loss: 0.1908 - acc: 0.9400
Epoch 451/600
11:49:15 Train 48/48 - loss: 0.1096 - acc: 0.9635
Epoch 452/600
11:49:19 Train 48/48 - loss: 0.1075 - acc: 0.9650
Epoch 453/600
11:49:23 Train 48/48 - loss: 0.1121 - acc: 0.9626
Epoch 454/600
11:49:28 Train 48/48 - loss: 0.1085 - acc: 0.9635
Epoch 455/600
11:49:32 Train 48/48 - loss: 0.1070 - acc: 0.9649
11:49:32 Valid 5/5 - loss: 0.1862 - acc: 0.9461
Epoch 456/600
11:49:37 Train 48/48 - loss: 0.1071 - acc: 0.9650
Epoch 457/600
11:49:41 Train 48/48 - loss: 0.1056 - acc: 0.9651
Epoch 458/600
11:49:45 Train 48/48 - loss: 0.1050 - acc: 0.9645
Epoch 459/600
11:49:49 Train 48/48 - loss: 0.1027 - acc: 0.9660
Epoch 460/600
11:49:54 Train 48/48 - loss: 0.1029 - acc: 0.9668
11:49:54 Valid 5/5 - loss: 0.1778 - acc: 0.9463
Epoch 461/600
11:49:58 Train 48/48 - loss: 0.0998 - acc: 0.9668
Epoch 462/600
11:50:03 Train 48/48 - loss: 0.1007 - acc: 0.9672
Epoch 463/600
11:50:07 Train 48/48 - loss: 0.1015 - acc: 0.9666
Epoch 464/600
11:50:11 Train 48/48 - loss: 0.0989 - acc: 0.9676
Epoch 465/600
11:50:16 Train 48/48 - loss: 0.0978 - acc: 0.9680
11:50:16 Valid 5/5 - loss: 0.1867 - acc: 0.9401
Epoch 466/600
11:50:20 Train 48/48 - loss: 0.0960 - acc: 0.9684
Epoch 467/600
11:50:25 Train 48/48 - loss: 0.0937 - acc: 0.9685
Epoch 468/600
11:50:29 Train 48/48 - loss: 0.0951 - acc: 0.9682
Epoch 469/600
11:50:33 Train 48/48 - loss: 0.0979 - acc: 0.9673
Epoch 470/600
11:50:38 Train 48/48 - loss: 0.0950 - acc: 0.9682
11:50:38 Valid 5/5 - loss: 0.1701 - acc: 0.9502
Epoch 471/600
11:50:42 Train 48/48 - loss: 0.0983 - acc: 0.9674
Epoch 472/600
11:50:47 Train 48/48 - loss: 0.0913 - acc: 0.9696
Epoch 473/600
11:50:51 Train 48/48 - loss: 0.0903 - acc: 0.9700
Epoch 474/600
11:50:55 Train 48/48 - loss: 0.0875 - acc: 0.9713
Epoch 475/600
11:51:00 Train 48/48 - loss: 0.0884 - acc: 0.9712
11:51:00 Valid 5/5 - loss: 0.1631 - acc: 0.9502
Epoch 476/600
11:51:04 Train 48/48 - loss: 0.0871 - acc: 0.9711
Epoch 477/600
11:51:09 Train 48/48 - loss: 0.0883 - acc: 0.9716
Epoch 478/600
11:51:13 Train 48/48 - loss: 0.0830 - acc: 0.9731
Epoch 479/600
11:51:17 Train 48/48 - loss: 0.0860 - acc: 0.9724
Epoch 480/600
11:51:22 Train 48/48 - loss: 0.0877 - acc: 0.9708
11:51:22 Valid 5/5 - loss: 0.1640 - acc: 0.9490
Epoch 481/600
11:51:26 Train 48/48 - loss: 0.0861 - acc: 0.9715
Epoch 482/600
11:51:31 Train 48/48 - loss: 0.0798 - acc: 0.9737
Epoch 483/600
11:51:35 Train 48/48 - loss: 0.0809 - acc: 0.9737
Epoch 484/600
11:51:39 Train 48/48 - loss: 0.0800 - acc: 0.9741
Epoch 485/600
11:51:44 Train 48/48 - loss: 0.0810 - acc: 0.9747
11:51:44 Valid 5/5 - loss: 0.1609 - acc: 0.9520
Epoch 486/600
11:51:48 Train 48/48 - loss: 0.0770 - acc: 0.9754
Epoch 487/600
11:51:53 Train 48/48 - loss: 0.0751 - acc: 0.9754
Epoch 488/600
11:51:57 Train 48/48 - loss: 0.0781 - acc: 0.9744
Epoch 489/600
11:52:01 Train 48/48 - loss: 0.0761 - acc: 0.9754
Epoch 490/600
11:52:06 Train 48/48 - loss: 0.0746 - acc: 0.9760
11:52:06 Valid 5/5 - loss: 0.1572 - acc: 0.9536
Epoch 491/600
11:52:10 Train 48/48 - loss: 0.0743 - acc: 0.9755
Epoch 492/600
11:52:15 Train 48/48 - loss: 0.0701 - acc: 0.9777
Epoch 493/600
11:52:19 Train 48/48 - loss: 0.0712 - acc: 0.9768
Epoch 494/600
11:52:23 Train 48/48 - loss: 0.0693 - acc: 0.9780
Epoch 495/600
11:52:27 Train 48/48 - loss: 0.0703 - acc: 0.9774
11:52:28 Valid 5/5 - loss: 0.1663 - acc: 0.9510
Epoch 496/600
11:52:32 Train 48/48 - loss: 0.0704 - acc: 0.9770
Epoch 497/600
11:52:36 Train 48/48 - loss: 0.0729 - acc: 0.9771
Epoch 498/600
11:52:41 Train 48/48 - loss: 0.0685 - acc: 0.9773
Epoch 499/600
11:52:45 Train 48/48 - loss: 0.0671 - acc: 0.9779
Epoch 500/600
11:52:49 Train 48/48 - loss: 0.0659 - acc: 0.9788
11:52:50 Valid 5/5 - loss: 0.1581 - acc: 0.9548
Epoch 501/600
11:52:54 Train 48/48 - loss: 0.0667 - acc: 0.9787
Epoch 502/600
11:52:58 Train 48/48 - loss: 0.0646 - acc: 0.9793
Epoch 503/600
11:53:03 Train 48/48 - loss: 0.0608 - acc: 0.9804
Epoch 504/600
11:53:07 Train 48/48 - loss: 0.0626 - acc: 0.9791
Epoch 505/600
11:53:11 Train 48/48 - loss: 0.0630 - acc: 0.9797
11:53:12 Valid 5/5 - loss: 0.1576 - acc: 0.9543
Epoch 506/600
11:53:16 Train 48/48 - loss: 0.0631 - acc: 0.9795
Epoch 507/600
11:53:20 Train 48/48 - loss: 0.0609 - acc: 0.9805
Epoch 508/600
11:53:25 Train 48/48 - loss: 0.0600 - acc: 0.9810
Epoch 509/600
11:53:29 Train 48/48 - loss: 0.0563 - acc: 0.9821
Epoch 510/600
11:53:33 Train 48/48 - loss: 0.0587 - acc: 0.9809
11:53:34 Valid 5/5 - loss: 0.1644 - acc: 0.9543
Epoch 511/600
11:53:38 Train 48/48 - loss: 0.0552 - acc: 0.9823
Epoch 512/600
11:53:42 Train 48/48 - loss: 0.0534 - acc: 0.9826
Epoch 513/600
11:53:47 Train 48/48 - loss: 0.0574 - acc: 0.9817
Epoch 514/600
11:53:51 Train 48/48 - loss: 0.0566 - acc: 0.9829
Epoch 515/600
11:53:55 Train 48/48 - loss: 0.0502 - acc: 0.9840
11:53:56 Valid 5/5 - loss: 0.1639 - acc: 0.9546
Epoch 516/600
11:54:00 Train 48/48 - loss: 0.0511 - acc: 0.9836
Epoch 517/600
11:54:04 Train 48/48 - loss: 0.0498 - acc: 0.9842
Epoch 518/600
11:54:09 Train 48/48 - loss: 0.0541 - acc: 0.9823
Epoch 519/600
11:54:13 Train 48/48 - loss: 0.0521 - acc: 0.9837
Epoch 520/600
11:54:17 Train 48/48 - loss: 0.0487 - acc: 0.9849
11:54:18 Valid 5/5 - loss: 0.1496 - acc: 0.9594
Epoch 521/600
11:54:22 Train 48/48 - loss: 0.0471 - acc: 0.9850
Epoch 522/600
11:54:26 Train 48/48 - loss: 0.0452 - acc: 0.9858
Epoch 523/600
11:54:31 Train 48/48 - loss: 0.0449 - acc: 0.9857
Epoch 524/600
11:54:35 Train 48/48 - loss: 0.0444 - acc: 0.9859
Epoch 525/600
11:54:39 Train 48/48 - loss: 0.0448 - acc: 0.9857
11:54:39 Valid 5/5 - loss: 0.1445 - acc: 0.9602
Epoch 526/600
11:54:44 Train 48/48 - loss: 0.0414 - acc: 0.9871
Epoch 527/600
11:54:48 Train 48/48 - loss: 0.0436 - acc: 0.9867
Epoch 528/600
11:54:52 Train 48/48 - loss: 0.0457 - acc: 0.9851
Epoch 529/600
11:54:57 Train 48/48 - loss: 0.0430 - acc: 0.9863
Epoch 530/600
11:55:01 Train 48/48 - loss: 0.0390 - acc: 0.9875
11:55:01 Valid 5/5 - loss: 0.1424 - acc: 0.9592
Epoch 531/600
11:55:06 Train 48/48 - loss: 0.0414 - acc: 0.9869
Epoch 532/600
11:55:10 Train 48/48 - loss: 0.0410 - acc: 0.9874
Epoch 533/600
11:55:14 Train 48/48 - loss: 0.0395 - acc: 0.9874
Epoch 534/600
11:55:19 Train 48/48 - loss: 0.0392 - acc: 0.9881
Epoch 535/600
11:55:23 Train 48/48 - loss: 0.0376 - acc: 0.9885
11:55:23 Valid 5/5 - loss: 0.1392 - acc: 0.9620
Epoch 536/600
11:55:28 Train 48/48 - loss: 0.0394 - acc: 0.9878
Epoch 537/600
11:55:32 Train 48/48 - loss: 0.0358 - acc: 0.9890
Epoch 538/600
11:55:36 Train 48/48 - loss: 0.0342 - acc: 0.9895
Epoch 539/600
11:55:41 Train 48/48 - loss: 0.0329 - acc: 0.9901
Epoch 540/600
11:55:45 Train 48/48 - loss: 0.0338 - acc: 0.9896
11:55:45 Valid 5/5 - loss: 0.1401 - acc: 0.9630
Epoch 541/600
11:55:50 Train 48/48 - loss: 0.0361 - acc: 0.9886
Epoch 542/600
11:55:54 Train 48/48 - loss: 0.0333 - acc: 0.9898
Epoch 543/600
11:55:58 Train 48/48 - loss: 0.0327 - acc: 0.9898
Epoch 544/600
11:56:02 Train 48/48 - loss: 0.0318 - acc: 0.9905
Epoch 545/600
11:56:07 Train 48/48 - loss: 0.0336 - acc: 0.9897
11:56:07 Valid 5/5 - loss: 0.1357 - acc: 0.9647
Epoch 546/600
11:56:11 Train 48/48 - loss: 0.0297 - acc: 0.9908
Epoch 547/600
11:56:16 Train 48/48 - loss: 0.0302 - acc: 0.9906
Epoch 548/600
11:56:20 Train 48/48 - loss: 0.0287 - acc: 0.9912
Epoch 549/600
11:56:24 Train 48/48 - loss: 0.0297 - acc: 0.9912
Epoch 550/600
11:56:29 Train 48/48 - loss: 0.0290 - acc: 0.9908
11:56:29 Valid 5/5 - loss: 0.1332 - acc: 0.9651
Epoch 551/600
11:56:33 Train 48/48 - loss: 0.0283 - acc: 0.9909
Epoch 552/600
11:56:38 Train 48/48 - loss: 0.0279 - acc: 0.9919
Epoch 553/600
11:56:42 Train 48/48 - loss: 0.0285 - acc: 0.9915
Epoch 554/600
11:56:46 Train 48/48 - loss: 0.0272 - acc: 0.9914
Epoch 555/600
11:56:51 Train 48/48 - loss: 0.0282 - acc: 0.9918
11:56:51 Valid 5/5 - loss: 0.1352 - acc: 0.9655
Epoch 556/600
11:56:55 Train 48/48 - loss: 0.0254 - acc: 0.9926
Epoch 557/600
11:57:00 Train 48/48 - loss: 0.0250 - acc: 0.9926
Epoch 558/600
11:57:04 Train 48/48 - loss: 0.0237 - acc: 0.9931
Epoch 559/600
11:57:08 Train 48/48 - loss: 0.0245 - acc: 0.9926
Epoch 560/600
11:57:13 Train 48/48 - loss: 0.0245 - acc: 0.9926
11:57:13 Valid 5/5 - loss: 0.1285 - acc: 0.9650
Epoch 561/600
11:57:17 Train 48/48 - loss: 0.0247 - acc: 0.9925
Epoch 562/600
11:57:22 Train 48/48 - loss: 0.0240 - acc: 0.9928
Epoch 563/600
11:57:26 Train 48/48 - loss: 0.0221 - acc: 0.9935
Epoch 564/600
11:57:30 Train 48/48 - loss: 0.0247 - acc: 0.9926
Epoch 565/600
11:57:35 Train 48/48 - loss: 0.0230 - acc: 0.9933
11:57:35 Valid 5/5 - loss: 0.1309 - acc: 0.9653
Epoch 566/600
11:57:39 Train 48/48 - loss: 0.0223 - acc: 0.9932
Epoch 567/600
11:57:44 Train 48/48 - loss: 0.0239 - acc: 0.9928
Epoch 568/600
11:57:48 Train 48/48 - loss: 0.0210 - acc: 0.9932
Epoch 569/600
11:57:52 Train 48/48 - loss: 0.0209 - acc: 0.9937
Epoch 570/600
11:57:56 Train 48/48 - loss: 0.0204 - acc: 0.9940
11:57:57 Valid 5/5 - loss: 0.1299 - acc: 0.9669
Epoch 571/600
11:58:01 Train 48/48 - loss: 0.0211 - acc: 0.9940
Epoch 572/600
11:58:05 Train 48/48 - loss: 0.0210 - acc: 0.9939
Epoch 573/600
11:58:10 Train 48/48 - loss: 0.0219 - acc: 0.9934
Epoch 574/600
11:58:14 Train 48/48 - loss: 0.0196 - acc: 0.9944
Epoch 575/600
11:58:18 Train 48/48 - loss: 0.0202 - acc: 0.9944
11:58:19 Valid 5/5 - loss: 0.1263 - acc: 0.9668
Epoch 576/600
11:58:23 Train 48/48 - loss: 0.0206 - acc: 0.9939
Epoch 577/600
11:58:27 Train 48/48 - loss: 0.0202 - acc: 0.9940
Epoch 578/600
11:58:32 Train 48/48 - loss: 0.0192 - acc: 0.9946
Epoch 579/600
11:58:36 Train 48/48 - loss: 0.0188 - acc: 0.9946
Epoch 580/600
11:58:40 Train 48/48 - loss: 0.0195 - acc: 0.9944
11:58:40 Valid 5/5 - loss: 0.1280 - acc: 0.9677
Epoch 581/600
11:58:45 Train 48/48 - loss: 0.0194 - acc: 0.9939
Epoch 582/600
11:58:49 Train 48/48 - loss: 0.0209 - acc: 0.9940
Epoch 583/600
11:58:54 Train 48/48 - loss: 0.0193 - acc: 0.9945
Epoch 584/600
11:58:58 Train 48/48 - loss: 0.0186 - acc: 0.9944
Epoch 585/600
11:59:02 Train 48/48 - loss: 0.0177 - acc: 0.9951
11:59:03 Valid 5/5 - loss: 0.1284 - acc: 0.9663
Epoch 586/600
11:59:07 Train 48/48 - loss: 0.0193 - acc: 0.9944
Epoch 587/600
11:59:11 Train 48/48 - loss: 0.0202 - acc: 0.9943
Epoch 588/600
11:59:16 Train 48/48 - loss: 0.0167 - acc: 0.9954
Epoch 589/600
11:59:20 Train 48/48 - loss: 0.0171 - acc: 0.9953
Epoch 590/600
11:59:24 Train 48/48 - loss: 0.0181 - acc: 0.9949
11:59:25 Valid 5/5 - loss: 0.1288 - acc: 0.9662
Epoch 591/600
11:59:29 Train 48/48 - loss: 0.0181 - acc: 0.9949
Epoch 592/600
11:59:33 Train 48/48 - loss: 0.0185 - acc: 0.9945
Epoch 593/600
11:59:38 Train 48/48 - loss: 0.0183 - acc: 0.9946
Epoch 594/600
11:59:42 Train 48/48 - loss: 0.0181 - acc: 0.9950
Epoch 595/600
11:59:46 Train 48/48 - loss: 0.0190 - acc: 0.9945
11:59:47 Valid 5/5 - loss: 0.1282 - acc: 0.9663
Epoch 596/600
11:59:51 Train 48/48 - loss: 0.0191 - acc: 0.9946
Epoch 597/600
11:59:55 Train 48/48 - loss: 0.0193 - acc: 0.9943
Epoch 598/600
12:00:00 Train 48/48 - loss: 0.0194 - acc: 0.9942
Epoch 599/600
12:00:04 Train 48/48 - loss: 0.0179 - acc: 0.9951
Epoch 600/600
12:00:08 Train 48/48 - loss: 0.0194 - acc: 0.9945
12:00:09 Valid 5/5 - loss: 0.1286 - acc: 0.9668