Epoch 1/600
14:22:01 Train 48/48 - loss: 3.0257 - acc: 0.1788
Epoch 2/600
14:22:12 Train 48/48 - loss: 2.5758 - acc: 0.3075
Epoch 3/600
14:22:23 Train 48/48 - loss: 2.1860 - acc: 0.4281
Epoch 4/600
14:22:33 Train 48/48 - loss: 1.8603 - acc: 0.5172
Epoch 5/600
14:22:44 Train 48/48 - loss: 1.6218 - acc: 0.5829
WARNING:tensorflow:From /usr/local/lib/python3.6/dist-packages/tensorflow/python/data/ops/multi_device_iterator_ops.py:601: get_next_as_optional (from tensorflow.python.data.ops.iterator_ops) is deprecated and will be removed in a future version.
Instructions for updating:
Use `tf.data.Iterator.get_next_as_optional()` instead.
WARNING:tensorflow:From /usr/local/lib/python3.6/dist-packages/tensorflow/python/data/ops/multi_device_iterator_ops.py:601: get_next_as_optional (from tensorflow.python.data.ops.iterator_ops) is deprecated and will be removed in a future version.
Instructions for updating:
Use `tf.data.Iterator.get_next_as_optional()` instead.
14:24:02 Valid 5/5 - loss: 1.1739 - acc: 0.5981
Epoch 6/600
14:24:12 Train 48/48 - loss: 1.4219 - acc: 0.6375
Epoch 7/600
14:24:23 Train 48/48 - loss: 1.2862 - acc: 0.6741
Epoch 8/600
14:24:34 Train 48/48 - loss: 1.1545 - acc: 0.7108
Epoch 9/600
14:24:45 Train 48/48 - loss: 1.0651 - acc: 0.7359
Epoch 10/600
14:24:55 Train 48/48 - loss: 0.9875 - acc: 0.7543
14:24:57 Valid 5/5 - loss: 0.8576 - acc: 0.7213
Epoch 11/600
14:25:07 Train 48/48 - loss: 0.9162 - acc: 0.7731
Epoch 12/600
14:25:18 Train 48/48 - loss: 0.8372 - acc: 0.7929
Epoch 13/600
14:25:28 Train 48/48 - loss: 0.7835 - acc: 0.8045
Epoch 14/600
14:25:39 Train 48/48 - loss: 0.7372 - acc: 0.8153
Epoch 15/600
14:25:49 Train 48/48 - loss: 0.6978 - acc: 0.8284
14:25:51 Valid 5/5 - loss: 0.5749 - acc: 0.8109
Epoch 16/600
14:26:02 Train 48/48 - loss: 0.6651 - acc: 0.8341
Epoch 17/600
14:26:12 Train 48/48 - loss: 0.6392 - acc: 0.8405
Epoch 18/600
14:26:23 Train 48/48 - loss: 0.6136 - acc: 0.8478
Epoch 19/600
14:26:33 Train 48/48 - loss: 0.6010 - acc: 0.8515
Epoch 20/600
14:26:44 Train 48/48 - loss: 0.5720 - acc: 0.8581
14:26:45 Valid 5/5 - loss: 0.4453 - acc: 0.8491
Epoch 21/600
14:26:56 Train 48/48 - loss: 0.5542 - acc: 0.8630
Epoch 22/600
14:27:07 Train 48/48 - loss: 0.5432 - acc: 0.8670
Epoch 23/600
14:27:17 Train 48/48 - loss: 0.5230 - acc: 0.8708
Epoch 24/600
14:27:28 Train 48/48 - loss: 0.5069 - acc: 0.8724
Epoch 25/600
14:27:38 Train 48/48 - loss: 0.4995 - acc: 0.8775
14:27:40 Valid 5/5 - loss: 0.5331 - acc: 0.8210
Epoch 26/600
14:27:50 Train 48/48 - loss: 0.4815 - acc: 0.8810
Epoch 27/600
14:28:00 Train 48/48 - loss: 0.4734 - acc: 0.8816
Epoch 28/600
14:28:11 Train 48/48 - loss: 0.4668 - acc: 0.8843
Epoch 29/600
14:28:21 Train 48/48 - loss: 0.4605 - acc: 0.8858
Epoch 30/600
14:28:32 Train 48/48 - loss: 0.4541 - acc: 0.8877
14:28:33 Valid 5/5 - loss: 0.3572 - acc: 0.8826
Epoch 31/600
14:28:44 Train 48/48 - loss: 0.4309 - acc: 0.8930
Epoch 32/600
14:28:54 Train 48/48 - loss: 0.4320 - acc: 0.8921
Epoch 33/600
14:29:05 Train 48/48 - loss: 0.4189 - acc: 0.8961
Epoch 34/600
14:29:15 Train 48/48 - loss: 0.4143 - acc: 0.8969
Epoch 35/600
14:29:26 Train 48/48 - loss: 0.4064 - acc: 0.9001
14:29:27 Valid 5/5 - loss: 0.3473 - acc: 0.8891
Epoch 36/600
14:29:38 Train 48/48 - loss: 0.3994 - acc: 0.9024
Epoch 37/600
14:29:48 Train 48/48 - loss: 0.3993 - acc: 0.9018
Epoch 38/600
14:29:59 Train 48/48 - loss: 0.4005 - acc: 0.9002
Epoch 39/600
14:30:09 Train 48/48 - loss: 0.3889 - acc: 0.9037
Epoch 40/600
14:30:20 Train 48/48 - loss: 0.3803 - acc: 0.9052
14:30:21 Valid 5/5 - loss: 0.4964 - acc: 0.8510
Epoch 41/600
14:30:32 Train 48/48 - loss: 0.3793 - acc: 0.9073
Epoch 42/600
14:30:42 Train 48/48 - loss: 0.3743 - acc: 0.9080
Epoch 43/600
14:30:53 Train 48/48 - loss: 0.3675 - acc: 0.9101
Epoch 44/600
14:31:03 Train 48/48 - loss: 0.3655 - acc: 0.9109
Epoch 45/600
14:31:14 Train 48/48 - loss: 0.3638 - acc: 0.9099
14:31:15 Valid 5/5 - loss: 0.4174 - acc: 0.8683
Epoch 46/600
14:31:25 Train 48/48 - loss: 0.3594 - acc: 0.9122
Epoch 47/600
14:31:36 Train 48/48 - loss: 0.3602 - acc: 0.9100
Epoch 48/600
14:31:46 Train 48/48 - loss: 0.3457 - acc: 0.9149
Epoch 49/600
14:31:57 Train 48/48 - loss: 0.3477 - acc: 0.9136
Epoch 50/600
14:32:07 Train 48/48 - loss: 0.3526 - acc: 0.9125
14:32:09 Valid 5/5 - loss: 0.4292 - acc: 0.8713
Epoch 51/600
14:32:19 Train 48/48 - loss: 0.3329 - acc: 0.9182
Epoch 52/600
14:32:30 Train 48/48 - loss: 0.3427 - acc: 0.9160
Epoch 53/600
14:32:40 Train 48/48 - loss: 0.3405 - acc: 0.9167
Epoch 54/600
14:32:51 Train 48/48 - loss: 0.3388 - acc: 0.9176
Epoch 55/600
14:33:01 Train 48/48 - loss: 0.3358 - acc: 0.9165
14:33:03 Valid 5/5 - loss: 0.2888 - acc: 0.9069
Epoch 56/600
14:33:13 Train 48/48 - loss: 0.3326 - acc: 0.9181
Epoch 57/600
14:33:24 Train 48/48 - loss: 0.3278 - acc: 0.9189
Epoch 58/600
14:33:34 Train 48/48 - loss: 0.3248 - acc: 0.9211
Epoch 59/600
14:33:45 Train 48/48 - loss: 0.3297 - acc: 0.9186
Epoch 60/600
14:33:55 Train 48/48 - loss: 0.3195 - acc: 0.9211
14:33:57 Valid 5/5 - loss: 0.3835 - acc: 0.8814
Epoch 61/600
14:34:07 Train 48/48 - loss: 0.3182 - acc: 0.9219
Epoch 62/600
14:34:18 Train 48/48 - loss: 0.3231 - acc: 0.9216
Epoch 63/600
14:34:28 Train 48/48 - loss: 0.3141 - acc: 0.9226
Epoch 64/600
14:34:39 Train 48/48 - loss: 0.3220 - acc: 0.9219
Epoch 65/600
14:34:49 Train 48/48 - loss: 0.3105 - acc: 0.9246
14:34:51 Valid 5/5 - loss: 0.3558 - acc: 0.8917
Epoch 66/600
14:35:01 Train 48/48 - loss: 0.3048 - acc: 0.9249
Epoch 67/600
14:35:11 Train 48/48 - loss: 0.3091 - acc: 0.9232
Epoch 68/600
14:35:22 Train 48/48 - loss: 0.3053 - acc: 0.9243
Epoch 69/600
14:35:32 Train 48/48 - loss: 0.3104 - acc: 0.9243
Epoch 70/600
14:35:43 Train 48/48 - loss: 0.3128 - acc: 0.9227
14:35:44 Valid 5/5 - loss: 0.2807 - acc: 0.9103
Epoch 71/600
14:35:55 Train 48/48 - loss: 0.3056 - acc: 0.9250
Epoch 72/600
14:36:05 Train 48/48 - loss: 0.3010 - acc: 0.9262
Epoch 73/600
14:36:16 Train 48/48 - loss: 0.2971 - acc: 0.9280
Epoch 74/600
14:36:26 Train 48/48 - loss: 0.3009 - acc: 0.9248
Epoch 75/600
14:36:37 Train 48/48 - loss: 0.3127 - acc: 0.9232
14:36:38 Valid 5/5 - loss: 0.3485 - acc: 0.8926
Epoch 76/600
14:36:49 Train 48/48 - loss: 0.3061 - acc: 0.9246
Epoch 77/600
14:36:59 Train 48/48 - loss: 0.3028 - acc: 0.9259
Epoch 78/600
14:37:10 Train 48/48 - loss: 0.2986 - acc: 0.9264
Epoch 79/600
14:37:20 Train 48/48 - loss: 0.2983 - acc: 0.9267
Epoch 80/600
14:37:31 Train 48/48 - loss: 0.2978 - acc: 0.9269
14:37:32 Valid 5/5 - loss: 0.2882 - acc: 0.9110
Epoch 81/600
14:37:43 Train 48/48 - loss: 0.2928 - acc: 0.9274
Epoch 82/600
14:37:53 Train 48/48 - loss: 0.2944 - acc: 0.9288
Epoch 83/600
14:38:04 Train 48/48 - loss: 0.2855 - acc: 0.9297
Epoch 84/600
14:38:14 Train 48/48 - loss: 0.2804 - acc: 0.9319
Epoch 85/600
14:38:25 Train 48/48 - loss: 0.2894 - acc: 0.9293
14:38:26 Valid 5/5 - loss: 0.3184 - acc: 0.8962
Epoch 86/600
14:38:36 Train 48/48 - loss: 0.2880 - acc: 0.9306
Epoch 87/600
14:38:47 Train 48/48 - loss: 0.2881 - acc: 0.9273
Epoch 88/600
14:38:57 Train 48/48 - loss: 0.2775 - acc: 0.9320
Epoch 89/600
14:39:08 Train 48/48 - loss: 0.2856 - acc: 0.9286
Epoch 90/600
14:39:18 Train 48/48 - loss: 0.2718 - acc: 0.9331
14:39:20 Valid 5/5 - loss: 0.3804 - acc: 0.8886
Epoch 91/600
14:39:30 Train 48/48 - loss: 0.2784 - acc: 0.9320
Epoch 92/600
14:39:41 Train 48/48 - loss: 0.2855 - acc: 0.9313
Epoch 93/600
14:39:51 Train 48/48 - loss: 0.2748 - acc: 0.9321
Epoch 94/600
14:40:02 Train 48/48 - loss: 0.2766 - acc: 0.9308
Epoch 95/600
14:40:12 Train 48/48 - loss: 0.2775 - acc: 0.9317
14:40:14 Valid 5/5 - loss: 0.3847 - acc: 0.8841
Epoch 96/600
14:40:24 Train 48/48 - loss: 0.2786 - acc: 0.9319
Epoch 97/600
14:40:35 Train 48/48 - loss: 0.2694 - acc: 0.9351
Epoch 98/600
14:40:45 Train 48/48 - loss: 0.2671 - acc: 0.9352
Epoch 99/600
14:40:56 Train 48/48 - loss: 0.2721 - acc: 0.9326
Epoch 100/600
14:41:06 Train 48/48 - loss: 0.2719 - acc: 0.9340
14:41:08 Valid 5/5 - loss: 0.3519 - acc: 0.8962
Epoch 101/600
14:41:18 Train 48/48 - loss: 0.2720 - acc: 0.9352
Epoch 102/600
14:41:29 Train 48/48 - loss: 0.2711 - acc: 0.9339
Epoch 103/600
14:41:39 Train 48/48 - loss: 0.2580 - acc: 0.9369
Epoch 104/600
14:41:50 Train 48/48 - loss: 0.2643 - acc: 0.9357
Epoch 105/600
14:42:00 Train 48/48 - loss: 0.2671 - acc: 0.9356
14:42:02 Valid 5/5 - loss: 0.2972 - acc: 0.9123
Epoch 106/600
14:42:12 Train 48/48 - loss: 0.2612 - acc: 0.9368
Epoch 107/600
14:42:23 Train 48/48 - loss: 0.2578 - acc: 0.9366
Epoch 108/600
14:42:33 Train 48/48 - loss: 0.2615 - acc: 0.9370
Epoch 109/600
14:42:44 Train 48/48 - loss: 0.2626 - acc: 0.9352
Epoch 110/600
14:42:54 Train 48/48 - loss: 0.2573 - acc: 0.9377
14:42:56 Valid 5/5 - loss: 0.3153 - acc: 0.9066
Epoch 111/600
14:43:06 Train 48/48 - loss: 0.2574 - acc: 0.9378
Epoch 112/600
14:43:17 Train 48/48 - loss: 0.2472 - acc: 0.9395
Epoch 113/600
14:43:27 Train 48/48 - loss: 0.2510 - acc: 0.9397
Epoch 114/600
14:43:38 Train 48/48 - loss: 0.2639 - acc: 0.9364
Epoch 115/600
14:43:48 Train 48/48 - loss: 0.2560 - acc: 0.9384
14:43:50 Valid 5/5 - loss: 0.2620 - acc: 0.9183
Epoch 116/600
14:44:00 Train 48/48 - loss: 0.2455 - acc: 0.9406
Epoch 117/600
14:44:11 Train 48/48 - loss: 0.2578 - acc: 0.9381
Epoch 118/600
14:44:21 Train 48/48 - loss: 0.2513 - acc: 0.9398
Epoch 119/600
14:44:32 Train 48/48 - loss: 0.2547 - acc: 0.9380
Epoch 120/600
14:44:42 Train 48/48 - loss: 0.2516 - acc: 0.9398
14:44:43 Valid 5/5 - loss: 0.2626 - acc: 0.9232
Epoch 121/600
14:44:54 Train 48/48 - loss: 0.2454 - acc: 0.9402
Epoch 122/600
14:45:04 Train 48/48 - loss: 0.2505 - acc: 0.9401
Epoch 123/600
14:45:15 Train 48/48 - loss: 0.2426 - acc: 0.9411
Epoch 124/600
14:45:25 Train 48/48 - loss: 0.2450 - acc: 0.9397
Epoch 125/600
14:45:36 Train 48/48 - loss: 0.2435 - acc: 0.9404
14:45:37 Valid 5/5 - loss: 0.4689 - acc: 0.8703
Epoch 126/600
14:45:48 Train 48/48 - loss: 0.2443 - acc: 0.9412
Epoch 127/600
14:45:58 Train 48/48 - loss: 0.2421 - acc: 0.9410
Epoch 128/600
14:46:09 Train 48/48 - loss: 0.2468 - acc: 0.9405
Epoch 129/600
14:46:19 Train 48/48 - loss: 0.2373 - acc: 0.9418
Epoch 130/600
14:46:30 Train 48/48 - loss: 0.2403 - acc: 0.9415
14:46:31 Valid 5/5 - loss: 0.3677 - acc: 0.8955
Epoch 131/600
14:46:42 Train 48/48 - loss: 0.2412 - acc: 0.9415
Epoch 132/600
14:46:52 Train 48/48 - loss: 0.2353 - acc: 0.9423
Epoch 133/600
14:47:03 Train 48/48 - loss: 0.2389 - acc: 0.9419
Epoch 134/600
14:47:13 Train 48/48 - loss: 0.2366 - acc: 0.9427
Epoch 135/600
14:47:24 Train 48/48 - loss: 0.2401 - acc: 0.9410
14:47:25 Valid 5/5 - loss: 0.3510 - acc: 0.8956
Epoch 136/600
14:47:36 Train 48/48 - loss: 0.2393 - acc: 0.9432
Epoch 137/600
14:47:46 Train 48/48 - loss: 0.2386 - acc: 0.9431
Epoch 138/600
14:47:57 Train 48/48 - loss: 0.2399 - acc: 0.9422
Epoch 139/600
14:48:07 Train 48/48 - loss: 0.2334 - acc: 0.9437
Epoch 140/600
14:48:18 Train 48/48 - loss: 0.2349 - acc: 0.9430
14:48:19 Valid 5/5 - loss: 0.3645 - acc: 0.8949
Epoch 141/600
14:48:30 Train 48/48 - loss: 0.2306 - acc: 0.9434
Epoch 142/600
14:48:40 Train 48/48 - loss: 0.2339 - acc: 0.9425
Epoch 143/600
14:48:50 Train 48/48 - loss: 0.2302 - acc: 0.9439
Epoch 144/600
14:49:01 Train 48/48 - loss: 0.2214 - acc: 0.9477
Epoch 145/600
14:49:12 Train 48/48 - loss: 0.2268 - acc: 0.9454
14:49:13 Valid 5/5 - loss: 0.2902 - acc: 0.9100
Epoch 146/600
14:49:23 Train 48/48 - loss: 0.2278 - acc: 0.9448
Epoch 147/600
14:49:34 Train 48/48 - loss: 0.2295 - acc: 0.9447
Epoch 148/600
14:49:44 Train 48/48 - loss: 0.2294 - acc: 0.9453
Epoch 149/600
14:49:55 Train 48/48 - loss: 0.2252 - acc: 0.9451
Epoch 150/600
14:50:05 Train 48/48 - loss: 0.2255 - acc: 0.9450
14:50:07 Valid 5/5 - loss: 0.3352 - acc: 0.9046
Epoch 151/600
14:50:17 Train 48/48 - loss: 0.2257 - acc: 0.9454
Epoch 152/600
14:50:28 Train 48/48 - loss: 0.2279 - acc: 0.9455
Epoch 153/600
14:50:38 Train 48/48 - loss: 0.2228 - acc: 0.9467
Epoch 154/600
14:50:49 Train 48/48 - loss: 0.2303 - acc: 0.9435
Epoch 155/600
14:50:59 Train 48/48 - loss: 0.2182 - acc: 0.9485
14:51:01 Valid 5/5 - loss: 0.2599 - acc: 0.9221
Epoch 156/600
14:51:11 Train 48/48 - loss: 0.2229 - acc: 0.9463
Epoch 157/600
14:51:22 Train 48/48 - loss: 0.2221 - acc: 0.9476
Epoch 158/600
14:51:32 Train 48/48 - loss: 0.2203 - acc: 0.9474
Epoch 159/600
14:51:43 Train 48/48 - loss: 0.2203 - acc: 0.9459
Epoch 160/600
14:51:53 Train 48/48 - loss: 0.2171 - acc: 0.9476
14:51:55 Valid 5/5 - loss: 0.3771 - acc: 0.8886
Epoch 161/600
14:52:05 Train 48/48 - loss: 0.2191 - acc: 0.9474
Epoch 162/600
14:52:15 Train 48/48 - loss: 0.2195 - acc: 0.9479
Epoch 163/600
14:52:26 Train 48/48 - loss: 0.2072 - acc: 0.9509
Epoch 164/600
14:52:36 Train 48/48 - loss: 0.2200 - acc: 0.9476
Epoch 165/600
14:52:47 Train 48/48 - loss: 0.2132 - acc: 0.9484
14:52:48 Valid 5/5 - loss: 0.3670 - acc: 0.8957
Epoch 166/600
14:52:59 Train 48/48 - loss: 0.2141 - acc: 0.9486
Epoch 167/600
14:53:09 Train 48/48 - loss: 0.2146 - acc: 0.9486
Epoch 168/600
14:53:20 Train 48/48 - loss: 0.2180 - acc: 0.9474
Epoch 169/600
14:53:30 Train 48/48 - loss: 0.2194 - acc: 0.9470
Epoch 170/600
14:53:41 Train 48/48 - loss: 0.2114 - acc: 0.9497
14:53:42 Valid 5/5 - loss: 0.2934 - acc: 0.9155
Epoch 171/600
14:53:53 Train 48/48 - loss: 0.2132 - acc: 0.9484
Epoch 172/600
14:54:03 Train 48/48 - loss: 0.2080 - acc: 0.9489
Epoch 173/600
14:54:14 Train 48/48 - loss: 0.2077 - acc: 0.9498
Epoch 174/600
14:54:24 Train 48/48 - loss: 0.2103 - acc: 0.9496
Epoch 175/600
14:54:35 Train 48/48 - loss: 0.2058 - acc: 0.9506
14:54:36 Valid 5/5 - loss: 0.2849 - acc: 0.9144
Epoch 176/600
14:54:47 Train 48/48 - loss: 0.2129 - acc: 0.9491
Epoch 177/600
14:54:57 Train 48/48 - loss: 0.2030 - acc: 0.9508
Epoch 178/600
14:55:08 Train 48/48 - loss: 0.2007 - acc: 0.9529
Epoch 179/600
14:55:18 Train 48/48 - loss: 0.2121 - acc: 0.9478
Epoch 180/600
14:55:29 Train 48/48 - loss: 0.2049 - acc: 0.9494
14:55:30 Valid 5/5 - loss: 0.3318 - acc: 0.9103
Epoch 181/600
14:55:40 Train 48/48 - loss: 0.2089 - acc: 0.9505
Epoch 182/600
14:55:51 Train 48/48 - loss: 0.2093 - acc: 0.9506
Epoch 183/600
14:56:01 Train 48/48 - loss: 0.2063 - acc: 0.9515
Epoch 184/600
14:56:12 Train 48/48 - loss: 0.2019 - acc: 0.9502
Epoch 185/600
14:56:22 Train 48/48 - loss: 0.1986 - acc: 0.9518
14:56:24 Valid 5/5 - loss: 0.3782 - acc: 0.8939
Epoch 186/600
14:56:34 Train 48/48 - loss: 0.2071 - acc: 0.9503
Epoch 187/600
14:56:45 Train 48/48 - loss: 0.2030 - acc: 0.9515
Epoch 188/600
14:56:55 Train 48/48 - loss: 0.1998 - acc: 0.9526
Epoch 189/600
14:57:06 Train 48/48 - loss: 0.2037 - acc: 0.9510
Epoch 190/600
14:57:16 Train 48/48 - loss: 0.1988 - acc: 0.9517
14:57:18 Valid 5/5 - loss: 0.3474 - acc: 0.9050
Epoch 191/600
14:57:28 Train 48/48 - loss: 0.2013 - acc: 0.9514
Epoch 192/600
14:57:39 Train 48/48 - loss: 0.1906 - acc: 0.9547
Epoch 193/600
14:57:49 Train 48/48 - loss: 0.2027 - acc: 0.9514
Epoch 194/600
14:58:00 Train 48/48 - loss: 0.1968 - acc: 0.9532
Epoch 195/600
14:58:10 Train 48/48 - loss: 0.2065 - acc: 0.9495
14:58:12 Valid 5/5 - loss: 0.3135 - acc: 0.9082
Epoch 196/600
14:58:22 Train 48/48 - loss: 0.1945 - acc: 0.9530
Epoch 197/600
14:58:33 Train 48/48 - loss: 0.1878 - acc: 0.9545
Epoch 198/600
14:58:43 Train 48/48 - loss: 0.1956 - acc: 0.9521
Epoch 199/600
14:58:54 Train 48/48 - loss: 0.1892 - acc: 0.9549
Epoch 200/600
14:59:04 Train 48/48 - loss: 0.1920 - acc: 0.9533
14:59:05 Valid 5/5 - loss: 0.3093 - acc: 0.9143
Epoch 201/600
14:59:16 Train 48/48 - loss: 0.2005 - acc: 0.9523
Epoch 202/600
14:59:26 Train 48/48 - loss: 0.1875 - acc: 0.9555
Epoch 203/600
14:59:37 Train 48/48 - loss: 0.1864 - acc: 0.9558
Epoch 204/600
14:59:47 Train 48/48 - loss: 0.1827 - acc: 0.9562
Epoch 205/600
14:59:58 Train 48/48 - loss: 0.1792 - acc: 0.9576
14:59:59 Valid 5/5 - loss: 0.3086 - acc: 0.9147
Epoch 206/600
15:00:10 Train 48/48 - loss: 0.1909 - acc: 0.9544
Epoch 207/600
15:00:20 Train 48/48 - loss: 0.1866 - acc: 0.9556
Epoch 208/600
15:00:31 Train 48/48 - loss: 0.1954 - acc: 0.9531
Epoch 209/600
15:00:41 Train 48/48 - loss: 0.1871 - acc: 0.9558
Epoch 210/600
15:00:52 Train 48/48 - loss: 0.1840 - acc: 0.9556
15:00:53 Valid 5/5 - loss: 0.2930 - acc: 0.9164
Epoch 211/600
15:01:04 Train 48/48 - loss: 0.1883 - acc: 0.9545
Epoch 212/600
15:01:14 Train 48/48 - loss: 0.1886 - acc: 0.9547
Epoch 213/600
15:01:25 Train 48/48 - loss: 0.1844 - acc: 0.9568
Epoch 214/600
15:01:35 Train 48/48 - loss: 0.1796 - acc: 0.9579
Epoch 215/600
15:01:46 Train 48/48 - loss: 0.1798 - acc: 0.9571
15:01:47 Valid 5/5 - loss: 0.2232 - acc: 0.9347
Epoch 216/600
15:01:58 Train 48/48 - loss: 0.1799 - acc: 0.9577
Epoch 217/600
15:02:08 Train 48/48 - loss: 0.1814 - acc: 0.9564
Epoch 218/600
15:02:19 Train 48/48 - loss: 0.1792 - acc: 0.9572
Epoch 219/600
15:02:29 Train 48/48 - loss: 0.1782 - acc: 0.9580
Epoch 220/600
15:02:40 Train 48/48 - loss: 0.1804 - acc: 0.9574
15:02:41 Valid 5/5 - loss: 0.3310 - acc: 0.9120
Epoch 221/600
15:02:51 Train 48/48 - loss: 0.1762 - acc: 0.9576
Epoch 222/600
15:03:02 Train 48/48 - loss: 0.1765 - acc: 0.9584
Epoch 223/600
15:03:12 Train 48/48 - loss: 0.1847 - acc: 0.9563
Epoch 224/600
15:03:23 Train 48/48 - loss: 0.1757 - acc: 0.9582
Epoch 225/600
15:03:33 Train 48/48 - loss: 0.1795 - acc: 0.9577
15:03:35 Valid 5/5 - loss: 0.5141 - acc: 0.8802
Epoch 226/600
15:03:45 Train 48/48 - loss: 0.1732 - acc: 0.9589
Epoch 227/600
15:03:56 Train 48/48 - loss: 0.1734 - acc: 0.9588
Epoch 228/600
15:04:06 Train 48/48 - loss: 0.1762 - acc: 0.9578
Epoch 229/600
15:04:17 Train 48/48 - loss: 0.1797 - acc: 0.9571
Epoch 230/600
15:04:27 Train 48/48 - loss: 0.1756 - acc: 0.9588
15:04:29 Valid 5/5 - loss: 0.4292 - acc: 0.8895
Epoch 231/600
15:04:39 Train 48/48 - loss: 0.1759 - acc: 0.9585
Epoch 232/600
15:04:50 Train 48/48 - loss: 0.1710 - acc: 0.9590
Epoch 233/600
15:05:00 Train 48/48 - loss: 0.1760 - acc: 0.9581
Epoch 234/600
15:05:11 Train 48/48 - loss: 0.1739 - acc: 0.9580
Epoch 235/600
15:05:21 Train 48/48 - loss: 0.1718 - acc: 0.9597
15:05:23 Valid 5/5 - loss: 0.2557 - acc: 0.9252
Epoch 236/600
15:05:33 Train 48/48 - loss: 0.1734 - acc: 0.9580
Epoch 237/600
15:05:44 Train 48/48 - loss: 0.1707 - acc: 0.9593
Epoch 238/600
15:05:54 Train 48/48 - loss: 0.1663 - acc: 0.9606
Epoch 239/600
15:06:05 Train 48/48 - loss: 0.1756 - acc: 0.9581
Epoch 240/600
15:06:15 Train 48/48 - loss: 0.1740 - acc: 0.9582
15:06:16 Valid 5/5 - loss: 0.3025 - acc: 0.9152
Epoch 241/600
15:06:27 Train 48/48 - loss: 0.1596 - acc: 0.9624
Epoch 242/600
15:06:37 Train 48/48 - loss: 0.1593 - acc: 0.9624
Epoch 243/600
15:06:48 Train 48/48 - loss: 0.1726 - acc: 0.9597
Epoch 244/600
15:06:58 Train 48/48 - loss: 0.1654 - acc: 0.9597
Epoch 245/600
15:07:09 Train 48/48 - loss: 0.1661 - acc: 0.9604
15:07:11 Valid 5/5 - loss: 0.3093 - acc: 0.9128
Epoch 246/600
15:07:21 Train 48/48 - loss: 0.1688 - acc: 0.9598
Epoch 247/600
15:07:32 Train 48/48 - loss: 0.1634 - acc: 0.9616
Epoch 248/600
15:07:42 Train 48/48 - loss: 0.1662 - acc: 0.9615
Epoch 249/600
15:07:53 Train 48/48 - loss: 0.1633 - acc: 0.9616
Epoch 250/600
15:08:03 Train 48/48 - loss: 0.1596 - acc: 0.9629
15:08:05 Valid 5/5 - loss: 0.2466 - acc: 0.9337
Epoch 251/600
15:08:15 Train 48/48 - loss: 0.1579 - acc: 0.9618
Epoch 252/600
15:08:26 Train 48/48 - loss: 0.1623 - acc: 0.9620
Epoch 253/600
15:08:36 Train 48/48 - loss: 0.1610 - acc: 0.9626
Epoch 254/600
15:08:47 Train 48/48 - loss: 0.1487 - acc: 0.9647
Epoch 255/600
15:08:57 Train 48/48 - loss: 0.1620 - acc: 0.9616
15:08:59 Valid 5/5 - loss: 0.2763 - acc: 0.9228
Epoch 256/600
15:09:09 Train 48/48 - loss: 0.1635 - acc: 0.9619
Epoch 257/600
15:09:20 Train 48/48 - loss: 0.1537 - acc: 0.9632
Epoch 258/600
15:09:30 Train 48/48 - loss: 0.1602 - acc: 0.9619
Epoch 259/600
15:09:41 Train 48/48 - loss: 0.1519 - acc: 0.9634
Epoch 260/600
15:09:51 Train 48/48 - loss: 0.1568 - acc: 0.9618
15:09:52 Valid 5/5 - loss: 0.2726 - acc: 0.9251
Epoch 261/600
15:10:03 Train 48/48 - loss: 0.1609 - acc: 0.9614
Epoch 262/600
15:10:13 Train 48/48 - loss: 0.1550 - acc: 0.9638
Epoch 263/600
15:10:24 Train 48/48 - loss: 0.1585 - acc: 0.9626
Epoch 264/600
15:10:34 Train 48/48 - loss: 0.1535 - acc: 0.9645
Epoch 265/600
15:10:45 Train 48/48 - loss: 0.1511 - acc: 0.9639
15:10:46 Valid 5/5 - loss: 0.2310 - acc: 0.9375
Epoch 266/600
15:10:57 Train 48/48 - loss: 0.1559 - acc: 0.9636
Epoch 267/600
15:11:07 Train 48/48 - loss: 0.1528 - acc: 0.9643
Epoch 268/600
15:11:18 Train 48/48 - loss: 0.1551 - acc: 0.9637
Epoch 269/600
15:11:28 Train 48/48 - loss: 0.1528 - acc: 0.9637
Epoch 270/600
15:11:39 Train 48/48 - loss: 0.1529 - acc: 0.9644
15:11:40 Valid 5/5 - loss: 0.3264 - acc: 0.9108
Epoch 271/600
15:11:51 Train 48/48 - loss: 0.1505 - acc: 0.9660
Epoch 272/600
15:12:01 Train 48/48 - loss: 0.1467 - acc: 0.9663
Epoch 273/600
15:12:12 Train 48/48 - loss: 0.1500 - acc: 0.9642
Epoch 274/600
15:12:22 Train 48/48 - loss: 0.1421 - acc: 0.9662
Epoch 275/600
15:12:33 Train 48/48 - loss: 0.1482 - acc: 0.9650
15:12:34 Valid 5/5 - loss: 0.3305 - acc: 0.9126
Epoch 276/600
15:12:45 Train 48/48 - loss: 0.1431 - acc: 0.9663
Epoch 277/600
15:12:55 Train 48/48 - loss: 0.1473 - acc: 0.9658
Epoch 278/600
15:13:06 Train 48/48 - loss: 0.1467 - acc: 0.9656
Epoch 279/600
15:13:16 Train 48/48 - loss: 0.1486 - acc: 0.9649
Epoch 280/600
15:13:26 Train 48/48 - loss: 0.1456 - acc: 0.9650
15:13:28 Valid 5/5 - loss: 0.2333 - acc: 0.9321
Epoch 281/600
15:13:38 Train 48/48 - loss: 0.1460 - acc: 0.9651
Epoch 282/600
15:13:49 Train 48/48 - loss: 0.1470 - acc: 0.9660
Epoch 283/600
15:13:59 Train 48/48 - loss: 0.1435 - acc: 0.9658
Epoch 284/600
15:14:10 Train 48/48 - loss: 0.1432 - acc: 0.9663
Epoch 285/600
15:14:20 Train 48/48 - loss: 0.1389 - acc: 0.9673
15:14:22 Valid 5/5 - loss: 0.3359 - acc: 0.9095
Epoch 286/600
15:14:32 Train 48/48 - loss: 0.1453 - acc: 0.9668
Epoch 287/600
15:14:43 Train 48/48 - loss: 0.1423 - acc: 0.9665
Epoch 288/600
15:14:53 Train 48/48 - loss: 0.1340 - acc: 0.9689
Epoch 289/600
15:15:04 Train 48/48 - loss: 0.1394 - acc: 0.9673
Epoch 290/600
15:15:14 Train 48/48 - loss: 0.1410 - acc: 0.9665
15:15:16 Valid 5/5 - loss: 0.3097 - acc: 0.9242
Epoch 291/600
15:15:26 Train 48/48 - loss: 0.1426 - acc: 0.9662
Epoch 292/600
15:15:37 Train 48/48 - loss: 0.1394 - acc: 0.9682
Epoch 293/600
15:15:47 Train 48/48 - loss: 0.1345 - acc: 0.9681
Epoch 294/600
15:15:58 Train 48/48 - loss: 0.1369 - acc: 0.9681
Epoch 295/600
15:16:08 Train 48/48 - loss: 0.1390 - acc: 0.9675
15:16:10 Valid 5/5 - loss: 0.2511 - acc: 0.9325
Epoch 296/600
15:16:20 Train 48/48 - loss: 0.1305 - acc: 0.9701
Epoch 297/600
15:16:31 Train 48/48 - loss: 0.1442 - acc: 0.9656
Epoch 298/600
15:16:41 Train 48/48 - loss: 0.1288 - acc: 0.9700
Epoch 299/600
15:16:52 Train 48/48 - loss: 0.1337 - acc: 0.9690
Epoch 300/600
15:17:02 Train 48/48 - loss: 0.1330 - acc: 0.9690
15:17:03 Valid 5/5 - loss: 0.3025 - acc: 0.9255
Epoch 301/600
15:17:14 Train 48/48 - loss: 0.1296 - acc: 0.9696
Epoch 302/600
15:17:24 Train 48/48 - loss: 0.1323 - acc: 0.9689
Epoch 303/600
15:17:35 Train 48/48 - loss: 0.1303 - acc: 0.9697
Epoch 304/600
15:17:45 Train 48/48 - loss: 0.1318 - acc: 0.9695
Epoch 305/600
15:17:56 Train 48/48 - loss: 0.1367 - acc: 0.9679
15:17:57 Valid 5/5 - loss: 0.2323 - acc: 0.9375
Epoch 306/600
15:18:08 Train 48/48 - loss: 0.1260 - acc: 0.9705
Epoch 307/600
15:18:18 Train 48/48 - loss: 0.1357 - acc: 0.9683
Epoch 308/600
15:18:29 Train 48/48 - loss: 0.1294 - acc: 0.9706
Epoch 309/600
15:18:39 Train 48/48 - loss: 0.1282 - acc: 0.9703
Epoch 310/600
15:18:50 Train 48/48 - loss: 0.1209 - acc: 0.9723
15:18:51 Valid 5/5 - loss: 0.2455 - acc: 0.9341
Epoch 311/600
15:19:02 Train 48/48 - loss: 0.1260 - acc: 0.9697
Epoch 312/600
15:19:12 Train 48/48 - loss: 0.1222 - acc: 0.9717
Epoch 313/600
15:19:23 Train 48/48 - loss: 0.1264 - acc: 0.9704
Epoch 314/600
15:19:33 Train 48/48 - loss: 0.1234 - acc: 0.9714
Epoch 315/600
15:19:44 Train 48/48 - loss: 0.1211 - acc: 0.9712
15:19:45 Valid 5/5 - loss: 0.2273 - acc: 0.9381
Epoch 316/600
15:19:56 Train 48/48 - loss: 0.1308 - acc: 0.9692
Epoch 317/600
15:20:06 Train 48/48 - loss: 0.1254 - acc: 0.9706
Epoch 318/600
15:20:17 Train 48/48 - loss: 0.1262 - acc: 0.9705
Epoch 319/600
15:20:27 Train 48/48 - loss: 0.1199 - acc: 0.9716
Epoch 320/600
15:20:38 Train 48/48 - loss: 0.1141 - acc: 0.9731
15:20:39 Valid 5/5 - loss: 0.2758 - acc: 0.9248
Epoch 321/600
15:20:50 Train 48/48 - loss: 0.1194 - acc: 0.9725
Epoch 322/600
15:21:00 Train 48/48 - loss: 0.1204 - acc: 0.9721
Epoch 323/600
15:21:11 Train 48/48 - loss: 0.1162 - acc: 0.9729
Epoch 324/600
15:21:21 Train 48/48 - loss: 0.1199 - acc: 0.9720
Epoch 325/600
15:21:32 Train 48/48 - loss: 0.1165 - acc: 0.9730
15:21:33 Valid 5/5 - loss: 0.2463 - acc: 0.9339
Epoch 326/600
15:21:44 Train 48/48 - loss: 0.1197 - acc: 0.9718
Epoch 327/600
15:21:54 Train 48/48 - loss: 0.1121 - acc: 0.9744
Epoch 328/600
15:22:05 Train 48/48 - loss: 0.1155 - acc: 0.9733
Epoch 329/600
15:22:15 Train 48/48 - loss: 0.1141 - acc: 0.9739
Epoch 330/600
15:22:26 Train 48/48 - loss: 0.1099 - acc: 0.9751
15:22:27 Valid 5/5 - loss: 0.4268 - acc: 0.9019
Epoch 331/600
15:22:37 Train 48/48 - loss: 0.1136 - acc: 0.9736
Epoch 332/600
15:22:48 Train 48/48 - loss: 0.1163 - acc: 0.9724
Epoch 333/600
15:22:58 Train 48/48 - loss: 0.1133 - acc: 0.9733
Epoch 334/600
15:23:09 Train 48/48 - loss: 0.1140 - acc: 0.9741
Epoch 335/600
15:23:19 Train 48/48 - loss: 0.1097 - acc: 0.9743
15:23:21 Valid 5/5 - loss: 0.2630 - acc: 0.9289
Epoch 336/600
15:23:31 Train 48/48 - loss: 0.1154 - acc: 0.9740
Epoch 337/600
15:23:42 Train 48/48 - loss: 0.1136 - acc: 0.9738
Epoch 338/600
15:23:52 Train 48/48 - loss: 0.1068 - acc: 0.9753
Epoch 339/600
15:24:03 Train 48/48 - loss: 0.1082 - acc: 0.9751
Epoch 340/600
15:24:13 Train 48/48 - loss: 0.1105 - acc: 0.9743
15:24:15 Valid 5/5 - loss: 0.2675 - acc: 0.9312
Epoch 341/600
15:24:25 Train 48/48 - loss: 0.1071 - acc: 0.9746
Epoch 342/600
15:24:36 Train 48/48 - loss: 0.1103 - acc: 0.9745
Epoch 343/600
15:24:46 Train 48/48 - loss: 0.1037 - acc: 0.9767
Epoch 344/600
15:24:57 Train 48/48 - loss: 0.1047 - acc: 0.9760
Epoch 345/600
15:25:07 Train 48/48 - loss: 0.1049 - acc: 0.9759
15:25:09 Valid 5/5 - loss: 0.2371 - acc: 0.9379
Epoch 346/600
15:25:19 Train 48/48 - loss: 0.1035 - acc: 0.9756
Epoch 347/600
15:25:30 Train 48/48 - loss: 0.1075 - acc: 0.9755
Epoch 348/600
15:25:40 Train 48/48 - loss: 0.1077 - acc: 0.9756
Epoch 349/600
15:25:51 Train 48/48 - loss: 0.1041 - acc: 0.9769
Epoch 350/600
15:26:01 Train 48/48 - loss: 0.0957 - acc: 0.9786
15:26:03 Valid 5/5 - loss: 0.2548 - acc: 0.9376
Epoch 351/600
15:26:13 Train 48/48 - loss: 0.0965 - acc: 0.9779
Epoch 352/600
15:26:24 Train 48/48 - loss: 0.0974 - acc: 0.9775
Epoch 353/600
15:26:34 Train 48/48 - loss: 0.1056 - acc: 0.9750
Epoch 354/600
15:26:45 Train 48/48 - loss: 0.1021 - acc: 0.9762
Epoch 355/600
15:26:55 Train 48/48 - loss: 0.0986 - acc: 0.9779
15:26:57 Valid 5/5 - loss: 0.2448 - acc: 0.9405
Epoch 356/600
15:27:07 Train 48/48 - loss: 0.0996 - acc: 0.9769
Epoch 357/600
15:27:18 Train 48/48 - loss: 0.1030 - acc: 0.9766
Epoch 358/600
15:27:28 Train 48/48 - loss: 0.0945 - acc: 0.9782
Epoch 359/600
15:27:39 Train 48/48 - loss: 0.0972 - acc: 0.9774
Epoch 360/600
15:27:49 Train 48/48 - loss: 0.0961 - acc: 0.9780
15:27:50 Valid 5/5 - loss: 0.2907 - acc: 0.9333
Epoch 361/600
15:28:01 Train 48/48 - loss: 0.0973 - acc: 0.9778
Epoch 362/600
15:28:11 Train 48/48 - loss: 0.1009 - acc: 0.9773
Epoch 363/600
15:28:22 Train 48/48 - loss: 0.0931 - acc: 0.9793
Epoch 364/600
15:28:32 Train 48/48 - loss: 0.0968 - acc: 0.9773
Epoch 365/600
15:28:43 Train 48/48 - loss: 0.0970 - acc: 0.9782
15:28:44 Valid 5/5 - loss: 0.1973 - acc: 0.9453
Epoch 366/600
15:28:55 Train 48/48 - loss: 0.0911 - acc: 0.9785
Epoch 367/600
15:29:05 Train 48/48 - loss: 0.0901 - acc: 0.9794
Epoch 368/600
15:29:16 Train 48/48 - loss: 0.0936 - acc: 0.9792
Epoch 369/600
15:29:26 Train 48/48 - loss: 0.0868 - acc: 0.9800
Epoch 370/600
15:29:37 Train 48/48 - loss: 0.0929 - acc: 0.9784
15:29:38 Valid 5/5 - loss: 0.2641 - acc: 0.9318
Epoch 371/600
15:29:49 Train 48/48 - loss: 0.0890 - acc: 0.9802
Epoch 372/600
15:29:59 Train 48/48 - loss: 0.0863 - acc: 0.9808
Epoch 373/600
15:30:10 Train 48/48 - loss: 0.0866 - acc: 0.9807
Epoch 374/600
15:30:20 Train 48/48 - loss: 0.0846 - acc: 0.9810
Epoch 375/600
15:30:31 Train 48/48 - loss: 0.0902 - acc: 0.9800
15:30:32 Valid 5/5 - loss: 0.2586 - acc: 0.9361
Epoch 376/600
15:30:43 Train 48/48 - loss: 0.0892 - acc: 0.9802
Epoch 377/600
15:30:53 Train 48/48 - loss: 0.0832 - acc: 0.9811
Epoch 378/600
15:31:04 Train 48/48 - loss: 0.0855 - acc: 0.9809
Epoch 379/600
15:31:14 Train 48/48 - loss: 0.0851 - acc: 0.9804
Epoch 380/600
15:31:25 Train 48/48 - loss: 0.0835 - acc: 0.9813
15:31:26 Valid 5/5 - loss: 0.2770 - acc: 0.9325
Epoch 381/600
15:31:37 Train 48/48 - loss: 0.0805 - acc: 0.9820
Epoch 382/600
15:31:47 Train 48/48 - loss: 0.0842 - acc: 0.9810
Epoch 383/600
15:31:58 Train 48/48 - loss: 0.0848 - acc: 0.9807
Epoch 384/600
15:32:08 Train 48/48 - loss: 0.0800 - acc: 0.9814
Epoch 385/600
15:32:19 Train 48/48 - loss: 0.0824 - acc: 0.9815
15:32:20 Valid 5/5 - loss: 0.2526 - acc: 0.9360
Epoch 386/600
15:32:30 Train 48/48 - loss: 0.0843 - acc: 0.9810
Epoch 387/600
15:32:41 Train 48/48 - loss: 0.0790 - acc: 0.9821
Epoch 388/600
15:32:51 Train 48/48 - loss: 0.0770 - acc: 0.9830
Epoch 389/600
15:33:02 Train 48/48 - loss: 0.0813 - acc: 0.9813
Epoch 390/600
15:33:12 Train 48/48 - loss: 0.0769 - acc: 0.9826
15:33:14 Valid 5/5 - loss: 0.2114 - acc: 0.9437
Epoch 391/600
15:33:24 Train 48/48 - loss: 0.0778 - acc: 0.9826
Epoch 392/600
15:33:35 Train 48/48 - loss: 0.0720 - acc: 0.9841
Epoch 393/600
15:33:45 Train 48/48 - loss: 0.0757 - acc: 0.9828
Epoch 394/600
15:33:56 Train 48/48 - loss: 0.0776 - acc: 0.9822
Epoch 395/600
15:34:06 Train 48/48 - loss: 0.0781 - acc: 0.9826
15:34:08 Valid 5/5 - loss: 0.2101 - acc: 0.9451
Epoch 396/600
15:34:18 Train 48/48 - loss: 0.0750 - acc: 0.9832
Epoch 397/600
15:34:29 Train 48/48 - loss: 0.0749 - acc: 0.9830
Epoch 398/600
15:34:39 Train 48/48 - loss: 0.0722 - acc: 0.9844
Epoch 399/600
15:34:50 Train 48/48 - loss: 0.0777 - acc: 0.9821
Epoch 400/600
15:35:00 Train 48/48 - loss: 0.0697 - acc: 0.9852
15:35:02 Valid 5/5 - loss: 0.2003 - acc: 0.9482
Epoch 401/600
15:35:12 Train 48/48 - loss: 0.0699 - acc: 0.9847
Epoch 402/600
15:35:23 Train 48/48 - loss: 0.0724 - acc: 0.9840
Epoch 403/600
15:35:33 Train 48/48 - loss: 0.0707 - acc: 0.9845
Epoch 404/600
15:35:44 Train 48/48 - loss: 0.0663 - acc: 0.9850
Epoch 405/600
15:35:54 Train 48/48 - loss: 0.0673 - acc: 0.9847
15:35:56 Valid 5/5 - loss: 0.2091 - acc: 0.9486
Epoch 406/600
15:36:06 Train 48/48 - loss: 0.0637 - acc: 0.9860
Epoch 407/600
15:36:17 Train 48/48 - loss: 0.0685 - acc: 0.9845
Epoch 408/600
15:36:27 Train 48/48 - loss: 0.0682 - acc: 0.9846
Epoch 409/600
15:36:38 Train 48/48 - loss: 0.0689 - acc: 0.9845
Epoch 410/600
15:36:48 Train 48/48 - loss: 0.0698 - acc: 0.9841
15:36:50 Valid 5/5 - loss: 0.1982 - acc: 0.9508
Epoch 411/600
15:37:00 Train 48/48 - loss: 0.0656 - acc: 0.9854
Epoch 412/600
15:37:11 Train 48/48 - loss: 0.0674 - acc: 0.9850
Epoch 413/600
15:37:21 Train 48/48 - loss: 0.0660 - acc: 0.9855
Epoch 414/600
15:37:32 Train 48/48 - loss: 0.0662 - acc: 0.9851
Epoch 415/600
15:37:42 Train 48/48 - loss: 0.0612 - acc: 0.9865
15:37:44 Valid 5/5 - loss: 0.2275 - acc: 0.9431
Epoch 416/600
15:37:54 Train 48/48 - loss: 0.0637 - acc: 0.9860
Epoch 417/600
15:38:05 Train 48/48 - loss: 0.0634 - acc: 0.9858
Epoch 418/600
15:38:15 Train 48/48 - loss: 0.0630 - acc: 0.9858
Epoch 419/600
15:38:26 Train 48/48 - loss: 0.0633 - acc: 0.9858
Epoch 420/600
15:38:36 Train 48/48 - loss: 0.0564 - acc: 0.9877
15:38:38 Valid 5/5 - loss: 0.2359 - acc: 0.9416
Epoch 421/600
15:38:48 Train 48/48 - loss: 0.0597 - acc: 0.9862
Epoch 422/600
15:38:59 Train 48/48 - loss: 0.0617 - acc: 0.9868
Epoch 423/600
15:39:09 Train 48/48 - loss: 0.0615 - acc: 0.9865
Epoch 424/600
15:39:19 Train 48/48 - loss: 0.0582 - acc: 0.9872
Epoch 425/600
15:39:30 Train 48/48 - loss: 0.0575 - acc: 0.9878
15:39:31 Valid 5/5 - loss: 0.2230 - acc: 0.9456
Epoch 426/600
15:39:42 Train 48/48 - loss: 0.0571 - acc: 0.9876
Epoch 427/600
15:39:52 Train 48/48 - loss: 0.0566 - acc: 0.9869
Epoch 428/600
15:40:03 Train 48/48 - loss: 0.0578 - acc: 0.9872
Epoch 429/600
15:40:13 Train 48/48 - loss: 0.0567 - acc: 0.9874
Epoch 430/600
15:40:24 Train 48/48 - loss: 0.0570 - acc: 0.9880
15:40:25 Valid 5/5 - loss: 0.2156 - acc: 0.9479
Epoch 431/600
15:40:36 Train 48/48 - loss: 0.0553 - acc: 0.9875
Epoch 432/600
15:40:46 Train 48/48 - loss: 0.0581 - acc: 0.9873
Epoch 433/600
15:40:57 Train 48/48 - loss: 0.0522 - acc: 0.9887
Epoch 434/600
15:41:07 Train 48/48 - loss: 0.0498 - acc: 0.9892
Epoch 435/600
15:41:18 Train 48/48 - loss: 0.0562 - acc: 0.9877
15:41:19 Valid 5/5 - loss: 0.1963 - acc: 0.9484
Epoch 436/600
15:41:30 Train 48/48 - loss: 0.0508 - acc: 0.9893
Epoch 437/600
15:41:40 Train 48/48 - loss: 0.0535 - acc: 0.9888
Epoch 438/600
15:41:51 Train 48/48 - loss: 0.0457 - acc: 0.9903
Epoch 439/600
15:42:01 Train 48/48 - loss: 0.0478 - acc: 0.9897
Epoch 440/600
15:42:12 Train 48/48 - loss: 0.0488 - acc: 0.9892
15:42:13 Valid 5/5 - loss: 0.2285 - acc: 0.9474
Epoch 441/600
15:42:23 Train 48/48 - loss: 0.0466 - acc: 0.9898
Epoch 442/600
15:42:34 Train 48/48 - loss: 0.0467 - acc: 0.9898
Epoch 443/600
15:42:44 Train 48/48 - loss: 0.0470 - acc: 0.9898
Epoch 444/600
15:42:55 Train 48/48 - loss: 0.0442 - acc: 0.9911
Epoch 445/600
15:43:05 Train 48/48 - loss: 0.0407 - acc: 0.9913
15:43:07 Valid 5/5 - loss: 0.2252 - acc: 0.9490
Epoch 446/600
15:43:17 Train 48/48 - loss: 0.0450 - acc: 0.9898
Epoch 447/600
15:43:28 Train 48/48 - loss: 0.0446 - acc: 0.9902
Epoch 448/600
15:43:38 Train 48/48 - loss: 0.0489 - acc: 0.9891
Epoch 449/600
15:43:49 Train 48/48 - loss: 0.0475 - acc: 0.9895
Epoch 450/600
15:43:59 Train 48/48 - loss: 0.0437 - acc: 0.9909
15:44:01 Valid 5/5 - loss: 0.1767 - acc: 0.9560
Epoch 451/600
15:44:11 Train 48/48 - loss: 0.0439 - acc: 0.9906
Epoch 452/600
15:44:22 Train 48/48 - loss: 0.0416 - acc: 0.9913
Epoch 453/600
15:44:32 Train 48/48 - loss: 0.0445 - acc: 0.9906
Epoch 454/600
15:44:43 Train 48/48 - loss: 0.0406 - acc: 0.9916
Epoch 455/600
15:44:53 Train 48/48 - loss: 0.0398 - acc: 0.9916
15:44:55 Valid 5/5 - loss: 0.1792 - acc: 0.9568
Epoch 456/600
15:45:05 Train 48/48 - loss: 0.0370 - acc: 0.9923
Epoch 457/600
15:45:16 Train 48/48 - loss: 0.0367 - acc: 0.9925
Epoch 458/600
15:45:26 Train 48/48 - loss: 0.0404 - acc: 0.9918
Epoch 459/600
15:45:37 Train 48/48 - loss: 0.0340 - acc: 0.9931
Epoch 460/600
15:45:47 Train 48/48 - loss: 0.0368 - acc: 0.9925
15:45:49 Valid 5/5 - loss: 0.1891 - acc: 0.9539
Epoch 461/600
15:45:59 Train 48/48 - loss: 0.0355 - acc: 0.9928
Epoch 462/600
15:46:10 Train 48/48 - loss: 0.0415 - acc: 0.9911
Epoch 463/600
15:46:20 Train 48/48 - loss: 0.0356 - acc: 0.9926
Epoch 464/600
15:46:31 Train 48/48 - loss: 0.0351 - acc: 0.9928
Epoch 465/600
15:46:41 Train 48/48 - loss: 0.0335 - acc: 0.9936
15:46:43 Valid 5/5 - loss: 0.1885 - acc: 0.9564
Epoch 466/600
15:46:53 Train 48/48 - loss: 0.0352 - acc: 0.9927
Epoch 467/600
15:47:04 Train 48/48 - loss: 0.0345 - acc: 0.9927
Epoch 468/600
15:47:14 Train 48/48 - loss: 0.0349 - acc: 0.9926
Epoch 469/600
15:47:25 Train 48/48 - loss: 0.0312 - acc: 0.9931
Epoch 470/600
15:47:35 Train 48/48 - loss: 0.0323 - acc: 0.9937
15:47:37 Valid 5/5 - loss: 0.2151 - acc: 0.9501
Epoch 471/600
15:47:47 Train 48/48 - loss: 0.0324 - acc: 0.9936
Epoch 472/600
15:47:58 Train 48/48 - loss: 0.0331 - acc: 0.9930
Epoch 473/600
15:48:08 Train 48/48 - loss: 0.0305 - acc: 0.9938
Epoch 474/600
15:48:19 Train 48/48 - loss: 0.0288 - acc: 0.9946
Epoch 475/600
15:48:29 Train 48/48 - loss: 0.0283 - acc: 0.9943
15:48:31 Valid 5/5 - loss: 0.1681 - acc: 0.9598
Epoch 476/600
15:48:41 Train 48/48 - loss: 0.0327 - acc: 0.9932
Epoch 477/600
15:48:52 Train 48/48 - loss: 0.0289 - acc: 0.9944
Epoch 478/600
15:49:02 Train 48/48 - loss: 0.0291 - acc: 0.9942
Epoch 479/600
15:49:13 Train 48/48 - loss: 0.0315 - acc: 0.9935
Epoch 480/600
15:49:23 Train 48/48 - loss: 0.0275 - acc: 0.9944
15:49:24 Valid 5/5 - loss: 0.1758 - acc: 0.9592
Epoch 481/600
15:49:35 Train 48/48 - loss: 0.0317 - acc: 0.9936
Epoch 482/600
15:49:45 Train 48/48 - loss: 0.0265 - acc: 0.9947
Epoch 483/600
15:49:56 Train 48/48 - loss: 0.0268 - acc: 0.9946
Epoch 484/600
15:50:07 Train 48/48 - loss: 0.0243 - acc: 0.9948
Epoch 485/600
15:50:17 Train 48/48 - loss: 0.0258 - acc: 0.9945
15:50:18 Valid 5/5 - loss: 0.1690 - acc: 0.9602
Epoch 486/600
15:50:29 Train 48/48 - loss: 0.0245 - acc: 0.9952
Epoch 487/600
15:50:39 Train 48/48 - loss: 0.0258 - acc: 0.9946
Epoch 488/600
15:50:50 Train 48/48 - loss: 0.0238 - acc: 0.9954
Epoch 489/600
15:51:01 Train 48/48 - loss: 0.0250 - acc: 0.9948
Epoch 490/600
15:51:11 Train 48/48 - loss: 0.0234 - acc: 0.9953
15:51:12 Valid 5/5 - loss: 0.1819 - acc: 0.9577
Epoch 491/600
15:51:23 Train 48/48 - loss: 0.0219 - acc: 0.9960
Epoch 492/600
15:51:34 Train 48/48 - loss: 0.0234 - acc: 0.9955
Epoch 493/600
15:51:44 Train 48/48 - loss: 0.0223 - acc: 0.9955
Epoch 494/600
15:51:55 Train 48/48 - loss: 0.0216 - acc: 0.9957
Epoch 495/600
15:52:05 Train 48/48 - loss: 0.0205 - acc: 0.9959
15:52:07 Valid 5/5 - loss: 0.1901 - acc: 0.9571
Epoch 496/600
15:52:17 Train 48/48 - loss: 0.0227 - acc: 0.9952
Epoch 497/600
15:52:28 Train 48/48 - loss: 0.0216 - acc: 0.9958
Epoch 498/600
15:52:38 Train 48/48 - loss: 0.0205 - acc: 0.9959
Epoch 499/600
15:52:49 Train 48/48 - loss: 0.0189 - acc: 0.9965
Epoch 500/600
15:52:59 Train 48/48 - loss: 0.0189 - acc: 0.9963
15:53:00 Valid 5/5 - loss: 0.1634 - acc: 0.9626
Epoch 501/600
15:53:11 Train 48/48 - loss: 0.0185 - acc: 0.9963
Epoch 502/600
15:53:21 Train 48/48 - loss: 0.0191 - acc: 0.9964
Epoch 503/600
15:53:32 Train 48/48 - loss: 0.0184 - acc: 0.9966
Epoch 504/600
15:53:42 Train 48/48 - loss: 0.0184 - acc: 0.9967
Epoch 505/600
15:53:53 Train 48/48 - loss: 0.0205 - acc: 0.9962
15:53:54 Valid 5/5 - loss: 0.1703 - acc: 0.9621
Epoch 506/600
15:54:05 Train 48/48 - loss: 0.0189 - acc: 0.9963
Epoch 507/600
15:54:15 Train 48/48 - loss: 0.0185 - acc: 0.9964
Epoch 508/600
15:54:26 Train 48/48 - loss: 0.0175 - acc: 0.9965
Epoch 509/600
15:54:36 Train 48/48 - loss: 0.0166 - acc: 0.9970
Epoch 510/600
15:54:47 Train 48/48 - loss: 0.0151 - acc: 0.9974
15:54:48 Valid 5/5 - loss: 0.1680 - acc: 0.9621
Epoch 511/600
15:54:59 Train 48/48 - loss: 0.0165 - acc: 0.9970
Epoch 512/600
15:55:09 Train 48/48 - loss: 0.0158 - acc: 0.9968
Epoch 513/600
15:55:20 Train 48/48 - loss: 0.0156 - acc: 0.9973
Epoch 514/600
15:55:30 Train 48/48 - loss: 0.0151 - acc: 0.9974
Epoch 515/600
15:55:41 Train 48/48 - loss: 0.0153 - acc: 0.9974
15:55:42 Valid 5/5 - loss: 0.1562 - acc: 0.9646
Epoch 516/600
15:55:53 Train 48/48 - loss: 0.0145 - acc: 0.9975
Epoch 517/600
15:56:03 Train 48/48 - loss: 0.0144 - acc: 0.9972
Epoch 518/600
15:56:14 Train 48/48 - loss: 0.0144 - acc: 0.9973
Epoch 519/600
15:56:24 Train 48/48 - loss: 0.0164 - acc: 0.9968
Epoch 520/600
15:56:35 Train 48/48 - loss: 0.0143 - acc: 0.9973
15:56:36 Valid 5/5 - loss: 0.1615 - acc: 0.9622
Epoch 521/600
15:56:47 Train 48/48 - loss: 0.0117 - acc: 0.9980
Epoch 522/600
15:56:57 Train 48/48 - loss: 0.0129 - acc: 0.9977
Epoch 523/600
15:57:08 Train 48/48 - loss: 0.0134 - acc: 0.9976
Epoch 524/600
15:57:18 Train 48/48 - loss: 0.0139 - acc: 0.9976
Epoch 525/600
15:57:29 Train 48/48 - loss: 0.0139 - acc: 0.9974
15:57:30 Valid 5/5 - loss: 0.1589 - acc: 0.9650
Epoch 526/600
15:57:40 Train 48/48 - loss: 0.0132 - acc: 0.9979
Epoch 527/600
15:57:51 Train 48/48 - loss: 0.0118 - acc: 0.9981
Epoch 528/600
15:58:01 Train 48/48 - loss: 0.0121 - acc: 0.9980
Epoch 529/600
15:58:12 Train 48/48 - loss: 0.0112 - acc: 0.9983
Epoch 530/600
15:58:22 Train 48/48 - loss: 0.0115 - acc: 0.9979
15:58:24 Valid 5/5 - loss: 0.1618 - acc: 0.9629
Epoch 531/600
15:58:34 Train 48/48 - loss: 0.0112 - acc: 0.9981
Epoch 532/600
15:58:45 Train 48/48 - loss: 0.0111 - acc: 0.9984
Epoch 533/600
15:58:55 Train 48/48 - loss: 0.0112 - acc: 0.9981
Epoch 534/600
15:59:06 Train 48/48 - loss: 0.0109 - acc: 0.9981
Epoch 535/600
15:59:16 Train 48/48 - loss: 0.0109 - acc: 0.9983
15:59:18 Valid 5/5 - loss: 0.1566 - acc: 0.9639
Epoch 536/600
15:59:28 Train 48/48 - loss: 0.0118 - acc: 0.9979
Epoch 537/600
15:59:39 Train 48/48 - loss: 0.0100 - acc: 0.9985
Epoch 538/600
15:59:49 Train 48/48 - loss: 0.0102 - acc: 0.9983
Epoch 539/600
16:00:00 Train 48/48 - loss: 0.0094 - acc: 0.9987
Epoch 540/600
16:00:10 Train 48/48 - loss: 0.0102 - acc: 0.9984
16:00:12 Valid 5/5 - loss: 0.1554 - acc: 0.9641
Epoch 541/600
16:00:22 Train 48/48 - loss: 0.0099 - acc: 0.9982
Epoch 542/600
16:00:33 Train 48/48 - loss: 0.0095 - acc: 0.9984
Epoch 543/600
16:00:43 Train 48/48 - loss: 0.0095 - acc: 0.9982
Epoch 544/600
16:00:54 Train 48/48 - loss: 0.0104 - acc: 0.9983
Epoch 545/600
16:01:04 Train 48/48 - loss: 0.0098 - acc: 0.9984
16:01:06 Valid 5/5 - loss: 0.1557 - acc: 0.9660
Epoch 546/600
16:01:16 Train 48/48 - loss: 0.0099 - acc: 0.9985
Epoch 547/600
16:01:26 Train 48/48 - loss: 0.0098 - acc: 0.9985
Epoch 548/600
16:01:37 Train 48/48 - loss: 0.0086 - acc: 0.9989
Epoch 549/600
16:01:47 Train 48/48 - loss: 0.0095 - acc: 0.9985
Epoch 550/600
16:01:58 Train 48/48 - loss: 0.0081 - acc: 0.9988
16:01:59 Valid 5/5 - loss: 0.1558 - acc: 0.9656
Epoch 551/600
16:02:10 Train 48/48 - loss: 0.0095 - acc: 0.9983
Epoch 552/600
16:02:20 Train 48/48 - loss: 0.0086 - acc: 0.9987
Epoch 553/600
16:02:31 Train 48/48 - loss: 0.0081 - acc: 0.9987
Epoch 554/600
16:02:41 Train 48/48 - loss: 0.0090 - acc: 0.9984
Epoch 555/600
16:02:52 Train 48/48 - loss: 0.0076 - acc: 0.9989
16:02:53 Valid 5/5 - loss: 0.1562 - acc: 0.9655
Epoch 556/600
16:03:04 Train 48/48 - loss: 0.0079 - acc: 0.9989
Epoch 557/600
16:03:14 Train 48/48 - loss: 0.0086 - acc: 0.9988
Epoch 558/600
16:03:25 Train 48/48 - loss: 0.0089 - acc: 0.9985
Epoch 559/600
16:03:35 Train 48/48 - loss: 0.0074 - acc: 0.9990
Epoch 560/600
16:03:46 Train 48/48 - loss: 0.0070 - acc: 0.9990
16:03:47 Valid 5/5 - loss: 0.1524 - acc: 0.9665
Epoch 561/600
16:03:58 Train 48/48 - loss: 0.0083 - acc: 0.9988
Epoch 562/600
16:04:08 Train 48/48 - loss: 0.0081 - acc: 0.9987
Epoch 563/600
16:04:19 Train 48/48 - loss: 0.0079 - acc: 0.9988
Epoch 564/600
16:04:29 Train 48/48 - loss: 0.0079 - acc: 0.9988
Epoch 565/600
16:04:40 Train 48/48 - loss: 0.0070 - acc: 0.9990
16:04:41 Valid 5/5 - loss: 0.1516 - acc: 0.9667
Epoch 566/600
16:04:52 Train 48/48 - loss: 0.0083 - acc: 0.9985
Epoch 567/600
16:05:02 Train 48/48 - loss: 0.0081 - acc: 0.9990
Epoch 568/600
16:05:13 Train 48/48 - loss: 0.0078 - acc: 0.9988
Epoch 569/600
16:05:23 Train 48/48 - loss: 0.0079 - acc: 0.9987
Epoch 570/600
16:05:34 Train 48/48 - loss: 0.0079 - acc: 0.9987
16:05:35 Valid 5/5 - loss: 0.1517 - acc: 0.9666
Epoch 571/600
16:05:45 Train 48/48 - loss: 0.0074 - acc: 0.9990
Epoch 572/600
16:05:56 Train 48/48 - loss: 0.0076 - acc: 0.9989
Epoch 573/600
16:06:06 Train 48/48 - loss: 0.0082 - acc: 0.9989
Epoch 574/600
16:06:17 Train 48/48 - loss: 0.0082 - acc: 0.9988
Epoch 575/600
16:06:27 Train 48/48 - loss: 0.0079 - acc: 0.9989
16:06:29 Valid 5/5 - loss: 0.1513 - acc: 0.9659
Epoch 576/600
16:06:39 Train 48/48 - loss: 0.0072 - acc: 0.9990
Epoch 577/600
16:06:50 Train 48/48 - loss: 0.0066 - acc: 0.9991
Epoch 578/600
16:07:00 Train 48/48 - loss: 0.0073 - acc: 0.9989
Epoch 579/600
16:07:11 Train 48/48 - loss: 0.0080 - acc: 0.9985
Epoch 580/600
16:07:21 Train 48/48 - loss: 0.0076 - acc: 0.9989
16:07:23 Valid 5/5 - loss: 0.1530 - acc: 0.9660
Epoch 581/600
16:07:33 Train 48/48 - loss: 0.0071 - acc: 0.9990
Epoch 582/600
16:07:44 Train 48/48 - loss: 0.0070 - acc: 0.9991
Epoch 583/600
16:07:54 Train 48/48 - loss: 0.0071 - acc: 0.9990
Epoch 584/600
16:08:05 Train 48/48 - loss: 0.0070 - acc: 0.9991
Epoch 585/600
16:08:15 Train 48/48 - loss: 0.0070 - acc: 0.9990
16:08:17 Valid 5/5 - loss: 0.1516 - acc: 0.9661
Epoch 586/600
16:08:27 Train 48/48 - loss: 0.0066 - acc: 0.9991
Epoch 587/600
16:08:38 Train 48/48 - loss: 0.0068 - acc: 0.9991
Epoch 588/600
16:08:48 Train 48/48 - loss: 0.0079 - acc: 0.9989
Epoch 589/600
16:08:59 Train 48/48 - loss: 0.0074 - acc: 0.9988
Epoch 590/600
16:09:09 Train 48/48 - loss: 0.0066 - acc: 0.9991
16:09:10 Valid 5/5 - loss: 0.1515 - acc: 0.9661
Epoch 591/600
16:09:21 Train 48/48 - loss: 0.0072 - acc: 0.9989
Epoch 592/600
16:09:31 Train 48/48 - loss: 0.0069 - acc: 0.9990
Epoch 593/600
16:09:42 Train 48/48 - loss: 0.0070 - acc: 0.9990
Epoch 594/600
16:09:52 Train 48/48 - loss: 0.0068 - acc: 0.9991
Epoch 595/600
16:10:03 Train 48/48 - loss: 0.0075 - acc: 0.9989
16:10:04 Valid 5/5 - loss: 0.1515 - acc: 0.9662
Epoch 596/600
16:10:15 Train 48/48 - loss: 0.0079 - acc: 0.9988
Epoch 597/600
16:10:25 Train 48/48 - loss: 0.0072 - acc: 0.9989
Epoch 598/600
16:10:36 Train 48/48 - loss: 0.0077 - acc: 0.9989
Epoch 599/600
16:10:46 Train 48/48 - loss: 0.0075 - acc: 0.9988
Epoch 600/600
16:10:57 Train 48/48 - loss: 0.0068 - acc: 0.9991
16:10:58 Valid 5/5 - loss: 0.1503 - acc: 0.9664