Epoch 1/600
15:30:28 Train 48/48 - loss: 3.0037 - acc: 0.1887
Epoch 2/600
15:30:38 Train 48/48 - loss: 2.5189 - acc: 0.3250
Epoch 3/600
15:30:47 Train 48/48 - loss: 2.1867 - acc: 0.4263
Epoch 4/600
15:30:56 Train 48/48 - loss: 1.9025 - acc: 0.5078
Epoch 5/600
15:31:05 Train 48/48 - loss: 1.6769 - acc: 0.5701
WARNING:tensorflow:From /usr/local/lib/python3.6/dist-packages/tensorflow/python/data/ops/multi_device_iterator_ops.py:601: get_next_as_optional (from tensorflow.python.data.ops.iterator_ops) is deprecated and will be removed in a future version.
Instructions for updating:
Use `tf.data.Iterator.get_next_as_optional()` instead.
WARNING:tensorflow:From /usr/local/lib/python3.6/dist-packages/tensorflow/python/data/ops/multi_device_iterator_ops.py:601: get_next_as_optional (from tensorflow.python.data.ops.iterator_ops) is deprecated and will be removed in a future version.
Instructions for updating:
Use `tf.data.Iterator.get_next_as_optional()` instead.
15:31:52 Valid 5/5 - loss: 1.4002 - acc: 0.5290
Epoch 6/600
15:32:01 Train 48/48 - loss: 1.5169 - acc: 0.6151
Epoch 7/600
15:32:10 Train 48/48 - loss: 1.3826 - acc: 0.6499
Epoch 8/600
15:32:20 Train 48/48 - loss: 1.2291 - acc: 0.6902
Epoch 9/600
15:32:28 Train 48/48 - loss: 1.1565 - acc: 0.7109
Epoch 10/600
15:32:37 Train 48/48 - loss: 1.0869 - acc: 0.7299
15:32:38 Valid 5/5 - loss: 0.7490 - acc: 0.7401
Epoch 11/600
15:32:47 Train 48/48 - loss: 1.0135 - acc: 0.7459
Epoch 12/600
15:32:56 Train 48/48 - loss: 0.9435 - acc: 0.7671
Epoch 13/600
15:33:05 Train 48/48 - loss: 0.8667 - acc: 0.7875
Epoch 14/600
15:33:14 Train 48/48 - loss: 0.8065 - acc: 0.8006
Epoch 15/600
15:33:23 Train 48/48 - loss: 0.7650 - acc: 0.8102
15:33:23 Valid 5/5 - loss: 0.7496 - acc: 0.7508
Epoch 16/600
15:33:33 Train 48/48 - loss: 0.7148 - acc: 0.8216
Epoch 17/600
15:33:42 Train 48/48 - loss: 0.6869 - acc: 0.8301
Epoch 18/600
15:33:51 Train 48/48 - loss: 0.6642 - acc: 0.8352
Epoch 19/600
15:34:00 Train 48/48 - loss: 0.6299 - acc: 0.8465
Epoch 20/600
15:34:08 Train 48/48 - loss: 0.6039 - acc: 0.8520
15:34:09 Valid 5/5 - loss: 0.5484 - acc: 0.8202
Epoch 21/600
15:34:18 Train 48/48 - loss: 0.5806 - acc: 0.8569
Epoch 22/600
15:34:27 Train 48/48 - loss: 0.5704 - acc: 0.8575
Epoch 23/600
15:34:36 Train 48/48 - loss: 0.5407 - acc: 0.8661
Epoch 24/600
15:34:45 Train 48/48 - loss: 0.5308 - acc: 0.8697
Epoch 25/600
15:34:54 Train 48/48 - loss: 0.5108 - acc: 0.8744
15:34:55 Valid 5/5 - loss: 0.3918 - acc: 0.8668
Epoch 26/600
15:35:04 Train 48/48 - loss: 0.5053 - acc: 0.8762
Epoch 27/600
15:35:13 Train 48/48 - loss: 0.4938 - acc: 0.8781
Epoch 28/600
15:35:22 Train 48/48 - loss: 0.4686 - acc: 0.8858
Epoch 29/600
15:35:31 Train 48/48 - loss: 0.4629 - acc: 0.8864
Epoch 30/600
15:35:40 Train 48/48 - loss: 0.4402 - acc: 0.8921
15:35:40 Valid 5/5 - loss: 0.3952 - acc: 0.8693
Epoch 31/600
15:35:49 Train 48/48 - loss: 0.4448 - acc: 0.8894
Epoch 32/600
15:35:58 Train 48/48 - loss: 0.4464 - acc: 0.8891
Epoch 33/600
15:36:07 Train 48/48 - loss: 0.4280 - acc: 0.8964
Epoch 34/600
15:36:16 Train 48/48 - loss: 0.4222 - acc: 0.8952
Epoch 35/600
15:36:25 Train 48/48 - loss: 0.4204 - acc: 0.8956
15:36:26 Valid 5/5 - loss: 0.4189 - acc: 0.8678
Epoch 36/600
15:36:34 Train 48/48 - loss: 0.4070 - acc: 0.9006
Epoch 37/600
15:36:43 Train 48/48 - loss: 0.4046 - acc: 0.9010
Epoch 38/600
15:36:52 Train 48/48 - loss: 0.3946 - acc: 0.9020
Epoch 39/600
15:37:01 Train 48/48 - loss: 0.3754 - acc: 0.9086
Epoch 40/600
15:37:10 Train 48/48 - loss: 0.3838 - acc: 0.9054
15:37:11 Valid 5/5 - loss: 0.4024 - acc: 0.8763
Epoch 41/600
15:37:19 Train 48/48 - loss: 0.3749 - acc: 0.9078
Epoch 42/600
15:37:28 Train 48/48 - loss: 0.3757 - acc: 0.9075
Epoch 43/600
15:37:37 Train 48/48 - loss: 0.3702 - acc: 0.9087
Epoch 44/600
15:37:46 Train 48/48 - loss: 0.3648 - acc: 0.9111
Epoch 45/600
15:37:55 Train 48/48 - loss: 0.3514 - acc: 0.9141
15:37:56 Valid 5/5 - loss: 0.3441 - acc: 0.8866
Epoch 46/600
15:38:05 Train 48/48 - loss: 0.3546 - acc: 0.9123
Epoch 47/600
15:38:14 Train 48/48 - loss: 0.3476 - acc: 0.9141
Epoch 48/600
15:38:22 Train 48/48 - loss: 0.3469 - acc: 0.9149
Epoch 49/600
15:38:31 Train 48/48 - loss: 0.3442 - acc: 0.9155
Epoch 50/600
15:38:40 Train 48/48 - loss: 0.3469 - acc: 0.9152
15:38:41 Valid 5/5 - loss: 0.3976 - acc: 0.8711
Epoch 51/600
15:38:50 Train 48/48 - loss: 0.3445 - acc: 0.9155
Epoch 52/600
15:38:59 Train 48/48 - loss: 0.3272 - acc: 0.9206
Epoch 53/600
15:39:07 Train 48/48 - loss: 0.3446 - acc: 0.9144
Epoch 54/600
15:39:16 Train 48/48 - loss: 0.3325 - acc: 0.9194
Epoch 55/600
15:39:25 Train 48/48 - loss: 0.3276 - acc: 0.9208
15:39:26 Valid 5/5 - loss: 0.4618 - acc: 0.8564
Epoch 56/600
15:39:35 Train 48/48 - loss: 0.3194 - acc: 0.9204
Epoch 57/600
15:39:44 Train 48/48 - loss: 0.3350 - acc: 0.9183
Epoch 58/600
15:39:53 Train 48/48 - loss: 0.3255 - acc: 0.9216
Epoch 59/600
15:40:01 Train 48/48 - loss: 0.3221 - acc: 0.9209
Epoch 60/600
15:40:10 Train 48/48 - loss: 0.3241 - acc: 0.9205
15:40:11 Valid 5/5 - loss: 0.3266 - acc: 0.8965
Epoch 61/600
15:40:20 Train 48/48 - loss: 0.3138 - acc: 0.9225
Epoch 62/600
15:40:29 Train 48/48 - loss: 0.3072 - acc: 0.9245
Epoch 63/600
15:40:38 Train 48/48 - loss: 0.3134 - acc: 0.9231
Epoch 64/600
15:40:47 Train 48/48 - loss: 0.3106 - acc: 0.9240
Epoch 65/600
15:40:56 Train 48/48 - loss: 0.3177 - acc: 0.9218
15:40:56 Valid 5/5 - loss: 0.3605 - acc: 0.8895
Epoch 66/600
15:41:05 Train 48/48 - loss: 0.3016 - acc: 0.9252
Epoch 67/600
15:41:14 Train 48/48 - loss: 0.3018 - acc: 0.9248
Epoch 68/600
15:41:23 Train 48/48 - loss: 0.3019 - acc: 0.9244
Epoch 69/600
15:41:32 Train 48/48 - loss: 0.3014 - acc: 0.9267
Epoch 70/600
15:41:41 Train 48/48 - loss: 0.3051 - acc: 0.9252
15:41:41 Valid 5/5 - loss: 0.4494 - acc: 0.8595
Epoch 71/600
15:41:50 Train 48/48 - loss: 0.2945 - acc: 0.9293
Epoch 72/600
15:41:59 Train 48/48 - loss: 0.3065 - acc: 0.9262
Epoch 73/600
15:42:08 Train 48/48 - loss: 0.2906 - acc: 0.9287
Epoch 74/600
15:42:17 Train 48/48 - loss: 0.2928 - acc: 0.9278
Epoch 75/600
15:42:26 Train 48/48 - loss: 0.2922 - acc: 0.9294
15:42:27 Valid 5/5 - loss: 0.3255 - acc: 0.8972
Epoch 76/600
15:42:35 Train 48/48 - loss: 0.2824 - acc: 0.9316
Epoch 77/600
15:42:44 Train 48/48 - loss: 0.2916 - acc: 0.9289
Epoch 78/600
15:42:53 Train 48/48 - loss: 0.2825 - acc: 0.9317
Epoch 79/600
15:43:02 Train 48/48 - loss: 0.2843 - acc: 0.9321
Epoch 80/600
15:43:11 Train 48/48 - loss: 0.2856 - acc: 0.9309
15:43:12 Valid 5/5 - loss: 0.5772 - acc: 0.8377
Epoch 81/600
15:43:21 Train 48/48 - loss: 0.2863 - acc: 0.9295
Epoch 82/600
15:43:29 Train 48/48 - loss: 0.2767 - acc: 0.9320
Epoch 83/600
15:43:38 Train 48/48 - loss: 0.2832 - acc: 0.9313
Epoch 84/600
15:43:47 Train 48/48 - loss: 0.2836 - acc: 0.9315
Epoch 85/600
15:43:56 Train 48/48 - loss: 0.2790 - acc: 0.9325
15:43:57 Valid 5/5 - loss: 0.3794 - acc: 0.8819
Epoch 86/600
15:44:06 Train 48/48 - loss: 0.2833 - acc: 0.9315
Epoch 87/600
15:44:15 Train 48/48 - loss: 0.2680 - acc: 0.9349
Epoch 88/600
15:44:23 Train 48/48 - loss: 0.2778 - acc: 0.9326
Epoch 89/600
15:44:32 Train 48/48 - loss: 0.2667 - acc: 0.9350
Epoch 90/600
15:44:41 Train 48/48 - loss: 0.2731 - acc: 0.9342
15:44:42 Valid 5/5 - loss: 0.3470 - acc: 0.8972
Epoch 91/600
15:44:51 Train 48/48 - loss: 0.2799 - acc: 0.9306
Epoch 92/600
15:45:00 Train 48/48 - loss: 0.2630 - acc: 0.9359
Epoch 93/600
15:45:09 Train 48/48 - loss: 0.2700 - acc: 0.9344
Epoch 94/600
15:45:17 Train 48/48 - loss: 0.2673 - acc: 0.9352
Epoch 95/600
15:45:26 Train 48/48 - loss: 0.2674 - acc: 0.9347
15:45:27 Valid 5/5 - loss: 0.3667 - acc: 0.8921
Epoch 96/600
15:45:36 Train 48/48 - loss: 0.2620 - acc: 0.9359
Epoch 97/600
15:45:45 Train 48/48 - loss: 0.2584 - acc: 0.9364
Epoch 98/600
15:45:54 Train 48/48 - loss: 0.2722 - acc: 0.9333
Epoch 99/600
15:46:03 Train 48/48 - loss: 0.2681 - acc: 0.9338
Epoch 100/600
15:46:12 Train 48/48 - loss: 0.2553 - acc: 0.9393
15:46:12 Valid 5/5 - loss: 0.2789 - acc: 0.9153
Epoch 101/600
15:46:21 Train 48/48 - loss: 0.2646 - acc: 0.9367
Epoch 102/600
15:46:30 Train 48/48 - loss: 0.2489 - acc: 0.9405
Epoch 103/600
15:46:39 Train 48/48 - loss: 0.2536 - acc: 0.9395
Epoch 104/600
15:46:48 Train 48/48 - loss: 0.2586 - acc: 0.9375
Epoch 105/600
15:46:57 Train 48/48 - loss: 0.2572 - acc: 0.9368
15:46:57 Valid 5/5 - loss: 0.3239 - acc: 0.9047
Epoch 106/600
15:47:06 Train 48/48 - loss: 0.2486 - acc: 0.9402
Epoch 107/600
15:47:15 Train 48/48 - loss: 0.2567 - acc: 0.9369
Epoch 108/600
15:47:24 Train 48/48 - loss: 0.2540 - acc: 0.9378
Epoch 109/600
15:47:33 Train 48/48 - loss: 0.2469 - acc: 0.9393
Epoch 110/600
15:47:42 Train 48/48 - loss: 0.2524 - acc: 0.9381
15:47:43 Valid 5/5 - loss: 0.3132 - acc: 0.9101
Epoch 111/600
15:47:52 Train 48/48 - loss: 0.2455 - acc: 0.9400
Epoch 112/600
15:48:00 Train 48/48 - loss: 0.2508 - acc: 0.9394
Epoch 113/600
15:48:09 Train 48/48 - loss: 0.2423 - acc: 0.9410
Epoch 114/600
15:48:18 Train 48/48 - loss: 0.2343 - acc: 0.9429
Epoch 115/600
15:48:27 Train 48/48 - loss: 0.2381 - acc: 0.9416
15:48:28 Valid 5/5 - loss: 0.3414 - acc: 0.9035
Epoch 116/600
15:48:37 Train 48/48 - loss: 0.2440 - acc: 0.9421
Epoch 117/600
15:48:46 Train 48/48 - loss: 0.2414 - acc: 0.9414
Epoch 118/600
15:48:54 Train 48/48 - loss: 0.2430 - acc: 0.9408
Epoch 119/600
15:49:03 Train 48/48 - loss: 0.2418 - acc: 0.9419
Epoch 120/600
15:49:12 Train 48/48 - loss: 0.2330 - acc: 0.9436
15:49:13 Valid 5/5 - loss: 0.3084 - acc: 0.9082
Epoch 121/600
15:49:22 Train 48/48 - loss: 0.2383 - acc: 0.9439
Epoch 122/600
15:49:31 Train 48/48 - loss: 0.2260 - acc: 0.9453
Epoch 123/600
15:49:40 Train 48/48 - loss: 0.2334 - acc: 0.9432
Epoch 124/600
15:49:48 Train 48/48 - loss: 0.2314 - acc: 0.9442
Epoch 125/600
15:49:57 Train 48/48 - loss: 0.2300 - acc: 0.9444
15:49:58 Valid 5/5 - loss: 0.3373 - acc: 0.9026
Epoch 126/600
15:50:07 Train 48/48 - loss: 0.2282 - acc: 0.9445
Epoch 127/600
15:50:16 Train 48/48 - loss: 0.2384 - acc: 0.9420
Epoch 128/600
15:50:25 Train 48/48 - loss: 0.2243 - acc: 0.9460
Epoch 129/600
15:50:34 Train 48/48 - loss: 0.2363 - acc: 0.9423
Epoch 130/600
15:50:43 Train 48/48 - loss: 0.2233 - acc: 0.9463
15:50:43 Valid 5/5 - loss: 0.3380 - acc: 0.9037
Epoch 131/600
15:50:52 Train 48/48 - loss: 0.2217 - acc: 0.9467
Epoch 132/600
15:51:01 Train 48/48 - loss: 0.2296 - acc: 0.9435
Epoch 133/600
15:51:10 Train 48/48 - loss: 0.2262 - acc: 0.9460
Epoch 134/600
15:51:19 Train 48/48 - loss: 0.2299 - acc: 0.9436
Epoch 135/600
15:51:28 Train 48/48 - loss: 0.2163 - acc: 0.9469
15:51:28 Valid 5/5 - loss: 0.4736 - acc: 0.8701
Epoch 136/600
15:51:37 Train 48/48 - loss: 0.2252 - acc: 0.9454
Epoch 137/600
15:51:46 Train 48/48 - loss: 0.2193 - acc: 0.9469
Epoch 138/600
15:51:55 Train 48/48 - loss: 0.2200 - acc: 0.9464
Epoch 139/600
15:52:04 Train 48/48 - loss: 0.2263 - acc: 0.9455
Epoch 140/600
15:52:13 Train 48/48 - loss: 0.2337 - acc: 0.9430
15:52:14 Valid 5/5 - loss: 0.3680 - acc: 0.8931
Epoch 141/600
15:52:22 Train 48/48 - loss: 0.2208 - acc: 0.9462
Epoch 142/600
15:52:31 Train 48/48 - loss: 0.2140 - acc: 0.9481
Epoch 143/600
15:52:40 Train 48/48 - loss: 0.2160 - acc: 0.9474
Epoch 144/600
15:52:49 Train 48/48 - loss: 0.2127 - acc: 0.9483
Epoch 145/600
15:52:58 Train 48/48 - loss: 0.2163 - acc: 0.9474
15:52:59 Valid 5/5 - loss: 0.3665 - acc: 0.8940
Epoch 146/600
15:53:08 Train 48/48 - loss: 0.2187 - acc: 0.9482
Epoch 147/600
15:53:16 Train 48/48 - loss: 0.2158 - acc: 0.9484
Epoch 148/600
15:53:25 Train 48/48 - loss: 0.2205 - acc: 0.9465
Epoch 149/600
15:53:34 Train 48/48 - loss: 0.2166 - acc: 0.9475
Epoch 150/600
15:53:43 Train 48/48 - loss: 0.2211 - acc: 0.9466
15:53:44 Valid 5/5 - loss: 0.3456 - acc: 0.8983
Epoch 151/600
15:53:53 Train 48/48 - loss: 0.2145 - acc: 0.9474
Epoch 152/600
15:54:02 Train 48/48 - loss: 0.2141 - acc: 0.9484
Epoch 153/600
15:54:10 Train 48/48 - loss: 0.2198 - acc: 0.9462
Epoch 154/600
15:54:19 Train 48/48 - loss: 0.2091 - acc: 0.9498
Epoch 155/600
15:54:28 Train 48/48 - loss: 0.1979 - acc: 0.9519
15:54:29 Valid 5/5 - loss: 0.3187 - acc: 0.9124
Epoch 156/600
15:54:38 Train 48/48 - loss: 0.2103 - acc: 0.9493
Epoch 157/600
15:54:47 Train 48/48 - loss: 0.2172 - acc: 0.9474
Epoch 158/600
15:54:56 Train 48/48 - loss: 0.2037 - acc: 0.9508
Epoch 159/600
15:55:04 Train 48/48 - loss: 0.1984 - acc: 0.9524
Epoch 160/600
15:55:13 Train 48/48 - loss: 0.2024 - acc: 0.9521
15:55:14 Valid 5/5 - loss: 0.2811 - acc: 0.9173
Epoch 161/600
15:55:23 Train 48/48 - loss: 0.2038 - acc: 0.9498
Epoch 162/600
15:55:32 Train 48/48 - loss: 0.2017 - acc: 0.9517
Epoch 163/600
15:55:41 Train 48/48 - loss: 0.2035 - acc: 0.9507
Epoch 164/600
15:55:50 Train 48/48 - loss: 0.2057 - acc: 0.9514
Epoch 165/600
15:55:59 Train 48/48 - loss: 0.2019 - acc: 0.9516
15:55:59 Valid 5/5 - loss: 0.3728 - acc: 0.9011
Epoch 166/600
15:56:08 Train 48/48 - loss: 0.2122 - acc: 0.9478
Epoch 167/600
15:56:17 Train 48/48 - loss: 0.1957 - acc: 0.9530
Epoch 168/600
15:56:26 Train 48/48 - loss: 0.1967 - acc: 0.9527
Epoch 169/600
15:56:35 Train 48/48 - loss: 0.2009 - acc: 0.9507
Epoch 170/600
15:56:44 Train 48/48 - loss: 0.1961 - acc: 0.9522
15:56:44 Valid 5/5 - loss: 0.3047 - acc: 0.9151
Epoch 171/600
15:56:53 Train 48/48 - loss: 0.2091 - acc: 0.9492
Epoch 172/600
15:57:02 Train 48/48 - loss: 0.1954 - acc: 0.9540
Epoch 173/600
15:57:11 Train 48/48 - loss: 0.2015 - acc: 0.9516
Epoch 174/600
15:57:20 Train 48/48 - loss: 0.1920 - acc: 0.9537
Epoch 175/600
15:57:29 Train 48/48 - loss: 0.1973 - acc: 0.9529
15:57:30 Valid 5/5 - loss: 0.3158 - acc: 0.9081
Epoch 176/600
15:57:38 Train 48/48 - loss: 0.2063 - acc: 0.9507
Epoch 177/600
15:57:47 Train 48/48 - loss: 0.1989 - acc: 0.9513
Epoch 178/600
15:57:56 Train 48/48 - loss: 0.1951 - acc: 0.9525
Epoch 179/600
15:58:05 Train 48/48 - loss: 0.1965 - acc: 0.9522
Epoch 180/600
15:58:14 Train 48/48 - loss: 0.1926 - acc: 0.9546
15:58:15 Valid 5/5 - loss: 0.3469 - acc: 0.9021
Epoch 181/600
15:58:24 Train 48/48 - loss: 0.1883 - acc: 0.9548
Epoch 182/600
15:58:32 Train 48/48 - loss: 0.1946 - acc: 0.9528
Epoch 183/600
15:58:41 Train 48/48 - loss: 0.1945 - acc: 0.9537
Epoch 184/600
15:58:50 Train 48/48 - loss: 0.1857 - acc: 0.9559
Epoch 185/600
15:58:59 Train 48/48 - loss: 0.1857 - acc: 0.9557
15:59:00 Valid 5/5 - loss: 0.2894 - acc: 0.9159
Epoch 186/600
15:59:09 Train 48/48 - loss: 0.1886 - acc: 0.9549
Epoch 187/600
15:59:18 Train 48/48 - loss: 0.1868 - acc: 0.9555
Epoch 188/600
15:59:26 Train 48/48 - loss: 0.1939 - acc: 0.9530
Epoch 189/600
15:59:35 Train 48/48 - loss: 0.1888 - acc: 0.9547
Epoch 190/600
15:59:44 Train 48/48 - loss: 0.1908 - acc: 0.9552
15:59:45 Valid 5/5 - loss: 0.3398 - acc: 0.9046
Epoch 191/600
15:59:54 Train 48/48 - loss: 0.1936 - acc: 0.9536
Epoch 192/600
16:00:03 Train 48/48 - loss: 0.1847 - acc: 0.9563
Epoch 193/600
16:00:12 Train 48/48 - loss: 0.1808 - acc: 0.9566
Epoch 194/600
16:00:20 Train 48/48 - loss: 0.1801 - acc: 0.9576
Epoch 195/600
16:00:29 Train 48/48 - loss: 0.1889 - acc: 0.9547
16:00:30 Valid 5/5 - loss: 0.3239 - acc: 0.9090
Epoch 196/600
16:00:39 Train 48/48 - loss: 0.1858 - acc: 0.9559
Epoch 197/600
16:00:48 Train 48/48 - loss: 0.1799 - acc: 0.9571
Epoch 198/600
16:00:57 Train 48/48 - loss: 0.1877 - acc: 0.9548
Epoch 199/600
16:01:06 Train 48/48 - loss: 0.1839 - acc: 0.9554
Epoch 200/600
16:01:14 Train 48/48 - loss: 0.1735 - acc: 0.9594
16:01:15 Valid 5/5 - loss: 0.2749 - acc: 0.9208
Epoch 201/600
16:01:24 Train 48/48 - loss: 0.1821 - acc: 0.9565
Epoch 202/600
16:01:33 Train 48/48 - loss: 0.1741 - acc: 0.9587
Epoch 203/600
16:01:42 Train 48/48 - loss: 0.1725 - acc: 0.9593
Epoch 204/600
16:01:51 Train 48/48 - loss: 0.1882 - acc: 0.9554
Epoch 205/600
16:02:00 Train 48/48 - loss: 0.1865 - acc: 0.9544
16:02:00 Valid 5/5 - loss: 0.2781 - acc: 0.9185
Epoch 206/600
16:02:09 Train 48/48 - loss: 0.1755 - acc: 0.9581
Epoch 207/600
16:02:18 Train 48/48 - loss: 0.1868 - acc: 0.9545
Epoch 208/600
16:02:27 Train 48/48 - loss: 0.1815 - acc: 0.9568
Epoch 209/600
16:02:36 Train 48/48 - loss: 0.1723 - acc: 0.9592
Epoch 210/600
16:02:45 Train 48/48 - loss: 0.1695 - acc: 0.9602
16:02:45 Valid 5/5 - loss: 0.3356 - acc: 0.9148
Epoch 211/600
16:02:54 Train 48/48 - loss: 0.1755 - acc: 0.9583
Epoch 212/600
16:03:03 Train 48/48 - loss: 0.1778 - acc: 0.9571
Epoch 213/600
16:03:12 Train 48/48 - loss: 0.1764 - acc: 0.9576
Epoch 214/600
16:03:21 Train 48/48 - loss: 0.1666 - acc: 0.9613
Epoch 215/600
16:03:30 Train 48/48 - loss: 0.1787 - acc: 0.9573
16:03:31 Valid 5/5 - loss: 0.2695 - acc: 0.9194
Epoch 216/600
16:03:39 Train 48/48 - loss: 0.1781 - acc: 0.9583
Epoch 217/600
16:03:48 Train 48/48 - loss: 0.1657 - acc: 0.9606
Epoch 218/600
16:03:57 Train 48/48 - loss: 0.1703 - acc: 0.9583
Epoch 219/600
16:04:06 Train 48/48 - loss: 0.1629 - acc: 0.9615
Epoch 220/600
16:04:15 Train 48/48 - loss: 0.1765 - acc: 0.9583
16:04:16 Valid 5/5 - loss: 0.3176 - acc: 0.9120
Epoch 221/600
16:04:25 Train 48/48 - loss: 0.1671 - acc: 0.9600
Epoch 222/600
16:04:34 Train 48/48 - loss: 0.1686 - acc: 0.9596
Epoch 223/600
16:04:42 Train 48/48 - loss: 0.1711 - acc: 0.9583
Epoch 224/600
16:04:51 Train 48/48 - loss: 0.1654 - acc: 0.9609
Epoch 225/600
16:05:00 Train 48/48 - loss: 0.1646 - acc: 0.9610
16:05:01 Valid 5/5 - loss: 0.2729 - acc: 0.9206
Epoch 226/600
16:05:10 Train 48/48 - loss: 0.1649 - acc: 0.9599
Epoch 227/600
16:05:19 Train 48/48 - loss: 0.1639 - acc: 0.9602
Epoch 228/600
16:05:28 Train 48/48 - loss: 0.1625 - acc: 0.9618
Epoch 229/600
16:05:36 Train 48/48 - loss: 0.1582 - acc: 0.9624
Epoch 230/600
16:05:45 Train 48/48 - loss: 0.1637 - acc: 0.9610
16:05:46 Valid 5/5 - loss: 0.4336 - acc: 0.8877
Epoch 231/600
16:05:55 Train 48/48 - loss: 0.1633 - acc: 0.9613
Epoch 232/600
16:06:04 Train 48/48 - loss: 0.1556 - acc: 0.9638
Epoch 233/600
16:06:13 Train 48/48 - loss: 0.1614 - acc: 0.9615
Epoch 234/600
16:06:22 Train 48/48 - loss: 0.1606 - acc: 0.9614
Epoch 235/600
16:06:30 Train 48/48 - loss: 0.1583 - acc: 0.9625
16:06:31 Valid 5/5 - loss: 0.3780 - acc: 0.8954
Epoch 236/600
16:06:40 Train 48/48 - loss: 0.1648 - acc: 0.9609
Epoch 237/600
16:06:49 Train 48/48 - loss: 0.1618 - acc: 0.9617
Epoch 238/600
16:06:58 Train 48/48 - loss: 0.1573 - acc: 0.9626
Epoch 239/600
16:07:07 Train 48/48 - loss: 0.1552 - acc: 0.9635
Epoch 240/600
16:07:16 Train 48/48 - loss: 0.1555 - acc: 0.9624
16:07:16 Valid 5/5 - loss: 0.2757 - acc: 0.9218
Epoch 241/600
16:07:25 Train 48/48 - loss: 0.1588 - acc: 0.9620
Epoch 242/600
16:07:34 Train 48/48 - loss: 0.1559 - acc: 0.9629
Epoch 243/600
16:07:43 Train 48/48 - loss: 0.1529 - acc: 0.9628
Epoch 244/600
16:07:52 Train 48/48 - loss: 0.1614 - acc: 0.9605
Epoch 245/600
16:08:01 Train 48/48 - loss: 0.1550 - acc: 0.9632
16:08:02 Valid 5/5 - loss: 0.3442 - acc: 0.9089
Epoch 246/600
16:08:10 Train 48/48 - loss: 0.1472 - acc: 0.9642
Epoch 247/600
16:08:19 Train 48/48 - loss: 0.1485 - acc: 0.9639
Epoch 248/600
16:08:28 Train 48/48 - loss: 0.1495 - acc: 0.9645
Epoch 249/600
16:08:37 Train 48/48 - loss: 0.1533 - acc: 0.9642
Epoch 250/600
16:08:46 Train 48/48 - loss: 0.1516 - acc: 0.9640
16:08:47 Valid 5/5 - loss: 0.2914 - acc: 0.9179
Epoch 251/600
16:08:56 Train 48/48 - loss: 0.1487 - acc: 0.9645
Epoch 252/600
16:09:04 Train 48/48 - loss: 0.1419 - acc: 0.9664
Epoch 253/600
16:09:13 Train 48/48 - loss: 0.1503 - acc: 0.9633
Epoch 254/600
16:09:22 Train 48/48 - loss: 0.1555 - acc: 0.9622
Epoch 255/600
16:09:31 Train 48/48 - loss: 0.1510 - acc: 0.9637
16:09:32 Valid 5/5 - loss: 0.3547 - acc: 0.9069
Epoch 256/600
16:09:41 Train 48/48 - loss: 0.1382 - acc: 0.9676
Epoch 257/600
16:09:50 Train 48/48 - loss: 0.1394 - acc: 0.9674
Epoch 258/600
16:09:58 Train 48/48 - loss: 0.1477 - acc: 0.9655
Epoch 259/600
16:10:07 Train 48/48 - loss: 0.1431 - acc: 0.9659
Epoch 260/600
16:10:16 Train 48/48 - loss: 0.1462 - acc: 0.9653
16:10:17 Valid 5/5 - loss: 0.2385 - acc: 0.9324
Epoch 261/600
16:10:26 Train 48/48 - loss: 0.1383 - acc: 0.9681
Epoch 262/600
16:10:35 Train 48/48 - loss: 0.1397 - acc: 0.9665
Epoch 263/600
16:10:44 Train 48/48 - loss: 0.1442 - acc: 0.9660
Epoch 264/600
16:10:52 Train 48/48 - loss: 0.1463 - acc: 0.9648
Epoch 265/600
16:11:01 Train 48/48 - loss: 0.1486 - acc: 0.9637
16:11:02 Valid 5/5 - loss: 0.3481 - acc: 0.9050
Epoch 266/600
16:11:11 Train 48/48 - loss: 0.1463 - acc: 0.9651
Epoch 267/600
16:11:20 Train 48/48 - loss: 0.1381 - acc: 0.9674
Epoch 268/600
16:11:29 Train 48/48 - loss: 0.1363 - acc: 0.9684
Epoch 269/600
16:11:38 Train 48/48 - loss: 0.1354 - acc: 0.9685
Epoch 270/600
16:11:46 Train 48/48 - loss: 0.1390 - acc: 0.9673
16:11:47 Valid 5/5 - loss: 0.2715 - acc: 0.9268
Epoch 271/600
16:11:56 Train 48/48 - loss: 0.1380 - acc: 0.9670
Epoch 272/600
16:12:05 Train 48/48 - loss: 0.1393 - acc: 0.9674
Epoch 273/600
16:12:14 Train 48/48 - loss: 0.1406 - acc: 0.9666
Epoch 274/600
16:12:23 Train 48/48 - loss: 0.1353 - acc: 0.9676
Epoch 275/600
16:12:32 Train 48/48 - loss: 0.1405 - acc: 0.9671
16:12:32 Valid 5/5 - loss: 0.2457 - acc: 0.9337
Epoch 276/600
16:12:41 Train 48/48 - loss: 0.1364 - acc: 0.9670
Epoch 277/600
16:12:50 Train 48/48 - loss: 0.1318 - acc: 0.9694
Epoch 278/600
16:12:59 Train 48/48 - loss: 0.1269 - acc: 0.9691
Epoch 279/600
16:13:08 Train 48/48 - loss: 0.1374 - acc: 0.9674
Epoch 280/600
16:13:17 Train 48/48 - loss: 0.1347 - acc: 0.9683
16:13:17 Valid 5/5 - loss: 0.2721 - acc: 0.9237
Epoch 281/600
16:13:26 Train 48/48 - loss: 0.1321 - acc: 0.9686
Epoch 282/600
16:13:35 Train 48/48 - loss: 0.1308 - acc: 0.9698
Epoch 283/600
16:13:44 Train 48/48 - loss: 0.1261 - acc: 0.9707
Epoch 284/600
16:13:53 Train 48/48 - loss: 0.1320 - acc: 0.9689
Epoch 285/600
16:14:02 Train 48/48 - loss: 0.1353 - acc: 0.9678
16:14:03 Valid 5/5 - loss: 0.2680 - acc: 0.9260
Epoch 286/600
16:14:11 Train 48/48 - loss: 0.1291 - acc: 0.9693
Epoch 287/600
16:14:20 Train 48/48 - loss: 0.1322 - acc: 0.9687
Epoch 288/600
16:14:29 Train 48/48 - loss: 0.1335 - acc: 0.9686
Epoch 289/600
16:14:38 Train 48/48 - loss: 0.1243 - acc: 0.9712
Epoch 290/600
16:14:47 Train 48/48 - loss: 0.1201 - acc: 0.9722
16:14:48 Valid 5/5 - loss: 0.2763 - acc: 0.9241
Epoch 291/600
16:14:57 Train 48/48 - loss: 0.1288 - acc: 0.9704
Epoch 292/600
16:15:05 Train 48/48 - loss: 0.1229 - acc: 0.9716
Epoch 293/600
16:15:14 Train 48/48 - loss: 0.1239 - acc: 0.9711
Epoch 294/600
16:15:23 Train 48/48 - loss: 0.1239 - acc: 0.9710
Epoch 295/600
16:15:32 Train 48/48 - loss: 0.1255 - acc: 0.9708
16:15:33 Valid 5/5 - loss: 0.2402 - acc: 0.9347
Epoch 296/600
16:15:42 Train 48/48 - loss: 0.1237 - acc: 0.9703
Epoch 297/600
16:15:50 Train 48/48 - loss: 0.1200 - acc: 0.9713
Epoch 298/600
16:15:59 Train 48/48 - loss: 0.1246 - acc: 0.9710
Epoch 299/600
16:16:08 Train 48/48 - loss: 0.1252 - acc: 0.9711
Epoch 300/600
16:16:17 Train 48/48 - loss: 0.1195 - acc: 0.9718
16:16:18 Valid 5/5 - loss: 0.2902 - acc: 0.9244
Epoch 301/600
16:16:27 Train 48/48 - loss: 0.1240 - acc: 0.9715
Epoch 302/600
16:16:36 Train 48/48 - loss: 0.1275 - acc: 0.9700
Epoch 303/600
16:16:44 Train 48/48 - loss: 0.1120 - acc: 0.9741
Epoch 304/600
16:16:53 Train 48/48 - loss: 0.1165 - acc: 0.9731
Epoch 305/600
16:17:02 Train 48/48 - loss: 0.1179 - acc: 0.9731
16:17:03 Valid 5/5 - loss: 0.2447 - acc: 0.9309
Epoch 306/600
16:17:12 Train 48/48 - loss: 0.1114 - acc: 0.9743
Epoch 307/600
16:17:21 Train 48/48 - loss: 0.1249 - acc: 0.9702
Epoch 308/600
16:17:30 Train 48/48 - loss: 0.1173 - acc: 0.9725
Epoch 309/600
16:17:38 Train 48/48 - loss: 0.1157 - acc: 0.9728
Epoch 310/600
16:17:47 Train 48/48 - loss: 0.1136 - acc: 0.9731
16:17:48 Valid 5/5 - loss: 0.2773 - acc: 0.9290
Epoch 311/600
16:17:57 Train 48/48 - loss: 0.1148 - acc: 0.9724
Epoch 312/600
16:18:06 Train 48/48 - loss: 0.1120 - acc: 0.9736
Epoch 313/600
16:18:15 Train 48/48 - loss: 0.1100 - acc: 0.9742
Epoch 314/600
16:18:24 Train 48/48 - loss: 0.1131 - acc: 0.9732
Epoch 315/600
16:18:33 Train 48/48 - loss: 0.1101 - acc: 0.9744
16:18:33 Valid 5/5 - loss: 0.2784 - acc: 0.9266
Epoch 316/600
16:18:42 Train 48/48 - loss: 0.1163 - acc: 0.9728
Epoch 317/600
16:18:51 Train 48/48 - loss: 0.1073 - acc: 0.9749
Epoch 318/600
16:19:00 Train 48/48 - loss: 0.1074 - acc: 0.9751
Epoch 319/600
16:19:09 Train 48/48 - loss: 0.1083 - acc: 0.9748
Epoch 320/600
16:19:18 Train 48/48 - loss: 0.1102 - acc: 0.9742
16:19:18 Valid 5/5 - loss: 0.2281 - acc: 0.9386
Epoch 321/600
16:19:27 Train 48/48 - loss: 0.1130 - acc: 0.9736
Epoch 322/600
16:19:36 Train 48/48 - loss: 0.1052 - acc: 0.9761
Epoch 323/600
16:19:45 Train 48/48 - loss: 0.1089 - acc: 0.9743
Epoch 324/600
16:19:54 Train 48/48 - loss: 0.1038 - acc: 0.9762
Epoch 325/600
16:20:03 Train 48/48 - loss: 0.1080 - acc: 0.9742
16:20:04 Valid 5/5 - loss: 0.3889 - acc: 0.9109
Epoch 326/600
16:20:12 Train 48/48 - loss: 0.0994 - acc: 0.9775
Epoch 327/600
16:20:21 Train 48/48 - loss: 0.1085 - acc: 0.9741
Epoch 328/600
16:20:30 Train 48/48 - loss: 0.1107 - acc: 0.9739
Epoch 329/600
16:20:39 Train 48/48 - loss: 0.1074 - acc: 0.9752
Epoch 330/600
16:20:48 Train 48/48 - loss: 0.1012 - acc: 0.9763
16:20:49 Valid 5/5 - loss: 0.2433 - acc: 0.9340
Epoch 331/600
16:20:58 Train 48/48 - loss: 0.1012 - acc: 0.9773
Epoch 332/600
16:21:07 Train 48/48 - loss: 0.0968 - acc: 0.9776
Epoch 333/600
16:21:16 Train 48/48 - loss: 0.1005 - acc: 0.9770
Epoch 334/600
16:21:24 Train 48/48 - loss: 0.1037 - acc: 0.9762
Epoch 335/600
16:21:33 Train 48/48 - loss: 0.0975 - acc: 0.9772
16:21:34 Valid 5/5 - loss: 0.2428 - acc: 0.9377
Epoch 336/600
16:21:43 Train 48/48 - loss: 0.0997 - acc: 0.9773
Epoch 337/600
16:21:52 Train 48/48 - loss: 0.0962 - acc: 0.9768
Epoch 338/600
16:22:01 Train 48/48 - loss: 0.0959 - acc: 0.9776
Epoch 339/600
16:22:10 Train 48/48 - loss: 0.0952 - acc: 0.9779
Epoch 340/600
16:22:18 Train 48/48 - loss: 0.0975 - acc: 0.9772
16:22:19 Valid 5/5 - loss: 0.2725 - acc: 0.9327
Epoch 341/600
16:22:28 Train 48/48 - loss: 0.0960 - acc: 0.9773
Epoch 342/600
16:22:37 Train 48/48 - loss: 0.0993 - acc: 0.9774
Epoch 343/600
16:22:46 Train 48/48 - loss: 0.0961 - acc: 0.9778
Epoch 344/600
16:22:55 Train 48/48 - loss: 0.0973 - acc: 0.9771
Epoch 345/600
16:23:04 Train 48/48 - loss: 0.0935 - acc: 0.9783
16:23:04 Valid 5/5 - loss: 0.2847 - acc: 0.9286
Epoch 346/600
16:23:13 Train 48/48 - loss: 0.0877 - acc: 0.9798
Epoch 347/600
16:23:22 Train 48/48 - loss: 0.0939 - acc: 0.9778
Epoch 348/600
16:23:31 Train 48/48 - loss: 0.0955 - acc: 0.9783
Epoch 349/600
16:23:40 Train 48/48 - loss: 0.0970 - acc: 0.9773
Epoch 350/600
16:23:49 Train 48/48 - loss: 0.0918 - acc: 0.9784
16:23:49 Valid 5/5 - loss: 0.2660 - acc: 0.9334
Epoch 351/600
16:23:58 Train 48/48 - loss: 0.0928 - acc: 0.9787
Epoch 352/600
16:24:07 Train 48/48 - loss: 0.0896 - acc: 0.9796
Epoch 353/600
16:24:16 Train 48/48 - loss: 0.0860 - acc: 0.9800
Epoch 354/600
16:24:25 Train 48/48 - loss: 0.0900 - acc: 0.9798
Epoch 355/600
16:24:34 Train 48/48 - loss: 0.0870 - acc: 0.9804
16:24:35 Valid 5/5 - loss: 0.2804 - acc: 0.9309
Epoch 356/600
16:24:43 Train 48/48 - loss: 0.0884 - acc: 0.9799
Epoch 357/600
16:24:52 Train 48/48 - loss: 0.0879 - acc: 0.9798
Epoch 358/600
16:25:01 Train 48/48 - loss: 0.0841 - acc: 0.9808
Epoch 359/600
16:25:10 Train 48/48 - loss: 0.0868 - acc: 0.9794
Epoch 360/600
16:25:19 Train 48/48 - loss: 0.0812 - acc: 0.9811
16:25:20 Valid 5/5 - loss: 0.2788 - acc: 0.9331
Epoch 361/600
16:25:29 Train 48/48 - loss: 0.0831 - acc: 0.9817
Epoch 362/600
16:25:37 Train 48/48 - loss: 0.0836 - acc: 0.9814
Epoch 363/600
16:25:46 Train 48/48 - loss: 0.0827 - acc: 0.9814
Epoch 364/600
16:25:55 Train 48/48 - loss: 0.0810 - acc: 0.9809
Epoch 365/600
16:26:04 Train 48/48 - loss: 0.0876 - acc: 0.9799
16:26:05 Valid 5/5 - loss: 0.2820 - acc: 0.9291
Epoch 366/600
16:26:14 Train 48/48 - loss: 0.0809 - acc: 0.9818
Epoch 367/600
16:26:23 Train 48/48 - loss: 0.0816 - acc: 0.9814
Epoch 368/600
16:26:31 Train 48/48 - loss: 0.0792 - acc: 0.9819
Epoch 369/600
16:26:40 Train 48/48 - loss: 0.0788 - acc: 0.9821
Epoch 370/600
16:26:49 Train 48/48 - loss: 0.0820 - acc: 0.9814
16:26:50 Valid 5/5 - loss: 0.2480 - acc: 0.9385
Epoch 371/600
16:26:59 Train 48/48 - loss: 0.0788 - acc: 0.9824
Epoch 372/600
16:27:08 Train 48/48 - loss: 0.0761 - acc: 0.9829
Epoch 373/600
16:27:16 Train 48/48 - loss: 0.0769 - acc: 0.9822
Epoch 374/600
16:27:25 Train 48/48 - loss: 0.0761 - acc: 0.9825
Epoch 375/600
16:27:34 Train 48/48 - loss: 0.0753 - acc: 0.9828
16:27:35 Valid 5/5 - loss: 0.2440 - acc: 0.9403
Epoch 376/600
16:27:44 Train 48/48 - loss: 0.0707 - acc: 0.9841
Epoch 377/600
16:27:53 Train 48/48 - loss: 0.0685 - acc: 0.9848
Epoch 378/600
16:28:02 Train 48/48 - loss: 0.0712 - acc: 0.9844
Epoch 379/600
16:28:10 Train 48/48 - loss: 0.0731 - acc: 0.9834
Epoch 380/600
16:28:19 Train 48/48 - loss: 0.0785 - acc: 0.9826
16:28:20 Valid 5/5 - loss: 0.2159 - acc: 0.9457
Epoch 381/600
16:28:29 Train 48/48 - loss: 0.0775 - acc: 0.9824
Epoch 382/600
16:28:38 Train 48/48 - loss: 0.0768 - acc: 0.9819
Epoch 383/600
16:28:47 Train 48/48 - loss: 0.0772 - acc: 0.9828
Epoch 384/600
16:28:56 Train 48/48 - loss: 0.0698 - acc: 0.9842
Epoch 385/600
16:29:04 Train 48/48 - loss: 0.0693 - acc: 0.9843
16:29:05 Valid 5/5 - loss: 0.2423 - acc: 0.9408
Epoch 386/600
16:29:14 Train 48/48 - loss: 0.0720 - acc: 0.9842
Epoch 387/600
16:29:23 Train 48/48 - loss: 0.0643 - acc: 0.9852
Epoch 388/600
16:29:32 Train 48/48 - loss: 0.0670 - acc: 0.9845
Epoch 389/600
16:29:41 Train 48/48 - loss: 0.0671 - acc: 0.9849
Epoch 390/600
16:29:50 Train 48/48 - loss: 0.0646 - acc: 0.9855
16:29:50 Valid 5/5 - loss: 0.2163 - acc: 0.9466
Epoch 391/600
16:29:59 Train 48/48 - loss: 0.0681 - acc: 0.9844
Epoch 392/600
16:30:08 Train 48/48 - loss: 0.0670 - acc: 0.9845
Epoch 393/600
16:30:17 Train 48/48 - loss: 0.0654 - acc: 0.9853
Epoch 394/600
16:30:26 Train 48/48 - loss: 0.0646 - acc: 0.9852
Epoch 395/600
16:30:35 Train 48/48 - loss: 0.0605 - acc: 0.9862
16:30:35 Valid 5/5 - loss: 0.2289 - acc: 0.9405
Epoch 396/600
16:30:44 Train 48/48 - loss: 0.0644 - acc: 0.9854
Epoch 397/600
16:30:53 Train 48/48 - loss: 0.0684 - acc: 0.9842
Epoch 398/600
16:31:02 Train 48/48 - loss: 0.0605 - acc: 0.9867
Epoch 399/600
16:31:11 Train 48/48 - loss: 0.0639 - acc: 0.9853
Epoch 400/600
16:31:20 Train 48/48 - loss: 0.0600 - acc: 0.9867
16:31:21 Valid 5/5 - loss: 0.1968 - acc: 0.9498
Epoch 401/600
16:31:29 Train 48/48 - loss: 0.0588 - acc: 0.9869
Epoch 402/600
16:31:38 Train 48/48 - loss: 0.0594 - acc: 0.9867
Epoch 403/600
16:31:47 Train 48/48 - loss: 0.0534 - acc: 0.9881
Epoch 404/600
16:31:56 Train 48/48 - loss: 0.0611 - acc: 0.9865
Epoch 405/600
16:32:05 Train 48/48 - loss: 0.0590 - acc: 0.9870
16:32:06 Valid 5/5 - loss: 0.2134 - acc: 0.9486
Epoch 406/600
16:32:15 Train 48/48 - loss: 0.0543 - acc: 0.9880
Epoch 407/600
16:32:23 Train 48/48 - loss: 0.0601 - acc: 0.9864
Epoch 408/600
16:32:32 Train 48/48 - loss: 0.0566 - acc: 0.9871
Epoch 409/600
16:32:41 Train 48/48 - loss: 0.0569 - acc: 0.9871
Epoch 410/600
16:32:50 Train 48/48 - loss: 0.0570 - acc: 0.9866
16:32:51 Valid 5/5 - loss: 0.2175 - acc: 0.9472
Epoch 411/600
16:33:00 Train 48/48 - loss: 0.0579 - acc: 0.9867
Epoch 412/600
16:33:09 Train 48/48 - loss: 0.0542 - acc: 0.9880
Epoch 413/600
16:33:17 Train 48/48 - loss: 0.0574 - acc: 0.9874
Epoch 414/600
16:33:26 Train 48/48 - loss: 0.0571 - acc: 0.9870
Epoch 415/600
16:33:35 Train 48/48 - loss: 0.0503 - acc: 0.9893
16:33:36 Valid 5/5 - loss: 0.2222 - acc: 0.9483
Epoch 416/600
16:33:45 Train 48/48 - loss: 0.0492 - acc: 0.9887
Epoch 417/600
16:33:54 Train 48/48 - loss: 0.0503 - acc: 0.9890
Epoch 418/600
16:34:03 Train 48/48 - loss: 0.0528 - acc: 0.9881
Epoch 419/600
16:34:11 Train 48/48 - loss: 0.0496 - acc: 0.9887
Epoch 420/600
16:34:20 Train 48/48 - loss: 0.0512 - acc: 0.9891
16:34:21 Valid 5/5 - loss: 0.2181 - acc: 0.9429
Epoch 421/600
16:34:30 Train 48/48 - loss: 0.0502 - acc: 0.9885
Epoch 422/600
16:34:39 Train 48/48 - loss: 0.0487 - acc: 0.9894
Epoch 423/600
16:34:48 Train 48/48 - loss: 0.0502 - acc: 0.9889
Epoch 424/600
16:34:57 Train 48/48 - loss: 0.0456 - acc: 0.9902
Epoch 425/600
16:35:05 Train 48/48 - loss: 0.0454 - acc: 0.9900
16:35:06 Valid 5/5 - loss: 0.2413 - acc: 0.9451
Epoch 426/600
16:35:15 Train 48/48 - loss: 0.0459 - acc: 0.9902
Epoch 427/600
16:35:24 Train 48/48 - loss: 0.0498 - acc: 0.9891
Epoch 428/600
16:35:33 Train 48/48 - loss: 0.0451 - acc: 0.9903
Epoch 429/600
16:35:42 Train 48/48 - loss: 0.0476 - acc: 0.9895
Epoch 430/600
16:35:51 Train 48/48 - loss: 0.0453 - acc: 0.9903
16:35:51 Valid 5/5 - loss: 0.2016 - acc: 0.9500
Epoch 431/600
16:36:00 Train 48/48 - loss: 0.0458 - acc: 0.9902
Epoch 432/600
16:36:09 Train 48/48 - loss: 0.0442 - acc: 0.9907
Epoch 433/600
16:36:18 Train 48/48 - loss: 0.0434 - acc: 0.9905
Epoch 434/600
16:36:27 Train 48/48 - loss: 0.0422 - acc: 0.9910
Epoch 435/600
16:36:36 Train 48/48 - loss: 0.0410 - acc: 0.9911
16:36:36 Valid 5/5 - loss: 0.1811 - acc: 0.9547
Epoch 436/600
16:36:45 Train 48/48 - loss: 0.0430 - acc: 0.9908
Epoch 437/600
16:36:54 Train 48/48 - loss: 0.0411 - acc: 0.9909
Epoch 438/600
16:37:03 Train 48/48 - loss: 0.0375 - acc: 0.9919
Epoch 439/600
16:37:12 Train 48/48 - loss: 0.0392 - acc: 0.9917
Epoch 440/600
16:37:21 Train 48/48 - loss: 0.0408 - acc: 0.9911
16:37:22 Valid 5/5 - loss: 0.2116 - acc: 0.9470
Epoch 441/600
16:37:30 Train 48/48 - loss: 0.0360 - acc: 0.9922
Epoch 442/600
16:37:39 Train 48/48 - loss: 0.0377 - acc: 0.9922
Epoch 443/600
16:37:48 Train 48/48 - loss: 0.0356 - acc: 0.9926
Epoch 444/600
16:37:57 Train 48/48 - loss: 0.0358 - acc: 0.9921
Epoch 445/600
16:38:06 Train 48/48 - loss: 0.0380 - acc: 0.9916
16:38:07 Valid 5/5 - loss: 0.2032 - acc: 0.9506
Epoch 446/600
16:38:16 Train 48/48 - loss: 0.0344 - acc: 0.9925
Epoch 447/600
16:38:24 Train 48/48 - loss: 0.0358 - acc: 0.9928
Epoch 448/600
16:38:33 Train 48/48 - loss: 0.0367 - acc: 0.9923
Epoch 449/600
16:38:42 Train 48/48 - loss: 0.0321 - acc: 0.9934
Epoch 450/600
16:38:51 Train 48/48 - loss: 0.0306 - acc: 0.9930
16:38:52 Valid 5/5 - loss: 0.1923 - acc: 0.9527
Epoch 451/600
16:39:01 Train 48/48 - loss: 0.0328 - acc: 0.9929
Epoch 452/600
16:39:10 Train 48/48 - loss: 0.0348 - acc: 0.9924
Epoch 453/600
16:39:18 Train 48/48 - loss: 0.0349 - acc: 0.9927
Epoch 454/600
16:39:27 Train 48/48 - loss: 0.0323 - acc: 0.9933
Epoch 455/600
16:39:36 Train 48/48 - loss: 0.0331 - acc: 0.9930
16:39:37 Valid 5/5 - loss: 0.1795 - acc: 0.9570
Epoch 456/600
16:39:46 Train 48/48 - loss: 0.0284 - acc: 0.9941
Epoch 457/600
16:39:55 Train 48/48 - loss: 0.0289 - acc: 0.9941
Epoch 458/600
16:40:04 Train 48/48 - loss: 0.0283 - acc: 0.9938
Epoch 459/600
16:40:13 Train 48/48 - loss: 0.0290 - acc: 0.9939
Epoch 460/600
16:40:21 Train 48/48 - loss: 0.0282 - acc: 0.9937
16:40:22 Valid 5/5 - loss: 0.1899 - acc: 0.9531
Epoch 461/600
16:40:31 Train 48/48 - loss: 0.0279 - acc: 0.9942
Epoch 462/600
16:40:40 Train 48/48 - loss: 0.0291 - acc: 0.9943
Epoch 463/600
16:40:49 Train 48/48 - loss: 0.0279 - acc: 0.9942
Epoch 464/600
16:40:58 Train 48/48 - loss: 0.0290 - acc: 0.9939
Epoch 465/600
16:41:07 Train 48/48 - loss: 0.0289 - acc: 0.9940
16:41:08 Valid 5/5 - loss: 0.1823 - acc: 0.9551
Epoch 466/600
16:41:16 Train 48/48 - loss: 0.0245 - acc: 0.9952
Epoch 467/600
16:41:25 Train 48/48 - loss: 0.0263 - acc: 0.9947
Epoch 468/600
16:41:34 Train 48/48 - loss: 0.0237 - acc: 0.9952
Epoch 469/600
16:41:43 Train 48/48 - loss: 0.0232 - acc: 0.9954
Epoch 470/600
16:41:52 Train 48/48 - loss: 0.0236 - acc: 0.9955
16:41:53 Valid 5/5 - loss: 0.1703 - acc: 0.9597
Epoch 471/600
16:42:02 Train 48/48 - loss: 0.0230 - acc: 0.9955
Epoch 472/600
16:42:10 Train 48/48 - loss: 0.0255 - acc: 0.9947
Epoch 473/600
16:42:19 Train 48/48 - loss: 0.0239 - acc: 0.9950
Epoch 474/600
16:42:28 Train 48/48 - loss: 0.0217 - acc: 0.9958
Epoch 475/600
16:42:37 Train 48/48 - loss: 0.0246 - acc: 0.9952
16:42:38 Valid 5/5 - loss: 0.1814 - acc: 0.9579
Epoch 476/600
16:42:47 Train 48/48 - loss: 0.0236 - acc: 0.9951
Epoch 477/600
16:42:56 Train 48/48 - loss: 0.0230 - acc: 0.9953
Epoch 478/600
16:43:04 Train 48/48 - loss: 0.0222 - acc: 0.9956
Epoch 479/600
16:43:13 Train 48/48 - loss: 0.0184 - acc: 0.9964
Epoch 480/600
16:43:22 Train 48/48 - loss: 0.0200 - acc: 0.9960
16:43:23 Valid 5/5 - loss: 0.1779 - acc: 0.9609
Epoch 481/600
16:43:32 Train 48/48 - loss: 0.0188 - acc: 0.9961
Epoch 482/600
16:43:41 Train 48/48 - loss: 0.0211 - acc: 0.9954
Epoch 483/600
16:43:49 Train 48/48 - loss: 0.0166 - acc: 0.9970
Epoch 484/600
16:43:58 Train 48/48 - loss: 0.0208 - acc: 0.9958
Epoch 485/600
16:44:07 Train 48/48 - loss: 0.0190 - acc: 0.9960
16:44:08 Valid 5/5 - loss: 0.1747 - acc: 0.9582
Epoch 486/600
16:44:17 Train 48/48 - loss: 0.0186 - acc: 0.9963
Epoch 487/600
16:44:26 Train 48/48 - loss: 0.0180 - acc: 0.9964
Epoch 488/600
16:44:35 Train 48/48 - loss: 0.0176 - acc: 0.9968
Epoch 489/600
16:44:43 Train 48/48 - loss: 0.0179 - acc: 0.9967
Epoch 490/600
16:44:52 Train 48/48 - loss: 0.0184 - acc: 0.9964
16:44:53 Valid 5/5 - loss: 0.1667 - acc: 0.9614
Epoch 491/600
16:45:02 Train 48/48 - loss: 0.0164 - acc: 0.9969
Epoch 492/600
16:45:11 Train 48/48 - loss: 0.0171 - acc: 0.9967
Epoch 493/600
16:45:20 Train 48/48 - loss: 0.0165 - acc: 0.9967
Epoch 494/600
16:45:29 Train 48/48 - loss: 0.0151 - acc: 0.9970
Epoch 495/600
16:45:37 Train 48/48 - loss: 0.0147 - acc: 0.9971
16:45:38 Valid 5/5 - loss: 0.1835 - acc: 0.9583
Epoch 496/600
16:45:47 Train 48/48 - loss: 0.0164 - acc: 0.9971
Epoch 497/600
16:45:56 Train 48/48 - loss: 0.0147 - acc: 0.9973
Epoch 498/600
16:46:05 Train 48/48 - loss: 0.0152 - acc: 0.9973
Epoch 499/600
16:46:14 Train 48/48 - loss: 0.0160 - acc: 0.9968
Epoch 500/600
16:46:23 Train 48/48 - loss: 0.0149 - acc: 0.9975
16:46:23 Valid 5/5 - loss: 0.1664 - acc: 0.9606
Epoch 501/600
16:46:32 Train 48/48 - loss: 0.0127 - acc: 0.9977
Epoch 502/600
16:46:41 Train 48/48 - loss: 0.0130 - acc: 0.9976
Epoch 503/600
16:46:50 Train 48/48 - loss: 0.0139 - acc: 0.9974
Epoch 504/600
16:46:59 Train 48/48 - loss: 0.0138 - acc: 0.9975
Epoch 505/600
16:47:08 Train 48/48 - loss: 0.0130 - acc: 0.9976
16:47:08 Valid 5/5 - loss: 0.1613 - acc: 0.9611
Epoch 506/600
16:47:17 Train 48/48 - loss: 0.0122 - acc: 0.9979
Epoch 507/600
16:47:26 Train 48/48 - loss: 0.0115 - acc: 0.9978
Epoch 508/600
16:47:35 Train 48/48 - loss: 0.0123 - acc: 0.9978
Epoch 509/600
16:47:44 Train 48/48 - loss: 0.0111 - acc: 0.9981
Epoch 510/600
16:47:53 Train 48/48 - loss: 0.0108 - acc: 0.9983
16:47:54 Valid 5/5 - loss: 0.1629 - acc: 0.9618
Epoch 511/600
16:48:02 Train 48/48 - loss: 0.0109 - acc: 0.9981
Epoch 512/600
16:48:11 Train 48/48 - loss: 0.0099 - acc: 0.9984
Epoch 513/600
16:48:20 Train 48/48 - loss: 0.0103 - acc: 0.9984
Epoch 514/600
16:48:29 Train 48/48 - loss: 0.0111 - acc: 0.9981
Epoch 515/600
16:48:38 Train 48/48 - loss: 0.0113 - acc: 0.9977
16:48:39 Valid 5/5 - loss: 0.1584 - acc: 0.9630
Epoch 516/600
16:48:48 Train 48/48 - loss: 0.0116 - acc: 0.9980
Epoch 517/600
16:48:56 Train 48/48 - loss: 0.0118 - acc: 0.9980
Epoch 518/600
16:49:05 Train 48/48 - loss: 0.0111 - acc: 0.9980
Epoch 519/600
16:49:14 Train 48/48 - loss: 0.0107 - acc: 0.9982
Epoch 520/600
16:49:23 Train 48/48 - loss: 0.0101 - acc: 0.9984
16:49:24 Valid 5/5 - loss: 0.1543 - acc: 0.9648
Epoch 521/600
16:49:33 Train 48/48 - loss: 0.0095 - acc: 0.9985
Epoch 522/600
16:49:42 Train 48/48 - loss: 0.0099 - acc: 0.9983
Epoch 523/600
16:49:51 Train 48/48 - loss: 0.0088 - acc: 0.9985
Epoch 524/600
16:49:59 Train 48/48 - loss: 0.0088 - acc: 0.9985
Epoch 525/600
16:50:08 Train 48/48 - loss: 0.0091 - acc: 0.9986
16:50:09 Valid 5/5 - loss: 0.1534 - acc: 0.9632
Epoch 526/600
16:50:18 Train 48/48 - loss: 0.0074 - acc: 0.9990
Epoch 527/600
16:50:27 Train 48/48 - loss: 0.0091 - acc: 0.9985
Epoch 528/600
16:50:36 Train 48/48 - loss: 0.0078 - acc: 0.9987
Epoch 529/600
16:50:45 Train 48/48 - loss: 0.0086 - acc: 0.9983
Epoch 530/600
16:50:54 Train 48/48 - loss: 0.0092 - acc: 0.9985
16:50:55 Valid 5/5 - loss: 0.1587 - acc: 0.9636
Epoch 531/600
16:51:03 Train 48/48 - loss: 0.0094 - acc: 0.9982
Epoch 532/600
16:51:12 Train 48/48 - loss: 0.0084 - acc: 0.9987
Epoch 533/600
16:51:21 Train 48/48 - loss: 0.0082 - acc: 0.9987
Epoch 534/600
16:51:30 Train 48/48 - loss: 0.0072 - acc: 0.9988
Epoch 535/600
16:51:39 Train 48/48 - loss: 0.0077 - acc: 0.9988
16:51:40 Valid 5/5 - loss: 0.1555 - acc: 0.9639
Epoch 536/600
16:51:49 Train 48/48 - loss: 0.0081 - acc: 0.9987
Epoch 537/600
16:51:57 Train 48/48 - loss: 0.0081 - acc: 0.9988
Epoch 538/600
16:52:06 Train 48/48 - loss: 0.0077 - acc: 0.9989
Epoch 539/600
16:52:15 Train 48/48 - loss: 0.0073 - acc: 0.9991
Epoch 540/600
16:52:24 Train 48/48 - loss: 0.0082 - acc: 0.9986
16:52:25 Valid 5/5 - loss: 0.1529 - acc: 0.9650
Epoch 541/600
16:52:34 Train 48/48 - loss: 0.0081 - acc: 0.9987
Epoch 542/600
16:52:43 Train 48/48 - loss: 0.0071 - acc: 0.9989
Epoch 543/600
16:52:51 Train 48/48 - loss: 0.0081 - acc: 0.9988
Epoch 544/600
16:53:00 Train 48/48 - loss: 0.0074 - acc: 0.9987
Epoch 545/600
16:53:09 Train 48/48 - loss: 0.0073 - acc: 0.9989
16:53:10 Valid 5/5 - loss: 0.1481 - acc: 0.9658
Epoch 546/600
16:53:19 Train 48/48 - loss: 0.0074 - acc: 0.9988
Epoch 547/600
16:53:28 Train 48/48 - loss: 0.0075 - acc: 0.9987
Epoch 548/600
16:53:37 Train 48/48 - loss: 0.0063 - acc: 0.9992
Epoch 549/600
16:53:45 Train 48/48 - loss: 0.0077 - acc: 0.9987
Epoch 550/600
16:53:54 Train 48/48 - loss: 0.0061 - acc: 0.9991
16:53:55 Valid 5/5 - loss: 0.1475 - acc: 0.9654
Epoch 551/600
16:54:04 Train 48/48 - loss: 0.0062 - acc: 0.9990
Epoch 552/600
16:54:13 Train 48/48 - loss: 0.0056 - acc: 0.9993
Epoch 553/600
16:54:22 Train 48/48 - loss: 0.0065 - acc: 0.9991
Epoch 554/600
16:54:31 Train 48/48 - loss: 0.0058 - acc: 0.9993
Epoch 555/600
16:54:39 Train 48/48 - loss: 0.0068 - acc: 0.9991
16:54:40 Valid 5/5 - loss: 0.1488 - acc: 0.9656
Epoch 556/600
16:54:49 Train 48/48 - loss: 0.0068 - acc: 0.9988
Epoch 557/600
16:54:58 Train 48/48 - loss: 0.0054 - acc: 0.9993
Epoch 558/600
16:55:07 Train 48/48 - loss: 0.0064 - acc: 0.9991
Epoch 559/600
16:55:16 Train 48/48 - loss: 0.0062 - acc: 0.9992
Epoch 560/600
16:55:25 Train 48/48 - loss: 0.0058 - acc: 0.9993
16:55:25 Valid 5/5 - loss: 0.1469 - acc: 0.9653
Epoch 561/600
16:55:34 Train 48/48 - loss: 0.0054 - acc: 0.9993
Epoch 562/600
16:55:43 Train 48/48 - loss: 0.0051 - acc: 0.9995
Epoch 563/600
16:55:52 Train 48/48 - loss: 0.0053 - acc: 0.9993
Epoch 564/600
16:56:01 Train 48/48 - loss: 0.0059 - acc: 0.9993
Epoch 565/600
16:56:10 Train 48/48 - loss: 0.0057 - acc: 0.9993
16:56:10 Valid 5/5 - loss: 0.1450 - acc: 0.9659
Epoch 566/600
16:56:19 Train 48/48 - loss: 0.0057 - acc: 0.9993
Epoch 567/600
16:56:28 Train 48/48 - loss: 0.0056 - acc: 0.9992
Epoch 568/600
16:56:37 Train 48/48 - loss: 0.0055 - acc: 0.9993
Epoch 569/600
16:56:46 Train 48/48 - loss: 0.0052 - acc: 0.9994
Epoch 570/600
16:56:55 Train 48/48 - loss: 0.0056 - acc: 0.9993
16:56:55 Valid 5/5 - loss: 0.1443 - acc: 0.9665
Epoch 571/600
16:57:04 Train 48/48 - loss: 0.0055 - acc: 0.9993
Epoch 572/600
16:57:13 Train 48/48 - loss: 0.0052 - acc: 0.9995
Epoch 573/600
16:57:22 Train 48/48 - loss: 0.0055 - acc: 0.9993
Epoch 574/600
16:57:31 Train 48/48 - loss: 0.0055 - acc: 0.9992
Epoch 575/600
16:57:40 Train 48/48 - loss: 0.0055 - acc: 0.9991
16:57:41 Valid 5/5 - loss: 0.1445 - acc: 0.9656
Epoch 576/600
16:57:49 Train 48/48 - loss: 0.0056 - acc: 0.9992
Epoch 577/600
16:57:58 Train 48/48 - loss: 0.0059 - acc: 0.9992
Epoch 578/600
16:58:07 Train 48/48 - loss: 0.0061 - acc: 0.9991
Epoch 579/600
16:58:16 Train 48/48 - loss: 0.0051 - acc: 0.9995
Epoch 580/600
16:58:25 Train 48/48 - loss: 0.0055 - acc: 0.9994
16:58:26 Valid 5/5 - loss: 0.1457 - acc: 0.9657
Epoch 581/600
16:58:35 Train 48/48 - loss: 0.0055 - acc: 0.9993
Epoch 582/600
16:58:43 Train 48/48 - loss: 0.0052 - acc: 0.9992
Epoch 583/600
16:58:52 Train 48/48 - loss: 0.0058 - acc: 0.9992
Epoch 584/600
16:59:01 Train 48/48 - loss: 0.0049 - acc: 0.9994
Epoch 585/600
16:59:10 Train 48/48 - loss: 0.0062 - acc: 0.9992
16:59:11 Valid 5/5 - loss: 0.1456 - acc: 0.9662
Epoch 586/600
16:59:20 Train 48/48 - loss: 0.0053 - acc: 0.9993
Epoch 587/600
16:59:29 Train 48/48 - loss: 0.0050 - acc: 0.9995
Epoch 588/600
16:59:37 Train 48/48 - loss: 0.0051 - acc: 0.9993
Epoch 589/600
16:59:46 Train 48/48 - loss: 0.0055 - acc: 0.9994
Epoch 590/600
16:59:55 Train 48/48 - loss: 0.0051 - acc: 0.9994
16:59:56 Valid 5/5 - loss: 0.1454 - acc: 0.9661
Epoch 591/600
17:00:05 Train 48/48 - loss: 0.0050 - acc: 0.9995
Epoch 592/600
17:00:14 Train 48/48 - loss: 0.0046 - acc: 0.9994
Epoch 593/600
17:00:23 Train 48/48 - loss: 0.0051 - acc: 0.9994
Epoch 594/600
17:00:31 Train 48/48 - loss: 0.0057 - acc: 0.9991
Epoch 595/600
17:00:40 Train 48/48 - loss: 0.0051 - acc: 0.9995
17:00:41 Valid 5/5 - loss: 0.1464 - acc: 0.9662
Epoch 596/600
17:00:50 Train 48/48 - loss: 0.0051 - acc: 0.9995
Epoch 597/600
17:00:59 Train 48/48 - loss: 0.0050 - acc: 0.9995
Epoch 598/600
17:01:08 Train 48/48 - loss: 0.0051 - acc: 0.9994
Epoch 599/600
17:01:17 Train 48/48 - loss: 0.0054 - acc: 0.9993
Epoch 600/600
17:01:25 Train 48/48 - loss: 0.0048 - acc: 0.9993
17:01:26 Valid 5/5 - loss: 0.1459 - acc: 0.9666