Epoch 1/600
00:54:16 Train 65/65 - loss: 3.2177 - acc: 0.1240
Epoch 2/600
00:54:27 Train 65/65 - loss: 2.9212 - acc: 0.2084
Epoch 3/600
00:54:39 Train 65/65 - loss: 2.6448 - acc: 0.2847
Epoch 4/600
00:54:50 Train 65/65 - loss: 2.4249 - acc: 0.3485
Epoch 5/600
00:55:01 Train 65/65 - loss: 2.2481 - acc: 0.4066
WARNING:tensorflow:From /usr/local/lib/python3.6/dist-packages/tensorflow/python/data/ops/multi_device_iterator_ops.py:601: get_next_as_optional (from tensorflow.python.data.ops.iterator_ops) is deprecated and will be removed in a future version.
Instructions for updating:
Use `tf.data.Iterator.get_next_as_optional()` instead.
WARNING:tensorflow:From /usr/local/lib/python3.6/dist-packages/tensorflow/python/data/ops/multi_device_iterator_ops.py:601: get_next_as_optional (from tensorflow.python.data.ops.iterator_ops) is deprecated and will be removed in a future version.
Instructions for updating:
Use `tf.data.Iterator.get_next_as_optional()` instead.
00:56:02 Valid 7/7 - loss: 1.5517 - acc: 0.4287
Epoch 6/600
00:56:13 Train 65/65 - loss: 2.0857 - acc: 0.4539
Epoch 7/600
00:56:25 Train 65/65 - loss: 1.9710 - acc: 0.4921
Epoch 8/600
00:56:36 Train 65/65 - loss: 1.8489 - acc: 0.5259
Epoch 9/600
00:56:47 Train 65/65 - loss: 1.7655 - acc: 0.5544
Epoch 10/600
00:56:58 Train 65/65 - loss: 1.6532 - acc: 0.5829
00:56:59 Valid 7/7 - loss: 0.9821 - acc: 0.6490
Epoch 11/600
00:57:11 Train 65/65 - loss: 1.5660 - acc: 0.6099
Epoch 12/600
00:57:22 Train 65/65 - loss: 1.5029 - acc: 0.6261
Epoch 13/600
00:57:33 Train 65/65 - loss: 1.4007 - acc: 0.6517
Epoch 14/600
00:57:44 Train 65/65 - loss: 1.3294 - acc: 0.6726
Epoch 15/600
00:57:55 Train 65/65 - loss: 1.2754 - acc: 0.6849
00:57:57 Valid 7/7 - loss: 0.9455 - acc: 0.6902
Epoch 16/600
00:58:08 Train 65/65 - loss: 1.2258 - acc: 0.6999
Epoch 17/600
00:58:19 Train 65/65 - loss: 1.1821 - acc: 0.7117
Epoch 18/600
00:58:30 Train 65/65 - loss: 1.1411 - acc: 0.7226
Epoch 19/600
00:58:41 Train 65/65 - loss: 1.1112 - acc: 0.7306
Epoch 20/600
00:58:52 Train 65/65 - loss: 1.0863 - acc: 0.7371
00:58:54 Valid 7/7 - loss: 0.6664 - acc: 0.7676
Epoch 21/600
00:59:05 Train 65/65 - loss: 1.0375 - acc: 0.7487
Epoch 22/600
00:59:16 Train 65/65 - loss: 1.0137 - acc: 0.7554
Epoch 23/600
00:59:27 Train 65/65 - loss: 0.9817 - acc: 0.7632
Epoch 24/600
00:59:38 Train 65/65 - loss: 0.9539 - acc: 0.7702
Epoch 25/600
00:59:50 Train 65/65 - loss: 0.9272 - acc: 0.7790
00:59:51 Valid 7/7 - loss: 0.4842 - acc: 0.8340
Epoch 26/600
01:00:02 Train 65/65 - loss: 0.9147 - acc: 0.7838
Epoch 27/600
01:00:13 Train 65/65 - loss: 0.8846 - acc: 0.7885
Epoch 28/600
01:00:24 Train 65/65 - loss: 0.8681 - acc: 0.7936
Epoch 29/600
01:00:35 Train 65/65 - loss: 0.8492 - acc: 0.7982
Epoch 30/600
01:00:46 Train 65/65 - loss: 0.8351 - acc: 0.8020
01:00:48 Valid 7/7 - loss: 0.6145 - acc: 0.8070
Epoch 31/600
01:00:59 Train 65/65 - loss: 0.8136 - acc: 0.8089
Epoch 32/600
01:01:10 Train 65/65 - loss: 0.7896 - acc: 0.8132
Epoch 33/600
01:01:21 Train 65/65 - loss: 0.7841 - acc: 0.8131
Epoch 34/600
01:01:32 Train 65/65 - loss: 0.7714 - acc: 0.8162
Epoch 35/600
01:01:43 Train 65/65 - loss: 0.7563 - acc: 0.8197
01:01:44 Valid 7/7 - loss: 0.3990 - acc: 0.8672
Epoch 36/600
01:01:55 Train 65/65 - loss: 0.7463 - acc: 0.8266
Epoch 37/600
01:02:07 Train 65/65 - loss: 0.7465 - acc: 0.8261
Epoch 38/600
01:02:18 Train 65/65 - loss: 0.7272 - acc: 0.8280
Epoch 39/600
01:02:29 Train 65/65 - loss: 0.7232 - acc: 0.8311
Epoch 40/600
01:02:40 Train 65/65 - loss: 0.7175 - acc: 0.8310
01:02:41 Valid 7/7 - loss: 0.4172 - acc: 0.8672
Epoch 41/600
01:02:52 Train 65/65 - loss: 0.7096 - acc: 0.8321
Epoch 42/600
01:03:03 Train 65/65 - loss: 0.6911 - acc: 0.8371
Epoch 43/600
01:03:14 Train 65/65 - loss: 0.6930 - acc: 0.8383
Epoch 44/600
01:03:25 Train 65/65 - loss: 0.6778 - acc: 0.8406
Epoch 45/600
01:03:37 Train 65/65 - loss: 0.6834 - acc: 0.8397
01:03:38 Valid 7/7 - loss: 0.3449 - acc: 0.8836
Epoch 46/600
01:03:49 Train 65/65 - loss: 0.6656 - acc: 0.8457
Epoch 47/600
01:04:00 Train 65/65 - loss: 0.6568 - acc: 0.8467
Epoch 48/600
01:04:11 Train 65/65 - loss: 0.6598 - acc: 0.8456
Epoch 49/600
01:04:22 Train 65/65 - loss: 0.6519 - acc: 0.8486
Epoch 50/600
01:04:33 Train 65/65 - loss: 0.6473 - acc: 0.8486
01:04:34 Valid 7/7 - loss: 0.3497 - acc: 0.8849
Epoch 51/600
01:04:45 Train 65/65 - loss: 0.6391 - acc: 0.8504
Epoch 52/600
01:04:57 Train 65/65 - loss: 0.6308 - acc: 0.8539
Epoch 53/600
01:05:08 Train 65/65 - loss: 0.6310 - acc: 0.8551
Epoch 54/600
01:05:19 Train 65/65 - loss: 0.6289 - acc: 0.8528
Epoch 55/600
01:05:30 Train 65/65 - loss: 0.6132 - acc: 0.8572
01:05:31 Valid 7/7 - loss: 0.3298 - acc: 0.8931
Epoch 56/600
01:05:42 Train 65/65 - loss: 0.6145 - acc: 0.8571
Epoch 57/600
01:05:53 Train 65/65 - loss: 0.6139 - acc: 0.8576
Epoch 58/600
01:06:04 Train 65/65 - loss: 0.6055 - acc: 0.8602
Epoch 59/600
01:06:16 Train 65/65 - loss: 0.6096 - acc: 0.8573
Epoch 60/600
01:06:27 Train 65/65 - loss: 0.6142 - acc: 0.8568
01:06:28 Valid 7/7 - loss: 0.2968 - acc: 0.8981
Epoch 61/600
01:06:39 Train 65/65 - loss: 0.5864 - acc: 0.8633
Epoch 62/600
01:06:50 Train 65/65 - loss: 0.5995 - acc: 0.8616
Epoch 63/600
01:07:01 Train 65/65 - loss: 0.5881 - acc: 0.8625
Epoch 64/600
01:07:12 Train 65/65 - loss: 0.5860 - acc: 0.8636
Epoch 65/600
01:07:23 Train 65/65 - loss: 0.5864 - acc: 0.8647
01:07:24 Valid 7/7 - loss: 0.3967 - acc: 0.8721
Epoch 66/600
01:07:36 Train 65/65 - loss: 0.5807 - acc: 0.8653
Epoch 67/600
01:07:47 Train 65/65 - loss: 0.5736 - acc: 0.8665
Epoch 68/600
01:07:58 Train 65/65 - loss: 0.5717 - acc: 0.8667
Epoch 69/600
01:08:09 Train 65/65 - loss: 0.5761 - acc: 0.8657
Epoch 70/600
01:08:20 Train 65/65 - loss: 0.5625 - acc: 0.8691
01:08:21 Valid 7/7 - loss: 0.4479 - acc: 0.8624
Epoch 71/600
01:08:32 Train 65/65 - loss: 0.5598 - acc: 0.8694
Epoch 72/600
01:08:43 Train 65/65 - loss: 0.5559 - acc: 0.8713
Epoch 73/600
01:08:55 Train 65/65 - loss: 0.5604 - acc: 0.8702
Epoch 74/600
01:09:06 Train 65/65 - loss: 0.5610 - acc: 0.8720
Epoch 75/600
01:09:17 Train 65/65 - loss: 0.5555 - acc: 0.8712
01:09:18 Valid 7/7 - loss: 0.2985 - acc: 0.8989
Epoch 76/600
01:09:29 Train 65/65 - loss: 0.5513 - acc: 0.8733
Epoch 77/600
01:09:40 Train 65/65 - loss: 0.5563 - acc: 0.8704
Epoch 78/600
01:09:51 Train 65/65 - loss: 0.5569 - acc: 0.8701
Epoch 79/600
01:10:02 Train 65/65 - loss: 0.5432 - acc: 0.8743
Epoch 80/600
01:10:14 Train 65/65 - loss: 0.5477 - acc: 0.8726
01:10:15 Valid 7/7 - loss: 0.3256 - acc: 0.8959
Epoch 81/600
01:10:26 Train 65/65 - loss: 0.5301 - acc: 0.8789
Epoch 82/600
01:10:37 Train 65/65 - loss: 0.5415 - acc: 0.8751
Epoch 83/600
01:10:48 Train 65/65 - loss: 0.5371 - acc: 0.8750
Epoch 84/600
01:10:59 Train 65/65 - loss: 0.5391 - acc: 0.8745
Epoch 85/600
01:11:10 Train 65/65 - loss: 0.5347 - acc: 0.8755
01:11:12 Valid 7/7 - loss: 0.5740 - acc: 0.8295
Epoch 86/600
01:11:23 Train 65/65 - loss: 0.5314 - acc: 0.8767
Epoch 87/600
01:11:34 Train 65/65 - loss: 0.5251 - acc: 0.8795
Epoch 88/600
01:11:45 Train 65/65 - loss: 0.5249 - acc: 0.8786
Epoch 89/600
01:11:56 Train 65/65 - loss: 0.5215 - acc: 0.8802
Epoch 90/600
01:12:07 Train 65/65 - loss: 0.5195 - acc: 0.8797
01:12:08 Valid 7/7 - loss: 0.2429 - acc: 0.9203
Epoch 91/600
01:12:19 Train 65/65 - loss: 0.5106 - acc: 0.8831
Epoch 92/600
01:12:30 Train 65/65 - loss: 0.5151 - acc: 0.8811
Epoch 93/600
01:12:42 Train 65/65 - loss: 0.5125 - acc: 0.8830
Epoch 94/600
01:12:53 Train 65/65 - loss: 0.5124 - acc: 0.8833
Epoch 95/600
01:13:04 Train 65/65 - loss: 0.5063 - acc: 0.8825
01:13:05 Valid 7/7 - loss: 0.3380 - acc: 0.8888
Epoch 96/600
01:13:16 Train 65/65 - loss: 0.5191 - acc: 0.8794
Epoch 97/600
01:13:27 Train 65/65 - loss: 0.5048 - acc: 0.8826
Epoch 98/600
01:13:38 Train 65/65 - loss: 0.5021 - acc: 0.8851
Epoch 99/600
01:13:49 Train 65/65 - loss: 0.5033 - acc: 0.8849
Epoch 100/600
01:14:01 Train 65/65 - loss: 0.5085 - acc: 0.8829
01:14:02 Valid 7/7 - loss: 0.2728 - acc: 0.9090
Epoch 101/600
01:14:13 Train 65/65 - loss: 0.5006 - acc: 0.8848
Epoch 102/600
01:14:24 Train 65/65 - loss: 0.5005 - acc: 0.8850
Epoch 103/600
01:14:35 Train 65/65 - loss: 0.4972 - acc: 0.8865
Epoch 104/600
01:14:46 Train 65/65 - loss: 0.4938 - acc: 0.8864
Epoch 105/600
01:14:57 Train 65/65 - loss: 0.5026 - acc: 0.8837
01:14:58 Valid 7/7 - loss: 0.3098 - acc: 0.8966
Epoch 106/600
01:15:10 Train 65/65 - loss: 0.4864 - acc: 0.8874
Epoch 107/600
01:15:21 Train 65/65 - loss: 0.4875 - acc: 0.8883
Epoch 108/600
01:15:32 Train 65/65 - loss: 0.4895 - acc: 0.8870
Epoch 109/600
01:15:43 Train 65/65 - loss: 0.4948 - acc: 0.8856
Epoch 110/600
01:15:54 Train 65/65 - loss: 0.4787 - acc: 0.8905
01:15:55 Valid 7/7 - loss: 0.2587 - acc: 0.9144
Epoch 111/600
01:16:06 Train 65/65 - loss: 0.4839 - acc: 0.8888
Epoch 112/600
01:16:17 Train 65/65 - loss: 0.4840 - acc: 0.8866
Epoch 113/600
01:16:29 Train 65/65 - loss: 0.4847 - acc: 0.8885
Epoch 114/600
01:16:40 Train 65/65 - loss: 0.4777 - acc: 0.8902
Epoch 115/600
01:16:51 Train 65/65 - loss: 0.4708 - acc: 0.8927
01:16:52 Valid 7/7 - loss: 0.3447 - acc: 0.8941
Epoch 116/600
01:17:03 Train 65/65 - loss: 0.4823 - acc: 0.8869
Epoch 117/600
01:17:14 Train 65/65 - loss: 0.4866 - acc: 0.8871
Epoch 118/600
01:17:25 Train 65/65 - loss: 0.4791 - acc: 0.8909
Epoch 119/600
01:17:36 Train 65/65 - loss: 0.4735 - acc: 0.8922
Epoch 120/600
01:17:48 Train 65/65 - loss: 0.4796 - acc: 0.8913
01:17:49 Valid 7/7 - loss: 0.3009 - acc: 0.9028
Epoch 121/600
01:18:00 Train 65/65 - loss: 0.4733 - acc: 0.8922
Epoch 122/600
01:18:11 Train 65/65 - loss: 0.4629 - acc: 0.8941
Epoch 123/600
01:18:22 Train 65/65 - loss: 0.4747 - acc: 0.8932
Epoch 124/600
01:18:33 Train 65/65 - loss: 0.4743 - acc: 0.8912
Epoch 125/600
01:18:44 Train 65/65 - loss: 0.4653 - acc: 0.8942
01:18:45 Valid 7/7 - loss: 0.2668 - acc: 0.9155
Epoch 126/600
01:18:56 Train 65/65 - loss: 0.4686 - acc: 0.8923
Epoch 127/600
01:19:08 Train 65/65 - loss: 0.4688 - acc: 0.8911
Epoch 128/600
01:19:19 Train 65/65 - loss: 0.4665 - acc: 0.8945
Epoch 129/600
01:19:30 Train 65/65 - loss: 0.4525 - acc: 0.8967
Epoch 130/600
01:19:41 Train 65/65 - loss: 0.4582 - acc: 0.8944
01:19:42 Valid 7/7 - loss: 0.2484 - acc: 0.9196
Epoch 131/600
01:19:53 Train 65/65 - loss: 0.4499 - acc: 0.8971
Epoch 132/600
01:20:04 Train 65/65 - loss: 0.4647 - acc: 0.8936
Epoch 133/600
01:20:15 Train 65/65 - loss: 0.4502 - acc: 0.8967
Epoch 134/600
01:20:27 Train 65/65 - loss: 0.4659 - acc: 0.8921
Epoch 135/600
01:20:38 Train 65/65 - loss: 0.4645 - acc: 0.8935
01:20:39 Valid 7/7 - loss: 0.2136 - acc: 0.9295
Epoch 136/600
01:20:50 Train 65/65 - loss: 0.4403 - acc: 0.8992
Epoch 137/600
01:21:01 Train 65/65 - loss: 0.4560 - acc: 0.8954
Epoch 138/600
01:21:12 Train 65/65 - loss: 0.4549 - acc: 0.8948
Epoch 139/600
01:21:23 Train 65/65 - loss: 0.4522 - acc: 0.8968
Epoch 140/600
01:21:34 Train 65/65 - loss: 0.4568 - acc: 0.8955
01:21:35 Valid 7/7 - loss: 0.3953 - acc: 0.8798
Epoch 141/600
01:21:47 Train 65/65 - loss: 0.4464 - acc: 0.8975
Epoch 142/600
01:21:58 Train 65/65 - loss: 0.4477 - acc: 0.8969
Epoch 143/600
01:22:09 Train 65/65 - loss: 0.4467 - acc: 0.8981
Epoch 144/600
01:22:20 Train 65/65 - loss: 0.4467 - acc: 0.8982
Epoch 145/600
01:22:31 Train 65/65 - loss: 0.4496 - acc: 0.8980
01:22:32 Valid 7/7 - loss: 0.4084 - acc: 0.8770
Epoch 146/600
01:22:43 Train 65/65 - loss: 0.4445 - acc: 0.8975
Epoch 147/600
01:22:54 Train 65/65 - loss: 0.4398 - acc: 0.9011
Epoch 148/600
01:23:06 Train 65/65 - loss: 0.4407 - acc: 0.8999
Epoch 149/600
01:23:17 Train 65/65 - loss: 0.4308 - acc: 0.9036
Epoch 150/600
01:23:28 Train 65/65 - loss: 0.4443 - acc: 0.8978
01:23:29 Valid 7/7 - loss: 0.2415 - acc: 0.9213
Epoch 151/600
01:23:40 Train 65/65 - loss: 0.4407 - acc: 0.8994
Epoch 152/600
01:23:51 Train 65/65 - loss: 0.4435 - acc: 0.8990
Epoch 153/600
01:24:02 Train 65/65 - loss: 0.4386 - acc: 0.8995
Epoch 154/600
01:24:13 Train 65/65 - loss: 0.4444 - acc: 0.8979
Epoch 155/600
01:24:24 Train 65/65 - loss: 0.4317 - acc: 0.9018
01:24:26 Valid 7/7 - loss: 0.2130 - acc: 0.9310
Epoch 156/600
01:24:37 Train 65/65 - loss: 0.4240 - acc: 0.9035
Epoch 157/600
01:24:48 Train 65/65 - loss: 0.4319 - acc: 0.9027
Epoch 158/600
01:24:59 Train 65/65 - loss: 0.4322 - acc: 0.9012
Epoch 159/600
01:25:10 Train 65/65 - loss: 0.4230 - acc: 0.9039
Epoch 160/600
01:25:21 Train 65/65 - loss: 0.4270 - acc: 0.9027
01:25:22 Valid 7/7 - loss: 0.2295 - acc: 0.9301
Epoch 161/600
01:25:33 Train 65/65 - loss: 0.4215 - acc: 0.9034
Epoch 162/600
01:25:45 Train 65/65 - loss: 0.4340 - acc: 0.9033
Epoch 163/600
01:25:56 Train 65/65 - loss: 0.4236 - acc: 0.9021
Epoch 164/600
01:26:07 Train 65/65 - loss: 0.4322 - acc: 0.9022
Epoch 165/600
01:26:18 Train 65/65 - loss: 0.4273 - acc: 0.9021
01:26:19 Valid 7/7 - loss: 0.2614 - acc: 0.9152
Epoch 166/600
01:26:30 Train 65/65 - loss: 0.4258 - acc: 0.9024
Epoch 167/600
01:26:41 Train 65/65 - loss: 0.4278 - acc: 0.9021
Epoch 168/600
01:26:52 Train 65/65 - loss: 0.4178 - acc: 0.9047
Epoch 169/600
01:27:03 Train 65/65 - loss: 0.4165 - acc: 0.9057
Epoch 170/600
01:27:15 Train 65/65 - loss: 0.4187 - acc: 0.9045
01:27:16 Valid 7/7 - loss: 0.2905 - acc: 0.9097
Epoch 171/600
01:27:27 Train 65/65 - loss: 0.4198 - acc: 0.9033
Epoch 172/600
01:27:38 Train 65/65 - loss: 0.4082 - acc: 0.9079
Epoch 173/600
01:27:49 Train 65/65 - loss: 0.4364 - acc: 0.9009
Epoch 174/600
01:28:00 Train 65/65 - loss: 0.4091 - acc: 0.9078
Epoch 175/600
01:28:11 Train 65/65 - loss: 0.4167 - acc: 0.9047
01:28:12 Valid 7/7 - loss: 0.2616 - acc: 0.9171
Epoch 176/600
01:28:23 Train 65/65 - loss: 0.4133 - acc: 0.9072
Epoch 177/600
01:28:35 Train 65/65 - loss: 0.4108 - acc: 0.9070
Epoch 178/600
01:28:46 Train 65/65 - loss: 0.4084 - acc: 0.9077
Epoch 179/600
01:28:57 Train 65/65 - loss: 0.4134 - acc: 0.9068
Epoch 180/600
01:29:08 Train 65/65 - loss: 0.4062 - acc: 0.9079
01:29:09 Valid 7/7 - loss: 0.2493 - acc: 0.9220
Epoch 181/600
01:29:20 Train 65/65 - loss: 0.4150 - acc: 0.9048
Epoch 182/600
01:29:31 Train 65/65 - loss: 0.4108 - acc: 0.9065
Epoch 183/600
01:29:42 Train 65/65 - loss: 0.4021 - acc: 0.9084
Epoch 184/600
01:29:54 Train 65/65 - loss: 0.4087 - acc: 0.9081
Epoch 185/600
01:30:05 Train 65/65 - loss: 0.4034 - acc: 0.9089
01:30:06 Valid 7/7 - loss: 0.2552 - acc: 0.9188
Epoch 186/600
01:30:17 Train 65/65 - loss: 0.3990 - acc: 0.9100
Epoch 187/600
01:30:28 Train 65/65 - loss: 0.4075 - acc: 0.9069
Epoch 188/600
01:30:39 Train 65/65 - loss: 0.4039 - acc: 0.9097
Epoch 189/600
01:30:50 Train 65/65 - loss: 0.4030 - acc: 0.9076
Epoch 190/600
01:31:01 Train 65/65 - loss: 0.4025 - acc: 0.9105
01:31:03 Valid 7/7 - loss: 0.3368 - acc: 0.8946
Epoch 191/600
01:31:14 Train 65/65 - loss: 0.3951 - acc: 0.9099
Epoch 192/600
01:31:25 Train 65/65 - loss: 0.4023 - acc: 0.9098
Epoch 193/600
01:31:36 Train 65/65 - loss: 0.3978 - acc: 0.9108
Epoch 194/600
01:31:47 Train 65/65 - loss: 0.4032 - acc: 0.9090
Epoch 195/600
01:31:58 Train 65/65 - loss: 0.3977 - acc: 0.9100
01:31:59 Valid 7/7 - loss: 0.2419 - acc: 0.9241
Epoch 196/600
01:32:10 Train 65/65 - loss: 0.3946 - acc: 0.9099
Epoch 197/600
01:32:21 Train 65/65 - loss: 0.3852 - acc: 0.9127
Epoch 198/600
01:32:33 Train 65/65 - loss: 0.4017 - acc: 0.9092
Epoch 199/600
01:32:44 Train 65/65 - loss: 0.3885 - acc: 0.9124
Epoch 200/600
01:32:55 Train 65/65 - loss: 0.3980 - acc: 0.9087
01:32:56 Valid 7/7 - loss: 0.2551 - acc: 0.9208
Epoch 201/600
01:33:07 Train 65/65 - loss: 0.3920 - acc: 0.9117
Epoch 202/600
01:33:18 Train 65/65 - loss: 0.3973 - acc: 0.9106
Epoch 203/600
01:33:29 Train 65/65 - loss: 0.3846 - acc: 0.9146
Epoch 204/600
01:33:40 Train 65/65 - loss: 0.3780 - acc: 0.9146
Epoch 205/600
01:33:51 Train 65/65 - loss: 0.3937 - acc: 0.9110
01:33:53 Valid 7/7 - loss: 0.2800 - acc: 0.9137
Epoch 206/600
01:34:04 Train 65/65 - loss: 0.3863 - acc: 0.9123
Epoch 207/600
01:34:15 Train 65/65 - loss: 0.3886 - acc: 0.9126
Epoch 208/600
01:34:26 Train 65/65 - loss: 0.3960 - acc: 0.9107
Epoch 209/600
01:34:37 Train 65/65 - loss: 0.3925 - acc: 0.9128
Epoch 210/600
01:34:48 Train 65/65 - loss: 0.3874 - acc: 0.9114
01:34:49 Valid 7/7 - loss: 0.2292 - acc: 0.9295
Epoch 211/600
01:35:00 Train 65/65 - loss: 0.3751 - acc: 0.9146
Epoch 212/600
01:35:12 Train 65/65 - loss: 0.3857 - acc: 0.9124
Epoch 213/600
01:35:23 Train 65/65 - loss: 0.3759 - acc: 0.9147
Epoch 214/600
01:35:34 Train 65/65 - loss: 0.3779 - acc: 0.9151
Epoch 215/600
01:35:45 Train 65/65 - loss: 0.3765 - acc: 0.9149
01:35:46 Valid 7/7 - loss: 0.2106 - acc: 0.9348
Epoch 216/600
01:35:57 Train 65/65 - loss: 0.3815 - acc: 0.9139
Epoch 217/600
01:36:08 Train 65/65 - loss: 0.3752 - acc: 0.9146
Epoch 218/600
01:36:19 Train 65/65 - loss: 0.3732 - acc: 0.9161
Epoch 219/600
01:36:31 Train 65/65 - loss: 0.3731 - acc: 0.9154
Epoch 220/600
01:36:42 Train 65/65 - loss: 0.3761 - acc: 0.9149
01:36:43 Valid 7/7 - loss: 0.2473 - acc: 0.9245
Epoch 221/600
01:36:54 Train 65/65 - loss: 0.3737 - acc: 0.9175
Epoch 222/600
01:37:05 Train 65/65 - loss: 0.3808 - acc: 0.9144
Epoch 223/600
01:37:16 Train 65/65 - loss: 0.3735 - acc: 0.9167
Epoch 224/600
01:37:27 Train 65/65 - loss: 0.3664 - acc: 0.9168
Epoch 225/600
01:37:38 Train 65/65 - loss: 0.3701 - acc: 0.9169
01:37:39 Valid 7/7 - loss: 0.1844 - acc: 0.9418
Epoch 226/600
01:37:51 Train 65/65 - loss: 0.3638 - acc: 0.9176
Epoch 227/600
01:38:02 Train 65/65 - loss: 0.3622 - acc: 0.9187
Epoch 228/600
01:38:13 Train 65/65 - loss: 0.3717 - acc: 0.9152
Epoch 229/600
01:38:24 Train 65/65 - loss: 0.3719 - acc: 0.9163
Epoch 230/600
01:38:35 Train 65/65 - loss: 0.3699 - acc: 0.9162
01:38:36 Valid 7/7 - loss: 0.3264 - acc: 0.9069
Epoch 231/600
01:38:47 Train 65/65 - loss: 0.3707 - acc: 0.9156
Epoch 232/600
01:38:58 Train 65/65 - loss: 0.3592 - acc: 0.9185
Epoch 233/600
01:39:09 Train 65/65 - loss: 0.3594 - acc: 0.9192
Epoch 234/600
01:39:21 Train 65/65 - loss: 0.3627 - acc: 0.9181
Epoch 235/600
01:39:32 Train 65/65 - loss: 0.3703 - acc: 0.9156
01:39:33 Valid 7/7 - loss: 0.2167 - acc: 0.9325
Epoch 236/600
01:39:44 Train 65/65 - loss: 0.3559 - acc: 0.9199
Epoch 237/600
01:39:55 Train 65/65 - loss: 0.3499 - acc: 0.9207
Epoch 238/600
01:40:06 Train 65/65 - loss: 0.3639 - acc: 0.9190
Epoch 239/600
01:40:17 Train 65/65 - loss: 0.3543 - acc: 0.9192
Epoch 240/600
01:40:28 Train 65/65 - loss: 0.3615 - acc: 0.9186
01:40:30 Valid 7/7 - loss: 0.2107 - acc: 0.9326
Epoch 241/600
01:40:41 Train 65/65 - loss: 0.3570 - acc: 0.9205
Epoch 242/600
01:40:52 Train 65/65 - loss: 0.3563 - acc: 0.9195
Epoch 243/600
01:41:03 Train 65/65 - loss: 0.3552 - acc: 0.9200
Epoch 244/600
01:41:14 Train 65/65 - loss: 0.3534 - acc: 0.9198
Epoch 245/600
01:41:25 Train 65/65 - loss: 0.3502 - acc: 0.9213
01:41:26 Valid 7/7 - loss: 0.1992 - acc: 0.9394
Epoch 246/600
01:41:37 Train 65/65 - loss: 0.3438 - acc: 0.9234
Epoch 247/600
01:41:48 Train 65/65 - loss: 0.3500 - acc: 0.9207
Epoch 248/600
01:42:00 Train 65/65 - loss: 0.3448 - acc: 0.9219
Epoch 249/600
01:42:11 Train 65/65 - loss: 0.3473 - acc: 0.9220
Epoch 250/600
01:42:22 Train 65/65 - loss: 0.3394 - acc: 0.9232
01:42:23 Valid 7/7 - loss: 0.1726 - acc: 0.9440
Epoch 251/600
01:42:34 Train 65/65 - loss: 0.3440 - acc: 0.9222
Epoch 252/600
01:42:45 Train 65/65 - loss: 0.3496 - acc: 0.9224
Epoch 253/600
01:42:56 Train 65/65 - loss: 0.3443 - acc: 0.9235
Epoch 254/600
01:43:07 Train 65/65 - loss: 0.3383 - acc: 0.9246
Epoch 255/600
01:43:18 Train 65/65 - loss: 0.3454 - acc: 0.9241
01:43:20 Valid 7/7 - loss: 0.2079 - acc: 0.9338
Epoch 256/600
01:43:31 Train 65/65 - loss: 0.3430 - acc: 0.9233
Epoch 257/600
01:43:42 Train 65/65 - loss: 0.3401 - acc: 0.9224
Epoch 258/600
01:43:53 Train 65/65 - loss: 0.3444 - acc: 0.9231
Epoch 259/600
01:44:04 Train 65/65 - loss: 0.3370 - acc: 0.9246
Epoch 260/600
01:44:15 Train 65/65 - loss: 0.3400 - acc: 0.9236
01:44:16 Valid 7/7 - loss: 0.1884 - acc: 0.9408
Epoch 261/600
01:44:27 Train 65/65 - loss: 0.3305 - acc: 0.9262
Epoch 262/600
01:44:38 Train 65/65 - loss: 0.3363 - acc: 0.9257
Epoch 263/600
01:44:50 Train 65/65 - loss: 0.3446 - acc: 0.9221
Epoch 264/600
01:45:01 Train 65/65 - loss: 0.3358 - acc: 0.9242
Epoch 265/600
01:45:12 Train 65/65 - loss: 0.3352 - acc: 0.9244
01:45:13 Valid 7/7 - loss: 0.1755 - acc: 0.9424
Epoch 266/600
01:45:24 Train 65/65 - loss: 0.3397 - acc: 0.9234
Epoch 267/600
01:45:35 Train 65/65 - loss: 0.3285 - acc: 0.9266
Epoch 268/600
01:45:46 Train 65/65 - loss: 0.3320 - acc: 0.9260
Epoch 269/600
01:45:57 Train 65/65 - loss: 0.3197 - acc: 0.9293
Epoch 270/600
01:46:09 Train 65/65 - loss: 0.3308 - acc: 0.9264
01:46:10 Valid 7/7 - loss: 0.2228 - acc: 0.9332
Epoch 271/600
01:46:21 Train 65/65 - loss: 0.3198 - acc: 0.9288
Epoch 272/600
01:46:32 Train 65/65 - loss: 0.3350 - acc: 0.9253
Epoch 273/600
01:46:43 Train 65/65 - loss: 0.3154 - acc: 0.9292
Epoch 274/600
01:46:54 Train 65/65 - loss: 0.3249 - acc: 0.9283
Epoch 275/600
01:47:05 Train 65/65 - loss: 0.3208 - acc: 0.9295
01:47:06 Valid 7/7 - loss: 0.1915 - acc: 0.9395
Epoch 276/600
01:47:17 Train 65/65 - loss: 0.3183 - acc: 0.9307
Epoch 277/600
01:47:29 Train 65/65 - loss: 0.3201 - acc: 0.9292
Epoch 278/600
01:47:40 Train 65/65 - loss: 0.3183 - acc: 0.9300
Epoch 279/600
01:47:51 Train 65/65 - loss: 0.3231 - acc: 0.9270
Epoch 280/600
01:48:02 Train 65/65 - loss: 0.3177 - acc: 0.9288
01:48:03 Valid 7/7 - loss: 0.2160 - acc: 0.9317
Epoch 281/600
01:48:14 Train 65/65 - loss: 0.3205 - acc: 0.9273
Epoch 282/600
01:48:25 Train 65/65 - loss: 0.3157 - acc: 0.9291
Epoch 283/600
01:48:36 Train 65/65 - loss: 0.3120 - acc: 0.9302
Epoch 284/600
01:48:48 Train 65/65 - loss: 0.3079 - acc: 0.9322
Epoch 285/600
01:48:59 Train 65/65 - loss: 0.3093 - acc: 0.9310
01:49:00 Valid 7/7 - loss: 0.2623 - acc: 0.9218
Epoch 286/600
01:49:11 Train 65/65 - loss: 0.3165 - acc: 0.9298
Epoch 287/600
01:49:22 Train 65/65 - loss: 0.3134 - acc: 0.9300
Epoch 288/600
01:49:33 Train 65/65 - loss: 0.3024 - acc: 0.9323
Epoch 289/600
01:49:44 Train 65/65 - loss: 0.3108 - acc: 0.9306
Epoch 290/600
01:49:55 Train 65/65 - loss: 0.3117 - acc: 0.9310
01:49:56 Valid 7/7 - loss: 0.2718 - acc: 0.9237
Epoch 291/600
01:50:08 Train 65/65 - loss: 0.3096 - acc: 0.9314
Epoch 292/600
01:50:19 Train 65/65 - loss: 0.3011 - acc: 0.9343
Epoch 293/600
01:50:30 Train 65/65 - loss: 0.3054 - acc: 0.9322
Epoch 294/600
01:50:41 Train 65/65 - loss: 0.2947 - acc: 0.9345
Epoch 295/600
01:50:52 Train 65/65 - loss: 0.3056 - acc: 0.9308
01:50:53 Valid 7/7 - loss: 0.1964 - acc: 0.9393
Epoch 296/600
01:51:04 Train 65/65 - loss: 0.3064 - acc: 0.9328
Epoch 297/600
01:51:15 Train 65/65 - loss: 0.3024 - acc: 0.9326
Epoch 298/600
01:51:26 Train 65/65 - loss: 0.2982 - acc: 0.9349
Epoch 299/600
01:51:38 Train 65/65 - loss: 0.3016 - acc: 0.9324
Epoch 300/600
01:51:49 Train 65/65 - loss: 0.3038 - acc: 0.9326
01:51:50 Valid 7/7 - loss: 0.2452 - acc: 0.9304
Epoch 301/600
01:52:01 Train 65/65 - loss: 0.2983 - acc: 0.9331
Epoch 302/600
01:52:12 Train 65/65 - loss: 0.2985 - acc: 0.9342
Epoch 303/600
01:52:23 Train 65/65 - loss: 0.2905 - acc: 0.9346
Epoch 304/600
01:52:34 Train 65/65 - loss: 0.3002 - acc: 0.9346
Epoch 305/600
01:52:45 Train 65/65 - loss: 0.2947 - acc: 0.9344
01:52:47 Valid 7/7 - loss: 0.1924 - acc: 0.9394
Epoch 306/600
01:52:58 Train 65/65 - loss: 0.2923 - acc: 0.9360
Epoch 307/600
01:53:09 Train 65/65 - loss: 0.2925 - acc: 0.9350
Epoch 308/600
01:53:20 Train 65/65 - loss: 0.2977 - acc: 0.9335
Epoch 309/600
01:53:31 Train 65/65 - loss: 0.2871 - acc: 0.9371
Epoch 310/600
01:53:42 Train 65/65 - loss: 0.2883 - acc: 0.9361
01:53:43 Valid 7/7 - loss: 0.1906 - acc: 0.9407
Epoch 311/600
01:53:54 Train 65/65 - loss: 0.2877 - acc: 0.9367
Epoch 312/600
01:54:05 Train 65/65 - loss: 0.2791 - acc: 0.9390
Epoch 313/600
01:54:17 Train 65/65 - loss: 0.2834 - acc: 0.9375
Epoch 314/600
01:54:28 Train 65/65 - loss: 0.2894 - acc: 0.9363
Epoch 315/600
01:54:39 Train 65/65 - loss: 0.2875 - acc: 0.9357
01:54:40 Valid 7/7 - loss: 0.2207 - acc: 0.9357
Epoch 316/600
01:54:51 Train 65/65 - loss: 0.2903 - acc: 0.9367
Epoch 317/600
01:55:02 Train 65/65 - loss: 0.2776 - acc: 0.9393
Epoch 318/600
01:55:13 Train 65/65 - loss: 0.2855 - acc: 0.9367
Epoch 319/600
01:55:24 Train 65/65 - loss: 0.2799 - acc: 0.9385
Epoch 320/600
01:55:36 Train 65/65 - loss: 0.2688 - acc: 0.9418
01:55:37 Valid 7/7 - loss: 0.2004 - acc: 0.9414
Epoch 321/600
01:55:48 Train 65/65 - loss: 0.2829 - acc: 0.9382
Epoch 322/600
01:55:59 Train 65/65 - loss: 0.2771 - acc: 0.9389
Epoch 323/600
01:56:10 Train 65/65 - loss: 0.2673 - acc: 0.9421
Epoch 324/600
01:56:21 Train 65/65 - loss: 0.2661 - acc: 0.9428
Epoch 325/600
01:56:32 Train 65/65 - loss: 0.2680 - acc: 0.9424
01:56:33 Valid 7/7 - loss: 0.2006 - acc: 0.9420
Epoch 326/600
01:56:44 Train 65/65 - loss: 0.2722 - acc: 0.9404
Epoch 327/600
01:56:56 Train 65/65 - loss: 0.2652 - acc: 0.9420
Epoch 328/600
01:57:07 Train 65/65 - loss: 0.2748 - acc: 0.9385
Epoch 329/600
01:57:18 Train 65/65 - loss: 0.2723 - acc: 0.9408
Epoch 330/600
01:57:29 Train 65/65 - loss: 0.2698 - acc: 0.9417
01:57:30 Valid 7/7 - loss: 0.1862 - acc: 0.9445
Epoch 331/600
01:57:41 Train 65/65 - loss: 0.2671 - acc: 0.9420
Epoch 332/600
01:57:52 Train 65/65 - loss: 0.2700 - acc: 0.9413
Epoch 333/600
01:58:03 Train 65/65 - loss: 0.2689 - acc: 0.9404
Epoch 334/600
01:58:14 Train 65/65 - loss: 0.2573 - acc: 0.9440
Epoch 335/600
01:58:26 Train 65/65 - loss: 0.2652 - acc: 0.9421
01:58:27 Valid 7/7 - loss: 0.1763 - acc: 0.9467
Epoch 336/600
01:58:38 Train 65/65 - loss: 0.2626 - acc: 0.9432
Epoch 337/600
01:58:49 Train 65/65 - loss: 0.2599 - acc: 0.9442
Epoch 338/600
01:59:00 Train 65/65 - loss: 0.2539 - acc: 0.9455
Epoch 339/600
01:59:11 Train 65/65 - loss: 0.2594 - acc: 0.9435
Epoch 340/600
01:59:22 Train 65/65 - loss: 0.2628 - acc: 0.9427
01:59:23 Valid 7/7 - loss: 0.1886 - acc: 0.9455
Epoch 341/600
01:59:35 Train 65/65 - loss: 0.2506 - acc: 0.9461
Epoch 342/600
01:59:46 Train 65/65 - loss: 0.2571 - acc: 0.9439
Epoch 343/600
01:59:57 Train 65/65 - loss: 0.2557 - acc: 0.9435
Epoch 344/600
02:00:08 Train 65/65 - loss: 0.2508 - acc: 0.9445
Epoch 345/600
02:00:19 Train 65/65 - loss: 0.2485 - acc: 0.9453
02:00:20 Valid 7/7 - loss: 0.2155 - acc: 0.9349
Epoch 346/600
02:00:31 Train 65/65 - loss: 0.2558 - acc: 0.9444
Epoch 347/600
02:00:42 Train 65/65 - loss: 0.2470 - acc: 0.9472
Epoch 348/600
02:00:54 Train 65/65 - loss: 0.2454 - acc: 0.9467
Epoch 349/600
02:01:05 Train 65/65 - loss: 0.2503 - acc: 0.9466
Epoch 350/600
02:01:16 Train 65/65 - loss: 0.2433 - acc: 0.9479
02:01:17 Valid 7/7 - loss: 0.1751 - acc: 0.9488
Epoch 351/600
02:01:28 Train 65/65 - loss: 0.2424 - acc: 0.9490
Epoch 352/600
02:01:39 Train 65/65 - loss: 0.2472 - acc: 0.9462
Epoch 353/600
02:01:50 Train 65/65 - loss: 0.2467 - acc: 0.9463
Epoch 354/600
02:02:01 Train 65/65 - loss: 0.2384 - acc: 0.9484
Epoch 355/600
02:02:12 Train 65/65 - loss: 0.2392 - acc: 0.9489
02:02:14 Valid 7/7 - loss: 0.1984 - acc: 0.9403
Epoch 356/600
02:02:25 Train 65/65 - loss: 0.2389 - acc: 0.9483
Epoch 357/600
02:02:36 Train 65/65 - loss: 0.2376 - acc: 0.9486
Epoch 358/600
02:02:47 Train 65/65 - loss: 0.2364 - acc: 0.9487
Epoch 359/600
02:02:58 Train 65/65 - loss: 0.2412 - acc: 0.9476
Epoch 360/600
02:03:09 Train 65/65 - loss: 0.2378 - acc: 0.9483
02:03:10 Valid 7/7 - loss: 0.1602 - acc: 0.9520
Epoch 361/600
02:03:21 Train 65/65 - loss: 0.2354 - acc: 0.9495
Epoch 362/600
02:03:32 Train 65/65 - loss: 0.2275 - acc: 0.9518
Epoch 363/600
02:03:44 Train 65/65 - loss: 0.2338 - acc: 0.9495
Epoch 364/600
02:03:55 Train 65/65 - loss: 0.2299 - acc: 0.9503
Epoch 365/600
02:04:06 Train 65/65 - loss: 0.2289 - acc: 0.9512
02:04:07 Valid 7/7 - loss: 0.1844 - acc: 0.9479
Epoch 366/600
02:04:18 Train 65/65 - loss: 0.2225 - acc: 0.9544
Epoch 367/600
02:04:29 Train 65/65 - loss: 0.2250 - acc: 0.9527
Epoch 368/600
02:04:40 Train 65/65 - loss: 0.2243 - acc: 0.9524
Epoch 369/600
02:04:51 Train 65/65 - loss: 0.2238 - acc: 0.9524
Epoch 370/600
02:05:03 Train 65/65 - loss: 0.2221 - acc: 0.9528
02:05:04 Valid 7/7 - loss: 0.1858 - acc: 0.9467
Epoch 371/600
02:05:15 Train 65/65 - loss: 0.2222 - acc: 0.9530
Epoch 372/600
02:05:26 Train 65/65 - loss: 0.2161 - acc: 0.9549
Epoch 373/600
02:05:37 Train 65/65 - loss: 0.2174 - acc: 0.9534
Epoch 374/600
02:05:48 Train 65/65 - loss: 0.2164 - acc: 0.9539
Epoch 375/600
02:05:59 Train 65/65 - loss: 0.2115 - acc: 0.9566
02:06:00 Valid 7/7 - loss: 0.2411 - acc: 0.9351
Epoch 376/600
02:06:11 Train 65/65 - loss: 0.2242 - acc: 0.9528
Epoch 377/600
02:06:23 Train 65/65 - loss: 0.2191 - acc: 0.9542
Epoch 378/600
02:06:34 Train 65/65 - loss: 0.2224 - acc: 0.9525
Epoch 379/600
02:06:45 Train 65/65 - loss: 0.2184 - acc: 0.9526
Epoch 380/600
02:06:56 Train 65/65 - loss: 0.2184 - acc: 0.9537
02:06:57 Valid 7/7 - loss: 0.1661 - acc: 0.9520
Epoch 381/600
02:07:08 Train 65/65 - loss: 0.2169 - acc: 0.9537
Epoch 382/600
02:07:19 Train 65/65 - loss: 0.2154 - acc: 0.9555
Epoch 383/600
02:07:30 Train 65/65 - loss: 0.2116 - acc: 0.9550
Epoch 384/600
02:07:42 Train 65/65 - loss: 0.2107 - acc: 0.9543
Epoch 385/600
02:07:53 Train 65/65 - loss: 0.2058 - acc: 0.9576
02:07:54 Valid 7/7 - loss: 0.1908 - acc: 0.9451
Epoch 386/600
02:08:05 Train 65/65 - loss: 0.2058 - acc: 0.9578
Epoch 387/600
02:08:16 Train 65/65 - loss: 0.2020 - acc: 0.9585
Epoch 388/600
02:08:27 Train 65/65 - loss: 0.2015 - acc: 0.9576
Epoch 389/600
02:08:38 Train 65/65 - loss: 0.2027 - acc: 0.9569
Epoch 390/600
02:08:49 Train 65/65 - loss: 0.2019 - acc: 0.9584
02:08:50 Valid 7/7 - loss: 0.1569 - acc: 0.9541
Epoch 391/600
02:09:02 Train 65/65 - loss: 0.2033 - acc: 0.9568
Epoch 392/600
02:09:13 Train 65/65 - loss: 0.2029 - acc: 0.9573
Epoch 393/600
02:09:24 Train 65/65 - loss: 0.1949 - acc: 0.9590
Epoch 394/600
02:09:35 Train 65/65 - loss: 0.1943 - acc: 0.9598
Epoch 395/600
02:09:46 Train 65/65 - loss: 0.1990 - acc: 0.9586
02:09:47 Valid 7/7 - loss: 0.1628 - acc: 0.9527
Epoch 396/600
02:09:58 Train 65/65 - loss: 0.1927 - acc: 0.9603
Epoch 397/600
02:10:09 Train 65/65 - loss: 0.1987 - acc: 0.9584
Epoch 398/600
02:10:21 Train 65/65 - loss: 0.1916 - acc: 0.9610
Epoch 399/600
02:10:32 Train 65/65 - loss: 0.1901 - acc: 0.9592
Epoch 400/600
02:10:43 Train 65/65 - loss: 0.1899 - acc: 0.9605
02:10:44 Valid 7/7 - loss: 0.1784 - acc: 0.9494
Epoch 401/600
02:10:55 Train 65/65 - loss: 0.1930 - acc: 0.9594
Epoch 402/600
02:11:06 Train 65/65 - loss: 0.1899 - acc: 0.9613
Epoch 403/600
02:11:17 Train 65/65 - loss: 0.1850 - acc: 0.9617
Epoch 404/600
02:11:28 Train 65/65 - loss: 0.1863 - acc: 0.9618
Epoch 405/600
02:11:39 Train 65/65 - loss: 0.1876 - acc: 0.9610
02:11:41 Valid 7/7 - loss: 0.1546 - acc: 0.9558
Epoch 406/600
02:11:52 Train 65/65 - loss: 0.1800 - acc: 0.9625
Epoch 407/600
02:12:03 Train 65/65 - loss: 0.1806 - acc: 0.9631
Epoch 408/600
02:12:14 Train 65/65 - loss: 0.1840 - acc: 0.9626
Epoch 409/600
02:12:25 Train 65/65 - loss: 0.1806 - acc: 0.9630
Epoch 410/600
02:12:36 Train 65/65 - loss: 0.1766 - acc: 0.9639
02:12:37 Valid 7/7 - loss: 0.1985 - acc: 0.9466
Epoch 411/600
02:12:48 Train 65/65 - loss: 0.1759 - acc: 0.9635
Epoch 412/600
02:12:59 Train 65/65 - loss: 0.1788 - acc: 0.9632
Epoch 413/600
02:13:11 Train 65/65 - loss: 0.1766 - acc: 0.9631
Epoch 414/600
02:13:22 Train 65/65 - loss: 0.1739 - acc: 0.9648
Epoch 415/600
02:13:33 Train 65/65 - loss: 0.1737 - acc: 0.9647
02:13:34 Valid 7/7 - loss: 0.1790 - acc: 0.9514
Epoch 416/600
02:13:45 Train 65/65 - loss: 0.1701 - acc: 0.9645
Epoch 417/600
02:13:56 Train 65/65 - loss: 0.1740 - acc: 0.9646
Epoch 418/600
02:14:07 Train 65/65 - loss: 0.1725 - acc: 0.9643
Epoch 419/600
02:14:18 Train 65/65 - loss: 0.1730 - acc: 0.9653
Epoch 420/600
02:14:30 Train 65/65 - loss: 0.1683 - acc: 0.9661
02:14:31 Valid 7/7 - loss: 0.1811 - acc: 0.9515
Epoch 421/600
02:14:42 Train 65/65 - loss: 0.1619 - acc: 0.9670
Epoch 422/600
02:14:53 Train 65/65 - loss: 0.1638 - acc: 0.9665
Epoch 423/600
02:15:04 Train 65/65 - loss: 0.1638 - acc: 0.9673
Epoch 424/600
02:15:15 Train 65/65 - loss: 0.1604 - acc: 0.9683
Epoch 425/600
02:15:26 Train 65/65 - loss: 0.1618 - acc: 0.9679
02:15:27 Valid 7/7 - loss: 0.1666 - acc: 0.9546
Epoch 426/600
02:15:38 Train 65/65 - loss: 0.1575 - acc: 0.9689
Epoch 427/600
02:15:50 Train 65/65 - loss: 0.1591 - acc: 0.9679
Epoch 428/600
02:16:01 Train 65/65 - loss: 0.1633 - acc: 0.9671
Epoch 429/600
02:16:12 Train 65/65 - loss: 0.1588 - acc: 0.9687
Epoch 430/600
02:16:23 Train 65/65 - loss: 0.1594 - acc: 0.9682
02:16:24 Valid 7/7 - loss: 0.1513 - acc: 0.9616
Epoch 431/600
02:16:35 Train 65/65 - loss: 0.1558 - acc: 0.9689
Epoch 432/600
02:16:46 Train 65/65 - loss: 0.1494 - acc: 0.9702
Epoch 433/600
02:16:57 Train 65/65 - loss: 0.1540 - acc: 0.9690
Epoch 434/600
02:17:08 Train 65/65 - loss: 0.1512 - acc: 0.9700
Epoch 435/600
02:17:20 Train 65/65 - loss: 0.1512 - acc: 0.9705
02:17:21 Valid 7/7 - loss: 0.1445 - acc: 0.9618
Epoch 436/600
02:17:32 Train 65/65 - loss: 0.1517 - acc: 0.9703
Epoch 437/600
02:17:43 Train 65/65 - loss: 0.1516 - acc: 0.9700
Epoch 438/600
02:17:54 Train 65/65 - loss: 0.1476 - acc: 0.9698
Epoch 439/600
02:18:05 Train 65/65 - loss: 0.1477 - acc: 0.9711
Epoch 440/600
02:18:16 Train 65/65 - loss: 0.1400 - acc: 0.9730
02:18:17 Valid 7/7 - loss: 0.1531 - acc: 0.9593
Epoch 441/600
02:18:28 Train 65/65 - loss: 0.1385 - acc: 0.9731
Epoch 442/600
02:18:40 Train 65/65 - loss: 0.1379 - acc: 0.9728
Epoch 443/600
02:18:51 Train 65/65 - loss: 0.1435 - acc: 0.9711
Epoch 444/600
02:19:02 Train 65/65 - loss: 0.1407 - acc: 0.9726
Epoch 445/600
02:19:13 Train 65/65 - loss: 0.1385 - acc: 0.9725
02:19:14 Valid 7/7 - loss: 0.1304 - acc: 0.9639
Epoch 446/600
02:19:25 Train 65/65 - loss: 0.1417 - acc: 0.9720
Epoch 447/600
02:19:36 Train 65/65 - loss: 0.1370 - acc: 0.9725
Epoch 448/600
02:19:47 Train 65/65 - loss: 0.1355 - acc: 0.9739
Epoch 449/600
02:19:59 Train 65/65 - loss: 0.1314 - acc: 0.9746
Epoch 450/600
02:20:10 Train 65/65 - loss: 0.1330 - acc: 0.9738
02:20:11 Valid 7/7 - loss: 0.1660 - acc: 0.9583
Epoch 451/600
02:20:22 Train 65/65 - loss: 0.1307 - acc: 0.9745
Epoch 452/600
02:20:33 Train 65/65 - loss: 0.1324 - acc: 0.9734
Epoch 453/600
02:20:44 Train 65/65 - loss: 0.1216 - acc: 0.9769
Epoch 454/600
02:20:55 Train 65/65 - loss: 0.1313 - acc: 0.9756
Epoch 455/600
02:21:06 Train 65/65 - loss: 0.1253 - acc: 0.9761
02:21:07 Valid 7/7 - loss: 0.1428 - acc: 0.9616
Epoch 456/600
02:21:19 Train 65/65 - loss: 0.1239 - acc: 0.9763
Epoch 457/600
02:21:30 Train 65/65 - loss: 0.1269 - acc: 0.9760
Epoch 458/600
02:21:41 Train 65/65 - loss: 0.1278 - acc: 0.9757
Epoch 459/600
02:21:52 Train 65/65 - loss: 0.1250 - acc: 0.9756
Epoch 460/600
02:22:03 Train 65/65 - loss: 0.1168 - acc: 0.9780
02:22:04 Valid 7/7 - loss: 0.1191 - acc: 0.9672
Epoch 461/600
02:22:15 Train 65/65 - loss: 0.1187 - acc: 0.9778
Epoch 462/600
02:22:26 Train 65/65 - loss: 0.1215 - acc: 0.9771
Epoch 463/600
02:22:37 Train 65/65 - loss: 0.1215 - acc: 0.9763
Epoch 464/600
02:22:49 Train 65/65 - loss: 0.1177 - acc: 0.9776
Epoch 465/600
02:23:00 Train 65/65 - loss: 0.1155 - acc: 0.9784
02:23:01 Valid 7/7 - loss: 0.1323 - acc: 0.9649
Epoch 466/600
02:23:12 Train 65/65 - loss: 0.1185 - acc: 0.9774
Epoch 467/600
02:23:23 Train 65/65 - loss: 0.1163 - acc: 0.9781
Epoch 468/600
02:23:34 Train 65/65 - loss: 0.1147 - acc: 0.9783
Epoch 469/600
02:23:45 Train 65/65 - loss: 0.1116 - acc: 0.9791
Epoch 470/600
02:23:56 Train 65/65 - loss: 0.1145 - acc: 0.9785
02:23:58 Valid 7/7 - loss: 0.1368 - acc: 0.9634
Epoch 471/600
02:24:09 Train 65/65 - loss: 0.1142 - acc: 0.9783
Epoch 472/600
02:24:20 Train 65/65 - loss: 0.1089 - acc: 0.9804
Epoch 473/600
02:24:31 Train 65/65 - loss: 0.1074 - acc: 0.9797
Epoch 474/600
02:24:42 Train 65/65 - loss: 0.1067 - acc: 0.9803
Epoch 475/600
02:24:53 Train 65/65 - loss: 0.1078 - acc: 0.9799
02:24:54 Valid 7/7 - loss: 0.1339 - acc: 0.9646
Epoch 476/600
02:25:05 Train 65/65 - loss: 0.1049 - acc: 0.9810
Epoch 477/600
02:25:16 Train 65/65 - loss: 0.1044 - acc: 0.9800
Epoch 478/600
02:25:28 Train 65/65 - loss: 0.1057 - acc: 0.9800
Epoch 479/600
02:25:39 Train 65/65 - loss: 0.1027 - acc: 0.9816
Epoch 480/600
02:25:50 Train 65/65 - loss: 0.1005 - acc: 0.9816
02:25:51 Valid 7/7 - loss: 0.1363 - acc: 0.9644
Epoch 481/600
02:26:02 Train 65/65 - loss: 0.1010 - acc: 0.9807
Epoch 482/600
02:26:13 Train 65/65 - loss: 0.1007 - acc: 0.9817
Epoch 483/600
02:26:24 Train 65/65 - loss: 0.0976 - acc: 0.9825
Epoch 484/600
02:26:35 Train 65/65 - loss: 0.0924 - acc: 0.9829
Epoch 485/600
02:26:47 Train 65/65 - loss: 0.0938 - acc: 0.9834
02:26:48 Valid 7/7 - loss: 0.1262 - acc: 0.9661
Epoch 486/600
02:26:59 Train 65/65 - loss: 0.0978 - acc: 0.9818
Epoch 487/600
02:27:10 Train 65/65 - loss: 0.0949 - acc: 0.9826
Epoch 488/600
02:27:21 Train 65/65 - loss: 0.0918 - acc: 0.9834
Epoch 489/600
02:27:32 Train 65/65 - loss: 0.0970 - acc: 0.9825
Epoch 490/600
02:27:43 Train 65/65 - loss: 0.0954 - acc: 0.9829
02:27:44 Valid 7/7 - loss: 0.1297 - acc: 0.9674
Epoch 491/600
02:27:55 Train 65/65 - loss: 0.0905 - acc: 0.9842
Epoch 492/600
02:28:07 Train 65/65 - loss: 0.0908 - acc: 0.9839
Epoch 493/600
02:28:18 Train 65/65 - loss: 0.0910 - acc: 0.9840
Epoch 494/600
02:28:29 Train 65/65 - loss: 0.0878 - acc: 0.9845
Epoch 495/600
02:28:40 Train 65/65 - loss: 0.0884 - acc: 0.9838
02:28:41 Valid 7/7 - loss: 0.1219 - acc: 0.9697
Epoch 496/600
02:28:52 Train 65/65 - loss: 0.0837 - acc: 0.9855
Epoch 497/600
02:29:03 Train 65/65 - loss: 0.0862 - acc: 0.9848
Epoch 498/600
02:29:14 Train 65/65 - loss: 0.0840 - acc: 0.9848
Epoch 499/600
02:29:25 Train 65/65 - loss: 0.0845 - acc: 0.9851
Epoch 500/600
02:29:37 Train 65/65 - loss: 0.0829 - acc: 0.9854
02:29:38 Valid 7/7 - loss: 0.1128 - acc: 0.9705
Epoch 501/600
02:29:49 Train 65/65 - loss: 0.0808 - acc: 0.9851
Epoch 502/600
02:30:00 Train 65/65 - loss: 0.0801 - acc: 0.9865
Epoch 503/600
02:30:11 Train 65/65 - loss: 0.0802 - acc: 0.9858
Epoch 504/600
02:30:22 Train 65/65 - loss: 0.0782 - acc: 0.9868
Epoch 505/600
02:30:33 Train 65/65 - loss: 0.0784 - acc: 0.9869
02:30:34 Valid 7/7 - loss: 0.1332 - acc: 0.9675
Epoch 506/600
02:30:45 Train 65/65 - loss: 0.0777 - acc: 0.9867
Epoch 507/600
02:30:57 Train 65/65 - loss: 0.0742 - acc: 0.9874
Epoch 508/600
02:31:08 Train 65/65 - loss: 0.0764 - acc: 0.9869
Epoch 509/600
02:31:19 Train 65/65 - loss: 0.0757 - acc: 0.9868
Epoch 510/600
02:31:30 Train 65/65 - loss: 0.0754 - acc: 0.9877
02:31:31 Valid 7/7 - loss: 0.1207 - acc: 0.9684
Epoch 511/600
02:31:42 Train 65/65 - loss: 0.0729 - acc: 0.9877
Epoch 512/600
02:31:53 Train 65/65 - loss: 0.0735 - acc: 0.9875
Epoch 513/600
02:32:04 Train 65/65 - loss: 0.0768 - acc: 0.9868
Epoch 514/600
02:32:16 Train 65/65 - loss: 0.0732 - acc: 0.9867
Epoch 515/600
02:32:27 Train 65/65 - loss: 0.0686 - acc: 0.9886
02:32:28 Valid 7/7 - loss: 0.1247 - acc: 0.9680
Epoch 516/600
02:32:39 Train 65/65 - loss: 0.0721 - acc: 0.9874
Epoch 517/600
02:32:50 Train 65/65 - loss: 0.0711 - acc: 0.9884
Epoch 518/600
02:33:01 Train 65/65 - loss: 0.0663 - acc: 0.9895
Epoch 519/600
02:33:12 Train 65/65 - loss: 0.0695 - acc: 0.9881
Epoch 520/600
02:33:23 Train 65/65 - loss: 0.0663 - acc: 0.9884
02:33:24 Valid 7/7 - loss: 0.1169 - acc: 0.9687
Epoch 521/600
02:33:36 Train 65/65 - loss: 0.0652 - acc: 0.9895
Epoch 522/600
02:33:47 Train 65/65 - loss: 0.0668 - acc: 0.9891
Epoch 523/600
02:33:58 Train 65/65 - loss: 0.0640 - acc: 0.9897
Epoch 524/600
02:34:09 Train 65/65 - loss: 0.0631 - acc: 0.9898
Epoch 525/600
02:34:20 Train 65/65 - loss: 0.0628 - acc: 0.9901
02:34:21 Valid 7/7 - loss: 0.1129 - acc: 0.9711
Epoch 526/600
02:34:32 Train 65/65 - loss: 0.0600 - acc: 0.9906
Epoch 527/600
02:34:43 Train 65/65 - loss: 0.0621 - acc: 0.9897
Epoch 528/600
02:34:54 Train 65/65 - loss: 0.0633 - acc: 0.9888
Epoch 529/600
02:35:06 Train 65/65 - loss: 0.0617 - acc: 0.9895
Epoch 530/600
02:35:17 Train 65/65 - loss: 0.0601 - acc: 0.9906
02:35:18 Valid 7/7 - loss: 0.1209 - acc: 0.9692
Epoch 531/600
02:35:29 Train 65/65 - loss: 0.0581 - acc: 0.9910
Epoch 532/600
02:35:40 Train 65/65 - loss: 0.0609 - acc: 0.9901
Epoch 533/600
02:35:51 Train 65/65 - loss: 0.0586 - acc: 0.9903
Epoch 534/600
02:36:02 Train 65/65 - loss: 0.0574 - acc: 0.9911
Epoch 535/600
02:36:13 Train 65/65 - loss: 0.0589 - acc: 0.9915
02:36:15 Valid 7/7 - loss: 0.1185 - acc: 0.9694
Epoch 536/600
02:36:26 Train 65/65 - loss: 0.0589 - acc: 0.9909
Epoch 537/600
02:36:37 Train 65/65 - loss: 0.0573 - acc: 0.9913
Epoch 538/600
02:36:48 Train 65/65 - loss: 0.0559 - acc: 0.9911
Epoch 539/600
02:36:59 Train 65/65 - loss: 0.0538 - acc: 0.9916
Epoch 540/600
02:37:10 Train 65/65 - loss: 0.0546 - acc: 0.9912
02:37:11 Valid 7/7 - loss: 0.1174 - acc: 0.9708
Epoch 541/600
02:37:22 Train 65/65 - loss: 0.0549 - acc: 0.9914
Epoch 542/600
02:37:33 Train 65/65 - loss: 0.0573 - acc: 0.9907
Epoch 543/600
02:37:45 Train 65/65 - loss: 0.0523 - acc: 0.9923
Epoch 544/600
02:37:56 Train 65/65 - loss: 0.0540 - acc: 0.9914
Epoch 545/600
02:38:07 Train 65/65 - loss: 0.0519 - acc: 0.9923
02:38:08 Valid 7/7 - loss: 0.1181 - acc: 0.9699
Epoch 546/600
02:38:19 Train 65/65 - loss: 0.0525 - acc: 0.9917
Epoch 547/600
02:38:30 Train 65/65 - loss: 0.0509 - acc: 0.9922
Epoch 548/600
02:38:41 Train 65/65 - loss: 0.0523 - acc: 0.9918
Epoch 549/600
02:38:52 Train 65/65 - loss: 0.0525 - acc: 0.9919
Epoch 550/600
02:39:04 Train 65/65 - loss: 0.0534 - acc: 0.9918
02:39:05 Valid 7/7 - loss: 0.1145 - acc: 0.9717
Epoch 551/600
02:39:16 Train 65/65 - loss: 0.0521 - acc: 0.9916
Epoch 552/600
02:39:27 Train 65/65 - loss: 0.0521 - acc: 0.9915
Epoch 553/600
02:39:38 Train 65/65 - loss: 0.0505 - acc: 0.9918
Epoch 554/600
02:39:49 Train 65/65 - loss: 0.0499 - acc: 0.9929
Epoch 555/600
02:40:00 Train 65/65 - loss: 0.0471 - acc: 0.9931
02:40:01 Valid 7/7 - loss: 0.1143 - acc: 0.9712
Epoch 556/600
02:40:12 Train 65/65 - loss: 0.0481 - acc: 0.9928
Epoch 557/600
02:40:24 Train 65/65 - loss: 0.0503 - acc: 0.9920
Epoch 558/600
02:40:35 Train 65/65 - loss: 0.0499 - acc: 0.9925
Epoch 559/600
02:40:46 Train 65/65 - loss: 0.0465 - acc: 0.9934
Epoch 560/600
02:40:57 Train 65/65 - loss: 0.0488 - acc: 0.9929
02:40:58 Valid 7/7 - loss: 0.1111 - acc: 0.9720
Epoch 561/600
02:41:09 Train 65/65 - loss: 0.0477 - acc: 0.9926
Epoch 562/600
02:41:20 Train 65/65 - loss: 0.0464 - acc: 0.9934
Epoch 563/600
02:41:31 Train 65/65 - loss: 0.0474 - acc: 0.9931
Epoch 564/600
02:41:42 Train 65/65 - loss: 0.0452 - acc: 0.9935
Epoch 565/600
02:41:54 Train 65/65 - loss: 0.0468 - acc: 0.9930
02:41:55 Valid 7/7 - loss: 0.1102 - acc: 0.9724
Epoch 566/600
02:42:06 Train 65/65 - loss: 0.0484 - acc: 0.9928
Epoch 567/600
02:42:17 Train 65/65 - loss: 0.0459 - acc: 0.9935
Epoch 568/600
02:42:28 Train 65/65 - loss: 0.0474 - acc: 0.9932
Epoch 569/600
02:42:39 Train 65/65 - loss: 0.0463 - acc: 0.9933
Epoch 570/600
02:42:50 Train 65/65 - loss: 0.0488 - acc: 0.9925
02:42:51 Valid 7/7 - loss: 0.1112 - acc: 0.9718
Epoch 571/600
02:43:03 Train 65/65 - loss: 0.0450 - acc: 0.9935
Epoch 572/600
02:43:14 Train 65/65 - loss: 0.0451 - acc: 0.9939
Epoch 573/600
02:43:25 Train 65/65 - loss: 0.0462 - acc: 0.9929
Epoch 574/600
02:43:36 Train 65/65 - loss: 0.0453 - acc: 0.9932
Epoch 575/600
02:43:47 Train 65/65 - loss: 0.0442 - acc: 0.9935
02:43:48 Valid 7/7 - loss: 0.1101 - acc: 0.9731
Epoch 576/600
02:43:59 Train 65/65 - loss: 0.0476 - acc: 0.9925
Epoch 577/600
02:44:10 Train 65/65 - loss: 0.0456 - acc: 0.9933
Epoch 578/600
02:44:21 Train 65/65 - loss: 0.0445 - acc: 0.9938
Epoch 579/600
02:44:33 Train 65/65 - loss: 0.0458 - acc: 0.9934
Epoch 580/600
02:44:44 Train 65/65 - loss: 0.0453 - acc: 0.9936
02:44:45 Valid 7/7 - loss: 0.1104 - acc: 0.9729
Epoch 581/600
02:44:56 Train 65/65 - loss: 0.0443 - acc: 0.9939
Epoch 582/600
02:45:07 Train 65/65 - loss: 0.0437 - acc: 0.9939
Epoch 583/600
02:45:18 Train 65/65 - loss: 0.0430 - acc: 0.9937
Epoch 584/600
02:45:29 Train 65/65 - loss: 0.0431 - acc: 0.9939
Epoch 585/600
02:45:40 Train 65/65 - loss: 0.0440 - acc: 0.9940
02:45:42 Valid 7/7 - loss: 0.1099 - acc: 0.9724
Epoch 586/600
02:45:53 Train 65/65 - loss: 0.0436 - acc: 0.9937
Epoch 587/600
02:46:04 Train 65/65 - loss: 0.0440 - acc: 0.9939
Epoch 588/600
02:46:15 Train 65/65 - loss: 0.0445 - acc: 0.9934
Epoch 589/600
02:46:26 Train 65/65 - loss: 0.0440 - acc: 0.9937
Epoch 590/600
02:46:37 Train 65/65 - loss: 0.0437 - acc: 0.9938
02:46:38 Valid 7/7 - loss: 0.1108 - acc: 0.9723
Epoch 591/600
02:46:49 Train 65/65 - loss: 0.0436 - acc: 0.9942
Epoch 592/600
02:47:00 Train 65/65 - loss: 0.0440 - acc: 0.9938
Epoch 593/600
02:47:12 Train 65/65 - loss: 0.0450 - acc: 0.9936
Epoch 594/600
02:47:23 Train 65/65 - loss: 0.0437 - acc: 0.9939
Epoch 595/600
02:47:34 Train 65/65 - loss: 0.0430 - acc: 0.9941
02:47:35 Valid 7/7 - loss: 0.1099 - acc: 0.9722
Epoch 596/600
02:47:46 Train 65/65 - loss: 0.0442 - acc: 0.9936
Epoch 597/600
02:47:57 Train 65/65 - loss: 0.0422 - acc: 0.9935
Epoch 598/600
02:48:08 Train 65/65 - loss: 0.0439 - acc: 0.9939
Epoch 599/600
02:48:19 Train 65/65 - loss: 0.0421 - acc: 0.9943
Epoch 600/600
02:48:31 Train 65/65 - loss: 0.0419 - acc: 0.9942
02:48:32 Valid 7/7 - loss: 0.1106 - acc: 0.9726