Epoch 1/600
21:39:49 Train 390/390 - loss: 2.6711 - acc: 0.2905
Epoch 2/600
21:40:19 Train 390/390 - loss: 2.1753 - acc: 0.4270
Epoch 3/600
21:40:48 Train 390/390 - loss: 1.8859 - acc: 0.5101
Epoch 4/600
21:41:17 Train 390/390 - loss: 1.6507 - acc: 0.5748
Epoch 5/600
21:41:47 Train 390/390 - loss: 1.4760 - acc: 0.6258
WARNING:tensorflow:From /usr/local/lib/python3.6/dist-packages/tensorflow/python/data/ops/multi_device_iterator_ops.py:601: get_next_as_optional (from tensorflow.python.data.ops.iterator_ops) is deprecated and will be removed in a future version.
Instructions for updating:
Use `tf.data.Iterator.get_next_as_optional()` instead.
WARNING:tensorflow:From /usr/local/lib/python3.6/dist-packages/tensorflow/python/data/ops/multi_device_iterator_ops.py:601: get_next_as_optional (from tensorflow.python.data.ops.iterator_ops) is deprecated and will be removed in a future version.
Instructions for updating:
Use `tf.data.Iterator.get_next_as_optional()` instead.
21:43:08 Valid 5/5 - loss: 1.0581 - acc: 0.6427
Epoch 6/600
21:43:38 Train 390/390 - loss: 1.3391 - acc: 0.6605
Epoch 7/600
21:44:07 Train 390/390 - loss: 1.2361 - acc: 0.6879
Epoch 8/600
21:44:36 Train 390/390 - loss: 1.1418 - acc: 0.7130
Epoch 9/600
21:45:06 Train 390/390 - loss: 1.0554 - acc: 0.7340
Epoch 10/600
21:45:35 Train 390/390 - loss: 0.9929 - acc: 0.7518
21:45:37 Valid 5/5 - loss: 0.7472 - acc: 0.7508
Epoch 11/600
21:46:06 Train 390/390 - loss: 0.9412 - acc: 0.7651
Epoch 12/600
21:46:36 Train 390/390 - loss: 0.8868 - acc: 0.7782
Epoch 13/600
21:47:05 Train 390/390 - loss: 0.8319 - acc: 0.7928
Epoch 14/600
21:47:34 Train 390/390 - loss: 0.7943 - acc: 0.8019
Epoch 15/600
21:48:03 Train 390/390 - loss: 0.7546 - acc: 0.8125
21:48:05 Valid 5/5 - loss: 0.4828 - acc: 0.8333
Epoch 16/600
21:48:34 Train 390/390 - loss: 0.7215 - acc: 0.8210
Epoch 17/600
21:49:03 Train 390/390 - loss: 0.6976 - acc: 0.8273
Epoch 18/600
21:49:33 Train 390/390 - loss: 0.6685 - acc: 0.8346
Epoch 19/600
21:50:02 Train 390/390 - loss: 0.6405 - acc: 0.8417
Epoch 20/600
21:50:31 Train 390/390 - loss: 0.6203 - acc: 0.8446
21:50:33 Valid 5/5 - loss: 0.4164 - acc: 0.8635
Epoch 21/600
21:51:02 Train 390/390 - loss: 0.6089 - acc: 0.8490
Epoch 22/600
21:51:31 Train 390/390 - loss: 0.5900 - acc: 0.8542
Epoch 23/600
21:52:01 Train 390/390 - loss: 0.5726 - acc: 0.8581
Epoch 24/600
21:52:30 Train 390/390 - loss: 0.5542 - acc: 0.8630
Epoch 25/600
21:52:59 Train 390/390 - loss: 0.5418 - acc: 0.8650
21:53:00 Valid 5/5 - loss: 0.3959 - acc: 0.8689
Epoch 26/600
21:53:30 Train 390/390 - loss: 0.5313 - acc: 0.8680
Epoch 27/600
21:53:59 Train 390/390 - loss: 0.5122 - acc: 0.8721
Epoch 28/600
21:54:28 Train 390/390 - loss: 0.5106 - acc: 0.8727
Epoch 29/600
21:54:58 Train 390/390 - loss: 0.4939 - acc: 0.8777
Epoch 30/600
21:55:27 Train 390/390 - loss: 0.4888 - acc: 0.8791
21:55:29 Valid 5/5 - loss: 0.2930 - acc: 0.9030
Epoch 31/600
21:55:58 Train 390/390 - loss: 0.4780 - acc: 0.8808
Epoch 32/600
21:56:27 Train 390/390 - loss: 0.4722 - acc: 0.8855
Epoch 33/600
21:56:57 Train 390/390 - loss: 0.4561 - acc: 0.8881
Epoch 34/600
21:57:26 Train 390/390 - loss: 0.4518 - acc: 0.8887
Epoch 35/600
21:57:56 Train 390/390 - loss: 0.4469 - acc: 0.8888
21:57:57 Valid 5/5 - loss: 0.3440 - acc: 0.8887
Epoch 36/600
21:58:26 Train 390/390 - loss: 0.4392 - acc: 0.8896
Epoch 37/600
21:58:56 Train 390/390 - loss: 0.4303 - acc: 0.8948
Epoch 38/600
21:59:25 Train 390/390 - loss: 0.4249 - acc: 0.8951
Epoch 39/600
21:59:55 Train 390/390 - loss: 0.4139 - acc: 0.8976
Epoch 40/600
22:00:24 Train 390/390 - loss: 0.4220 - acc: 0.8948
22:00:26 Valid 5/5 - loss: 0.3225 - acc: 0.8978
Epoch 41/600
22:00:55 Train 390/390 - loss: 0.4043 - acc: 0.9005
Epoch 42/600
22:01:24 Train 390/390 - loss: 0.4045 - acc: 0.9000
Epoch 43/600
22:01:54 Train 390/390 - loss: 0.3994 - acc: 0.9006
Epoch 44/600
22:02:23 Train 390/390 - loss: 0.3893 - acc: 0.9050
Epoch 45/600
22:02:53 Train 390/390 - loss: 0.3933 - acc: 0.9033
22:02:54 Valid 5/5 - loss: 0.3147 - acc: 0.9028
Epoch 46/600
22:03:23 Train 390/390 - loss: 0.3863 - acc: 0.9053
Epoch 47/600
22:03:53 Train 390/390 - loss: 0.3839 - acc: 0.9048
Epoch 48/600
22:04:22 Train 390/390 - loss: 0.3767 - acc: 0.9074
Epoch 49/600
22:04:52 Train 390/390 - loss: 0.3795 - acc: 0.9068
Epoch 50/600
22:05:21 Train 390/390 - loss: 0.3646 - acc: 0.9099
22:05:22 Valid 5/5 - loss: 0.3161 - acc: 0.9007
Epoch 51/600
22:05:52 Train 390/390 - loss: 0.3694 - acc: 0.9088
Epoch 52/600
22:06:21 Train 390/390 - loss: 0.3682 - acc: 0.9103
Epoch 53/600
22:06:51 Train 390/390 - loss: 0.3615 - acc: 0.9118
Epoch 54/600
22:07:20 Train 390/390 - loss: 0.3563 - acc: 0.9132
Epoch 55/600
22:07:49 Train 390/390 - loss: 0.3556 - acc: 0.9124
22:07:51 Valid 5/5 - loss: 0.2929 - acc: 0.9062
Epoch 56/600
22:08:20 Train 390/390 - loss: 0.3474 - acc: 0.9146
Epoch 57/600
22:08:50 Train 390/390 - loss: 0.3463 - acc: 0.9149
Epoch 58/600
22:09:19 Train 390/390 - loss: 0.3471 - acc: 0.9150
Epoch 59/600
22:09:48 Train 390/390 - loss: 0.3517 - acc: 0.9139
Epoch 60/600
22:10:18 Train 390/390 - loss: 0.3461 - acc: 0.9142
22:10:19 Valid 5/5 - loss: 0.2594 - acc: 0.9215
Epoch 61/600
22:10:48 Train 390/390 - loss: 0.3404 - acc: 0.9168
Epoch 62/600
22:11:18 Train 390/390 - loss: 0.3350 - acc: 0.9172
Epoch 63/600
22:11:48 Train 390/390 - loss: 0.3404 - acc: 0.9159
Epoch 64/600
22:12:17 Train 390/390 - loss: 0.3340 - acc: 0.9160
Epoch 65/600
22:12:46 Train 390/390 - loss: 0.3359 - acc: 0.9189
22:12:48 Valid 5/5 - loss: 0.3614 - acc: 0.8918
Epoch 66/600
22:13:17 Train 390/390 - loss: 0.3350 - acc: 0.9171
Epoch 67/600
22:13:46 Train 390/390 - loss: 0.3286 - acc: 0.9192
Epoch 68/600
22:14:16 Train 390/390 - loss: 0.3341 - acc: 0.9181
Epoch 69/600
22:14:45 Train 390/390 - loss: 0.3238 - acc: 0.9210
Epoch 70/600
22:15:14 Train 390/390 - loss: 0.3226 - acc: 0.9206
22:15:16 Valid 5/5 - loss: 0.3140 - acc: 0.9041
Epoch 71/600
22:15:45 Train 390/390 - loss: 0.3153 - acc: 0.9235
Epoch 72/600
22:16:14 Train 390/390 - loss: 0.3147 - acc: 0.9217
Epoch 73/600
22:16:44 Train 390/390 - loss: 0.3236 - acc: 0.9217
Epoch 74/600
22:17:13 Train 390/390 - loss: 0.3149 - acc: 0.9228
Epoch 75/600
22:17:43 Train 390/390 - loss: 0.3131 - acc: 0.9229
22:17:44 Valid 5/5 - loss: 0.2622 - acc: 0.9196
Epoch 76/600
22:18:13 Train 390/390 - loss: 0.3112 - acc: 0.9238
Epoch 77/600
22:18:43 Train 390/390 - loss: 0.3125 - acc: 0.9225
Epoch 78/600
22:19:12 Train 390/390 - loss: 0.3089 - acc: 0.9241
Epoch 79/600
22:19:41 Train 390/390 - loss: 0.3056 - acc: 0.9245
Epoch 80/600
22:20:11 Train 390/390 - loss: 0.3064 - acc: 0.9248
22:20:12 Valid 5/5 - loss: 0.2871 - acc: 0.9120
Epoch 81/600
22:20:42 Train 390/390 - loss: 0.3054 - acc: 0.9253
Epoch 82/600
22:21:11 Train 390/390 - loss: 0.2929 - acc: 0.9295
Epoch 83/600
22:21:41 Train 390/390 - loss: 0.3018 - acc: 0.9255
Epoch 84/600
22:22:10 Train 390/390 - loss: 0.3000 - acc: 0.9273
Epoch 85/600
22:22:39 Train 390/390 - loss: 0.3010 - acc: 0.9256
22:22:41 Valid 5/5 - loss: 0.2610 - acc: 0.9191
Epoch 86/600
22:23:10 Train 390/390 - loss: 0.2960 - acc: 0.9291
Epoch 87/600
22:23:39 Train 390/390 - loss: 0.2921 - acc: 0.9288
Epoch 88/600
22:24:09 Train 390/390 - loss: 0.2921 - acc: 0.9292
Epoch 89/600
22:24:38 Train 390/390 - loss: 0.2885 - acc: 0.9298
Epoch 90/600
22:25:07 Train 390/390 - loss: 0.2951 - acc: 0.9282
22:25:09 Valid 5/5 - loss: 0.4365 - acc: 0.8762
Epoch 91/600
22:25:38 Train 390/390 - loss: 0.2940 - acc: 0.9277
Epoch 92/600
22:26:08 Train 390/390 - loss: 0.2791 - acc: 0.9322
Epoch 93/600
22:26:37 Train 390/390 - loss: 0.2892 - acc: 0.9300
Epoch 94/600
22:27:06 Train 390/390 - loss: 0.2796 - acc: 0.9319
Epoch 95/600
22:27:36 Train 390/390 - loss: 0.2817 - acc: 0.9328
22:27:37 Valid 5/5 - loss: 0.2439 - acc: 0.9260
Epoch 96/600
22:28:06 Train 390/390 - loss: 0.2832 - acc: 0.9296
Epoch 97/600
22:28:36 Train 390/390 - loss: 0.2813 - acc: 0.9319
Epoch 98/600
22:29:05 Train 390/390 - loss: 0.2805 - acc: 0.9313
Epoch 99/600
22:29:34 Train 390/390 - loss: 0.2787 - acc: 0.9321
Epoch 100/600
22:30:04 Train 390/390 - loss: 0.2774 - acc: 0.9315
22:30:05 Valid 5/5 - loss: 0.2525 - acc: 0.9211
Epoch 101/600
22:30:35 Train 390/390 - loss: 0.2768 - acc: 0.9342
Epoch 102/600
22:31:04 Train 390/390 - loss: 0.2740 - acc: 0.9331
Epoch 103/600
22:31:33 Train 390/390 - loss: 0.2768 - acc: 0.9330
Epoch 104/600
22:32:03 Train 390/390 - loss: 0.2785 - acc: 0.9323
Epoch 105/600
22:32:32 Train 390/390 - loss: 0.2714 - acc: 0.9345
22:32:34 Valid 5/5 - loss: 0.2538 - acc: 0.9184
Epoch 106/600
22:33:03 Train 390/390 - loss: 0.2658 - acc: 0.9346
Epoch 107/600
22:33:32 Train 390/390 - loss: 0.2778 - acc: 0.9315
Epoch 108/600
22:34:02 Train 390/390 - loss: 0.2659 - acc: 0.9363
Epoch 109/600
22:34:31 Train 390/390 - loss: 0.2665 - acc: 0.9358
Epoch 110/600
22:35:01 Train 390/390 - loss: 0.2649 - acc: 0.9359
22:35:02 Valid 5/5 - loss: 0.2388 - acc: 0.9283
Epoch 111/600
22:35:32 Train 390/390 - loss: 0.2626 - acc: 0.9368
Epoch 112/600
22:36:01 Train 390/390 - loss: 0.2657 - acc: 0.9361
Epoch 113/600
22:36:30 Train 390/390 - loss: 0.2600 - acc: 0.9369
Epoch 114/600
22:37:00 Train 390/390 - loss: 0.2641 - acc: 0.9358
Epoch 115/600
22:37:29 Train 390/390 - loss: 0.2580 - acc: 0.9391
22:37:31 Valid 5/5 - loss: 0.2401 - acc: 0.9288
Epoch 116/600
22:38:00 Train 390/390 - loss: 0.2582 - acc: 0.9369
Epoch 117/600
22:38:29 Train 390/390 - loss: 0.2661 - acc: 0.9357
Epoch 118/600
22:38:59 Train 390/390 - loss: 0.2508 - acc: 0.9394
Epoch 119/600
22:39:28 Train 390/390 - loss: 0.2660 - acc: 0.9356
Epoch 120/600
22:39:58 Train 390/390 - loss: 0.2454 - acc: 0.9407
22:39:59 Valid 5/5 - loss: 0.2702 - acc: 0.9170
Epoch 121/600
22:40:28 Train 390/390 - loss: 0.2607 - acc: 0.9381
Epoch 122/600
22:40:58 Train 390/390 - loss: 0.2457 - acc: 0.9412
Epoch 123/600
22:41:27 Train 390/390 - loss: 0.2554 - acc: 0.9382
Epoch 124/600
22:41:57 Train 390/390 - loss: 0.2475 - acc: 0.9404
Epoch 125/600
22:42:26 Train 390/390 - loss: 0.2454 - acc: 0.9413
22:42:27 Valid 5/5 - loss: 0.2880 - acc: 0.9162
Epoch 126/600
22:42:57 Train 390/390 - loss: 0.2513 - acc: 0.9395
Epoch 127/600
22:43:26 Train 390/390 - loss: 0.2487 - acc: 0.9405
Epoch 128/600
22:43:56 Train 390/390 - loss: 0.2482 - acc: 0.9399
Epoch 129/600
22:44:25 Train 390/390 - loss: 0.2460 - acc: 0.9414
Epoch 130/600
22:44:55 Train 390/390 - loss: 0.2467 - acc: 0.9408
22:44:56 Valid 5/5 - loss: 0.2667 - acc: 0.9229
Epoch 131/600
22:45:25 Train 390/390 - loss: 0.2498 - acc: 0.9396
Epoch 132/600
22:45:55 Train 390/390 - loss: 0.2410 - acc: 0.9422
Epoch 133/600
22:46:24 Train 390/390 - loss: 0.2424 - acc: 0.9429
Epoch 134/600
22:46:54 Train 390/390 - loss: 0.2383 - acc: 0.9429
Epoch 135/600
22:47:23 Train 390/390 - loss: 0.2466 - acc: 0.9394
22:47:25 Valid 5/5 - loss: 0.2568 - acc: 0.9235
Epoch 136/600
22:47:54 Train 390/390 - loss: 0.2429 - acc: 0.9420
Epoch 137/600
22:48:23 Train 390/390 - loss: 0.2317 - acc: 0.9448
Epoch 138/600
22:48:53 Train 390/390 - loss: 0.2405 - acc: 0.9417
Epoch 139/600
22:49:22 Train 390/390 - loss: 0.2386 - acc: 0.9421
Epoch 140/600
22:49:52 Train 390/390 - loss: 0.2374 - acc: 0.9426
22:49:53 Valid 5/5 - loss: 0.2808 - acc: 0.9177
Epoch 141/600
22:50:22 Train 390/390 - loss: 0.2337 - acc: 0.9440
Epoch 142/600
22:50:52 Train 390/390 - loss: 0.2364 - acc: 0.9433
Epoch 143/600
22:51:21 Train 390/390 - loss: 0.2340 - acc: 0.9433
Epoch 144/600
22:51:51 Train 390/390 - loss: 0.2339 - acc: 0.9442
Epoch 145/600
22:52:20 Train 390/390 - loss: 0.2277 - acc: 0.9449
22:52:22 Valid 5/5 - loss: 0.2987 - acc: 0.9133
Epoch 146/600
22:52:51 Train 390/390 - loss: 0.2354 - acc: 0.9430
Epoch 147/600
22:53:21 Train 390/390 - loss: 0.2242 - acc: 0.9460
Epoch 148/600
22:53:50 Train 390/390 - loss: 0.2278 - acc: 0.9444
Epoch 149/600
22:54:19 Train 390/390 - loss: 0.2358 - acc: 0.9419
Epoch 150/600
22:54:49 Train 390/390 - loss: 0.2351 - acc: 0.9422
22:54:50 Valid 5/5 - loss: 0.2392 - acc: 0.9310
Epoch 151/600
22:55:20 Train 390/390 - loss: 0.2305 - acc: 0.9436
Epoch 152/600
22:55:49 Train 390/390 - loss: 0.2248 - acc: 0.9455
Epoch 153/600
22:56:18 Train 390/390 - loss: 0.2213 - acc: 0.9462
Epoch 154/600
22:56:48 Train 390/390 - loss: 0.2186 - acc: 0.9482
Epoch 155/600
22:57:17 Train 390/390 - loss: 0.2277 - acc: 0.9452
22:57:19 Valid 5/5 - loss: 0.2345 - acc: 0.9284
Epoch 156/600
22:57:48 Train 390/390 - loss: 0.2277 - acc: 0.9450
Epoch 157/600
22:58:18 Train 390/390 - loss: 0.2187 - acc: 0.9479
Epoch 158/600
22:58:47 Train 390/390 - loss: 0.2256 - acc: 0.9451
Epoch 159/600
22:59:16 Train 390/390 - loss: 0.2202 - acc: 0.9472
Epoch 160/600
22:59:46 Train 390/390 - loss: 0.2211 - acc: 0.9474
22:59:47 Valid 5/5 - loss: 0.2782 - acc: 0.9211
Epoch 161/600
23:00:16 Train 390/390 - loss: 0.2258 - acc: 0.9445
Epoch 162/600
23:00:46 Train 390/390 - loss: 0.2196 - acc: 0.9475
Epoch 163/600
23:01:15 Train 390/390 - loss: 0.2171 - acc: 0.9478
Epoch 164/600
23:01:45 Train 390/390 - loss: 0.2180 - acc: 0.9472
Epoch 165/600
23:02:14 Train 390/390 - loss: 0.2170 - acc: 0.9486
23:02:15 Valid 5/5 - loss: 0.3391 - acc: 0.9075
Epoch 166/600
23:02:45 Train 390/390 - loss: 0.2150 - acc: 0.9481
Epoch 167/600
23:03:14 Train 390/390 - loss: 0.2183 - acc: 0.9481
Epoch 168/600
23:03:43 Train 390/390 - loss: 0.2118 - acc: 0.9493
Epoch 169/600
23:04:13 Train 390/390 - loss: 0.2141 - acc: 0.9494
Epoch 170/600
23:04:42 Train 390/390 - loss: 0.2161 - acc: 0.9476
23:04:43 Valid 5/5 - loss: 0.2732 - acc: 0.9200
Epoch 171/600
23:05:13 Train 390/390 - loss: 0.2145 - acc: 0.9495
Epoch 172/600
23:05:42 Train 390/390 - loss: 0.2106 - acc: 0.9494
Epoch 173/600
23:06:12 Train 390/390 - loss: 0.2121 - acc: 0.9501
Epoch 174/600
23:06:41 Train 390/390 - loss: 0.2134 - acc: 0.9482
Epoch 175/600
23:07:10 Train 390/390 - loss: 0.2074 - acc: 0.9504
23:07:11 Valid 5/5 - loss: 0.2199 - acc: 0.9367
Epoch 176/600
23:07:40 Train 390/390 - loss: 0.2023 - acc: 0.9508
Epoch 177/600
23:08:10 Train 390/390 - loss: 0.2079 - acc: 0.9508
Epoch 178/600
23:08:39 Train 390/390 - loss: 0.2092 - acc: 0.9504
Epoch 179/600
23:09:08 Train 390/390 - loss: 0.2094 - acc: 0.9498
Epoch 180/600
23:09:38 Train 390/390 - loss: 0.2089 - acc: 0.9498
23:09:39 Valid 5/5 - loss: 0.3041 - acc: 0.9126
Epoch 181/600
23:10:09 Train 390/390 - loss: 0.2043 - acc: 0.9516
Epoch 182/600
23:10:38 Train 390/390 - loss: 0.1985 - acc: 0.9534
Epoch 183/600
23:11:07 Train 390/390 - loss: 0.2066 - acc: 0.9510
Epoch 184/600
23:11:37 Train 390/390 - loss: 0.1961 - acc: 0.9527
Epoch 185/600
23:12:06 Train 390/390 - loss: 0.2098 - acc: 0.9505
23:12:08 Valid 5/5 - loss: 0.2173 - acc: 0.9348
Epoch 186/600
23:12:37 Train 390/390 - loss: 0.2036 - acc: 0.9518
Epoch 187/600
23:13:06 Train 390/390 - loss: 0.2061 - acc: 0.9510
Epoch 188/600
23:13:36 Train 390/390 - loss: 0.1971 - acc: 0.9533
Epoch 189/600
23:14:05 Train 390/390 - loss: 0.2004 - acc: 0.9522
Epoch 190/600
23:14:35 Train 390/390 - loss: 0.2042 - acc: 0.9513
23:14:36 Valid 5/5 - loss: 0.2426 - acc: 0.9282
Epoch 191/600
23:15:05 Train 390/390 - loss: 0.2003 - acc: 0.9514
Epoch 192/600
23:15:35 Train 390/390 - loss: 0.2011 - acc: 0.9531
Epoch 193/600
23:16:04 Train 390/390 - loss: 0.1992 - acc: 0.9529
Epoch 194/600
23:16:34 Train 390/390 - loss: 0.1968 - acc: 0.9537
Epoch 195/600
23:17:03 Train 390/390 - loss: 0.1969 - acc: 0.9531
23:17:04 Valid 5/5 - loss: 0.2557 - acc: 0.9273
Epoch 196/600
23:17:34 Train 390/390 - loss: 0.1980 - acc: 0.9530
Epoch 197/600
23:18:03 Train 390/390 - loss: 0.1953 - acc: 0.9536
Epoch 198/600
23:18:33 Train 390/390 - loss: 0.1947 - acc: 0.9537
Epoch 199/600
23:19:02 Train 390/390 - loss: 0.1927 - acc: 0.9543
Epoch 200/600
23:19:31 Train 390/390 - loss: 0.1923 - acc: 0.9543
23:19:33 Valid 5/5 - loss: 0.2347 - acc: 0.9329
Epoch 201/600
23:20:03 Train 390/390 - loss: 0.1929 - acc: 0.9532
Epoch 202/600
23:20:32 Train 390/390 - loss: 0.1932 - acc: 0.9542
Epoch 203/600
23:21:01 Train 390/390 - loss: 0.1924 - acc: 0.9538
Epoch 204/600
23:21:31 Train 390/390 - loss: 0.1975 - acc: 0.9538
Epoch 205/600
23:22:00 Train 390/390 - loss: 0.1916 - acc: 0.9548
23:22:01 Valid 5/5 - loss: 0.2890 - acc: 0.9195
Epoch 206/600
23:22:31 Train 390/390 - loss: 0.1869 - acc: 0.9547
Epoch 207/600
23:23:00 Train 390/390 - loss: 0.1851 - acc: 0.9561
Epoch 208/600
23:23:30 Train 390/390 - loss: 0.1894 - acc: 0.9546
Epoch 209/600
23:23:59 Train 390/390 - loss: 0.1888 - acc: 0.9552
Epoch 210/600
23:24:28 Train 390/390 - loss: 0.1916 - acc: 0.9547
23:24:30 Valid 5/5 - loss: 0.2933 - acc: 0.9201
Epoch 211/600
23:24:59 Train 390/390 - loss: 0.1869 - acc: 0.9556
Epoch 212/600
23:25:29 Train 390/390 - loss: 0.1845 - acc: 0.9557
Epoch 213/600
23:25:58 Train 390/390 - loss: 0.1762 - acc: 0.9594
Epoch 214/600
23:26:27 Train 390/390 - loss: 0.1847 - acc: 0.9568
Epoch 215/600
23:26:57 Train 390/390 - loss: 0.1873 - acc: 0.9558
23:26:58 Valid 5/5 - loss: 0.2325 - acc: 0.9286
Epoch 216/600
23:27:28 Train 390/390 - loss: 0.1863 - acc: 0.9555
Epoch 217/600
23:27:57 Train 390/390 - loss: 0.1813 - acc: 0.9568
Epoch 218/600
23:28:27 Train 390/390 - loss: 0.1786 - acc: 0.9568
Epoch 219/600
23:28:56 Train 390/390 - loss: 0.1816 - acc: 0.9573
Epoch 220/600
23:29:25 Train 390/390 - loss: 0.1790 - acc: 0.9570
23:29:27 Valid 5/5 - loss: 0.2709 - acc: 0.9292
Epoch 221/600
23:29:56 Train 390/390 - loss: 0.1790 - acc: 0.9577
Epoch 222/600
23:30:26 Train 390/390 - loss: 0.1774 - acc: 0.9583
Epoch 223/600
23:30:55 Train 390/390 - loss: 0.1719 - acc: 0.9596
Epoch 224/600
23:31:24 Train 390/390 - loss: 0.1853 - acc: 0.9560
Epoch 225/600
23:31:54 Train 390/390 - loss: 0.1809 - acc: 0.9569
23:31:55 Valid 5/5 - loss: 0.2649 - acc: 0.9236
Epoch 226/600
23:32:25 Train 390/390 - loss: 0.1768 - acc: 0.9577
Epoch 227/600
23:32:54 Train 390/390 - loss: 0.1765 - acc: 0.9580
Epoch 228/600
23:33:23 Train 390/390 - loss: 0.1783 - acc: 0.9572
Epoch 229/600
23:33:53 Train 390/390 - loss: 0.1698 - acc: 0.9603
Epoch 230/600
23:34:22 Train 390/390 - loss: 0.1720 - acc: 0.9590
23:34:24 Valid 5/5 - loss: 0.1968 - acc: 0.9425
Epoch 231/600
23:34:53 Train 390/390 - loss: 0.1704 - acc: 0.9603
Epoch 232/600
23:35:22 Train 390/390 - loss: 0.1707 - acc: 0.9599
Epoch 233/600
23:35:52 Train 390/390 - loss: 0.1701 - acc: 0.9591
Epoch 234/600
23:36:21 Train 390/390 - loss: 0.1751 - acc: 0.9580
Epoch 235/600
23:36:50 Train 390/390 - loss: 0.1650 - acc: 0.9611
23:36:52 Valid 5/5 - loss: 0.2056 - acc: 0.9413
Epoch 236/600
23:37:21 Train 390/390 - loss: 0.1716 - acc: 0.9596
Epoch 237/600
23:37:51 Train 390/390 - loss: 0.1774 - acc: 0.9574
Epoch 238/600
23:38:20 Train 390/390 - loss: 0.1643 - acc: 0.9613
Epoch 239/600
23:38:50 Train 390/390 - loss: 0.1676 - acc: 0.9608
Epoch 240/600
23:39:19 Train 390/390 - loss: 0.1640 - acc: 0.9618
23:39:21 Valid 5/5 - loss: 0.2351 - acc: 0.9319
Epoch 241/600
23:39:50 Train 390/390 - loss: 0.1632 - acc: 0.9612
Epoch 242/600
23:40:19 Train 390/390 - loss: 0.1660 - acc: 0.9607
Epoch 243/600
23:40:49 Train 390/390 - loss: 0.1701 - acc: 0.9611
Epoch 244/600
23:41:18 Train 390/390 - loss: 0.1592 - acc: 0.9622
Epoch 245/600
23:41:48 Train 390/390 - loss: 0.1741 - acc: 0.9589
23:41:49 Valid 5/5 - loss: 0.2172 - acc: 0.9376
Epoch 246/600
23:42:18 Train 390/390 - loss: 0.1712 - acc: 0.9593
Epoch 247/600
23:42:48 Train 390/390 - loss: 0.1630 - acc: 0.9615
Epoch 248/600
23:43:17 Train 390/390 - loss: 0.1637 - acc: 0.9613
Epoch 249/600
23:43:47 Train 390/390 - loss: 0.1656 - acc: 0.9606
Epoch 250/600
23:44:16 Train 390/390 - loss: 0.1608 - acc: 0.9620
23:44:17 Valid 5/5 - loss: 0.2153 - acc: 0.9392
Epoch 251/600
23:44:47 Train 390/390 - loss: 0.1600 - acc: 0.9615
Epoch 252/600
23:45:16 Train 390/390 - loss: 0.1653 - acc: 0.9607
Epoch 253/600
23:45:46 Train 390/390 - loss: 0.1634 - acc: 0.9623
Epoch 254/600
23:46:15 Train 390/390 - loss: 0.1631 - acc: 0.9620
Epoch 255/600
23:46:44 Train 390/390 - loss: 0.1591 - acc: 0.9625
23:46:46 Valid 5/5 - loss: 0.2130 - acc: 0.9385
Epoch 256/600
23:47:15 Train 390/390 - loss: 0.1578 - acc: 0.9635
Epoch 257/600
23:47:44 Train 390/390 - loss: 0.1553 - acc: 0.9641
Epoch 258/600
23:48:14 Train 390/390 - loss: 0.1609 - acc: 0.9614
Epoch 259/600
23:48:43 Train 390/390 - loss: 0.1534 - acc: 0.9641
Epoch 260/600
23:49:13 Train 390/390 - loss: 0.1654 - acc: 0.9609
23:49:14 Valid 5/5 - loss: 0.2027 - acc: 0.9406
Epoch 261/600
23:49:43 Train 390/390 - loss: 0.1493 - acc: 0.9650
Epoch 262/600
23:50:13 Train 390/390 - loss: 0.1494 - acc: 0.9645
Epoch 263/600
23:50:42 Train 390/390 - loss: 0.1570 - acc: 0.9628
Epoch 264/600
23:51:12 Train 390/390 - loss: 0.1564 - acc: 0.9633
Epoch 265/600
23:51:41 Train 390/390 - loss: 0.1494 - acc: 0.9645
23:51:42 Valid 5/5 - loss: 0.2241 - acc: 0.9383
Epoch 266/600
23:52:12 Train 390/390 - loss: 0.1578 - acc: 0.9637
Epoch 267/600
23:52:41 Train 390/390 - loss: 0.1493 - acc: 0.9647
Epoch 268/600
23:53:10 Train 390/390 - loss: 0.1510 - acc: 0.9647
Epoch 269/600
23:53:40 Train 390/390 - loss: 0.1467 - acc: 0.9655
Epoch 270/600
23:54:09 Train 390/390 - loss: 0.1516 - acc: 0.9639
23:54:11 Valid 5/5 - loss: 0.2233 - acc: 0.9411
Epoch 271/600
23:54:40 Train 390/390 - loss: 0.1533 - acc: 0.9637
Epoch 272/600
23:55:09 Train 390/390 - loss: 0.1524 - acc: 0.9647
Epoch 273/600
23:55:39 Train 390/390 - loss: 0.1547 - acc: 0.9639
Epoch 274/600
23:56:08 Train 390/390 - loss: 0.1422 - acc: 0.9672
Epoch 275/600
23:56:38 Train 390/390 - loss: 0.1494 - acc: 0.9651
23:56:39 Valid 5/5 - loss: 0.2133 - acc: 0.9376
Epoch 276/600
23:57:08 Train 390/390 - loss: 0.1432 - acc: 0.9670
Epoch 277/600
23:57:38 Train 390/390 - loss: 0.1500 - acc: 0.9643
Epoch 278/600
23:58:07 Train 390/390 - loss: 0.1455 - acc: 0.9662
Epoch 279/600
23:58:37 Train 390/390 - loss: 0.1423 - acc: 0.9664
Epoch 280/600
23:59:06 Train 390/390 - loss: 0.1394 - acc: 0.9679
23:59:08 Valid 5/5 - loss: 0.2352 - acc: 0.9366
Epoch 281/600
23:59:37 Train 390/390 - loss: 0.1478 - acc: 0.9662
Epoch 282/600
00:00:06 Train 390/390 - loss: 0.1410 - acc: 0.9673
Epoch 283/600
00:00:36 Train 390/390 - loss: 0.1404 - acc: 0.9669
Epoch 284/600
00:01:05 Train 390/390 - loss: 0.1408 - acc: 0.9678
Epoch 285/600
00:01:34 Train 390/390 - loss: 0.1378 - acc: 0.9682
00:01:36 Valid 5/5 - loss: 0.2190 - acc: 0.9419
Epoch 286/600
00:02:05 Train 390/390 - loss: 0.1396 - acc: 0.9674
Epoch 287/600
00:02:35 Train 390/390 - loss: 0.1330 - acc: 0.9689
Epoch 288/600
00:03:04 Train 390/390 - loss: 0.1313 - acc: 0.9696
Epoch 289/600
00:03:33 Train 390/390 - loss: 0.1346 - acc: 0.9680
Epoch 290/600
00:04:03 Train 390/390 - loss: 0.1449 - acc: 0.9664
00:04:04 Valid 5/5 - loss: 0.2088 - acc: 0.9421
Epoch 291/600
00:04:33 Train 390/390 - loss: 0.1326 - acc: 0.9703
Epoch 292/600
00:05:03 Train 390/390 - loss: 0.1399 - acc: 0.9674
Epoch 293/600
00:05:32 Train 390/390 - loss: 0.1379 - acc: 0.9680
Epoch 294/600
00:06:01 Train 390/390 - loss: 0.1342 - acc: 0.9692
Epoch 295/600
00:06:30 Train 390/390 - loss: 0.1311 - acc: 0.9699
00:06:32 Valid 5/5 - loss: 0.1975 - acc: 0.9433
Epoch 296/600
00:07:01 Train 390/390 - loss: 0.1343 - acc: 0.9684
Epoch 297/600
00:07:31 Train 390/390 - loss: 0.1360 - acc: 0.9684
Epoch 298/600
00:08:00 Train 390/390 - loss: 0.1279 - acc: 0.9707
Epoch 299/600
00:08:30 Train 390/390 - loss: 0.1336 - acc: 0.9685
Epoch 300/600
00:08:59 Train 390/390 - loss: 0.1302 - acc: 0.9692
00:09:00 Valid 5/5 - loss: 0.1988 - acc: 0.9430
Epoch 301/600
00:09:30 Train 390/390 - loss: 0.1346 - acc: 0.9686
Epoch 302/600
00:09:59 Train 390/390 - loss: 0.1322 - acc: 0.9691
Epoch 303/600
00:10:29 Train 390/390 - loss: 0.1290 - acc: 0.9701
Epoch 304/600
00:10:58 Train 390/390 - loss: 0.1321 - acc: 0.9693
Epoch 305/600
00:11:28 Train 390/390 - loss: 0.1268 - acc: 0.9705
00:11:29 Valid 5/5 - loss: 0.2241 - acc: 0.9337
Epoch 306/600
00:11:58 Train 390/390 - loss: 0.1250 - acc: 0.9709
Epoch 307/600
00:12:28 Train 390/390 - loss: 0.1272 - acc: 0.9705
Epoch 308/600
00:12:57 Train 390/390 - loss: 0.1288 - acc: 0.9710
Epoch 309/600
00:13:27 Train 390/390 - loss: 0.1238 - acc: 0.9714
Epoch 310/600
00:13:56 Train 390/390 - loss: 0.1230 - acc: 0.9720
00:13:57 Valid 5/5 - loss: 0.2224 - acc: 0.9404
Epoch 311/600
00:14:27 Train 390/390 - loss: 0.1279 - acc: 0.9701
Epoch 312/600
00:14:56 Train 390/390 - loss: 0.1284 - acc: 0.9708
Epoch 313/600
00:15:26 Train 390/390 - loss: 0.1215 - acc: 0.9727
Epoch 314/600
00:15:55 Train 390/390 - loss: 0.1246 - acc: 0.9712
Epoch 315/600
00:16:25 Train 390/390 - loss: 0.1266 - acc: 0.9715
00:16:26 Valid 5/5 - loss: 0.2172 - acc: 0.9437
Epoch 316/600
00:16:55 Train 390/390 - loss: 0.1219 - acc: 0.9717
Epoch 317/600
00:17:25 Train 390/390 - loss: 0.1211 - acc: 0.9719
Epoch 318/600
00:17:54 Train 390/390 - loss: 0.1148 - acc: 0.9734
Epoch 319/600
00:18:24 Train 390/390 - loss: 0.1236 - acc: 0.9718
Epoch 320/600
00:18:53 Train 390/390 - loss: 0.1230 - acc: 0.9721
00:18:55 Valid 5/5 - loss: 0.1988 - acc: 0.9443
Epoch 321/600
00:19:24 Train 390/390 - loss: 0.1180 - acc: 0.9734
Epoch 322/600
00:19:53 Train 390/390 - loss: 0.1170 - acc: 0.9731
Epoch 323/600
00:20:23 Train 390/390 - loss: 0.1105 - acc: 0.9745
Epoch 324/600
00:20:52 Train 390/390 - loss: 0.1172 - acc: 0.9730
Epoch 325/600
00:21:22 Train 390/390 - loss: 0.1111 - acc: 0.9751
00:21:23 Valid 5/5 - loss: 0.1930 - acc: 0.9479
Epoch 326/600
00:21:52 Train 390/390 - loss: 0.1174 - acc: 0.9734
Epoch 327/600
00:22:22 Train 390/390 - loss: 0.1145 - acc: 0.9736
Epoch 328/600
00:22:51 Train 390/390 - loss: 0.1172 - acc: 0.9730
Epoch 329/600
00:23:20 Train 390/390 - loss: 0.1139 - acc: 0.9735
Epoch 330/600
00:23:49 Train 390/390 - loss: 0.1110 - acc: 0.9748
00:23:51 Valid 5/5 - loss: 0.1905 - acc: 0.9508
Epoch 331/600
00:24:20 Train 390/390 - loss: 0.1110 - acc: 0.9750
Epoch 332/600
00:24:49 Train 390/390 - loss: 0.1061 - acc: 0.9762
Epoch 333/600
00:25:19 Train 390/390 - loss: 0.1146 - acc: 0.9734
Epoch 334/600
00:25:48 Train 390/390 - loss: 0.1054 - acc: 0.9762
Epoch 335/600
00:26:17 Train 390/390 - loss: 0.1086 - acc: 0.9758
00:26:19 Valid 5/5 - loss: 0.2324 - acc: 0.9394
Epoch 336/600
00:26:48 Train 390/390 - loss: 0.1130 - acc: 0.9738
Epoch 337/600
00:27:18 Train 390/390 - loss: 0.1106 - acc: 0.9748
Epoch 338/600
00:27:47 Train 390/390 - loss: 0.1076 - acc: 0.9757
Epoch 339/600
00:28:16 Train 390/390 - loss: 0.1122 - acc: 0.9745
Epoch 340/600
00:28:46 Train 390/390 - loss: 0.1091 - acc: 0.9753
00:28:47 Valid 5/5 - loss: 0.2131 - acc: 0.9437
Epoch 341/600
00:29:16 Train 390/390 - loss: 0.1093 - acc: 0.9741
Epoch 342/600
00:29:46 Train 390/390 - loss: 0.1022 - acc: 0.9772
Epoch 343/600
00:30:15 Train 390/390 - loss: 0.1020 - acc: 0.9772
Epoch 344/600
00:30:45 Train 390/390 - loss: 0.1046 - acc: 0.9762
Epoch 345/600
00:31:14 Train 390/390 - loss: 0.1029 - acc: 0.9761
00:31:16 Valid 5/5 - loss: 0.2118 - acc: 0.9429
Epoch 346/600
00:31:45 Train 390/390 - loss: 0.0996 - acc: 0.9774
Epoch 347/600
00:32:14 Train 390/390 - loss: 0.1011 - acc: 0.9770
Epoch 348/600
00:32:44 Train 390/390 - loss: 0.1033 - acc: 0.9767
Epoch 349/600
00:33:13 Train 390/390 - loss: 0.1016 - acc: 0.9778
Epoch 350/600
00:33:42 Train 390/390 - loss: 0.1020 - acc: 0.9767
00:33:44 Valid 5/5 - loss: 0.1967 - acc: 0.9485
Epoch 351/600
00:34:13 Train 390/390 - loss: 0.0986 - acc: 0.9772
Epoch 352/600
00:34:42 Train 390/390 - loss: 0.0991 - acc: 0.9766
Epoch 353/600
00:35:12 Train 390/390 - loss: 0.0987 - acc: 0.9778
Epoch 354/600
00:35:41 Train 390/390 - loss: 0.0979 - acc: 0.9777
Epoch 355/600
00:36:10 Train 390/390 - loss: 0.1002 - acc: 0.9766
00:36:11 Valid 5/5 - loss: 0.1959 - acc: 0.9471
Epoch 356/600
00:36:41 Train 390/390 - loss: 0.0963 - acc: 0.9787
Epoch 357/600
00:37:10 Train 390/390 - loss: 0.0955 - acc: 0.9782
Epoch 358/600
00:37:39 Train 390/390 - loss: 0.0892 - acc: 0.9798
Epoch 359/600
00:38:09 Train 390/390 - loss: 0.0950 - acc: 0.9786
Epoch 360/600
00:38:38 Train 390/390 - loss: 0.0914 - acc: 0.9796
00:38:39 Valid 5/5 - loss: 0.2094 - acc: 0.9454
Epoch 361/600
00:39:08 Train 390/390 - loss: 0.0924 - acc: 0.9792
Epoch 362/600
00:39:38 Train 390/390 - loss: 0.0947 - acc: 0.9788
Epoch 363/600
00:40:07 Train 390/390 - loss: 0.0958 - acc: 0.9780
Epoch 364/600
00:40:36 Train 390/390 - loss: 0.0908 - acc: 0.9796
Epoch 365/600
00:41:06 Train 390/390 - loss: 0.0862 - acc: 0.9807
00:41:07 Valid 5/5 - loss: 0.1894 - acc: 0.9469
Epoch 366/600
00:41:36 Train 390/390 - loss: 0.0923 - acc: 0.9786
Epoch 367/600
00:42:06 Train 390/390 - loss: 0.0881 - acc: 0.9802
Epoch 368/600
00:42:35 Train 390/390 - loss: 0.0842 - acc: 0.9817
Epoch 369/600
00:43:04 Train 390/390 - loss: 0.0876 - acc: 0.9797
Epoch 370/600
00:43:34 Train 390/390 - loss: 0.0867 - acc: 0.9803
00:43:35 Valid 5/5 - loss: 0.1797 - acc: 0.9509
Epoch 371/600
00:44:05 Train 390/390 - loss: 0.0886 - acc: 0.9802
Epoch 372/600
00:44:34 Train 390/390 - loss: 0.0911 - acc: 0.9787
Epoch 373/600
00:45:03 Train 390/390 - loss: 0.0846 - acc: 0.9813
Epoch 374/600
00:45:33 Train 390/390 - loss: 0.0855 - acc: 0.9806
Epoch 375/600
00:46:02 Train 390/390 - loss: 0.0867 - acc: 0.9804
00:46:03 Valid 5/5 - loss: 0.2078 - acc: 0.9439
Epoch 376/600
00:46:33 Train 390/390 - loss: 0.0873 - acc: 0.9802
Epoch 377/600
00:47:02 Train 390/390 - loss: 0.0817 - acc: 0.9820
Epoch 378/600
00:47:31 Train 390/390 - loss: 0.0818 - acc: 0.9809
Epoch 379/600
00:48:01 Train 390/390 - loss: 0.0809 - acc: 0.9820
Epoch 380/600
00:48:30 Train 390/390 - loss: 0.0817 - acc: 0.9820
00:48:31 Valid 5/5 - loss: 0.2044 - acc: 0.9472
Epoch 381/600
00:49:00 Train 390/390 - loss: 0.0788 - acc: 0.9824
Epoch 382/600
00:49:30 Train 390/390 - loss: 0.0836 - acc: 0.9809
Epoch 383/600
00:49:59 Train 390/390 - loss: 0.0808 - acc: 0.9815
Epoch 384/600
00:50:28 Train 390/390 - loss: 0.0780 - acc: 0.9833
Epoch 385/600
00:50:57 Train 390/390 - loss: 0.0791 - acc: 0.9823
00:50:59 Valid 5/5 - loss: 0.2034 - acc: 0.9479
Epoch 386/600
00:51:28 Train 390/390 - loss: 0.0812 - acc: 0.9825
Epoch 387/600
00:51:57 Train 390/390 - loss: 0.0782 - acc: 0.9829
Epoch 388/600
00:52:27 Train 390/390 - loss: 0.0734 - acc: 0.9840
Epoch 389/600
00:52:56 Train 390/390 - loss: 0.0753 - acc: 0.9833
Epoch 390/600
00:53:25 Train 390/390 - loss: 0.0750 - acc: 0.9836
00:53:27 Valid 5/5 - loss: 0.2034 - acc: 0.9462
Epoch 391/600
00:53:56 Train 390/390 - loss: 0.0752 - acc: 0.9829
Epoch 392/600
00:54:26 Train 390/390 - loss: 0.0750 - acc: 0.9832
Epoch 393/600
00:54:55 Train 390/390 - loss: 0.0736 - acc: 0.9836
Epoch 394/600
00:55:24 Train 390/390 - loss: 0.0729 - acc: 0.9838
Epoch 395/600
00:55:54 Train 390/390 - loss: 0.0679 - acc: 0.9847
00:55:55 Valid 5/5 - loss: 0.1891 - acc: 0.9522
Epoch 396/600
00:56:25 Train 390/390 - loss: 0.0718 - acc: 0.9843
Epoch 397/600
00:56:54 Train 390/390 - loss: 0.0708 - acc: 0.9844
Epoch 398/600
00:57:23 Train 390/390 - loss: 0.0710 - acc: 0.9844
Epoch 399/600
00:57:53 Train 390/390 - loss: 0.0684 - acc: 0.9844
Epoch 400/600
00:58:22 Train 390/390 - loss: 0.0723 - acc: 0.9842
00:58:24 Valid 5/5 - loss: 0.1952 - acc: 0.9491
Epoch 401/600
00:58:53 Train 390/390 - loss: 0.0718 - acc: 0.9839
Epoch 402/600
00:59:22 Train 390/390 - loss: 0.0673 - acc: 0.9850
Epoch 403/600
00:59:52 Train 390/390 - loss: 0.0712 - acc: 0.9844
Epoch 404/600
01:00:21 Train 390/390 - loss: 0.0687 - acc: 0.9848
Epoch 405/600
01:00:50 Train 390/390 - loss: 0.0640 - acc: 0.9858
01:00:52 Valid 5/5 - loss: 0.1834 - acc: 0.9518
Epoch 406/600
01:01:21 Train 390/390 - loss: 0.0611 - acc: 0.9865
Epoch 407/600
01:01:51 Train 390/390 - loss: 0.0661 - acc: 0.9860
Epoch 408/600
01:02:20 Train 390/390 - loss: 0.0659 - acc: 0.9853
Epoch 409/600
01:02:49 Train 390/390 - loss: 0.0657 - acc: 0.9858
Epoch 410/600
01:03:19 Train 390/390 - loss: 0.0629 - acc: 0.9861
01:03:20 Valid 5/5 - loss: 0.1819 - acc: 0.9523
Epoch 411/600
01:03:50 Train 390/390 - loss: 0.0641 - acc: 0.9861
Epoch 412/600
01:04:19 Train 390/390 - loss: 0.0615 - acc: 0.9863
Epoch 413/600
01:04:48 Train 390/390 - loss: 0.0628 - acc: 0.9864
Epoch 414/600
01:05:18 Train 390/390 - loss: 0.0602 - acc: 0.9870
Epoch 415/600
01:05:47 Train 390/390 - loss: 0.0589 - acc: 0.9872
01:05:49 Valid 5/5 - loss: 0.1857 - acc: 0.9545
Epoch 416/600
01:06:18 Train 390/390 - loss: 0.0579 - acc: 0.9870
Epoch 417/600
01:06:47 Train 390/390 - loss: 0.0589 - acc: 0.9875
Epoch 418/600
01:07:17 Train 390/390 - loss: 0.0581 - acc: 0.9871
Epoch 419/600
01:07:46 Train 390/390 - loss: 0.0638 - acc: 0.9857
Epoch 420/600
01:08:15 Train 390/390 - loss: 0.0549 - acc: 0.9876
01:08:17 Valid 5/5 - loss: 0.1781 - acc: 0.9546
Epoch 421/600
01:08:46 Train 390/390 - loss: 0.0597 - acc: 0.9871
Epoch 422/600
01:09:16 Train 390/390 - loss: 0.0601 - acc: 0.9864
Epoch 423/600
01:09:45 Train 390/390 - loss: 0.0576 - acc: 0.9874
Epoch 424/600
01:10:14 Train 390/390 - loss: 0.0553 - acc: 0.9885
Epoch 425/600
01:10:43 Train 390/390 - loss: 0.0533 - acc: 0.9887
01:10:45 Valid 5/5 - loss: 0.1909 - acc: 0.9531
Epoch 426/600
01:11:14 Train 390/390 - loss: 0.0530 - acc: 0.9884
Epoch 427/600
01:11:44 Train 390/390 - loss: 0.0499 - acc: 0.9896
Epoch 428/600
01:12:13 Train 390/390 - loss: 0.0557 - acc: 0.9875
Epoch 429/600
01:12:42 Train 390/390 - loss: 0.0525 - acc: 0.9887
Epoch 430/600
01:13:12 Train 390/390 - loss: 0.0505 - acc: 0.9891
01:13:13 Valid 5/5 - loss: 0.1925 - acc: 0.9530
Epoch 431/600
01:13:42 Train 390/390 - loss: 0.0497 - acc: 0.9898
Epoch 432/600
01:14:12 Train 390/390 - loss: 0.0472 - acc: 0.9899
Epoch 433/600
01:14:41 Train 390/390 - loss: 0.0453 - acc: 0.9904
Epoch 434/600
01:15:10 Train 390/390 - loss: 0.0466 - acc: 0.9901
Epoch 435/600
01:15:40 Train 390/390 - loss: 0.0472 - acc: 0.9905
01:15:41 Valid 5/5 - loss: 0.1853 - acc: 0.9554
Epoch 436/600
01:16:11 Train 390/390 - loss: 0.0478 - acc: 0.9903
Epoch 437/600
01:16:40 Train 390/390 - loss: 0.0486 - acc: 0.9899
Epoch 438/600
01:17:09 Train 390/390 - loss: 0.0432 - acc: 0.9907
Epoch 439/600
01:17:39 Train 390/390 - loss: 0.0492 - acc: 0.9897
Epoch 440/600
01:18:08 Train 390/390 - loss: 0.0450 - acc: 0.9908
01:18:09 Valid 5/5 - loss: 0.2028 - acc: 0.9540
Epoch 441/600
01:18:39 Train 390/390 - loss: 0.0439 - acc: 0.9901
Epoch 442/600
01:19:08 Train 390/390 - loss: 0.0422 - acc: 0.9913
Epoch 443/600
01:19:38 Train 390/390 - loss: 0.0406 - acc: 0.9916
Epoch 444/600
01:20:07 Train 390/390 - loss: 0.0427 - acc: 0.9905
Epoch 445/600
01:20:36 Train 390/390 - loss: 0.0427 - acc: 0.9911
01:20:38 Valid 5/5 - loss: 0.2020 - acc: 0.9514
Epoch 446/600
01:21:07 Train 390/390 - loss: 0.0438 - acc: 0.9908
Epoch 447/600
01:21:37 Train 390/390 - loss: 0.0407 - acc: 0.9917
Epoch 448/600
01:22:06 Train 390/390 - loss: 0.0429 - acc: 0.9908
Epoch 449/600
01:22:35 Train 390/390 - loss: 0.0397 - acc: 0.9918
Epoch 450/600
01:23:05 Train 390/390 - loss: 0.0386 - acc: 0.9918
01:23:06 Valid 5/5 - loss: 0.1683 - acc: 0.9599
Epoch 451/600
01:23:36 Train 390/390 - loss: 0.0373 - acc: 0.9921
Epoch 452/600
01:24:05 Train 390/390 - loss: 0.0378 - acc: 0.9922
Epoch 453/600
01:24:34 Train 390/390 - loss: 0.0374 - acc: 0.9923
Epoch 454/600
01:25:04 Train 390/390 - loss: 0.0376 - acc: 0.9924
Epoch 455/600
01:25:33 Train 390/390 - loss: 0.0360 - acc: 0.9925
01:25:34 Valid 5/5 - loss: 0.1880 - acc: 0.9569
Epoch 456/600
01:26:04 Train 390/390 - loss: 0.0381 - acc: 0.9918
Epoch 457/600
01:26:33 Train 390/390 - loss: 0.0380 - acc: 0.9924
Epoch 458/600
01:27:03 Train 390/390 - loss: 0.0379 - acc: 0.9921
Epoch 459/600
01:27:32 Train 390/390 - loss: 0.0337 - acc: 0.9931
Epoch 460/600
01:28:01 Train 390/390 - loss: 0.0370 - acc: 0.9922
01:28:03 Valid 5/5 - loss: 0.2055 - acc: 0.9528
Epoch 461/600
01:28:32 Train 390/390 - loss: 0.0326 - acc: 0.9936
Epoch 462/600
01:29:01 Train 390/390 - loss: 0.0351 - acc: 0.9929
Epoch 463/600
01:29:31 Train 390/390 - loss: 0.0319 - acc: 0.9939
Epoch 464/600
01:30:00 Train 390/390 - loss: 0.0324 - acc: 0.9930
Epoch 465/600
01:30:30 Train 390/390 - loss: 0.0290 - acc: 0.9943
01:30:31 Valid 5/5 - loss: 0.1784 - acc: 0.9579
Epoch 466/600
01:31:00 Train 390/390 - loss: 0.0306 - acc: 0.9938
Epoch 467/600
01:31:30 Train 390/390 - loss: 0.0308 - acc: 0.9939
Epoch 468/600
01:31:59 Train 390/390 - loss: 0.0314 - acc: 0.9933
Epoch 469/600
01:32:28 Train 390/390 - loss: 0.0267 - acc: 0.9946
Epoch 470/600
01:32:58 Train 390/390 - loss: 0.0317 - acc: 0.9934
01:32:59 Valid 5/5 - loss: 0.1817 - acc: 0.9584
Epoch 471/600
01:33:28 Train 390/390 - loss: 0.0286 - acc: 0.9944
Epoch 472/600
01:33:58 Train 390/390 - loss: 0.0288 - acc: 0.9942
Epoch 473/600
01:34:27 Train 390/390 - loss: 0.0288 - acc: 0.9943
Epoch 474/600
01:34:56 Train 390/390 - loss: 0.0266 - acc: 0.9950
Epoch 475/600
01:35:25 Train 390/390 - loss: 0.0273 - acc: 0.9944
01:35:26 Valid 5/5 - loss: 0.1664 - acc: 0.9617
Epoch 476/600
01:35:56 Train 390/390 - loss: 0.0273 - acc: 0.9944
Epoch 477/600
01:36:25 Train 390/390 - loss: 0.0280 - acc: 0.9946
Epoch 478/600
01:36:54 Train 390/390 - loss: 0.0255 - acc: 0.9953
Epoch 479/600
01:37:24 Train 390/390 - loss: 0.0250 - acc: 0.9952
Epoch 480/600
01:37:53 Train 390/390 - loss: 0.0262 - acc: 0.9949
01:37:55 Valid 5/5 - loss: 0.1752 - acc: 0.9600
Epoch 481/600
01:38:24 Train 390/390 - loss: 0.0234 - acc: 0.9959
Epoch 482/600
01:38:53 Train 390/390 - loss: 0.0241 - acc: 0.9953
Epoch 483/600
01:39:23 Train 390/390 - loss: 0.0238 - acc: 0.9956
Epoch 484/600
01:39:52 Train 390/390 - loss: 0.0240 - acc: 0.9952
Epoch 485/600
01:40:22 Train 390/390 - loss: 0.0235 - acc: 0.9955
01:40:23 Valid 5/5 - loss: 0.1714 - acc: 0.9578
Epoch 486/600
01:40:53 Train 390/390 - loss: 0.0214 - acc: 0.9961
Epoch 487/600
01:41:22 Train 390/390 - loss: 0.0238 - acc: 0.9954
Epoch 488/600
01:41:51 Train 390/390 - loss: 0.0220 - acc: 0.9962
Epoch 489/600
01:42:21 Train 390/390 - loss: 0.0188 - acc: 0.9969
Epoch 490/600
01:42:50 Train 390/390 - loss: 0.0209 - acc: 0.9962
01:42:52 Valid 5/5 - loss: 0.1742 - acc: 0.9599
Epoch 491/600
01:43:21 Train 390/390 - loss: 0.0193 - acc: 0.9964
Epoch 492/600
01:43:50 Train 390/390 - loss: 0.0186 - acc: 0.9965
Epoch 493/600
01:44:20 Train 390/390 - loss: 0.0206 - acc: 0.9961
Epoch 494/600
01:44:49 Train 390/390 - loss: 0.0201 - acc: 0.9961
Epoch 495/600
01:45:18 Train 390/390 - loss: 0.0187 - acc: 0.9965
01:45:20 Valid 5/5 - loss: 0.1762 - acc: 0.9590
Epoch 496/600
01:45:49 Train 390/390 - loss: 0.0180 - acc: 0.9971
Epoch 497/600
01:46:19 Train 390/390 - loss: 0.0190 - acc: 0.9965
Epoch 498/600
01:46:48 Train 390/390 - loss: 0.0164 - acc: 0.9969
Epoch 499/600
01:47:17 Train 390/390 - loss: 0.0174 - acc: 0.9970
Epoch 500/600
01:47:47 Train 390/390 - loss: 0.0174 - acc: 0.9969
01:47:48 Valid 5/5 - loss: 0.1787 - acc: 0.9595
Epoch 501/600
01:48:18 Train 390/390 - loss: 0.0169 - acc: 0.9969
Epoch 502/600
01:48:47 Train 390/390 - loss: 0.0178 - acc: 0.9967
Epoch 503/600
01:49:16 Train 390/390 - loss: 0.0187 - acc: 0.9963
Epoch 504/600
01:49:46 Train 390/390 - loss: 0.0157 - acc: 0.9971
Epoch 505/600
01:50:15 Train 390/390 - loss: 0.0150 - acc: 0.9972
01:50:16 Valid 5/5 - loss: 0.1711 - acc: 0.9602
Epoch 506/600
01:50:46 Train 390/390 - loss: 0.0177 - acc: 0.9965
Epoch 507/600
01:51:15 Train 390/390 - loss: 0.0136 - acc: 0.9974
Epoch 508/600
01:51:44 Train 390/390 - loss: 0.0153 - acc: 0.9975
Epoch 509/600
01:52:14 Train 390/390 - loss: 0.0142 - acc: 0.9974
Epoch 510/600
01:52:43 Train 390/390 - loss: 0.0149 - acc: 0.9974
01:52:45 Valid 5/5 - loss: 0.1849 - acc: 0.9602
Epoch 511/600
01:53:14 Train 390/390 - loss: 0.0132 - acc: 0.9978
Epoch 512/600
01:53:43 Train 390/390 - loss: 0.0144 - acc: 0.9974
Epoch 513/600
01:54:13 Train 390/390 - loss: 0.0146 - acc: 0.9975
Epoch 514/600
01:54:42 Train 390/390 - loss: 0.0140 - acc: 0.9977
Epoch 515/600
01:55:11 Train 390/390 - loss: 0.0132 - acc: 0.9976
01:55:13 Valid 5/5 - loss: 0.1634 - acc: 0.9639
Epoch 516/600
01:55:42 Train 390/390 - loss: 0.0118 - acc: 0.9980
Epoch 517/600
01:56:11 Train 390/390 - loss: 0.0127 - acc: 0.9980
Epoch 518/600
01:56:41 Train 390/390 - loss: 0.0130 - acc: 0.9978
Epoch 519/600
01:57:10 Train 390/390 - loss: 0.0121 - acc: 0.9980
Epoch 520/600
01:57:39 Train 390/390 - loss: 0.0124 - acc: 0.9981
01:57:41 Valid 5/5 - loss: 0.1661 - acc: 0.9624
Epoch 521/600
01:58:10 Train 390/390 - loss: 0.0123 - acc: 0.9979
Epoch 522/600
01:58:40 Train 390/390 - loss: 0.0115 - acc: 0.9984
Epoch 523/600
01:59:09 Train 390/390 - loss: 0.0121 - acc: 0.9981
Epoch 524/600
01:59:38 Train 390/390 - loss: 0.0125 - acc: 0.9977
Epoch 525/600
02:00:08 Train 390/390 - loss: 0.0131 - acc: 0.9977
02:00:09 Valid 5/5 - loss: 0.1625 - acc: 0.9639
Epoch 526/600
02:00:39 Train 390/390 - loss: 0.0120 - acc: 0.9981
Epoch 527/600
02:01:08 Train 390/390 - loss: 0.0106 - acc: 0.9984
Epoch 528/600
02:01:37 Train 390/390 - loss: 0.0111 - acc: 0.9981
Epoch 529/600
02:02:07 Train 390/390 - loss: 0.0105 - acc: 0.9985
Epoch 530/600
02:02:36 Train 390/390 - loss: 0.0106 - acc: 0.9984
02:02:38 Valid 5/5 - loss: 0.1669 - acc: 0.9634
Epoch 531/600
02:03:07 Train 390/390 - loss: 0.0103 - acc: 0.9981
Epoch 532/600
02:03:36 Train 390/390 - loss: 0.0109 - acc: 0.9983
Epoch 533/600
02:04:06 Train 390/390 - loss: 0.0105 - acc: 0.9983
Epoch 534/600
02:04:35 Train 390/390 - loss: 0.0104 - acc: 0.9982
Epoch 535/600
02:05:04 Train 390/390 - loss: 0.0107 - acc: 0.9983
02:05:06 Valid 5/5 - loss: 0.1983 - acc: 0.9610
Epoch 536/600
02:05:35 Train 390/390 - loss: 0.0097 - acc: 0.9985
Epoch 537/600
02:06:04 Train 390/390 - loss: 0.0096 - acc: 0.9985
Epoch 538/600
02:06:34 Train 390/390 - loss: 0.0100 - acc: 0.9983
Epoch 539/600
02:07:03 Train 390/390 - loss: 0.0093 - acc: 0.9985
Epoch 540/600
02:07:32 Train 390/390 - loss: 0.0090 - acc: 0.9987
02:07:33 Valid 5/5 - loss: 0.1579 - acc: 0.9643
Epoch 541/600
02:08:03 Train 390/390 - loss: 0.0103 - acc: 0.9983
Epoch 542/600
02:08:32 Train 390/390 - loss: 0.0089 - acc: 0.9987
Epoch 543/600
02:09:01 Train 390/390 - loss: 0.0098 - acc: 0.9984
Epoch 544/600
02:09:30 Train 390/390 - loss: 0.0086 - acc: 0.9987
Epoch 545/600
02:09:59 Train 390/390 - loss: 0.0093 - acc: 0.9985
02:10:01 Valid 5/5 - loss: 0.1577 - acc: 0.9642
Epoch 546/600
02:10:30 Train 390/390 - loss: 0.0081 - acc: 0.9989
Epoch 547/600
02:11:00 Train 390/390 - loss: 0.0084 - acc: 0.9986
Epoch 548/600
02:11:29 Train 390/390 - loss: 0.0074 - acc: 0.9989
Epoch 549/600
02:11:59 Train 390/390 - loss: 0.0081 - acc: 0.9988
Epoch 550/600
02:12:28 Train 390/390 - loss: 0.0083 - acc: 0.9988
02:12:29 Valid 5/5 - loss: 0.1615 - acc: 0.9642
Epoch 551/600
02:12:59 Train 390/390 - loss: 0.0084 - acc: 0.9987
Epoch 552/600
02:13:28 Train 390/390 - loss: 0.0095 - acc: 0.9985
Epoch 553/600
02:13:58 Train 390/390 - loss: 0.0079 - acc: 0.9989
Epoch 554/600
02:14:27 Train 390/390 - loss: 0.0084 - acc: 0.9987
Epoch 555/600
02:14:56 Train 390/390 - loss: 0.0083 - acc: 0.9988
02:14:58 Valid 5/5 - loss: 0.1642 - acc: 0.9648
Epoch 556/600
02:15:27 Train 390/390 - loss: 0.0083 - acc: 0.9988
Epoch 557/600
02:15:57 Train 390/390 - loss: 0.0086 - acc: 0.9987
Epoch 558/600
02:16:26 Train 390/390 - loss: 0.0090 - acc: 0.9986
Epoch 559/600
02:16:55 Train 390/390 - loss: 0.0073 - acc: 0.9990
Epoch 560/600
02:17:25 Train 390/390 - loss: 0.0083 - acc: 0.9988
02:17:26 Valid 5/5 - loss: 0.1631 - acc: 0.9639
Epoch 561/600
02:17:55 Train 390/390 - loss: 0.0074 - acc: 0.9990
Epoch 562/600
02:18:25 Train 390/390 - loss: 0.0078 - acc: 0.9988
Epoch 563/600
02:18:54 Train 390/390 - loss: 0.0076 - acc: 0.9988
Epoch 564/600
02:19:23 Train 390/390 - loss: 0.0074 - acc: 0.9989
Epoch 565/600
02:19:52 Train 390/390 - loss: 0.0073 - acc: 0.9989
02:19:54 Valid 5/5 - loss: 0.1591 - acc: 0.9628
Epoch 566/600
02:20:23 Train 390/390 - loss: 0.0077 - acc: 0.9989
Epoch 567/600
02:20:52 Train 390/390 - loss: 0.0079 - acc: 0.9987
Epoch 568/600
02:21:21 Train 390/390 - loss: 0.0075 - acc: 0.9989
Epoch 569/600
02:21:51 Train 390/390 - loss: 0.0076 - acc: 0.9990
Epoch 570/600
02:22:20 Train 390/390 - loss: 0.0083 - acc: 0.9987
02:22:21 Valid 5/5 - loss: 0.1621 - acc: 0.9634
Epoch 571/600
02:22:51 Train 390/390 - loss: 0.0073 - acc: 0.9991
Epoch 572/600
02:23:20 Train 390/390 - loss: 0.0084 - acc: 0.9988
Epoch 573/600
02:23:50 Train 390/390 - loss: 0.0074 - acc: 0.9992
Epoch 574/600
02:24:19 Train 390/390 - loss: 0.0084 - acc: 0.9989
Epoch 575/600
02:24:48 Train 390/390 - loss: 0.0073 - acc: 0.9989
02:24:50 Valid 5/5 - loss: 0.1604 - acc: 0.9632
Epoch 576/600
02:25:19 Train 390/390 - loss: 0.0067 - acc: 0.9992
Epoch 577/600
02:25:49 Train 390/390 - loss: 0.0077 - acc: 0.9988
Epoch 578/600
02:26:18 Train 390/390 - loss: 0.0079 - acc: 0.9988
Epoch 579/600
02:26:47 Train 390/390 - loss: 0.0073 - acc: 0.9989
Epoch 580/600
02:27:16 Train 390/390 - loss: 0.0070 - acc: 0.9990
02:27:18 Valid 5/5 - loss: 0.1583 - acc: 0.9637
Epoch 581/600
02:27:47 Train 390/390 - loss: 0.0069 - acc: 0.9990
Epoch 582/600
02:28:17 Train 390/390 - loss: 0.0072 - acc: 0.9989
Epoch 583/600
02:28:45 Train 390/390 - loss: 0.0082 - acc: 0.9986
Epoch 584/600
02:29:15 Train 390/390 - loss: 0.0074 - acc: 0.9991
Epoch 585/600
02:29:44 Train 390/390 - loss: 0.0068 - acc: 0.9991
02:29:45 Valid 5/5 - loss: 0.1580 - acc: 0.9643
Epoch 586/600
02:30:14 Train 390/390 - loss: 0.0071 - acc: 0.9990
Epoch 587/600
02:30:43 Train 390/390 - loss: 0.0078 - acc: 0.9989
Epoch 588/600
02:31:13 Train 390/390 - loss: 0.0073 - acc: 0.9989
Epoch 589/600
02:31:42 Train 390/390 - loss: 0.0068 - acc: 0.9992
Epoch 590/600
02:32:11 Train 390/390 - loss: 0.0075 - acc: 0.9990
02:32:13 Valid 5/5 - loss: 0.1574 - acc: 0.9637
Epoch 591/600
02:32:42 Train 390/390 - loss: 0.0078 - acc: 0.9989
Epoch 592/600
02:33:11 Train 390/390 - loss: 0.0075 - acc: 0.9989
Epoch 593/600
02:33:41 Train 390/390 - loss: 0.0067 - acc: 0.9993
Epoch 594/600
02:34:10 Train 390/390 - loss: 0.0076 - acc: 0.9989
Epoch 595/600
02:34:39 Train 390/390 - loss: 0.0063 - acc: 0.9993
02:34:41 Valid 5/5 - loss: 0.1560 - acc: 0.9640
Epoch 596/600
02:35:10 Train 390/390 - loss: 0.0072 - acc: 0.9990
Epoch 597/600
02:35:40 Train 390/390 - loss: 0.0076 - acc: 0.9990
Epoch 598/600
02:36:09 Train 390/390 - loss: 0.0071 - acc: 0.9988
Epoch 599/600
02:36:39 Train 390/390 - loss: 0.0078 - acc: 0.9991
Epoch 600/600
02:37:08 Train 390/390 - loss: 0.0071 - acc: 0.9989
02:37:09 Valid 5/5 - loss: 0.1577 - acc: 0.9644