Epoch 1/600
09:32:28 Train 65/65 - loss: 3.1100 - acc: 0.1678
Epoch 2/600
09:32:41 Train 65/65 - loss: 2.5559 - acc: 0.3175
Epoch 3/600
09:32:54 Train 65/65 - loss: 2.1424 - acc: 0.4366
Epoch 4/600
09:33:07 Train 65/65 - loss: 1.8332 - acc: 0.5273
Epoch 5/600
09:33:19 Train 65/65 - loss: 1.5905 - acc: 0.5993
WARNING:tensorflow:From /usr/local/lib/python3.6/dist-packages/tensorflow/python/data/ops/multi_device_iterator_ops.py:601: get_next_as_optional (from tensorflow.python.data.ops.iterator_ops) is deprecated and will be removed in a future version.
Instructions for updating:
Use `tf.data.Iterator.get_next_as_optional()` instead.
WARNING:tensorflow:From /usr/local/lib/python3.6/dist-packages/tensorflow/python/data/ops/multi_device_iterator_ops.py:601: get_next_as_optional (from tensorflow.python.data.ops.iterator_ops) is deprecated and will be removed in a future version.
Instructions for updating:
Use `tf.data.Iterator.get_next_as_optional()` instead.
09:34:20 Valid 7/7 - loss: 1.1208 - acc: 0.6112
Epoch 6/600
09:34:33 Train 65/65 - loss: 1.4141 - acc: 0.6430
Epoch 7/600
09:34:45 Train 65/65 - loss: 1.2808 - acc: 0.6811
Epoch 8/600
09:34:58 Train 65/65 - loss: 1.1762 - acc: 0.7077
Epoch 9/600
09:35:10 Train 65/65 - loss: 1.0862 - acc: 0.7345
Epoch 10/600
09:35:22 Train 65/65 - loss: 1.0125 - acc: 0.7521
09:35:24 Valid 7/7 - loss: 0.9165 - acc: 0.6970
Epoch 11/600
09:35:36 Train 65/65 - loss: 0.9366 - acc: 0.7709
Epoch 12/600
09:35:49 Train 65/65 - loss: 0.8813 - acc: 0.7868
Epoch 13/600
09:36:01 Train 65/65 - loss: 0.8241 - acc: 0.7985
Epoch 14/600
09:36:14 Train 65/65 - loss: 0.7770 - acc: 0.8120
Epoch 15/600
09:36:26 Train 65/65 - loss: 0.7424 - acc: 0.8208
09:36:27 Valid 7/7 - loss: 0.8390 - acc: 0.7405
Epoch 16/600
09:36:40 Train 65/65 - loss: 0.7127 - acc: 0.8267
Epoch 17/600
09:36:52 Train 65/65 - loss: 0.6900 - acc: 0.8317
Epoch 18/600
09:37:05 Train 65/65 - loss: 0.6739 - acc: 0.8384
Epoch 19/600
09:37:17 Train 65/65 - loss: 0.6446 - acc: 0.8431
Epoch 20/600
09:37:30 Train 65/65 - loss: 0.6301 - acc: 0.8481
09:37:31 Valid 7/7 - loss: 0.4849 - acc: 0.8403
Epoch 21/600
09:37:43 Train 65/65 - loss: 0.6115 - acc: 0.8511
Epoch 22/600
09:37:56 Train 65/65 - loss: 0.6066 - acc: 0.8528
Epoch 23/600
09:38:08 Train 65/65 - loss: 0.5792 - acc: 0.8589
Epoch 24/600
09:38:21 Train 65/65 - loss: 0.5746 - acc: 0.8610
Epoch 25/600
09:38:33 Train 65/65 - loss: 0.5658 - acc: 0.8617
09:38:35 Valid 7/7 - loss: 0.5599 - acc: 0.8366
Epoch 26/600
09:38:47 Train 65/65 - loss: 0.5475 - acc: 0.8680
Epoch 27/600
09:38:59 Train 65/65 - loss: 0.5408 - acc: 0.8692
Epoch 28/600
09:39:12 Train 65/65 - loss: 0.5362 - acc: 0.8696
Epoch 29/600
09:39:25 Train 65/65 - loss: 0.5243 - acc: 0.8740
Epoch 30/600
09:39:37 Train 65/65 - loss: 0.5177 - acc: 0.8748
09:39:38 Valid 7/7 - loss: 0.3709 - acc: 0.8776
Epoch 31/600
09:39:51 Train 65/65 - loss: 0.5160 - acc: 0.8754
Epoch 32/600
09:40:03 Train 65/65 - loss: 0.4972 - acc: 0.8798
Epoch 33/600
09:40:16 Train 65/65 - loss: 0.4991 - acc: 0.8803
Epoch 34/600
09:40:29 Train 65/65 - loss: 0.4928 - acc: 0.8804
Epoch 35/600
09:40:41 Train 65/65 - loss: 0.4857 - acc: 0.8833
09:40:42 Valid 7/7 - loss: 0.4804 - acc: 0.8539
Epoch 36/600
09:40:55 Train 65/65 - loss: 0.4842 - acc: 0.8835
Epoch 37/600
09:41:07 Train 65/65 - loss: 0.4900 - acc: 0.8823
Epoch 38/600
09:41:20 Train 65/65 - loss: 0.4843 - acc: 0.8833
Epoch 39/600
09:41:33 Train 65/65 - loss: 0.4748 - acc: 0.8865
Epoch 40/600
09:41:45 Train 65/65 - loss: 0.4675 - acc: 0.8869
09:41:46 Valid 7/7 - loss: 0.3895 - acc: 0.8742
Epoch 41/600
09:41:59 Train 65/65 - loss: 0.4648 - acc: 0.8890
Epoch 42/600
09:42:12 Train 65/65 - loss: 0.4531 - acc: 0.8915
Epoch 43/600
09:42:24 Train 65/65 - loss: 0.4650 - acc: 0.8873
Epoch 44/600
09:42:37 Train 65/65 - loss: 0.4666 - acc: 0.8870
Epoch 45/600
09:42:50 Train 65/65 - loss: 0.4645 - acc: 0.8887
09:42:51 Valid 7/7 - loss: 0.4848 - acc: 0.8603
Epoch 46/600
09:43:03 Train 65/65 - loss: 0.4592 - acc: 0.8918
Epoch 47/600
09:43:16 Train 65/65 - loss: 0.4405 - acc: 0.8961
Epoch 48/600
09:43:29 Train 65/65 - loss: 0.4551 - acc: 0.8907
Epoch 49/600
09:43:41 Train 65/65 - loss: 0.4480 - acc: 0.8930
Epoch 50/600
09:43:54 Train 65/65 - loss: 0.4500 - acc: 0.8924
09:43:55 Valid 7/7 - loss: 0.4240 - acc: 0.8646
Epoch 51/600
09:44:08 Train 65/65 - loss: 0.4389 - acc: 0.8942
Epoch 52/600
09:44:20 Train 65/65 - loss: 0.4408 - acc: 0.8939
Epoch 53/600
09:44:33 Train 65/65 - loss: 0.4403 - acc: 0.8950
Epoch 54/600
09:44:46 Train 65/65 - loss: 0.4433 - acc: 0.8936
Epoch 55/600
09:44:58 Train 65/65 - loss: 0.4276 - acc: 0.8995
09:44:59 Valid 7/7 - loss: 0.3416 - acc: 0.8869
Epoch 56/600
09:45:12 Train 65/65 - loss: 0.4412 - acc: 0.8948
Epoch 57/600
09:45:24 Train 65/65 - loss: 0.4342 - acc: 0.8960
Epoch 58/600
09:45:37 Train 65/65 - loss: 0.4320 - acc: 0.8970
Epoch 59/600
09:45:50 Train 65/65 - loss: 0.4299 - acc: 0.8987
Epoch 60/600
09:46:02 Train 65/65 - loss: 0.4315 - acc: 0.8978
09:46:03 Valid 7/7 - loss: 0.3527 - acc: 0.8868
Epoch 61/600
09:46:16 Train 65/65 - loss: 0.4263 - acc: 0.8989
Epoch 62/600
09:46:29 Train 65/65 - loss: 0.4279 - acc: 0.8964
Epoch 63/600
09:46:41 Train 65/65 - loss: 0.4253 - acc: 0.8984
Epoch 64/600
09:46:54 Train 65/65 - loss: 0.4148 - acc: 0.9026
Epoch 65/600
09:47:06 Train 65/65 - loss: 0.4133 - acc: 0.9027
09:47:08 Valid 7/7 - loss: 0.5124 - acc: 0.8482
Epoch 66/600
09:47:20 Train 65/65 - loss: 0.4155 - acc: 0.9015
Epoch 67/600
09:47:33 Train 65/65 - loss: 0.4054 - acc: 0.9028
Epoch 68/600
09:47:46 Train 65/65 - loss: 0.4227 - acc: 0.8984
Epoch 69/600
09:47:58 Train 65/65 - loss: 0.4153 - acc: 0.9016
Epoch 70/600
09:48:11 Train 65/65 - loss: 0.4055 - acc: 0.9035
09:48:12 Valid 7/7 - loss: 0.7009 - acc: 0.7933
Epoch 71/600
09:48:25 Train 65/65 - loss: 0.4105 - acc: 0.9031
Epoch 72/600
09:48:37 Train 65/65 - loss: 0.4000 - acc: 0.9055
Epoch 73/600
09:48:50 Train 65/65 - loss: 0.4080 - acc: 0.9020
Epoch 74/600
09:49:03 Train 65/65 - loss: 0.4056 - acc: 0.9041
Epoch 75/600
09:49:16 Train 65/65 - loss: 0.4078 - acc: 0.9032
09:49:17 Valid 7/7 - loss: 0.3130 - acc: 0.8972
Epoch 76/600
09:49:29 Train 65/65 - loss: 0.4014 - acc: 0.9044
Epoch 77/600
09:49:42 Train 65/65 - loss: 0.3894 - acc: 0.9073
Epoch 78/600
09:49:55 Train 65/65 - loss: 0.3989 - acc: 0.9056
Epoch 79/600
09:50:07 Train 65/65 - loss: 0.4006 - acc: 0.9043
Epoch 80/600
09:50:20 Train 65/65 - loss: 0.3954 - acc: 0.9070
09:50:21 Valid 7/7 - loss: 0.4111 - acc: 0.8766
Epoch 81/600
09:50:34 Train 65/65 - loss: 0.3787 - acc: 0.9105
Epoch 82/600
09:50:47 Train 65/65 - loss: 0.3902 - acc: 0.9073
Epoch 83/600
09:50:59 Train 65/65 - loss: 0.3943 - acc: 0.9062
Epoch 84/600
09:51:12 Train 65/65 - loss: 0.3917 - acc: 0.9068
Epoch 85/600
09:51:25 Train 65/65 - loss: 0.3943 - acc: 0.9064
09:51:26 Valid 7/7 - loss: 0.3363 - acc: 0.8952
Epoch 86/600
09:51:38 Train 65/65 - loss: 0.3812 - acc: 0.9105
Epoch 87/600
09:51:51 Train 65/65 - loss: 0.3796 - acc: 0.9099
Epoch 88/600
09:52:04 Train 65/65 - loss: 0.3888 - acc: 0.9065
Epoch 89/600
09:52:17 Train 65/65 - loss: 0.3908 - acc: 0.9080
Epoch 90/600
09:52:29 Train 65/65 - loss: 0.3784 - acc: 0.9106
09:52:30 Valid 7/7 - loss: 0.3178 - acc: 0.8981
Epoch 91/600
09:52:43 Train 65/65 - loss: 0.3829 - acc: 0.9094
Epoch 92/600
09:52:56 Train 65/65 - loss: 0.3878 - acc: 0.9087
Epoch 93/600
09:53:09 Train 65/65 - loss: 0.3847 - acc: 0.9093
Epoch 94/600
09:53:21 Train 65/65 - loss: 0.3794 - acc: 0.9100
Epoch 95/600
09:53:34 Train 65/65 - loss: 0.3796 - acc: 0.9098
09:53:35 Valid 7/7 - loss: 0.3786 - acc: 0.8829
Epoch 96/600
09:53:47 Train 65/65 - loss: 0.3743 - acc: 0.9106
Epoch 97/600
09:54:00 Train 65/65 - loss: 0.3708 - acc: 0.9128
Epoch 98/600
09:54:13 Train 65/65 - loss: 0.3713 - acc: 0.9120
Epoch 99/600
09:54:25 Train 65/65 - loss: 0.3751 - acc: 0.9120
Epoch 100/600
09:54:38 Train 65/65 - loss: 0.3706 - acc: 0.9130
09:54:39 Valid 7/7 - loss: 0.3596 - acc: 0.8824
Epoch 101/600
09:54:52 Train 65/65 - loss: 0.3758 - acc: 0.9114
Epoch 102/600
09:55:04 Train 65/65 - loss: 0.3768 - acc: 0.9117
Epoch 103/600
09:55:17 Train 65/65 - loss: 0.3658 - acc: 0.9135
Epoch 104/600
09:55:30 Train 65/65 - loss: 0.3745 - acc: 0.9116
Epoch 105/600
09:55:42 Train 65/65 - loss: 0.3687 - acc: 0.9150
09:55:43 Valid 7/7 - loss: 0.5128 - acc: 0.8574
Epoch 106/600
09:55:56 Train 65/65 - loss: 0.3650 - acc: 0.9134
Epoch 107/600
09:56:09 Train 65/65 - loss: 0.3633 - acc: 0.9136
Epoch 108/600
09:56:21 Train 65/65 - loss: 0.3717 - acc: 0.9116
Epoch 109/600
09:56:34 Train 65/65 - loss: 0.3702 - acc: 0.9143
Epoch 110/600
09:56:47 Train 65/65 - loss: 0.3658 - acc: 0.9131
09:56:48 Valid 7/7 - loss: 0.3678 - acc: 0.8883
Epoch 111/600
09:57:00 Train 65/65 - loss: 0.3642 - acc: 0.9146
Epoch 112/600
09:57:13 Train 65/65 - loss: 0.3720 - acc: 0.9117
Epoch 113/600
09:57:26 Train 65/65 - loss: 0.3690 - acc: 0.9131
Epoch 114/600
09:57:38 Train 65/65 - loss: 0.3670 - acc: 0.9146
Epoch 115/600
09:57:51 Train 65/65 - loss: 0.3666 - acc: 0.9134
09:57:52 Valid 7/7 - loss: 0.3218 - acc: 0.9010
Epoch 116/600
09:58:04 Train 65/65 - loss: 0.3613 - acc: 0.9134
Epoch 117/600
09:58:17 Train 65/65 - loss: 0.3678 - acc: 0.9136
Epoch 118/600
09:58:29 Train 65/65 - loss: 0.3583 - acc: 0.9166
Epoch 119/600
09:58:42 Train 65/65 - loss: 0.3601 - acc: 0.9154
Epoch 120/600
09:58:55 Train 65/65 - loss: 0.3690 - acc: 0.9119
09:58:56 Valid 7/7 - loss: 0.3433 - acc: 0.8920
Epoch 121/600
09:59:08 Train 65/65 - loss: 0.3603 - acc: 0.9145
Epoch 122/600
09:59:21 Train 65/65 - loss: 0.3688 - acc: 0.9136
Epoch 123/600
09:59:34 Train 65/65 - loss: 0.3706 - acc: 0.9132
Epoch 124/600
09:59:46 Train 65/65 - loss: 0.3494 - acc: 0.9179
Epoch 125/600
09:59:59 Train 65/65 - loss: 0.3513 - acc: 0.9173
10:00:00 Valid 7/7 - loss: 0.3531 - acc: 0.8897
Epoch 126/600
10:00:13 Train 65/65 - loss: 0.3606 - acc: 0.9141
Epoch 127/600
10:00:25 Train 65/65 - loss: 0.3514 - acc: 0.9166
Epoch 128/600
10:00:38 Train 65/65 - loss: 0.3542 - acc: 0.9166
Epoch 129/600
10:00:50 Train 65/65 - loss: 0.3524 - acc: 0.9161
Epoch 130/600
10:01:03 Train 65/65 - loss: 0.3575 - acc: 0.9168
10:01:04 Valid 7/7 - loss: 0.3840 - acc: 0.8873
Epoch 131/600
10:01:17 Train 65/65 - loss: 0.3520 - acc: 0.9168
Epoch 132/600
10:01:29 Train 65/65 - loss: 0.3603 - acc: 0.9139
Epoch 133/600
10:01:42 Train 65/65 - loss: 0.3420 - acc: 0.9199
Epoch 134/600
10:01:55 Train 65/65 - loss: 0.3457 - acc: 0.9182
Epoch 135/600
10:02:07 Train 65/65 - loss: 0.3576 - acc: 0.9153
10:02:08 Valid 7/7 - loss: 0.3041 - acc: 0.9017
Epoch 136/600
10:02:21 Train 65/65 - loss: 0.3495 - acc: 0.9176
Epoch 137/600
10:02:34 Train 65/65 - loss: 0.3497 - acc: 0.9173
Epoch 138/600
10:02:46 Train 65/65 - loss: 0.3455 - acc: 0.9191
Epoch 139/600
10:02:59 Train 65/65 - loss: 0.3506 - acc: 0.9172
Epoch 140/600
10:03:11 Train 65/65 - loss: 0.3461 - acc: 0.9200
10:03:12 Valid 7/7 - loss: 0.3128 - acc: 0.8974
Epoch 141/600
10:03:25 Train 65/65 - loss: 0.3374 - acc: 0.9212
Epoch 142/600
10:03:38 Train 65/65 - loss: 0.3447 - acc: 0.9185
Epoch 143/600
10:03:50 Train 65/65 - loss: 0.3388 - acc: 0.9201
Epoch 144/600
10:04:03 Train 65/65 - loss: 0.3383 - acc: 0.9215
Epoch 145/600
10:04:15 Train 65/65 - loss: 0.3421 - acc: 0.9199
10:04:17 Valid 7/7 - loss: 0.6119 - acc: 0.8383
Epoch 146/600
10:04:29 Train 65/65 - loss: 0.3437 - acc: 0.9200
Epoch 147/600
10:04:42 Train 65/65 - loss: 0.3386 - acc: 0.9219
Epoch 148/600
10:04:54 Train 65/65 - loss: 0.3430 - acc: 0.9191
Epoch 149/600
10:05:07 Train 65/65 - loss: 0.3431 - acc: 0.9202
Epoch 150/600
10:05:20 Train 65/65 - loss: 0.3406 - acc: 0.9211
10:05:21 Valid 7/7 - loss: 0.3665 - acc: 0.8893
Epoch 151/600
10:05:33 Train 65/65 - loss: 0.3431 - acc: 0.9197
Epoch 152/600
10:05:46 Train 65/65 - loss: 0.3425 - acc: 0.9205
Epoch 153/600
10:05:59 Train 65/65 - loss: 0.3500 - acc: 0.9175
Epoch 154/600
10:06:11 Train 65/65 - loss: 0.3455 - acc: 0.9184
Epoch 155/600
10:06:24 Train 65/65 - loss: 0.3330 - acc: 0.9221
10:06:25 Valid 7/7 - loss: 0.3333 - acc: 0.8976
Epoch 156/600
10:06:37 Train 65/65 - loss: 0.3334 - acc: 0.9228
Epoch 157/600
10:06:50 Train 65/65 - loss: 0.3380 - acc: 0.9196
Epoch 158/600
10:07:02 Train 65/65 - loss: 0.3323 - acc: 0.9235
Epoch 159/600
10:07:15 Train 65/65 - loss: 0.3259 - acc: 0.9230
Epoch 160/600
10:07:28 Train 65/65 - loss: 0.3425 - acc: 0.9204
10:07:29 Valid 7/7 - loss: 0.3385 - acc: 0.8979
Epoch 161/600
10:07:41 Train 65/65 - loss: 0.3295 - acc: 0.9232
Epoch 162/600
10:07:54 Train 65/65 - loss: 0.3357 - acc: 0.9217
Epoch 163/600
10:08:06 Train 65/65 - loss: 0.3292 - acc: 0.9230
Epoch 164/600
10:08:19 Train 65/65 - loss: 0.3344 - acc: 0.9229
Epoch 165/600
10:08:31 Train 65/65 - loss: 0.3264 - acc: 0.9232
10:08:32 Valid 7/7 - loss: 0.3064 - acc: 0.9071
Epoch 166/600
10:08:45 Train 65/65 - loss: 0.3394 - acc: 0.9209
Epoch 167/600
10:08:57 Train 65/65 - loss: 0.3362 - acc: 0.9218
Epoch 168/600
10:09:10 Train 65/65 - loss: 0.3298 - acc: 0.9245
Epoch 169/600
10:09:23 Train 65/65 - loss: 0.3272 - acc: 0.9235
Epoch 170/600
10:09:35 Train 65/65 - loss: 0.3286 - acc: 0.9224
10:09:36 Valid 7/7 - loss: 0.4181 - acc: 0.8754
Epoch 171/600
10:09:49 Train 65/65 - loss: 0.3323 - acc: 0.9229
Epoch 172/600
10:10:01 Train 65/65 - loss: 0.3160 - acc: 0.9266
Epoch 173/600
10:10:14 Train 65/65 - loss: 0.3291 - acc: 0.9232
Epoch 174/600
10:10:27 Train 65/65 - loss: 0.3247 - acc: 0.9245
Epoch 175/600
10:10:39 Train 65/65 - loss: 0.3348 - acc: 0.9216
10:10:40 Valid 7/7 - loss: 0.2555 - acc: 0.9195
Epoch 176/600
10:10:53 Train 65/65 - loss: 0.3254 - acc: 0.9244
Epoch 177/600
10:11:05 Train 65/65 - loss: 0.3213 - acc: 0.9244
Epoch 178/600
10:11:18 Train 65/65 - loss: 0.3260 - acc: 0.9239
Epoch 179/600
10:11:31 Train 65/65 - loss: 0.3249 - acc: 0.9251
Epoch 180/600
10:11:43 Train 65/65 - loss: 0.3247 - acc: 0.9244
10:11:44 Valid 7/7 - loss: 0.3523 - acc: 0.9002
Epoch 181/600
10:11:57 Train 65/65 - loss: 0.3337 - acc: 0.9211
Epoch 182/600
10:12:10 Train 65/65 - loss: 0.3305 - acc: 0.9222
Epoch 183/600
10:12:22 Train 65/65 - loss: 0.3127 - acc: 0.9286
Epoch 184/600
10:12:35 Train 65/65 - loss: 0.3215 - acc: 0.9250
Epoch 185/600
10:12:48 Train 65/65 - loss: 0.3219 - acc: 0.9252
10:12:49 Valid 7/7 - loss: 0.2575 - acc: 0.9197
Epoch 186/600
10:13:01 Train 65/65 - loss: 0.3123 - acc: 0.9287
Epoch 187/600
10:13:14 Train 65/65 - loss: 0.3233 - acc: 0.9261
Epoch 188/600
10:13:27 Train 65/65 - loss: 0.3205 - acc: 0.9252
Epoch 189/600
10:13:39 Train 65/65 - loss: 0.3116 - acc: 0.9261
Epoch 190/600
10:13:52 Train 65/65 - loss: 0.3139 - acc: 0.9266
10:13:53 Valid 7/7 - loss: 0.3078 - acc: 0.9077
Epoch 191/600
10:14:06 Train 65/65 - loss: 0.3134 - acc: 0.9268
Epoch 192/600
10:14:18 Train 65/65 - loss: 0.3284 - acc: 0.9238
Epoch 193/600
10:14:31 Train 65/65 - loss: 0.3208 - acc: 0.9254
Epoch 194/600
10:14:43 Train 65/65 - loss: 0.3149 - acc: 0.9281
Epoch 195/600
10:14:56 Train 65/65 - loss: 0.3133 - acc: 0.9271
10:14:57 Valid 7/7 - loss: 0.3433 - acc: 0.9033
Epoch 196/600
10:15:10 Train 65/65 - loss: 0.3168 - acc: 0.9260
Epoch 197/600
10:15:22 Train 65/65 - loss: 0.3140 - acc: 0.9292
Epoch 198/600
10:15:35 Train 65/65 - loss: 0.3171 - acc: 0.9246
Epoch 199/600
10:15:48 Train 65/65 - loss: 0.3095 - acc: 0.9287
Epoch 200/600
10:16:00 Train 65/65 - loss: 0.3167 - acc: 0.9261
10:16:01 Valid 7/7 - loss: 0.4160 - acc: 0.8860
Epoch 201/600
10:16:14 Train 65/65 - loss: 0.3179 - acc: 0.9255
Epoch 202/600
10:16:26 Train 65/65 - loss: 0.3215 - acc: 0.9255
Epoch 203/600
10:16:39 Train 65/65 - loss: 0.3102 - acc: 0.9271
Epoch 204/600
10:16:52 Train 65/65 - loss: 0.3023 - acc: 0.9300
Epoch 205/600
10:17:04 Train 65/65 - loss: 0.3149 - acc: 0.9266
10:17:05 Valid 7/7 - loss: 0.3219 - acc: 0.9062
Epoch 206/600
10:17:18 Train 65/65 - loss: 0.3187 - acc: 0.9259
Epoch 207/600
10:17:31 Train 65/65 - loss: 0.3213 - acc: 0.9240
Epoch 208/600
10:17:43 Train 65/65 - loss: 0.3038 - acc: 0.9292
Epoch 209/600
10:17:56 Train 65/65 - loss: 0.3053 - acc: 0.9287
Epoch 210/600
10:18:09 Train 65/65 - loss: 0.3077 - acc: 0.9282
10:18:10 Valid 7/7 - loss: 0.2797 - acc: 0.9165
Epoch 211/600
10:18:23 Train 65/65 - loss: 0.3058 - acc: 0.9293
Epoch 212/600
10:18:35 Train 65/65 - loss: 0.3231 - acc: 0.9242
Epoch 213/600
10:18:48 Train 65/65 - loss: 0.3080 - acc: 0.9280
Epoch 214/600
10:19:00 Train 65/65 - loss: 0.3072 - acc: 0.9290
Epoch 215/600
10:19:13 Train 65/65 - loss: 0.3120 - acc: 0.9276
10:19:14 Valid 7/7 - loss: 0.2265 - acc: 0.9319
Epoch 216/600
10:19:26 Train 65/65 - loss: 0.3030 - acc: 0.9293
Epoch 217/600
10:19:39 Train 65/65 - loss: 0.2976 - acc: 0.9319
Epoch 218/600
10:19:52 Train 65/65 - loss: 0.3081 - acc: 0.9295
Epoch 219/600
10:20:04 Train 65/65 - loss: 0.2968 - acc: 0.9314
Epoch 220/600
10:20:17 Train 65/65 - loss: 0.2991 - acc: 0.9308
10:20:18 Valid 7/7 - loss: 0.2403 - acc: 0.9280
Epoch 221/600
10:20:31 Train 65/65 - loss: 0.3006 - acc: 0.9308
Epoch 222/600
10:20:43 Train 65/65 - loss: 0.3074 - acc: 0.9287
Epoch 223/600
10:20:56 Train 65/65 - loss: 0.3017 - acc: 0.9309
Epoch 224/600
10:21:08 Train 65/65 - loss: 0.2924 - acc: 0.9319
Epoch 225/600
10:21:21 Train 65/65 - loss: 0.3076 - acc: 0.9277
10:21:22 Valid 7/7 - loss: 0.2157 - acc: 0.9334
Epoch 226/600
10:21:35 Train 65/65 - loss: 0.2966 - acc: 0.9309
Epoch 227/600
10:21:47 Train 65/65 - loss: 0.2995 - acc: 0.9301
Epoch 228/600
10:22:00 Train 65/65 - loss: 0.2963 - acc: 0.9312
Epoch 229/600
10:22:13 Train 65/65 - loss: 0.3002 - acc: 0.9303
Epoch 230/600
10:22:25 Train 65/65 - loss: 0.2928 - acc: 0.9323
10:22:26 Valid 7/7 - loss: 0.2156 - acc: 0.9318
Epoch 231/600
10:22:39 Train 65/65 - loss: 0.3025 - acc: 0.9302
Epoch 232/600
10:22:51 Train 65/65 - loss: 0.2946 - acc: 0.9310
Epoch 233/600
10:23:04 Train 65/65 - loss: 0.2933 - acc: 0.9333
Epoch 234/600
10:23:16 Train 65/65 - loss: 0.3006 - acc: 0.9309
Epoch 235/600
10:23:29 Train 65/65 - loss: 0.2958 - acc: 0.9312
10:23:30 Valid 7/7 - loss: 0.3793 - acc: 0.8957
Epoch 236/600
10:23:43 Train 65/65 - loss: 0.2910 - acc: 0.9322
Epoch 237/600
10:23:55 Train 65/65 - loss: 0.2898 - acc: 0.9327
Epoch 238/600
10:24:08 Train 65/65 - loss: 0.2959 - acc: 0.9312
Epoch 239/600
10:24:21 Train 65/65 - loss: 0.2848 - acc: 0.9348
Epoch 240/600
10:24:33 Train 65/65 - loss: 0.2879 - acc: 0.9331
10:24:34 Valid 7/7 - loss: 0.1964 - acc: 0.9356
Epoch 241/600
10:24:47 Train 65/65 - loss: 0.3078 - acc: 0.9282
Epoch 242/600
10:25:00 Train 65/65 - loss: 0.2953 - acc: 0.9320
Epoch 243/600
10:25:12 Train 65/65 - loss: 0.2915 - acc: 0.9317
Epoch 244/600
10:25:25 Train 65/65 - loss: 0.2888 - acc: 0.9338
Epoch 245/600
10:25:38 Train 65/65 - loss: 0.2938 - acc: 0.9326
10:25:39 Valid 7/7 - loss: 0.1943 - acc: 0.9371
Epoch 246/600
10:25:51 Train 65/65 - loss: 0.2786 - acc: 0.9365
Epoch 247/600
10:26:04 Train 65/65 - loss: 0.2939 - acc: 0.9317
Epoch 248/600
10:26:17 Train 65/65 - loss: 0.2900 - acc: 0.9337
Epoch 249/600
10:26:29 Train 65/65 - loss: 0.2886 - acc: 0.9345
Epoch 250/600
10:26:42 Train 65/65 - loss: 0.2815 - acc: 0.9351
10:26:43 Valid 7/7 - loss: 0.2275 - acc: 0.9302
Epoch 251/600
10:26:55 Train 65/65 - loss: 0.2821 - acc: 0.9344
Epoch 252/600
10:27:08 Train 65/65 - loss: 0.2902 - acc: 0.9321
Epoch 253/600
10:27:20 Train 65/65 - loss: 0.2903 - acc: 0.9340
Epoch 254/600
10:27:33 Train 65/65 - loss: 0.2755 - acc: 0.9367
Epoch 255/600
10:27:46 Train 65/65 - loss: 0.2767 - acc: 0.9368
10:27:47 Valid 7/7 - loss: 0.2321 - acc: 0.9314
Epoch 256/600
10:27:59 Train 65/65 - loss: 0.2799 - acc: 0.9358
Epoch 257/600
10:28:12 Train 65/65 - loss: 0.2800 - acc: 0.9356
Epoch 258/600
10:28:24 Train 65/65 - loss: 0.2865 - acc: 0.9340
Epoch 259/600
10:28:37 Train 65/65 - loss: 0.2789 - acc: 0.9355
Epoch 260/600
10:28:49 Train 65/65 - loss: 0.2830 - acc: 0.9363
10:28:50 Valid 7/7 - loss: 0.3363 - acc: 0.9097
Epoch 261/600
10:29:03 Train 65/65 - loss: 0.2851 - acc: 0.9343
Epoch 262/600
10:29:16 Train 65/65 - loss: 0.2849 - acc: 0.9349
Epoch 263/600
10:29:28 Train 65/65 - loss: 0.2825 - acc: 0.9356
Epoch 264/600
10:29:41 Train 65/65 - loss: 0.2723 - acc: 0.9377
Epoch 265/600
10:29:53 Train 65/65 - loss: 0.2910 - acc: 0.9330
10:29:55 Valid 7/7 - loss: 0.2354 - acc: 0.9304
Epoch 266/600
10:30:07 Train 65/65 - loss: 0.2790 - acc: 0.9367
Epoch 267/600
10:30:20 Train 65/65 - loss: 0.2745 - acc: 0.9375
Epoch 268/600
10:30:32 Train 65/65 - loss: 0.2738 - acc: 0.9368
Epoch 269/600
10:30:45 Train 65/65 - loss: 0.2700 - acc: 0.9366
Epoch 270/600
10:30:57 Train 65/65 - loss: 0.2705 - acc: 0.9374
10:30:58 Valid 7/7 - loss: 0.2953 - acc: 0.9194
Epoch 271/600
10:31:11 Train 65/65 - loss: 0.2672 - acc: 0.9388
Epoch 272/600
10:31:23 Train 65/65 - loss: 0.2791 - acc: 0.9366
Epoch 273/600
10:31:36 Train 65/65 - loss: 0.2728 - acc: 0.9385
Epoch 274/600
10:31:49 Train 65/65 - loss: 0.2695 - acc: 0.9382
Epoch 275/600
10:32:01 Train 65/65 - loss: 0.2659 - acc: 0.9393
10:32:02 Valid 7/7 - loss: 0.1858 - acc: 0.9428
Epoch 276/600
10:32:15 Train 65/65 - loss: 0.2676 - acc: 0.9396
Epoch 277/600
10:32:27 Train 65/65 - loss: 0.2664 - acc: 0.9386
Epoch 278/600
10:32:40 Train 65/65 - loss: 0.2698 - acc: 0.9378
Epoch 279/600
10:32:52 Train 65/65 - loss: 0.2706 - acc: 0.9381
Epoch 280/600
10:33:05 Train 65/65 - loss: 0.2729 - acc: 0.9368
10:33:06 Valid 7/7 - loss: 0.1984 - acc: 0.9377
Epoch 281/600
10:33:19 Train 65/65 - loss: 0.2673 - acc: 0.9394
Epoch 282/600
10:33:31 Train 65/65 - loss: 0.2598 - acc: 0.9401
Epoch 283/600
10:33:44 Train 65/65 - loss: 0.2720 - acc: 0.9366
Epoch 284/600
10:33:56 Train 65/65 - loss: 0.2592 - acc: 0.9398
Epoch 285/600
10:34:09 Train 65/65 - loss: 0.2539 - acc: 0.9415
10:34:10 Valid 7/7 - loss: 0.2224 - acc: 0.9341
Epoch 286/600
10:34:23 Train 65/65 - loss: 0.2612 - acc: 0.9404
Epoch 287/600
10:34:36 Train 65/65 - loss: 0.2600 - acc: 0.9413
Epoch 288/600
10:34:48 Train 65/65 - loss: 0.2525 - acc: 0.9431
Epoch 289/600
10:35:01 Train 65/65 - loss: 0.2566 - acc: 0.9411
Epoch 290/600
10:35:13 Train 65/65 - loss: 0.2577 - acc: 0.9422
10:35:14 Valid 7/7 - loss: 0.1990 - acc: 0.9408
Epoch 291/600
10:35:27 Train 65/65 - loss: 0.2587 - acc: 0.9403
Epoch 292/600
10:35:40 Train 65/65 - loss: 0.2587 - acc: 0.9410
Epoch 293/600
10:35:52 Train 65/65 - loss: 0.2548 - acc: 0.9419
Epoch 294/600
10:36:05 Train 65/65 - loss: 0.2518 - acc: 0.9421
Epoch 295/600
10:36:18 Train 65/65 - loss: 0.2570 - acc: 0.9425
10:36:19 Valid 7/7 - loss: 0.2115 - acc: 0.9379
Epoch 296/600
10:36:32 Train 65/65 - loss: 0.2565 - acc: 0.9415
Epoch 297/600
10:36:44 Train 65/65 - loss: 0.2520 - acc: 0.9428
Epoch 298/600
10:36:57 Train 65/65 - loss: 0.2538 - acc: 0.9431
Epoch 299/600
10:37:10 Train 65/65 - loss: 0.2552 - acc: 0.9417
Epoch 300/600
10:37:22 Train 65/65 - loss: 0.2575 - acc: 0.9407
10:37:23 Valid 7/7 - loss: 0.1970 - acc: 0.9426
Epoch 301/600
10:37:36 Train 65/65 - loss: 0.2521 - acc: 0.9432
Epoch 302/600
10:37:48 Train 65/65 - loss: 0.2570 - acc: 0.9410
Epoch 303/600
10:38:01 Train 65/65 - loss: 0.2497 - acc: 0.9433
Epoch 304/600
10:38:14 Train 65/65 - loss: 0.2490 - acc: 0.9437
Epoch 305/600
10:38:26 Train 65/65 - loss: 0.2483 - acc: 0.9423
10:38:27 Valid 7/7 - loss: 0.2591 - acc: 0.9260
Epoch 306/600
10:38:40 Train 65/65 - loss: 0.2496 - acc: 0.9433
Epoch 307/600
10:38:53 Train 65/65 - loss: 0.2519 - acc: 0.9433
Epoch 308/600
10:39:06 Train 65/65 - loss: 0.2533 - acc: 0.9420
Epoch 309/600
10:39:18 Train 65/65 - loss: 0.2449 - acc: 0.9451
Epoch 310/600
10:39:31 Train 65/65 - loss: 0.2437 - acc: 0.9451
10:39:32 Valid 7/7 - loss: 0.2495 - acc: 0.9277
Epoch 311/600
10:39:45 Train 65/65 - loss: 0.2425 - acc: 0.9455
Epoch 312/600
10:39:58 Train 65/65 - loss: 0.2434 - acc: 0.9454
Epoch 313/600
10:40:10 Train 65/65 - loss: 0.2487 - acc: 0.9432
Epoch 314/600
10:40:23 Train 65/65 - loss: 0.2352 - acc: 0.9460
Epoch 315/600
10:40:36 Train 65/65 - loss: 0.2402 - acc: 0.9455
10:40:37 Valid 7/7 - loss: 0.2253 - acc: 0.9351
Epoch 316/600
10:40:49 Train 65/65 - loss: 0.2446 - acc: 0.9446
Epoch 317/600
10:41:02 Train 65/65 - loss: 0.2415 - acc: 0.9455
Epoch 318/600
10:41:14 Train 65/65 - loss: 0.2465 - acc: 0.9443
Epoch 319/600
10:41:27 Train 65/65 - loss: 0.2394 - acc: 0.9453
Epoch 320/600
10:41:39 Train 65/65 - loss: 0.2399 - acc: 0.9455
10:41:40 Valid 7/7 - loss: 0.1974 - acc: 0.9378
Epoch 321/600
10:41:53 Train 65/65 - loss: 0.2364 - acc: 0.9463
Epoch 322/600
10:42:05 Train 65/65 - loss: 0.2421 - acc: 0.9453
Epoch 323/600
10:42:18 Train 65/65 - loss: 0.2364 - acc: 0.9471
Epoch 324/600
10:42:31 Train 65/65 - loss: 0.2298 - acc: 0.9475
Epoch 325/600
10:42:44 Train 65/65 - loss: 0.2302 - acc: 0.9491
10:42:45 Valid 7/7 - loss: 0.2612 - acc: 0.9272
Epoch 326/600
10:42:57 Train 65/65 - loss: 0.2373 - acc: 0.9466
Epoch 327/600
10:43:10 Train 65/65 - loss: 0.2306 - acc: 0.9476
Epoch 328/600
10:43:23 Train 65/65 - loss: 0.2376 - acc: 0.9456
Epoch 329/600
10:43:36 Train 65/65 - loss: 0.2329 - acc: 0.9478
Epoch 330/600
10:43:48 Train 65/65 - loss: 0.2293 - acc: 0.9481
10:43:49 Valid 7/7 - loss: 0.2390 - acc: 0.9326
Epoch 331/600
10:44:02 Train 65/65 - loss: 0.2296 - acc: 0.9484
Epoch 332/600
10:44:15 Train 65/65 - loss: 0.2317 - acc: 0.9484
Epoch 333/600
10:44:27 Train 65/65 - loss: 0.2334 - acc: 0.9470
Epoch 334/600
10:44:40 Train 65/65 - loss: 0.2306 - acc: 0.9475
Epoch 335/600
10:44:52 Train 65/65 - loss: 0.2208 - acc: 0.9515
10:44:54 Valid 7/7 - loss: 0.1882 - acc: 0.9434
Epoch 336/600
10:45:06 Train 65/65 - loss: 0.2210 - acc: 0.9496
Epoch 337/600
10:45:19 Train 65/65 - loss: 0.2304 - acc: 0.9475
Epoch 338/600
10:45:32 Train 65/65 - loss: 0.2224 - acc: 0.9495
Epoch 339/600
10:45:44 Train 65/65 - loss: 0.2294 - acc: 0.9479
Epoch 340/600
10:45:57 Train 65/65 - loss: 0.2302 - acc: 0.9473
10:45:58 Valid 7/7 - loss: 0.2089 - acc: 0.9403
Epoch 341/600
10:46:11 Train 65/65 - loss: 0.2194 - acc: 0.9505
Epoch 342/600
10:46:23 Train 65/65 - loss: 0.2242 - acc: 0.9505
Epoch 343/600
10:46:36 Train 65/65 - loss: 0.2201 - acc: 0.9505
Epoch 344/600
10:46:49 Train 65/65 - loss: 0.2164 - acc: 0.9507
Epoch 345/600
10:47:01 Train 65/65 - loss: 0.2119 - acc: 0.9515
10:47:02 Valid 7/7 - loss: 0.1912 - acc: 0.9436
Epoch 346/600
10:47:15 Train 65/65 - loss: 0.2224 - acc: 0.9502
Epoch 347/600
10:47:28 Train 65/65 - loss: 0.2149 - acc: 0.9513
Epoch 348/600
10:47:41 Train 65/65 - loss: 0.2148 - acc: 0.9529
Epoch 349/600
10:47:54 Train 65/65 - loss: 0.2134 - acc: 0.9537
Epoch 350/600
10:48:06 Train 65/65 - loss: 0.2224 - acc: 0.9503
10:48:07 Valid 7/7 - loss: 0.1987 - acc: 0.9412
Epoch 351/600
10:48:20 Train 65/65 - loss: 0.2123 - acc: 0.9529
Epoch 352/600
10:48:33 Train 65/65 - loss: 0.2114 - acc: 0.9530
Epoch 353/600
10:48:46 Train 65/65 - loss: 0.2186 - acc: 0.9506
Epoch 354/600
10:48:58 Train 65/65 - loss: 0.2116 - acc: 0.9525
Epoch 355/600
10:49:11 Train 65/65 - loss: 0.2043 - acc: 0.9558
10:49:12 Valid 7/7 - loss: 0.1626 - acc: 0.9498
Epoch 356/600
10:49:25 Train 65/65 - loss: 0.2037 - acc: 0.9548
Epoch 357/600
10:49:37 Train 65/65 - loss: 0.2128 - acc: 0.9521
Epoch 358/600
10:49:50 Train 65/65 - loss: 0.2052 - acc: 0.9543
Epoch 359/600
10:50:02 Train 65/65 - loss: 0.2044 - acc: 0.9545
Epoch 360/600
10:50:15 Train 65/65 - loss: 0.2069 - acc: 0.9547
10:50:16 Valid 7/7 - loss: 0.1902 - acc: 0.9423
Epoch 361/600
10:50:29 Train 65/65 - loss: 0.2065 - acc: 0.9531
Epoch 362/600
10:50:41 Train 65/65 - loss: 0.1967 - acc: 0.9567
Epoch 363/600
10:50:54 Train 65/65 - loss: 0.2041 - acc: 0.9550
Epoch 364/600
10:51:06 Train 65/65 - loss: 0.2012 - acc: 0.9546
Epoch 365/600
10:51:19 Train 65/65 - loss: 0.1986 - acc: 0.9561
10:51:20 Valid 7/7 - loss: 0.1670 - acc: 0.9496
Epoch 366/600
10:51:33 Train 65/65 - loss: 0.1996 - acc: 0.9553
Epoch 367/600
10:51:45 Train 65/65 - loss: 0.2008 - acc: 0.9557
Epoch 368/600
10:51:58 Train 65/65 - loss: 0.2073 - acc: 0.9539
Epoch 369/600
10:52:10 Train 65/65 - loss: 0.2061 - acc: 0.9544
Epoch 370/600
10:52:23 Train 65/65 - loss: 0.1998 - acc: 0.9556
10:52:24 Valid 7/7 - loss: 0.1908 - acc: 0.9469
Epoch 371/600
10:52:37 Train 65/65 - loss: 0.1945 - acc: 0.9565
Epoch 372/600
10:52:49 Train 65/65 - loss: 0.1936 - acc: 0.9581
Epoch 373/600
10:53:02 Train 65/65 - loss: 0.1960 - acc: 0.9557
Epoch 374/600
10:53:15 Train 65/65 - loss: 0.1952 - acc: 0.9567
Epoch 375/600
10:53:27 Train 65/65 - loss: 0.1911 - acc: 0.9588
10:53:28 Valid 7/7 - loss: 0.1950 - acc: 0.9457
Epoch 376/600
10:53:41 Train 65/65 - loss: 0.1959 - acc: 0.9572
Epoch 377/600
10:53:53 Train 65/65 - loss: 0.1823 - acc: 0.9612
Epoch 378/600
10:54:06 Train 65/65 - loss: 0.1930 - acc: 0.9576
Epoch 379/600
10:54:18 Train 65/65 - loss: 0.1896 - acc: 0.9580
Epoch 380/600
10:54:31 Train 65/65 - loss: 0.1955 - acc: 0.9570
10:54:32 Valid 7/7 - loss: 0.2250 - acc: 0.9365
Epoch 381/600
10:54:44 Train 65/65 - loss: 0.1962 - acc: 0.9568
Epoch 382/600
10:54:57 Train 65/65 - loss: 0.1850 - acc: 0.9596
Epoch 383/600
10:55:09 Train 65/65 - loss: 0.1889 - acc: 0.9575
Epoch 384/600
10:55:22 Train 65/65 - loss: 0.1911 - acc: 0.9580
Epoch 385/600
10:55:34 Train 65/65 - loss: 0.1842 - acc: 0.9598
10:55:36 Valid 7/7 - loss: 0.1842 - acc: 0.9476
Epoch 386/600
10:55:48 Train 65/65 - loss: 0.1884 - acc: 0.9592
Epoch 387/600
10:56:01 Train 65/65 - loss: 0.1871 - acc: 0.9594
Epoch 388/600
10:56:13 Train 65/65 - loss: 0.1739 - acc: 0.9622
Epoch 389/600
10:56:26 Train 65/65 - loss: 0.1812 - acc: 0.9607
Epoch 390/600
10:56:39 Train 65/65 - loss: 0.1839 - acc: 0.9600
10:56:40 Valid 7/7 - loss: 0.1665 - acc: 0.9536
Epoch 391/600
10:56:52 Train 65/65 - loss: 0.1825 - acc: 0.9594
Epoch 392/600
10:57:05 Train 65/65 - loss: 0.1780 - acc: 0.9610
Epoch 393/600
10:57:17 Train 65/65 - loss: 0.1728 - acc: 0.9627
Epoch 394/600
10:57:30 Train 65/65 - loss: 0.1738 - acc: 0.9626
Epoch 395/600
10:57:42 Train 65/65 - loss: 0.1802 - acc: 0.9604
10:57:43 Valid 7/7 - loss: 0.1837 - acc: 0.9489
Epoch 396/600
10:57:56 Train 65/65 - loss: 0.1783 - acc: 0.9623
Epoch 397/600
10:58:09 Train 65/65 - loss: 0.1767 - acc: 0.9606
Epoch 398/600
10:58:21 Train 65/65 - loss: 0.1711 - acc: 0.9638
Epoch 399/600
10:58:34 Train 65/65 - loss: 0.1738 - acc: 0.9627
Epoch 400/600
10:58:46 Train 65/65 - loss: 0.1661 - acc: 0.9647
10:58:47 Valid 7/7 - loss: 0.1825 - acc: 0.9485
Epoch 401/600
10:59:00 Train 65/65 - loss: 0.1709 - acc: 0.9628
Epoch 402/600
10:59:12 Train 65/65 - loss: 0.1738 - acc: 0.9626
Epoch 403/600
10:59:25 Train 65/65 - loss: 0.1701 - acc: 0.9619
Epoch 404/600
10:59:38 Train 65/65 - loss: 0.1751 - acc: 0.9628
Epoch 405/600
10:59:50 Train 65/65 - loss: 0.1692 - acc: 0.9638
10:59:51 Valid 7/7 - loss: 0.1957 - acc: 0.9472
Epoch 406/600
11:00:04 Train 65/65 - loss: 0.1622 - acc: 0.9657
Epoch 407/600
11:00:16 Train 65/65 - loss: 0.1647 - acc: 0.9645
Epoch 408/600
11:00:29 Train 65/65 - loss: 0.1681 - acc: 0.9635
Epoch 409/600
11:00:41 Train 65/65 - loss: 0.1625 - acc: 0.9653
Epoch 410/600
11:00:54 Train 65/65 - loss: 0.1639 - acc: 0.9656
11:00:55 Valid 7/7 - loss: 0.1944 - acc: 0.9460
Epoch 411/600
11:01:08 Train 65/65 - loss: 0.1586 - acc: 0.9660
Epoch 412/600
11:01:20 Train 65/65 - loss: 0.1615 - acc: 0.9655
Epoch 413/600
11:01:33 Train 65/65 - loss: 0.1633 - acc: 0.9647
Epoch 414/600
11:01:46 Train 65/65 - loss: 0.1524 - acc: 0.9674
Epoch 415/600
11:01:58 Train 65/65 - loss: 0.1599 - acc: 0.9660
11:01:59 Valid 7/7 - loss: 0.1616 - acc: 0.9526
Epoch 416/600
11:02:12 Train 65/65 - loss: 0.1615 - acc: 0.9659
Epoch 417/600
11:02:24 Train 65/65 - loss: 0.1599 - acc: 0.9655
Epoch 418/600
11:02:37 Train 65/65 - loss: 0.1544 - acc: 0.9674
Epoch 419/600
11:02:49 Train 65/65 - loss: 0.1569 - acc: 0.9666
Epoch 420/600
11:03:02 Train 65/65 - loss: 0.1516 - acc: 0.9679
11:03:03 Valid 7/7 - loss: 0.1777 - acc: 0.9528
Epoch 421/600
11:03:16 Train 65/65 - loss: 0.1487 - acc: 0.9682
Epoch 422/600
11:03:29 Train 65/65 - loss: 0.1485 - acc: 0.9691
Epoch 423/600
11:03:42 Train 65/65 - loss: 0.1514 - acc: 0.9672
Epoch 424/600
11:03:54 Train 65/65 - loss: 0.1472 - acc: 0.9681
Epoch 425/600
11:04:07 Train 65/65 - loss: 0.1480 - acc: 0.9684
11:04:08 Valid 7/7 - loss: 0.1772 - acc: 0.9537
Epoch 426/600
11:04:20 Train 65/65 - loss: 0.1436 - acc: 0.9697
Epoch 427/600
11:04:33 Train 65/65 - loss: 0.1481 - acc: 0.9685
Epoch 428/600
11:04:46 Train 65/65 - loss: 0.1419 - acc: 0.9704
Epoch 429/600
11:04:58 Train 65/65 - loss: 0.1473 - acc: 0.9688
Epoch 430/600
11:05:11 Train 65/65 - loss: 0.1492 - acc: 0.9687
11:05:12 Valid 7/7 - loss: 0.1657 - acc: 0.9538
Epoch 431/600
11:05:24 Train 65/65 - loss: 0.1414 - acc: 0.9710
Epoch 432/600
11:05:37 Train 65/65 - loss: 0.1397 - acc: 0.9703
Epoch 433/600
11:05:50 Train 65/65 - loss: 0.1424 - acc: 0.9698
Epoch 434/600
11:06:02 Train 65/65 - loss: 0.1413 - acc: 0.9708
Epoch 435/600
11:06:15 Train 65/65 - loss: 0.1356 - acc: 0.9717
11:06:16 Valid 7/7 - loss: 0.1607 - acc: 0.9567
Epoch 436/600
11:06:28 Train 65/65 - loss: 0.1405 - acc: 0.9696
Epoch 437/600
11:06:41 Train 65/65 - loss: 0.1357 - acc: 0.9708
Epoch 438/600
11:06:53 Train 65/65 - loss: 0.1359 - acc: 0.9720
Epoch 439/600
11:07:06 Train 65/65 - loss: 0.1390 - acc: 0.9707
Epoch 440/600
11:07:18 Train 65/65 - loss: 0.1290 - acc: 0.9737
11:07:19 Valid 7/7 - loss: 0.1482 - acc: 0.9608
Epoch 441/600
11:07:32 Train 65/65 - loss: 0.1302 - acc: 0.9729
Epoch 442/600
11:07:44 Train 65/65 - loss: 0.1279 - acc: 0.9740
Epoch 443/600
11:07:57 Train 65/65 - loss: 0.1345 - acc: 0.9713
Epoch 444/600
11:08:10 Train 65/65 - loss: 0.1312 - acc: 0.9733
Epoch 445/600
11:08:23 Train 65/65 - loss: 0.1287 - acc: 0.9731
11:08:24 Valid 7/7 - loss: 0.1415 - acc: 0.9602
Epoch 446/600
11:08:36 Train 65/65 - loss: 0.1321 - acc: 0.9723
Epoch 447/600
11:08:49 Train 65/65 - loss: 0.1262 - acc: 0.9732
Epoch 448/600
11:09:02 Train 65/65 - loss: 0.1293 - acc: 0.9731
Epoch 449/600
11:09:14 Train 65/65 - loss: 0.1217 - acc: 0.9750
Epoch 450/600
11:09:27 Train 65/65 - loss: 0.1203 - acc: 0.9752
11:09:28 Valid 7/7 - loss: 0.1483 - acc: 0.9612
Epoch 451/600
11:09:40 Train 65/65 - loss: 0.1229 - acc: 0.9748
Epoch 452/600
11:09:53 Train 65/65 - loss: 0.1248 - acc: 0.9736
Epoch 453/600
11:10:06 Train 65/65 - loss: 0.1206 - acc: 0.9751
Epoch 454/600
11:10:18 Train 65/65 - loss: 0.1223 - acc: 0.9745
Epoch 455/600
11:10:31 Train 65/65 - loss: 0.1183 - acc: 0.9761
11:10:32 Valid 7/7 - loss: 0.1429 - acc: 0.9623
Epoch 456/600
11:10:44 Train 65/65 - loss: 0.1190 - acc: 0.9747
Epoch 457/600
11:10:57 Train 65/65 - loss: 0.1176 - acc: 0.9757
Epoch 458/600
11:11:10 Train 65/65 - loss: 0.1225 - acc: 0.9744
Epoch 459/600
11:11:22 Train 65/65 - loss: 0.1116 - acc: 0.9770
Epoch 460/600
11:11:35 Train 65/65 - loss: 0.1154 - acc: 0.9756
11:11:36 Valid 7/7 - loss: 0.1549 - acc: 0.9601
Epoch 461/600
11:11:48 Train 65/65 - loss: 0.1107 - acc: 0.9772
Epoch 462/600
11:12:01 Train 65/65 - loss: 0.1117 - acc: 0.9770
Epoch 463/600
11:12:13 Train 65/65 - loss: 0.1105 - acc: 0.9776
Epoch 464/600
11:12:26 Train 65/65 - loss: 0.1093 - acc: 0.9776
Epoch 465/600
11:12:39 Train 65/65 - loss: 0.1084 - acc: 0.9785
11:12:40 Valid 7/7 - loss: 0.1556 - acc: 0.9587
Epoch 466/600
11:12:52 Train 65/65 - loss: 0.1102 - acc: 0.9776
Epoch 467/600
11:13:05 Train 65/65 - loss: 0.1064 - acc: 0.9789
Epoch 468/600
11:13:17 Train 65/65 - loss: 0.1081 - acc: 0.9776
Epoch 469/600
11:13:30 Train 65/65 - loss: 0.1069 - acc: 0.9783
Epoch 470/600
11:13:43 Train 65/65 - loss: 0.1070 - acc: 0.9778
11:13:44 Valid 7/7 - loss: 0.1391 - acc: 0.9622
Epoch 471/600
11:13:56 Train 65/65 - loss: 0.1023 - acc: 0.9805
Epoch 472/600
11:14:09 Train 65/65 - loss: 0.1053 - acc: 0.9790
Epoch 473/600
11:14:21 Train 65/65 - loss: 0.1010 - acc: 0.9796
Epoch 474/600
11:14:34 Train 65/65 - loss: 0.1012 - acc: 0.9796
Epoch 475/600
11:14:46 Train 65/65 - loss: 0.1010 - acc: 0.9797
11:14:47 Valid 7/7 - loss: 0.1503 - acc: 0.9613
Epoch 476/600
11:15:00 Train 65/65 - loss: 0.1018 - acc: 0.9796
Epoch 477/600
11:15:13 Train 65/65 - loss: 0.0990 - acc: 0.9802
Epoch 478/600
11:15:25 Train 65/65 - loss: 0.0973 - acc: 0.9805
Epoch 479/600
11:15:38 Train 65/65 - loss: 0.1005 - acc: 0.9793
Epoch 480/600
11:15:50 Train 65/65 - loss: 0.0979 - acc: 0.9812
11:15:51 Valid 7/7 - loss: 0.1349 - acc: 0.9663
Epoch 481/600
11:16:04 Train 65/65 - loss: 0.0964 - acc: 0.9804
Epoch 482/600
11:16:16 Train 65/65 - loss: 0.0941 - acc: 0.9814
Epoch 483/600
11:16:29 Train 65/65 - loss: 0.0910 - acc: 0.9829
Epoch 484/600
11:16:42 Train 65/65 - loss: 0.0880 - acc: 0.9828
Epoch 485/600
11:16:54 Train 65/65 - loss: 0.0868 - acc: 0.9832
11:16:55 Valid 7/7 - loss: 0.1542 - acc: 0.9614
Epoch 486/600
11:17:08 Train 65/65 - loss: 0.0877 - acc: 0.9828
Epoch 487/600
11:17:20 Train 65/65 - loss: 0.0961 - acc: 0.9811
Epoch 488/600
11:17:33 Train 65/65 - loss: 0.0901 - acc: 0.9815
Epoch 489/600
11:17:46 Train 65/65 - loss: 0.0899 - acc: 0.9827
Epoch 490/600
11:17:58 Train 65/65 - loss: 0.0888 - acc: 0.9825
11:17:59 Valid 7/7 - loss: 0.1270 - acc: 0.9656
Epoch 491/600
11:18:12 Train 65/65 - loss: 0.0836 - acc: 0.9844
Epoch 492/600
11:18:25 Train 65/65 - loss: 0.0887 - acc: 0.9825
Epoch 493/600
11:18:37 Train 65/65 - loss: 0.0874 - acc: 0.9826
Epoch 494/600
11:18:50 Train 65/65 - loss: 0.0862 - acc: 0.9826
Epoch 495/600
11:19:03 Train 65/65 - loss: 0.0830 - acc: 0.9841
11:19:04 Valid 7/7 - loss: 0.1388 - acc: 0.9640
Epoch 496/600
11:19:16 Train 65/65 - loss: 0.0844 - acc: 0.9842
Epoch 497/600
11:19:29 Train 65/65 - loss: 0.0828 - acc: 0.9835
Epoch 498/600
11:19:42 Train 65/65 - loss: 0.0814 - acc: 0.9844
Epoch 499/600
11:19:54 Train 65/65 - loss: 0.0782 - acc: 0.9848
Epoch 500/600
11:20:07 Train 65/65 - loss: 0.0769 - acc: 0.9855
11:20:08 Valid 7/7 - loss: 0.1487 - acc: 0.9623
Epoch 501/600
11:20:21 Train 65/65 - loss: 0.0766 - acc: 0.9852
Epoch 502/600
11:20:33 Train 65/65 - loss: 0.0794 - acc: 0.9852
Epoch 503/600
11:20:46 Train 65/65 - loss: 0.0776 - acc: 0.9858
Epoch 504/600
11:20:58 Train 65/65 - loss: 0.0757 - acc: 0.9859
Epoch 505/600
11:21:11 Train 65/65 - loss: 0.0788 - acc: 0.9850
11:21:12 Valid 7/7 - loss: 0.1246 - acc: 0.9681
Epoch 506/600
11:21:24 Train 65/65 - loss: 0.0761 - acc: 0.9857
Epoch 507/600
11:21:37 Train 65/65 - loss: 0.0722 - acc: 0.9868
Epoch 508/600
11:21:49 Train 65/65 - loss: 0.0712 - acc: 0.9870
Epoch 509/600
11:22:02 Train 65/65 - loss: 0.0750 - acc: 0.9861
Epoch 510/600
11:22:14 Train 65/65 - loss: 0.0720 - acc: 0.9865
11:22:15 Valid 7/7 - loss: 0.1299 - acc: 0.9669
Epoch 511/600
11:22:28 Train 65/65 - loss: 0.0702 - acc: 0.9868
Epoch 512/600
11:22:40 Train 65/65 - loss: 0.0698 - acc: 0.9870
Epoch 513/600
11:22:53 Train 65/65 - loss: 0.0700 - acc: 0.9875
Epoch 514/600
11:23:05 Train 65/65 - loss: 0.0687 - acc: 0.9870
Epoch 515/600
11:23:18 Train 65/65 - loss: 0.0685 - acc: 0.9873
11:23:19 Valid 7/7 - loss: 0.1241 - acc: 0.9674
Epoch 516/600
11:23:31 Train 65/65 - loss: 0.0678 - acc: 0.9876
Epoch 517/600
11:23:44 Train 65/65 - loss: 0.0671 - acc: 0.9876
Epoch 518/600
11:23:57 Train 65/65 - loss: 0.0683 - acc: 0.9873
Epoch 519/600
11:24:09 Train 65/65 - loss: 0.0676 - acc: 0.9872
Epoch 520/600
11:24:22 Train 65/65 - loss: 0.0661 - acc: 0.9874
11:24:23 Valid 7/7 - loss: 0.1245 - acc: 0.9662
Epoch 521/600
11:24:35 Train 65/65 - loss: 0.0680 - acc: 0.9871
Epoch 522/600
11:24:48 Train 65/65 - loss: 0.0632 - acc: 0.9886
Epoch 523/600
11:25:00 Train 65/65 - loss: 0.0621 - acc: 0.9891
Epoch 524/600
11:25:13 Train 65/65 - loss: 0.0615 - acc: 0.9890
Epoch 525/600
11:25:25 Train 65/65 - loss: 0.0602 - acc: 0.9895
11:25:26 Valid 7/7 - loss: 0.1158 - acc: 0.9683
Epoch 526/600
11:25:39 Train 65/65 - loss: 0.0628 - acc: 0.9885
Epoch 527/600
11:25:51 Train 65/65 - loss: 0.0620 - acc: 0.9890
Epoch 528/600
11:26:04 Train 65/65 - loss: 0.0587 - acc: 0.9896
Epoch 529/600
11:26:17 Train 65/65 - loss: 0.0605 - acc: 0.9887
Epoch 530/600
11:26:29 Train 65/65 - loss: 0.0614 - acc: 0.9888
11:26:30 Valid 7/7 - loss: 0.1233 - acc: 0.9687
Epoch 531/600
11:26:43 Train 65/65 - loss: 0.0606 - acc: 0.9886
Epoch 532/600
11:26:56 Train 65/65 - loss: 0.0579 - acc: 0.9894
Epoch 533/600
11:27:08 Train 65/65 - loss: 0.0548 - acc: 0.9908
Epoch 534/600
11:27:21 Train 65/65 - loss: 0.0560 - acc: 0.9899
Epoch 535/600
11:27:34 Train 65/65 - loss: 0.0608 - acc: 0.9892
11:27:35 Valid 7/7 - loss: 0.1213 - acc: 0.9684
Epoch 536/600
11:27:47 Train 65/65 - loss: 0.0593 - acc: 0.9895
Epoch 537/600
11:28:00 Train 65/65 - loss: 0.0556 - acc: 0.9898
Epoch 538/600
11:28:12 Train 65/65 - loss: 0.0559 - acc: 0.9902
Epoch 539/600
11:28:25 Train 65/65 - loss: 0.0532 - acc: 0.9908
Epoch 540/600
11:28:37 Train 65/65 - loss: 0.0549 - acc: 0.9901
11:28:39 Valid 7/7 - loss: 0.1202 - acc: 0.9684
Epoch 541/600
11:28:51 Train 65/65 - loss: 0.0556 - acc: 0.9902
Epoch 542/600
11:29:04 Train 65/65 - loss: 0.0562 - acc: 0.9900
Epoch 543/600
11:29:16 Train 65/65 - loss: 0.0525 - acc: 0.9910
Epoch 544/600
11:29:29 Train 65/65 - loss: 0.0551 - acc: 0.9905
Epoch 545/600
11:29:41 Train 65/65 - loss: 0.0539 - acc: 0.9908
11:29:42 Valid 7/7 - loss: 0.1234 - acc: 0.9686
Epoch 546/600
11:29:55 Train 65/65 - loss: 0.0538 - acc: 0.9906
Epoch 547/600
11:30:07 Train 65/65 - loss: 0.0526 - acc: 0.9909
Epoch 548/600
11:30:20 Train 65/65 - loss: 0.0538 - acc: 0.9904
Epoch 549/600
11:30:32 Train 65/65 - loss: 0.0523 - acc: 0.9912
Epoch 550/600
11:30:45 Train 65/65 - loss: 0.0543 - acc: 0.9902
11:30:46 Valid 7/7 - loss: 0.1153 - acc: 0.9699
Epoch 551/600
11:30:59 Train 65/65 - loss: 0.0536 - acc: 0.9908
Epoch 552/600
11:31:11 Train 65/65 - loss: 0.0512 - acc: 0.9912
Epoch 553/600
11:31:24 Train 65/65 - loss: 0.0524 - acc: 0.9913
Epoch 554/600
11:31:36 Train 65/65 - loss: 0.0499 - acc: 0.9918
Epoch 555/600
11:31:49 Train 65/65 - loss: 0.0482 - acc: 0.9922
11:31:50 Valid 7/7 - loss: 0.1181 - acc: 0.9687
Epoch 556/600
11:32:03 Train 65/65 - loss: 0.0509 - acc: 0.9917
Epoch 557/600
11:32:15 Train 65/65 - loss: 0.0488 - acc: 0.9915
Epoch 558/600
11:32:28 Train 65/65 - loss: 0.0518 - acc: 0.9912
Epoch 559/600
11:32:41 Train 65/65 - loss: 0.0496 - acc: 0.9917
Epoch 560/600
11:32:53 Train 65/65 - loss: 0.0481 - acc: 0.9923
11:32:55 Valid 7/7 - loss: 0.1181 - acc: 0.9690
Epoch 561/600
11:33:07 Train 65/65 - loss: 0.0501 - acc: 0.9912
Epoch 562/600
11:33:20 Train 65/65 - loss: 0.0478 - acc: 0.9920
Epoch 563/600
11:33:33 Train 65/65 - loss: 0.0489 - acc: 0.9920
Epoch 564/600
11:33:46 Train 65/65 - loss: 0.0483 - acc: 0.9919
Epoch 565/600
11:33:59 Train 65/65 - loss: 0.0496 - acc: 0.9917
11:34:00 Valid 7/7 - loss: 0.1160 - acc: 0.9708
Epoch 566/600
11:34:12 Train 65/65 - loss: 0.0490 - acc: 0.9915
Epoch 567/600
11:34:25 Train 65/65 - loss: 0.0482 - acc: 0.9920
Epoch 568/600
11:34:38 Train 65/65 - loss: 0.0472 - acc: 0.9923
Epoch 569/600
11:34:50 Train 65/65 - loss: 0.0474 - acc: 0.9917
Epoch 570/600
11:35:03 Train 65/65 - loss: 0.0471 - acc: 0.9925
11:35:04 Valid 7/7 - loss: 0.1157 - acc: 0.9697
Epoch 571/600
11:35:17 Train 65/65 - loss: 0.0466 - acc: 0.9921
Epoch 572/600
11:35:29 Train 65/65 - loss: 0.0467 - acc: 0.9923
Epoch 573/600
11:35:42 Train 65/65 - loss: 0.0456 - acc: 0.9925
Epoch 574/600
11:35:55 Train 65/65 - loss: 0.0471 - acc: 0.9922
Epoch 575/600
11:36:07 Train 65/65 - loss: 0.0464 - acc: 0.9920
11:36:08 Valid 7/7 - loss: 0.1169 - acc: 0.9701
Epoch 576/600
11:36:21 Train 65/65 - loss: 0.0487 - acc: 0.9917
Epoch 577/600
11:36:34 Train 65/65 - loss: 0.0474 - acc: 0.9925
Epoch 578/600
11:36:46 Train 65/65 - loss: 0.0430 - acc: 0.9932
Epoch 579/600
11:36:59 Train 65/65 - loss: 0.0480 - acc: 0.9921
Epoch 580/600
11:37:12 Train 65/65 - loss: 0.0475 - acc: 0.9920
11:37:13 Valid 7/7 - loss: 0.1144 - acc: 0.9707
Epoch 581/600
11:37:26 Train 65/65 - loss: 0.0460 - acc: 0.9927
Epoch 582/600
11:37:38 Train 65/65 - loss: 0.0465 - acc: 0.9920
Epoch 583/600
11:37:51 Train 65/65 - loss: 0.0472 - acc: 0.9924
Epoch 584/600
11:38:04 Train 65/65 - loss: 0.0479 - acc: 0.9924
Epoch 585/600
11:38:16 Train 65/65 - loss: 0.0470 - acc: 0.9921
11:38:17 Valid 7/7 - loss: 0.1151 - acc: 0.9696
Epoch 586/600
11:38:30 Train 65/65 - loss: 0.0461 - acc: 0.9921
Epoch 587/600
11:38:43 Train 65/65 - loss: 0.0456 - acc: 0.9926
Epoch 588/600
11:38:55 Train 65/65 - loss: 0.0488 - acc: 0.9917
Epoch 589/600
11:39:08 Train 65/65 - loss: 0.0456 - acc: 0.9926
Epoch 590/600
11:39:20 Train 65/65 - loss: 0.0447 - acc: 0.9925
11:39:21 Valid 7/7 - loss: 0.1155 - acc: 0.9698
Epoch 591/600
11:39:34 Train 65/65 - loss: 0.0477 - acc: 0.9919
Epoch 592/600
11:39:46 Train 65/65 - loss: 0.0469 - acc: 0.9922
Epoch 593/600
11:39:59 Train 65/65 - loss: 0.0480 - acc: 0.9919
Epoch 594/600
11:40:11 Train 65/65 - loss: 0.0453 - acc: 0.9928
Epoch 595/600
11:40:24 Train 65/65 - loss: 0.0477 - acc: 0.9919
11:40:25 Valid 7/7 - loss: 0.1146 - acc: 0.9702
Epoch 596/600
11:40:37 Train 65/65 - loss: 0.0475 - acc: 0.9921
Epoch 597/600
11:40:50 Train 65/65 - loss: 0.0486 - acc: 0.9918
Epoch 598/600
11:41:02 Train 65/65 - loss: 0.0460 - acc: 0.9921
Epoch 599/600
11:41:15 Train 65/65 - loss: 0.0464 - acc: 0.9924
Epoch 600/600
11:41:28 Train 65/65 - loss: 0.0466 - acc: 0.9924
11:41:29 Valid 7/7 - loss: 0.1150 - acc: 0.9702