Epoch 1/600
12:53:57 Train 65/65 - loss: 2.8130 - acc: 0.2434
Epoch 2/600
12:54:10 Train 65/65 - loss: 2.2708 - acc: 0.4017
Epoch 3/600
12:54:23 Train 65/65 - loss: 2.0146 - acc: 0.4750
Epoch 4/600
12:54:36 Train 65/65 - loss: 1.7815 - acc: 0.5410
Epoch 5/600
12:54:48 Train 65/65 - loss: 1.5806 - acc: 0.5975
WARNING:tensorflow:From /usr/local/lib/python3.6/dist-packages/tensorflow/python/data/ops/multi_device_iterator_ops.py:601: get_next_as_optional (from tensorflow.python.data.ops.iterator_ops) is deprecated and will be removed in a future version.
Instructions for updating:
Use `tf.data.Iterator.get_next_as_optional()` instead.
WARNING:tensorflow:From /usr/local/lib/python3.6/dist-packages/tensorflow/python/data/ops/multi_device_iterator_ops.py:601: get_next_as_optional (from tensorflow.python.data.ops.iterator_ops) is deprecated and will be removed in a future version.
Instructions for updating:
Use `tf.data.Iterator.get_next_as_optional()` instead.
12:55:43 Valid 7/7 - loss: 1.0413 - acc: 0.6369
Epoch 6/600
12:55:55 Train 65/65 - loss: 1.4195 - acc: 0.6402
Epoch 7/600
12:56:08 Train 65/65 - loss: 1.2662 - acc: 0.6838
Epoch 8/600
12:56:21 Train 65/65 - loss: 1.1410 - acc: 0.7159
Epoch 9/600
12:56:34 Train 65/65 - loss: 1.0546 - acc: 0.7386
Epoch 10/600
12:56:46 Train 65/65 - loss: 0.9752 - acc: 0.7599
12:56:47 Valid 7/7 - loss: 0.6137 - acc: 0.7898
Epoch 11/600
12:57:00 Train 65/65 - loss: 0.9097 - acc: 0.7781
Epoch 12/600
12:57:13 Train 65/65 - loss: 0.8520 - acc: 0.7933
Epoch 13/600
12:57:26 Train 65/65 - loss: 0.8040 - acc: 0.8047
Epoch 14/600
12:57:38 Train 65/65 - loss: 0.7626 - acc: 0.8155
Epoch 15/600
12:57:51 Train 65/65 - loss: 0.7255 - acc: 0.8234
12:57:52 Valid 7/7 - loss: 0.6135 - acc: 0.7979
Epoch 16/600
12:58:05 Train 65/65 - loss: 0.7053 - acc: 0.8284
Epoch 17/600
12:58:18 Train 65/65 - loss: 0.6791 - acc: 0.8363
Epoch 18/600
12:58:30 Train 65/65 - loss: 0.6504 - acc: 0.8435
Epoch 19/600
12:58:43 Train 65/65 - loss: 0.6392 - acc: 0.8464
Epoch 20/600
12:58:56 Train 65/65 - loss: 0.6293 - acc: 0.8484
12:58:57 Valid 7/7 - loss: 0.5002 - acc: 0.8340
Epoch 21/600
12:59:09 Train 65/65 - loss: 0.6084 - acc: 0.8525
Epoch 22/600
12:59:22 Train 65/65 - loss: 0.6047 - acc: 0.8562
Epoch 23/600
12:59:35 Train 65/65 - loss: 0.5894 - acc: 0.8594
Epoch 24/600
12:59:48 Train 65/65 - loss: 0.5885 - acc: 0.8591
Epoch 25/600
13:00:00 Train 65/65 - loss: 0.5894 - acc: 0.8594
13:00:01 Valid 7/7 - loss: 0.3828 - acc: 0.8731
Epoch 26/600
13:00:14 Train 65/65 - loss: 0.5690 - acc: 0.8661
Epoch 27/600
13:00:27 Train 65/65 - loss: 0.5771 - acc: 0.8622
Epoch 28/600
13:00:39 Train 65/65 - loss: 0.5622 - acc: 0.8660
Epoch 29/600
13:00:52 Train 65/65 - loss: 0.5559 - acc: 0.8682
Epoch 30/600
13:01:05 Train 65/65 - loss: 0.5550 - acc: 0.8684
13:01:06 Valid 7/7 - loss: 0.9506 - acc: 0.7017
Epoch 31/600
13:01:19 Train 65/65 - loss: 0.5515 - acc: 0.8681
Epoch 32/600
13:01:31 Train 65/65 - loss: 0.5504 - acc: 0.8686
Epoch 33/600
13:01:44 Train 65/65 - loss: 0.5360 - acc: 0.8726
Epoch 34/600
13:01:57 Train 65/65 - loss: 0.5349 - acc: 0.8732
Epoch 35/600
13:02:09 Train 65/65 - loss: 0.5329 - acc: 0.8746
13:02:10 Valid 7/7 - loss: 0.5705 - acc: 0.8216
Epoch 36/600
13:02:23 Train 65/65 - loss: 0.5249 - acc: 0.8755
Epoch 37/600
13:02:36 Train 65/65 - loss: 0.5192 - acc: 0.8797
Epoch 38/600
13:02:49 Train 65/65 - loss: 0.5255 - acc: 0.8749
Epoch 39/600
13:03:01 Train 65/65 - loss: 0.5139 - acc: 0.8807
Epoch 40/600
13:03:14 Train 65/65 - loss: 0.5071 - acc: 0.8790
13:03:15 Valid 7/7 - loss: 0.6274 - acc: 0.8031
Epoch 41/600
13:03:28 Train 65/65 - loss: 0.5080 - acc: 0.8796
Epoch 42/600
13:03:41 Train 65/65 - loss: 0.5020 - acc: 0.8806
Epoch 43/600
13:03:53 Train 65/65 - loss: 0.5007 - acc: 0.8803
Epoch 44/600
13:04:06 Train 65/65 - loss: 0.5034 - acc: 0.8804
Epoch 45/600
13:04:19 Train 65/65 - loss: 0.4972 - acc: 0.8828
13:04:20 Valid 7/7 - loss: 0.3672 - acc: 0.8758
Epoch 46/600
13:04:32 Train 65/65 - loss: 0.4922 - acc: 0.8836
Epoch 47/600
13:04:45 Train 65/65 - loss: 0.4827 - acc: 0.8841
Epoch 48/600
13:04:58 Train 65/65 - loss: 0.4844 - acc: 0.8853
Epoch 49/600
13:05:11 Train 65/65 - loss: 0.4803 - acc: 0.8867
Epoch 50/600
13:05:23 Train 65/65 - loss: 0.4757 - acc: 0.8886
13:05:24 Valid 7/7 - loss: 0.4357 - acc: 0.8582
Epoch 51/600
13:05:37 Train 65/65 - loss: 0.4773 - acc: 0.8861
Epoch 52/600
13:05:50 Train 65/65 - loss: 0.4651 - acc: 0.8901
Epoch 53/600
13:06:02 Train 65/65 - loss: 0.4719 - acc: 0.8883
Epoch 54/600
13:06:15 Train 65/65 - loss: 0.4645 - acc: 0.8912
Epoch 55/600
13:06:28 Train 65/65 - loss: 0.4619 - acc: 0.8908
13:06:29 Valid 7/7 - loss: 0.3308 - acc: 0.8858
Epoch 56/600
13:06:42 Train 65/65 - loss: 0.4571 - acc: 0.8928
Epoch 57/600
13:06:54 Train 65/65 - loss: 0.4511 - acc: 0.8926
Epoch 58/600
13:07:07 Train 65/65 - loss: 0.4569 - acc: 0.8926
Epoch 59/600
13:07:20 Train 65/65 - loss: 0.4488 - acc: 0.8939
Epoch 60/600
13:07:33 Train 65/65 - loss: 0.4556 - acc: 0.8924
13:07:34 Valid 7/7 - loss: 0.4546 - acc: 0.8470
Epoch 61/600
13:07:46 Train 65/65 - loss: 0.4534 - acc: 0.8933
Epoch 62/600
13:07:59 Train 65/65 - loss: 0.4429 - acc: 0.8955
Epoch 63/600
13:08:12 Train 65/65 - loss: 0.4457 - acc: 0.8946
Epoch 64/600
13:08:24 Train 65/65 - loss: 0.4382 - acc: 0.8973
Epoch 65/600
13:08:37 Train 65/65 - loss: 0.4372 - acc: 0.8968
13:08:38 Valid 7/7 - loss: 0.4704 - acc: 0.8512
Epoch 66/600
13:08:51 Train 65/65 - loss: 0.4347 - acc: 0.8978
Epoch 67/600
13:09:04 Train 65/65 - loss: 0.4338 - acc: 0.8988
Epoch 68/600
13:09:16 Train 65/65 - loss: 0.4267 - acc: 0.8984
Epoch 69/600
13:09:29 Train 65/65 - loss: 0.4332 - acc: 0.8979
Epoch 70/600
13:09:42 Train 65/65 - loss: 0.4287 - acc: 0.8988
13:09:43 Valid 7/7 - loss: 0.3883 - acc: 0.8798
Epoch 71/600
13:09:56 Train 65/65 - loss: 0.4315 - acc: 0.8988
Epoch 72/600
13:10:08 Train 65/65 - loss: 0.4221 - acc: 0.9004
Epoch 73/600
13:10:21 Train 65/65 - loss: 0.4238 - acc: 0.9010
Epoch 74/600
13:10:34 Train 65/65 - loss: 0.4176 - acc: 0.9009
Epoch 75/600
13:10:46 Train 65/65 - loss: 0.4216 - acc: 0.9006
13:10:47 Valid 7/7 - loss: 0.3366 - acc: 0.8904
Epoch 76/600
13:11:00 Train 65/65 - loss: 0.4154 - acc: 0.9033
Epoch 77/600
13:11:13 Train 65/65 - loss: 0.4174 - acc: 0.9025
Epoch 78/600
13:11:26 Train 65/65 - loss: 0.4127 - acc: 0.9035
Epoch 79/600
13:11:38 Train 65/65 - loss: 0.4074 - acc: 0.9053
Epoch 80/600
13:11:51 Train 65/65 - loss: 0.4103 - acc: 0.9044
13:11:52 Valid 7/7 - loss: 0.4081 - acc: 0.8726
Epoch 81/600
13:12:05 Train 65/65 - loss: 0.4114 - acc: 0.9032
Epoch 82/600
13:12:17 Train 65/65 - loss: 0.4032 - acc: 0.9048
Epoch 83/600
13:12:30 Train 65/65 - loss: 0.4172 - acc: 0.9023
Epoch 84/600
13:12:43 Train 65/65 - loss: 0.4032 - acc: 0.9044
Epoch 85/600
13:12:55 Train 65/65 - loss: 0.4021 - acc: 0.9053
13:12:56 Valid 7/7 - loss: 0.4650 - acc: 0.8514
Epoch 86/600
13:13:09 Train 65/65 - loss: 0.4080 - acc: 0.9034
Epoch 87/600
13:13:22 Train 65/65 - loss: 0.4061 - acc: 0.9033
Epoch 88/600
13:13:35 Train 65/65 - loss: 0.3989 - acc: 0.9046
Epoch 89/600
13:13:47 Train 65/65 - loss: 0.3949 - acc: 0.9064
Epoch 90/600
13:14:00 Train 65/65 - loss: 0.4076 - acc: 0.9043
13:14:01 Valid 7/7 - loss: 0.3860 - acc: 0.8806
Epoch 91/600
13:14:14 Train 65/65 - loss: 0.3979 - acc: 0.9076
Epoch 92/600
13:14:27 Train 65/65 - loss: 0.3920 - acc: 0.9075
Epoch 93/600
13:14:39 Train 65/65 - loss: 0.3926 - acc: 0.9082
Epoch 94/600
13:14:52 Train 65/65 - loss: 0.3959 - acc: 0.9070
Epoch 95/600
13:15:05 Train 65/65 - loss: 0.3932 - acc: 0.9074
13:15:06 Valid 7/7 - loss: 0.4262 - acc: 0.8659
Epoch 96/600
13:15:18 Train 65/65 - loss: 0.3967 - acc: 0.9062
Epoch 97/600
13:15:31 Train 65/65 - loss: 0.3900 - acc: 0.9086
Epoch 98/600
13:15:44 Train 65/65 - loss: 0.3904 - acc: 0.9085
Epoch 99/600
13:15:57 Train 65/65 - loss: 0.3892 - acc: 0.9078
Epoch 100/600
13:16:09 Train 65/65 - loss: 0.3916 - acc: 0.9097
13:16:10 Valid 7/7 - loss: 0.4417 - acc: 0.8668
Epoch 101/600
13:16:23 Train 65/65 - loss: 0.3909 - acc: 0.9089
Epoch 102/600
13:16:36 Train 65/65 - loss: 0.3837 - acc: 0.9091
Epoch 103/600
13:16:48 Train 65/65 - loss: 0.3765 - acc: 0.9110
Epoch 104/600
13:17:01 Train 65/65 - loss: 0.3870 - acc: 0.9084
Epoch 105/600
13:17:14 Train 65/65 - loss: 0.3774 - acc: 0.9111
13:17:15 Valid 7/7 - loss: 0.5648 - acc: 0.8335
Epoch 106/600
13:17:28 Train 65/65 - loss: 0.3818 - acc: 0.9102
Epoch 107/600
13:17:40 Train 65/65 - loss: 0.3745 - acc: 0.9111
Epoch 108/600
13:17:53 Train 65/65 - loss: 0.3791 - acc: 0.9119
Epoch 109/600
13:18:06 Train 65/65 - loss: 0.3764 - acc: 0.9117
Epoch 110/600
13:18:19 Train 65/65 - loss: 0.3798 - acc: 0.9101
13:18:20 Valid 7/7 - loss: 0.3367 - acc: 0.8895
Epoch 111/600
13:18:32 Train 65/65 - loss: 0.3728 - acc: 0.9122
Epoch 112/600
13:18:45 Train 65/65 - loss: 0.3713 - acc: 0.9121
Epoch 113/600
13:18:58 Train 65/65 - loss: 0.3792 - acc: 0.9100
Epoch 114/600
13:19:10 Train 65/65 - loss: 0.3786 - acc: 0.9109
Epoch 115/600
13:19:23 Train 65/65 - loss: 0.3638 - acc: 0.9130
13:19:24 Valid 7/7 - loss: 0.3633 - acc: 0.8867
Epoch 116/600
13:19:37 Train 65/65 - loss: 0.3647 - acc: 0.9155
Epoch 117/600
13:19:50 Train 65/65 - loss: 0.3811 - acc: 0.9099
Epoch 118/600
13:20:02 Train 65/65 - loss: 0.3640 - acc: 0.9140
Epoch 119/600
13:20:15 Train 65/65 - loss: 0.3695 - acc: 0.9122
Epoch 120/600
13:20:28 Train 65/65 - loss: 0.3751 - acc: 0.9103
13:20:29 Valid 7/7 - loss: 0.3768 - acc: 0.8760
Epoch 121/600
13:20:41 Train 65/65 - loss: 0.3670 - acc: 0.9148
Epoch 122/600
13:20:54 Train 65/65 - loss: 0.3670 - acc: 0.9149
Epoch 123/600
13:21:07 Train 65/65 - loss: 0.3670 - acc: 0.9136
Epoch 124/600
13:21:20 Train 65/65 - loss: 0.3710 - acc: 0.9123
Epoch 125/600
13:21:32 Train 65/65 - loss: 0.3654 - acc: 0.9148
13:21:33 Valid 7/7 - loss: 0.3668 - acc: 0.8876
Epoch 126/600
13:21:46 Train 65/65 - loss: 0.3663 - acc: 0.9155
Epoch 127/600
13:21:59 Train 65/65 - loss: 0.3577 - acc: 0.9155
Epoch 128/600
13:22:11 Train 65/65 - loss: 0.3700 - acc: 0.9115
Epoch 129/600
13:22:24 Train 65/65 - loss: 0.3657 - acc: 0.9141
Epoch 130/600
13:22:37 Train 65/65 - loss: 0.3688 - acc: 0.9134
13:22:38 Valid 7/7 - loss: 0.3516 - acc: 0.8917
Epoch 131/600
13:22:51 Train 65/65 - loss: 0.3618 - acc: 0.9159
Epoch 132/600
13:23:03 Train 65/65 - loss: 0.3589 - acc: 0.9153
Epoch 133/600
13:23:16 Train 65/65 - loss: 0.3583 - acc: 0.9173
Epoch 134/600
13:23:29 Train 65/65 - loss: 0.3565 - acc: 0.9169
Epoch 135/600
13:23:42 Train 65/65 - loss: 0.3522 - acc: 0.9165
13:23:43 Valid 7/7 - loss: 0.2971 - acc: 0.9033
Epoch 136/600
13:23:55 Train 65/65 - loss: 0.3529 - acc: 0.9170
Epoch 137/600
13:24:08 Train 65/65 - loss: 0.3562 - acc: 0.9168
Epoch 138/600
13:24:21 Train 65/65 - loss: 0.3492 - acc: 0.9187
Epoch 139/600
13:24:33 Train 65/65 - loss: 0.3558 - acc: 0.9163
Epoch 140/600
13:24:46 Train 65/65 - loss: 0.3538 - acc: 0.9170
13:24:47 Valid 7/7 - loss: 0.2940 - acc: 0.9073
Epoch 141/600
13:25:00 Train 65/65 - loss: 0.3479 - acc: 0.9182
Epoch 142/600
13:25:12 Train 65/65 - loss: 0.3544 - acc: 0.9172
Epoch 143/600
13:25:25 Train 65/65 - loss: 0.3475 - acc: 0.9177
Epoch 144/600
13:25:38 Train 65/65 - loss: 0.3490 - acc: 0.9169
Epoch 145/600
13:25:51 Train 65/65 - loss: 0.3525 - acc: 0.9171
13:25:52 Valid 7/7 - loss: 0.3848 - acc: 0.8822
Epoch 146/600
13:26:04 Train 65/65 - loss: 0.3464 - acc: 0.9191
Epoch 147/600
13:26:17 Train 65/65 - loss: 0.3507 - acc: 0.9182
Epoch 148/600
13:26:30 Train 65/65 - loss: 0.3523 - acc: 0.9166
Epoch 149/600
13:26:42 Train 65/65 - loss: 0.3390 - acc: 0.9223
Epoch 150/600
13:26:55 Train 65/65 - loss: 0.3448 - acc: 0.9184
13:26:56 Valid 7/7 - loss: 0.3830 - acc: 0.8740
Epoch 151/600
13:27:09 Train 65/65 - loss: 0.3414 - acc: 0.9199
Epoch 152/600
13:27:22 Train 65/65 - loss: 0.3408 - acc: 0.9201
Epoch 153/600
13:27:34 Train 65/65 - loss: 0.3465 - acc: 0.9181
Epoch 154/600
13:27:47 Train 65/65 - loss: 0.3462 - acc: 0.9179
Epoch 155/600
13:28:00 Train 65/65 - loss: 0.3440 - acc: 0.9195
13:28:01 Valid 7/7 - loss: 0.3603 - acc: 0.8865
Epoch 156/600
13:28:14 Train 65/65 - loss: 0.3338 - acc: 0.9203
Epoch 157/600
13:28:26 Train 65/65 - loss: 0.3475 - acc: 0.9188
Epoch 158/600
13:28:39 Train 65/65 - loss: 0.3395 - acc: 0.9216
Epoch 159/600
13:28:52 Train 65/65 - loss: 0.3405 - acc: 0.9202
Epoch 160/600
13:29:04 Train 65/65 - loss: 0.3336 - acc: 0.9218
13:29:05 Valid 7/7 - loss: 0.3939 - acc: 0.8762
Epoch 161/600
13:29:18 Train 65/65 - loss: 0.3346 - acc: 0.9211
Epoch 162/600
13:29:31 Train 65/65 - loss: 0.3315 - acc: 0.9220
Epoch 163/600
13:29:44 Train 65/65 - loss: 0.3391 - acc: 0.9200
Epoch 164/600
13:29:56 Train 65/65 - loss: 0.3230 - acc: 0.9244
Epoch 165/600
13:30:09 Train 65/65 - loss: 0.3279 - acc: 0.9237
13:30:10 Valid 7/7 - loss: 0.5603 - acc: 0.8449
Epoch 166/600
13:30:23 Train 65/65 - loss: 0.3333 - acc: 0.9215
Epoch 167/600
13:30:35 Train 65/65 - loss: 0.3324 - acc: 0.9224
Epoch 168/600
13:30:48 Train 65/65 - loss: 0.3290 - acc: 0.9217
Epoch 169/600
13:31:01 Train 65/65 - loss: 0.3313 - acc: 0.9219
Epoch 170/600
13:31:13 Train 65/65 - loss: 0.3360 - acc: 0.9203
13:31:14 Valid 7/7 - loss: 0.3500 - acc: 0.8884
Epoch 171/600
13:31:27 Train 65/65 - loss: 0.3356 - acc: 0.9221
Epoch 172/600
13:31:40 Train 65/65 - loss: 0.3312 - acc: 0.9226
Epoch 173/600
13:31:53 Train 65/65 - loss: 0.3262 - acc: 0.9224
Epoch 174/600
13:32:05 Train 65/65 - loss: 0.3302 - acc: 0.9229
Epoch 175/600
13:32:18 Train 65/65 - loss: 0.3224 - acc: 0.9248
13:32:19 Valid 7/7 - loss: 0.3581 - acc: 0.8906
Epoch 176/600
13:32:32 Train 65/65 - loss: 0.3197 - acc: 0.9258
Epoch 177/600
13:32:44 Train 65/65 - loss: 0.3249 - acc: 0.9241
Epoch 178/600
13:32:57 Train 65/65 - loss: 0.3268 - acc: 0.9220
Epoch 179/600
13:33:10 Train 65/65 - loss: 0.3245 - acc: 0.9234
Epoch 180/600
13:33:23 Train 65/65 - loss: 0.3292 - acc: 0.9225
13:33:24 Valid 7/7 - loss: 0.3069 - acc: 0.9018
Epoch 181/600
13:33:36 Train 65/65 - loss: 0.3164 - acc: 0.9264
Epoch 182/600
13:33:49 Train 65/65 - loss: 0.3255 - acc: 0.9239
Epoch 183/600
13:34:02 Train 65/65 - loss: 0.3187 - acc: 0.9244
Epoch 184/600
13:34:14 Train 65/65 - loss: 0.3143 - acc: 0.9266
Epoch 185/600
13:34:27 Train 65/65 - loss: 0.3254 - acc: 0.9238
13:34:28 Valid 7/7 - loss: 0.3008 - acc: 0.9030
Epoch 186/600
13:34:41 Train 65/65 - loss: 0.3174 - acc: 0.9266
Epoch 187/600
13:34:54 Train 65/65 - loss: 0.3182 - acc: 0.9250
Epoch 188/600
13:35:06 Train 65/65 - loss: 0.3129 - acc: 0.9267
Epoch 189/600
13:35:19 Train 65/65 - loss: 0.3198 - acc: 0.9256
Epoch 190/600
13:35:32 Train 65/65 - loss: 0.3176 - acc: 0.9264
13:35:33 Valid 7/7 - loss: 0.2536 - acc: 0.9164
Epoch 191/600
13:35:45 Train 65/65 - loss: 0.3227 - acc: 0.9236
Epoch 192/600
13:35:58 Train 65/65 - loss: 0.3175 - acc: 0.9257
Epoch 193/600
13:36:11 Train 65/65 - loss: 0.3131 - acc: 0.9274
Epoch 194/600
13:36:23 Train 65/65 - loss: 0.3057 - acc: 0.9298
Epoch 195/600
13:36:36 Train 65/65 - loss: 0.3103 - acc: 0.9278
13:36:37 Valid 7/7 - loss: 0.2387 - acc: 0.9224
Epoch 196/600
13:36:50 Train 65/65 - loss: 0.3146 - acc: 0.9260
Epoch 197/600
13:37:03 Train 65/65 - loss: 0.3144 - acc: 0.9267
Epoch 198/600
13:37:15 Train 65/65 - loss: 0.3103 - acc: 0.9268
Epoch 199/600
13:37:28 Train 65/65 - loss: 0.3123 - acc: 0.9272
Epoch 200/600
13:37:41 Train 65/65 - loss: 0.3113 - acc: 0.9283
13:37:42 Valid 7/7 - loss: 0.2697 - acc: 0.9155
Epoch 201/600
13:37:54 Train 65/65 - loss: 0.3034 - acc: 0.9297
Epoch 202/600
13:38:07 Train 65/65 - loss: 0.3107 - acc: 0.9275
Epoch 203/600
13:38:20 Train 65/65 - loss: 0.3127 - acc: 0.9268
Epoch 204/600
13:38:33 Train 65/65 - loss: 0.3061 - acc: 0.9284
Epoch 205/600
13:38:45 Train 65/65 - loss: 0.3022 - acc: 0.9292
13:38:46 Valid 7/7 - loss: 0.2943 - acc: 0.9131
Epoch 206/600
13:38:59 Train 65/65 - loss: 0.3050 - acc: 0.9285
Epoch 207/600
13:39:12 Train 65/65 - loss: 0.3043 - acc: 0.9297
Epoch 208/600
13:39:25 Train 65/65 - loss: 0.3041 - acc: 0.9296
Epoch 209/600
13:39:37 Train 65/65 - loss: 0.3039 - acc: 0.9287
Epoch 210/600
13:39:50 Train 65/65 - loss: 0.2989 - acc: 0.9295
13:39:51 Valid 7/7 - loss: 0.4560 - acc: 0.8687
Epoch 211/600
13:40:04 Train 65/65 - loss: 0.3060 - acc: 0.9284
Epoch 212/600
13:40:16 Train 65/65 - loss: 0.3021 - acc: 0.9298
Epoch 213/600
13:40:29 Train 65/65 - loss: 0.2979 - acc: 0.9306
Epoch 214/600
13:40:42 Train 65/65 - loss: 0.2986 - acc: 0.9311
Epoch 215/600
13:40:55 Train 65/65 - loss: 0.2971 - acc: 0.9324
13:40:56 Valid 7/7 - loss: 0.3277 - acc: 0.9023
Epoch 216/600
13:41:08 Train 65/65 - loss: 0.3028 - acc: 0.9296
Epoch 217/600
13:41:21 Train 65/65 - loss: 0.3013 - acc: 0.9285
Epoch 218/600
13:41:34 Train 65/65 - loss: 0.2979 - acc: 0.9301
Epoch 219/600
13:41:46 Train 65/65 - loss: 0.2947 - acc: 0.9314
Epoch 220/600
13:41:59 Train 65/65 - loss: 0.2976 - acc: 0.9311
13:42:00 Valid 7/7 - loss: 0.2739 - acc: 0.9133
Epoch 221/600
13:42:13 Train 65/65 - loss: 0.2971 - acc: 0.9304
Epoch 222/600
13:42:25 Train 65/65 - loss: 0.2945 - acc: 0.9328
Epoch 223/600
13:42:38 Train 65/65 - loss: 0.2880 - acc: 0.9336
Epoch 224/600
13:42:51 Train 65/65 - loss: 0.2923 - acc: 0.9314
Epoch 225/600
13:43:04 Train 65/65 - loss: 0.2836 - acc: 0.9340
13:43:05 Valid 7/7 - loss: 0.2873 - acc: 0.9080
Epoch 226/600
13:43:17 Train 65/65 - loss: 0.2953 - acc: 0.9319
Epoch 227/600
13:43:30 Train 65/65 - loss: 0.2894 - acc: 0.9330
Epoch 228/600
13:43:43 Train 65/65 - loss: 0.2856 - acc: 0.9338
Epoch 229/600
13:43:56 Train 65/65 - loss: 0.2926 - acc: 0.9317
Epoch 230/600
13:44:09 Train 65/65 - loss: 0.2835 - acc: 0.9340
13:44:10 Valid 7/7 - loss: 0.2950 - acc: 0.9077
Epoch 231/600
13:44:22 Train 65/65 - loss: 0.2870 - acc: 0.9335
Epoch 232/600
13:44:35 Train 65/65 - loss: 0.2886 - acc: 0.9328
Epoch 233/600
13:44:48 Train 65/65 - loss: 0.2861 - acc: 0.9343
Epoch 234/600
13:45:01 Train 65/65 - loss: 0.2785 - acc: 0.9345
Epoch 235/600
13:45:13 Train 65/65 - loss: 0.2863 - acc: 0.9340
13:45:14 Valid 7/7 - loss: 0.2670 - acc: 0.9140
Epoch 236/600
13:45:27 Train 65/65 - loss: 0.2892 - acc: 0.9320
Epoch 237/600
13:45:40 Train 65/65 - loss: 0.2846 - acc: 0.9342
Epoch 238/600
13:45:52 Train 65/65 - loss: 0.2741 - acc: 0.9369
Epoch 239/600
13:46:05 Train 65/65 - loss: 0.2777 - acc: 0.9360
Epoch 240/600
13:46:18 Train 65/65 - loss: 0.2764 - acc: 0.9366
13:46:19 Valid 7/7 - loss: 0.2491 - acc: 0.9242
Epoch 241/600
13:46:31 Train 65/65 - loss: 0.2799 - acc: 0.9343
Epoch 242/600
13:46:44 Train 65/65 - loss: 0.2769 - acc: 0.9362
Epoch 243/600
13:46:57 Train 65/65 - loss: 0.2752 - acc: 0.9369
Epoch 244/600
13:47:10 Train 65/65 - loss: 0.2829 - acc: 0.9353
Epoch 245/600
13:47:22 Train 65/65 - loss: 0.2776 - acc: 0.9360
13:47:23 Valid 7/7 - loss: 0.3181 - acc: 0.9038
Epoch 246/600
13:47:36 Train 65/65 - loss: 0.2711 - acc: 0.9359
Epoch 247/600
13:47:49 Train 65/65 - loss: 0.2736 - acc: 0.9356
Epoch 248/600
13:48:01 Train 65/65 - loss: 0.2741 - acc: 0.9362
Epoch 249/600
13:48:14 Train 65/65 - loss: 0.2717 - acc: 0.9374
Epoch 250/600
13:48:27 Train 65/65 - loss: 0.2717 - acc: 0.9367
13:48:28 Valid 7/7 - loss: 0.2297 - acc: 0.9288
Epoch 251/600
13:48:41 Train 65/65 - loss: 0.2682 - acc: 0.9379
Epoch 252/600
13:48:53 Train 65/65 - loss: 0.2696 - acc: 0.9363
Epoch 253/600
13:49:06 Train 65/65 - loss: 0.2657 - acc: 0.9380
Epoch 254/600
13:49:19 Train 65/65 - loss: 0.2712 - acc: 0.9370
Epoch 255/600
13:49:31 Train 65/65 - loss: 0.2707 - acc: 0.9378
13:49:32 Valid 7/7 - loss: 0.3423 - acc: 0.8952
Epoch 256/600
13:49:45 Train 65/65 - loss: 0.2687 - acc: 0.9391
Epoch 257/600
13:49:58 Train 65/65 - loss: 0.2697 - acc: 0.9380
Epoch 258/600
13:50:10 Train 65/65 - loss: 0.2683 - acc: 0.9376
Epoch 259/600
13:50:23 Train 65/65 - loss: 0.2629 - acc: 0.9387
Epoch 260/600
13:50:36 Train 65/65 - loss: 0.2612 - acc: 0.9392
13:50:37 Valid 7/7 - loss: 0.3393 - acc: 0.9012
Epoch 261/600
13:50:50 Train 65/65 - loss: 0.2644 - acc: 0.9385
Epoch 262/600
13:51:02 Train 65/65 - loss: 0.2581 - acc: 0.9403
Epoch 263/600
13:51:15 Train 65/65 - loss: 0.2661 - acc: 0.9388
Epoch 264/600
13:51:28 Train 65/65 - loss: 0.2683 - acc: 0.9382
Epoch 265/600
13:51:41 Train 65/65 - loss: 0.2680 - acc: 0.9373
13:51:42 Valid 7/7 - loss: 0.3569 - acc: 0.8953
Epoch 266/600
13:51:54 Train 65/65 - loss: 0.2580 - acc: 0.9407
Epoch 267/600
13:52:07 Train 65/65 - loss: 0.2539 - acc: 0.9410
Epoch 268/600
13:52:20 Train 65/65 - loss: 0.2628 - acc: 0.9398
Epoch 269/600
13:52:32 Train 65/65 - loss: 0.2565 - acc: 0.9410
Epoch 270/600
13:52:45 Train 65/65 - loss: 0.2573 - acc: 0.9403
13:52:46 Valid 7/7 - loss: 0.2417 - acc: 0.9224
Epoch 271/600
13:52:59 Train 65/65 - loss: 0.2568 - acc: 0.9410
Epoch 272/600
13:53:12 Train 65/65 - loss: 0.2511 - acc: 0.9423
Epoch 273/600
13:53:24 Train 65/65 - loss: 0.2575 - acc: 0.9395
Epoch 274/600
13:53:37 Train 65/65 - loss: 0.2598 - acc: 0.9395
Epoch 275/600
13:53:50 Train 65/65 - loss: 0.2525 - acc: 0.9406
13:53:51 Valid 7/7 - loss: 0.3281 - acc: 0.9003
Epoch 276/600
13:54:03 Train 65/65 - loss: 0.2575 - acc: 0.9410
Epoch 277/600
13:54:16 Train 65/65 - loss: 0.2555 - acc: 0.9409
Epoch 278/600
13:54:29 Train 65/65 - loss: 0.2488 - acc: 0.9430
Epoch 279/600
13:54:42 Train 65/65 - loss: 0.2474 - acc: 0.9433
Epoch 280/600
13:54:54 Train 65/65 - loss: 0.2472 - acc: 0.9421
13:54:55 Valid 7/7 - loss: 0.2586 - acc: 0.9224
Epoch 281/600
13:55:08 Train 65/65 - loss: 0.2451 - acc: 0.9430
Epoch 282/600
13:55:21 Train 65/65 - loss: 0.2496 - acc: 0.9418
Epoch 283/600
13:55:33 Train 65/65 - loss: 0.2485 - acc: 0.9426
Epoch 284/600
13:55:46 Train 65/65 - loss: 0.2423 - acc: 0.9445
Epoch 285/600
13:55:59 Train 65/65 - loss: 0.2449 - acc: 0.9435
13:56:00 Valid 7/7 - loss: 0.2654 - acc: 0.9145
Epoch 286/600
13:56:13 Train 65/65 - loss: 0.2501 - acc: 0.9422
Epoch 287/600
13:56:25 Train 65/65 - loss: 0.2496 - acc: 0.9431
Epoch 288/600
13:56:38 Train 65/65 - loss: 0.2384 - acc: 0.9450
Epoch 289/600
13:56:51 Train 65/65 - loss: 0.2407 - acc: 0.9450
Epoch 290/600
13:57:03 Train 65/65 - loss: 0.2351 - acc: 0.9457
13:57:04 Valid 7/7 - loss: 0.2390 - acc: 0.9288
Epoch 291/600
13:57:17 Train 65/65 - loss: 0.2399 - acc: 0.9455
Epoch 292/600
13:57:30 Train 65/65 - loss: 0.2389 - acc: 0.9459
Epoch 293/600
13:57:43 Train 65/65 - loss: 0.2354 - acc: 0.9460
Epoch 294/600
13:57:55 Train 65/65 - loss: 0.2340 - acc: 0.9475
Epoch 295/600
13:58:08 Train 65/65 - loss: 0.2427 - acc: 0.9443
13:58:09 Valid 7/7 - loss: 0.2405 - acc: 0.9292
Epoch 296/600
13:58:22 Train 65/65 - loss: 0.2395 - acc: 0.9444
Epoch 297/600
13:58:34 Train 65/65 - loss: 0.2294 - acc: 0.9493
Epoch 298/600
13:58:47 Train 65/65 - loss: 0.2380 - acc: 0.9458
Epoch 299/600
13:59:00 Train 65/65 - loss: 0.2353 - acc: 0.9456
Epoch 300/600
13:59:13 Train 65/65 - loss: 0.2356 - acc: 0.9455
13:59:14 Valid 7/7 - loss: 0.2762 - acc: 0.9156
Epoch 301/600
13:59:26 Train 65/65 - loss: 0.2354 - acc: 0.9456
Epoch 302/600
13:59:39 Train 65/65 - loss: 0.2243 - acc: 0.9493
Epoch 303/600
13:59:52 Train 65/65 - loss: 0.2345 - acc: 0.9461
Epoch 304/600
14:00:04 Train 65/65 - loss: 0.2291 - acc: 0.9473
Epoch 305/600
14:00:17 Train 65/65 - loss: 0.2303 - acc: 0.9466
14:00:18 Valid 7/7 - loss: 0.4166 - acc: 0.8774
Epoch 306/600
14:00:31 Train 65/65 - loss: 0.2267 - acc: 0.9479
Epoch 307/600
14:00:44 Train 65/65 - loss: 0.2299 - acc: 0.9472
Epoch 308/600
14:00:56 Train 65/65 - loss: 0.2250 - acc: 0.9487
Epoch 309/600
14:01:09 Train 65/65 - loss: 0.2241 - acc: 0.9490
Epoch 310/600
14:01:22 Train 65/65 - loss: 0.2224 - acc: 0.9488
14:01:23 Valid 7/7 - loss: 0.2617 - acc: 0.9197
Epoch 311/600
14:01:35 Train 65/65 - loss: 0.2303 - acc: 0.9468
Epoch 312/600
14:01:48 Train 65/65 - loss: 0.2178 - acc: 0.9499
Epoch 313/600
14:02:01 Train 65/65 - loss: 0.2208 - acc: 0.9494
Epoch 314/600
14:02:14 Train 65/65 - loss: 0.2265 - acc: 0.9479
Epoch 315/600
14:02:26 Train 65/65 - loss: 0.2187 - acc: 0.9496
14:02:27 Valid 7/7 - loss: 0.2433 - acc: 0.9262
Epoch 316/600
14:02:40 Train 65/65 - loss: 0.2231 - acc: 0.9491
Epoch 317/600
14:02:53 Train 65/65 - loss: 0.2191 - acc: 0.9502
Epoch 318/600
14:03:06 Train 65/65 - loss: 0.2165 - acc: 0.9507
Epoch 319/600
14:03:18 Train 65/65 - loss: 0.2194 - acc: 0.9509
Epoch 320/600
14:03:31 Train 65/65 - loss: 0.2209 - acc: 0.9494
14:03:32 Valid 7/7 - loss: 0.1942 - acc: 0.9403
Epoch 321/600
14:03:45 Train 65/65 - loss: 0.2156 - acc: 0.9503
Epoch 322/600
14:03:57 Train 65/65 - loss: 0.2155 - acc: 0.9507
Epoch 323/600
14:04:10 Train 65/65 - loss: 0.2161 - acc: 0.9511
Epoch 324/600
14:04:23 Train 65/65 - loss: 0.2105 - acc: 0.9520
Epoch 325/600
14:04:36 Train 65/65 - loss: 0.2109 - acc: 0.9523
14:04:37 Valid 7/7 - loss: 0.2915 - acc: 0.9150
Epoch 326/600
14:04:49 Train 65/65 - loss: 0.2120 - acc: 0.9521
Epoch 327/600
14:05:02 Train 65/65 - loss: 0.2118 - acc: 0.9515
Epoch 328/600
14:05:15 Train 65/65 - loss: 0.2159 - acc: 0.9509
Epoch 329/600
14:05:28 Train 65/65 - loss: 0.2059 - acc: 0.9534
Epoch 330/600
14:05:40 Train 65/65 - loss: 0.2122 - acc: 0.9516
14:05:41 Valid 7/7 - loss: 0.1949 - acc: 0.9392
Epoch 331/600
14:05:54 Train 65/65 - loss: 0.2101 - acc: 0.9521
Epoch 332/600
14:06:07 Train 65/65 - loss: 0.2098 - acc: 0.9524
Epoch 333/600
14:06:19 Train 65/65 - loss: 0.2058 - acc: 0.9529
Epoch 334/600
14:06:32 Train 65/65 - loss: 0.2046 - acc: 0.9530
Epoch 335/600
14:06:45 Train 65/65 - loss: 0.2046 - acc: 0.9535
14:06:46 Valid 7/7 - loss: 0.2997 - acc: 0.9174
Epoch 336/600
14:06:59 Train 65/65 - loss: 0.2011 - acc: 0.9557
Epoch 337/600
14:07:11 Train 65/65 - loss: 0.1961 - acc: 0.9550
Epoch 338/600
14:07:24 Train 65/65 - loss: 0.2038 - acc: 0.9531
Epoch 339/600
14:07:37 Train 65/65 - loss: 0.1957 - acc: 0.9553
Epoch 340/600
14:07:50 Train 65/65 - loss: 0.1989 - acc: 0.9549
14:07:51 Valid 7/7 - loss: 0.2647 - acc: 0.9213
Epoch 341/600
14:08:03 Train 65/65 - loss: 0.1994 - acc: 0.9547
Epoch 342/600
14:08:16 Train 65/65 - loss: 0.2011 - acc: 0.9550
Epoch 343/600
14:08:29 Train 65/65 - loss: 0.1996 - acc: 0.9546
Epoch 344/600
14:08:41 Train 65/65 - loss: 0.1978 - acc: 0.9559
Epoch 345/600
14:08:54 Train 65/65 - loss: 0.1971 - acc: 0.9550
14:08:55 Valid 7/7 - loss: 0.2236 - acc: 0.9355
Epoch 346/600
14:09:08 Train 65/65 - loss: 0.2045 - acc: 0.9543
Epoch 347/600
14:09:20 Train 65/65 - loss: 0.1891 - acc: 0.9569
Epoch 348/600
14:09:33 Train 65/65 - loss: 0.1962 - acc: 0.9541
Epoch 349/600
14:09:46 Train 65/65 - loss: 0.1909 - acc: 0.9572
Epoch 350/600
14:09:59 Train 65/65 - loss: 0.1926 - acc: 0.9565
14:10:00 Valid 7/7 - loss: 0.3350 - acc: 0.9073
Epoch 351/600
14:10:12 Train 65/65 - loss: 0.1906 - acc: 0.9568
Epoch 352/600
14:10:25 Train 65/65 - loss: 0.1897 - acc: 0.9577
Epoch 353/600
14:10:38 Train 65/65 - loss: 0.1780 - acc: 0.9606
Epoch 354/600
14:10:51 Train 65/65 - loss: 0.1926 - acc: 0.9574
Epoch 355/600
14:11:03 Train 65/65 - loss: 0.1842 - acc: 0.9587
14:11:04 Valid 7/7 - loss: 0.2413 - acc: 0.9293
Epoch 356/600
14:11:17 Train 65/65 - loss: 0.1820 - acc: 0.9596
Epoch 357/600
14:11:30 Train 65/65 - loss: 0.1860 - acc: 0.9579
Epoch 358/600
14:11:42 Train 65/65 - loss: 0.1884 - acc: 0.9583
Epoch 359/600
14:11:55 Train 65/65 - loss: 0.1851 - acc: 0.9585
Epoch 360/600
14:12:08 Train 65/65 - loss: 0.1863 - acc: 0.9585
14:12:09 Valid 7/7 - loss: 0.2385 - acc: 0.9352
Epoch 361/600
14:12:22 Train 65/65 - loss: 0.1740 - acc: 0.9612
Epoch 362/600
14:12:34 Train 65/65 - loss: 0.1857 - acc: 0.9567
Epoch 363/600
14:12:47 Train 65/65 - loss: 0.1782 - acc: 0.9594
Epoch 364/600
14:13:00 Train 65/65 - loss: 0.1799 - acc: 0.9598
Epoch 365/600
14:13:13 Train 65/65 - loss: 0.1745 - acc: 0.9615
14:13:14 Valid 7/7 - loss: 0.2955 - acc: 0.9194
Epoch 366/600
14:13:26 Train 65/65 - loss: 0.1761 - acc: 0.9611
Epoch 367/600
14:13:39 Train 65/65 - loss: 0.1757 - acc: 0.9606
Epoch 368/600
14:13:52 Train 65/65 - loss: 0.1829 - acc: 0.9581
Epoch 369/600
14:14:04 Train 65/65 - loss: 0.1781 - acc: 0.9597
Epoch 370/600
14:14:17 Train 65/65 - loss: 0.1712 - acc: 0.9619
14:14:18 Valid 7/7 - loss: 0.2793 - acc: 0.9231
Epoch 371/600
14:14:31 Train 65/65 - loss: 0.1787 - acc: 0.9599
Epoch 372/600
14:14:44 Train 65/65 - loss: 0.1681 - acc: 0.9620
Epoch 373/600
14:14:56 Train 65/65 - loss: 0.1729 - acc: 0.9610
Epoch 374/600
14:15:09 Train 65/65 - loss: 0.1709 - acc: 0.9623
Epoch 375/600
14:15:22 Train 65/65 - loss: 0.1685 - acc: 0.9630
14:15:23 Valid 7/7 - loss: 0.2017 - acc: 0.9412
Epoch 376/600
14:15:35 Train 65/65 - loss: 0.1638 - acc: 0.9636
Epoch 377/600
14:15:48 Train 65/65 - loss: 0.1639 - acc: 0.9633
Epoch 378/600
14:16:01 Train 65/65 - loss: 0.1651 - acc: 0.9635
Epoch 379/600
14:16:14 Train 65/65 - loss: 0.1720 - acc: 0.9618
Epoch 380/600
14:16:26 Train 65/65 - loss: 0.1617 - acc: 0.9651
14:16:27 Valid 7/7 - loss: 0.1942 - acc: 0.9446
Epoch 381/600
14:16:40 Train 65/65 - loss: 0.1587 - acc: 0.9646
Epoch 382/600
14:16:53 Train 65/65 - loss: 0.1697 - acc: 0.9618
Epoch 383/600
14:17:05 Train 65/65 - loss: 0.1636 - acc: 0.9644
Epoch 384/600
14:17:18 Train 65/65 - loss: 0.1540 - acc: 0.9663
Epoch 385/600
14:17:31 Train 65/65 - loss: 0.1647 - acc: 0.9626
14:17:32 Valid 7/7 - loss: 0.1906 - acc: 0.9449
Epoch 386/600
14:17:45 Train 65/65 - loss: 0.1623 - acc: 0.9634
Epoch 387/600
14:17:57 Train 65/65 - loss: 0.1572 - acc: 0.9660
Epoch 388/600
14:18:10 Train 65/65 - loss: 0.1550 - acc: 0.9658
Epoch 389/600
14:18:23 Train 65/65 - loss: 0.1574 - acc: 0.9646
Epoch 390/600
14:18:35 Train 65/65 - loss: 0.1587 - acc: 0.9653
14:18:36 Valid 7/7 - loss: 0.2332 - acc: 0.9340
Epoch 391/600
14:18:49 Train 65/65 - loss: 0.1517 - acc: 0.9662
Epoch 392/600
14:19:02 Train 65/65 - loss: 0.1555 - acc: 0.9654
Epoch 393/600
14:19:15 Train 65/65 - loss: 0.1518 - acc: 0.9665
Epoch 394/600
14:19:27 Train 65/65 - loss: 0.1517 - acc: 0.9658
Epoch 395/600
14:19:40 Train 65/65 - loss: 0.1519 - acc: 0.9667
14:19:41 Valid 7/7 - loss: 0.2278 - acc: 0.9336
Epoch 396/600
14:19:54 Train 65/65 - loss: 0.1508 - acc: 0.9663
Epoch 397/600
14:20:07 Train 65/65 - loss: 0.1485 - acc: 0.9666
Epoch 398/600
14:20:19 Train 65/65 - loss: 0.1489 - acc: 0.9668
Epoch 399/600
14:20:32 Train 65/65 - loss: 0.1486 - acc: 0.9673
Epoch 400/600
14:20:45 Train 65/65 - loss: 0.1435 - acc: 0.9677
14:20:46 Valid 7/7 - loss: 0.2416 - acc: 0.9337
Epoch 401/600
14:20:58 Train 65/65 - loss: 0.1458 - acc: 0.9694
Epoch 402/600
14:21:11 Train 65/65 - loss: 0.1483 - acc: 0.9675
Epoch 403/600
14:21:24 Train 65/65 - loss: 0.1463 - acc: 0.9680
Epoch 404/600
14:21:37 Train 65/65 - loss: 0.1449 - acc: 0.9690
Epoch 405/600
14:21:49 Train 65/65 - loss: 0.1453 - acc: 0.9687
14:21:50 Valid 7/7 - loss: 0.2318 - acc: 0.9372
Epoch 406/600
14:22:03 Train 65/65 - loss: 0.1427 - acc: 0.9678
Epoch 407/600
14:22:16 Train 65/65 - loss: 0.1394 - acc: 0.9697
Epoch 408/600
14:22:28 Train 65/65 - loss: 0.1463 - acc: 0.9682
Epoch 409/600
14:22:41 Train 65/65 - loss: 0.1401 - acc: 0.9695
Epoch 410/600
14:22:54 Train 65/65 - loss: 0.1346 - acc: 0.9704
14:22:55 Valid 7/7 - loss: 0.1715 - acc: 0.9515
Epoch 411/600
14:23:08 Train 65/65 - loss: 0.1354 - acc: 0.9709
Epoch 412/600
14:23:20 Train 65/65 - loss: 0.1422 - acc: 0.9685
Epoch 413/600
14:23:33 Train 65/65 - loss: 0.1312 - acc: 0.9707
Epoch 414/600
14:23:46 Train 65/65 - loss: 0.1305 - acc: 0.9715
Epoch 415/600
14:23:58 Train 65/65 - loss: 0.1311 - acc: 0.9713
14:23:59 Valid 7/7 - loss: 0.1653 - acc: 0.9529
Epoch 416/600
14:24:12 Train 65/65 - loss: 0.1325 - acc: 0.9705
Epoch 417/600
14:24:25 Train 65/65 - loss: 0.1326 - acc: 0.9710
Epoch 418/600
14:24:38 Train 65/65 - loss: 0.1337 - acc: 0.9707
Epoch 419/600
14:24:50 Train 65/65 - loss: 0.1236 - acc: 0.9737
Epoch 420/600
14:25:03 Train 65/65 - loss: 0.1283 - acc: 0.9721
14:25:04 Valid 7/7 - loss: 0.1997 - acc: 0.9421
Epoch 421/600
14:25:17 Train 65/65 - loss: 0.1360 - acc: 0.9706
Epoch 422/600
14:25:30 Train 65/65 - loss: 0.1291 - acc: 0.9724
Epoch 423/600
14:25:42 Train 65/65 - loss: 0.1261 - acc: 0.9731
Epoch 424/600
14:25:55 Train 65/65 - loss: 0.1289 - acc: 0.9716
Epoch 425/600
14:26:08 Train 65/65 - loss: 0.1226 - acc: 0.9738
14:26:09 Valid 7/7 - loss: 0.1774 - acc: 0.9495
Epoch 426/600
14:26:21 Train 65/65 - loss: 0.1238 - acc: 0.9734
Epoch 427/600
14:26:34 Train 65/65 - loss: 0.1233 - acc: 0.9733
Epoch 428/600
14:26:47 Train 65/65 - loss: 0.1236 - acc: 0.9738
Epoch 429/600
14:27:00 Train 65/65 - loss: 0.1181 - acc: 0.9744
Epoch 430/600
14:27:12 Train 65/65 - loss: 0.1225 - acc: 0.9736
14:27:13 Valid 7/7 - loss: 0.1937 - acc: 0.9472
Epoch 431/600
14:27:26 Train 65/65 - loss: 0.1165 - acc: 0.9753
Epoch 432/600
14:27:39 Train 65/65 - loss: 0.1202 - acc: 0.9743
Epoch 433/600
14:27:52 Train 65/65 - loss: 0.1179 - acc: 0.9749
Epoch 434/600
14:28:04 Train 65/65 - loss: 0.1159 - acc: 0.9747
Epoch 435/600
14:28:17 Train 65/65 - loss: 0.1165 - acc: 0.9742
14:28:18 Valid 7/7 - loss: 0.1829 - acc: 0.9500
Epoch 436/600
14:28:31 Train 65/65 - loss: 0.1156 - acc: 0.9750
Epoch 437/600
14:28:43 Train 65/65 - loss: 0.1102 - acc: 0.9771
Epoch 438/600
14:28:56 Train 65/65 - loss: 0.1088 - acc: 0.9771
Epoch 439/600
14:29:09 Train 65/65 - loss: 0.1107 - acc: 0.9763
Epoch 440/600
14:29:22 Train 65/65 - loss: 0.1094 - acc: 0.9770
14:29:23 Valid 7/7 - loss: 0.1844 - acc: 0.9472
Epoch 441/600
14:29:36 Train 65/65 - loss: 0.1066 - acc: 0.9777
Epoch 442/600
14:29:48 Train 65/65 - loss: 0.1113 - acc: 0.9760
Epoch 443/600
14:30:01 Train 65/65 - loss: 0.1083 - acc: 0.9762
Epoch 444/600
14:30:14 Train 65/65 - loss: 0.1064 - acc: 0.9780
Epoch 445/600
14:30:26 Train 65/65 - loss: 0.1086 - acc: 0.9770
14:30:28 Valid 7/7 - loss: 0.1648 - acc: 0.9553
Epoch 446/600
14:30:40 Train 65/65 - loss: 0.1075 - acc: 0.9769
Epoch 447/600
14:30:53 Train 65/65 - loss: 0.1028 - acc: 0.9793
Epoch 448/600
14:31:06 Train 65/65 - loss: 0.1010 - acc: 0.9788
Epoch 449/600
14:31:18 Train 65/65 - loss: 0.1013 - acc: 0.9783
Epoch 450/600
14:31:31 Train 65/65 - loss: 0.0960 - acc: 0.9806
14:31:32 Valid 7/7 - loss: 0.1779 - acc: 0.9518
Epoch 451/600
14:31:45 Train 65/65 - loss: 0.0952 - acc: 0.9797
Epoch 452/600
14:31:58 Train 65/65 - loss: 0.0990 - acc: 0.9799
Epoch 453/600
14:32:10 Train 65/65 - loss: 0.1031 - acc: 0.9779
Epoch 454/600
14:32:23 Train 65/65 - loss: 0.0923 - acc: 0.9811
Epoch 455/600
14:32:36 Train 65/65 - loss: 0.0985 - acc: 0.9794
14:32:37 Valid 7/7 - loss: 0.1719 - acc: 0.9510
Epoch 456/600
14:32:49 Train 65/65 - loss: 0.0924 - acc: 0.9805
Epoch 457/600
14:33:02 Train 65/65 - loss: 0.0947 - acc: 0.9800
Epoch 458/600
14:33:15 Train 65/65 - loss: 0.0938 - acc: 0.9800
Epoch 459/600
14:33:28 Train 65/65 - loss: 0.0926 - acc: 0.9803
Epoch 460/600
14:33:40 Train 65/65 - loss: 0.0950 - acc: 0.9802
14:33:41 Valid 7/7 - loss: 0.1448 - acc: 0.9593
Epoch 461/600
14:33:54 Train 65/65 - loss: 0.0898 - acc: 0.9818
Epoch 462/600
14:34:07 Train 65/65 - loss: 0.0893 - acc: 0.9818
Epoch 463/600
14:34:20 Train 65/65 - loss: 0.0880 - acc: 0.9817
Epoch 464/600
14:34:32 Train 65/65 - loss: 0.0878 - acc: 0.9817
Epoch 465/600
14:34:45 Train 65/65 - loss: 0.0892 - acc: 0.9818
14:34:46 Valid 7/7 - loss: 0.2061 - acc: 0.9451
Epoch 466/600
14:34:59 Train 65/65 - loss: 0.0879 - acc: 0.9825
Epoch 467/600
14:35:12 Train 65/65 - loss: 0.0858 - acc: 0.9820
Epoch 468/600
14:35:24 Train 65/65 - loss: 0.0858 - acc: 0.9815
Epoch 469/600
14:35:37 Train 65/65 - loss: 0.0837 - acc: 0.9829
Epoch 470/600
14:35:50 Train 65/65 - loss: 0.0843 - acc: 0.9824
14:35:51 Valid 7/7 - loss: 0.1734 - acc: 0.9539
Epoch 471/600
14:36:04 Train 65/65 - loss: 0.0852 - acc: 0.9819
Epoch 472/600
14:36:16 Train 65/65 - loss: 0.0811 - acc: 0.9836
Epoch 473/600
14:36:29 Train 65/65 - loss: 0.0813 - acc: 0.9831
Epoch 474/600
14:36:42 Train 65/65 - loss: 0.0760 - acc: 0.9846
Epoch 475/600
14:36:54 Train 65/65 - loss: 0.0767 - acc: 0.9845
14:36:55 Valid 7/7 - loss: 0.1605 - acc: 0.9575
Epoch 476/600
14:37:08 Train 65/65 - loss: 0.0783 - acc: 0.9834
Epoch 477/600
14:37:21 Train 65/65 - loss: 0.0761 - acc: 0.9846
Epoch 478/600
14:37:34 Train 65/65 - loss: 0.0746 - acc: 0.9849
Epoch 479/600
14:37:46 Train 65/65 - loss: 0.0748 - acc: 0.9851
Epoch 480/600
14:37:59 Train 65/65 - loss: 0.0694 - acc: 0.9860
14:38:00 Valid 7/7 - loss: 0.1606 - acc: 0.9586
Epoch 481/600
14:38:13 Train 65/65 - loss: 0.0728 - acc: 0.9848
Epoch 482/600
14:38:25 Train 65/65 - loss: 0.0701 - acc: 0.9855
Epoch 483/600
14:38:38 Train 65/65 - loss: 0.0712 - acc: 0.9854
Epoch 484/600
14:38:51 Train 65/65 - loss: 0.0723 - acc: 0.9853
Epoch 485/600
14:39:03 Train 65/65 - loss: 0.0669 - acc: 0.9863
14:39:04 Valid 7/7 - loss: 0.1533 - acc: 0.9590
Epoch 486/600
14:39:17 Train 65/65 - loss: 0.0676 - acc: 0.9858
Epoch 487/600
14:39:30 Train 65/65 - loss: 0.0646 - acc: 0.9879
Epoch 488/600
14:39:43 Train 65/65 - loss: 0.0685 - acc: 0.9866
Epoch 489/600
14:39:55 Train 65/65 - loss: 0.0681 - acc: 0.9863
Epoch 490/600
14:40:08 Train 65/65 - loss: 0.0645 - acc: 0.9874
14:40:09 Valid 7/7 - loss: 0.1619 - acc: 0.9584
Epoch 491/600
14:40:22 Train 65/65 - loss: 0.0644 - acc: 0.9875
Epoch 492/600
14:40:35 Train 65/65 - loss: 0.0641 - acc: 0.9878
Epoch 493/600
14:40:47 Train 65/65 - loss: 0.0648 - acc: 0.9870
Epoch 494/600
14:41:00 Train 65/65 - loss: 0.0612 - acc: 0.9881
Epoch 495/600
14:41:13 Train 65/65 - loss: 0.0588 - acc: 0.9885
14:41:14 Valid 7/7 - loss: 0.1680 - acc: 0.9545
Epoch 496/600
14:41:26 Train 65/65 - loss: 0.0616 - acc: 0.9879
Epoch 497/600
14:41:39 Train 65/65 - loss: 0.0580 - acc: 0.9887
Epoch 498/600
14:41:52 Train 65/65 - loss: 0.0560 - acc: 0.9897
Epoch 499/600
14:42:04 Train 65/65 - loss: 0.0579 - acc: 0.9886
Epoch 500/600
14:42:17 Train 65/65 - loss: 0.0519 - acc: 0.9900
14:42:18 Valid 7/7 - loss: 0.1668 - acc: 0.9565
Epoch 501/600
14:42:31 Train 65/65 - loss: 0.0573 - acc: 0.9883
Epoch 502/600
14:42:44 Train 65/65 - loss: 0.0571 - acc: 0.9894
Epoch 503/600
14:42:56 Train 65/65 - loss: 0.0578 - acc: 0.9890
Epoch 504/600
14:43:09 Train 65/65 - loss: 0.0523 - acc: 0.9901
Epoch 505/600
14:43:22 Train 65/65 - loss: 0.0505 - acc: 0.9905
14:43:23 Valid 7/7 - loss: 0.1569 - acc: 0.9598
Epoch 506/600
14:43:35 Train 65/65 - loss: 0.0520 - acc: 0.9901
Epoch 507/600
14:43:48 Train 65/65 - loss: 0.0509 - acc: 0.9901
Epoch 508/600
14:44:01 Train 65/65 - loss: 0.0538 - acc: 0.9895
Epoch 509/600
14:44:14 Train 65/65 - loss: 0.0505 - acc: 0.9901
Epoch 510/600
14:44:26 Train 65/65 - loss: 0.0477 - acc: 0.9912
14:44:27 Valid 7/7 - loss: 0.1620 - acc: 0.9590
Epoch 511/600
14:44:40 Train 65/65 - loss: 0.0486 - acc: 0.9911
Epoch 512/600
14:44:53 Train 65/65 - loss: 0.0447 - acc: 0.9916
Epoch 513/600
14:45:06 Train 65/65 - loss: 0.0466 - acc: 0.9913
Epoch 514/600
14:45:18 Train 65/65 - loss: 0.0467 - acc: 0.9909
Epoch 515/600
14:45:31 Train 65/65 - loss: 0.0479 - acc: 0.9910
14:45:32 Valid 7/7 - loss: 0.1443 - acc: 0.9637
Epoch 516/600
14:45:45 Train 65/65 - loss: 0.0445 - acc: 0.9918
Epoch 517/600
14:45:57 Train 65/65 - loss: 0.0439 - acc: 0.9916
Epoch 518/600
14:46:10 Train 65/65 - loss: 0.0433 - acc: 0.9920
Epoch 519/600
14:46:23 Train 65/65 - loss: 0.0443 - acc: 0.9920
Epoch 520/600
14:46:35 Train 65/65 - loss: 0.0402 - acc: 0.9929
14:46:37 Valid 7/7 - loss: 0.1379 - acc: 0.9636
Epoch 521/600
14:46:49 Train 65/65 - loss: 0.0406 - acc: 0.9924
Epoch 522/600
14:47:02 Train 65/65 - loss: 0.0421 - acc: 0.9922
Epoch 523/600
14:47:15 Train 65/65 - loss: 0.0373 - acc: 0.9933
Epoch 524/600
14:47:27 Train 65/65 - loss: 0.0366 - acc: 0.9935
Epoch 525/600
14:47:40 Train 65/65 - loss: 0.0400 - acc: 0.9924
14:47:41 Valid 7/7 - loss: 0.1258 - acc: 0.9672
Epoch 526/600
14:47:54 Train 65/65 - loss: 0.0367 - acc: 0.9935
Epoch 527/600
14:48:07 Train 65/65 - loss: 0.0373 - acc: 0.9934
Epoch 528/600
14:48:19 Train 65/65 - loss: 0.0354 - acc: 0.9937
Epoch 529/600
14:48:32 Train 65/65 - loss: 0.0358 - acc: 0.9938
Epoch 530/600
14:48:45 Train 65/65 - loss: 0.0349 - acc: 0.9939
14:48:46 Valid 7/7 - loss: 0.1377 - acc: 0.9647
Epoch 531/600
14:48:58 Train 65/65 - loss: 0.0337 - acc: 0.9941
Epoch 532/600
14:49:11 Train 65/65 - loss: 0.0319 - acc: 0.9949
Epoch 533/600
14:49:24 Train 65/65 - loss: 0.0342 - acc: 0.9942
Epoch 534/600
14:49:36 Train 65/65 - loss: 0.0318 - acc: 0.9945
Epoch 535/600
14:49:49 Train 65/65 - loss: 0.0326 - acc: 0.9944
14:49:50 Valid 7/7 - loss: 0.1368 - acc: 0.9658
Epoch 536/600
14:50:03 Train 65/65 - loss: 0.0336 - acc: 0.9939
Epoch 537/600
14:50:16 Train 65/65 - loss: 0.0321 - acc: 0.9943
Epoch 538/600
14:50:28 Train 65/65 - loss: 0.0302 - acc: 0.9951
Epoch 539/600
14:50:41 Train 65/65 - loss: 0.0308 - acc: 0.9948
Epoch 540/600
14:50:54 Train 65/65 - loss: 0.0304 - acc: 0.9946
14:50:55 Valid 7/7 - loss: 0.1303 - acc: 0.9664
Epoch 541/600
14:51:08 Train 65/65 - loss: 0.0300 - acc: 0.9954
Epoch 542/600
14:51:20 Train 65/65 - loss: 0.0281 - acc: 0.9953
Epoch 543/600
14:51:33 Train 65/65 - loss: 0.0293 - acc: 0.9950
Epoch 544/600
14:51:46 Train 65/65 - loss: 0.0269 - acc: 0.9959
Epoch 545/600
14:51:59 Train 65/65 - loss: 0.0269 - acc: 0.9957
14:52:00 Valid 7/7 - loss: 0.1280 - acc: 0.9689
Epoch 546/600
14:52:12 Train 65/65 - loss: 0.0261 - acc: 0.9958
Epoch 547/600
14:52:25 Train 65/65 - loss: 0.0270 - acc: 0.9954
Epoch 548/600
14:52:38 Train 65/65 - loss: 0.0271 - acc: 0.9957
Epoch 549/600
14:52:50 Train 65/65 - loss: 0.0256 - acc: 0.9959
Epoch 550/600
14:53:03 Train 65/65 - loss: 0.0243 - acc: 0.9965
14:53:04 Valid 7/7 - loss: 0.1273 - acc: 0.9685
Epoch 551/600
14:53:17 Train 65/65 - loss: 0.0251 - acc: 0.9958
Epoch 552/600
14:53:30 Train 65/65 - loss: 0.0246 - acc: 0.9960
Epoch 553/600
14:53:42 Train 65/65 - loss: 0.0238 - acc: 0.9962
Epoch 554/600
14:53:55 Train 65/65 - loss: 0.0242 - acc: 0.9963
Epoch 555/600
14:54:08 Train 65/65 - loss: 0.0230 - acc: 0.9964
14:54:09 Valid 7/7 - loss: 0.1246 - acc: 0.9700
Epoch 556/600
14:54:21 Train 65/65 - loss: 0.0227 - acc: 0.9970
Epoch 557/600
14:54:34 Train 65/65 - loss: 0.0222 - acc: 0.9966
Epoch 558/600
14:54:47 Train 65/65 - loss: 0.0219 - acc: 0.9967
Epoch 559/600
14:55:00 Train 65/65 - loss: 0.0221 - acc: 0.9968
Epoch 560/600
14:55:12 Train 65/65 - loss: 0.0231 - acc: 0.9962
14:55:13 Valid 7/7 - loss: 0.1278 - acc: 0.9679
Epoch 561/600
14:55:26 Train 65/65 - loss: 0.0222 - acc: 0.9966
Epoch 562/600
14:55:39 Train 65/65 - loss: 0.0211 - acc: 0.9969
Epoch 563/600
14:55:51 Train 65/65 - loss: 0.0190 - acc: 0.9974
Epoch 564/600
14:56:04 Train 65/65 - loss: 0.0207 - acc: 0.9973
Epoch 565/600
14:56:17 Train 65/65 - loss: 0.0203 - acc: 0.9971
14:56:18 Valid 7/7 - loss: 0.1295 - acc: 0.9682
Epoch 566/600
14:56:31 Train 65/65 - loss: 0.0197 - acc: 0.9973
Epoch 567/600
14:56:43 Train 65/65 - loss: 0.0205 - acc: 0.9974
Epoch 568/600
14:56:56 Train 65/65 - loss: 0.0191 - acc: 0.9971
Epoch 569/600
14:57:09 Train 65/65 - loss: 0.0192 - acc: 0.9974
Epoch 570/600
14:57:22 Train 65/65 - loss: 0.0198 - acc: 0.9972
14:57:23 Valid 7/7 - loss: 0.1237 - acc: 0.9704
Epoch 571/600
14:57:35 Train 65/65 - loss: 0.0206 - acc: 0.9970
Epoch 572/600
14:57:48 Train 65/65 - loss: 0.0195 - acc: 0.9972
Epoch 573/600
14:58:01 Train 65/65 - loss: 0.0196 - acc: 0.9972
Epoch 574/600
14:58:13 Train 65/65 - loss: 0.0192 - acc: 0.9972
Epoch 575/600
14:58:26 Train 65/65 - loss: 0.0184 - acc: 0.9974
14:58:27 Valid 7/7 - loss: 0.1208 - acc: 0.9696
Epoch 576/600
14:58:40 Train 65/65 - loss: 0.0190 - acc: 0.9976
Epoch 577/600
14:58:53 Train 65/65 - loss: 0.0179 - acc: 0.9979
Epoch 578/600
14:59:05 Train 65/65 - loss: 0.0180 - acc: 0.9978
Epoch 579/600
14:59:18 Train 65/65 - loss: 0.0201 - acc: 0.9971
Epoch 580/600
14:59:31 Train 65/65 - loss: 0.0178 - acc: 0.9979
14:59:32 Valid 7/7 - loss: 0.1218 - acc: 0.9687
Epoch 581/600
14:59:44 Train 65/65 - loss: 0.0173 - acc: 0.9974
Epoch 582/600
14:59:57 Train 65/65 - loss: 0.0178 - acc: 0.9976
Epoch 583/600
15:00:10 Train 65/65 - loss: 0.0174 - acc: 0.9976
Epoch 584/600
15:00:23 Train 65/65 - loss: 0.0185 - acc: 0.9974
Epoch 585/600
15:00:35 Train 65/65 - loss: 0.0182 - acc: 0.9976
15:00:36 Valid 7/7 - loss: 0.1214 - acc: 0.9693
Epoch 586/600
15:00:49 Train 65/65 - loss: 0.0173 - acc: 0.9978
Epoch 587/600
15:01:02 Train 65/65 - loss: 0.0167 - acc: 0.9979
Epoch 588/600
15:01:14 Train 65/65 - loss: 0.0169 - acc: 0.9977
Epoch 589/600
15:01:27 Train 65/65 - loss: 0.0174 - acc: 0.9979
Epoch 590/600
15:01:40 Train 65/65 - loss: 0.0196 - acc: 0.9973
15:01:41 Valid 7/7 - loss: 0.1211 - acc: 0.9689
Epoch 591/600
15:01:54 Train 65/65 - loss: 0.0177 - acc: 0.9979
Epoch 592/600
15:02:06 Train 65/65 - loss: 0.0179 - acc: 0.9976
Epoch 593/600
15:02:19 Train 65/65 - loss: 0.0165 - acc: 0.9979
Epoch 594/600
15:02:32 Train 65/65 - loss: 0.0170 - acc: 0.9979
Epoch 595/600
15:02:45 Train 65/65 - loss: 0.0168 - acc: 0.9976
15:02:46 Valid 7/7 - loss: 0.1215 - acc: 0.9687
Epoch 596/600
15:02:58 Train 65/65 - loss: 0.0171 - acc: 0.9977
Epoch 597/600
15:03:11 Train 65/65 - loss: 0.0182 - acc: 0.9975
Epoch 598/600
15:03:24 Train 65/65 - loss: 0.0171 - acc: 0.9976
Epoch 599/600
15:03:36 Train 65/65 - loss: 0.0169 - acc: 0.9980
Epoch 600/600
15:03:49 Train 65/65 - loss: 0.0174 - acc: 0.9975
15:03:50 Valid 7/7 - loss: 0.1215 - acc: 0.9687