Epoch 1/600
15:07:16 Train 390/390 - loss: 2.6600 - acc: 0.2878
Epoch 2/600
15:07:46 Train 390/390 - loss: 2.1032 - acc: 0.4494
WARNING:tensorflow:From /usr/local/lib/python3.6/dist-packages/tensorflow/python/data/ops/multi_device_iterator_ops.py:601: get_next_as_optional (from tensorflow.python.data.ops.iterator_ops) is deprecated and will be removed in a future version.
Instructions for updating:
Use `tf.data.Iterator.get_next_as_optional()` instead.
WARNING:tensorflow:From /usr/local/lib/python3.6/dist-packages/tensorflow/python/data/ops/multi_device_iterator_ops.py:601: get_next_as_optional (from tensorflow.python.data.ops.iterator_ops) is deprecated and will be removed in a future version.
Instructions for updating:
Use `tf.data.Iterator.get_next_as_optional()` instead.
15:09:06 Valid 5/5 - loss: 2.8656 - acc: 0.4298
Epoch 3/600
15:09:37 Train 390/390 - loss: 1.7811 - acc: 0.5415
Epoch 4/600
15:10:07 Train 390/390 - loss: 1.5688 - acc: 0.6008
15:10:08 Valid 5/5 - loss: 1.0812 - acc: 0.6268
Epoch 5/600
15:10:39 Train 390/390 - loss: 1.3974 - acc: 0.6479
Epoch 6/600
15:11:09 Train 390/390 - loss: 1.2735 - acc: 0.6777
15:11:10 Valid 5/5 - loss: 0.9545 - acc: 0.6876
Epoch 7/600
15:11:40 Train 390/390 - loss: 1.1691 - acc: 0.7070
Epoch 8/600
15:12:10 Train 390/390 - loss: 1.0703 - acc: 0.7331
15:12:12 Valid 5/5 - loss: 0.7069 - acc: 0.7692
Epoch 9/600
15:12:42 Train 390/390 - loss: 0.9920 - acc: 0.7554
Epoch 10/600
15:13:12 Train 390/390 - loss: 0.9381 - acc: 0.7658
15:13:14 Valid 5/5 - loss: 0.5996 - acc: 0.8028
Epoch 11/600
15:13:44 Train 390/390 - loss: 0.8909 - acc: 0.7799
Epoch 12/600
15:14:14 Train 390/390 - loss: 0.8255 - acc: 0.7964
15:14:16 Valid 5/5 - loss: 0.6433 - acc: 0.7965
Epoch 13/600
15:14:46 Train 390/390 - loss: 0.7947 - acc: 0.8031
Epoch 14/600
15:15:16 Train 390/390 - loss: 0.7643 - acc: 0.8113
15:15:18 Valid 5/5 - loss: 0.4852 - acc: 0.8357
Epoch 15/600
15:15:48 Train 390/390 - loss: 0.7329 - acc: 0.8181
Epoch 16/600
15:16:18 Train 390/390 - loss: 0.7112 - acc: 0.8247
15:16:19 Valid 5/5 - loss: 0.4976 - acc: 0.8409
Epoch 17/600
15:16:50 Train 390/390 - loss: 0.6894 - acc: 0.8289
Epoch 18/600
15:17:20 Train 390/390 - loss: 0.6711 - acc: 0.8347
15:17:21 Valid 5/5 - loss: 0.4548 - acc: 0.8432
Epoch 19/600
15:17:52 Train 390/390 - loss: 0.6449 - acc: 0.8410
Epoch 20/600
15:18:22 Train 390/390 - loss: 0.6285 - acc: 0.8459
15:18:24 Valid 5/5 - loss: 0.4848 - acc: 0.8428
Epoch 21/600
15:18:54 Train 390/390 - loss: 0.6099 - acc: 0.8489
Epoch 22/600
15:19:24 Train 390/390 - loss: 0.6026 - acc: 0.8493
15:19:25 Valid 5/5 - loss: 0.5161 - acc: 0.8332
Epoch 23/600
15:19:56 Train 390/390 - loss: 0.5880 - acc: 0.8534
Epoch 24/600
15:20:26 Train 390/390 - loss: 0.5726 - acc: 0.8579
15:20:27 Valid 5/5 - loss: 0.3539 - acc: 0.8811
Epoch 25/600
15:20:57 Train 390/390 - loss: 0.5602 - acc: 0.8606
Epoch 26/600
15:21:28 Train 390/390 - loss: 0.5558 - acc: 0.8624
15:21:29 Valid 5/5 - loss: 0.4133 - acc: 0.8659
Epoch 27/600
15:21:59 Train 390/390 - loss: 0.5403 - acc: 0.8662
Epoch 28/600
15:22:29 Train 390/390 - loss: 0.5258 - acc: 0.8699
15:22:31 Valid 5/5 - loss: 0.3537 - acc: 0.8826
Epoch 29/600
15:23:01 Train 390/390 - loss: 0.5275 - acc: 0.8699
Epoch 30/600
15:23:31 Train 390/390 - loss: 0.5172 - acc: 0.8726
15:23:32 Valid 5/5 - loss: 0.3408 - acc: 0.8917
Epoch 31/600
15:24:02 Train 390/390 - loss: 0.4998 - acc: 0.8770
Epoch 32/600
15:24:33 Train 390/390 - loss: 0.4942 - acc: 0.8784
15:24:34 Valid 5/5 - loss: 0.3134 - acc: 0.8969
Epoch 33/600
15:25:04 Train 390/390 - loss: 0.4924 - acc: 0.8770
Epoch 34/600
15:25:34 Train 390/390 - loss: 0.4868 - acc: 0.8795
15:25:36 Valid 5/5 - loss: 0.3442 - acc: 0.8855
Epoch 35/600
15:26:06 Train 390/390 - loss: 0.4834 - acc: 0.8812
Epoch 36/600
15:26:36 Train 390/390 - loss: 0.4756 - acc: 0.8819
15:26:37 Valid 5/5 - loss: 0.3085 - acc: 0.8987
Epoch 37/600
15:27:07 Train 390/390 - loss: 0.4746 - acc: 0.8824
Epoch 38/600
15:27:37 Train 390/390 - loss: 0.4698 - acc: 0.8845
15:27:39 Valid 5/5 - loss: 0.3276 - acc: 0.8929
Epoch 39/600
15:28:09 Train 390/390 - loss: 0.4656 - acc: 0.8846
Epoch 40/600
15:28:39 Train 390/390 - loss: 0.4572 - acc: 0.8874
15:28:40 Valid 5/5 - loss: 0.3521 - acc: 0.8860
Epoch 41/600
15:29:11 Train 390/390 - loss: 0.4561 - acc: 0.8865
Epoch 42/600
15:29:41 Train 390/390 - loss: 0.4465 - acc: 0.8898
15:29:42 Valid 5/5 - loss: 0.2908 - acc: 0.9046
Epoch 43/600
15:30:12 Train 390/390 - loss: 0.4507 - acc: 0.8887
Epoch 44/600
15:30:42 Train 390/390 - loss: 0.4407 - acc: 0.8916
15:30:44 Valid 5/5 - loss: 0.2800 - acc: 0.9122
Epoch 45/600
15:31:14 Train 390/390 - loss: 0.4460 - acc: 0.8905
Epoch 46/600
15:31:44 Train 390/390 - loss: 0.4370 - acc: 0.8929
15:31:46 Valid 5/5 - loss: 0.3105 - acc: 0.8975
Epoch 47/600
15:32:16 Train 390/390 - loss: 0.4286 - acc: 0.8942
Epoch 48/600
15:32:47 Train 390/390 - loss: 0.4353 - acc: 0.8926
15:32:48 Valid 5/5 - loss: 0.2434 - acc: 0.9188
Epoch 49/600
15:33:18 Train 390/390 - loss: 0.4256 - acc: 0.8964
Epoch 50/600
15:33:48 Train 390/390 - loss: 0.4273 - acc: 0.8953
15:33:50 Valid 5/5 - loss: 0.2675 - acc: 0.9111
Epoch 51/600
15:34:20 Train 390/390 - loss: 0.4181 - acc: 0.8965
Epoch 52/600
15:34:50 Train 390/390 - loss: 0.4136 - acc: 0.8976
15:34:51 Valid 5/5 - loss: 0.3372 - acc: 0.8965
Epoch 53/600
15:35:21 Train 390/390 - loss: 0.4102 - acc: 0.9000
Epoch 54/600
15:35:52 Train 390/390 - loss: 0.4165 - acc: 0.8982
15:35:53 Valid 5/5 - loss: 0.2625 - acc: 0.9144
Epoch 55/600
15:36:23 Train 390/390 - loss: 0.4102 - acc: 0.8988
Epoch 56/600
15:36:53 Train 390/390 - loss: 0.4141 - acc: 0.8977
15:36:55 Valid 5/5 - loss: 0.3500 - acc: 0.8870
Epoch 57/600
15:37:25 Train 390/390 - loss: 0.4117 - acc: 0.8988
Epoch 58/600
15:37:55 Train 390/390 - loss: 0.4070 - acc: 0.8998
15:37:57 Valid 5/5 - loss: 0.3041 - acc: 0.9029
Epoch 59/600
15:38:27 Train 390/390 - loss: 0.3997 - acc: 0.9021
Epoch 60/600
15:38:57 Train 390/390 - loss: 0.3924 - acc: 0.9046
15:38:59 Valid 5/5 - loss: 0.3243 - acc: 0.8978
Epoch 61/600
15:39:29 Train 390/390 - loss: 0.4053 - acc: 0.8997
Epoch 62/600
15:39:59 Train 390/390 - loss: 0.4019 - acc: 0.9032
15:40:00 Valid 5/5 - loss: 0.3450 - acc: 0.8929
Epoch 63/600
15:40:31 Train 390/390 - loss: 0.3929 - acc: 0.9037
Epoch 64/600
15:41:01 Train 390/390 - loss: 0.3877 - acc: 0.9044
15:41:02 Valid 5/5 - loss: 0.2935 - acc: 0.9065
Epoch 65/600
15:41:33 Train 390/390 - loss: 0.3955 - acc: 0.9031
Epoch 66/600
15:42:03 Train 390/390 - loss: 0.3882 - acc: 0.9050
15:42:04 Valid 5/5 - loss: 0.2783 - acc: 0.9111
Epoch 67/600
15:42:34 Train 390/390 - loss: 0.3873 - acc: 0.9050
Epoch 68/600
15:43:04 Train 390/390 - loss: 0.3843 - acc: 0.9067
15:43:06 Valid 5/5 - loss: 0.3270 - acc: 0.8982
Epoch 69/600
15:43:36 Train 390/390 - loss: 0.3842 - acc: 0.9048
Epoch 70/600
15:44:06 Train 390/390 - loss: 0.3834 - acc: 0.9051
15:44:08 Valid 5/5 - loss: 0.2401 - acc: 0.9201
Epoch 71/600
15:44:38 Train 390/390 - loss: 0.3792 - acc: 0.9086
Epoch 72/600
15:45:09 Train 390/390 - loss: 0.3802 - acc: 0.9064
15:45:10 Valid 5/5 - loss: 0.2541 - acc: 0.9162
Epoch 73/600
15:45:40 Train 390/390 - loss: 0.3823 - acc: 0.9056
Epoch 74/600
15:46:11 Train 390/390 - loss: 0.3671 - acc: 0.9108
15:46:12 Valid 5/5 - loss: 0.3754 - acc: 0.8896
Epoch 75/600
15:46:42 Train 390/390 - loss: 0.3832 - acc: 0.9056
Epoch 76/600
15:47:12 Train 390/390 - loss: 0.3735 - acc: 0.9094
15:47:14 Valid 5/5 - loss: 0.2881 - acc: 0.9135
Epoch 77/600
15:47:44 Train 390/390 - loss: 0.3749 - acc: 0.9077
Epoch 78/600
15:48:14 Train 390/390 - loss: 0.3694 - acc: 0.9100
15:48:16 Valid 5/5 - loss: 0.2447 - acc: 0.9230
Epoch 79/600
15:48:46 Train 390/390 - loss: 0.3812 - acc: 0.9077
Epoch 80/600
15:49:16 Train 390/390 - loss: 0.3688 - acc: 0.9096
15:49:18 Valid 5/5 - loss: 0.2258 - acc: 0.9276
Epoch 81/600
15:49:48 Train 390/390 - loss: 0.3654 - acc: 0.9103
Epoch 82/600
15:50:18 Train 390/390 - loss: 0.3626 - acc: 0.9125
15:50:19 Valid 5/5 - loss: 0.2664 - acc: 0.9184
Epoch 83/600
15:50:50 Train 390/390 - loss: 0.3648 - acc: 0.9111
Epoch 84/600
15:51:20 Train 390/390 - loss: 0.3720 - acc: 0.9105
15:51:21 Valid 5/5 - loss: 0.2160 - acc: 0.9293
Epoch 85/600
15:51:52 Train 390/390 - loss: 0.3614 - acc: 0.9127
Epoch 86/600
15:52:22 Train 390/390 - loss: 0.3618 - acc: 0.9111
15:52:23 Valid 5/5 - loss: 0.2624 - acc: 0.9164
Epoch 87/600
15:52:53 Train 390/390 - loss: 0.3614 - acc: 0.9120
Epoch 88/600
15:53:23 Train 390/390 - loss: 0.3612 - acc: 0.9115
15:53:25 Valid 5/5 - loss: 0.2841 - acc: 0.9143
Epoch 89/600
15:53:55 Train 390/390 - loss: 0.3594 - acc: 0.9116
Epoch 90/600
15:54:25 Train 390/390 - loss: 0.3546 - acc: 0.9135
15:54:27 Valid 5/5 - loss: 0.2871 - acc: 0.9113
Epoch 91/600
15:54:57 Train 390/390 - loss: 0.3660 - acc: 0.9104
Epoch 92/600
15:55:27 Train 390/390 - loss: 0.3635 - acc: 0.9106
15:55:28 Valid 5/5 - loss: 0.2329 - acc: 0.9231
Epoch 93/600
15:55:58 Train 390/390 - loss: 0.3580 - acc: 0.9121
Epoch 94/600
15:56:28 Train 390/390 - loss: 0.3542 - acc: 0.9134
15:56:30 Valid 5/5 - loss: 0.2799 - acc: 0.9147
Epoch 95/600
15:57:00 Train 390/390 - loss: 0.3474 - acc: 0.9156
Epoch 96/600
15:57:30 Train 390/390 - loss: 0.3449 - acc: 0.9164
15:57:32 Valid 5/5 - loss: 0.2437 - acc: 0.9204
Epoch 97/600
15:58:02 Train 390/390 - loss: 0.3499 - acc: 0.9151
Epoch 98/600
15:58:32 Train 390/390 - loss: 0.3469 - acc: 0.9171
15:58:33 Valid 5/5 - loss: 0.2984 - acc: 0.9103
Epoch 99/600
15:59:03 Train 390/390 - loss: 0.3502 - acc: 0.9139
Epoch 100/600
15:59:34 Train 390/390 - loss: 0.3493 - acc: 0.9164
15:59:35 Valid 5/5 - loss: 0.2557 - acc: 0.9217
Epoch 101/600
16:00:06 Train 390/390 - loss: 0.3438 - acc: 0.9159
Epoch 102/600
16:00:36 Train 390/390 - loss: 0.3476 - acc: 0.9148
16:00:37 Valid 5/5 - loss: 0.2193 - acc: 0.9291
Epoch 103/600
16:01:08 Train 390/390 - loss: 0.3401 - acc: 0.9177
Epoch 104/600
16:01:38 Train 390/390 - loss: 0.3460 - acc: 0.9151
16:01:39 Valid 5/5 - loss: 0.2645 - acc: 0.9192
Epoch 105/600
16:02:10 Train 390/390 - loss: 0.3486 - acc: 0.9141
Epoch 106/600
16:02:40 Train 390/390 - loss: 0.3423 - acc: 0.9163
16:02:41 Valid 5/5 - loss: 0.2493 - acc: 0.9200
Epoch 107/600
16:03:11 Train 390/390 - loss: 0.3424 - acc: 0.9165
Epoch 108/600
16:03:42 Train 390/390 - loss: 0.3438 - acc: 0.9168
16:03:43 Valid 5/5 - loss: 0.2903 - acc: 0.9116
Epoch 109/600
16:04:14 Train 390/390 - loss: 0.3369 - acc: 0.9186
Epoch 110/600
16:04:44 Train 390/390 - loss: 0.3421 - acc: 0.9171
16:04:45 Valid 5/5 - loss: 0.2435 - acc: 0.9243
Epoch 111/600
16:05:15 Train 390/390 - loss: 0.3418 - acc: 0.9172
Epoch 112/600
16:05:46 Train 390/390 - loss: 0.3334 - acc: 0.9168
16:05:47 Valid 5/5 - loss: 0.2459 - acc: 0.9227
Epoch 113/600
16:06:18 Train 390/390 - loss: 0.3412 - acc: 0.9187
Epoch 114/600
16:06:48 Train 390/390 - loss: 0.3280 - acc: 0.9208
16:06:49 Valid 5/5 - loss: 0.2394 - acc: 0.9246
Epoch 115/600
16:07:19 Train 390/390 - loss: 0.3347 - acc: 0.9191
Epoch 116/600
16:07:50 Train 390/390 - loss: 0.3357 - acc: 0.9173
16:07:51 Valid 5/5 - loss: 0.1992 - acc: 0.9353
Epoch 117/600
16:08:22 Train 390/390 - loss: 0.3378 - acc: 0.9177
Epoch 118/600
16:08:52 Train 390/390 - loss: 0.3311 - acc: 0.9190
16:08:54 Valid 5/5 - loss: 0.2101 - acc: 0.9310
Epoch 119/600
16:09:24 Train 390/390 - loss: 0.3308 - acc: 0.9195
Epoch 120/600
16:09:54 Train 390/390 - loss: 0.3283 - acc: 0.9196
16:09:55 Valid 5/5 - loss: 0.2480 - acc: 0.9233
Epoch 121/600
16:10:26 Train 390/390 - loss: 0.3349 - acc: 0.9181
Epoch 122/600
16:10:56 Train 390/390 - loss: 0.3242 - acc: 0.9218
16:10:58 Valid 5/5 - loss: 0.2567 - acc: 0.9197
Epoch 123/600
16:11:28 Train 390/390 - loss: 0.3357 - acc: 0.9180
Epoch 124/600
16:11:58 Train 390/390 - loss: 0.3245 - acc: 0.9210
16:12:00 Valid 5/5 - loss: 0.2776 - acc: 0.9141
Epoch 125/600
16:12:30 Train 390/390 - loss: 0.3269 - acc: 0.9192
Epoch 126/600
16:13:00 Train 390/390 - loss: 0.3220 - acc: 0.9211
16:13:01 Valid 5/5 - loss: 0.2839 - acc: 0.9165
Epoch 127/600
16:13:32 Train 390/390 - loss: 0.3279 - acc: 0.9196
Epoch 128/600
16:14:02 Train 390/390 - loss: 0.3272 - acc: 0.9203
16:14:03 Valid 5/5 - loss: 0.2301 - acc: 0.9295
Epoch 129/600
16:14:33 Train 390/390 - loss: 0.3225 - acc: 0.9216
Epoch 130/600
16:15:04 Train 390/390 - loss: 0.3211 - acc: 0.9214
16:15:05 Valid 5/5 - loss: 0.1899 - acc: 0.9387
Epoch 131/600
16:15:35 Train 390/390 - loss: 0.3267 - acc: 0.9195
Epoch 132/600
16:16:06 Train 390/390 - loss: 0.3275 - acc: 0.9206
16:16:07 Valid 5/5 - loss: 0.2265 - acc: 0.9280
Epoch 133/600
16:16:37 Train 390/390 - loss: 0.3214 - acc: 0.9225
Epoch 134/600
16:17:07 Train 390/390 - loss: 0.3250 - acc: 0.9197
16:17:09 Valid 5/5 - loss: 0.2255 - acc: 0.9284
Epoch 135/600
16:17:39 Train 390/390 - loss: 0.3279 - acc: 0.9210
Epoch 136/600
16:18:09 Train 390/390 - loss: 0.3173 - acc: 0.9224
16:18:11 Valid 5/5 - loss: 0.2563 - acc: 0.9194
Epoch 137/600
16:18:41 Train 390/390 - loss: 0.3225 - acc: 0.9213
Epoch 138/600
16:19:11 Train 390/390 - loss: 0.3211 - acc: 0.9215
16:19:13 Valid 5/5 - loss: 0.1970 - acc: 0.9362
Epoch 139/600
16:19:43 Train 390/390 - loss: 0.3171 - acc: 0.9225
Epoch 140/600
16:20:13 Train 390/390 - loss: 0.3177 - acc: 0.9217
16:20:14 Valid 5/5 - loss: 0.1957 - acc: 0.9378
Epoch 141/600
16:20:45 Train 390/390 - loss: 0.3188 - acc: 0.9224
Epoch 142/600
16:21:15 Train 390/390 - loss: 0.3230 - acc: 0.9219
16:21:17 Valid 5/5 - loss: 0.2291 - acc: 0.9309
Epoch 143/600
16:21:47 Train 390/390 - loss: 0.3200 - acc: 0.9224
Epoch 144/600
16:22:17 Train 390/390 - loss: 0.3188 - acc: 0.9226
16:22:18 Valid 5/5 - loss: 0.1897 - acc: 0.9390
Epoch 145/600
16:22:49 Train 390/390 - loss: 0.3219 - acc: 0.9227
Epoch 146/600
16:23:19 Train 390/390 - loss: 0.3091 - acc: 0.9253
16:23:20 Valid 5/5 - loss: 0.2156 - acc: 0.9365
Epoch 147/600
16:23:50 Train 390/390 - loss: 0.3121 - acc: 0.9231
Epoch 148/600
16:24:21 Train 390/390 - loss: 0.3134 - acc: 0.9229
16:24:22 Valid 5/5 - loss: 0.2180 - acc: 0.9310
Epoch 149/600
16:24:52 Train 390/390 - loss: 0.3157 - acc: 0.9238
Epoch 150/600
16:25:22 Train 390/390 - loss: 0.3156 - acc: 0.9239
16:25:24 Valid 5/5 - loss: 0.2022 - acc: 0.9368
Epoch 151/600
16:25:54 Train 390/390 - loss: 0.3112 - acc: 0.9246
Epoch 152/600
16:26:24 Train 390/390 - loss: 0.3071 - acc: 0.9255
16:26:26 Valid 5/5 - loss: 0.2049 - acc: 0.9343
Epoch 153/600
16:26:56 Train 390/390 - loss: 0.3099 - acc: 0.9251
Epoch 154/600
16:27:26 Train 390/390 - loss: 0.3178 - acc: 0.9231
16:27:27 Valid 5/5 - loss: 0.1980 - acc: 0.9367
Epoch 155/600
16:27:58 Train 390/390 - loss: 0.3049 - acc: 0.9261
Epoch 156/600
16:28:28 Train 390/390 - loss: 0.3040 - acc: 0.9275
16:28:29 Valid 5/5 - loss: 0.1959 - acc: 0.9402
Epoch 157/600
16:28:59 Train 390/390 - loss: 0.3041 - acc: 0.9259
Epoch 158/600
16:29:30 Train 390/390 - loss: 0.3070 - acc: 0.9256
16:29:31 Valid 5/5 - loss: 0.2019 - acc: 0.9388
Epoch 159/600
16:30:01 Train 390/390 - loss: 0.3017 - acc: 0.9259
Epoch 160/600
16:30:31 Train 390/390 - loss: 0.3096 - acc: 0.9264
16:30:33 Valid 5/5 - loss: 0.2165 - acc: 0.9345
Epoch 161/600
16:31:03 Train 390/390 - loss: 0.3068 - acc: 0.9266
Epoch 162/600
16:31:33 Train 390/390 - loss: 0.3004 - acc: 0.9265
16:31:35 Valid 5/5 - loss: 0.2583 - acc: 0.9180
Epoch 163/600
16:32:05 Train 390/390 - loss: 0.3064 - acc: 0.9256
Epoch 164/600
16:32:35 Train 390/390 - loss: 0.3108 - acc: 0.9251
16:32:37 Valid 5/5 - loss: 0.2126 - acc: 0.9354
Epoch 165/600
16:33:07 Train 390/390 - loss: 0.3052 - acc: 0.9272
Epoch 166/600
16:33:37 Train 390/390 - loss: 0.3064 - acc: 0.9272
16:33:39 Valid 5/5 - loss: 0.2580 - acc: 0.9242
Epoch 167/600
16:34:09 Train 390/390 - loss: 0.3066 - acc: 0.9270
Epoch 168/600
16:34:39 Train 390/390 - loss: 0.3043 - acc: 0.9265
16:34:41 Valid 5/5 - loss: 0.1934 - acc: 0.9397
Epoch 169/600
16:35:11 Train 390/390 - loss: 0.2975 - acc: 0.9271
Epoch 170/600
16:35:41 Train 390/390 - loss: 0.3013 - acc: 0.9279
16:35:43 Valid 5/5 - loss: 0.2194 - acc: 0.9317
Epoch 171/600
16:36:13 Train 390/390 - loss: 0.3082 - acc: 0.9258
Epoch 172/600
16:36:43 Train 390/390 - loss: 0.2951 - acc: 0.9277
16:36:45 Valid 5/5 - loss: 0.2322 - acc: 0.9310
Epoch 173/600
16:37:15 Train 390/390 - loss: 0.3049 - acc: 0.9263
Epoch 174/600
16:37:46 Train 390/390 - loss: 0.3017 - acc: 0.9274
16:37:47 Valid 5/5 - loss: 0.2496 - acc: 0.9257
Epoch 175/600
16:38:17 Train 390/390 - loss: 0.2965 - acc: 0.9282
Epoch 176/600
16:38:48 Train 390/390 - loss: 0.3016 - acc: 0.9266
16:38:49 Valid 5/5 - loss: 0.2147 - acc: 0.9343
Epoch 177/600
16:39:19 Train 390/390 - loss: 0.3007 - acc: 0.9267
Epoch 178/600
16:39:50 Train 390/390 - loss: 0.2908 - acc: 0.9300
16:39:51 Valid 5/5 - loss: 0.2019 - acc: 0.9388
Epoch 179/600
16:40:21 Train 390/390 - loss: 0.2976 - acc: 0.9277
Epoch 180/600
16:40:52 Train 390/390 - loss: 0.2978 - acc: 0.9271
16:40:53 Valid 5/5 - loss: 0.2287 - acc: 0.9307
Epoch 181/600
16:41:24 Train 390/390 - loss: 0.2980 - acc: 0.9288
Epoch 182/600
16:41:54 Train 390/390 - loss: 0.3031 - acc: 0.9274
16:41:55 Valid 5/5 - loss: 0.1961 - acc: 0.9410
Epoch 183/600
16:42:26 Train 390/390 - loss: 0.2898 - acc: 0.9305
Epoch 184/600
16:42:56 Train 390/390 - loss: 0.2919 - acc: 0.9300
16:42:58 Valid 5/5 - loss: 0.2380 - acc: 0.9283
Epoch 185/600
16:43:28 Train 390/390 - loss: 0.2960 - acc: 0.9271
Epoch 186/600
16:43:58 Train 390/390 - loss: 0.2989 - acc: 0.9266
16:44:00 Valid 5/5 - loss: 0.2063 - acc: 0.9389
Epoch 187/600
16:44:30 Train 390/390 - loss: 0.2997 - acc: 0.9277
Epoch 188/600
16:45:00 Train 390/390 - loss: 0.3000 - acc: 0.9269
16:45:02 Valid 5/5 - loss: 0.2589 - acc: 0.9194
Epoch 189/600
16:45:32 Train 390/390 - loss: 0.2897 - acc: 0.9292
Epoch 190/600
16:46:02 Train 390/390 - loss: 0.2950 - acc: 0.9294
16:46:03 Valid 5/5 - loss: 0.1857 - acc: 0.9433
Epoch 191/600
16:46:34 Train 390/390 - loss: 0.2917 - acc: 0.9299
Epoch 192/600
16:47:05 Train 390/390 - loss: 0.2972 - acc: 0.9288
16:47:06 Valid 5/5 - loss: 0.1747 - acc: 0.9448
Epoch 193/600
16:47:36 Train 390/390 - loss: 0.2915 - acc: 0.9288
Epoch 194/600
16:48:07 Train 390/390 - loss: 0.2988 - acc: 0.9285
16:48:08 Valid 5/5 - loss: 0.2154 - acc: 0.9368
Epoch 195/600
16:48:38 Train 390/390 - loss: 0.2913 - acc: 0.9297
Epoch 196/600
16:49:09 Train 390/390 - loss: 0.2881 - acc: 0.9303
16:49:10 Valid 5/5 - loss: 0.2061 - acc: 0.9361
Epoch 197/600
16:49:41 Train 390/390 - loss: 0.2998 - acc: 0.9275
Epoch 198/600
16:50:11 Train 390/390 - loss: 0.2876 - acc: 0.9303
16:50:12 Valid 5/5 - loss: 0.2424 - acc: 0.9272
Epoch 199/600
16:50:43 Train 390/390 - loss: 0.2828 - acc: 0.9306
Epoch 200/600
16:51:13 Train 390/390 - loss: 0.2939 - acc: 0.9299
16:51:14 Valid 5/5 - loss: 0.2265 - acc: 0.9287
Epoch 201/600
16:51:45 Train 390/390 - loss: 0.2902 - acc: 0.9289
Epoch 202/600
16:52:15 Train 390/390 - loss: 0.2837 - acc: 0.9317
16:52:16 Valid 5/5 - loss: 0.2175 - acc: 0.9370
Epoch 203/600
16:52:47 Train 390/390 - loss: 0.2932 - acc: 0.9294
Epoch 204/600
16:53:17 Train 390/390 - loss: 0.2767 - acc: 0.9329
16:53:18 Valid 5/5 - loss: 0.2454 - acc: 0.9276
Epoch 205/600
16:53:49 Train 390/390 - loss: 0.2867 - acc: 0.9311
Epoch 206/600
16:54:19 Train 390/390 - loss: 0.2830 - acc: 0.9323
16:54:20 Valid 5/5 - loss: 0.2017 - acc: 0.9358
Epoch 207/600
16:54:51 Train 390/390 - loss: 0.2802 - acc: 0.9305
Epoch 208/600
16:55:21 Train 390/390 - loss: 0.2934 - acc: 0.9294
16:55:22 Valid 5/5 - loss: 0.2006 - acc: 0.9386
Epoch 209/600
16:55:53 Train 390/390 - loss: 0.2855 - acc: 0.9319
Epoch 210/600
16:56:23 Train 390/390 - loss: 0.2854 - acc: 0.9297
16:56:24 Valid 5/5 - loss: 0.2187 - acc: 0.9362
Epoch 211/600
16:56:55 Train 390/390 - loss: 0.2820 - acc: 0.9304
Epoch 212/600
16:57:25 Train 390/390 - loss: 0.2853 - acc: 0.9319
16:57:26 Valid 5/5 - loss: 0.2071 - acc: 0.9376
Epoch 213/600
16:57:57 Train 390/390 - loss: 0.2830 - acc: 0.9315
Epoch 214/600
16:58:27 Train 390/390 - loss: 0.2796 - acc: 0.9334
16:58:29 Valid 5/5 - loss: 0.2011 - acc: 0.9378
Epoch 215/600
16:58:59 Train 390/390 - loss: 0.2944 - acc: 0.9300
Epoch 216/600
16:59:29 Train 390/390 - loss: 0.2753 - acc: 0.9350
16:59:31 Valid 5/5 - loss: 0.1997 - acc: 0.9393
Epoch 217/600
17:00:01 Train 390/390 - loss: 0.2770 - acc: 0.9330
Epoch 218/600
17:00:31 Train 390/390 - loss: 0.2852 - acc: 0.9321
17:00:33 Valid 5/5 - loss: 0.2039 - acc: 0.9386
Epoch 219/600
17:01:03 Train 390/390 - loss: 0.2712 - acc: 0.9354
Epoch 220/600
17:01:33 Train 390/390 - loss: 0.2856 - acc: 0.9309
17:01:34 Valid 5/5 - loss: 0.2156 - acc: 0.9351
Epoch 221/600
17:02:05 Train 390/390 - loss: 0.2807 - acc: 0.9331
Epoch 222/600
17:02:35 Train 390/390 - loss: 0.2786 - acc: 0.9321
17:02:37 Valid 5/5 - loss: 0.1967 - acc: 0.9402
Epoch 223/600
17:03:07 Train 390/390 - loss: 0.2704 - acc: 0.9345
Epoch 224/600
17:03:37 Train 390/390 - loss: 0.2766 - acc: 0.9328
17:03:39 Valid 5/5 - loss: 0.1947 - acc: 0.9443
Epoch 225/600
17:04:09 Train 390/390 - loss: 0.2763 - acc: 0.9343
Epoch 226/600
17:04:39 Train 390/390 - loss: 0.2749 - acc: 0.9347
17:04:41 Valid 5/5 - loss: 0.2027 - acc: 0.9413
Epoch 227/600
17:05:11 Train 390/390 - loss: 0.2723 - acc: 0.9346
Epoch 228/600
17:05:41 Train 390/390 - loss: 0.2773 - acc: 0.9325
17:05:43 Valid 5/5 - loss: 0.1919 - acc: 0.9417
Epoch 229/600
17:06:13 Train 390/390 - loss: 0.2698 - acc: 0.9353
Epoch 230/600
17:06:43 Train 390/390 - loss: 0.2777 - acc: 0.9331
17:06:45 Valid 5/5 - loss: 0.1747 - acc: 0.9480
Epoch 231/600
17:07:15 Train 390/390 - loss: 0.2790 - acc: 0.9330
Epoch 232/600
17:07:45 Train 390/390 - loss: 0.2677 - acc: 0.9348
17:07:47 Valid 5/5 - loss: 0.2413 - acc: 0.9315
Epoch 233/600
17:08:17 Train 390/390 - loss: 0.2711 - acc: 0.9344
Epoch 234/600
17:08:48 Train 390/390 - loss: 0.2692 - acc: 0.9363
17:08:49 Valid 5/5 - loss: 0.1875 - acc: 0.9452
Epoch 235/600
17:09:19 Train 390/390 - loss: 0.2738 - acc: 0.9335
Epoch 236/600
17:09:50 Train 390/390 - loss: 0.2699 - acc: 0.9350
17:09:51 Valid 5/5 - loss: 0.2204 - acc: 0.9354
Epoch 237/600
17:10:21 Train 390/390 - loss: 0.2707 - acc: 0.9364
Epoch 238/600
17:10:52 Train 390/390 - loss: 0.2661 - acc: 0.9347
17:10:53 Valid 5/5 - loss: 0.2211 - acc: 0.9362
Epoch 239/600
17:11:23 Train 390/390 - loss: 0.2734 - acc: 0.9348
Epoch 240/600
17:11:54 Train 390/390 - loss: 0.2685 - acc: 0.9349
17:11:55 Valid 5/5 - loss: 0.1850 - acc: 0.9451
Epoch 241/600
17:12:26 Train 390/390 - loss: 0.2652 - acc: 0.9355
Epoch 242/600
17:12:56 Train 390/390 - loss: 0.2679 - acc: 0.9355
17:12:57 Valid 5/5 - loss: 0.1597 - acc: 0.9503
Epoch 243/600
17:13:28 Train 390/390 - loss: 0.2739 - acc: 0.9337
Epoch 244/600
17:13:58 Train 390/390 - loss: 0.2618 - acc: 0.9371
17:13:59 Valid 5/5 - loss: 0.1761 - acc: 0.9459
Epoch 245/600
17:14:30 Train 390/390 - loss: 0.2638 - acc: 0.9365
Epoch 246/600
17:15:00 Train 390/390 - loss: 0.2606 - acc: 0.9377
17:15:01 Valid 5/5 - loss: 0.1964 - acc: 0.9420
Epoch 247/600
17:15:32 Train 390/390 - loss: 0.2671 - acc: 0.9355
Epoch 248/600
17:16:02 Train 390/390 - loss: 0.2646 - acc: 0.9361
17:16:03 Valid 5/5 - loss: 0.2050 - acc: 0.9393
Epoch 249/600
17:16:34 Train 390/390 - loss: 0.2678 - acc: 0.9348
Epoch 250/600
17:17:04 Train 390/390 - loss: 0.2636 - acc: 0.9361
17:17:05 Valid 5/5 - loss: 0.1736 - acc: 0.9504
Epoch 251/600
17:17:36 Train 390/390 - loss: 0.2591 - acc: 0.9384
Epoch 252/600
17:18:06 Train 390/390 - loss: 0.2670 - acc: 0.9367
17:18:07 Valid 5/5 - loss: 0.1834 - acc: 0.9427
Epoch 253/600
17:18:38 Train 390/390 - loss: 0.2669 - acc: 0.9368
Epoch 254/600
17:19:08 Train 390/390 - loss: 0.2579 - acc: 0.9387
17:19:09 Valid 5/5 - loss: 0.1766 - acc: 0.9462
Epoch 255/600
17:19:39 Train 390/390 - loss: 0.2629 - acc: 0.9371
Epoch 256/600
17:20:10 Train 390/390 - loss: 0.2612 - acc: 0.9375
17:20:11 Valid 5/5 - loss: 0.1852 - acc: 0.9460
Epoch 257/600
17:20:41 Train 390/390 - loss: 0.2639 - acc: 0.9370
Epoch 258/600
17:21:11 Train 390/390 - loss: 0.2639 - acc: 0.9365
17:21:13 Valid 5/5 - loss: 0.1875 - acc: 0.9438
Epoch 259/600
17:21:43 Train 390/390 - loss: 0.2582 - acc: 0.9392
Epoch 260/600
17:22:13 Train 390/390 - loss: 0.2582 - acc: 0.9389
17:22:15 Valid 5/5 - loss: 0.1839 - acc: 0.9459
Epoch 261/600
17:22:45 Train 390/390 - loss: 0.2559 - acc: 0.9388
Epoch 262/600
17:23:15 Train 390/390 - loss: 0.2547 - acc: 0.9398
17:23:17 Valid 5/5 - loss: 0.1935 - acc: 0.9427
Epoch 263/600
17:23:47 Train 390/390 - loss: 0.2643 - acc: 0.9362
Epoch 264/600
17:24:17 Train 390/390 - loss: 0.2590 - acc: 0.9370
17:24:18 Valid 5/5 - loss: 0.1817 - acc: 0.9433
Epoch 265/600
17:24:49 Train 390/390 - loss: 0.2596 - acc: 0.9371
Epoch 266/600
17:25:19 Train 390/390 - loss: 0.2625 - acc: 0.9376
17:25:20 Valid 5/5 - loss: 0.1865 - acc: 0.9449
Epoch 267/600
17:25:50 Train 390/390 - loss: 0.2506 - acc: 0.9400
Epoch 268/600
17:26:20 Train 390/390 - loss: 0.2583 - acc: 0.9382
17:26:22 Valid 5/5 - loss: 0.1714 - acc: 0.9485
Epoch 269/600
17:26:52 Train 390/390 - loss: 0.2522 - acc: 0.9393
Epoch 270/600
17:27:22 Train 390/390 - loss: 0.2585 - acc: 0.9378
17:27:24 Valid 5/5 - loss: 0.1848 - acc: 0.9465
Epoch 271/600
17:27:54 Train 390/390 - loss: 0.2604 - acc: 0.9377
Epoch 272/600
17:28:24 Train 390/390 - loss: 0.2508 - acc: 0.9401
17:28:26 Valid 5/5 - loss: 0.1824 - acc: 0.9467
Epoch 273/600
17:28:56 Train 390/390 - loss: 0.2643 - acc: 0.9378
Epoch 274/600
17:29:26 Train 390/390 - loss: 0.2508 - acc: 0.9408
17:29:28 Valid 5/5 - loss: 0.1830 - acc: 0.9454
Epoch 275/600
17:29:58 Train 390/390 - loss: 0.2530 - acc: 0.9394
Epoch 276/600
17:30:28 Train 390/390 - loss: 0.2569 - acc: 0.9375
17:30:30 Valid 5/5 - loss: 0.1654 - acc: 0.9476
Epoch 277/600
17:31:00 Train 390/390 - loss: 0.2566 - acc: 0.9380
Epoch 278/600
17:31:30 Train 390/390 - loss: 0.2454 - acc: 0.9407
17:31:31 Valid 5/5 - loss: 0.1967 - acc: 0.9436
Epoch 279/600
17:32:02 Train 390/390 - loss: 0.2479 - acc: 0.9407
Epoch 280/600
17:32:32 Train 390/390 - loss: 0.2441 - acc: 0.9412
17:32:33 Valid 5/5 - loss: 0.1816 - acc: 0.9460
Epoch 281/600
17:33:04 Train 390/390 - loss: 0.2547 - acc: 0.9397
Epoch 282/600
17:33:34 Train 390/390 - loss: 0.2439 - acc: 0.9406
17:33:35 Valid 5/5 - loss: 0.1750 - acc: 0.9482
Epoch 283/600
17:34:05 Train 390/390 - loss: 0.2465 - acc: 0.9402
Epoch 284/600
17:34:36 Train 390/390 - loss: 0.2483 - acc: 0.9400
17:34:37 Valid 5/5 - loss: 0.2300 - acc: 0.9386
Epoch 285/600
17:35:07 Train 390/390 - loss: 0.2460 - acc: 0.9406
Epoch 286/600
17:35:38 Train 390/390 - loss: 0.2457 - acc: 0.9410
17:35:39 Valid 5/5 - loss: 0.1875 - acc: 0.9450
Epoch 287/600
17:36:09 Train 390/390 - loss: 0.2465 - acc: 0.9410
Epoch 288/600
17:36:39 Train 390/390 - loss: 0.2354 - acc: 0.9439
17:36:41 Valid 5/5 - loss: 0.1879 - acc: 0.9460
Epoch 289/600
17:37:11 Train 390/390 - loss: 0.2441 - acc: 0.9409
Epoch 290/600
17:37:41 Train 390/390 - loss: 0.2413 - acc: 0.9433
17:37:43 Valid 5/5 - loss: 0.1762 - acc: 0.9506
Epoch 291/600
17:38:13 Train 390/390 - loss: 0.2427 - acc: 0.9429
Epoch 292/600
17:38:43 Train 390/390 - loss: 0.2477 - acc: 0.9414
17:38:45 Valid 5/5 - loss: 0.1812 - acc: 0.9472
Epoch 293/600
17:39:15 Train 390/390 - loss: 0.2358 - acc: 0.9435
Epoch 294/600
17:39:45 Train 390/390 - loss: 0.2377 - acc: 0.9442
17:39:47 Valid 5/5 - loss: 0.1612 - acc: 0.9503
Epoch 295/600
17:40:17 Train 390/390 - loss: 0.2397 - acc: 0.9427
Epoch 296/600
17:40:47 Train 390/390 - loss: 0.2458 - acc: 0.9413
17:40:48 Valid 5/5 - loss: 0.1799 - acc: 0.9474
Epoch 297/600
17:41:19 Train 390/390 - loss: 0.2429 - acc: 0.9435
Epoch 298/600
17:41:49 Train 390/390 - loss: 0.2393 - acc: 0.9440
17:41:50 Valid 5/5 - loss: 0.2113 - acc: 0.9419
Epoch 299/600
17:42:20 Train 390/390 - loss: 0.2405 - acc: 0.9440
Epoch 300/600
17:42:51 Train 390/390 - loss: 0.2354 - acc: 0.9435
17:42:52 Valid 5/5 - loss: 0.1718 - acc: 0.9481
Epoch 301/600
17:43:22 Train 390/390 - loss: 0.2383 - acc: 0.9430
Epoch 302/600
17:43:52 Train 390/390 - loss: 0.2338 - acc: 0.9429
17:43:54 Valid 5/5 - loss: 0.1570 - acc: 0.9535
Epoch 303/600
17:44:24 Train 390/390 - loss: 0.2365 - acc: 0.9441
Epoch 304/600
17:44:54 Train 390/390 - loss: 0.2424 - acc: 0.9422
17:44:56 Valid 5/5 - loss: 0.1715 - acc: 0.9487
Epoch 305/600
17:45:26 Train 390/390 - loss: 0.2314 - acc: 0.9441
Epoch 306/600
17:45:56 Train 390/390 - loss: 0.2322 - acc: 0.9451
17:45:58 Valid 5/5 - loss: 0.2192 - acc: 0.9395
Epoch 307/600
17:46:28 Train 390/390 - loss: 0.2363 - acc: 0.9423
Epoch 308/600
17:46:58 Train 390/390 - loss: 0.2379 - acc: 0.9434
17:47:00 Valid 5/5 - loss: 0.1987 - acc: 0.9416
Epoch 309/600
17:47:30 Train 390/390 - loss: 0.2345 - acc: 0.9439
Epoch 310/600
17:48:00 Train 390/390 - loss: 0.2315 - acc: 0.9455
17:48:02 Valid 5/5 - loss: 0.1762 - acc: 0.9460
Epoch 311/600
17:48:32 Train 390/390 - loss: 0.2354 - acc: 0.9443
Epoch 312/600
17:49:02 Train 390/390 - loss: 0.2340 - acc: 0.9440
17:49:04 Valid 5/5 - loss: 0.1761 - acc: 0.9512
Epoch 313/600
17:49:34 Train 390/390 - loss: 0.2288 - acc: 0.9452
Epoch 314/600
17:50:04 Train 390/390 - loss: 0.2338 - acc: 0.9445
17:50:06 Valid 5/5 - loss: 0.1629 - acc: 0.9511
Epoch 315/600
17:50:36 Train 390/390 - loss: 0.2270 - acc: 0.9463
Epoch 316/600
17:51:06 Train 390/390 - loss: 0.2235 - acc: 0.9457
17:51:08 Valid 5/5 - loss: 0.1509 - acc: 0.9549
Epoch 317/600
17:51:38 Train 390/390 - loss: 0.2243 - acc: 0.9476
Epoch 318/600
17:52:08 Train 390/390 - loss: 0.2306 - acc: 0.9451
17:52:10 Valid 5/5 - loss: 0.1750 - acc: 0.9506
Epoch 319/600
17:52:40 Train 390/390 - loss: 0.2297 - acc: 0.9454
Epoch 320/600
17:53:10 Train 390/390 - loss: 0.2253 - acc: 0.9461
17:53:12 Valid 5/5 - loss: 0.1542 - acc: 0.9538
Epoch 321/600
17:53:42 Train 390/390 - loss: 0.2236 - acc: 0.9482
Epoch 322/600
17:54:12 Train 390/390 - loss: 0.2317 - acc: 0.9448
17:54:14 Valid 5/5 - loss: 0.1730 - acc: 0.9484
Epoch 323/600
17:54:44 Train 390/390 - loss: 0.2251 - acc: 0.9464
Epoch 324/600
17:55:14 Train 390/390 - loss: 0.2248 - acc: 0.9464
17:55:16 Valid 5/5 - loss: 0.1690 - acc: 0.9477
Epoch 325/600
17:55:46 Train 390/390 - loss: 0.2171 - acc: 0.9489
Epoch 326/600
17:56:16 Train 390/390 - loss: 0.2278 - acc: 0.9456
17:56:18 Valid 5/5 - loss: 0.1691 - acc: 0.9522
Epoch 327/600
17:56:48 Train 390/390 - loss: 0.2192 - acc: 0.9478
Epoch 328/600
17:57:18 Train 390/390 - loss: 0.2232 - acc: 0.9462
17:57:19 Valid 5/5 - loss: 0.1556 - acc: 0.9534
Epoch 329/600
17:57:50 Train 390/390 - loss: 0.2244 - acc: 0.9467
Epoch 330/600
17:58:20 Train 390/390 - loss: 0.2166 - acc: 0.9488
17:58:21 Valid 5/5 - loss: 0.1650 - acc: 0.9540
Epoch 331/600
17:58:51 Train 390/390 - loss: 0.2213 - acc: 0.9480
Epoch 332/600
17:59:22 Train 390/390 - loss: 0.2134 - acc: 0.9494
17:59:23 Valid 5/5 - loss: 0.1740 - acc: 0.9506
Epoch 333/600
17:59:53 Train 390/390 - loss: 0.2228 - acc: 0.9473
Epoch 334/600
18:00:24 Train 390/390 - loss: 0.2228 - acc: 0.9465
18:00:25 Valid 5/5 - loss: 0.1736 - acc: 0.9503
Epoch 335/600
18:00:55 Train 390/390 - loss: 0.2135 - acc: 0.9489
Epoch 336/600
18:01:26 Train 390/390 - loss: 0.2129 - acc: 0.9491
18:01:27 Valid 5/5 - loss: 0.1924 - acc: 0.9475
Epoch 337/600
18:01:57 Train 390/390 - loss: 0.2150 - acc: 0.9497
Epoch 338/600
18:02:28 Train 390/390 - loss: 0.2093 - acc: 0.9510
18:02:29 Valid 5/5 - loss: 0.1455 - acc: 0.9570
Epoch 339/600
18:02:59 Train 390/390 - loss: 0.2153 - acc: 0.9484
Epoch 340/600
18:03:30 Train 390/390 - loss: 0.2135 - acc: 0.9500
18:03:31 Valid 5/5 - loss: 0.1638 - acc: 0.9538
Epoch 341/600
18:04:01 Train 390/390 - loss: 0.2110 - acc: 0.9496
Epoch 342/600
18:04:32 Train 390/390 - loss: 0.2144 - acc: 0.9491
18:04:33 Valid 5/5 - loss: 0.1549 - acc: 0.9556
Epoch 343/600
18:05:03 Train 390/390 - loss: 0.2080 - acc: 0.9518
Epoch 344/600
18:05:33 Train 390/390 - loss: 0.2069 - acc: 0.9518
18:05:35 Valid 5/5 - loss: 0.1657 - acc: 0.9519
Epoch 345/600
18:06:05 Train 390/390 - loss: 0.2077 - acc: 0.9507
Epoch 346/600
18:06:35 Train 390/390 - loss: 0.2139 - acc: 0.9496
18:06:37 Valid 5/5 - loss: 0.1620 - acc: 0.9521
Epoch 347/600
18:07:07 Train 390/390 - loss: 0.2099 - acc: 0.9504
Epoch 348/600
18:07:37 Train 390/390 - loss: 0.2057 - acc: 0.9523
18:07:39 Valid 5/5 - loss: 0.1508 - acc: 0.9560
Epoch 349/600
18:08:09 Train 390/390 - loss: 0.2110 - acc: 0.9506
Epoch 350/600
18:08:39 Train 390/390 - loss: 0.2169 - acc: 0.9479
18:08:41 Valid 5/5 - loss: 0.1461 - acc: 0.9572
Epoch 351/600
18:09:11 Train 390/390 - loss: 0.2036 - acc: 0.9518
Epoch 352/600
18:09:41 Train 390/390 - loss: 0.2013 - acc: 0.9521
18:09:43 Valid 5/5 - loss: 0.1737 - acc: 0.9483
Epoch 353/600
18:10:13 Train 390/390 - loss: 0.2003 - acc: 0.9533
Epoch 354/600
18:10:44 Train 390/390 - loss: 0.2061 - acc: 0.9509
18:10:45 Valid 5/5 - loss: 0.1622 - acc: 0.9537
Epoch 355/600
18:11:15 Train 390/390 - loss: 0.1990 - acc: 0.9537
Epoch 356/600
18:11:46 Train 390/390 - loss: 0.2011 - acc: 0.9529
18:11:47 Valid 5/5 - loss: 0.1691 - acc: 0.9507
Epoch 357/600
18:12:17 Train 390/390 - loss: 0.2037 - acc: 0.9515
Epoch 358/600
18:12:48 Train 390/390 - loss: 0.1992 - acc: 0.9530
18:12:49 Valid 5/5 - loss: 0.1500 - acc: 0.9582
Epoch 359/600
18:13:19 Train 390/390 - loss: 0.1976 - acc: 0.9535
Epoch 360/600
18:13:50 Train 390/390 - loss: 0.2021 - acc: 0.9529
18:13:51 Valid 5/5 - loss: 0.1526 - acc: 0.9561
Epoch 361/600
18:14:21 Train 390/390 - loss: 0.1984 - acc: 0.9536
Epoch 362/600
18:14:52 Train 390/390 - loss: 0.1943 - acc: 0.9546
18:14:53 Valid 5/5 - loss: 0.1466 - acc: 0.9582
Epoch 363/600
18:15:23 Train 390/390 - loss: 0.2000 - acc: 0.9528
Epoch 364/600
18:15:54 Train 390/390 - loss: 0.1920 - acc: 0.9552
18:15:55 Valid 5/5 - loss: 0.1568 - acc: 0.9553
Epoch 365/600
18:16:25 Train 390/390 - loss: 0.1906 - acc: 0.9556
Epoch 366/600
18:16:56 Train 390/390 - loss: 0.1942 - acc: 0.9550
18:16:57 Valid 5/5 - loss: 0.1486 - acc: 0.9571
Epoch 367/600
18:17:27 Train 390/390 - loss: 0.1966 - acc: 0.9539
Epoch 368/600
18:17:57 Train 390/390 - loss: 0.1895 - acc: 0.9561
18:17:59 Valid 5/5 - loss: 0.1603 - acc: 0.9576
Epoch 369/600
18:18:29 Train 390/390 - loss: 0.1996 - acc: 0.9531
Epoch 370/600
18:19:00 Train 390/390 - loss: 0.1904 - acc: 0.9554
18:19:01 Valid 5/5 - loss: 0.1400 - acc: 0.9598
Epoch 371/600
18:19:31 Train 390/390 - loss: 0.1911 - acc: 0.9553
Epoch 372/600
18:20:02 Train 390/390 - loss: 0.1890 - acc: 0.9551
18:20:03 Valid 5/5 - loss: 0.1549 - acc: 0.9556
Epoch 373/600
18:20:33 Train 390/390 - loss: 0.1908 - acc: 0.9556
Epoch 374/600
18:21:04 Train 390/390 - loss: 0.1852 - acc: 0.9568
18:21:05 Valid 5/5 - loss: 0.1575 - acc: 0.9558
Epoch 375/600
18:21:35 Train 390/390 - loss: 0.1901 - acc: 0.9564
Epoch 376/600
18:22:06 Train 390/390 - loss: 0.1893 - acc: 0.9557
18:22:07 Valid 5/5 - loss: 0.1528 - acc: 0.9568
Epoch 377/600
18:22:37 Train 390/390 - loss: 0.1893 - acc: 0.9552
Epoch 378/600
18:23:08 Train 390/390 - loss: 0.1856 - acc: 0.9567
18:23:09 Valid 5/5 - loss: 0.1635 - acc: 0.9542
Epoch 379/600
18:23:39 Train 390/390 - loss: 0.1834 - acc: 0.9572
Epoch 380/600
18:24:10 Train 390/390 - loss: 0.1823 - acc: 0.9567
18:24:11 Valid 5/5 - loss: 0.1566 - acc: 0.9557
Epoch 381/600
18:24:41 Train 390/390 - loss: 0.1849 - acc: 0.9577
Epoch 382/600
18:25:12 Train 390/390 - loss: 0.1824 - acc: 0.9573
18:25:13 Valid 5/5 - loss: 0.1539 - acc: 0.9580
Epoch 383/600
18:25:43 Train 390/390 - loss: 0.1744 - acc: 0.9592
Epoch 384/600
18:26:14 Train 390/390 - loss: 0.1880 - acc: 0.9556
18:26:15 Valid 5/5 - loss: 0.1677 - acc: 0.9518
Epoch 385/600
18:26:45 Train 390/390 - loss: 0.1771 - acc: 0.9594
Epoch 386/600
18:27:16 Train 390/390 - loss: 0.1799 - acc: 0.9579
18:27:17 Valid 5/5 - loss: 0.1371 - acc: 0.9613
Epoch 387/600
18:27:47 Train 390/390 - loss: 0.1801 - acc: 0.9581
Epoch 388/600
18:28:18 Train 390/390 - loss: 0.1792 - acc: 0.9578
18:28:19 Valid 5/5 - loss: 0.1566 - acc: 0.9583
Epoch 389/600
18:28:49 Train 390/390 - loss: 0.1712 - acc: 0.9601
Epoch 390/600
18:29:20 Train 390/390 - loss: 0.1708 - acc: 0.9604
18:29:21 Valid 5/5 - loss: 0.1585 - acc: 0.9567
Epoch 391/600
18:29:52 Train 390/390 - loss: 0.1801 - acc: 0.9575
Epoch 392/600
18:30:22 Train 390/390 - loss: 0.1701 - acc: 0.9608
18:30:23 Valid 5/5 - loss: 0.1455 - acc: 0.9601
Epoch 393/600
18:30:54 Train 390/390 - loss: 0.1762 - acc: 0.9587
Epoch 394/600
18:31:24 Train 390/390 - loss: 0.1739 - acc: 0.9597
18:31:25 Valid 5/5 - loss: 0.1411 - acc: 0.9615
Epoch 395/600
18:31:56 Train 390/390 - loss: 0.1725 - acc: 0.9606
Epoch 396/600
18:32:26 Train 390/390 - loss: 0.1727 - acc: 0.9591
18:32:27 Valid 5/5 - loss: 0.1505 - acc: 0.9564
Epoch 397/600
18:32:57 Train 390/390 - loss: 0.1661 - acc: 0.9618
Epoch 398/600
18:33:28 Train 390/390 - loss: 0.1696 - acc: 0.9608
18:33:29 Valid 5/5 - loss: 0.1379 - acc: 0.9628
Epoch 399/600
18:33:59 Train 390/390 - loss: 0.1639 - acc: 0.9621
Epoch 400/600
18:34:29 Train 390/390 - loss: 0.1693 - acc: 0.9601
18:34:31 Valid 5/5 - loss: 0.1438 - acc: 0.9581
Epoch 401/600
18:35:01 Train 390/390 - loss: 0.1689 - acc: 0.9609
Epoch 402/600
18:35:31 Train 390/390 - loss: 0.1657 - acc: 0.9619
18:35:33 Valid 5/5 - loss: 0.1456 - acc: 0.9602
Epoch 403/600
18:36:03 Train 390/390 - loss: 0.1671 - acc: 0.9619
Epoch 404/600
18:36:33 Train 390/390 - loss: 0.1653 - acc: 0.9614
18:36:35 Valid 5/5 - loss: 0.1513 - acc: 0.9584
Epoch 405/600
18:37:05 Train 390/390 - loss: 0.1647 - acc: 0.9612
Epoch 406/600
18:37:35 Train 390/390 - loss: 0.1657 - acc: 0.9614
18:37:37 Valid 5/5 - loss: 0.1439 - acc: 0.9603
Epoch 407/600
18:38:07 Train 390/390 - loss: 0.1622 - acc: 0.9628
Epoch 408/600
18:38:37 Train 390/390 - loss: 0.1633 - acc: 0.9623
18:38:39 Valid 5/5 - loss: 0.1518 - acc: 0.9588
Epoch 409/600
18:39:09 Train 390/390 - loss: 0.1638 - acc: 0.9620
Epoch 410/600
18:39:40 Train 390/390 - loss: 0.1555 - acc: 0.9649
18:39:41 Valid 5/5 - loss: 0.1469 - acc: 0.9586
Epoch 411/600
18:40:11 Train 390/390 - loss: 0.1548 - acc: 0.9647
Epoch 412/600
18:40:42 Train 390/390 - loss: 0.1564 - acc: 0.9638
18:40:43 Valid 5/5 - loss: 0.1512 - acc: 0.9585
Epoch 413/600
18:41:13 Train 390/390 - loss: 0.1538 - acc: 0.9638
Epoch 414/600
18:41:44 Train 390/390 - loss: 0.1532 - acc: 0.9641
18:41:45 Valid 5/5 - loss: 0.1400 - acc: 0.9638
Epoch 415/600
18:42:16 Train 390/390 - loss: 0.1555 - acc: 0.9646
Epoch 416/600
18:42:46 Train 390/390 - loss: 0.1597 - acc: 0.9625
18:42:47 Valid 5/5 - loss: 0.1420 - acc: 0.9609
Epoch 417/600
18:43:18 Train 390/390 - loss: 0.1566 - acc: 0.9646
Epoch 418/600
18:43:48 Train 390/390 - loss: 0.1550 - acc: 0.9635
18:43:49 Valid 5/5 - loss: 0.1395 - acc: 0.9622
Epoch 419/600
18:44:20 Train 390/390 - loss: 0.1561 - acc: 0.9646
Epoch 420/600
18:44:50 Train 390/390 - loss: 0.1521 - acc: 0.9648
18:44:51 Valid 5/5 - loss: 0.1472 - acc: 0.9622
Epoch 421/600
18:45:21 Train 390/390 - loss: 0.1514 - acc: 0.9647
Epoch 422/600
18:45:52 Train 390/390 - loss: 0.1445 - acc: 0.9667
18:45:53 Valid 5/5 - loss: 0.1439 - acc: 0.9623
Epoch 423/600
18:46:24 Train 390/390 - loss: 0.1452 - acc: 0.9670
Epoch 424/600
18:46:54 Train 390/390 - loss: 0.1471 - acc: 0.9656
18:46:55 Valid 5/5 - loss: 0.1344 - acc: 0.9652
Epoch 425/600
18:47:25 Train 390/390 - loss: 0.1441 - acc: 0.9670
Epoch 426/600
18:47:56 Train 390/390 - loss: 0.1421 - acc: 0.9672
18:47:57 Valid 5/5 - loss: 0.1474 - acc: 0.9623
Epoch 427/600
18:48:27 Train 390/390 - loss: 0.1448 - acc: 0.9674
Epoch 428/600
18:48:57 Train 390/390 - loss: 0.1522 - acc: 0.9659
18:48:59 Valid 5/5 - loss: 0.1472 - acc: 0.9612
Epoch 429/600
18:49:29 Train 390/390 - loss: 0.1442 - acc: 0.9674
Epoch 430/600
18:49:59 Train 390/390 - loss: 0.1453 - acc: 0.9671
18:50:00 Valid 5/5 - loss: 0.1385 - acc: 0.9624
Epoch 431/600
18:50:31 Train 390/390 - loss: 0.1417 - acc: 0.9676
Epoch 432/600
18:51:01 Train 390/390 - loss: 0.1374 - acc: 0.9693
18:51:02 Valid 5/5 - loss: 0.1458 - acc: 0.9608
Epoch 433/600
18:51:33 Train 390/390 - loss: 0.1394 - acc: 0.9670
Epoch 434/600
18:52:03 Train 390/390 - loss: 0.1396 - acc: 0.9692
18:52:04 Valid 5/5 - loss: 0.1470 - acc: 0.9631
Epoch 435/600
18:52:34 Train 390/390 - loss: 0.1433 - acc: 0.9668
Epoch 436/600
18:53:05 Train 390/390 - loss: 0.1409 - acc: 0.9680
18:53:06 Valid 5/5 - loss: 0.1471 - acc: 0.9613
Epoch 437/600
18:53:37 Train 390/390 - loss: 0.1378 - acc: 0.9689
Epoch 438/600
18:54:07 Train 390/390 - loss: 0.1311 - acc: 0.9694
18:54:08 Valid 5/5 - loss: 0.1361 - acc: 0.9643
Epoch 439/600
18:54:39 Train 390/390 - loss: 0.1374 - acc: 0.9684
Epoch 440/600
18:55:09 Train 390/390 - loss: 0.1307 - acc: 0.9700
18:55:10 Valid 5/5 - loss: 0.1387 - acc: 0.9652
Epoch 441/600
18:55:41 Train 390/390 - loss: 0.1319 - acc: 0.9698
Epoch 442/600
18:56:11 Train 390/390 - loss: 0.1277 - acc: 0.9700
18:56:12 Valid 5/5 - loss: 0.1369 - acc: 0.9646
Epoch 443/600
18:56:42 Train 390/390 - loss: 0.1272 - acc: 0.9716
Epoch 444/600
18:57:13 Train 390/390 - loss: 0.1332 - acc: 0.9697
18:57:14 Valid 5/5 - loss: 0.1495 - acc: 0.9606
Epoch 445/600
18:57:44 Train 390/390 - loss: 0.1346 - acc: 0.9695
Epoch 446/600
18:58:15 Train 390/390 - loss: 0.1262 - acc: 0.9718
18:58:16 Valid 5/5 - loss: 0.1348 - acc: 0.9650
Epoch 447/600
18:58:46 Train 390/390 - loss: 0.1279 - acc: 0.9708
Epoch 448/600
18:59:16 Train 390/390 - loss: 0.1274 - acc: 0.9707
18:59:18 Valid 5/5 - loss: 0.1396 - acc: 0.9631
Epoch 449/600
18:59:48 Train 390/390 - loss: 0.1195 - acc: 0.9731
Epoch 450/600
19:00:18 Train 390/390 - loss: 0.1245 - acc: 0.9723
19:00:20 Valid 5/5 - loss: 0.1380 - acc: 0.9630
Epoch 451/600
19:00:50 Train 390/390 - loss: 0.1227 - acc: 0.9718
Epoch 452/600
19:01:20 Train 390/390 - loss: 0.1253 - acc: 0.9709
19:01:22 Valid 5/5 - loss: 0.1324 - acc: 0.9658
Epoch 453/600
19:01:52 Train 390/390 - loss: 0.1247 - acc: 0.9716
Epoch 454/600
19:02:22 Train 390/390 - loss: 0.1266 - acc: 0.9713
19:02:24 Valid 5/5 - loss: 0.1319 - acc: 0.9650
Epoch 455/600
19:02:54 Train 390/390 - loss: 0.1169 - acc: 0.9739
Epoch 456/600
19:03:24 Train 390/390 - loss: 0.1225 - acc: 0.9726
19:03:26 Valid 5/5 - loss: 0.1321 - acc: 0.9682
Epoch 457/600
19:03:56 Train 390/390 - loss: 0.1140 - acc: 0.9745
Epoch 458/600
19:04:26 Train 390/390 - loss: 0.1125 - acc: 0.9751
19:04:28 Valid 5/5 - loss: 0.1309 - acc: 0.9667
Epoch 459/600
19:04:58 Train 390/390 - loss: 0.1201 - acc: 0.9724
Epoch 460/600
19:05:28 Train 390/390 - loss: 0.1178 - acc: 0.9733
19:05:29 Valid 5/5 - loss: 0.1355 - acc: 0.9647
Epoch 461/600
19:06:00 Train 390/390 - loss: 0.1122 - acc: 0.9748
Epoch 462/600
19:06:30 Train 390/390 - loss: 0.1138 - acc: 0.9739
19:06:31 Valid 5/5 - loss: 0.1245 - acc: 0.9668
Epoch 463/600
19:07:02 Train 390/390 - loss: 0.1146 - acc: 0.9750
Epoch 464/600
19:07:32 Train 390/390 - loss: 0.1098 - acc: 0.9760
19:07:33 Valid 5/5 - loss: 0.1333 - acc: 0.9651
Epoch 465/600
19:08:04 Train 390/390 - loss: 0.1154 - acc: 0.9744
Epoch 466/600
19:08:34 Train 390/390 - loss: 0.1152 - acc: 0.9740
19:08:35 Valid 5/5 - loss: 0.1361 - acc: 0.9675
Epoch 467/600
19:09:06 Train 390/390 - loss: 0.1107 - acc: 0.9749
Epoch 468/600
19:09:36 Train 390/390 - loss: 0.1094 - acc: 0.9758
19:09:37 Valid 5/5 - loss: 0.1355 - acc: 0.9658
Epoch 469/600
19:10:08 Train 390/390 - loss: 0.1075 - acc: 0.9757
Epoch 470/600
19:10:38 Train 390/390 - loss: 0.1094 - acc: 0.9751
19:10:40 Valid 5/5 - loss: 0.1252 - acc: 0.9676
Epoch 471/600
19:11:10 Train 390/390 - loss: 0.1072 - acc: 0.9762
Epoch 472/600
19:11:40 Train 390/390 - loss: 0.1069 - acc: 0.9761
19:11:42 Valid 5/5 - loss: 0.1314 - acc: 0.9652
Epoch 473/600
19:12:12 Train 390/390 - loss: 0.1104 - acc: 0.9753
Epoch 474/600
19:12:43 Train 390/390 - loss: 0.1019 - acc: 0.9775
19:12:44 Valid 5/5 - loss: 0.1220 - acc: 0.9680
Epoch 475/600
19:13:14 Train 390/390 - loss: 0.1057 - acc: 0.9768
Epoch 476/600
19:13:45 Train 390/390 - loss: 0.1011 - acc: 0.9769
19:13:46 Valid 5/5 - loss: 0.1302 - acc: 0.9687
Epoch 477/600
19:14:16 Train 390/390 - loss: 0.1005 - acc: 0.9780
Epoch 478/600
19:14:47 Train 390/390 - loss: 0.1041 - acc: 0.9767
19:14:48 Valid 5/5 - loss: 0.1288 - acc: 0.9670
Epoch 479/600
19:15:19 Train 390/390 - loss: 0.1003 - acc: 0.9778
Epoch 480/600
19:15:49 Train 390/390 - loss: 0.0995 - acc: 0.9782
19:15:50 Valid 5/5 - loss: 0.1283 - acc: 0.9676
Epoch 481/600
19:16:21 Train 390/390 - loss: 0.0990 - acc: 0.9780
Epoch 482/600
19:16:51 Train 390/390 - loss: 0.0978 - acc: 0.9784
19:16:52 Valid 5/5 - loss: 0.1291 - acc: 0.9667
Epoch 483/600
19:17:23 Train 390/390 - loss: 0.0977 - acc: 0.9781
Epoch 484/600
19:17:53 Train 390/390 - loss: 0.0959 - acc: 0.9792
19:17:55 Valid 5/5 - loss: 0.1371 - acc: 0.9658
Epoch 485/600
19:18:25 Train 390/390 - loss: 0.0913 - acc: 0.9800
Epoch 486/600
19:18:55 Train 390/390 - loss: 0.0980 - acc: 0.9781
19:18:57 Valid 5/5 - loss: 0.1299 - acc: 0.9672
Epoch 487/600
19:19:27 Train 390/390 - loss: 0.0960 - acc: 0.9783
Epoch 488/600
19:19:57 Train 390/390 - loss: 0.0957 - acc: 0.9794
19:19:59 Valid 5/5 - loss: 0.1372 - acc: 0.9671
Epoch 489/600
19:20:29 Train 390/390 - loss: 0.0911 - acc: 0.9804
Epoch 490/600
19:20:59 Train 390/390 - loss: 0.0958 - acc: 0.9790
19:21:01 Valid 5/5 - loss: 0.1350 - acc: 0.9679
Epoch 491/600
19:21:31 Train 390/390 - loss: 0.0890 - acc: 0.9805
Epoch 492/600
19:22:01 Train 390/390 - loss: 0.0883 - acc: 0.9810
19:22:03 Valid 5/5 - loss: 0.1311 - acc: 0.9667
Epoch 493/600
19:22:33 Train 390/390 - loss: 0.0876 - acc: 0.9807
Epoch 494/600
19:23:03 Train 390/390 - loss: 0.0893 - acc: 0.9800
19:23:04 Valid 5/5 - loss: 0.1336 - acc: 0.9668
Epoch 495/600
19:23:35 Train 390/390 - loss: 0.0905 - acc: 0.9804
Epoch 496/600
19:24:05 Train 390/390 - loss: 0.0841 - acc: 0.9814
19:24:06 Valid 5/5 - loss: 0.1361 - acc: 0.9664
Epoch 497/600
19:24:36 Train 390/390 - loss: 0.0840 - acc: 0.9818
Epoch 498/600
19:25:07 Train 390/390 - loss: 0.0869 - acc: 0.9805
19:25:08 Valid 5/5 - loss: 0.1326 - acc: 0.9679
Epoch 499/600
19:25:38 Train 390/390 - loss: 0.0838 - acc: 0.9813
Epoch 500/600
19:26:08 Train 390/390 - loss: 0.0822 - acc: 0.9825
19:26:10 Valid 5/5 - loss: 0.1297 - acc: 0.9678
Epoch 501/600
19:26:40 Train 390/390 - loss: 0.0862 - acc: 0.9808
Epoch 502/600
19:27:10 Train 390/390 - loss: 0.0857 - acc: 0.9815
19:27:12 Valid 5/5 - loss: 0.1270 - acc: 0.9697
Epoch 503/600
19:27:42 Train 390/390 - loss: 0.0805 - acc: 0.9830
Epoch 504/600
19:28:12 Train 390/390 - loss: 0.0825 - acc: 0.9819
19:28:13 Valid 5/5 - loss: 0.1311 - acc: 0.9684
Epoch 505/600
19:28:44 Train 390/390 - loss: 0.0787 - acc: 0.9828
Epoch 506/600
19:29:14 Train 390/390 - loss: 0.0844 - acc: 0.9813
19:29:15 Valid 5/5 - loss: 0.1294 - acc: 0.9703
Epoch 507/600
19:29:46 Train 390/390 - loss: 0.0783 - acc: 0.9829
Epoch 508/600
19:30:16 Train 390/390 - loss: 0.0760 - acc: 0.9831
19:30:17 Valid 5/5 - loss: 0.1286 - acc: 0.9684
Epoch 509/600
19:30:48 Train 390/390 - loss: 0.0792 - acc: 0.9831
Epoch 510/600
19:31:18 Train 390/390 - loss: 0.0781 - acc: 0.9828
19:31:19 Valid 5/5 - loss: 0.1336 - acc: 0.9685
Epoch 511/600
19:31:49 Train 390/390 - loss: 0.0769 - acc: 0.9833
Epoch 512/600
19:32:20 Train 390/390 - loss: 0.0785 - acc: 0.9830
19:32:21 Valid 5/5 - loss: 0.1298 - acc: 0.9688
Epoch 513/600
19:32:51 Train 390/390 - loss: 0.0804 - acc: 0.9829
Epoch 514/600
19:33:22 Train 390/390 - loss: 0.0752 - acc: 0.9839
19:33:23 Valid 5/5 - loss: 0.1336 - acc: 0.9689
Epoch 515/600
19:33:53 Train 390/390 - loss: 0.0756 - acc: 0.9835
Epoch 516/600
19:34:24 Train 390/390 - loss: 0.0763 - acc: 0.9836
19:34:25 Valid 5/5 - loss: 0.1282 - acc: 0.9700
Epoch 517/600
19:34:55 Train 390/390 - loss: 0.0751 - acc: 0.9839
Epoch 518/600
19:35:26 Train 390/390 - loss: 0.0725 - acc: 0.9845
19:35:27 Valid 5/5 - loss: 0.1251 - acc: 0.9707
Epoch 519/600
19:35:57 Train 390/390 - loss: 0.0714 - acc: 0.9843
Epoch 520/600
19:36:27 Train 390/390 - loss: 0.0724 - acc: 0.9845
19:36:29 Valid 5/5 - loss: 0.1256 - acc: 0.9677
Epoch 521/600
19:36:59 Train 390/390 - loss: 0.0661 - acc: 0.9863
Epoch 522/600
19:37:29 Train 390/390 - loss: 0.0675 - acc: 0.9857
19:37:31 Valid 5/5 - loss: 0.1212 - acc: 0.9706
Epoch 523/600
19:38:01 Train 390/390 - loss: 0.0679 - acc: 0.9860
Epoch 524/600
19:38:31 Train 390/390 - loss: 0.0664 - acc: 0.9863
19:38:33 Valid 5/5 - loss: 0.1259 - acc: 0.9700
Epoch 525/600
19:39:03 Train 390/390 - loss: 0.0698 - acc: 0.9844
Epoch 526/600
19:39:33 Train 390/390 - loss: 0.0692 - acc: 0.9852
19:39:35 Valid 5/5 - loss: 0.1227 - acc: 0.9715
Epoch 527/600
19:40:05 Train 390/390 - loss: 0.0692 - acc: 0.9859
Epoch 528/600
19:40:35 Train 390/390 - loss: 0.0664 - acc: 0.9858
19:40:37 Valid 5/5 - loss: 0.1235 - acc: 0.9709
Epoch 529/600
19:41:07 Train 390/390 - loss: 0.0663 - acc: 0.9859
Epoch 530/600
19:41:38 Train 390/390 - loss: 0.0692 - acc: 0.9851
19:41:39 Valid 5/5 - loss: 0.1263 - acc: 0.9710
Epoch 531/600
19:42:09 Train 390/390 - loss: 0.0660 - acc: 0.9862
Epoch 532/600
19:42:40 Train 390/390 - loss: 0.0677 - acc: 0.9853
19:42:41 Valid 5/5 - loss: 0.1245 - acc: 0.9714
Epoch 533/600
19:43:11 Train 390/390 - loss: 0.0656 - acc: 0.9860
Epoch 534/600
19:43:42 Train 390/390 - loss: 0.0652 - acc: 0.9869
19:43:43 Valid 5/5 - loss: 0.1185 - acc: 0.9723
Epoch 535/600
19:44:13 Train 390/390 - loss: 0.0622 - acc: 0.9873
Epoch 536/600
19:44:44 Train 390/390 - loss: 0.0659 - acc: 0.9857
19:44:45 Valid 5/5 - loss: 0.1182 - acc: 0.9719
Epoch 537/600
19:45:15 Train 390/390 - loss: 0.0629 - acc: 0.9869
Epoch 538/600
19:45:46 Train 390/390 - loss: 0.0647 - acc: 0.9864
19:45:47 Valid 5/5 - loss: 0.1241 - acc: 0.9716
Epoch 539/600
19:46:17 Train 390/390 - loss: 0.0588 - acc: 0.9879
Epoch 540/600
19:46:48 Train 390/390 - loss: 0.0651 - acc: 0.9863
19:46:49 Valid 5/5 - loss: 0.1223 - acc: 0.9715
Epoch 541/600
19:47:19 Train 390/390 - loss: 0.0586 - acc: 0.9874
Epoch 542/600
19:47:50 Train 390/390 - loss: 0.0657 - acc: 0.9868
19:47:51 Valid 5/5 - loss: 0.1234 - acc: 0.9714
Epoch 543/600
19:48:21 Train 390/390 - loss: 0.0632 - acc: 0.9872
Epoch 544/600
19:48:52 Train 390/390 - loss: 0.0621 - acc: 0.9871
19:48:53 Valid 5/5 - loss: 0.1225 - acc: 0.9708
Epoch 545/600
19:49:23 Train 390/390 - loss: 0.0629 - acc: 0.9866
Epoch 546/600
19:49:54 Train 390/390 - loss: 0.0570 - acc: 0.9879
19:49:55 Valid 5/5 - loss: 0.1261 - acc: 0.9710
Epoch 547/600
19:50:25 Train 390/390 - loss: 0.0612 - acc: 0.9877
Epoch 548/600
19:50:56 Train 390/390 - loss: 0.0611 - acc: 0.9877
19:50:57 Valid 5/5 - loss: 0.1221 - acc: 0.9716
Epoch 549/600
19:51:27 Train 390/390 - loss: 0.0586 - acc: 0.9878
Epoch 550/600
19:51:57 Train 390/390 - loss: 0.0618 - acc: 0.9870
19:51:59 Valid 5/5 - loss: 0.1229 - acc: 0.9711
Epoch 551/600
19:52:29 Train 390/390 - loss: 0.0579 - acc: 0.9883
Epoch 552/600
19:52:59 Train 390/390 - loss: 0.0580 - acc: 0.9882
19:53:01 Valid 5/5 - loss: 0.1247 - acc: 0.9715
Epoch 553/600
19:53:31 Train 390/390 - loss: 0.0585 - acc: 0.9880
Epoch 554/600
19:54:01 Train 390/390 - loss: 0.0593 - acc: 0.9879
19:54:02 Valid 5/5 - loss: 0.1268 - acc: 0.9708
Epoch 555/600
19:54:33 Train 390/390 - loss: 0.0601 - acc: 0.9882
Epoch 556/600
19:55:03 Train 390/390 - loss: 0.0576 - acc: 0.9882
19:55:05 Valid 5/5 - loss: 0.1243 - acc: 0.9715
Epoch 557/600
19:55:35 Train 390/390 - loss: 0.0581 - acc: 0.9881
Epoch 558/600
19:56:05 Train 390/390 - loss: 0.0581 - acc: 0.9883
19:56:07 Valid 5/5 - loss: 0.1227 - acc: 0.9715
Epoch 559/600
19:56:37 Train 390/390 - loss: 0.0555 - acc: 0.9889
Epoch 560/600
19:57:08 Train 390/390 - loss: 0.0609 - acc: 0.9878
19:57:09 Valid 5/5 - loss: 0.1230 - acc: 0.9721
Epoch 561/600
19:57:40 Train 390/390 - loss: 0.0576 - acc: 0.9880
Epoch 562/600
19:58:10 Train 390/390 - loss: 0.0602 - acc: 0.9879
19:58:11 Valid 5/5 - loss: 0.1234 - acc: 0.9718
Epoch 563/600
19:58:41 Train 390/390 - loss: 0.0548 - acc: 0.9886
Epoch 564/600
19:59:12 Train 390/390 - loss: 0.0582 - acc: 0.9881
19:59:13 Valid 5/5 - loss: 0.1232 - acc: 0.9709
Epoch 565/600
19:59:43 Train 390/390 - loss: 0.0573 - acc: 0.9882
Epoch 566/600
20:00:14 Train 390/390 - loss: 0.0591 - acc: 0.9880
20:00:15 Valid 5/5 - loss: 0.1220 - acc: 0.9717
Epoch 567/600
20:00:45 Train 390/390 - loss: 0.0580 - acc: 0.9887
Epoch 568/600
20:01:15 Train 390/390 - loss: 0.0540 - acc: 0.9891
20:01:17 Valid 5/5 - loss: 0.1224 - acc: 0.9712
Epoch 569/600
20:01:47 Train 390/390 - loss: 0.0567 - acc: 0.9887
Epoch 570/600
20:02:17 Train 390/390 - loss: 0.0549 - acc: 0.9884
20:02:19 Valid 5/5 - loss: 0.1219 - acc: 0.9716
Epoch 571/600
20:02:49 Train 390/390 - loss: 0.0565 - acc: 0.9886
Epoch 572/600
20:03:19 Train 390/390 - loss: 0.0553 - acc: 0.9894
20:03:21 Valid 5/5 - loss: 0.1212 - acc: 0.9722
Epoch 573/600
20:03:51 Train 390/390 - loss: 0.0574 - acc: 0.9881
Epoch 574/600
20:04:21 Train 390/390 - loss: 0.0551 - acc: 0.9888
20:04:22 Valid 5/5 - loss: 0.1212 - acc: 0.9710
Epoch 575/600
20:04:53 Train 390/390 - loss: 0.0583 - acc: 0.9882
Epoch 576/600
20:05:23 Train 390/390 - loss: 0.0558 - acc: 0.9888
20:05:24 Valid 5/5 - loss: 0.1201 - acc: 0.9718
Epoch 577/600
20:05:55 Train 390/390 - loss: 0.0551 - acc: 0.9887
Epoch 578/600
20:06:25 Train 390/390 - loss: 0.0563 - acc: 0.9890
20:06:27 Valid 5/5 - loss: 0.1204 - acc: 0.9724
Epoch 579/600
20:06:57 Train 390/390 - loss: 0.0569 - acc: 0.9887
Epoch 580/600
20:07:27 Train 390/390 - loss: 0.0544 - acc: 0.9891
20:07:28 Valid 5/5 - loss: 0.1201 - acc: 0.9720
Epoch 581/600
20:07:58 Train 390/390 - loss: 0.0560 - acc: 0.9886
Epoch 582/600
20:08:29 Train 390/390 - loss: 0.0554 - acc: 0.9889
20:08:30 Valid 5/5 - loss: 0.1209 - acc: 0.9713
Epoch 583/600
20:09:00 Train 390/390 - loss: 0.0557 - acc: 0.9894
Epoch 584/600
20:09:31 Train 390/390 - loss: 0.0552 - acc: 0.9890
20:09:32 Valid 5/5 - loss: 0.1207 - acc: 0.9718
Epoch 585/600
20:10:02 Train 390/390 - loss: 0.0563 - acc: 0.9882
Epoch 586/600
20:10:33 Train 390/390 - loss: 0.0555 - acc: 0.9888
20:10:34 Valid 5/5 - loss: 0.1199 - acc: 0.9724
Epoch 587/600
20:11:04 Train 390/390 - loss: 0.0567 - acc: 0.9889
Epoch 588/600
20:11:35 Train 390/390 - loss: 0.0560 - acc: 0.9889
20:11:36 Valid 5/5 - loss: 0.1208 - acc: 0.9720
Epoch 589/600
20:12:06 Train 390/390 - loss: 0.0539 - acc: 0.9892
Epoch 590/600
20:12:37 Train 390/390 - loss: 0.0578 - acc: 0.9884
20:12:38 Valid 5/5 - loss: 0.1206 - acc: 0.9721
Epoch 591/600
20:13:08 Train 390/390 - loss: 0.0575 - acc: 0.9880
Epoch 592/600
20:13:39 Train 390/390 - loss: 0.0604 - acc: 0.9880
20:13:41 Valid 5/5 - loss: 0.1209 - acc: 0.9723
Epoch 593/600
20:14:11 Train 390/390 - loss: 0.0561 - acc: 0.9891
Epoch 594/600
20:14:41 Train 390/390 - loss: 0.0565 - acc: 0.9880
20:14:42 Valid 5/5 - loss: 0.1205 - acc: 0.9724
Epoch 595/600
20:15:13 Train 390/390 - loss: 0.0592 - acc: 0.9877
Epoch 596/600
20:15:43 Train 390/390 - loss: 0.0587 - acc: 0.9884
20:15:45 Valid 5/5 - loss: 0.1200 - acc: 0.9719
Epoch 597/600
20:16:15 Train 390/390 - loss: 0.0575 - acc: 0.9887
Epoch 598/600
20:16:45 Train 390/390 - loss: 0.0598 - acc: 0.9879
20:16:47 Valid 5/5 - loss: 0.1196 - acc: 0.9721
Epoch 599/600
20:17:17 Train 390/390 - loss: 0.0577 - acc: 0.9882
Epoch 600/600
20:17:47 Train 390/390 - loss: 0.0575 - acc: 0.9887
20:17:49 Valid 5/5 - loss: 0.1204 - acc: 0.9719