Epoch 1/600
22:18:54 Train 65/65 - loss: 2.9188 - acc: 0.2159
Epoch 2/600
22:19:09 Train 65/65 - loss: 2.3605 - acc: 0.3701
WARNING:tensorflow:From /usr/local/lib/python3.6/dist-packages/tensorflow/python/data/ops/multi_device_iterator_ops.py:601: get_next_as_optional (from tensorflow.python.data.ops.iterator_ops) is deprecated and will be removed in a future version.
Instructions for updating:
Use `tf.data.Iterator.get_next_as_optional()` instead.
WARNING:tensorflow:From /usr/local/lib/python3.6/dist-packages/tensorflow/python/data/ops/multi_device_iterator_ops.py:601: get_next_as_optional (from tensorflow.python.data.ops.iterator_ops) is deprecated and will be removed in a future version.
Instructions for updating:
Use `tf.data.Iterator.get_next_as_optional()` instead.
22:20:21 Valid 7/7 - loss: 1.6645 - acc: 0.4092
Epoch 3/600
22:20:36 Train 65/65 - loss: 2.0763 - acc: 0.4574
Epoch 4/600
22:20:51 Train 65/65 - loss: 1.8902 - acc: 0.5104
22:20:53 Valid 7/7 - loss: 1.2652 - acc: 0.5487
Epoch 5/600
22:21:08 Train 65/65 - loss: 1.6807 - acc: 0.5723
Epoch 6/600
22:21:23 Train 65/65 - loss: 1.5304 - acc: 0.6131
22:21:24 Valid 7/7 - loss: 1.2546 - acc: 0.5967
Epoch 7/600
22:21:39 Train 65/65 - loss: 1.4053 - acc: 0.6442
Epoch 8/600
22:21:54 Train 65/65 - loss: 1.3056 - acc: 0.6711
22:21:55 Valid 7/7 - loss: 1.1464 - acc: 0.6227
Epoch 9/600
22:22:10 Train 65/65 - loss: 1.2197 - acc: 0.6972
Epoch 10/600
22:22:24 Train 65/65 - loss: 1.1332 - acc: 0.7187
22:22:26 Valid 7/7 - loss: 0.7528 - acc: 0.7533
Epoch 11/600
22:22:41 Train 65/65 - loss: 1.0701 - acc: 0.7323
Epoch 12/600
22:22:55 Train 65/65 - loss: 0.9947 - acc: 0.7530
22:22:57 Valid 7/7 - loss: 0.7410 - acc: 0.7589
Epoch 13/600
22:23:11 Train 65/65 - loss: 0.9317 - acc: 0.7695
Epoch 14/600
22:23:26 Train 65/65 - loss: 0.8740 - acc: 0.7849
22:23:27 Valid 7/7 - loss: 0.6646 - acc: 0.7709
Epoch 15/600
22:23:42 Train 65/65 - loss: 0.8492 - acc: 0.7908
Epoch 16/600
22:23:57 Train 65/65 - loss: 0.7971 - acc: 0.8029
22:23:58 Valid 7/7 - loss: 0.6289 - acc: 0.7854
Epoch 17/600
22:24:13 Train 65/65 - loss: 0.7719 - acc: 0.8091
Epoch 18/600
22:24:28 Train 65/65 - loss: 0.7453 - acc: 0.8164
22:24:29 Valid 7/7 - loss: 0.6515 - acc: 0.7844
Epoch 19/600
22:24:44 Train 65/65 - loss: 0.7216 - acc: 0.8208
Epoch 20/600
22:24:59 Train 65/65 - loss: 0.7160 - acc: 0.8225
22:25:00 Valid 7/7 - loss: 0.5223 - acc: 0.8227
Epoch 21/600
22:25:15 Train 65/65 - loss: 0.6704 - acc: 0.8352
Epoch 22/600
22:25:30 Train 65/65 - loss: 0.6610 - acc: 0.8368
22:25:31 Valid 7/7 - loss: 0.5087 - acc: 0.8321
Epoch 23/600
22:25:46 Train 65/65 - loss: 0.6347 - acc: 0.8445
Epoch 24/600
22:26:01 Train 65/65 - loss: 0.6356 - acc: 0.8423
22:26:02 Valid 7/7 - loss: 0.4616 - acc: 0.8436
Epoch 25/600
22:26:17 Train 65/65 - loss: 0.6157 - acc: 0.8481
Epoch 26/600
22:26:32 Train 65/65 - loss: 0.5970 - acc: 0.8532
22:26:33 Valid 7/7 - loss: 0.5762 - acc: 0.8123
Epoch 27/600
22:26:48 Train 65/65 - loss: 0.5890 - acc: 0.8546
Epoch 28/600
22:27:03 Train 65/65 - loss: 0.5752 - acc: 0.8576
22:27:04 Valid 7/7 - loss: 0.4432 - acc: 0.8453
Epoch 29/600
22:27:19 Train 65/65 - loss: 0.5772 - acc: 0.8578
Epoch 30/600
22:27:33 Train 65/65 - loss: 0.5632 - acc: 0.8598
22:27:35 Valid 7/7 - loss: 0.5472 - acc: 0.8249
Epoch 31/600
22:27:50 Train 65/65 - loss: 0.5555 - acc: 0.8632
Epoch 32/600
22:28:04 Train 65/65 - loss: 0.5390 - acc: 0.8690
22:28:06 Valid 7/7 - loss: 0.4348 - acc: 0.8535
Epoch 33/600
22:28:21 Train 65/65 - loss: 0.5393 - acc: 0.8676
Epoch 34/600
22:28:35 Train 65/65 - loss: 0.5347 - acc: 0.8681
22:28:37 Valid 7/7 - loss: 0.4441 - acc: 0.8507
Epoch 35/600
22:28:52 Train 65/65 - loss: 0.5261 - acc: 0.8712
Epoch 36/600
22:29:07 Train 65/65 - loss: 0.5243 - acc: 0.8714
22:29:08 Valid 7/7 - loss: 0.3666 - acc: 0.8795
Epoch 37/600
22:29:23 Train 65/65 - loss: 0.5195 - acc: 0.8729
Epoch 38/600
22:29:38 Train 65/65 - loss: 0.5043 - acc: 0.8760
22:29:39 Valid 7/7 - loss: 0.3958 - acc: 0.8706
Epoch 39/600
22:29:54 Train 65/65 - loss: 0.5083 - acc: 0.8765
Epoch 40/600
22:30:09 Train 65/65 - loss: 0.5042 - acc: 0.8766
22:30:10 Valid 7/7 - loss: 0.3982 - acc: 0.8724
Epoch 41/600
22:30:25 Train 65/65 - loss: 0.5018 - acc: 0.8766
Epoch 42/600
22:30:40 Train 65/65 - loss: 0.4954 - acc: 0.8790
22:30:41 Valid 7/7 - loss: 0.3752 - acc: 0.8780
Epoch 43/600
22:30:56 Train 65/65 - loss: 0.4995 - acc: 0.8783
Epoch 44/600
22:31:11 Train 65/65 - loss: 0.4914 - acc: 0.8805
22:31:13 Valid 7/7 - loss: 0.3949 - acc: 0.8717
Epoch 45/600
22:31:27 Train 65/65 - loss: 0.4885 - acc: 0.8793
Epoch 46/600
22:31:42 Train 65/65 - loss: 0.4810 - acc: 0.8829
22:31:44 Valid 7/7 - loss: 0.3364 - acc: 0.8915
Epoch 47/600
22:31:59 Train 65/65 - loss: 0.4687 - acc: 0.8855
Epoch 48/600
22:32:14 Train 65/65 - loss: 0.4840 - acc: 0.8811
22:32:15 Valid 7/7 - loss: 0.3688 - acc: 0.8789
Epoch 49/600
22:32:30 Train 65/65 - loss: 0.4704 - acc: 0.8851
Epoch 50/600
22:32:45 Train 65/65 - loss: 0.4716 - acc: 0.8852
22:32:46 Valid 7/7 - loss: 0.3621 - acc: 0.8777
Epoch 51/600
22:33:01 Train 65/65 - loss: 0.4707 - acc: 0.8850
Epoch 52/600
22:33:16 Train 65/65 - loss: 0.4697 - acc: 0.8834
22:33:17 Valid 7/7 - loss: 0.5155 - acc: 0.8424
Epoch 53/600
22:33:32 Train 65/65 - loss: 0.4586 - acc: 0.8883
Epoch 54/600
22:33:47 Train 65/65 - loss: 0.4631 - acc: 0.8876
22:33:48 Valid 7/7 - loss: 0.3551 - acc: 0.8864
Epoch 55/600
22:34:03 Train 65/65 - loss: 0.4520 - acc: 0.8908
Epoch 56/600
22:34:18 Train 65/65 - loss: 0.4558 - acc: 0.8892
22:34:20 Valid 7/7 - loss: 0.4552 - acc: 0.8544
Epoch 57/600
22:34:34 Train 65/65 - loss: 0.4547 - acc: 0.8883
Epoch 58/600
22:34:49 Train 65/65 - loss: 0.4484 - acc: 0.8908
22:34:51 Valid 7/7 - loss: 0.3377 - acc: 0.8918
Epoch 59/600
22:35:06 Train 65/65 - loss: 0.4559 - acc: 0.8888
Epoch 60/600
22:35:20 Train 65/65 - loss: 0.4525 - acc: 0.8900
22:35:22 Valid 7/7 - loss: 0.3889 - acc: 0.8758
Epoch 61/600
22:35:37 Train 65/65 - loss: 0.4453 - acc: 0.8919
Epoch 62/600
22:35:52 Train 65/65 - loss: 0.4507 - acc: 0.8913
22:35:53 Valid 7/7 - loss: 0.5830 - acc: 0.8274
Epoch 63/600
22:36:08 Train 65/65 - loss: 0.4338 - acc: 0.8944
Epoch 64/600
22:36:23 Train 65/65 - loss: 0.4399 - acc: 0.8931
22:36:24 Valid 7/7 - loss: 0.4277 - acc: 0.8697
Epoch 65/600
22:36:39 Train 65/65 - loss: 0.4388 - acc: 0.8932
Epoch 66/600
22:36:54 Train 65/65 - loss: 0.4407 - acc: 0.8938
22:36:55 Valid 7/7 - loss: 0.3350 - acc: 0.8925
Epoch 67/600
22:37:10 Train 65/65 - loss: 0.4341 - acc: 0.8938
Epoch 68/600
22:37:25 Train 65/65 - loss: 0.4365 - acc: 0.8911
22:37:27 Valid 7/7 - loss: 0.3445 - acc: 0.8882
Epoch 69/600
22:37:42 Train 65/65 - loss: 0.4300 - acc: 0.8970
Epoch 70/600
22:37:56 Train 65/65 - loss: 0.4217 - acc: 0.8985
22:37:58 Valid 7/7 - loss: 0.3482 - acc: 0.8860
Epoch 71/600
22:38:13 Train 65/65 - loss: 0.4309 - acc: 0.8949
Epoch 72/600
22:38:28 Train 65/65 - loss: 0.4253 - acc: 0.8962
22:38:30 Valid 7/7 - loss: 0.3737 - acc: 0.8816
Epoch 73/600
22:38:45 Train 65/65 - loss: 0.4238 - acc: 0.8963
Epoch 74/600
22:39:00 Train 65/65 - loss: 0.4257 - acc: 0.8968
22:39:01 Valid 7/7 - loss: 0.3368 - acc: 0.8945
Epoch 75/600
22:39:16 Train 65/65 - loss: 0.4198 - acc: 0.8990
Epoch 76/600
22:39:31 Train 65/65 - loss: 0.4197 - acc: 0.8985
22:39:32 Valid 7/7 - loss: 0.4924 - acc: 0.8513
Epoch 77/600
22:39:48 Train 65/65 - loss: 0.4160 - acc: 0.8994
Epoch 78/600
22:40:02 Train 65/65 - loss: 0.4242 - acc: 0.8984
22:40:04 Valid 7/7 - loss: 0.3403 - acc: 0.8873
Epoch 79/600
22:40:19 Train 65/65 - loss: 0.4155 - acc: 0.8984
Epoch 80/600
22:40:34 Train 65/65 - loss: 0.4245 - acc: 0.8963
22:40:35 Valid 7/7 - loss: 0.3974 - acc: 0.8796
Epoch 81/600
22:40:50 Train 65/65 - loss: 0.4102 - acc: 0.8997
Epoch 82/600
22:41:05 Train 65/65 - loss: 0.4086 - acc: 0.9015
22:41:07 Valid 7/7 - loss: 0.3782 - acc: 0.8785
Epoch 83/600
22:41:22 Train 65/65 - loss: 0.4141 - acc: 0.8996
Epoch 84/600
22:41:37 Train 65/65 - loss: 0.4138 - acc: 0.9006
22:41:38 Valid 7/7 - loss: 0.4955 - acc: 0.8501
Epoch 85/600
22:41:53 Train 65/65 - loss: 0.4117 - acc: 0.9012
Epoch 86/600
22:42:08 Train 65/65 - loss: 0.4054 - acc: 0.9030
22:42:09 Valid 7/7 - loss: 0.4039 - acc: 0.8753
Epoch 87/600
22:42:24 Train 65/65 - loss: 0.4011 - acc: 0.9023
Epoch 88/600
22:42:39 Train 65/65 - loss: 0.3957 - acc: 0.9049
22:42:41 Valid 7/7 - loss: 0.5422 - acc: 0.8388
Epoch 89/600
22:42:56 Train 65/65 - loss: 0.4095 - acc: 0.9003
Epoch 90/600
22:43:10 Train 65/65 - loss: 0.3938 - acc: 0.9045
22:43:12 Valid 7/7 - loss: 0.3663 - acc: 0.8855
Epoch 91/600
22:43:27 Train 65/65 - loss: 0.3992 - acc: 0.9030
Epoch 92/600
22:43:42 Train 65/65 - loss: 0.3982 - acc: 0.9039
22:43:43 Valid 7/7 - loss: 0.3348 - acc: 0.8945
Epoch 93/600
22:43:58 Train 65/65 - loss: 0.4076 - acc: 0.9018
Epoch 94/600
22:44:13 Train 65/65 - loss: 0.3910 - acc: 0.9047
22:44:14 Valid 7/7 - loss: 0.3000 - acc: 0.9089
Epoch 95/600
22:44:29 Train 65/65 - loss: 0.3889 - acc: 0.9055
Epoch 96/600
22:44:44 Train 65/65 - loss: 0.3904 - acc: 0.9057
22:44:46 Valid 7/7 - loss: 0.5486 - acc: 0.8360
Epoch 97/600
22:45:00 Train 65/65 - loss: 0.3861 - acc: 0.9062
Epoch 98/600
22:45:15 Train 65/65 - loss: 0.3823 - acc: 0.9083
22:45:17 Valid 7/7 - loss: 0.4050 - acc: 0.8811
Epoch 99/600
22:45:31 Train 65/65 - loss: 0.3854 - acc: 0.9077
Epoch 100/600
22:45:46 Train 65/65 - loss: 0.3969 - acc: 0.9042
22:45:48 Valid 7/7 - loss: 0.4026 - acc: 0.8739
Epoch 101/600
22:46:03 Train 65/65 - loss: 0.3862 - acc: 0.9069
Epoch 102/600
22:46:18 Train 65/65 - loss: 0.3984 - acc: 0.9045
22:46:19 Valid 7/7 - loss: 0.4619 - acc: 0.8686
Epoch 103/600
22:46:34 Train 65/65 - loss: 0.3929 - acc: 0.9044
Epoch 104/600
22:46:49 Train 65/65 - loss: 0.3850 - acc: 0.9069
22:46:50 Valid 7/7 - loss: 0.3666 - acc: 0.8886
Epoch 105/600
22:47:05 Train 65/65 - loss: 0.3940 - acc: 0.9054
Epoch 106/600
22:47:20 Train 65/65 - loss: 0.3799 - acc: 0.9090
22:47:21 Valid 7/7 - loss: 0.3871 - acc: 0.8833
Epoch 107/600
22:47:36 Train 65/65 - loss: 0.3749 - acc: 0.9097
Epoch 108/600
22:47:51 Train 65/65 - loss: 0.3867 - acc: 0.9062
22:47:53 Valid 7/7 - loss: 0.3149 - acc: 0.9041
Epoch 109/600
22:48:07 Train 65/65 - loss: 0.3819 - acc: 0.9075
Epoch 110/600
22:48:22 Train 65/65 - loss: 0.3827 - acc: 0.9087
22:48:24 Valid 7/7 - loss: 0.3710 - acc: 0.8905
Epoch 111/600
22:48:39 Train 65/65 - loss: 0.3861 - acc: 0.9076
Epoch 112/600
22:48:54 Train 65/65 - loss: 0.3826 - acc: 0.9066
22:48:55 Valid 7/7 - loss: 0.3490 - acc: 0.8934
Epoch 113/600
22:49:10 Train 65/65 - loss: 0.3875 - acc: 0.9054
Epoch 114/600
22:49:25 Train 65/65 - loss: 0.3779 - acc: 0.9101
22:49:26 Valid 7/7 - loss: 0.3630 - acc: 0.8946
Epoch 115/600
22:49:41 Train 65/65 - loss: 0.3707 - acc: 0.9100
Epoch 116/600
22:49:56 Train 65/65 - loss: 0.3736 - acc: 0.9097
22:49:58 Valid 7/7 - loss: 0.2855 - acc: 0.9098
Epoch 117/600
22:50:13 Train 65/65 - loss: 0.3738 - acc: 0.9111
Epoch 118/600
22:50:28 Train 65/65 - loss: 0.3732 - acc: 0.9095
22:50:29 Valid 7/7 - loss: 0.3733 - acc: 0.8913
Epoch 119/600
22:50:44 Train 65/65 - loss: 0.3749 - acc: 0.9091
Epoch 120/600
22:50:59 Train 65/65 - loss: 0.3721 - acc: 0.9090
22:51:01 Valid 7/7 - loss: 0.3533 - acc: 0.8914
Epoch 121/600
22:51:16 Train 65/65 - loss: 0.3867 - acc: 0.9058
Epoch 122/600
22:51:30 Train 65/65 - loss: 0.3669 - acc: 0.9109
22:51:32 Valid 7/7 - loss: 0.3591 - acc: 0.8915
Epoch 123/600
22:51:47 Train 65/65 - loss: 0.3799 - acc: 0.9091
Epoch 124/600
22:52:02 Train 65/65 - loss: 0.3772 - acc: 0.9100
22:52:03 Valid 7/7 - loss: 0.4093 - acc: 0.8735
Epoch 125/600
22:52:18 Train 65/65 - loss: 0.3662 - acc: 0.9118
Epoch 126/600
22:52:33 Train 65/65 - loss: 0.3648 - acc: 0.9126
22:52:35 Valid 7/7 - loss: 0.2609 - acc: 0.9216
Epoch 127/600
22:52:49 Train 65/65 - loss: 0.3718 - acc: 0.9108
Epoch 128/600
22:53:05 Train 65/65 - loss: 0.3709 - acc: 0.9108
22:53:06 Valid 7/7 - loss: 0.3504 - acc: 0.8929
Epoch 129/600
22:53:21 Train 65/65 - loss: 0.3635 - acc: 0.9124
Epoch 130/600
22:53:36 Train 65/65 - loss: 0.3613 - acc: 0.9137
22:53:37 Valid 7/7 - loss: 0.4320 - acc: 0.8801
Epoch 131/600
22:53:52 Train 65/65 - loss: 0.3634 - acc: 0.9123
Epoch 132/600
22:54:07 Train 65/65 - loss: 0.3677 - acc: 0.9113
22:54:09 Valid 7/7 - loss: 0.3436 - acc: 0.8927
Epoch 133/600
22:54:24 Train 65/65 - loss: 0.3711 - acc: 0.9090
Epoch 134/600
22:54:39 Train 65/65 - loss: 0.3648 - acc: 0.9134
22:54:40 Valid 7/7 - loss: 0.3287 - acc: 0.8998
Epoch 135/600
22:54:55 Train 65/65 - loss: 0.3755 - acc: 0.9100
Epoch 136/600
22:55:10 Train 65/65 - loss: 0.3692 - acc: 0.9109
22:55:12 Valid 7/7 - loss: 0.3725 - acc: 0.8932
Epoch 137/600
22:55:27 Train 65/65 - loss: 0.3597 - acc: 0.9143
Epoch 138/600
22:55:41 Train 65/65 - loss: 0.3591 - acc: 0.9137
22:55:43 Valid 7/7 - loss: 0.3024 - acc: 0.9081
Epoch 139/600
22:55:58 Train 65/65 - loss: 0.3568 - acc: 0.9140
Epoch 140/600
22:56:13 Train 65/65 - loss: 0.3564 - acc: 0.9141
22:56:14 Valid 7/7 - loss: 0.4700 - acc: 0.8579
Epoch 141/600
22:56:29 Train 65/65 - loss: 0.3693 - acc: 0.9113
Epoch 142/600
22:56:44 Train 65/65 - loss: 0.3646 - acc: 0.9117
22:56:45 Valid 7/7 - loss: 0.3920 - acc: 0.8867
Epoch 143/600
22:57:00 Train 65/65 - loss: 0.3571 - acc: 0.9143
Epoch 144/600
22:57:15 Train 65/65 - loss: 0.3510 - acc: 0.9161
22:57:17 Valid 7/7 - loss: 0.4343 - acc: 0.8750
Epoch 145/600
22:57:32 Train 65/65 - loss: 0.3694 - acc: 0.9116
Epoch 146/600
22:57:47 Train 65/65 - loss: 0.3533 - acc: 0.9155
22:57:48 Valid 7/7 - loss: 0.3371 - acc: 0.8957
Epoch 147/600
22:58:03 Train 65/65 - loss: 0.3594 - acc: 0.9128
Epoch 148/600
22:58:18 Train 65/65 - loss: 0.3567 - acc: 0.9140
22:58:19 Valid 7/7 - loss: 0.3170 - acc: 0.9020
Epoch 149/600
22:58:34 Train 65/65 - loss: 0.3595 - acc: 0.9137
Epoch 150/600
22:58:49 Train 65/65 - loss: 0.3636 - acc: 0.9125
22:58:51 Valid 7/7 - loss: 0.2825 - acc: 0.9100
Epoch 151/600
22:59:06 Train 65/65 - loss: 0.3537 - acc: 0.9153
Epoch 152/600
22:59:20 Train 65/65 - loss: 0.3507 - acc: 0.9156
22:59:22 Valid 7/7 - loss: 0.3439 - acc: 0.8965
Epoch 153/600
22:59:37 Train 65/65 - loss: 0.3508 - acc: 0.9157
Epoch 154/600
22:59:52 Train 65/65 - loss: 0.3597 - acc: 0.9128
22:59:53 Valid 7/7 - loss: 0.2792 - acc: 0.9161
Epoch 155/600
23:00:08 Train 65/65 - loss: 0.3609 - acc: 0.9135
Epoch 156/600
23:00:23 Train 65/65 - loss: 0.3466 - acc: 0.9171
23:00:24 Valid 7/7 - loss: 0.3010 - acc: 0.9100
Epoch 157/600
23:00:39 Train 65/65 - loss: 0.3469 - acc: 0.9166
Epoch 158/600
23:00:54 Train 65/65 - loss: 0.3550 - acc: 0.9155
23:00:56 Valid 7/7 - loss: 0.3151 - acc: 0.8983
Epoch 159/600
23:01:11 Train 65/65 - loss: 0.3520 - acc: 0.9154
Epoch 160/600
23:01:25 Train 65/65 - loss: 0.3483 - acc: 0.9160
23:01:27 Valid 7/7 - loss: 0.3694 - acc: 0.8927
Epoch 161/600
23:01:42 Train 65/65 - loss: 0.3477 - acc: 0.9169
Epoch 162/600
23:01:57 Train 65/65 - loss: 0.3532 - acc: 0.9150
23:01:58 Valid 7/7 - loss: 0.3387 - acc: 0.8953
Epoch 163/600
23:02:13 Train 65/65 - loss: 0.3487 - acc: 0.9167
Epoch 164/600
23:02:28 Train 65/65 - loss: 0.3512 - acc: 0.9163
23:02:29 Valid 7/7 - loss: 0.3338 - acc: 0.8981
Epoch 165/600
23:02:44 Train 65/65 - loss: 0.3443 - acc: 0.9174
Epoch 166/600
23:02:59 Train 65/65 - loss: 0.3520 - acc: 0.9150
23:03:01 Valid 7/7 - loss: 0.3746 - acc: 0.8928
Epoch 167/600
23:03:15 Train 65/65 - loss: 0.3559 - acc: 0.9150
Epoch 168/600
23:03:30 Train 65/65 - loss: 0.3503 - acc: 0.9167
23:03:32 Valid 7/7 - loss: 0.2508 - acc: 0.9254
Epoch 169/600
23:03:47 Train 65/65 - loss: 0.3431 - acc: 0.9187
Epoch 170/600
23:04:02 Train 65/65 - loss: 0.3505 - acc: 0.9156
23:04:03 Valid 7/7 - loss: 0.2735 - acc: 0.9184
Epoch 171/600
23:04:18 Train 65/65 - loss: 0.3564 - acc: 0.9140
Epoch 172/600
23:04:33 Train 65/65 - loss: 0.3273 - acc: 0.9217
23:04:35 Valid 7/7 - loss: 0.3763 - acc: 0.8920
Epoch 173/600
23:04:50 Train 65/65 - loss: 0.3462 - acc: 0.9175
Epoch 174/600
23:05:04 Train 65/65 - loss: 0.3449 - acc: 0.9178
23:05:06 Valid 7/7 - loss: 0.5868 - acc: 0.8375
Epoch 175/600
23:05:21 Train 65/65 - loss: 0.3376 - acc: 0.9182
Epoch 176/600
23:05:36 Train 65/65 - loss: 0.3430 - acc: 0.9190
23:05:37 Valid 7/7 - loss: 0.2678 - acc: 0.9155
Epoch 177/600
23:05:52 Train 65/65 - loss: 0.3384 - acc: 0.9187
Epoch 178/600
23:06:07 Train 65/65 - loss: 0.3584 - acc: 0.9144
23:06:09 Valid 7/7 - loss: 0.2679 - acc: 0.9181
Epoch 179/600
23:06:23 Train 65/65 - loss: 0.3441 - acc: 0.9175
Epoch 180/600
23:06:38 Train 65/65 - loss: 0.3469 - acc: 0.9172
23:06:40 Valid 7/7 - loss: 0.3099 - acc: 0.9104
Epoch 181/600
23:06:55 Train 65/65 - loss: 0.3468 - acc: 0.9175
Epoch 182/600
23:07:10 Train 65/65 - loss: 0.3403 - acc: 0.9180
23:07:11 Valid 7/7 - loss: 0.2289 - acc: 0.9297
Epoch 183/600
23:07:26 Train 65/65 - loss: 0.3281 - acc: 0.9209
Epoch 184/600
23:07:41 Train 65/65 - loss: 0.3447 - acc: 0.9158
23:07:43 Valid 7/7 - loss: 0.3664 - acc: 0.8969
Epoch 185/600
23:07:58 Train 65/65 - loss: 0.3343 - acc: 0.9194
Epoch 186/600
23:08:13 Train 65/65 - loss: 0.3375 - acc: 0.9184
23:08:14 Valid 7/7 - loss: 0.3744 - acc: 0.8967
Epoch 187/600
23:08:29 Train 65/65 - loss: 0.3477 - acc: 0.9154
Epoch 188/600
23:08:44 Train 65/65 - loss: 0.3334 - acc: 0.9204
23:08:46 Valid 7/7 - loss: 0.2941 - acc: 0.9178
Epoch 189/600
23:09:00 Train 65/65 - loss: 0.3263 - acc: 0.9208
Epoch 190/600
23:09:15 Train 65/65 - loss: 0.3404 - acc: 0.9178
23:09:17 Valid 7/7 - loss: 0.2820 - acc: 0.9134
Epoch 191/600
23:09:32 Train 65/65 - loss: 0.3226 - acc: 0.9234
Epoch 192/600
23:09:46 Train 65/65 - loss: 0.3398 - acc: 0.9188
23:09:48 Valid 7/7 - loss: 0.3000 - acc: 0.9113
Epoch 193/600
23:10:03 Train 65/65 - loss: 0.3334 - acc: 0.9210
Epoch 194/600
23:10:18 Train 65/65 - loss: 0.3349 - acc: 0.9199
23:10:19 Valid 7/7 - loss: 0.2291 - acc: 0.9287
Epoch 195/600
23:10:34 Train 65/65 - loss: 0.3329 - acc: 0.9209
Epoch 196/600
23:10:49 Train 65/65 - loss: 0.3320 - acc: 0.9201
23:10:51 Valid 7/7 - loss: 0.2627 - acc: 0.9209
Epoch 197/600
23:11:06 Train 65/65 - loss: 0.3356 - acc: 0.9202
Epoch 198/600
23:11:20 Train 65/65 - loss: 0.3317 - acc: 0.9201
23:11:22 Valid 7/7 - loss: 0.2720 - acc: 0.9151
Epoch 199/600
23:11:37 Train 65/65 - loss: 0.3281 - acc: 0.9220
Epoch 200/600
23:11:51 Train 65/65 - loss: 0.3344 - acc: 0.9194
23:11:53 Valid 7/7 - loss: 0.2862 - acc: 0.9135
Epoch 201/600
23:12:08 Train 65/65 - loss: 0.3377 - acc: 0.9176
Epoch 202/600
23:12:23 Train 65/65 - loss: 0.3246 - acc: 0.9217
23:12:24 Valid 7/7 - loss: 0.2763 - acc: 0.9171
Epoch 203/600
23:12:39 Train 65/65 - loss: 0.3331 - acc: 0.9195
Epoch 204/600
23:12:54 Train 65/65 - loss: 0.3209 - acc: 0.9241
23:12:56 Valid 7/7 - loss: 0.3032 - acc: 0.9086
Epoch 205/600
23:13:10 Train 65/65 - loss: 0.3362 - acc: 0.9201
Epoch 206/600
23:13:25 Train 65/65 - loss: 0.3239 - acc: 0.9232
23:13:27 Valid 7/7 - loss: 0.2326 - acc: 0.9274
Epoch 207/600
23:13:42 Train 65/65 - loss: 0.3224 - acc: 0.9214
Epoch 208/600
23:13:57 Train 65/65 - loss: 0.3310 - acc: 0.9220
23:13:58 Valid 7/7 - loss: 0.2654 - acc: 0.9208
Epoch 209/600
23:14:13 Train 65/65 - loss: 0.3284 - acc: 0.9221
Epoch 210/600
23:14:28 Train 65/65 - loss: 0.3352 - acc: 0.9201
23:14:29 Valid 7/7 - loss: 0.2746 - acc: 0.9168
Epoch 211/600
23:14:44 Train 65/65 - loss: 0.3270 - acc: 0.9220
Epoch 212/600
23:14:59 Train 65/65 - loss: 0.3232 - acc: 0.9228
23:15:01 Valid 7/7 - loss: 0.2558 - acc: 0.9217
Epoch 213/600
23:15:16 Train 65/65 - loss: 0.3286 - acc: 0.9225
Epoch 214/600
23:15:30 Train 65/65 - loss: 0.3222 - acc: 0.9224
23:15:32 Valid 7/7 - loss: 0.2925 - acc: 0.9104
Epoch 215/600
23:15:47 Train 65/65 - loss: 0.3291 - acc: 0.9216
Epoch 216/600
23:16:02 Train 65/65 - loss: 0.3256 - acc: 0.9225
23:16:03 Valid 7/7 - loss: 0.3721 - acc: 0.8931
Epoch 217/600
23:16:18 Train 65/65 - loss: 0.3254 - acc: 0.9233
Epoch 218/600
23:16:33 Train 65/65 - loss: 0.3313 - acc: 0.9204
23:16:34 Valid 7/7 - loss: 0.2928 - acc: 0.9168
Epoch 219/600
23:16:49 Train 65/65 - loss: 0.3191 - acc: 0.9231
Epoch 220/600
23:17:04 Train 65/65 - loss: 0.3221 - acc: 0.9233
23:17:05 Valid 7/7 - loss: 0.2363 - acc: 0.9270
Epoch 221/600
23:17:20 Train 65/65 - loss: 0.3091 - acc: 0.9272
Epoch 222/600
23:17:35 Train 65/65 - loss: 0.3216 - acc: 0.9242
23:17:37 Valid 7/7 - loss: 0.3135 - acc: 0.9078
Epoch 223/600
23:17:52 Train 65/65 - loss: 0.3157 - acc: 0.9259
Epoch 224/600
23:18:07 Train 65/65 - loss: 0.3177 - acc: 0.9247
23:18:08 Valid 7/7 - loss: 0.2235 - acc: 0.9316
Epoch 225/600
23:18:23 Train 65/65 - loss: 0.3220 - acc: 0.9231
Epoch 226/600
23:18:38 Train 65/65 - loss: 0.3247 - acc: 0.9225
23:18:39 Valid 7/7 - loss: 0.3053 - acc: 0.9104
Epoch 227/600
23:18:54 Train 65/65 - loss: 0.3189 - acc: 0.9226
Epoch 228/600
23:19:09 Train 65/65 - loss: 0.3039 - acc: 0.9285
23:19:11 Valid 7/7 - loss: 0.2954 - acc: 0.9141
Epoch 229/600
23:19:25 Train 65/65 - loss: 0.3151 - acc: 0.9246
Epoch 230/600
23:19:40 Train 65/65 - loss: 0.3247 - acc: 0.9221
23:19:42 Valid 7/7 - loss: 0.3461 - acc: 0.9000
Epoch 231/600
23:19:57 Train 65/65 - loss: 0.3325 - acc: 0.9202
Epoch 232/600
23:20:12 Train 65/65 - loss: 0.3272 - acc: 0.9220
23:20:13 Valid 7/7 - loss: 0.2884 - acc: 0.9203
Epoch 233/600
23:20:28 Train 65/65 - loss: 0.3168 - acc: 0.9240
Epoch 234/600
23:20:43 Train 65/65 - loss: 0.3167 - acc: 0.9251
23:20:45 Valid 7/7 - loss: 0.2874 - acc: 0.9143
Epoch 235/600
23:21:00 Train 65/65 - loss: 0.3144 - acc: 0.9256
Epoch 236/600
23:21:15 Train 65/65 - loss: 0.3143 - acc: 0.9244
23:21:16 Valid 7/7 - loss: 0.2447 - acc: 0.9283
Epoch 237/600
23:21:31 Train 65/65 - loss: 0.3136 - acc: 0.9241
Epoch 238/600
23:21:46 Train 65/65 - loss: 0.3138 - acc: 0.9264
23:21:47 Valid 7/7 - loss: 0.2382 - acc: 0.9274
Epoch 239/600
23:22:02 Train 65/65 - loss: 0.3096 - acc: 0.9264
Epoch 240/600
23:22:17 Train 65/65 - loss: 0.3053 - acc: 0.9271
23:22:19 Valid 7/7 - loss: 0.2307 - acc: 0.9305
Epoch 241/600
23:22:34 Train 65/65 - loss: 0.3163 - acc: 0.9245
Epoch 242/600
23:22:48 Train 65/65 - loss: 0.3085 - acc: 0.9263
23:22:50 Valid 7/7 - loss: 0.2325 - acc: 0.9298
Epoch 243/600
23:23:05 Train 65/65 - loss: 0.3145 - acc: 0.9265
Epoch 244/600
23:23:20 Train 65/65 - loss: 0.3041 - acc: 0.9276
23:23:21 Valid 7/7 - loss: 0.2771 - acc: 0.9189
Epoch 245/600
23:23:36 Train 65/65 - loss: 0.3054 - acc: 0.9266
Epoch 246/600
23:23:51 Train 65/65 - loss: 0.3093 - acc: 0.9264
23:23:52 Valid 7/7 - loss: 0.2292 - acc: 0.9322
Epoch 247/600
23:24:07 Train 65/65 - loss: 0.3046 - acc: 0.9275
Epoch 248/600
23:24:22 Train 65/65 - loss: 0.3062 - acc: 0.9275
23:24:24 Valid 7/7 - loss: 0.2444 - acc: 0.9245
Epoch 249/600
23:24:38 Train 65/65 - loss: 0.3021 - acc: 0.9287
Epoch 250/600
23:24:53 Train 65/65 - loss: 0.3120 - acc: 0.9265
23:24:55 Valid 7/7 - loss: 0.2149 - acc: 0.9324
Epoch 251/600
23:25:10 Train 65/65 - loss: 0.3028 - acc: 0.9287
Epoch 252/600
23:25:25 Train 65/65 - loss: 0.3028 - acc: 0.9273
23:25:26 Valid 7/7 - loss: 0.2620 - acc: 0.9208
Epoch 253/600
23:25:41 Train 65/65 - loss: 0.3100 - acc: 0.9258
Epoch 254/600
23:25:56 Train 65/65 - loss: 0.3049 - acc: 0.9271
23:25:57 Valid 7/7 - loss: 0.2281 - acc: 0.9278
Epoch 255/600
23:26:12 Train 65/65 - loss: 0.2964 - acc: 0.9314
Epoch 256/600
23:26:27 Train 65/65 - loss: 0.2946 - acc: 0.9300
23:26:28 Valid 7/7 - loss: 0.2127 - acc: 0.9325
Epoch 257/600
23:26:43 Train 65/65 - loss: 0.3007 - acc: 0.9290
Epoch 258/600
23:26:58 Train 65/65 - loss: 0.3087 - acc: 0.9271
23:27:00 Valid 7/7 - loss: 0.2409 - acc: 0.9286
Epoch 259/600
23:27:14 Train 65/65 - loss: 0.2993 - acc: 0.9274
Epoch 260/600
23:27:29 Train 65/65 - loss: 0.2966 - acc: 0.9301
23:27:31 Valid 7/7 - loss: 0.2505 - acc: 0.9253
Epoch 261/600
23:27:46 Train 65/65 - loss: 0.2975 - acc: 0.9288
Epoch 262/600
23:28:00 Train 65/65 - loss: 0.3005 - acc: 0.9281
23:28:02 Valid 7/7 - loss: 0.2543 - acc: 0.9248
Epoch 263/600
23:28:17 Train 65/65 - loss: 0.3053 - acc: 0.9273
Epoch 264/600
23:28:32 Train 65/65 - loss: 0.2843 - acc: 0.9328
23:28:33 Valid 7/7 - loss: 0.2754 - acc: 0.9188
Epoch 265/600
23:28:48 Train 65/65 - loss: 0.2976 - acc: 0.9288
Epoch 266/600
23:29:03 Train 65/65 - loss: 0.3000 - acc: 0.9283
23:29:05 Valid 7/7 - loss: 0.2017 - acc: 0.9385
Epoch 267/600
23:29:19 Train 65/65 - loss: 0.2951 - acc: 0.9299
Epoch 268/600
23:29:34 Train 65/65 - loss: 0.2933 - acc: 0.9308
23:29:36 Valid 7/7 - loss: 0.2400 - acc: 0.9310
Epoch 269/600
23:29:51 Train 65/65 - loss: 0.3011 - acc: 0.9289
Epoch 270/600
23:30:06 Train 65/65 - loss: 0.2924 - acc: 0.9308
23:30:07 Valid 7/7 - loss: 0.2284 - acc: 0.9312
Epoch 271/600
23:30:22 Train 65/65 - loss: 0.2925 - acc: 0.9288
Epoch 272/600
23:30:37 Train 65/65 - loss: 0.2910 - acc: 0.9317
23:30:38 Valid 7/7 - loss: 0.2302 - acc: 0.9317
Epoch 273/600
23:30:53 Train 65/65 - loss: 0.2874 - acc: 0.9319
Epoch 274/600
23:31:08 Train 65/65 - loss: 0.2915 - acc: 0.9307
23:31:10 Valid 7/7 - loss: 0.2730 - acc: 0.9257
Epoch 275/600
23:31:25 Train 65/65 - loss: 0.2821 - acc: 0.9342
Epoch 276/600
23:31:39 Train 65/65 - loss: 0.2916 - acc: 0.9303
23:31:41 Valid 7/7 - loss: 0.1975 - acc: 0.9395
Epoch 277/600
23:31:56 Train 65/65 - loss: 0.2895 - acc: 0.9309
Epoch 278/600
23:32:11 Train 65/65 - loss: 0.2886 - acc: 0.9322
23:32:12 Valid 7/7 - loss: 0.2386 - acc: 0.9298
Epoch 279/600
23:32:27 Train 65/65 - loss: 0.2921 - acc: 0.9301
Epoch 280/600
23:32:42 Train 65/65 - loss: 0.2854 - acc: 0.9334
23:32:43 Valid 7/7 - loss: 0.2767 - acc: 0.9200
Epoch 281/600
23:32:58 Train 65/65 - loss: 0.2803 - acc: 0.9340
Epoch 282/600
23:33:13 Train 65/65 - loss: 0.2871 - acc: 0.9320
23:33:14 Valid 7/7 - loss: 0.2132 - acc: 0.9344
Epoch 283/600
23:33:29 Train 65/65 - loss: 0.2834 - acc: 0.9334
Epoch 284/600
23:33:44 Train 65/65 - loss: 0.2746 - acc: 0.9349
23:33:46 Valid 7/7 - loss: 0.2295 - acc: 0.9337
Epoch 285/600
23:34:00 Train 65/65 - loss: 0.2828 - acc: 0.9326
Epoch 286/600
23:34:15 Train 65/65 - loss: 0.2888 - acc: 0.9320
23:34:17 Valid 7/7 - loss: 0.2026 - acc: 0.9353
Epoch 287/600
23:34:32 Train 65/65 - loss: 0.2779 - acc: 0.9344
Epoch 288/600
23:34:48 Valid 7/7 - loss: 0.2251 - acc: 0.9361
Epoch 289/600
23:35:03 Train 65/65 - loss: 0.2765 - acc: 0.9337
Epoch 290/600
23:35:18 Train 65/65 - loss: 0.2860 - acc: 0.9327
23:35:19 Valid 7/7 - loss: 0.2070 - acc: 0.9357
Epoch 291/600
23:35:34 Train 65/65 - loss: 0.2757 - acc: 0.9354
Epoch 292/600
23:35:49 Train 65/65 - loss: 0.2751 - acc: 0.9350
23:35:50 Valid 7/7 - loss: 0.2488 - acc: 0.9249
Epoch 293/600
23:36:05 Train 65/65 - loss: 0.2827 - acc: 0.9329
Epoch 294/600
23:36:20 Train 65/65 - loss: 0.2783 - acc: 0.9356
23:36:22 Valid 7/7 - loss: 0.2836 - acc: 0.9175
Epoch 295/600
23:36:36 Train 65/65 - loss: 0.2715 - acc: 0.9362
Epoch 296/600
23:36:51 Train 65/65 - loss: 0.2720 - acc: 0.9356
23:36:53 Valid 7/7 - loss: 0.2044 - acc: 0.9401
Epoch 297/600
23:37:08 Train 65/65 - loss: 0.2796 - acc: 0.9338
Epoch 298/600
23:37:22 Train 65/65 - loss: 0.2718 - acc: 0.9350
23:37:24 Valid 7/7 - loss: 0.1960 - acc: 0.9421
Epoch 299/600
23:37:39 Train 65/65 - loss: 0.2714 - acc: 0.9363
Epoch 300/600
23:37:53 Train 65/65 - loss: 0.2719 - acc: 0.9356
23:37:55 Valid 7/7 - loss: 0.2597 - acc: 0.9237
Epoch 301/600
23:38:10 Train 65/65 - loss: 0.2706 - acc: 0.9365
Epoch 302/600
23:38:25 Train 65/65 - loss: 0.2762 - acc: 0.9343
23:38:26 Valid 7/7 - loss: 0.2025 - acc: 0.9425
Epoch 303/600
23:38:41 Train 65/65 - loss: 0.2751 - acc: 0.9356
Epoch 304/600
23:38:56 Train 65/65 - loss: 0.2814 - acc: 0.9319
23:38:57 Valid 7/7 - loss: 0.2996 - acc: 0.9140
Epoch 305/600
23:39:12 Train 65/65 - loss: 0.2758 - acc: 0.9349
Epoch 306/600
23:39:28 Train 65/65 - loss: 0.2705 - acc: 0.9350
23:39:29 Valid 7/7 - loss: 0.4229 - acc: 0.8898
Epoch 307/600
23:39:44 Train 65/65 - loss: 0.2749 - acc: 0.9344
Epoch 308/600
23:39:59 Train 65/65 - loss: 0.2677 - acc: 0.9365
23:40:01 Valid 7/7 - loss: 0.1780 - acc: 0.9460
Epoch 309/600
23:40:15 Train 65/65 - loss: 0.2611 - acc: 0.9374
Epoch 310/600
23:40:30 Train 65/65 - loss: 0.2681 - acc: 0.9365
23:40:32 Valid 7/7 - loss: 0.1940 - acc: 0.9424
Epoch 311/600
23:40:47 Train 65/65 - loss: 0.2722 - acc: 0.9362
Epoch 312/600
23:41:02 Train 65/65 - loss: 0.2521 - acc: 0.9402
23:41:03 Valid 7/7 - loss: 0.2138 - acc: 0.9363
Epoch 313/600
23:41:18 Train 65/65 - loss: 0.2602 - acc: 0.9383
Epoch 314/600
23:41:33 Train 65/65 - loss: 0.2576 - acc: 0.9394
23:41:34 Valid 7/7 - loss: 0.1925 - acc: 0.9415
Epoch 315/600
23:41:49 Train 65/65 - loss: 0.2546 - acc: 0.9405
Epoch 316/600
23:42:04 Train 65/65 - loss: 0.2711 - acc: 0.9353
23:42:06 Valid 7/7 - loss: 0.1837 - acc: 0.9437
Epoch 317/600
23:42:20 Train 65/65 - loss: 0.2641 - acc: 0.9372
Epoch 318/600
23:42:35 Train 65/65 - loss: 0.2634 - acc: 0.9378
23:42:37 Valid 7/7 - loss: 0.1710 - acc: 0.9475
Epoch 319/600
23:42:52 Train 65/65 - loss: 0.2675 - acc: 0.9370
Epoch 320/600
23:43:07 Train 65/65 - loss: 0.2566 - acc: 0.9402
23:43:08 Valid 7/7 - loss: 0.1903 - acc: 0.9444
Epoch 321/600
23:43:23 Train 65/65 - loss: 0.2589 - acc: 0.9400
Epoch 322/600
23:43:38 Train 65/65 - loss: 0.2574 - acc: 0.9385
23:43:40 Valid 7/7 - loss: 0.1861 - acc: 0.9432
Epoch 323/600
23:43:55 Train 65/65 - loss: 0.2537 - acc: 0.9408
Epoch 324/600
23:44:09 Train 65/65 - loss: 0.2470 - acc: 0.9423
23:44:11 Valid 7/7 - loss: 0.2597 - acc: 0.9277
Epoch 325/600
23:44:26 Train 65/65 - loss: 0.2573 - acc: 0.9398
Epoch 326/600
23:44:41 Train 65/65 - loss: 0.2545 - acc: 0.9399
23:44:42 Valid 7/7 - loss: 0.1969 - acc: 0.9430
Epoch 327/600
23:44:57 Train 65/65 - loss: 0.2419 - acc: 0.9417
Epoch 328/600
23:45:12 Train 65/65 - loss: 0.2551 - acc: 0.9403
23:45:13 Valid 7/7 - loss: 0.1964 - acc: 0.9423
Epoch 329/600
23:45:28 Train 65/65 - loss: 0.2552 - acc: 0.9396
Epoch 330/600
23:45:43 Train 65/65 - loss: 0.2604 - acc: 0.9384
23:45:45 Valid 7/7 - loss: 0.1826 - acc: 0.9436
Epoch 331/600
23:46:00 Train 65/65 - loss: 0.2519 - acc: 0.9417
Epoch 332/600
23:46:15 Train 65/65 - loss: 0.2512 - acc: 0.9409
23:46:16 Valid 7/7 - loss: 0.1958 - acc: 0.9428
Epoch 333/600
23:46:31 Train 65/65 - loss: 0.2508 - acc: 0.9418
Epoch 334/600
23:46:46 Train 65/65 - loss: 0.2534 - acc: 0.9407
23:46:47 Valid 7/7 - loss: 0.1848 - acc: 0.9429
Epoch 335/600
23:47:02 Train 65/65 - loss: 0.2482 - acc: 0.9425
Epoch 336/600
23:47:17 Train 65/65 - loss: 0.2545 - acc: 0.9398
23:47:19 Valid 7/7 - loss: 0.1942 - acc: 0.9445
Epoch 337/600
23:47:34 Train 65/65 - loss: 0.2478 - acc: 0.9420
Epoch 338/600
23:47:48 Train 65/65 - loss: 0.2502 - acc: 0.9407
23:47:50 Valid 7/7 - loss: 0.2004 - acc: 0.9430
Epoch 339/600
23:48:05 Train 65/65 - loss: 0.2402 - acc: 0.9437
Epoch 340/600
23:48:20 Train 65/65 - loss: 0.2505 - acc: 0.9415
23:48:21 Valid 7/7 - loss: 0.2097 - acc: 0.9407
Epoch 341/600
23:48:36 Train 65/65 - loss: 0.2454 - acc: 0.9426
Epoch 342/600
23:48:51 Train 65/65 - loss: 0.2450 - acc: 0.9438
23:48:52 Valid 7/7 - loss: 0.1837 - acc: 0.9453
Epoch 343/600
23:49:07 Train 65/65 - loss: 0.2390 - acc: 0.9441
Epoch 344/600
23:49:22 Train 65/65 - loss: 0.2403 - acc: 0.9435
23:49:24 Valid 7/7 - loss: 0.1823 - acc: 0.9461
Epoch 345/600
23:49:39 Train 65/65 - loss: 0.2410 - acc: 0.9442
Epoch 346/600
23:49:54 Train 65/65 - loss: 0.2414 - acc: 0.9431
23:49:55 Valid 7/7 - loss: 0.1838 - acc: 0.9469
Epoch 347/600
23:50:10 Train 65/65 - loss: 0.2415 - acc: 0.9428
Epoch 348/600
23:50:25 Train 65/65 - loss: 0.2345 - acc: 0.9449
23:50:26 Valid 7/7 - loss: 0.1996 - acc: 0.9437
Epoch 349/600
23:50:41 Train 65/65 - loss: 0.2427 - acc: 0.9442
Epoch 350/600
23:50:56 Train 65/65 - loss: 0.2374 - acc: 0.9440
23:50:58 Valid 7/7 - loss: 0.1911 - acc: 0.9467
Epoch 351/600
23:51:13 Train 65/65 - loss: 0.2334 - acc: 0.9454
Epoch 352/600
23:51:28 Train 65/65 - loss: 0.2414 - acc: 0.9435
23:51:29 Valid 7/7 - loss: 0.2289 - acc: 0.9349
Epoch 353/600
23:51:44 Train 65/65 - loss: 0.2312 - acc: 0.9460
Epoch 354/600
23:51:59 Train 65/65 - loss: 0.2330 - acc: 0.9462
23:52:00 Valid 7/7 - loss: 0.1781 - acc: 0.9473
Epoch 355/600
23:52:15 Train 65/65 - loss: 0.2333 - acc: 0.9463
Epoch 356/600
23:52:30 Train 65/65 - loss: 0.2291 - acc: 0.9466
23:52:32 Valid 7/7 - loss: 0.1984 - acc: 0.9466
Epoch 357/600
23:52:47 Train 65/65 - loss: 0.2318 - acc: 0.9456
Epoch 358/600
23:53:01 Train 65/65 - loss: 0.2298 - acc: 0.9457
23:53:03 Valid 7/7 - loss: 0.2148 - acc: 0.9411
Epoch 359/600
23:53:18 Train 65/65 - loss: 0.2303 - acc: 0.9468
Epoch 360/600
23:53:33 Train 65/65 - loss: 0.2269 - acc: 0.9477
23:53:34 Valid 7/7 - loss: 0.1810 - acc: 0.9472
Epoch 361/600
23:53:49 Train 65/65 - loss: 0.2228 - acc: 0.9487
Epoch 362/600
23:54:04 Train 65/65 - loss: 0.2265 - acc: 0.9456
23:54:05 Valid 7/7 - loss: 0.2207 - acc: 0.9370
Epoch 363/600
23:54:20 Train 65/65 - loss: 0.2350 - acc: 0.9445
Epoch 364/600
23:54:35 Train 65/65 - loss: 0.2231 - acc: 0.9483
23:54:36 Valid 7/7 - loss: 0.1895 - acc: 0.9442
Epoch 365/600
23:54:51 Train 65/65 - loss: 0.2172 - acc: 0.9500
Epoch 366/600
23:55:06 Train 65/65 - loss: 0.2213 - acc: 0.9484
23:55:08 Valid 7/7 - loss: 0.2070 - acc: 0.9435
Epoch 367/600
23:55:22 Train 65/65 - loss: 0.2211 - acc: 0.9488
Epoch 368/600
23:55:37 Train 65/65 - loss: 0.2239 - acc: 0.9485
23:55:39 Valid 7/7 - loss: 0.1829 - acc: 0.9477
Epoch 369/600
23:55:54 Train 65/65 - loss: 0.2176 - acc: 0.9499
Epoch 370/600
23:56:08 Train 65/65 - loss: 0.2204 - acc: 0.9490
23:56:10 Valid 7/7 - loss: 0.2029 - acc: 0.9436
Epoch 371/600
23:56:25 Train 65/65 - loss: 0.2161 - acc: 0.9502
Epoch 372/600
23:56:40 Train 65/65 - loss: 0.2204 - acc: 0.9494
23:56:41 Valid 7/7 - loss: 0.1649 - acc: 0.9495
Epoch 373/600
23:56:56 Train 65/65 - loss: 0.2144 - acc: 0.9497
Epoch 374/600
23:57:11 Train 65/65 - loss: 0.2235 - acc: 0.9481
23:57:13 Valid 7/7 - loss: 0.2078 - acc: 0.9416
Epoch 375/600
23:57:27 Train 65/65 - loss: 0.2130 - acc: 0.9507
Epoch 376/600
23:57:42 Train 65/65 - loss: 0.2139 - acc: 0.9509
23:57:44 Valid 7/7 - loss: 0.1901 - acc: 0.9458
Epoch 377/600
23:57:58 Train 65/65 - loss: 0.2097 - acc: 0.9519
Epoch 378/600
23:58:13 Train 65/65 - loss: 0.2153 - acc: 0.9491
23:58:15 Valid 7/7 - loss: 0.2047 - acc: 0.9403
Epoch 379/600
23:58:30 Train 65/65 - loss: 0.2131 - acc: 0.9500
Epoch 380/600
23:58:44 Train 65/65 - loss: 0.2113 - acc: 0.9512
23:58:46 Valid 7/7 - loss: 0.1890 - acc: 0.9488
Epoch 381/600
23:59:01 Train 65/65 - loss: 0.2113 - acc: 0.9514
Epoch 382/600
23:59:16 Train 65/65 - loss: 0.2092 - acc: 0.9513
23:59:17 Valid 7/7 - loss: 0.1736 - acc: 0.9507
Epoch 383/600
23:59:32 Train 65/65 - loss: 0.2112 - acc: 0.9507
Epoch 384/600
23:59:48 Train 65/65 - loss: 0.2093 - acc: 0.9515
23:59:49 Valid 7/7 - loss: 0.1812 - acc: 0.9476
Epoch 385/600
00:00:04 Train 65/65 - loss: 0.2037 - acc: 0.9535
Epoch 386/600
00:00:19 Train 65/65 - loss: 0.2008 - acc: 0.9539
00:00:21 Valid 7/7 - loss: 0.1634 - acc: 0.9543
Epoch 387/600
00:00:36 Train 65/65 - loss: 0.2013 - acc: 0.9535
Epoch 388/600
00:00:50 Train 65/65 - loss: 0.2078 - acc: 0.9501
00:00:52 Valid 7/7 - loss: 0.1608 - acc: 0.9552
Epoch 389/600
00:01:07 Train 65/65 - loss: 0.2022 - acc: 0.9525
Epoch 390/600
00:01:22 Train 65/65 - loss: 0.1987 - acc: 0.9543
00:01:23 Valid 7/7 - loss: 0.1714 - acc: 0.9509
Epoch 391/600
00:01:38 Train 65/65 - loss: 0.2052 - acc: 0.9518
Epoch 392/600
00:01:53 Train 65/65 - loss: 0.1922 - acc: 0.9567
00:01:55 Valid 7/7 - loss: 0.1587 - acc: 0.9532
Epoch 393/600
00:02:10 Train 65/65 - loss: 0.1924 - acc: 0.9561
Epoch 394/600
00:02:24 Train 65/65 - loss: 0.1940 - acc: 0.9555
00:02:26 Valid 7/7 - loss: 0.1871 - acc: 0.9479
Epoch 395/600
00:02:41 Train 65/65 - loss: 0.1993 - acc: 0.9537
Epoch 396/600
00:02:56 Train 65/65 - loss: 0.1983 - acc: 0.9545
00:02:57 Valid 7/7 - loss: 0.1533 - acc: 0.9575
Epoch 397/600
00:03:12 Train 65/65 - loss: 0.1977 - acc: 0.9540
Epoch 398/600
00:03:27 Train 65/65 - loss: 0.1900 - acc: 0.9558
00:03:28 Valid 7/7 - loss: 0.1807 - acc: 0.9473
Epoch 399/600
00:03:43 Train 65/65 - loss: 0.1932 - acc: 0.9553
Epoch 400/600
00:03:58 Train 65/65 - loss: 0.1872 - acc: 0.9568
00:04:00 Valid 7/7 - loss: 0.1726 - acc: 0.9520
Epoch 401/600
00:04:14 Train 65/65 - loss: 0.1975 - acc: 0.9544
Epoch 402/600
00:04:29 Train 65/65 - loss: 0.1909 - acc: 0.9568
00:04:31 Valid 7/7 - loss: 0.1836 - acc: 0.9516
Epoch 403/600
00:04:46 Train 65/65 - loss: 0.1862 - acc: 0.9576
Epoch 404/600
00:05:00 Train 65/65 - loss: 0.1920 - acc: 0.9571
00:05:02 Valid 7/7 - loss: 0.1573 - acc: 0.9561
Epoch 405/600
00:05:17 Train 65/65 - loss: 0.1887 - acc: 0.9571
Epoch 406/600
00:05:32 Train 65/65 - loss: 0.1822 - acc: 0.9592
00:05:33 Valid 7/7 - loss: 0.1492 - acc: 0.9560
Epoch 407/600
00:05:48 Train 65/65 - loss: 0.1832 - acc: 0.9583
Epoch 408/600
00:06:03 Train 65/65 - loss: 0.1906 - acc: 0.9557
00:06:04 Valid 7/7 - loss: 0.1760 - acc: 0.9525
Epoch 409/600
00:06:19 Train 65/65 - loss: 0.1762 - acc: 0.9603
Epoch 410/600
00:06:34 Train 65/65 - loss: 0.1778 - acc: 0.9603
00:06:35 Valid 7/7 - loss: 0.1718 - acc: 0.9528
Epoch 411/600
00:06:50 Train 65/65 - loss: 0.1763 - acc: 0.9602
Epoch 412/600
00:07:05 Train 65/65 - loss: 0.1822 - acc: 0.9586
00:07:07 Valid 7/7 - loss: 0.1814 - acc: 0.9515
Epoch 413/600
00:07:22 Train 65/65 - loss: 0.1834 - acc: 0.9579
Epoch 414/600
00:07:37 Train 65/65 - loss: 0.1776 - acc: 0.9589
00:07:38 Valid 7/7 - loss: 0.1906 - acc: 0.9483
Epoch 415/600
00:07:53 Train 65/65 - loss: 0.1758 - acc: 0.9599
Epoch 416/600
00:08:08 Train 65/65 - loss: 0.1815 - acc: 0.9581
00:08:09 Valid 7/7 - loss: 0.1474 - acc: 0.9579
Epoch 417/600
00:08:24 Train 65/65 - loss: 0.1782 - acc: 0.9593
Epoch 418/600
00:08:39 Train 65/65 - loss: 0.1751 - acc: 0.9607
00:08:40 Valid 7/7 - loss: 0.1454 - acc: 0.9591
Epoch 419/600
00:08:55 Train 65/65 - loss: 0.1740 - acc: 0.9600
Epoch 420/600
00:09:10 Train 65/65 - loss: 0.1723 - acc: 0.9613
00:09:12 Valid 7/7 - loss: 0.1496 - acc: 0.9578
Epoch 421/600
00:09:27 Train 65/65 - loss: 0.1663 - acc: 0.9622
Epoch 422/600
00:09:41 Train 65/65 - loss: 0.1677 - acc: 0.9622
00:09:43 Valid 7/7 - loss: 0.1473 - acc: 0.9615
Epoch 423/600
00:09:58 Train 65/65 - loss: 0.1710 - acc: 0.9615
Epoch 424/600
00:10:13 Train 65/65 - loss: 0.1669 - acc: 0.9616
00:10:15 Valid 7/7 - loss: 0.1677 - acc: 0.9532
Epoch 425/600
00:10:30 Train 65/65 - loss: 0.1662 - acc: 0.9622
Epoch 426/600
00:10:44 Train 65/65 - loss: 0.1694 - acc: 0.9616
00:10:46 Valid 7/7 - loss: 0.1646 - acc: 0.9562
Epoch 427/600
00:11:01 Train 65/65 - loss: 0.1701 - acc: 0.9619
Epoch 428/600
00:11:16 Train 65/65 - loss: 0.1651 - acc: 0.9620
00:11:17 Valid 7/7 - loss: 0.1613 - acc: 0.9563
Epoch 429/600
00:11:32 Train 65/65 - loss: 0.1672 - acc: 0.9620
Epoch 430/600
00:11:47 Train 65/65 - loss: 0.1696 - acc: 0.9613
00:11:48 Valid 7/7 - loss: 0.1500 - acc: 0.9585
Epoch 431/600
00:12:03 Train 65/65 - loss: 0.1616 - acc: 0.9634
Epoch 432/600
00:12:18 Train 65/65 - loss: 0.1630 - acc: 0.9631
00:12:20 Valid 7/7 - loss: 0.1426 - acc: 0.9612
Epoch 433/600
00:12:34 Train 65/65 - loss: 0.1575 - acc: 0.9644
Epoch 434/600
00:12:49 Train 65/65 - loss: 0.1638 - acc: 0.9634
00:12:51 Valid 7/7 - loss: 0.1452 - acc: 0.9606
Epoch 435/600
00:13:06 Train 65/65 - loss: 0.1557 - acc: 0.9641
Epoch 436/600
00:13:21 Train 65/65 - loss: 0.1573 - acc: 0.9644
00:13:22 Valid 7/7 - loss: 0.1518 - acc: 0.9612
Epoch 437/600
00:13:37 Train 65/65 - loss: 0.1588 - acc: 0.9642
Epoch 438/600
00:13:52 Train 65/65 - loss: 0.1546 - acc: 0.9641
00:13:53 Valid 7/7 - loss: 0.1378 - acc: 0.9608
Epoch 439/600
00:14:08 Train 65/65 - loss: 0.1616 - acc: 0.9638
Epoch 440/600
00:14:23 Train 65/65 - loss: 0.1475 - acc: 0.9665
00:14:25 Valid 7/7 - loss: 0.1475 - acc: 0.9619
Epoch 441/600
00:14:39 Train 65/65 - loss: 0.1519 - acc: 0.9660
Epoch 442/600
00:14:54 Train 65/65 - loss: 0.1516 - acc: 0.9660
00:14:56 Valid 7/7 - loss: 0.1897 - acc: 0.9523
Epoch 443/600
00:15:11 Train 65/65 - loss: 0.1488 - acc: 0.9665
Epoch 444/600
00:15:25 Train 65/65 - loss: 0.1553 - acc: 0.9650
00:15:27 Valid 7/7 - loss: 0.1621 - acc: 0.9566
Epoch 445/600
00:15:42 Train 65/65 - loss: 0.1466 - acc: 0.9678
Epoch 446/600
00:15:57 Train 65/65 - loss: 0.1460 - acc: 0.9668
00:15:58 Valid 7/7 - loss: 0.1625 - acc: 0.9571
Epoch 447/600
00:16:13 Train 65/65 - loss: 0.1497 - acc: 0.9653
Epoch 448/600
00:16:28 Train 65/65 - loss: 0.1446 - acc: 0.9677
00:16:29 Valid 7/7 - loss: 0.1314 - acc: 0.9645
Epoch 449/600
00:16:44 Train 65/65 - loss: 0.1380 - acc: 0.9690
Epoch 450/600
00:16:59 Train 65/65 - loss: 0.1423 - acc: 0.9690
00:17:01 Valid 7/7 - loss: 0.1328 - acc: 0.9660
Epoch 451/600
00:17:16 Train 65/65 - loss: 0.1380 - acc: 0.9692
Epoch 452/600
00:17:31 Train 65/65 - loss: 0.1436 - acc: 0.9684
00:17:32 Valid 7/7 - loss: 0.1584 - acc: 0.9578
Epoch 453/600
00:17:47 Train 65/65 - loss: 0.1444 - acc: 0.9679
Epoch 454/600
00:18:02 Train 65/65 - loss: 0.1392 - acc: 0.9696
00:18:03 Valid 7/7 - loss: 0.1355 - acc: 0.9648
Epoch 455/600
00:18:18 Train 65/65 - loss: 0.1365 - acc: 0.9695
Epoch 456/600
00:18:33 Train 65/65 - loss: 0.1358 - acc: 0.9701
00:18:34 Valid 7/7 - loss: 0.1366 - acc: 0.9636
Epoch 457/600
00:18:49 Train 65/65 - loss: 0.1368 - acc: 0.9697
Epoch 458/600
00:19:04 Train 65/65 - loss: 0.1355 - acc: 0.9693
00:19:06 Valid 7/7 - loss: 0.1433 - acc: 0.9623
Epoch 459/600
00:19:21 Train 65/65 - loss: 0.1354 - acc: 0.9696
Epoch 460/600
00:19:35 Train 65/65 - loss: 0.1246 - acc: 0.9724
00:19:37 Valid 7/7 - loss: 0.1374 - acc: 0.9646
Epoch 461/600
00:19:52 Train 65/65 - loss: 0.1328 - acc: 0.9703
Epoch 462/600
00:20:07 Train 65/65 - loss: 0.1287 - acc: 0.9711
00:20:09 Valid 7/7 - loss: 0.1412 - acc: 0.9632
Epoch 463/600
00:20:24 Train 65/65 - loss: 0.1295 - acc: 0.9715
Epoch 464/600
00:20:39 Train 65/65 - loss: 0.1294 - acc: 0.9717
00:20:40 Valid 7/7 - loss: 0.1487 - acc: 0.9615
Epoch 465/600
00:20:55 Train 65/65 - loss: 0.1257 - acc: 0.9727
Epoch 466/600
00:21:10 Train 65/65 - loss: 0.1302 - acc: 0.9718
00:21:12 Valid 7/7 - loss: 0.1538 - acc: 0.9636
Epoch 467/600
00:21:27 Train 65/65 - loss: 0.1299 - acc: 0.9705
Epoch 468/600
00:21:41 Train 65/65 - loss: 0.1265 - acc: 0.9724
00:21:43 Valid 7/7 - loss: 0.1360 - acc: 0.9652
Epoch 469/600
00:21:58 Train 65/65 - loss: 0.1238 - acc: 0.9737
Epoch 470/600
00:22:13 Train 65/65 - loss: 0.1254 - acc: 0.9728
00:22:14 Valid 7/7 - loss: 0.1482 - acc: 0.9639
Epoch 471/600
00:22:29 Train 65/65 - loss: 0.1217 - acc: 0.9736
Epoch 472/600
00:22:44 Train 65/65 - loss: 0.1208 - acc: 0.9738
00:22:45 Valid 7/7 - loss: 0.1440 - acc: 0.9657
Epoch 473/600
00:23:00 Train 65/65 - loss: 0.1196 - acc: 0.9736
Epoch 474/600
00:23:15 Train 65/65 - loss: 0.1184 - acc: 0.9739
00:23:17 Valid 7/7 - loss: 0.1559 - acc: 0.9639
Epoch 475/600
00:23:32 Train 65/65 - loss: 0.1219 - acc: 0.9735
Epoch 476/600
00:23:46 Train 65/65 - loss: 0.1221 - acc: 0.9729
00:23:48 Valid 7/7 - loss: 0.1450 - acc: 0.9621
Epoch 477/600
00:24:03 Train 65/65 - loss: 0.1175 - acc: 0.9744
Epoch 478/600
00:24:18 Train 65/65 - loss: 0.1182 - acc: 0.9742
00:24:19 Valid 7/7 - loss: 0.1288 - acc: 0.9670
Epoch 479/600
00:24:34 Train 65/65 - loss: 0.1141 - acc: 0.9750
Epoch 480/600
00:24:49 Train 65/65 - loss: 0.1160 - acc: 0.9750
00:24:51 Valid 7/7 - loss: 0.1429 - acc: 0.9661
Epoch 481/600
00:25:05 Train 65/65 - loss: 0.1099 - acc: 0.9757
Epoch 482/600
00:25:20 Train 65/65 - loss: 0.1133 - acc: 0.9749
00:25:22 Valid 7/7 - loss: 0.1416 - acc: 0.9656
Epoch 483/600
00:25:37 Train 65/65 - loss: 0.1097 - acc: 0.9769
Epoch 484/600
00:25:51 Train 65/65 - loss: 0.1083 - acc: 0.9763
00:25:53 Valid 7/7 - loss: 0.1383 - acc: 0.9660
Epoch 485/600
00:26:08 Train 65/65 - loss: 0.1119 - acc: 0.9753
Epoch 486/600
00:26:23 Train 65/65 - loss: 0.1090 - acc: 0.9767
00:26:24 Valid 7/7 - loss: 0.1378 - acc: 0.9672
Epoch 487/600
00:26:39 Train 65/65 - loss: 0.1052 - acc: 0.9778
Epoch 488/600
00:26:54 Train 65/65 - loss: 0.1054 - acc: 0.9776
00:26:55 Valid 7/7 - loss: 0.1328 - acc: 0.9660
Epoch 489/600
00:27:10 Train 65/65 - loss: 0.1041 - acc: 0.9779
Epoch 490/600
00:27:25 Train 65/65 - loss: 0.1064 - acc: 0.9770
00:27:27 Valid 7/7 - loss: 0.1452 - acc: 0.9628
Epoch 491/600
00:27:41 Train 65/65 - loss: 0.1024 - acc: 0.9778
Epoch 492/600
00:27:56 Train 65/65 - loss: 0.1007 - acc: 0.9785
00:27:58 Valid 7/7 - loss: 0.1439 - acc: 0.9644
Epoch 493/600
00:28:13 Train 65/65 - loss: 0.1008 - acc: 0.9785
Epoch 494/600
00:28:28 Train 65/65 - loss: 0.1018 - acc: 0.9778
00:28:29 Valid 7/7 - loss: 0.1360 - acc: 0.9656
Epoch 495/600
00:28:44 Train 65/65 - loss: 0.0997 - acc: 0.9782
Epoch 496/600
00:28:59 Train 65/65 - loss: 0.0974 - acc: 0.9793
00:29:00 Valid 7/7 - loss: 0.1332 - acc: 0.9667
Epoch 497/600
00:29:15 Train 65/65 - loss: 0.0939 - acc: 0.9800
Epoch 498/600
00:29:30 Train 65/65 - loss: 0.0995 - acc: 0.9788
00:29:31 Valid 7/7 - loss: 0.1310 - acc: 0.9654
Epoch 499/600
00:29:46 Train 65/65 - loss: 0.0970 - acc: 0.9797
Epoch 500/600
00:30:01 Train 65/65 - loss: 0.0953 - acc: 0.9793
00:30:02 Valid 7/7 - loss: 0.1307 - acc: 0.9688
Epoch 501/600
00:30:18 Train 65/65 - loss: 0.0947 - acc: 0.9785
Epoch 502/600
00:30:33 Train 65/65 - loss: 0.0928 - acc: 0.9803
00:30:34 Valid 7/7 - loss: 0.1315 - acc: 0.9674
Epoch 503/600
00:30:49 Train 65/65 - loss: 0.0943 - acc: 0.9803
Epoch 504/600
00:31:04 Train 65/65 - loss: 0.0856 - acc: 0.9822
00:31:05 Valid 7/7 - loss: 0.1289 - acc: 0.9672
Epoch 505/600
00:31:20 Train 65/65 - loss: 0.0876 - acc: 0.9819
Epoch 506/600
00:31:35 Train 65/65 - loss: 0.0901 - acc: 0.9812
00:31:36 Valid 7/7 - loss: 0.1309 - acc: 0.9675
Epoch 507/600
00:31:51 Train 65/65 - loss: 0.0914 - acc: 0.9808
Epoch 508/600
00:32:06 Train 65/65 - loss: 0.0878 - acc: 0.9812
00:32:07 Valid 7/7 - loss: 0.1393 - acc: 0.9679
Epoch 509/600
00:32:22 Train 65/65 - loss: 0.0900 - acc: 0.9809
Epoch 510/600
00:32:37 Train 65/65 - loss: 0.0877 - acc: 0.9811
00:32:39 Valid 7/7 - loss: 0.1321 - acc: 0.9699
Epoch 511/600
00:32:53 Train 65/65 - loss: 0.0906 - acc: 0.9811
Epoch 512/600
00:33:08 Train 65/65 - loss: 0.0869 - acc: 0.9819
00:33:09 Valid 7/7 - loss: 0.1273 - acc: 0.9678
Epoch 513/600
00:33:24 Train 65/65 - loss: 0.0859 - acc: 0.9817
Epoch 514/600
00:33:39 Train 65/65 - loss: 0.0854 - acc: 0.9823
00:33:40 Valid 7/7 - loss: 0.1264 - acc: 0.9686
Epoch 515/600
00:33:55 Train 65/65 - loss: 0.0826 - acc: 0.9819
Epoch 516/600
00:34:10 Train 65/65 - loss: 0.0830 - acc: 0.9824
00:34:11 Valid 7/7 - loss: 0.1311 - acc: 0.9681
Epoch 517/600
00:34:26 Train 65/65 - loss: 0.0813 - acc: 0.9830
Epoch 518/600
00:34:41 Train 65/65 - loss: 0.0757 - acc: 0.9845
00:34:42 Valid 7/7 - loss: 0.1301 - acc: 0.9684
Epoch 519/600
00:34:57 Train 65/65 - loss: 0.0804 - acc: 0.9832
Epoch 520/600
00:35:12 Train 65/65 - loss: 0.0807 - acc: 0.9835
00:35:13 Valid 7/7 - loss: 0.1243 - acc: 0.9695
Epoch 521/600
00:35:28 Train 65/65 - loss: 0.0767 - acc: 0.9844
Epoch 522/600
00:35:43 Train 65/65 - loss: 0.0761 - acc: 0.9842
00:35:45 Valid 7/7 - loss: 0.1240 - acc: 0.9707
Epoch 523/600
00:35:59 Train 65/65 - loss: 0.0766 - acc: 0.9842
Epoch 524/600
00:36:14 Train 65/65 - loss: 0.0738 - acc: 0.9849
00:36:16 Valid 7/7 - loss: 0.1285 - acc: 0.9688
Epoch 525/600
00:36:31 Train 65/65 - loss: 0.0733 - acc: 0.9848
Epoch 526/600
00:36:45 Train 65/65 - loss: 0.0744 - acc: 0.9850
00:36:47 Valid 7/7 - loss: 0.1246 - acc: 0.9697
Epoch 527/600
00:37:02 Train 65/65 - loss: 0.0750 - acc: 0.9846
Epoch 528/600
00:37:16 Train 65/65 - loss: 0.0737 - acc: 0.9847
00:37:18 Valid 7/7 - loss: 0.1241 - acc: 0.9705
Epoch 529/600
00:37:33 Train 65/65 - loss: 0.0734 - acc: 0.9850
Epoch 530/600
00:37:48 Train 65/65 - loss: 0.0694 - acc: 0.9862
00:37:49 Valid 7/7 - loss: 0.1236 - acc: 0.9707
Epoch 531/600
00:38:04 Train 65/65 - loss: 0.0724 - acc: 0.9854
Epoch 532/600
00:38:19 Train 65/65 - loss: 0.0717 - acc: 0.9851
00:38:21 Valid 7/7 - loss: 0.1259 - acc: 0.9705
Epoch 533/600
00:38:36 Train 65/65 - loss: 0.0694 - acc: 0.9859
Epoch 534/600
00:38:50 Train 65/65 - loss: 0.0649 - acc: 0.9871
00:38:52 Valid 7/7 - loss: 0.1224 - acc: 0.9709
Epoch 535/600
00:39:07 Train 65/65 - loss: 0.0682 - acc: 0.9868
Epoch 536/600
00:39:22 Train 65/65 - loss: 0.0715 - acc: 0.9852
00:39:23 Valid 7/7 - loss: 0.1241 - acc: 0.9710
Epoch 537/600
00:39:38 Train 65/65 - loss: 0.0667 - acc: 0.9863
Epoch 538/600
00:39:53 Train 65/65 - loss: 0.0677 - acc: 0.9862
00:39:54 Valid 7/7 - loss: 0.1237 - acc: 0.9714
Epoch 539/600
00:40:09 Train 65/65 - loss: 0.0652 - acc: 0.9869
Epoch 540/600
00:40:24 Train 65/65 - loss: 0.0653 - acc: 0.9871
00:40:26 Valid 7/7 - loss: 0.1223 - acc: 0.9708
Epoch 541/600
00:40:41 Train 65/65 - loss: 0.0656 - acc: 0.9873
Epoch 542/600
00:40:57 Train 65/65 - loss: 0.0663 - acc: 0.9867
00:40:58 Valid 7/7 - loss: 0.1204 - acc: 0.9712
Epoch 543/600
00:41:13 Train 65/65 - loss: 0.0657 - acc: 0.9864
Epoch 544/600
00:41:29 Train 65/65 - loss: 0.0631 - acc: 0.9873
00:41:30 Valid 7/7 - loss: 0.1213 - acc: 0.9709
Epoch 545/600
00:41:46 Train 65/65 - loss: 0.0613 - acc: 0.9880
Epoch 546/600
00:42:01 Train 65/65 - loss: 0.0643 - acc: 0.9876
00:42:03 Valid 7/7 - loss: 0.1201 - acc: 0.9712
Epoch 547/600
00:42:18 Train 65/65 - loss: 0.0623 - acc: 0.9882
Epoch 548/600
00:42:33 Train 65/65 - loss: 0.0614 - acc: 0.9880
00:42:34 Valid 7/7 - loss: 0.1221 - acc: 0.9706
Epoch 549/600
00:42:49 Train 65/65 - loss: 0.0627 - acc: 0.9878
Epoch 550/600
00:43:05 Train 65/65 - loss: 0.0634 - acc: 0.9872
00:43:06 Valid 7/7 - loss: 0.1194 - acc: 0.9709
Epoch 551/600
00:43:21 Train 65/65 - loss: 0.0612 - acc: 0.9877
Epoch 552/600
00:43:36 Train 65/65 - loss: 0.0608 - acc: 0.9880
00:43:38 Valid 7/7 - loss: 0.1182 - acc: 0.9709
Epoch 553/600
00:43:53 Train 65/65 - loss: 0.0598 - acc: 0.9879
Epoch 554/600
00:44:08 Train 65/65 - loss: 0.0597 - acc: 0.9886
00:44:09 Valid 7/7 - loss: 0.1201 - acc: 0.9720
Epoch 555/600
00:44:24 Train 65/65 - loss: 0.0626 - acc: 0.9870
Epoch 556/600
00:44:39 Train 65/65 - loss: 0.0615 - acc: 0.9873
00:44:40 Valid 7/7 - loss: 0.1192 - acc: 0.9719
Epoch 557/600
00:44:55 Train 65/65 - loss: 0.0595 - acc: 0.9878
Epoch 558/600
00:45:10 Train 65/65 - loss: 0.0590 - acc: 0.9883
00:45:12 Valid 7/7 - loss: 0.1185 - acc: 0.9718
Epoch 559/600
00:45:27 Train 65/65 - loss: 0.0580 - acc: 0.9884
Epoch 560/600
00:45:42 Train 65/65 - loss: 0.0579 - acc: 0.9882
00:45:43 Valid 7/7 - loss: 0.1191 - acc: 0.9722
Epoch 561/600
00:45:58 Train 65/65 - loss: 0.0612 - acc: 0.9876
Epoch 562/600
00:46:13 Train 65/65 - loss: 0.0553 - acc: 0.9895
00:46:15 Valid 7/7 - loss: 0.1209 - acc: 0.9726
Epoch 563/600
00:46:30 Train 65/65 - loss: 0.0561 - acc: 0.9898
Epoch 564/600
00:46:45 Train 65/65 - loss: 0.0583 - acc: 0.9887
00:46:46 Valid 7/7 - loss: 0.1199 - acc: 0.9716
Epoch 565/600
00:47:01 Train 65/65 - loss: 0.0577 - acc: 0.9894
Epoch 566/600
00:47:16 Train 65/65 - loss: 0.0584 - acc: 0.9891
00:47:17 Valid 7/7 - loss: 0.1196 - acc: 0.9723
Epoch 567/600
00:47:32 Train 65/65 - loss: 0.0559 - acc: 0.9894
Epoch 568/600
00:47:47 Train 65/65 - loss: 0.0555 - acc: 0.9895
00:47:49 Valid 7/7 - loss: 0.1173 - acc: 0.9724
Epoch 569/600
00:48:04 Train 65/65 - loss: 0.0573 - acc: 0.9896
Epoch 570/600
00:48:19 Train 65/65 - loss: 0.0564 - acc: 0.9895
00:48:20 Valid 7/7 - loss: 0.1181 - acc: 0.9724
Epoch 571/600
00:48:35 Train 65/65 - loss: 0.0557 - acc: 0.9893
Epoch 572/600
00:48:50 Train 65/65 - loss: 0.0556 - acc: 0.9898
00:48:52 Valid 7/7 - loss: 0.1169 - acc: 0.9729
Epoch 573/600
00:49:07 Train 65/65 - loss: 0.0561 - acc: 0.9894
Epoch 574/600
00:49:22 Train 65/65 - loss: 0.0573 - acc: 0.9889
00:49:23 Valid 7/7 - loss: 0.1155 - acc: 0.9731
Epoch 575/600
00:49:38 Train 65/65 - loss: 0.0546 - acc: 0.9895
Epoch 576/600
00:49:53 Train 65/65 - loss: 0.0560 - acc: 0.9895
00:49:54 Valid 7/7 - loss: 0.1147 - acc: 0.9730
Epoch 577/600
00:50:09 Train 65/65 - loss: 0.0568 - acc: 0.9889
Epoch 578/600
00:50:24 Train 65/65 - loss: 0.0536 - acc: 0.9902
00:50:26 Valid 7/7 - loss: 0.1159 - acc: 0.9729
Epoch 579/600
00:50:41 Train 65/65 - loss: 0.0577 - acc: 0.9890
Epoch 580/600
00:50:56 Train 65/65 - loss: 0.0584 - acc: 0.9888
00:50:57 Valid 7/7 - loss: 0.1166 - acc: 0.9725
Epoch 581/600
00:51:12 Train 65/65 - loss: 0.0555 - acc: 0.9896
Epoch 582/600
00:51:27 Train 65/65 - loss: 0.0563 - acc: 0.9887
00:51:28 Valid 7/7 - loss: 0.1170 - acc: 0.9726
Epoch 583/600
00:51:43 Train 65/65 - loss: 0.0553 - acc: 0.9896
Epoch 584/600
00:51:58 Train 65/65 - loss: 0.0572 - acc: 0.9892
00:52:00 Valid 7/7 - loss: 0.1160 - acc: 0.9731
Epoch 585/600
00:52:15 Train 65/65 - loss: 0.0568 - acc: 0.9889
Epoch 586/600
00:52:30 Train 65/65 - loss: 0.0555 - acc: 0.9891
00:52:31 Valid 7/7 - loss: 0.1161 - acc: 0.9728
Epoch 587/600
00:52:46 Train 65/65 - loss: 0.0571 - acc: 0.9886
Epoch 588/600
00:53:01 Train 65/65 - loss: 0.0573 - acc: 0.9893
00:53:03 Valid 7/7 - loss: 0.1161 - acc: 0.9732
Epoch 589/600
00:53:18 Train 65/65 - loss: 0.0575 - acc: 0.9896
Epoch 590/600
00:53:33 Train 65/65 - loss: 0.0567 - acc: 0.9894
00:53:34 Valid 7/7 - loss: 0.1168 - acc: 0.9726
Epoch 591/600
00:53:49 Train 65/65 - loss: 0.0576 - acc: 0.9888
Epoch 592/600
00:54:04 Train 65/65 - loss: 0.0586 - acc: 0.9887
00:54:06 Valid 7/7 - loss: 0.1163 - acc: 0.9732
Epoch 593/600
00:54:20 Train 65/65 - loss: 0.0595 - acc: 0.9882
Epoch 594/600
00:54:35 Train 65/65 - loss: 0.0572 - acc: 0.9887
00:54:37 Valid 7/7 - loss: 0.1162 - acc: 0.9731
Epoch 595/600
00:54:52 Train 65/65 - loss: 0.0599 - acc: 0.9885
Epoch 596/600
00:55:07 Train 65/65 - loss: 0.0567 - acc: 0.9889
00:55:08 Valid 7/7 - loss: 0.1159 - acc: 0.9731
Epoch 597/600
00:55:23 Train 65/65 - loss: 0.0564 - acc: 0.9892
Epoch 598/600
00:55:38 Train 65/65 - loss: 0.0569 - acc: 0.9894
00:55:40 Valid 7/7 - loss: 0.1162 - acc: 0.9735
Epoch 599/600
00:55:54 Train 65/65 - loss: 0.0586 - acc: 0.9887
Epoch 600/600
00:56:09 Train 65/65 - loss: 0.0568 - acc: 0.9892
00:56:11 Valid 7/7 - loss: 0.1177 - acc: 0.9727