Epoch 1/620
23:54:04 Train 48/48 - loss: 3.1614 - acc: 0.1421
Epoch 2/620
23:54:16 Train 48/48 - loss: 2.6300 - acc: 0.2950
WARNING:tensorflow:From /usr/local/lib/python3.6/dist-packages/tensorflow/python/data/ops/multi_device_iterator_ops.py:601: get_next_as_optional (from tensorflow.python.data.ops.iterator_ops) is deprecated and will be removed in a future version.
Instructions for updating:
Use `tf.data.Iterator.get_next_as_optional()` instead.
WARNING:tensorflow:From /usr/local/lib/python3.6/dist-packages/tensorflow/python/data/ops/multi_device_iterator_ops.py:601: get_next_as_optional (from tensorflow.python.data.ops.iterator_ops) is deprecated and will be removed in a future version.
Instructions for updating:
Use `tf.data.Iterator.get_next_as_optional()` instead.
23:55:18 Valid 5/5 - loss: 2.6775 - acc: 0.2963
Epoch 3/620
23:55:30 Train 48/48 - loss: 2.2987 - acc: 0.3925
Epoch 4/620
23:55:41 Train 48/48 - loss: 2.0963 - acc: 0.4527
23:55:42 Valid 5/5 - loss: 1.6061 - acc: 0.4427
Epoch 5/620
23:55:53 Train 48/48 - loss: 1.9370 - acc: 0.4984
Epoch 6/620
23:56:04 Train 48/48 - loss: 1.7598 - acc: 0.5456
23:56:05 Valid 5/5 - loss: 1.2019 - acc: 0.5677
Epoch 7/620
23:56:16 Train 48/48 - loss: 1.5898 - acc: 0.5956
Epoch 8/620
23:56:27 Train 48/48 - loss: 1.4641 - acc: 0.6284
23:56:28 Valid 5/5 - loss: 1.5724 - acc: 0.5187
Epoch 9/620
23:56:39 Train 48/48 - loss: 1.3632 - acc: 0.6557
Epoch 10/620
23:56:50 Train 48/48 - loss: 1.2711 - acc: 0.6835
23:56:51 Valid 5/5 - loss: 0.9104 - acc: 0.6869
Epoch 11/620
23:57:02 Train 48/48 - loss: 1.1915 - acc: 0.7036
Epoch 12/620
23:57:13 Train 48/48 - loss: 1.1260 - acc: 0.7215
23:57:14 Valid 5/5 - loss: 0.8372 - acc: 0.7179
Epoch 13/620
23:57:25 Train 48/48 - loss: 1.0399 - acc: 0.7397
Epoch 14/620
23:57:36 Train 48/48 - loss: 0.9914 - acc: 0.7560
23:57:37 Valid 5/5 - loss: 0.6459 - acc: 0.7752
Epoch 15/620
23:57:48 Train 48/48 - loss: 0.9396 - acc: 0.7690
Epoch 16/620
23:57:59 Train 48/48 - loss: 0.9037 - acc: 0.7781
23:58:00 Valid 5/5 - loss: 1.3610 - acc: 0.6049
Epoch 17/620
23:58:12 Train 48/48 - loss: 0.8570 - acc: 0.7919
Epoch 18/620
23:58:23 Train 48/48 - loss: 0.8321 - acc: 0.7972
23:58:24 Valid 5/5 - loss: 1.4235 - acc: 0.5675
Epoch 19/620
23:58:35 Train 48/48 - loss: 0.8006 - acc: 0.8033
Epoch 20/620
23:58:46 Train 48/48 - loss: 0.7727 - acc: 0.8106
23:58:47 Valid 5/5 - loss: 0.6313 - acc: 0.7859
Epoch 21/620
23:58:58 Train 48/48 - loss: 0.7545 - acc: 0.8164
Epoch 22/620
23:59:10 Train 48/48 - loss: 0.7161 - acc: 0.8259
23:59:11 Valid 5/5 - loss: 0.5444 - acc: 0.8209
Epoch 23/620
23:59:22 Train 48/48 - loss: 0.7108 - acc: 0.8262
Epoch 24/620
23:59:33 Train 48/48 - loss: 0.6963 - acc: 0.8300
23:59:34 Valid 5/5 - loss: 0.4469 - acc: 0.8513
Epoch 25/620
23:59:46 Train 48/48 - loss: 0.6702 - acc: 0.8365
Epoch 26/620
23:59:57 Train 48/48 - loss: 0.6561 - acc: 0.8400
23:59:58 Valid 5/5 - loss: 0.7048 - acc: 0.7778
Epoch 27/620
00:00:09 Train 48/48 - loss: 0.6459 - acc: 0.8443
Epoch 28/620
00:00:20 Train 48/48 - loss: 0.6502 - acc: 0.8437
00:00:21 Valid 5/5 - loss: 0.6825 - acc: 0.7739
Epoch 29/620
00:00:33 Train 48/48 - loss: 0.6251 - acc: 0.8488
Epoch 30/620
00:00:44 Train 48/48 - loss: 0.6193 - acc: 0.8499
00:00:45 Valid 5/5 - loss: 0.5964 - acc: 0.8054
Epoch 31/620
00:00:56 Train 48/48 - loss: 0.6177 - acc: 0.8505
Epoch 32/620
00:01:07 Train 48/48 - loss: 0.6095 - acc: 0.8528
00:01:08 Valid 5/5 - loss: 0.5622 - acc: 0.8169
Epoch 33/620
00:01:19 Train 48/48 - loss: 0.5853 - acc: 0.8580
Epoch 34/620
00:01:31 Train 48/48 - loss: 0.5856 - acc: 0.8591
00:01:32 Valid 5/5 - loss: 0.5120 - acc: 0.8290
Epoch 35/620
00:01:43 Train 48/48 - loss: 0.5689 - acc: 0.8620
Epoch 36/620
00:01:54 Train 48/48 - loss: 0.5662 - acc: 0.8648
00:01:55 Valid 5/5 - loss: 0.4396 - acc: 0.8556
Epoch 37/620
00:02:07 Train 48/48 - loss: 0.5822 - acc: 0.8600
Epoch 38/620
00:02:18 Train 48/48 - loss: 0.5579 - acc: 0.8667
00:02:19 Valid 5/5 - loss: 0.7066 - acc: 0.7861
Epoch 39/620
00:02:30 Train 48/48 - loss: 0.5606 - acc: 0.8658
Epoch 40/620
00:02:41 Train 48/48 - loss: 0.5528 - acc: 0.8669
00:02:42 Valid 5/5 - loss: 0.4291 - acc: 0.8521
Epoch 41/620
00:02:54 Train 48/48 - loss: 0.5506 - acc: 0.8680
Epoch 42/620
00:03:05 Train 48/48 - loss: 0.5382 - acc: 0.8704
00:03:06 Valid 5/5 - loss: 0.4425 - acc: 0.8517
Epoch 43/620
00:03:17 Train 48/48 - loss: 0.5484 - acc: 0.8683
Epoch 44/620
00:03:28 Train 48/48 - loss: 0.5381 - acc: 0.8714
00:03:29 Valid 5/5 - loss: 0.4023 - acc: 0.8650
Epoch 45/620
00:03:41 Train 48/48 - loss: 0.5379 - acc: 0.8713
Epoch 46/620
00:03:52 Train 48/48 - loss: 0.5355 - acc: 0.8724
00:03:53 Valid 5/5 - loss: 0.5181 - acc: 0.8331
Epoch 47/620
00:04:04 Train 48/48 - loss: 0.5265 - acc: 0.8731
Epoch 48/620
00:04:16 Train 48/48 - loss: 0.5176 - acc: 0.8771
00:04:17 Valid 5/5 - loss: 0.4373 - acc: 0.8533
Epoch 49/620
00:04:28 Train 48/48 - loss: 0.5240 - acc: 0.8761
Epoch 50/620
00:04:39 Train 48/48 - loss: 0.5242 - acc: 0.8759
00:04:40 Valid 5/5 - loss: 0.5219 - acc: 0.8361
Epoch 51/620
00:04:51 Train 48/48 - loss: 0.5237 - acc: 0.8741
Epoch 52/620
00:05:03 Train 48/48 - loss: 0.5172 - acc: 0.8765
00:05:04 Valid 5/5 - loss: 0.4084 - acc: 0.8652
Epoch 53/620
00:05:15 Train 48/48 - loss: 0.5112 - acc: 0.8791
Epoch 54/620
00:05:26 Train 48/48 - loss: 0.5182 - acc: 0.8746
00:05:27 Valid 5/5 - loss: 0.5246 - acc: 0.8365
Epoch 55/620
00:05:39 Train 48/48 - loss: 0.5040 - acc: 0.8782
Epoch 56/620
00:05:50 Train 48/48 - loss: 0.5147 - acc: 0.8785
00:05:51 Valid 5/5 - loss: 0.3847 - acc: 0.8767
Epoch 57/620
00:06:02 Train 48/48 - loss: 0.5007 - acc: 0.8811
Epoch 58/620
00:06:14 Train 48/48 - loss: 0.4978 - acc: 0.8813
00:06:14 Valid 5/5 - loss: 0.4669 - acc: 0.8531
Epoch 59/620
00:06:26 Train 48/48 - loss: 0.4985 - acc: 0.8800
Epoch 60/620
00:06:37 Train 48/48 - loss: 0.4856 - acc: 0.8841
00:06:38 Valid 5/5 - loss: 0.3523 - acc: 0.8848
Epoch 61/620
00:06:50 Train 48/48 - loss: 0.4853 - acc: 0.8831
Epoch 62/620
00:07:01 Train 48/48 - loss: 0.4914 - acc: 0.8823
00:07:02 Valid 5/5 - loss: 0.7378 - acc: 0.7892
Epoch 63/620
00:07:13 Train 48/48 - loss: 0.4962 - acc: 0.8812
Epoch 64/620
00:07:25 Train 48/48 - loss: 0.4789 - acc: 0.8858
00:07:26 Valid 5/5 - loss: 0.7369 - acc: 0.7929
Epoch 65/620
00:07:37 Train 48/48 - loss: 0.4905 - acc: 0.8832
Epoch 66/620
00:07:48 Train 48/48 - loss: 0.4835 - acc: 0.8843
00:07:49 Valid 5/5 - loss: 0.7788 - acc: 0.7817
Epoch 67/620
00:08:01 Train 48/48 - loss: 0.4731 - acc: 0.8881
Epoch 68/620
00:08:12 Train 48/48 - loss: 0.4892 - acc: 0.8826
00:08:13 Valid 5/5 - loss: 0.5338 - acc: 0.8325
Epoch 69/620
00:08:25 Train 48/48 - loss: 0.4767 - acc: 0.8869
Epoch 70/620
00:08:36 Train 48/48 - loss: 0.4806 - acc: 0.8857
00:08:37 Valid 5/5 - loss: 0.4425 - acc: 0.8587
Epoch 71/620
00:08:48 Train 48/48 - loss: 0.4900 - acc: 0.8831
Epoch 72/620
00:09:00 Train 48/48 - loss: 0.4728 - acc: 0.8865
00:09:01 Valid 5/5 - loss: 0.3605 - acc: 0.8854
Epoch 73/620
00:09:12 Train 48/48 - loss: 0.4599 - acc: 0.8908
Epoch 74/620
00:09:23 Train 48/48 - loss: 0.4723 - acc: 0.8867
00:09:24 Valid 5/5 - loss: 0.6301 - acc: 0.8134
Epoch 75/620
00:09:36 Train 48/48 - loss: 0.4675 - acc: 0.8887
Epoch 76/620
00:09:47 Train 48/48 - loss: 0.4785 - acc: 0.8859
00:09:48 Valid 5/5 - loss: 0.5429 - acc: 0.8338
Epoch 77/620
00:09:59 Train 48/48 - loss: 0.4639 - acc: 0.8914
Epoch 78/620
00:10:11 Train 48/48 - loss: 0.4617 - acc: 0.8902
00:10:12 Valid 5/5 - loss: 0.5443 - acc: 0.8364
Epoch 79/620
00:10:23 Train 48/48 - loss: 0.4537 - acc: 0.8923
Epoch 80/620
00:10:35 Train 48/48 - loss: 0.4680 - acc: 0.8891
00:10:35 Valid 5/5 - loss: 0.3971 - acc: 0.8730
Epoch 81/620
00:10:47 Train 48/48 - loss: 0.4588 - acc: 0.8897
Epoch 82/620
00:10:58 Train 48/48 - loss: 0.4594 - acc: 0.8922
00:10:59 Valid 5/5 - loss: 0.4825 - acc: 0.8520
Epoch 83/620
00:11:10 Train 48/48 - loss: 0.4586 - acc: 0.8912
Epoch 84/620
00:11:22 Train 48/48 - loss: 0.4577 - acc: 0.8909
00:11:23 Valid 5/5 - loss: 0.4027 - acc: 0.8701
Epoch 85/620
00:11:34 Train 48/48 - loss: 0.4520 - acc: 0.8918
Epoch 86/620
00:11:46 Train 48/48 - loss: 0.4483 - acc: 0.8939
00:11:47 Valid 5/5 - loss: 0.3243 - acc: 0.8892
Epoch 87/620
00:11:58 Train 48/48 - loss: 0.4551 - acc: 0.8926
Epoch 88/620
00:12:10 Train 48/48 - loss: 0.4476 - acc: 0.8936
00:12:11 Valid 5/5 - loss: 0.3076 - acc: 0.8984
Epoch 89/620
00:12:22 Train 48/48 - loss: 0.4669 - acc: 0.8889
Epoch 90/620
00:12:34 Train 48/48 - loss: 0.4530 - acc: 0.8915
00:12:35 Valid 5/5 - loss: 0.3720 - acc: 0.8800
Epoch 91/620
00:12:46 Train 48/48 - loss: 0.4378 - acc: 0.8969
Epoch 92/620
00:12:57 Train 48/48 - loss: 0.4452 - acc: 0.8938
00:12:58 Valid 5/5 - loss: 0.3334 - acc: 0.8905
Epoch 93/620
00:13:10 Train 48/48 - loss: 0.4443 - acc: 0.8938
Epoch 94/620
00:13:21 Train 48/48 - loss: 0.4474 - acc: 0.8950
00:13:22 Valid 5/5 - loss: 0.4954 - acc: 0.8533
Epoch 95/620
00:13:34 Train 48/48 - loss: 0.4569 - acc: 0.8924
Epoch 96/620
00:13:45 Train 48/48 - loss: 0.4376 - acc: 0.8958
00:13:46 Valid 5/5 - loss: 0.4061 - acc: 0.8753
Epoch 97/620
00:13:58 Train 48/48 - loss: 0.4428 - acc: 0.8946
Epoch 98/620
00:14:09 Train 48/48 - loss: 0.4486 - acc: 0.8928
00:14:10 Valid 5/5 - loss: 0.4836 - acc: 0.8489
Epoch 99/620
00:14:22 Train 48/48 - loss: 0.4434 - acc: 0.8958
Epoch 100/620
00:14:33 Train 48/48 - loss: 0.4437 - acc: 0.8953
00:14:34 Valid 5/5 - loss: 0.3030 - acc: 0.9009
Epoch 101/620
00:14:45 Train 48/48 - loss: 0.4359 - acc: 0.8964
Epoch 102/620
00:14:57 Train 48/48 - loss: 0.4404 - acc: 0.8947
00:14:58 Valid 5/5 - loss: 0.3854 - acc: 0.8779
Epoch 103/620
00:15:09 Train 48/48 - loss: 0.4522 - acc: 0.8920
Epoch 104/620
00:15:20 Train 48/48 - loss: 0.4413 - acc: 0.8939
00:15:21 Valid 5/5 - loss: 0.5387 - acc: 0.8434
Epoch 105/620
00:15:32 Train 48/48 - loss: 0.4387 - acc: 0.8953
Epoch 106/620
00:15:43 Train 48/48 - loss: 0.4325 - acc: 0.8992
00:15:44 Valid 5/5 - loss: 0.4993 - acc: 0.8532
Epoch 107/620
00:15:56 Train 48/48 - loss: 0.4297 - acc: 0.8978
Epoch 108/620
00:16:07 Train 48/48 - loss: 0.4225 - acc: 0.9000
00:16:08 Valid 5/5 - loss: 0.3579 - acc: 0.8816
Epoch 109/620
00:16:19 Train 48/48 - loss: 0.4316 - acc: 0.8969
Epoch 110/620
00:16:31 Train 48/48 - loss: 0.4364 - acc: 0.8967
00:16:31 Valid 5/5 - loss: 0.4822 - acc: 0.8583
Epoch 111/620
00:16:43 Train 48/48 - loss: 0.4376 - acc: 0.8967
Epoch 112/620
00:16:54 Train 48/48 - loss: 0.4368 - acc: 0.8952
00:16:55 Valid 5/5 - loss: 0.4401 - acc: 0.8679
Epoch 113/620
00:17:06 Train 48/48 - loss: 0.4317 - acc: 0.8981
Epoch 114/620
00:17:18 Train 48/48 - loss: 0.4285 - acc: 0.8987
00:17:19 Valid 5/5 - loss: 0.5406 - acc: 0.8473
Epoch 115/620
00:17:30 Train 48/48 - loss: 0.4348 - acc: 0.8961
Epoch 116/620
00:17:42 Train 48/48 - loss: 0.4379 - acc: 0.8965
00:17:43 Valid 5/5 - loss: 0.3196 - acc: 0.8982
Epoch 117/620
00:17:54 Train 48/48 - loss: 0.4318 - acc: 0.8973
Epoch 118/620
00:18:06 Train 48/48 - loss: 0.4207 - acc: 0.9003
00:18:07 Valid 5/5 - loss: 0.3551 - acc: 0.8833
Epoch 119/620
00:18:18 Train 48/48 - loss: 0.4199 - acc: 0.9002
Epoch 120/620
00:18:29 Train 48/48 - loss: 0.4306 - acc: 0.8983
00:18:30 Valid 5/5 - loss: 0.4036 - acc: 0.8717
Epoch 121/620
00:18:42 Train 48/48 - loss: 0.4248 - acc: 0.9000
Epoch 122/620
00:18:53 Train 48/48 - loss: 0.4240 - acc: 0.8999
00:18:54 Valid 5/5 - loss: 0.3758 - acc: 0.8838
Epoch 123/620
00:19:05 Train 48/48 - loss: 0.4164 - acc: 0.9031
Epoch 124/620
00:19:17 Train 48/48 - loss: 0.4223 - acc: 0.9003
00:19:18 Valid 5/5 - loss: 0.3472 - acc: 0.8905
Epoch 125/620
00:19:29 Train 48/48 - loss: 0.4318 - acc: 0.8976
Epoch 126/620
00:19:40 Train 48/48 - loss: 0.4256 - acc: 0.9001
00:19:41 Valid 5/5 - loss: 0.3337 - acc: 0.8916
Epoch 127/620
00:19:53 Train 48/48 - loss: 0.4352 - acc: 0.8950
Epoch 128/620
00:20:04 Train 48/48 - loss: 0.4211 - acc: 0.9002
00:20:05 Valid 5/5 - loss: 0.5001 - acc: 0.8486
Epoch 129/620
00:20:16 Train 48/48 - loss: 0.4170 - acc: 0.9004
Epoch 130/620
00:20:27 Train 48/48 - loss: 0.4286 - acc: 0.8977
00:20:28 Valid 5/5 - loss: 0.3757 - acc: 0.8754
Epoch 131/620
00:20:40 Train 48/48 - loss: 0.4203 - acc: 0.9010
Epoch 132/620
00:20:51 Train 48/48 - loss: 0.4301 - acc: 0.8993
00:20:52 Valid 5/5 - loss: 0.3393 - acc: 0.8864
Epoch 133/620
00:21:03 Train 48/48 - loss: 0.4109 - acc: 0.9036
Epoch 134/620
00:21:15 Train 48/48 - loss: 0.4210 - acc: 0.9017
00:21:16 Valid 5/5 - loss: 0.4525 - acc: 0.8587
Epoch 135/620
00:21:27 Train 48/48 - loss: 0.4105 - acc: 0.9023
Epoch 136/620
00:21:38 Train 48/48 - loss: 0.4178 - acc: 0.9018
00:21:39 Valid 5/5 - loss: 0.4883 - acc: 0.8476
Epoch 137/620
00:21:51 Train 48/48 - loss: 0.4231 - acc: 0.8999
Epoch 138/620
00:22:02 Train 48/48 - loss: 0.4172 - acc: 0.9016
00:22:03 Valid 5/5 - loss: 0.4490 - acc: 0.8589
Epoch 139/620
00:22:14 Train 48/48 - loss: 0.4141 - acc: 0.9021
Epoch 140/620
00:22:26 Train 48/48 - loss: 0.4178 - acc: 0.9011
00:22:26 Valid 5/5 - loss: 0.3540 - acc: 0.8874
Epoch 141/620
00:22:38 Train 48/48 - loss: 0.4118 - acc: 0.9043
Epoch 142/620
00:22:49 Train 48/48 - loss: 0.4089 - acc: 0.9036
00:22:50 Valid 5/5 - loss: 0.3646 - acc: 0.8839
Epoch 143/620
00:23:01 Train 48/48 - loss: 0.4219 - acc: 0.8993
Epoch 144/620
00:23:13 Train 48/48 - loss: 0.4107 - acc: 0.9037
00:23:14 Valid 5/5 - loss: 0.3199 - acc: 0.8989
Epoch 145/620
00:23:25 Train 48/48 - loss: 0.4089 - acc: 0.9041
Epoch 146/620
00:23:36 Train 48/48 - loss: 0.4064 - acc: 0.9050
00:23:37 Valid 5/5 - loss: 0.3332 - acc: 0.8949
Epoch 147/620
00:23:49 Train 48/48 - loss: 0.4176 - acc: 0.9016
Epoch 148/620
00:24:00 Train 48/48 - loss: 0.4108 - acc: 0.9025
00:24:01 Valid 5/5 - loss: 0.3730 - acc: 0.8909
Epoch 149/620
00:24:12 Train 48/48 - loss: 0.4134 - acc: 0.9029
Epoch 150/620
00:24:24 Train 48/48 - loss: 0.4144 - acc: 0.9026
00:24:25 Valid 5/5 - loss: 0.3510 - acc: 0.8867
Epoch 151/620
00:24:36 Train 48/48 - loss: 0.4060 - acc: 0.9052
Epoch 152/620
00:24:47 Train 48/48 - loss: 0.4048 - acc: 0.9033
00:24:48 Valid 5/5 - loss: 0.4010 - acc: 0.8799
Epoch 153/620
00:25:00 Train 48/48 - loss: 0.4130 - acc: 0.9019
Epoch 154/620
00:25:11 Train 48/48 - loss: 0.4097 - acc: 0.9024
00:25:12 Valid 5/5 - loss: 0.2891 - acc: 0.9057
Epoch 155/620
00:25:23 Train 48/48 - loss: 0.4157 - acc: 0.9018
Epoch 156/620
00:25:35 Train 48/48 - loss: 0.4093 - acc: 0.9034
00:25:36 Valid 5/5 - loss: 0.2554 - acc: 0.9168
Epoch 157/620
00:25:47 Train 48/48 - loss: 0.4060 - acc: 0.9036
Epoch 158/620
00:25:58 Train 48/48 - loss: 0.4144 - acc: 0.9014
00:25:59 Valid 5/5 - loss: 0.3855 - acc: 0.8751
Epoch 159/620
00:26:11 Train 48/48 - loss: 0.4105 - acc: 0.9028
Epoch 160/620
00:26:22 Train 48/48 - loss: 0.4066 - acc: 0.9030
00:26:23 Valid 5/5 - loss: 0.2838 - acc: 0.9071
Epoch 161/620
00:26:34 Train 48/48 - loss: 0.4121 - acc: 0.9017
Epoch 162/620
00:26:46 Train 48/48 - loss: 0.4040 - acc: 0.9042
00:26:47 Valid 5/5 - loss: 0.3383 - acc: 0.8868
Epoch 163/620
00:26:58 Train 48/48 - loss: 0.4076 - acc: 0.9034
Epoch 164/620
00:27:09 Train 48/48 - loss: 0.4052 - acc: 0.9069
00:27:10 Valid 5/5 - loss: 0.2798 - acc: 0.9104
Epoch 165/620
00:27:21 Train 48/48 - loss: 0.3977 - acc: 0.9066
Epoch 166/620
00:27:33 Train 48/48 - loss: 0.4028 - acc: 0.9042
00:27:34 Valid 5/5 - loss: 0.3743 - acc: 0.8842
Epoch 167/620
00:27:45 Train 48/48 - loss: 0.4011 - acc: 0.9038
Epoch 168/620
00:27:56 Train 48/48 - loss: 0.3951 - acc: 0.9076
00:27:57 Valid 5/5 - loss: 0.2909 - acc: 0.9087
Epoch 169/620
00:28:08 Train 48/48 - loss: 0.3984 - acc: 0.9066
Epoch 170/620
00:28:19 Train 48/48 - loss: 0.4037 - acc: 0.9046
00:28:20 Valid 5/5 - loss: 0.3469 - acc: 0.8918
Epoch 171/620
00:28:31 Train 48/48 - loss: 0.4032 - acc: 0.9049
Epoch 172/620
00:28:43 Train 48/48 - loss: 0.4009 - acc: 0.9050
00:28:44 Valid 5/5 - loss: 0.2732 - acc: 0.9101
Epoch 173/620
00:28:55 Train 48/48 - loss: 0.3976 - acc: 0.9057
Epoch 174/620
00:29:06 Train 48/48 - loss: 0.3938 - acc: 0.9061
00:29:07 Valid 5/5 - loss: 0.2919 - acc: 0.9020
Epoch 175/620
00:29:18 Train 48/48 - loss: 0.4081 - acc: 0.9034
Epoch 176/620
00:29:30 Train 48/48 - loss: 0.3996 - acc: 0.9054
00:29:31 Valid 5/5 - loss: 0.3676 - acc: 0.8820
Epoch 177/620
00:29:42 Train 48/48 - loss: 0.3960 - acc: 0.9060
Epoch 178/620
00:29:53 Train 48/48 - loss: 0.3913 - acc: 0.9076
00:29:54 Valid 5/5 - loss: 0.3399 - acc: 0.8955
Epoch 179/620
00:30:06 Train 48/48 - loss: 0.3923 - acc: 0.9070
Epoch 180/620
00:30:17 Train 48/48 - loss: 0.3950 - acc: 0.9080
00:30:18 Valid 5/5 - loss: 0.2688 - acc: 0.9118
Epoch 181/620
00:30:29 Train 48/48 - loss: 0.3882 - acc: 0.9086
Epoch 182/620
00:30:41 Train 48/48 - loss: 0.3950 - acc: 0.9069
00:30:42 Valid 5/5 - loss: 0.2764 - acc: 0.9074
Epoch 183/620
00:30:53 Train 48/48 - loss: 0.4001 - acc: 0.9047
Epoch 184/620
00:31:04 Train 48/48 - loss: 0.3949 - acc: 0.9080
00:31:05 Valid 5/5 - loss: 0.3800 - acc: 0.8848
Epoch 185/620
00:31:17 Train 48/48 - loss: 0.3945 - acc: 0.9079
Epoch 186/620
00:31:28 Train 48/48 - loss: 0.3957 - acc: 0.9074
00:31:29 Valid 5/5 - loss: 0.3197 - acc: 0.8980
Epoch 187/620
00:31:40 Train 48/48 - loss: 0.3919 - acc: 0.9068
Epoch 188/620
00:31:51 Train 48/48 - loss: 0.3896 - acc: 0.9068
00:31:52 Valid 5/5 - loss: 0.3349 - acc: 0.8975
Epoch 189/620
00:32:03 Train 48/48 - loss: 0.3881 - acc: 0.9097
Epoch 190/620
00:32:15 Train 48/48 - loss: 0.3882 - acc: 0.9084
00:32:16 Valid 5/5 - loss: 0.3515 - acc: 0.8911
Epoch 191/620
00:32:27 Train 48/48 - loss: 0.3903 - acc: 0.9077
Epoch 192/620
00:32:38 Train 48/48 - loss: 0.3966 - acc: 0.9075
00:32:39 Valid 5/5 - loss: 0.3313 - acc: 0.8951
Epoch 193/620
00:32:50 Train 48/48 - loss: 0.3972 - acc: 0.9071
Epoch 194/620
00:33:01 Train 48/48 - loss: 0.3984 - acc: 0.9058
00:33:02 Valid 5/5 - loss: 0.3300 - acc: 0.9021
Epoch 195/620
00:33:13 Train 48/48 - loss: 0.3838 - acc: 0.9105
Epoch 196/620
00:33:24 Train 48/48 - loss: 0.3823 - acc: 0.9095
00:33:25 Valid 5/5 - loss: 0.2773 - acc: 0.9116
Epoch 197/620
00:33:36 Train 48/48 - loss: 0.3912 - acc: 0.9070
Epoch 198/620
00:33:48 Train 48/48 - loss: 0.3825 - acc: 0.9104
00:33:49 Valid 5/5 - loss: 0.2814 - acc: 0.9112
Epoch 199/620
00:34:00 Train 48/48 - loss: 0.3942 - acc: 0.9068
Epoch 200/620
00:34:11 Train 48/48 - loss: 0.3928 - acc: 0.9092
00:34:12 Valid 5/5 - loss: 0.3030 - acc: 0.9049
Epoch 201/620
00:34:24 Train 48/48 - loss: 0.3786 - acc: 0.9102
Epoch 202/620
00:34:35 Train 48/48 - loss: 0.3700 - acc: 0.9124
00:34:36 Valid 5/5 - loss: 0.2709 - acc: 0.9144
Epoch 203/620
00:34:47 Train 48/48 - loss: 0.3807 - acc: 0.9117
Epoch 204/620
00:34:59 Train 48/48 - loss: 0.3788 - acc: 0.9108
00:35:00 Valid 5/5 - loss: 0.3560 - acc: 0.8915
Epoch 205/620
00:35:11 Train 48/48 - loss: 0.3831 - acc: 0.9094
Epoch 206/620
00:35:22 Train 48/48 - loss: 0.3953 - acc: 0.9047
00:35:23 Valid 5/5 - loss: 0.2658 - acc: 0.9144
Epoch 207/620
00:35:34 Train 48/48 - loss: 0.3804 - acc: 0.9099
Epoch 208/620
00:35:45 Train 48/48 - loss: 0.3728 - acc: 0.9138
00:35:46 Valid 5/5 - loss: 0.3066 - acc: 0.9020
Epoch 209/620
00:35:57 Train 48/48 - loss: 0.3870 - acc: 0.9077
Epoch 210/620
00:36:08 Train 48/48 - loss: 0.3828 - acc: 0.9098
00:36:09 Valid 5/5 - loss: 0.3335 - acc: 0.8999
Epoch 211/620
00:36:21 Train 48/48 - loss: 0.3731 - acc: 0.9127
Epoch 212/620
00:36:32 Train 48/48 - loss: 0.3826 - acc: 0.9101
00:36:33 Valid 5/5 - loss: 0.2690 - acc: 0.9137
Epoch 213/620
00:36:44 Train 48/48 - loss: 0.3785 - acc: 0.9118
Epoch 214/620
00:36:55 Train 48/48 - loss: 0.3783 - acc: 0.9101
00:36:56 Valid 5/5 - loss: 0.2878 - acc: 0.9103
Epoch 215/620
00:37:07 Train 48/48 - loss: 0.3790 - acc: 0.9108
Epoch 216/620
00:37:19 Train 48/48 - loss: 0.3875 - acc: 0.9092
00:37:20 Valid 5/5 - loss: 0.3619 - acc: 0.8875
Epoch 217/620
00:37:31 Train 48/48 - loss: 0.3765 - acc: 0.9126
Epoch 218/620
00:37:42 Train 48/48 - loss: 0.3818 - acc: 0.9104
00:37:43 Valid 5/5 - loss: 0.2984 - acc: 0.9054
Epoch 219/620
00:37:54 Train 48/48 - loss: 0.3734 - acc: 0.9116
Epoch 220/620
00:38:05 Train 48/48 - loss: 0.3743 - acc: 0.9127
00:38:06 Valid 5/5 - loss: 0.3431 - acc: 0.8962
Epoch 221/620
00:38:17 Train 48/48 - loss: 0.3774 - acc: 0.9112
Epoch 222/620
00:38:29 Train 48/48 - loss: 0.3805 - acc: 0.9115
00:38:30 Valid 5/5 - loss: 0.5973 - acc: 0.8381
Epoch 223/620
00:38:41 Train 48/48 - loss: 0.3831 - acc: 0.9089
Epoch 224/620
00:38:52 Train 48/48 - loss: 0.3798 - acc: 0.9109
00:38:53 Valid 5/5 - loss: 0.2623 - acc: 0.9133
Epoch 225/620
00:39:04 Train 48/48 - loss: 0.3673 - acc: 0.9135
Epoch 226/620
00:39:15 Train 48/48 - loss: 0.3748 - acc: 0.9114
00:39:16 Valid 5/5 - loss: 0.2371 - acc: 0.9277
Epoch 227/620
00:39:27 Train 48/48 - loss: 0.3767 - acc: 0.9108
Epoch 228/620
00:39:39 Train 48/48 - loss: 0.3798 - acc: 0.9095
00:39:39 Valid 5/5 - loss: 0.3674 - acc: 0.8887
Epoch 229/620
00:39:51 Train 48/48 - loss: 0.3564 - acc: 0.9161
Epoch 230/620
00:40:02 Train 48/48 - loss: 0.3659 - acc: 0.9146
00:40:03 Valid 5/5 - loss: 0.3602 - acc: 0.8943
Epoch 231/620
00:40:14 Train 48/48 - loss: 0.3723 - acc: 0.9112
Epoch 232/620
00:40:25 Train 48/48 - loss: 0.3736 - acc: 0.9117
00:40:26 Valid 5/5 - loss: 0.3463 - acc: 0.8951
Epoch 233/620
00:40:38 Train 48/48 - loss: 0.3626 - acc: 0.9158
Epoch 234/620
00:40:49 Train 48/48 - loss: 0.3676 - acc: 0.9136
00:40:50 Valid 5/5 - loss: 0.2698 - acc: 0.9140
Epoch 235/620
00:41:01 Train 48/48 - loss: 0.3614 - acc: 0.9145
Epoch 236/620
00:41:12 Train 48/48 - loss: 0.3642 - acc: 0.9149
00:41:13 Valid 5/5 - loss: 0.2279 - acc: 0.9284
Epoch 237/620
00:41:25 Train 48/48 - loss: 0.3711 - acc: 0.9132
Epoch 238/620
00:41:36 Train 48/48 - loss: 0.3652 - acc: 0.9138
00:41:37 Valid 5/5 - loss: 0.2503 - acc: 0.9162
Epoch 239/620
00:41:48 Train 48/48 - loss: 0.3686 - acc: 0.9141
Epoch 240/620
00:41:59 Train 48/48 - loss: 0.3672 - acc: 0.9142
00:42:00 Valid 5/5 - loss: 0.2518 - acc: 0.9159
Epoch 241/620
00:42:12 Train 48/48 - loss: 0.3692 - acc: 0.9137
Epoch 242/620
00:42:23 Train 48/48 - loss: 0.3627 - acc: 0.9155
00:42:24 Valid 5/5 - loss: 0.4686 - acc: 0.8671
Epoch 243/620
00:42:35 Train 48/48 - loss: 0.3685 - acc: 0.9138
Epoch 244/620
00:42:46 Train 48/48 - loss: 0.3686 - acc: 0.9141
00:42:47 Valid 5/5 - loss: 0.2495 - acc: 0.9198
Epoch 245/620
00:42:58 Train 48/48 - loss: 0.3580 - acc: 0.9155
Epoch 246/620
00:43:09 Train 48/48 - loss: 0.3587 - acc: 0.9164
00:43:10 Valid 5/5 - loss: 0.2842 - acc: 0.9153
Epoch 247/620
00:43:21 Train 48/48 - loss: 0.3599 - acc: 0.9159
Epoch 248/620
00:43:32 Train 48/48 - loss: 0.3580 - acc: 0.9159
00:43:33 Valid 5/5 - loss: 0.2704 - acc: 0.9143
Epoch 249/620
00:43:44 Train 48/48 - loss: 0.3628 - acc: 0.9152
Epoch 250/620
00:43:55 Train 48/48 - loss: 0.3511 - acc: 0.9182
00:43:56 Valid 5/5 - loss: 0.2706 - acc: 0.9138
Epoch 251/620
00:44:08 Train 48/48 - loss: 0.3595 - acc: 0.9137
Epoch 252/620
00:44:19 Train 48/48 - loss: 0.3566 - acc: 0.9151
00:44:20 Valid 5/5 - loss: 0.3056 - acc: 0.9058
Epoch 253/620
00:44:31 Train 48/48 - loss: 0.3667 - acc: 0.9141
Epoch 254/620
00:44:43 Train 48/48 - loss: 0.3560 - acc: 0.9173
00:44:44 Valid 5/5 - loss: 0.2646 - acc: 0.9165
Epoch 255/620
00:44:55 Train 48/48 - loss: 0.3559 - acc: 0.9166
Epoch 256/620
00:45:06 Train 48/48 - loss: 0.3598 - acc: 0.9166
00:45:07 Valid 5/5 - loss: 0.2415 - acc: 0.9293
Epoch 257/620
00:45:19 Train 48/48 - loss: 0.3430 - acc: 0.9195
Epoch 258/620
00:45:30 Train 48/48 - loss: 0.3566 - acc: 0.9177
00:45:31 Valid 5/5 - loss: 0.2830 - acc: 0.9113
Epoch 259/620
00:45:42 Train 48/48 - loss: 0.3602 - acc: 0.9161
Epoch 260/620
00:45:54 Train 48/48 - loss: 0.3545 - acc: 0.9176
00:45:55 Valid 5/5 - loss: 0.2833 - acc: 0.9112
Epoch 261/620
00:46:06 Train 48/48 - loss: 0.3397 - acc: 0.9212
Epoch 262/620
00:46:17 Train 48/48 - loss: 0.3512 - acc: 0.9173
00:46:18 Valid 5/5 - loss: 0.2420 - acc: 0.9216
Epoch 263/620
00:46:30 Train 48/48 - loss: 0.3536 - acc: 0.9184
Epoch 264/620
00:46:41 Train 48/48 - loss: 0.3520 - acc: 0.9172
00:46:42 Valid 5/5 - loss: 0.4189 - acc: 0.8788
Epoch 265/620
00:46:53 Train 48/48 - loss: 0.3598 - acc: 0.9155
Epoch 266/620
00:47:04 Train 48/48 - loss: 0.3532 - acc: 0.9160
00:47:05 Valid 5/5 - loss: 0.3472 - acc: 0.8999
Epoch 267/620
00:47:17 Train 48/48 - loss: 0.3447 - acc: 0.9193
Epoch 268/620
00:47:28 Train 48/48 - loss: 0.3452 - acc: 0.9196
00:47:29 Valid 5/5 - loss: 0.2912 - acc: 0.9100
Epoch 269/620
00:47:40 Train 48/48 - loss: 0.3570 - acc: 0.9158
Epoch 270/620
00:47:52 Train 48/48 - loss: 0.3504 - acc: 0.9183
00:47:52 Valid 5/5 - loss: 0.2458 - acc: 0.9224
Epoch 271/620
00:48:04 Train 48/48 - loss: 0.3461 - acc: 0.9193
Epoch 272/620
00:48:15 Train 48/48 - loss: 0.3398 - acc: 0.9213
00:48:16 Valid 5/5 - loss: 0.2720 - acc: 0.9169
Epoch 273/620
00:48:27 Train 48/48 - loss: 0.3494 - acc: 0.9182
Epoch 274/620
00:48:38 Train 48/48 - loss: 0.3562 - acc: 0.9168
00:48:39 Valid 5/5 - loss: 0.2459 - acc: 0.9202
Epoch 275/620
00:48:50 Train 48/48 - loss: 0.3327 - acc: 0.9237
Epoch 276/620
00:49:01 Train 48/48 - loss: 0.3414 - acc: 0.9206
00:49:02 Valid 5/5 - loss: 0.2791 - acc: 0.9121
Epoch 277/620
00:49:14 Train 48/48 - loss: 0.3385 - acc: 0.9220
Epoch 278/620
00:49:25 Train 48/48 - loss: 0.3447 - acc: 0.9180
00:49:26 Valid 5/5 - loss: 0.2261 - acc: 0.9280
Epoch 279/620
00:49:37 Train 48/48 - loss: 0.3400 - acc: 0.9208
Epoch 280/620
00:49:48 Train 48/48 - loss: 0.3484 - acc: 0.9171
00:49:49 Valid 5/5 - loss: 0.2418 - acc: 0.9245
Epoch 281/620
00:50:01 Train 48/48 - loss: 0.3391 - acc: 0.9215
Epoch 282/620
00:50:12 Train 48/48 - loss: 0.3398 - acc: 0.9222
00:50:13 Valid 5/5 - loss: 0.2483 - acc: 0.9231
Epoch 283/620
00:50:25 Train 48/48 - loss: 0.3468 - acc: 0.9190
Epoch 284/620
00:50:36 Train 48/48 - loss: 0.3321 - acc: 0.9222
00:50:37 Valid 5/5 - loss: 0.3349 - acc: 0.9002
Epoch 285/620
00:50:48 Train 48/48 - loss: 0.3385 - acc: 0.9212
Epoch 286/620
00:51:00 Train 48/48 - loss: 0.3349 - acc: 0.9218
00:51:01 Valid 5/5 - loss: 0.2301 - acc: 0.9250
Epoch 287/620
00:51:12 Train 48/48 - loss: 0.3406 - acc: 0.9216
Epoch 288/620
00:51:23 Train 48/48 - loss: 0.3382 - acc: 0.9213
00:51:24 Valid 5/5 - loss: 0.3144 - acc: 0.9050
Epoch 289/620
00:51:36 Train 48/48 - loss: 0.3323 - acc: 0.9229
Epoch 290/620
00:51:47 Train 48/48 - loss: 0.3285 - acc: 0.9230
00:51:48 Valid 5/5 - loss: 0.2541 - acc: 0.9187
Epoch 291/620
00:51:59 Train 48/48 - loss: 0.3300 - acc: 0.9235
Epoch 292/620
00:52:11 Train 48/48 - loss: 0.3355 - acc: 0.9225
00:52:12 Valid 5/5 - loss: 0.2638 - acc: 0.9162
Epoch 293/620
00:52:23 Train 48/48 - loss: 0.3356 - acc: 0.9216
Epoch 294/620
00:52:34 Train 48/48 - loss: 0.3307 - acc: 0.9229
00:52:35 Valid 5/5 - loss: 0.3587 - acc: 0.8937
Epoch 295/620
00:52:47 Train 48/48 - loss: 0.3345 - acc: 0.9209
Epoch 296/620
00:52:58 Train 48/48 - loss: 0.3302 - acc: 0.9232
00:52:59 Valid 5/5 - loss: 0.2636 - acc: 0.9234
Epoch 297/620
00:53:10 Train 48/48 - loss: 0.3287 - acc: 0.9240
Epoch 298/620
00:53:22 Train 48/48 - loss: 0.3253 - acc: 0.9254
00:53:23 Valid 5/5 - loss: 0.2515 - acc: 0.9232
Epoch 299/620
00:53:34 Train 48/48 - loss: 0.3188 - acc: 0.9256
Epoch 300/620
00:53:45 Train 48/48 - loss: 0.3361 - acc: 0.9207
00:53:46 Valid 5/5 - loss: 0.3553 - acc: 0.9006
Epoch 301/620
00:53:57 Train 48/48 - loss: 0.3337 - acc: 0.9225
Epoch 302/620
00:54:09 Train 48/48 - loss: 0.3280 - acc: 0.9239
00:54:10 Valid 5/5 - loss: 0.2475 - acc: 0.9220
Epoch 303/620
00:54:21 Train 48/48 - loss: 0.3280 - acc: 0.9243
Epoch 304/620
00:54:32 Train 48/48 - loss: 0.3248 - acc: 0.9244
00:54:33 Valid 5/5 - loss: 0.2313 - acc: 0.9260
Epoch 305/620
00:54:44 Train 48/48 - loss: 0.3239 - acc: 0.9251
Epoch 306/620
00:54:55 Train 48/48 - loss: 0.3290 - acc: 0.9244
00:54:56 Valid 5/5 - loss: 0.2246 - acc: 0.9295
Epoch 307/620
00:55:07 Train 48/48 - loss: 0.3297 - acc: 0.9242
Epoch 308/620
00:55:19 Train 48/48 - loss: 0.3199 - acc: 0.9258
00:55:20 Valid 5/5 - loss: 0.2329 - acc: 0.9266
Epoch 309/620
00:55:31 Train 48/48 - loss: 0.3346 - acc: 0.9217
Epoch 310/620
00:55:42 Train 48/48 - loss: 0.3119 - acc: 0.9280
00:55:43 Valid 5/5 - loss: 0.1851 - acc: 0.9423
Epoch 311/620
00:55:55 Train 48/48 - loss: 0.3188 - acc: 0.9259
Epoch 312/620
00:56:06 Train 48/48 - loss: 0.3313 - acc: 0.9222
00:56:07 Valid 5/5 - loss: 0.2632 - acc: 0.9193
Epoch 313/620
00:56:18 Train 48/48 - loss: 0.3160 - acc: 0.9271
Epoch 314/620
00:56:29 Train 48/48 - loss: 0.3119 - acc: 0.9281
00:56:30 Valid 5/5 - loss: 0.2251 - acc: 0.9289
Epoch 315/620
00:56:42 Train 48/48 - loss: 0.3209 - acc: 0.9257
Epoch 316/620
00:56:53 Train 48/48 - loss: 0.3137 - acc: 0.9276
00:56:54 Valid 5/5 - loss: 0.2360 - acc: 0.9304
Epoch 317/620
00:57:05 Train 48/48 - loss: 0.3124 - acc: 0.9289
Epoch 318/620
00:57:16 Train 48/48 - loss: 0.3089 - acc: 0.9288
00:57:17 Valid 5/5 - loss: 0.1974 - acc: 0.9359
Epoch 319/620
00:57:28 Train 48/48 - loss: 0.3176 - acc: 0.9251
Epoch 320/620
00:57:40 Train 48/48 - loss: 0.3158 - acc: 0.9267
00:57:41 Valid 5/5 - loss: 0.2487 - acc: 0.9266
Epoch 321/620
00:57:52 Train 48/48 - loss: 0.3119 - acc: 0.9269
Epoch 322/620
00:58:03 Train 48/48 - loss: 0.3068 - acc: 0.9294
00:58:04 Valid 5/5 - loss: 0.2288 - acc: 0.9331
Epoch 323/620
00:58:15 Train 48/48 - loss: 0.3086 - acc: 0.9301
Epoch 324/620
00:58:26 Train 48/48 - loss: 0.3075 - acc: 0.9276
00:58:27 Valid 5/5 - loss: 0.2689 - acc: 0.9192
Epoch 325/620
00:58:38 Train 48/48 - loss: 0.3072 - acc: 0.9286
Epoch 326/620
00:58:49 Train 48/48 - loss: 0.3084 - acc: 0.9301
00:58:50 Valid 5/5 - loss: 0.1894 - acc: 0.9379
Epoch 327/620
00:59:01 Train 48/48 - loss: 0.3017 - acc: 0.9297
Epoch 328/620
00:59:13 Train 48/48 - loss: 0.3097 - acc: 0.9280
00:59:14 Valid 5/5 - loss: 0.1922 - acc: 0.9404
Epoch 329/620
00:59:25 Train 48/48 - loss: 0.3025 - acc: 0.9297
Epoch 330/620
00:59:36 Train 48/48 - loss: 0.3178 - acc: 0.9267
00:59:37 Valid 5/5 - loss: 0.2616 - acc: 0.9197
Epoch 331/620
00:59:48 Train 48/48 - loss: 0.3024 - acc: 0.9295
Epoch 332/620
00:59:59 Train 48/48 - loss: 0.3088 - acc: 0.9286
01:00:00 Valid 5/5 - loss: 0.2067 - acc: 0.9369
Epoch 333/620
01:00:11 Train 48/48 - loss: 0.2990 - acc: 0.9308
Epoch 334/620
01:00:22 Train 48/48 - loss: 0.3121 - acc: 0.9288
01:00:23 Valid 5/5 - loss: 0.1990 - acc: 0.9384
Epoch 335/620
01:00:35 Train 48/48 - loss: 0.2941 - acc: 0.9320
Epoch 336/620
01:00:46 Train 48/48 - loss: 0.3069 - acc: 0.9295
01:00:47 Valid 5/5 - loss: 0.2955 - acc: 0.9129
Epoch 337/620
01:00:58 Train 48/48 - loss: 0.3085 - acc: 0.9299
Epoch 338/620
01:01:09 Train 48/48 - loss: 0.2956 - acc: 0.9322
01:01:10 Valid 5/5 - loss: 0.2704 - acc: 0.9194
Epoch 339/620
01:01:22 Train 48/48 - loss: 0.2937 - acc: 0.9327
Epoch 340/620
01:01:33 Train 48/48 - loss: 0.2983 - acc: 0.9307
01:01:34 Valid 5/5 - loss: 0.1996 - acc: 0.9337
Epoch 341/620
01:01:45 Train 48/48 - loss: 0.2877 - acc: 0.9324
Epoch 342/620
01:01:57 Train 48/48 - loss: 0.2991 - acc: 0.9315
01:01:58 Valid 5/5 - loss: 0.2898 - acc: 0.9158
Epoch 343/620
01:02:09 Train 48/48 - loss: 0.2986 - acc: 0.9320
Epoch 344/620
01:02:20 Train 48/48 - loss: 0.2921 - acc: 0.9326
01:02:21 Valid 5/5 - loss: 0.2913 - acc: 0.9134
Epoch 345/620
01:02:32 Train 48/48 - loss: 0.3055 - acc: 0.9297
Epoch 346/620
01:02:43 Train 48/48 - loss: 0.3049 - acc: 0.9291
01:02:44 Valid 5/5 - loss: 0.1814 - acc: 0.9425
Epoch 347/620
01:02:55 Train 48/48 - loss: 0.2938 - acc: 0.9314
Epoch 348/620
01:03:07 Train 48/48 - loss: 0.2916 - acc: 0.9321
01:03:08 Valid 5/5 - loss: 0.1904 - acc: 0.9429
Epoch 349/620
01:03:19 Train 48/48 - loss: 0.2860 - acc: 0.9339
Epoch 350/620
01:03:30 Train 48/48 - loss: 0.2943 - acc: 0.9315
01:03:31 Valid 5/5 - loss: 0.2330 - acc: 0.9314
Epoch 351/620
01:03:43 Train 48/48 - loss: 0.2911 - acc: 0.9345
Epoch 352/620
01:03:54 Train 48/48 - loss: 0.2902 - acc: 0.9336
01:03:55 Valid 5/5 - loss: 0.2823 - acc: 0.9219
Epoch 353/620
01:04:06 Train 48/48 - loss: 0.2851 - acc: 0.9343
Epoch 354/620
01:04:18 Train 48/48 - loss: 0.2889 - acc: 0.9337
01:04:19 Valid 5/5 - loss: 0.1720 - acc: 0.9477
Epoch 355/620
01:04:30 Train 48/48 - loss: 0.2867 - acc: 0.9345
Epoch 356/620
01:04:41 Train 48/48 - loss: 0.2805 - acc: 0.9344
01:04:42 Valid 5/5 - loss: 0.1987 - acc: 0.9414
Epoch 357/620
01:04:54 Train 48/48 - loss: 0.2813 - acc: 0.9353
Epoch 358/620
01:05:05 Train 48/48 - loss: 0.2923 - acc: 0.9334
01:05:06 Valid 5/5 - loss: 0.2292 - acc: 0.9304
Epoch 359/620
01:05:17 Train 48/48 - loss: 0.2855 - acc: 0.9345
Epoch 360/620
01:05:28 Train 48/48 - loss: 0.2822 - acc: 0.9351
01:05:29 Valid 5/5 - loss: 0.1876 - acc: 0.9404
Epoch 361/620
01:05:40 Train 48/48 - loss: 0.2806 - acc: 0.9355
Epoch 362/620
01:05:52 Train 48/48 - loss: 0.2822 - acc: 0.9352
01:05:53 Valid 5/5 - loss: 0.1816 - acc: 0.9428
Epoch 363/620
01:06:04 Train 48/48 - loss: 0.2775 - acc: 0.9365
Epoch 364/620
01:06:15 Train 48/48 - loss: 0.2805 - acc: 0.9352
01:06:16 Valid 5/5 - loss: 0.1929 - acc: 0.9411
Epoch 365/620
01:06:27 Train 48/48 - loss: 0.2806 - acc: 0.9364
Epoch 366/620
01:06:39 Train 48/48 - loss: 0.2769 - acc: 0.9370
01:06:40 Valid 5/5 - loss: 0.1816 - acc: 0.9435
Epoch 367/620
01:06:51 Train 48/48 - loss: 0.2722 - acc: 0.9384
Epoch 368/620
01:07:02 Train 48/48 - loss: 0.2700 - acc: 0.9383
01:07:03 Valid 5/5 - loss: 0.1911 - acc: 0.9392
Epoch 369/620
01:07:14 Train 48/48 - loss: 0.2796 - acc: 0.9358
Epoch 370/620
01:07:25 Train 48/48 - loss: 0.2763 - acc: 0.9365
01:07:26 Valid 5/5 - loss: 0.2205 - acc: 0.9340
Epoch 371/620
01:07:37 Train 48/48 - loss: 0.2683 - acc: 0.9371
Epoch 372/620
01:07:48 Train 48/48 - loss: 0.2710 - acc: 0.9371
01:07:49 Valid 5/5 - loss: 0.2142 - acc: 0.9341
Epoch 373/620
01:08:00 Train 48/48 - loss: 0.2725 - acc: 0.9380
Epoch 374/620
01:08:11 Train 48/48 - loss: 0.2639 - acc: 0.9394
01:08:12 Valid 5/5 - loss: 0.1723 - acc: 0.9471
Epoch 375/620
01:08:23 Train 48/48 - loss: 0.2764 - acc: 0.9361
Epoch 376/620
01:08:35 Train 48/48 - loss: 0.2648 - acc: 0.9394
01:08:36 Valid 5/5 - loss: 0.2371 - acc: 0.9327
Epoch 377/620
01:08:47 Train 48/48 - loss: 0.2639 - acc: 0.9388
Epoch 378/620
01:08:59 Train 48/48 - loss: 0.2709 - acc: 0.9387
01:09:00 Valid 5/5 - loss: 0.2130 - acc: 0.9374
Epoch 379/620
01:09:11 Train 48/48 - loss: 0.2585 - acc: 0.9410
Epoch 380/620
01:09:23 Train 48/48 - loss: 0.2648 - acc: 0.9394
01:09:24 Valid 5/5 - loss: 0.1871 - acc: 0.9431
Epoch 381/620
01:09:35 Train 48/48 - loss: 0.2673 - acc: 0.9395
Epoch 382/620
01:09:47 Train 48/48 - loss: 0.2606 - acc: 0.9394
01:09:48 Valid 5/5 - loss: 0.1887 - acc: 0.9432
Epoch 383/620
01:09:59 Train 48/48 - loss: 0.2615 - acc: 0.9415
Epoch 384/620
01:10:11 Train 48/48 - loss: 0.2606 - acc: 0.9413
01:10:12 Valid 5/5 - loss: 0.2006 - acc: 0.9400
Epoch 385/620
01:10:23 Train 48/48 - loss: 0.2623 - acc: 0.9406
Epoch 386/620
01:10:34 Train 48/48 - loss: 0.2637 - acc: 0.9401
01:10:35 Valid 5/5 - loss: 0.2232 - acc: 0.9350
Epoch 387/620
01:10:47 Train 48/48 - loss: 0.2584 - acc: 0.9422
Epoch 388/620
01:10:58 Train 48/48 - loss: 0.2592 - acc: 0.9403
01:10:59 Valid 5/5 - loss: 0.2049 - acc: 0.9417
Epoch 389/620
01:11:10 Train 48/48 - loss: 0.2610 - acc: 0.9407
Epoch 390/620
01:11:21 Train 48/48 - loss: 0.2582 - acc: 0.9404
01:11:22 Valid 5/5 - loss: 0.2056 - acc: 0.9388
Epoch 391/620
01:11:33 Train 48/48 - loss: 0.2600 - acc: 0.9411
Epoch 392/620
01:11:45 Train 48/48 - loss: 0.2437 - acc: 0.9442
01:11:45 Valid 5/5 - loss: 0.2347 - acc: 0.9338
Epoch 393/620
01:11:57 Train 48/48 - loss: 0.2531 - acc: 0.9425
Epoch 394/620
01:12:08 Train 48/48 - loss: 0.2518 - acc: 0.9431
01:12:09 Valid 5/5 - loss: 0.2017 - acc: 0.9405
Epoch 395/620
01:12:21 Train 48/48 - loss: 0.2494 - acc: 0.9434
Epoch 396/620
01:12:32 Train 48/48 - loss: 0.2527 - acc: 0.9438
01:12:33 Valid 5/5 - loss: 0.1730 - acc: 0.9497
Epoch 397/620
01:12:45 Train 48/48 - loss: 0.2515 - acc: 0.9426
Epoch 398/620
01:12:56 Train 48/48 - loss: 0.2467 - acc: 0.9442
01:12:57 Valid 5/5 - loss: 0.1899 - acc: 0.9447
Epoch 399/620
01:13:09 Train 48/48 - loss: 0.2446 - acc: 0.9450
Epoch 400/620
01:13:20 Train 48/48 - loss: 0.2428 - acc: 0.9443
01:13:21 Valid 5/5 - loss: 0.1954 - acc: 0.9407
Epoch 401/620
01:13:32 Train 48/48 - loss: 0.2379 - acc: 0.9463
Epoch 402/620
01:13:44 Train 48/48 - loss: 0.2485 - acc: 0.9446
01:13:44 Valid 5/5 - loss: 0.1709 - acc: 0.9498
Epoch 403/620
01:13:56 Train 48/48 - loss: 0.2493 - acc: 0.9438
Epoch 404/620
01:14:07 Train 48/48 - loss: 0.2359 - acc: 0.9477
01:14:08 Valid 5/5 - loss: 0.2103 - acc: 0.9400
Epoch 405/620
01:14:19 Train 48/48 - loss: 0.2411 - acc: 0.9457
Epoch 406/620
01:14:30 Train 48/48 - loss: 0.2409 - acc: 0.9454
01:14:31 Valid 5/5 - loss: 0.1658 - acc: 0.9520
Epoch 407/620
01:14:42 Train 48/48 - loss: 0.2417 - acc: 0.9451
Epoch 408/620
01:14:53 Train 48/48 - loss: 0.2322 - acc: 0.9481
01:14:54 Valid 5/5 - loss: 0.1749 - acc: 0.9480
Epoch 409/620
01:15:05 Train 48/48 - loss: 0.2426 - acc: 0.9444
Epoch 410/620
01:15:17 Train 48/48 - loss: 0.2370 - acc: 0.9462
01:15:18 Valid 5/5 - loss: 0.1812 - acc: 0.9492
Epoch 411/620
01:15:29 Train 48/48 - loss: 0.2336 - acc: 0.9475
Epoch 412/620
01:15:40 Train 48/48 - loss: 0.2329 - acc: 0.9484
01:15:41 Valid 5/5 - loss: 0.2122 - acc: 0.9410
Epoch 413/620
01:15:52 Train 48/48 - loss: 0.2298 - acc: 0.9491
Epoch 414/620
01:16:03 Train 48/48 - loss: 0.2298 - acc: 0.9491
01:16:04 Valid 5/5 - loss: 0.1926 - acc: 0.9455
Epoch 415/620
01:16:15 Train 48/48 - loss: 0.2291 - acc: 0.9491
Epoch 416/620
01:16:27 Train 48/48 - loss: 0.2308 - acc: 0.9484
01:16:28 Valid 5/5 - loss: 0.2113 - acc: 0.9420
Epoch 417/620
01:16:39 Train 48/48 - loss: 0.2329 - acc: 0.9465
Epoch 418/620
01:16:50 Train 48/48 - loss: 0.2327 - acc: 0.9478
01:16:51 Valid 5/5 - loss: 0.1769 - acc: 0.9478
Epoch 419/620
01:17:02 Train 48/48 - loss: 0.2262 - acc: 0.9496
Epoch 420/620
01:17:13 Train 48/48 - loss: 0.2254 - acc: 0.9490
01:17:14 Valid 5/5 - loss: 0.1835 - acc: 0.9474
Epoch 421/620
01:17:25 Train 48/48 - loss: 0.2225 - acc: 0.9502
Epoch 422/620
01:17:36 Train 48/48 - loss: 0.2192 - acc: 0.9504
01:17:37 Valid 5/5 - loss: 0.1520 - acc: 0.9551
Epoch 423/620
01:17:48 Train 48/48 - loss: 0.2216 - acc: 0.9499
Epoch 424/620
01:17:59 Train 48/48 - loss: 0.2222 - acc: 0.9503
01:18:00 Valid 5/5 - loss: 0.1524 - acc: 0.9530
Epoch 425/620
01:18:11 Train 48/48 - loss: 0.2228 - acc: 0.9510
Epoch 426/620
01:18:23 Train 48/48 - loss: 0.2224 - acc: 0.9508
01:18:24 Valid 5/5 - loss: 0.1851 - acc: 0.9479
Epoch 427/620
01:18:35 Train 48/48 - loss: 0.2205 - acc: 0.9508
Epoch 428/620
01:18:46 Train 48/48 - loss: 0.2188 - acc: 0.9508
01:18:47 Valid 5/5 - loss: 0.1662 - acc: 0.9493
Epoch 429/620
01:18:58 Train 48/48 - loss: 0.2174 - acc: 0.9515
Epoch 430/620
01:19:09 Train 48/48 - loss: 0.2160 - acc: 0.9514
01:19:10 Valid 5/5 - loss: 0.1534 - acc: 0.9537
Epoch 431/620
01:19:21 Train 48/48 - loss: 0.2094 - acc: 0.9531
Epoch 432/620
01:19:32 Train 48/48 - loss: 0.2149 - acc: 0.9528
01:19:33 Valid 5/5 - loss: 0.1739 - acc: 0.9496
Epoch 433/620
01:19:45 Train 48/48 - loss: 0.2059 - acc: 0.9557
Epoch 434/620
01:19:56 Train 48/48 - loss: 0.2096 - acc: 0.9521
01:19:57 Valid 5/5 - loss: 0.1755 - acc: 0.9512
Epoch 435/620
01:20:09 Train 48/48 - loss: 0.2155 - acc: 0.9518
Epoch 436/620
01:20:20 Train 48/48 - loss: 0.2174 - acc: 0.9515
01:20:21 Valid 5/5 - loss: 0.1894 - acc: 0.9492
Epoch 437/620
01:20:32 Train 48/48 - loss: 0.2102 - acc: 0.9526
Epoch 438/620
01:20:44 Train 48/48 - loss: 0.2072 - acc: 0.9546
01:20:45 Valid 5/5 - loss: 0.1489 - acc: 0.9581
Epoch 439/620
01:20:56 Train 48/48 - loss: 0.2066 - acc: 0.9532
Epoch 440/620
01:21:08 Train 48/48 - loss: 0.2034 - acc: 0.9552
01:21:08 Valid 5/5 - loss: 0.1757 - acc: 0.9511
Epoch 441/620
01:21:20 Train 48/48 - loss: 0.1971 - acc: 0.9564
Epoch 442/620
01:21:31 Train 48/48 - loss: 0.2079 - acc: 0.9542
01:21:32 Valid 5/5 - loss: 0.2089 - acc: 0.9434
Epoch 443/620
01:21:44 Train 48/48 - loss: 0.2023 - acc: 0.9547
Epoch 444/620
01:21:55 Train 48/48 - loss: 0.2041 - acc: 0.9553
01:21:56 Valid 5/5 - loss: 0.1642 - acc: 0.9522
Epoch 445/620
01:22:08 Train 48/48 - loss: 0.2033 - acc: 0.9550
Epoch 446/620
01:22:19 Train 48/48 - loss: 0.1990 - acc: 0.9559
01:22:20 Valid 5/5 - loss: 0.1617 - acc: 0.9540
Epoch 447/620
01:22:31 Train 48/48 - loss: 0.1907 - acc: 0.9584
Epoch 448/620
01:22:42 Train 48/48 - loss: 0.2023 - acc: 0.9546
01:22:43 Valid 5/5 - loss: 0.1672 - acc: 0.9524
Epoch 449/620
01:22:54 Train 48/48 - loss: 0.1930 - acc: 0.9580
Epoch 450/620
01:23:05 Train 48/48 - loss: 0.1880 - acc: 0.9588
01:23:06 Valid 5/5 - loss: 0.1911 - acc: 0.9482
Epoch 451/620
01:23:17 Train 48/48 - loss: 0.1952 - acc: 0.9565
Epoch 452/620
01:23:28 Train 48/48 - loss: 0.1927 - acc: 0.9572
01:23:29 Valid 5/5 - loss: 0.1631 - acc: 0.9523
Epoch 453/620
01:23:40 Train 48/48 - loss: 0.1930 - acc: 0.9578
Epoch 454/620
01:23:52 Train 48/48 - loss: 0.1941 - acc: 0.9574
01:23:53 Valid 5/5 - loss: 0.1442 - acc: 0.9569
Epoch 455/620
01:24:04 Train 48/48 - loss: 0.1871 - acc: 0.9593
Epoch 456/620
01:24:15 Train 48/48 - loss: 0.1917 - acc: 0.9580
01:24:16 Valid 5/5 - loss: 0.1614 - acc: 0.9557
Epoch 457/620
01:24:27 Train 48/48 - loss: 0.1837 - acc: 0.9597
Epoch 458/620
01:24:39 Train 48/48 - loss: 0.1827 - acc: 0.9602
01:24:40 Valid 5/5 - loss: 0.1980 - acc: 0.9435
Epoch 459/620
01:24:51 Train 48/48 - loss: 0.1852 - acc: 0.9593
Epoch 460/620
01:25:02 Train 48/48 - loss: 0.1852 - acc: 0.9593
01:25:03 Valid 5/5 - loss: 0.1833 - acc: 0.9521
Epoch 461/620
01:25:14 Train 48/48 - loss: 0.1864 - acc: 0.9594
Epoch 462/620
01:25:25 Train 48/48 - loss: 0.1817 - acc: 0.9604
01:25:26 Valid 5/5 - loss: 0.1568 - acc: 0.9522
Epoch 463/620
01:25:38 Train 48/48 - loss: 0.1792 - acc: 0.9609
Epoch 464/620
01:25:49 Train 48/48 - loss: 0.1818 - acc: 0.9606
01:25:50 Valid 5/5 - loss: 0.1435 - acc: 0.9594
Epoch 465/620
01:26:01 Train 48/48 - loss: 0.1833 - acc: 0.9600
Epoch 466/620
01:26:12 Train 48/48 - loss: 0.1761 - acc: 0.9614
01:26:13 Valid 5/5 - loss: 0.1656 - acc: 0.9531
Epoch 467/620
01:26:25 Train 48/48 - loss: 0.1813 - acc: 0.9597
Epoch 468/620
01:26:36 Train 48/48 - loss: 0.1758 - acc: 0.9622
01:26:37 Valid 5/5 - loss: 0.1447 - acc: 0.9587
Epoch 469/620
01:26:48 Train 48/48 - loss: 0.1750 - acc: 0.9608
Epoch 470/620
01:26:59 Train 48/48 - loss: 0.1735 - acc: 0.9616
01:27:00 Valid 5/5 - loss: 0.1698 - acc: 0.9548
Epoch 471/620
01:27:12 Train 48/48 - loss: 0.1728 - acc: 0.9615
Epoch 472/620
01:27:23 Train 48/48 - loss: 0.1669 - acc: 0.9644
01:27:24 Valid 5/5 - loss: 0.1556 - acc: 0.9562
Epoch 473/620
01:27:35 Train 48/48 - loss: 0.1639 - acc: 0.9650
Epoch 474/620
01:27:47 Train 48/48 - loss: 0.1699 - acc: 0.9627
01:27:48 Valid 5/5 - loss: 0.1410 - acc: 0.9596
Epoch 475/620
01:27:59 Train 48/48 - loss: 0.1685 - acc: 0.9627
Epoch 476/620
01:28:10 Train 48/48 - loss: 0.1635 - acc: 0.9649
01:28:11 Valid 5/5 - loss: 0.1609 - acc: 0.9555
Epoch 477/620
01:28:23 Train 48/48 - loss: 0.1631 - acc: 0.9651
Epoch 478/620
01:28:34 Train 48/48 - loss: 0.1647 - acc: 0.9647
01:28:35 Valid 5/5 - loss: 0.1464 - acc: 0.9601
Epoch 479/620
01:28:47 Train 48/48 - loss: 0.1674 - acc: 0.9644
Epoch 480/620
01:28:58 Train 48/48 - loss: 0.1596 - acc: 0.9667
01:28:59 Valid 5/5 - loss: 0.1422 - acc: 0.9613
Epoch 481/620
01:29:10 Train 48/48 - loss: 0.1659 - acc: 0.9648
Epoch 482/620
01:29:22 Train 48/48 - loss: 0.1630 - acc: 0.9657
01:29:23 Valid 5/5 - loss: 0.1411 - acc: 0.9606
Epoch 483/620
01:29:34 Train 48/48 - loss: 0.1583 - acc: 0.9660
Epoch 484/620
01:29:46 Train 48/48 - loss: 0.1552 - acc: 0.9675
01:29:47 Valid 5/5 - loss: 0.1401 - acc: 0.9615
Epoch 485/620
01:29:58 Train 48/48 - loss: 0.1554 - acc: 0.9658
Epoch 486/620
01:30:09 Train 48/48 - loss: 0.1560 - acc: 0.9659
01:30:10 Valid 5/5 - loss: 0.1373 - acc: 0.9613
Epoch 487/620
01:30:21 Train 48/48 - loss: 0.1584 - acc: 0.9657
Epoch 488/620
01:30:33 Train 48/48 - loss: 0.1508 - acc: 0.9681
01:30:34 Valid 5/5 - loss: 0.1633 - acc: 0.9571
Epoch 489/620
01:30:45 Train 48/48 - loss: 0.1486 - acc: 0.9677
Epoch 490/620
01:30:56 Train 48/48 - loss: 0.1475 - acc: 0.9689
01:30:57 Valid 5/5 - loss: 0.1353 - acc: 0.9628
Epoch 491/620
01:31:08 Train 48/48 - loss: 0.1477 - acc: 0.9687
Epoch 492/620
01:31:19 Train 48/48 - loss: 0.1515 - acc: 0.9675
01:31:20 Valid 5/5 - loss: 0.1444 - acc: 0.9594
Epoch 493/620
01:31:32 Train 48/48 - loss: 0.1455 - acc: 0.9693
Epoch 494/620
01:31:43 Train 48/48 - loss: 0.1461 - acc: 0.9694
01:31:44 Valid 5/5 - loss: 0.1393 - acc: 0.9623
Epoch 495/620
01:31:56 Train 48/48 - loss: 0.1405 - acc: 0.9711
Epoch 496/620
01:32:07 Train 48/48 - loss: 0.1437 - acc: 0.9700
01:32:08 Valid 5/5 - loss: 0.1544 - acc: 0.9603
Epoch 497/620
01:32:19 Train 48/48 - loss: 0.1412 - acc: 0.9696
Epoch 498/620
01:32:30 Train 48/48 - loss: 0.1426 - acc: 0.9694
01:32:31 Valid 5/5 - loss: 0.1331 - acc: 0.9636
Epoch 499/620
01:32:43 Train 48/48 - loss: 0.1402 - acc: 0.9704
Epoch 500/620
01:32:54 Train 48/48 - loss: 0.1384 - acc: 0.9707
01:32:55 Valid 5/5 - loss: 0.1291 - acc: 0.9651
Epoch 501/620
01:33:06 Train 48/48 - loss: 0.1416 - acc: 0.9702
Epoch 502/620
01:33:17 Train 48/48 - loss: 0.1318 - acc: 0.9726
01:33:18 Valid 5/5 - loss: 0.1342 - acc: 0.9605
Epoch 503/620
01:33:29 Train 48/48 - loss: 0.1379 - acc: 0.9703
Epoch 504/620
01:33:40 Train 48/48 - loss: 0.1305 - acc: 0.9722
01:33:41 Valid 5/5 - loss: 0.1353 - acc: 0.9634
Epoch 505/620
01:33:52 Train 48/48 - loss: 0.1377 - acc: 0.9701
Epoch 506/620
01:34:03 Train 48/48 - loss: 0.1335 - acc: 0.9723
01:34:04 Valid 5/5 - loss: 0.1362 - acc: 0.9620
Epoch 507/620
01:34:15 Train 48/48 - loss: 0.1312 - acc: 0.9728
Epoch 508/620
01:34:26 Train 48/48 - loss: 0.1316 - acc: 0.9718
01:34:27 Valid 5/5 - loss: 0.1329 - acc: 0.9634
Epoch 509/620
01:34:38 Train 48/48 - loss: 0.1316 - acc: 0.9721
Epoch 510/620
01:34:49 Train 48/48 - loss: 0.1262 - acc: 0.9735
01:34:50 Valid 5/5 - loss: 0.1530 - acc: 0.9619
Epoch 511/620
01:35:01 Train 48/48 - loss: 0.1336 - acc: 0.9716
Epoch 512/620
01:35:12 Train 48/48 - loss: 0.1292 - acc: 0.9730
01:35:13 Valid 5/5 - loss: 0.1263 - acc: 0.9671
Epoch 513/620
01:35:24 Train 48/48 - loss: 0.1299 - acc: 0.9725
Epoch 514/620
01:35:36 Train 48/48 - loss: 0.1239 - acc: 0.9745
01:35:37 Valid 5/5 - loss: 0.1333 - acc: 0.9653
Epoch 515/620
01:35:48 Train 48/48 - loss: 0.1227 - acc: 0.9746
Epoch 516/620
01:35:59 Train 48/48 - loss: 0.1224 - acc: 0.9749
01:36:00 Valid 5/5 - loss: 0.1335 - acc: 0.9632
Epoch 517/620
01:36:11 Train 48/48 - loss: 0.1204 - acc: 0.9755
Epoch 518/620
01:36:23 Train 48/48 - loss: 0.1195 - acc: 0.9763
01:36:24 Valid 5/5 - loss: 0.1371 - acc: 0.9643
Epoch 519/620
01:36:35 Train 48/48 - loss: 0.1193 - acc: 0.9753
Epoch 520/620
01:36:47 Train 48/48 - loss: 0.1198 - acc: 0.9757
01:36:47 Valid 5/5 - loss: 0.1255 - acc: 0.9663
Epoch 521/620
01:36:59 Train 48/48 - loss: 0.1195 - acc: 0.9750
Epoch 522/620
01:37:10 Train 48/48 - loss: 0.1186 - acc: 0.9761
01:37:11 Valid 5/5 - loss: 0.1332 - acc: 0.9657
Epoch 523/620
01:37:22 Train 48/48 - loss: 0.1157 - acc: 0.9767
Epoch 524/620
01:37:33 Train 48/48 - loss: 0.1117 - acc: 0.9773
01:37:34 Valid 5/5 - loss: 0.1158 - acc: 0.9694
Epoch 525/620
01:37:45 Train 48/48 - loss: 0.1149 - acc: 0.9764
Epoch 526/620
01:37:56 Train 48/48 - loss: 0.1175 - acc: 0.9753
01:37:57 Valid 5/5 - loss: 0.1215 - acc: 0.9670
Epoch 527/620
01:38:08 Train 48/48 - loss: 0.1122 - acc: 0.9774
Epoch 528/620
01:38:19 Train 48/48 - loss: 0.1108 - acc: 0.9781
01:38:20 Valid 5/5 - loss: 0.1243 - acc: 0.9670
Epoch 529/620
01:38:31 Train 48/48 - loss: 0.1143 - acc: 0.9763
Epoch 530/620
01:38:42 Train 48/48 - loss: 0.1093 - acc: 0.9770
01:38:43 Valid 5/5 - loss: 0.1364 - acc: 0.9646
Epoch 531/620
01:38:54 Train 48/48 - loss: 0.1103 - acc: 0.9779
Epoch 532/620
01:39:05 Train 48/48 - loss: 0.1074 - acc: 0.9780
01:39:06 Valid 5/5 - loss: 0.1263 - acc: 0.9670
Epoch 533/620
01:39:17 Train 48/48 - loss: 0.1061 - acc: 0.9783
Epoch 534/620
01:39:28 Train 48/48 - loss: 0.1095 - acc: 0.9780
01:39:29 Valid 5/5 - loss: 0.1261 - acc: 0.9667
Epoch 535/620
01:39:40 Train 48/48 - loss: 0.1061 - acc: 0.9784
Epoch 536/620
01:39:52 Train 48/48 - loss: 0.1081 - acc: 0.9773
01:39:53 Valid 5/5 - loss: 0.1205 - acc: 0.9691
Epoch 537/620
01:40:04 Train 48/48 - loss: 0.1082 - acc: 0.9781
Epoch 538/620
01:40:15 Train 48/48 - loss: 0.1029 - acc: 0.9799
01:40:16 Valid 5/5 - loss: 0.1247 - acc: 0.9686
Epoch 539/620
01:40:27 Train 48/48 - loss: 0.1052 - acc: 0.9784
Epoch 540/620
01:40:39 Train 48/48 - loss: 0.1008 - acc: 0.9794
01:40:40 Valid 5/5 - loss: 0.1232 - acc: 0.9670
Epoch 541/620
01:40:51 Train 48/48 - loss: 0.1021 - acc: 0.9800
Epoch 542/620
01:41:02 Train 48/48 - loss: 0.0996 - acc: 0.9805
01:41:03 Valid 5/5 - loss: 0.1246 - acc: 0.9674
Epoch 543/620
01:41:15 Train 48/48 - loss: 0.0990 - acc: 0.9811
Epoch 544/620
01:41:26 Train 48/48 - loss: 0.1012 - acc: 0.9798
01:41:27 Valid 5/5 - loss: 0.1347 - acc: 0.9649
Epoch 545/620
01:41:38 Train 48/48 - loss: 0.0981 - acc: 0.9806
Epoch 546/620
01:41:50 Train 48/48 - loss: 0.0979 - acc: 0.9808
01:41:51 Valid 5/5 - loss: 0.1242 - acc: 0.9675
Epoch 547/620
01:42:02 Train 48/48 - loss: 0.0917 - acc: 0.9823
Epoch 548/620
01:42:14 Train 48/48 - loss: 0.0944 - acc: 0.9814
01:42:15 Valid 5/5 - loss: 0.1211 - acc: 0.9688
Epoch 549/620
01:42:26 Train 48/48 - loss: 0.0935 - acc: 0.9815
Epoch 550/620
01:42:38 Train 48/48 - loss: 0.0945 - acc: 0.9812
01:42:39 Valid 5/5 - loss: 0.1194 - acc: 0.9695
Epoch 551/620
01:42:50 Train 48/48 - loss: 0.0937 - acc: 0.9817
Epoch 552/620
01:43:02 Train 48/48 - loss: 0.0913 - acc: 0.9827
01:43:03 Valid 5/5 - loss: 0.1226 - acc: 0.9691
Epoch 553/620
01:43:14 Train 48/48 - loss: 0.0886 - acc: 0.9830
Epoch 554/620
01:43:26 Train 48/48 - loss: 0.0879 - acc: 0.9829
01:43:27 Valid 5/5 - loss: 0.1162 - acc: 0.9681
Epoch 555/620
01:43:38 Train 48/48 - loss: 0.0899 - acc: 0.9819
Epoch 556/620
01:43:49 Train 48/48 - loss: 0.0878 - acc: 0.9831
01:43:50 Valid 5/5 - loss: 0.1240 - acc: 0.9680
Epoch 557/620
01:44:02 Train 48/48 - loss: 0.0906 - acc: 0.9820
Epoch 558/620
01:44:13 Train 48/48 - loss: 0.0865 - acc: 0.9831
01:44:14 Valid 5/5 - loss: 0.1142 - acc: 0.9702
Epoch 559/620
01:44:25 Train 48/48 - loss: 0.0851 - acc: 0.9842
Epoch 560/620
01:44:36 Train 48/48 - loss: 0.0875 - acc: 0.9831
01:44:37 Valid 5/5 - loss: 0.1199 - acc: 0.9705
Epoch 561/620
01:44:48 Train 48/48 - loss: 0.0833 - acc: 0.9835
Epoch 562/620
01:44:59 Train 48/48 - loss: 0.0850 - acc: 0.9833
01:45:00 Valid 5/5 - loss: 0.1194 - acc: 0.9693
Epoch 563/620
01:45:11 Train 48/48 - loss: 0.0842 - acc: 0.9840
Epoch 564/620
01:45:23 Train 48/48 - loss: 0.0831 - acc: 0.9846
01:45:23 Valid 5/5 - loss: 0.1204 - acc: 0.9708
Epoch 565/620
01:45:35 Train 48/48 - loss: 0.0865 - acc: 0.9831
Epoch 566/620
01:45:46 Train 48/48 - loss: 0.0836 - acc: 0.9844
01:45:47 Valid 5/5 - loss: 0.1211 - acc: 0.9701
Epoch 567/620
01:45:58 Train 48/48 - loss: 0.0855 - acc: 0.9834
Epoch 568/620
01:46:09 Train 48/48 - loss: 0.0783 - acc: 0.9852
01:46:10 Valid 5/5 - loss: 0.1161 - acc: 0.9707
Epoch 569/620
01:46:21 Train 48/48 - loss: 0.0830 - acc: 0.9843
Epoch 570/620
01:46:32 Train 48/48 - loss: 0.0794 - acc: 0.9847
01:46:33 Valid 5/5 - loss: 0.1154 - acc: 0.9707
Epoch 571/620
01:46:44 Train 48/48 - loss: 0.0789 - acc: 0.9851
Epoch 572/620
01:46:55 Train 48/48 - loss: 0.0850 - acc: 0.9839
01:46:56 Valid 5/5 - loss: 0.1136 - acc: 0.9716
Epoch 573/620
01:47:07 Train 48/48 - loss: 0.0826 - acc: 0.9835
Epoch 574/620
01:47:18 Train 48/48 - loss: 0.0806 - acc: 0.9845
01:47:19 Valid 5/5 - loss: 0.1174 - acc: 0.9715
Epoch 575/620
01:47:30 Train 48/48 - loss: 0.0785 - acc: 0.9851
Epoch 576/620
01:47:41 Train 48/48 - loss: 0.0792 - acc: 0.9856
01:47:42 Valid 5/5 - loss: 0.1156 - acc: 0.9714
Epoch 577/620
01:47:53 Train 48/48 - loss: 0.0793 - acc: 0.9848
Epoch 578/620
01:48:04 Train 48/48 - loss: 0.0774 - acc: 0.9857
01:48:05 Valid 5/5 - loss: 0.1153 - acc: 0.9716
Epoch 579/620
01:48:16 Train 48/48 - loss: 0.0756 - acc: 0.9859
Epoch 580/620
01:48:27 Train 48/48 - loss: 0.0780 - acc: 0.9849
01:48:28 Valid 5/5 - loss: 0.1118 - acc: 0.9725
Epoch 581/620
01:48:39 Train 48/48 - loss: 0.0791 - acc: 0.9856
Epoch 582/620
01:48:51 Train 48/48 - loss: 0.0791 - acc: 0.9851
01:48:52 Valid 5/5 - loss: 0.1131 - acc: 0.9710
Epoch 583/620
01:49:03 Train 48/48 - loss: 0.0746 - acc: 0.9861
Epoch 584/620
01:49:14 Train 48/48 - loss: 0.0790 - acc: 0.9854
01:49:15 Valid 5/5 - loss: 0.1120 - acc: 0.9733
Epoch 585/620
01:49:26 Train 48/48 - loss: 0.0757 - acc: 0.9859
Epoch 586/620
01:49:37 Train 48/48 - loss: 0.0726 - acc: 0.9870
01:49:38 Valid 5/5 - loss: 0.1134 - acc: 0.9728
Epoch 587/620
01:49:50 Train 48/48 - loss: 0.0731 - acc: 0.9863
Epoch 588/620
01:50:01 Train 48/48 - loss: 0.0760 - acc: 0.9854
01:50:02 Valid 5/5 - loss: 0.1155 - acc: 0.9724
Epoch 589/620
01:50:13 Train 48/48 - loss: 0.0743 - acc: 0.9863
Epoch 590/620
01:50:24 Train 48/48 - loss: 0.0745 - acc: 0.9858
01:50:25 Valid 5/5 - loss: 0.1150 - acc: 0.9726
Epoch 591/620
01:50:37 Train 48/48 - loss: 0.0766 - acc: 0.9856
Epoch 592/620
01:50:48 Train 48/48 - loss: 0.0757 - acc: 0.9858
01:50:49 Valid 5/5 - loss: 0.1149 - acc: 0.9722
Epoch 593/620
01:51:00 Train 48/48 - loss: 0.0742 - acc: 0.9859
Epoch 594/620
01:51:12 Train 48/48 - loss: 0.0752 - acc: 0.9853
01:51:13 Valid 5/5 - loss: 0.1145 - acc: 0.9720
Epoch 595/620
01:51:24 Train 48/48 - loss: 0.0745 - acc: 0.9866
Epoch 596/620
01:51:35 Train 48/48 - loss: 0.0727 - acc: 0.9862
01:51:36 Valid 5/5 - loss: 0.1137 - acc: 0.9717
Epoch 597/620
01:51:47 Train 48/48 - loss: 0.0718 - acc: 0.9867
Epoch 598/620
01:51:58 Train 48/48 - loss: 0.0756 - acc: 0.9859
01:51:59 Valid 5/5 - loss: 0.1133 - acc: 0.9729
Epoch 599/620
01:52:11 Train 48/48 - loss: 0.0757 - acc: 0.9861
Epoch 600/620
01:52:22 Train 48/48 - loss: 0.0742 - acc: 0.9862
01:52:23 Valid 5/5 - loss: 0.1124 - acc: 0.9727
Epoch 601/620
01:52:34 Train 48/48 - loss: 0.0704 - acc: 0.9871
Epoch 602/620
01:52:45 Train 48/48 - loss: 0.0754 - acc: 0.9857
01:52:46 Valid 5/5 - loss: 0.1138 - acc: 0.9726
Epoch 603/620
01:52:57 Train 48/48 - loss: 0.0748 - acc: 0.9866
Epoch 604/620
01:53:08 Train 48/48 - loss: 0.0735 - acc: 0.9868
01:53:09 Valid 5/5 - loss: 0.1127 - acc: 0.9724
Epoch 605/620
01:53:20 Train 48/48 - loss: 0.0753 - acc: 0.9856
Epoch 606/620
01:53:31 Train 48/48 - loss: 0.0748 - acc: 0.9866
01:53:32 Valid 5/5 - loss: 0.1123 - acc: 0.9726
Epoch 607/620
01:53:43 Train 48/48 - loss: 0.0747 - acc: 0.9860
Epoch 608/620
01:53:54 Train 48/48 - loss: 0.0774 - acc: 0.9852
01:53:55 Valid 5/5 - loss: 0.1121 - acc: 0.9723
Epoch 609/620
01:54:06 Train 48/48 - loss: 0.0752 - acc: 0.9859
Epoch 610/620
01:54:18 Train 48/48 - loss: 0.0734 - acc: 0.9864
01:54:19 Valid 5/5 - loss: 0.1138 - acc: 0.9721
Epoch 611/620
01:54:30 Train 48/48 - loss: 0.0739 - acc: 0.9864
Epoch 612/620
01:54:41 Train 48/48 - loss: 0.0743 - acc: 0.9863
01:54:42 Valid 5/5 - loss: 0.1133 - acc: 0.9720
Epoch 613/620
01:54:54 Train 48/48 - loss: 0.0739 - acc: 0.9866
Epoch 614/620
01:55:05 Train 48/48 - loss: 0.0738 - acc: 0.9871
01:55:06 Valid 5/5 - loss: 0.1132 - acc: 0.9721
Epoch 615/620
01:55:17 Train 48/48 - loss: 0.0750 - acc: 0.9866
Epoch 616/620
01:55:29 Train 48/48 - loss: 0.0747 - acc: 0.9857
01:55:30 Valid 5/5 - loss: 0.1128 - acc: 0.9724
Epoch 617/620
01:55:41 Train 48/48 - loss: 0.0770 - acc: 0.9863
Epoch 618/620
01:55:52 Train 48/48 - loss: 0.0782 - acc: 0.9854
01:55:53 Valid 5/5 - loss: 0.1118 - acc: 0.9721
Epoch 619/620
01:56:04 Train 48/48 - loss: 0.0773 - acc: 0.9859
Epoch 620/620
01:56:16 Train 48/48 - loss: 0.0759 - acc: 0.9867
01:56:17 Valid 5/5 - loss: 0.1127 - acc: 0.9719