Epoch 1/620
23:55:44 Train 48/48 - loss: 3.2053 - acc: 0.1350
Epoch 2/620
23:55:56 Train 48/48 - loss: 2.6675 - acc: 0.2834
WARNING:tensorflow:From /usr/local/lib/python3.6/dist-packages/tensorflow/python/data/ops/multi_device_iterator_ops.py:601: get_next_as_optional (from tensorflow.python.data.ops.iterator_ops) is deprecated and will be removed in a future version.
Instructions for updating:
Use `tf.data.Iterator.get_next_as_optional()` instead.
WARNING:tensorflow:From /usr/local/lib/python3.6/dist-packages/tensorflow/python/data/ops/multi_device_iterator_ops.py:601: get_next_as_optional (from tensorflow.python.data.ops.iterator_ops) is deprecated and will be removed in a future version.
Instructions for updating:
Use `tf.data.Iterator.get_next_as_optional()` instead.
23:56:59 Valid 5/5 - loss: 2.2338 - acc: 0.3143
Epoch 3/620
23:57:10 Train 48/48 - loss: 2.3314 - acc: 0.3818
Epoch 4/620
23:57:21 Train 48/48 - loss: 2.1312 - acc: 0.4406
23:57:22 Valid 5/5 - loss: 1.4244 - acc: 0.4892
Epoch 5/620
23:57:33 Train 48/48 - loss: 1.9731 - acc: 0.4864
Epoch 6/620
23:57:44 Train 48/48 - loss: 1.8394 - acc: 0.5225
23:57:45 Valid 5/5 - loss: 1.4364 - acc: 0.5005
Epoch 7/620
23:57:56 Train 48/48 - loss: 1.7029 - acc: 0.5643
Epoch 8/620
23:58:07 Train 48/48 - loss: 1.5433 - acc: 0.6082
23:58:08 Valid 5/5 - loss: 1.0393 - acc: 0.6347
Epoch 9/620
23:58:19 Train 48/48 - loss: 1.4402 - acc: 0.6345
Epoch 10/620
23:58:31 Train 48/48 - loss: 1.3672 - acc: 0.6543
23:58:32 Valid 5/5 - loss: 0.9556 - acc: 0.6676
Epoch 11/620
23:58:42 Train 48/48 - loss: 1.2794 - acc: 0.6797
Epoch 12/620
23:58:54 Train 48/48 - loss: 1.2031 - acc: 0.6984
23:58:54 Valid 5/5 - loss: 1.4125 - acc: 0.5694
Epoch 13/620
23:59:06 Train 48/48 - loss: 1.1174 - acc: 0.7195
Epoch 14/620
23:59:17 Train 48/48 - loss: 1.0620 - acc: 0.7343
23:59:18 Valid 5/5 - loss: 0.9169 - acc: 0.6933
Epoch 15/620
23:59:29 Train 48/48 - loss: 1.0226 - acc: 0.7464
Epoch 16/620
23:59:40 Train 48/48 - loss: 0.9490 - acc: 0.7645
23:59:41 Valid 5/5 - loss: 1.2128 - acc: 0.6311
Epoch 17/620
23:59:52 Train 48/48 - loss: 0.8988 - acc: 0.7790
Epoch 18/620
00:00:03 Train 48/48 - loss: 0.8651 - acc: 0.7865
00:00:04 Valid 5/5 - loss: 0.6102 - acc: 0.7821
Epoch 19/620
00:00:15 Train 48/48 - loss: 0.8243 - acc: 0.7985
Epoch 20/620
00:00:26 Train 48/48 - loss: 0.8007 - acc: 0.8038
00:00:27 Valid 5/5 - loss: 0.5916 - acc: 0.8016
Epoch 21/620
00:00:38 Train 48/48 - loss: 0.7739 - acc: 0.8085
Epoch 22/620
00:00:50 Train 48/48 - loss: 0.7454 - acc: 0.8161
00:00:51 Valid 5/5 - loss: 0.5312 - acc: 0.8200
Epoch 23/620
00:01:02 Train 48/48 - loss: 0.7059 - acc: 0.8278
Epoch 24/620
00:01:13 Train 48/48 - loss: 0.7128 - acc: 0.8253
00:01:14 Valid 5/5 - loss: 0.5534 - acc: 0.8258
Epoch 25/620
00:01:25 Train 48/48 - loss: 0.6947 - acc: 0.8279
Epoch 26/620
00:01:36 Train 48/48 - loss: 0.6665 - acc: 0.8363
00:01:37 Valid 5/5 - loss: 0.9336 - acc: 0.7082
Epoch 27/620
00:01:48 Train 48/48 - loss: 0.6678 - acc: 0.8365
Epoch 28/620
00:02:00 Train 48/48 - loss: 0.6325 - acc: 0.8456
00:02:01 Valid 5/5 - loss: 0.4783 - acc: 0.8368
Epoch 29/620
00:02:12 Train 48/48 - loss: 0.6325 - acc: 0.8456
Epoch 30/620
00:02:23 Train 48/48 - loss: 0.6222 - acc: 0.8478
00:02:24 Valid 5/5 - loss: 0.6506 - acc: 0.7836
Epoch 31/620
00:02:36 Train 48/48 - loss: 0.6063 - acc: 0.8515
Epoch 32/620
00:02:47 Train 48/48 - loss: 0.6175 - acc: 0.8471
00:02:48 Valid 5/5 - loss: 0.4166 - acc: 0.8558
Epoch 33/620
00:02:59 Train 48/48 - loss: 0.6126 - acc: 0.8503
Epoch 34/620
00:03:11 Train 48/48 - loss: 0.5837 - acc: 0.8583
00:03:12 Valid 5/5 - loss: 0.5256 - acc: 0.8284
Epoch 35/620
00:03:23 Train 48/48 - loss: 0.5830 - acc: 0.8580
Epoch 36/620
00:03:34 Train 48/48 - loss: 0.5810 - acc: 0.8587
00:03:35 Valid 5/5 - loss: 0.6212 - acc: 0.8000
Epoch 37/620
00:03:46 Train 48/48 - loss: 0.5635 - acc: 0.8639
Epoch 38/620
00:03:58 Train 48/48 - loss: 0.5706 - acc: 0.8610
00:03:58 Valid 5/5 - loss: 0.5686 - acc: 0.8221
Epoch 39/620
00:04:10 Train 48/48 - loss: 0.5471 - acc: 0.8674
Epoch 40/620
00:04:21 Train 48/48 - loss: 0.5356 - acc: 0.8710
00:04:22 Valid 5/5 - loss: 1.2975 - acc: 0.6723
Epoch 41/620
00:04:33 Train 48/48 - loss: 0.5553 - acc: 0.8646
Epoch 42/620
00:04:45 Train 48/48 - loss: 0.5368 - acc: 0.8710
00:04:46 Valid 5/5 - loss: 0.4718 - acc: 0.8456
Epoch 43/620
00:04:57 Train 48/48 - loss: 0.5345 - acc: 0.8703
Epoch 44/620
00:05:08 Train 48/48 - loss: 0.5378 - acc: 0.8705
00:05:09 Valid 5/5 - loss: 0.4178 - acc: 0.8611
Epoch 45/620
00:05:21 Train 48/48 - loss: 0.5508 - acc: 0.8663
Epoch 46/620
00:05:32 Train 48/48 - loss: 0.5274 - acc: 0.8747
00:05:33 Valid 5/5 - loss: 0.5349 - acc: 0.8170
Epoch 47/620
00:05:44 Train 48/48 - loss: 0.5302 - acc: 0.8713
Epoch 48/620
00:05:56 Train 48/48 - loss: 0.5275 - acc: 0.8722
00:05:57 Valid 5/5 - loss: 0.5799 - acc: 0.8158
Epoch 49/620
00:06:08 Train 48/48 - loss: 0.5339 - acc: 0.8707
Epoch 50/620
00:06:20 Train 48/48 - loss: 0.5266 - acc: 0.8738
00:06:21 Valid 5/5 - loss: 0.3919 - acc: 0.8683
Epoch 51/620
00:06:32 Train 48/48 - loss: 0.5202 - acc: 0.8738
Epoch 52/620
00:06:43 Train 48/48 - loss: 0.5133 - acc: 0.8762
00:06:44 Valid 5/5 - loss: 0.5256 - acc: 0.8374
Epoch 53/620
00:06:56 Train 48/48 - loss: 0.5042 - acc: 0.8784
Epoch 54/620
00:07:07 Train 48/48 - loss: 0.5114 - acc: 0.8775
00:07:08 Valid 5/5 - loss: 0.4819 - acc: 0.8390
Epoch 55/620
00:07:19 Train 48/48 - loss: 0.5012 - acc: 0.8811
Epoch 56/620
00:07:31 Train 48/48 - loss: 0.5030 - acc: 0.8782
00:07:32 Valid 5/5 - loss: 0.5605 - acc: 0.8311
Epoch 57/620
00:07:43 Train 48/48 - loss: 0.5006 - acc: 0.8786
Epoch 58/620
00:07:54 Train 48/48 - loss: 0.4959 - acc: 0.8811
00:07:55 Valid 5/5 - loss: 0.6586 - acc: 0.7968
Epoch 59/620
00:08:07 Train 48/48 - loss: 0.4884 - acc: 0.8827
Epoch 60/620
00:08:18 Train 48/48 - loss: 0.4935 - acc: 0.8802
00:08:19 Valid 5/5 - loss: 0.4030 - acc: 0.8655
Epoch 61/620
00:08:31 Train 48/48 - loss: 0.5001 - acc: 0.8789
Epoch 62/620
00:08:42 Train 48/48 - loss: 0.4828 - acc: 0.8834
00:08:43 Valid 5/5 - loss: 0.9390 - acc: 0.7554
Epoch 63/620
00:08:55 Train 48/48 - loss: 0.4788 - acc: 0.8840
Epoch 64/620
00:09:06 Train 48/48 - loss: 0.4923 - acc: 0.8799
00:09:07 Valid 5/5 - loss: 0.4510 - acc: 0.8573
Epoch 65/620
00:09:18 Train 48/48 - loss: 0.4878 - acc: 0.8834
Epoch 66/620
00:09:30 Train 48/48 - loss: 0.4855 - acc: 0.8849
00:09:31 Valid 5/5 - loss: 0.3395 - acc: 0.8841
Epoch 67/620
00:09:42 Train 48/48 - loss: 0.4752 - acc: 0.8836
Epoch 68/620
00:09:54 Train 48/48 - loss: 0.4717 - acc: 0.8865
00:09:55 Valid 5/5 - loss: 0.3661 - acc: 0.8793
Epoch 69/620
00:10:06 Train 48/48 - loss: 0.4671 - acc: 0.8888
Epoch 70/620
00:10:18 Train 48/48 - loss: 0.4846 - acc: 0.8842
00:10:19 Valid 5/5 - loss: 0.3891 - acc: 0.8724
Epoch 71/620
00:10:30 Train 48/48 - loss: 0.4751 - acc: 0.8858
Epoch 72/620
00:10:42 Train 48/48 - loss: 0.4662 - acc: 0.8879
00:10:43 Valid 5/5 - loss: 0.4669 - acc: 0.8576
Epoch 73/620
00:10:54 Train 48/48 - loss: 0.4517 - acc: 0.8929
Epoch 74/620
00:11:06 Train 48/48 - loss: 0.4717 - acc: 0.8861
00:11:07 Valid 5/5 - loss: 0.4048 - acc: 0.8685
Epoch 75/620
00:11:18 Train 48/48 - loss: 0.4538 - acc: 0.8916
Epoch 76/620
00:11:30 Train 48/48 - loss: 0.4565 - acc: 0.8916
00:11:30 Valid 5/5 - loss: 0.4914 - acc: 0.8455
Epoch 77/620
00:11:42 Train 48/48 - loss: 0.4570 - acc: 0.8896
Epoch 78/620
00:11:53 Train 48/48 - loss: 0.4549 - acc: 0.8902
00:11:54 Valid 5/5 - loss: 0.3825 - acc: 0.8799
Epoch 79/620
00:12:06 Train 48/48 - loss: 0.4595 - acc: 0.8908
Epoch 80/620
00:12:17 Train 48/48 - loss: 0.4569 - acc: 0.8914
00:12:18 Valid 5/5 - loss: 0.7410 - acc: 0.7782
Epoch 81/620
00:12:30 Train 48/48 - loss: 0.4475 - acc: 0.8913
Epoch 82/620
00:12:41 Train 48/48 - loss: 0.4512 - acc: 0.8919
00:12:42 Valid 5/5 - loss: 0.4583 - acc: 0.8586
Epoch 83/620
00:12:53 Train 48/48 - loss: 0.4542 - acc: 0.8919
Epoch 84/620
00:13:05 Train 48/48 - loss: 0.4501 - acc: 0.8916
00:13:06 Valid 5/5 - loss: 0.6490 - acc: 0.8127
Epoch 85/620
00:13:17 Train 48/48 - loss: 0.4508 - acc: 0.8925
Epoch 86/620
00:13:29 Train 48/48 - loss: 0.4466 - acc: 0.8922
00:13:29 Valid 5/5 - loss: 0.3925 - acc: 0.8772
Epoch 87/620
00:13:41 Train 48/48 - loss: 0.4463 - acc: 0.8921
Epoch 88/620
00:13:52 Train 48/48 - loss: 0.4498 - acc: 0.8925
00:13:53 Valid 5/5 - loss: 0.4644 - acc: 0.8607
Epoch 89/620
00:14:05 Train 48/48 - loss: 0.4305 - acc: 0.8967
Epoch 90/620
00:14:16 Train 48/48 - loss: 0.4406 - acc: 0.8959
00:14:17 Valid 5/5 - loss: 0.5526 - acc: 0.8367
Epoch 91/620
00:14:29 Train 48/48 - loss: 0.4400 - acc: 0.8938
Epoch 92/620
00:14:40 Train 48/48 - loss: 0.4519 - acc: 0.8914
00:14:41 Valid 5/5 - loss: 0.4180 - acc: 0.8671
Epoch 93/620
00:14:53 Train 48/48 - loss: 0.4343 - acc: 0.8955
Epoch 94/620
00:15:04 Train 48/48 - loss: 0.4406 - acc: 0.8959
00:15:05 Valid 5/5 - loss: 0.4043 - acc: 0.8675
Epoch 95/620
00:15:17 Train 48/48 - loss: 0.4368 - acc: 0.8960
Epoch 96/620
00:15:28 Train 48/48 - loss: 0.4445 - acc: 0.8929
00:15:29 Valid 5/5 - loss: 0.4358 - acc: 0.8652
Epoch 97/620
00:15:41 Train 48/48 - loss: 0.4247 - acc: 0.8974
Epoch 98/620
00:15:52 Train 48/48 - loss: 0.4373 - acc: 0.8973
00:15:53 Valid 5/5 - loss: 0.4617 - acc: 0.8667
Epoch 99/620
00:16:04 Train 48/48 - loss: 0.4435 - acc: 0.8939
Epoch 100/620
00:16:16 Train 48/48 - loss: 0.4375 - acc: 0.8957
00:16:17 Valid 5/5 - loss: 0.3842 - acc: 0.8733
Epoch 101/620
00:16:28 Train 48/48 - loss: 0.4380 - acc: 0.8947
Epoch 102/620
00:16:40 Train 48/48 - loss: 0.4306 - acc: 0.8964
00:16:41 Valid 5/5 - loss: 0.5636 - acc: 0.8456
Epoch 103/620
00:16:52 Train 48/48 - loss: 0.4337 - acc: 0.8961
Epoch 104/620
00:17:04 Train 48/48 - loss: 0.4315 - acc: 0.8969
00:17:05 Valid 5/5 - loss: 0.3400 - acc: 0.8887
Epoch 105/620
00:17:16 Train 48/48 - loss: 0.4377 - acc: 0.8964
Epoch 106/620
00:17:27 Train 48/48 - loss: 0.4268 - acc: 0.8978
00:17:28 Valid 5/5 - loss: 0.3887 - acc: 0.8839
Epoch 107/620
00:17:40 Train 48/48 - loss: 0.4309 - acc: 0.8980
Epoch 108/620
00:17:51 Train 48/48 - loss: 0.4247 - acc: 0.8989
00:17:52 Valid 5/5 - loss: 0.3343 - acc: 0.8908
Epoch 109/620
00:18:03 Train 48/48 - loss: 0.4293 - acc: 0.8986
Epoch 110/620
00:18:15 Train 48/48 - loss: 0.4270 - acc: 0.8981
00:18:16 Valid 5/5 - loss: 0.8756 - acc: 0.7564
Epoch 111/620
00:18:27 Train 48/48 - loss: 0.4331 - acc: 0.8955
Epoch 112/620
00:18:39 Train 48/48 - loss: 0.4295 - acc: 0.8976
00:18:40 Valid 5/5 - loss: 0.4530 - acc: 0.8682
Epoch 113/620
00:18:51 Train 48/48 - loss: 0.4244 - acc: 0.8974
Epoch 114/620
00:19:02 Train 48/48 - loss: 0.4302 - acc: 0.8964
00:19:03 Valid 5/5 - loss: 0.4314 - acc: 0.8621
Epoch 115/620
00:19:15 Train 48/48 - loss: 0.4259 - acc: 0.8974
Epoch 116/620
00:19:26 Train 48/48 - loss: 0.4150 - acc: 0.9009
00:19:27 Valid 5/5 - loss: 0.4284 - acc: 0.8652
Epoch 117/620
00:19:39 Train 48/48 - loss: 0.4239 - acc: 0.8981
Epoch 118/620
00:19:50 Train 48/48 - loss: 0.4173 - acc: 0.9015
00:19:51 Valid 5/5 - loss: 0.3730 - acc: 0.8831
Epoch 119/620
00:20:02 Train 48/48 - loss: 0.4239 - acc: 0.9000
Epoch 120/620
00:20:14 Train 48/48 - loss: 0.4221 - acc: 0.8984
00:20:15 Valid 5/5 - loss: 0.3008 - acc: 0.9046
Epoch 121/620
00:20:26 Train 48/48 - loss: 0.4112 - acc: 0.9021
Epoch 122/620
00:20:37 Train 48/48 - loss: 0.4118 - acc: 0.9020
00:20:38 Valid 5/5 - loss: 0.3443 - acc: 0.8885
Epoch 123/620
00:20:50 Train 48/48 - loss: 0.4232 - acc: 0.8991
Epoch 124/620
00:21:01 Train 48/48 - loss: 0.4317 - acc: 0.8967
00:21:02 Valid 5/5 - loss: 0.4584 - acc: 0.8605
Epoch 125/620
00:21:13 Train 48/48 - loss: 0.4119 - acc: 0.9006
Epoch 126/620
00:21:25 Train 48/48 - loss: 0.4130 - acc: 0.9017
00:21:26 Valid 5/5 - loss: 0.4468 - acc: 0.8597
Epoch 127/620
00:21:37 Train 48/48 - loss: 0.4217 - acc: 0.8989
Epoch 128/620
00:21:48 Train 48/48 - loss: 0.4127 - acc: 0.9012
00:21:49 Valid 5/5 - loss: 0.3969 - acc: 0.8835
Epoch 129/620
00:22:01 Train 48/48 - loss: 0.4083 - acc: 0.9029
Epoch 130/620
00:22:12 Train 48/48 - loss: 0.4110 - acc: 0.9022
00:22:13 Valid 5/5 - loss: 0.4241 - acc: 0.8765
Epoch 131/620
00:22:24 Train 48/48 - loss: 0.3989 - acc: 0.9043
Epoch 132/620
00:22:36 Train 48/48 - loss: 0.4117 - acc: 0.9022
00:22:37 Valid 5/5 - loss: 0.3479 - acc: 0.8923
Epoch 133/620
00:22:48 Train 48/48 - loss: 0.4167 - acc: 0.9013
Epoch 134/620
00:22:59 Train 48/48 - loss: 0.4044 - acc: 0.9043
00:23:00 Valid 5/5 - loss: 0.3311 - acc: 0.8948
Epoch 135/620
00:23:12 Train 48/48 - loss: 0.4032 - acc: 0.9053
Epoch 136/620
00:23:23 Train 48/48 - loss: 0.4017 - acc: 0.9046
00:23:24 Valid 5/5 - loss: 0.3337 - acc: 0.8976
Epoch 137/620
00:23:36 Train 48/48 - loss: 0.4113 - acc: 0.9022
Epoch 138/620
00:23:47 Train 48/48 - loss: 0.4160 - acc: 0.9007
00:23:48 Valid 5/5 - loss: 0.4640 - acc: 0.8554
Epoch 139/620
00:23:59 Train 48/48 - loss: 0.4136 - acc: 0.9013
Epoch 140/620
00:24:11 Train 48/48 - loss: 0.4118 - acc: 0.9011
00:24:12 Valid 5/5 - loss: 0.3547 - acc: 0.8878
Epoch 141/620
00:24:23 Train 48/48 - loss: 0.3999 - acc: 0.9055
Epoch 142/620
00:24:34 Train 48/48 - loss: 0.4068 - acc: 0.9039
00:24:35 Valid 5/5 - loss: 0.4192 - acc: 0.8720
Epoch 143/620
00:24:47 Train 48/48 - loss: 0.4066 - acc: 0.9029
Epoch 144/620
00:24:58 Train 48/48 - loss: 0.4084 - acc: 0.9030
00:24:59 Valid 5/5 - loss: 0.3348 - acc: 0.8936
Epoch 145/620
00:25:10 Train 48/48 - loss: 0.4042 - acc: 0.9023
Epoch 146/620
00:25:22 Train 48/48 - loss: 0.4118 - acc: 0.9014
00:25:23 Valid 5/5 - loss: 0.2554 - acc: 0.9180
Epoch 147/620
00:25:34 Train 48/48 - loss: 0.4095 - acc: 0.9026
Epoch 148/620
00:25:46 Train 48/48 - loss: 0.4028 - acc: 0.9044
00:25:46 Valid 5/5 - loss: 0.3934 - acc: 0.8770
Epoch 149/620
00:25:58 Train 48/48 - loss: 0.3966 - acc: 0.9053
Epoch 150/620
00:26:09 Train 48/48 - loss: 0.4086 - acc: 0.9018
00:26:10 Valid 5/5 - loss: 0.3132 - acc: 0.9047
Epoch 151/620
00:26:22 Train 48/48 - loss: 0.4019 - acc: 0.9043
Epoch 152/620
00:26:33 Train 48/48 - loss: 0.3984 - acc: 0.9049
00:26:34 Valid 5/5 - loss: 0.3264 - acc: 0.8988
Epoch 153/620
00:26:45 Train 48/48 - loss: 0.3916 - acc: 0.9070
Epoch 154/620
00:26:57 Train 48/48 - loss: 0.3960 - acc: 0.9071
00:26:58 Valid 5/5 - loss: 0.4280 - acc: 0.8728
Epoch 155/620
00:27:09 Train 48/48 - loss: 0.3967 - acc: 0.9060
Epoch 156/620
00:27:20 Train 48/48 - loss: 0.4091 - acc: 0.9035
00:27:21 Valid 5/5 - loss: 0.3734 - acc: 0.8885
Epoch 157/620
00:27:33 Train 48/48 - loss: 0.3878 - acc: 0.9087
Epoch 158/620
00:27:44 Train 48/48 - loss: 0.3919 - acc: 0.9068
00:27:45 Valid 5/5 - loss: 0.3510 - acc: 0.8888
Epoch 159/620
00:27:56 Train 48/48 - loss: 0.3913 - acc: 0.9079
Epoch 160/620
00:28:07 Train 48/48 - loss: 0.4155 - acc: 0.9013
00:28:08 Valid 5/5 - loss: 0.2907 - acc: 0.9058
Epoch 161/620
00:28:20 Train 48/48 - loss: 0.3931 - acc: 0.9064
Epoch 162/620
00:28:31 Train 48/48 - loss: 0.3897 - acc: 0.9056
00:28:32 Valid 5/5 - loss: 0.4838 - acc: 0.8580
Epoch 163/620
00:28:43 Train 48/48 - loss: 0.4020 - acc: 0.9041
Epoch 164/620
00:28:54 Train 48/48 - loss: 0.3954 - acc: 0.9058
00:28:55 Valid 5/5 - loss: 0.4402 - acc: 0.8666
Epoch 165/620
00:29:07 Train 48/48 - loss: 0.3964 - acc: 0.9063
Epoch 166/620
00:29:18 Train 48/48 - loss: 0.3887 - acc: 0.9083
00:29:19 Valid 5/5 - loss: 0.3104 - acc: 0.9070
Epoch 167/620
00:29:31 Train 48/48 - loss: 0.3968 - acc: 0.9060
Epoch 168/620
00:29:42 Train 48/48 - loss: 0.3834 - acc: 0.9091
00:29:43 Valid 5/5 - loss: 0.5470 - acc: 0.8385
Epoch 169/620
00:29:54 Train 48/48 - loss: 0.3901 - acc: 0.9072
Epoch 170/620
00:30:05 Train 48/48 - loss: 0.3841 - acc: 0.9079
00:30:06 Valid 5/5 - loss: 0.3086 - acc: 0.9066
Epoch 171/620
00:30:18 Train 48/48 - loss: 0.4044 - acc: 0.9023
Epoch 172/620
00:30:29 Train 48/48 - loss: 0.3876 - acc: 0.9081
00:30:30 Valid 5/5 - loss: 0.3938 - acc: 0.8762
Epoch 173/620
00:30:41 Train 48/48 - loss: 0.3837 - acc: 0.9108
Epoch 174/620
00:30:53 Train 48/48 - loss: 0.3838 - acc: 0.9077
00:30:54 Valid 5/5 - loss: 0.3951 - acc: 0.8842
Epoch 175/620
00:31:05 Train 48/48 - loss: 0.3985 - acc: 0.9048
Epoch 176/620
00:31:16 Train 48/48 - loss: 0.3936 - acc: 0.9068
00:31:17 Valid 5/5 - loss: 0.5304 - acc: 0.8513
Epoch 177/620
00:31:29 Train 48/48 - loss: 0.4011 - acc: 0.9045
Epoch 178/620
00:31:40 Train 48/48 - loss: 0.3829 - acc: 0.9078
00:31:41 Valid 5/5 - loss: 0.2996 - acc: 0.9082
Epoch 179/620
00:31:52 Train 48/48 - loss: 0.3971 - acc: 0.9051
Epoch 180/620
00:32:03 Train 48/48 - loss: 0.3879 - acc: 0.9081
00:32:04 Valid 5/5 - loss: 0.2673 - acc: 0.9129
Epoch 181/620
00:32:16 Train 48/48 - loss: 0.3903 - acc: 0.9086
Epoch 182/620
00:32:27 Train 48/48 - loss: 0.3837 - acc: 0.9091
00:32:28 Valid 5/5 - loss: 0.3533 - acc: 0.8866
Epoch 183/620
00:32:39 Train 48/48 - loss: 0.3704 - acc: 0.9125
Epoch 184/620
00:32:50 Train 48/48 - loss: 0.3819 - acc: 0.9086
00:32:51 Valid 5/5 - loss: 0.4316 - acc: 0.8866
Epoch 185/620
00:33:03 Train 48/48 - loss: 0.3844 - acc: 0.9092
Epoch 186/620
00:33:14 Train 48/48 - loss: 0.3921 - acc: 0.9072
00:33:15 Valid 5/5 - loss: 0.3153 - acc: 0.8994
Epoch 187/620
00:33:26 Train 48/48 - loss: 0.3880 - acc: 0.9079
Epoch 188/620
00:33:37 Train 48/48 - loss: 0.3768 - acc: 0.9110
00:33:38 Valid 5/5 - loss: 0.4133 - acc: 0.8698
Epoch 189/620
00:33:50 Train 48/48 - loss: 0.3743 - acc: 0.9131
Epoch 190/620
00:34:01 Train 48/48 - loss: 0.3896 - acc: 0.9086
00:34:02 Valid 5/5 - loss: 0.3820 - acc: 0.8815
Epoch 191/620
00:34:14 Train 48/48 - loss: 0.3765 - acc: 0.9104
Epoch 192/620
00:34:25 Train 48/48 - loss: 0.3836 - acc: 0.9076
00:34:26 Valid 5/5 - loss: 0.3064 - acc: 0.9019
Epoch 193/620
00:34:37 Train 48/48 - loss: 0.3921 - acc: 0.9073
Epoch 194/620
00:34:49 Train 48/48 - loss: 0.3796 - acc: 0.9106
00:34:50 Valid 5/5 - loss: 0.2791 - acc: 0.9090
Epoch 195/620
00:35:01 Train 48/48 - loss: 0.3741 - acc: 0.9112
Epoch 196/620
00:35:13 Train 48/48 - loss: 0.3764 - acc: 0.9101
00:35:14 Valid 5/5 - loss: 0.3530 - acc: 0.8914
Epoch 197/620
00:35:25 Train 48/48 - loss: 0.3838 - acc: 0.9085
Epoch 198/620
00:35:36 Train 48/48 - loss: 0.3710 - acc: 0.9133
00:35:37 Valid 5/5 - loss: 0.4044 - acc: 0.8907
Epoch 199/620
00:35:49 Train 48/48 - loss: 0.3777 - acc: 0.9111
Epoch 200/620
00:36:00 Train 48/48 - loss: 0.3802 - acc: 0.9096
00:36:01 Valid 5/5 - loss: 0.2981 - acc: 0.9068
Epoch 201/620
00:36:13 Train 48/48 - loss: 0.3735 - acc: 0.9123
Epoch 202/620
00:36:24 Train 48/48 - loss: 0.3825 - acc: 0.9112
00:36:25 Valid 5/5 - loss: 0.2324 - acc: 0.9256
Epoch 203/620
00:36:36 Train 48/48 - loss: 0.3824 - acc: 0.9103
Epoch 204/620
00:36:47 Train 48/48 - loss: 0.3769 - acc: 0.9108
00:36:48 Valid 5/5 - loss: 0.3016 - acc: 0.9037
Epoch 205/620
00:37:00 Train 48/48 - loss: 0.3712 - acc: 0.9118
Epoch 206/620
00:37:11 Train 48/48 - loss: 0.3816 - acc: 0.9096
00:37:12 Valid 5/5 - loss: 0.4512 - acc: 0.8730
Epoch 207/620
00:37:24 Train 48/48 - loss: 0.3825 - acc: 0.9095
Epoch 208/620
00:37:35 Train 48/48 - loss: 0.3711 - acc: 0.9130
00:37:36 Valid 5/5 - loss: 0.3200 - acc: 0.9022
Epoch 209/620
00:37:47 Train 48/48 - loss: 0.3817 - acc: 0.9100
Epoch 210/620
00:37:58 Train 48/48 - loss: 0.3766 - acc: 0.9103
00:37:59 Valid 5/5 - loss: 0.4629 - acc: 0.8615
Epoch 211/620
00:38:11 Train 48/48 - loss: 0.3686 - acc: 0.9130
Epoch 212/620
00:38:22 Train 48/48 - loss: 0.3766 - acc: 0.9103
00:38:23 Valid 5/5 - loss: 0.2889 - acc: 0.9079
Epoch 213/620
00:38:34 Train 48/48 - loss: 0.3755 - acc: 0.9109
Epoch 214/620
00:38:46 Train 48/48 - loss: 0.3671 - acc: 0.9123
00:38:47 Valid 5/5 - loss: 0.2909 - acc: 0.9083
Epoch 215/620
00:38:58 Train 48/48 - loss: 0.3646 - acc: 0.9150
Epoch 216/620
00:39:09 Train 48/48 - loss: 0.3655 - acc: 0.9133
00:39:10 Valid 5/5 - loss: 0.3307 - acc: 0.8965
Epoch 217/620
00:39:22 Train 48/48 - loss: 0.3553 - acc: 0.9161
Epoch 218/620
00:39:33 Train 48/48 - loss: 0.3670 - acc: 0.9148
00:39:34 Valid 5/5 - loss: 0.2322 - acc: 0.9246
Epoch 219/620
00:39:46 Train 48/48 - loss: 0.3704 - acc: 0.9127
Epoch 220/620
00:39:57 Train 48/48 - loss: 0.3625 - acc: 0.9149
00:39:58 Valid 5/5 - loss: 0.3456 - acc: 0.8933
Epoch 221/620
00:40:09 Train 48/48 - loss: 0.3726 - acc: 0.9110
Epoch 222/620
00:40:21 Train 48/48 - loss: 0.3678 - acc: 0.9129
00:40:22 Valid 5/5 - loss: 0.2766 - acc: 0.9160
Epoch 223/620
00:40:33 Train 48/48 - loss: 0.3760 - acc: 0.9111
Epoch 224/620
00:40:44 Train 48/48 - loss: 0.3697 - acc: 0.9137
00:40:45 Valid 5/5 - loss: 0.3253 - acc: 0.9035
Epoch 225/620
00:40:56 Train 48/48 - loss: 0.3653 - acc: 0.9146
Epoch 226/620
00:41:07 Train 48/48 - loss: 0.3660 - acc: 0.9135
00:41:08 Valid 5/5 - loss: 0.3420 - acc: 0.8896
Epoch 227/620
00:41:20 Train 48/48 - loss: 0.3652 - acc: 0.9109
Epoch 228/620
00:41:31 Train 48/48 - loss: 0.3678 - acc: 0.9134
00:41:32 Valid 5/5 - loss: 0.3843 - acc: 0.8857
Epoch 229/620
00:41:43 Train 48/48 - loss: 0.3632 - acc: 0.9129
Epoch 230/620
00:41:55 Train 48/48 - loss: 0.3625 - acc: 0.9139
00:41:56 Valid 5/5 - loss: 0.2697 - acc: 0.9134
Epoch 231/620
00:42:07 Train 48/48 - loss: 0.3634 - acc: 0.9131
Epoch 232/620
00:42:18 Train 48/48 - loss: 0.3758 - acc: 0.9107
00:42:19 Valid 5/5 - loss: 0.2445 - acc: 0.9230
Epoch 233/620
00:42:31 Train 48/48 - loss: 0.3565 - acc: 0.9164
Epoch 234/620
00:42:42 Train 48/48 - loss: 0.3509 - acc: 0.9170
00:42:43 Valid 5/5 - loss: 0.2484 - acc: 0.9226
Epoch 235/620
00:42:55 Train 48/48 - loss: 0.3526 - acc: 0.9176
Epoch 236/620
00:43:06 Train 48/48 - loss: 0.3655 - acc: 0.9140
00:43:07 Valid 5/5 - loss: 0.2827 - acc: 0.9079
Epoch 237/620
00:43:19 Train 48/48 - loss: 0.3597 - acc: 0.9148
Epoch 238/620
00:43:30 Train 48/48 - loss: 0.3494 - acc: 0.9173
00:43:31 Valid 5/5 - loss: 0.2309 - acc: 0.9273
Epoch 239/620
00:43:42 Train 48/48 - loss: 0.3614 - acc: 0.9140
Epoch 240/620
00:43:54 Train 48/48 - loss: 0.3654 - acc: 0.9133
00:43:55 Valid 5/5 - loss: 0.2977 - acc: 0.9053
Epoch 241/620
00:44:06 Train 48/48 - loss: 0.3700 - acc: 0.9123
Epoch 242/620
00:44:18 Train 48/48 - loss: 0.3674 - acc: 0.9140
00:44:19 Valid 5/5 - loss: 0.2485 - acc: 0.9234
Epoch 243/620
00:44:30 Train 48/48 - loss: 0.3572 - acc: 0.9155
Epoch 244/620
00:44:41 Train 48/48 - loss: 0.3562 - acc: 0.9150
00:44:42 Valid 5/5 - loss: 0.2972 - acc: 0.9083
Epoch 245/620
00:44:54 Train 48/48 - loss: 0.3555 - acc: 0.9171
Epoch 246/620
00:45:05 Train 48/48 - loss: 0.3470 - acc: 0.9189
00:45:06 Valid 5/5 - loss: 0.3625 - acc: 0.8971
Epoch 247/620
00:45:18 Train 48/48 - loss: 0.3592 - acc: 0.9150
Epoch 248/620
00:45:29 Train 48/48 - loss: 0.3458 - acc: 0.9188
00:45:30 Valid 5/5 - loss: 0.3117 - acc: 0.9064
Epoch 249/620
00:45:41 Train 48/48 - loss: 0.3543 - acc: 0.9160
Epoch 250/620
00:45:53 Train 48/48 - loss: 0.3549 - acc: 0.9161
00:45:54 Valid 5/5 - loss: 0.2790 - acc: 0.9124
Epoch 251/620
00:46:05 Train 48/48 - loss: 0.3523 - acc: 0.9172
Epoch 252/620
00:46:16 Train 48/48 - loss: 0.3462 - acc: 0.9193
00:46:17 Valid 5/5 - loss: 0.2344 - acc: 0.9237
Epoch 253/620
00:46:29 Train 48/48 - loss: 0.3484 - acc: 0.9185
Epoch 254/620
00:46:40 Train 48/48 - loss: 0.3525 - acc: 0.9155
00:46:41 Valid 5/5 - loss: 0.3190 - acc: 0.9006
Epoch 255/620
00:46:52 Train 48/48 - loss: 0.3521 - acc: 0.9172
Epoch 256/620
00:47:03 Train 48/48 - loss: 0.3458 - acc: 0.9197
00:47:04 Valid 5/5 - loss: 0.2378 - acc: 0.9280
Epoch 257/620
00:47:15 Train 48/48 - loss: 0.3449 - acc: 0.9198
Epoch 258/620
00:47:26 Train 48/48 - loss: 0.3500 - acc: 0.9173
00:47:27 Valid 5/5 - loss: 0.2537 - acc: 0.9244
Epoch 259/620
00:47:38 Train 48/48 - loss: 0.3430 - acc: 0.9200
Epoch 260/620
00:47:50 Train 48/48 - loss: 0.3510 - acc: 0.9181
00:47:51 Valid 5/5 - loss: 0.2309 - acc: 0.9283
Epoch 261/620
00:48:02 Train 48/48 - loss: 0.3526 - acc: 0.9175
Epoch 262/620
00:48:14 Train 48/48 - loss: 0.3395 - acc: 0.9201
00:48:15 Valid 5/5 - loss: 0.2339 - acc: 0.9239
Epoch 263/620
00:48:26 Train 48/48 - loss: 0.3479 - acc: 0.9187
Epoch 264/620
00:48:38 Train 48/48 - loss: 0.3542 - acc: 0.9178
00:48:39 Valid 5/5 - loss: 0.2646 - acc: 0.9181
Epoch 265/620
00:48:50 Train 48/48 - loss: 0.3416 - acc: 0.9197
Epoch 266/620
00:49:01 Train 48/48 - loss: 0.3375 - acc: 0.9212
00:49:02 Valid 5/5 - loss: 0.2260 - acc: 0.9320
Epoch 267/620
00:49:14 Train 48/48 - loss: 0.3443 - acc: 0.9199
Epoch 268/620
00:49:25 Train 48/48 - loss: 0.3387 - acc: 0.9195
00:49:26 Valid 5/5 - loss: 0.4015 - acc: 0.8893
Epoch 269/620
00:49:38 Train 48/48 - loss: 0.3333 - acc: 0.9215
Epoch 270/620
00:49:49 Train 48/48 - loss: 0.3421 - acc: 0.9213
00:49:50 Valid 5/5 - loss: 0.2856 - acc: 0.9080
Epoch 271/620
00:50:01 Train 48/48 - loss: 0.3347 - acc: 0.9217
Epoch 272/620
00:50:13 Train 48/48 - loss: 0.3352 - acc: 0.9226
00:50:14 Valid 5/5 - loss: 0.2689 - acc: 0.9194
Epoch 273/620
00:50:25 Train 48/48 - loss: 0.3433 - acc: 0.9191
Epoch 274/620
00:50:36 Train 48/48 - loss: 0.3388 - acc: 0.9198
00:50:37 Valid 5/5 - loss: 0.2948 - acc: 0.9128
Epoch 275/620
00:50:49 Train 48/48 - loss: 0.3302 - acc: 0.9224
Epoch 276/620
00:51:00 Train 48/48 - loss: 0.3415 - acc: 0.9203
00:51:01 Valid 5/5 - loss: 0.3045 - acc: 0.9036
Epoch 277/620
00:51:13 Train 48/48 - loss: 0.3280 - acc: 0.9233
Epoch 278/620
00:51:24 Train 48/48 - loss: 0.3404 - acc: 0.9193
00:51:25 Valid 5/5 - loss: 0.2083 - acc: 0.9320
Epoch 279/620
00:51:36 Train 48/48 - loss: 0.3321 - acc: 0.9215
Epoch 280/620
00:51:48 Train 48/48 - loss: 0.3312 - acc: 0.9229
00:51:49 Valid 5/5 - loss: 0.2372 - acc: 0.9276
Epoch 281/620
00:52:00 Train 48/48 - loss: 0.3359 - acc: 0.9205
Epoch 282/620
00:52:12 Train 48/48 - loss: 0.3292 - acc: 0.9227
00:52:13 Valid 5/5 - loss: 0.2260 - acc: 0.9291
Epoch 283/620
00:52:24 Train 48/48 - loss: 0.3348 - acc: 0.9209
Epoch 284/620
00:52:35 Train 48/48 - loss: 0.3309 - acc: 0.9224
00:52:36 Valid 5/5 - loss: 0.2890 - acc: 0.9154
Epoch 285/620
00:52:47 Train 48/48 - loss: 0.3355 - acc: 0.9197
Epoch 286/620
00:52:59 Train 48/48 - loss: 0.3222 - acc: 0.9260
00:53:00 Valid 5/5 - loss: 0.2215 - acc: 0.9292
Epoch 287/620
00:53:11 Train 48/48 - loss: 0.3213 - acc: 0.9246
Epoch 288/620
00:53:22 Train 48/48 - loss: 0.3292 - acc: 0.9225
00:53:23 Valid 5/5 - loss: 0.2352 - acc: 0.9279
Epoch 289/620
00:53:35 Train 48/48 - loss: 0.3293 - acc: 0.9218
Epoch 290/620
00:53:46 Train 48/48 - loss: 0.3295 - acc: 0.9214
00:53:47 Valid 5/5 - loss: 0.1995 - acc: 0.9380
Epoch 291/620
00:53:59 Train 48/48 - loss: 0.3339 - acc: 0.9218
Epoch 292/620
00:54:10 Train 48/48 - loss: 0.3225 - acc: 0.9252
00:54:11 Valid 5/5 - loss: 0.3418 - acc: 0.9053
Epoch 293/620
00:54:22 Train 48/48 - loss: 0.3207 - acc: 0.9244
Epoch 294/620
00:54:34 Train 48/48 - loss: 0.3279 - acc: 0.9224
00:54:35 Valid 5/5 - loss: 0.2531 - acc: 0.9220
Epoch 295/620
00:54:46 Train 48/48 - loss: 0.3238 - acc: 0.9232
Epoch 296/620
00:54:57 Train 48/48 - loss: 0.3269 - acc: 0.9240
00:54:58 Valid 5/5 - loss: 0.2440 - acc: 0.9268
Epoch 297/620
00:55:09 Train 48/48 - loss: 0.3131 - acc: 0.9275
Epoch 298/620
00:55:21 Train 48/48 - loss: 0.3122 - acc: 0.9279
00:55:22 Valid 5/5 - loss: 0.2667 - acc: 0.9213
Epoch 299/620
00:55:33 Train 48/48 - loss: 0.3159 - acc: 0.9251
Epoch 300/620
00:55:44 Train 48/48 - loss: 0.3237 - acc: 0.9231
00:55:45 Valid 5/5 - loss: 0.2351 - acc: 0.9285
Epoch 301/620
00:55:56 Train 48/48 - loss: 0.3152 - acc: 0.9261
Epoch 302/620
00:56:08 Train 48/48 - loss: 0.3271 - acc: 0.9237
00:56:09 Valid 5/5 - loss: 0.2294 - acc: 0.9286
Epoch 303/620
00:56:20 Train 48/48 - loss: 0.3136 - acc: 0.9268
Epoch 304/620
00:56:32 Train 48/48 - loss: 0.3210 - acc: 0.9248
00:56:32 Valid 5/5 - loss: 0.2524 - acc: 0.9197
Epoch 305/620
00:56:44 Train 48/48 - loss: 0.3155 - acc: 0.9246
Epoch 306/620
00:56:55 Train 48/48 - loss: 0.3249 - acc: 0.9225
00:56:56 Valid 5/5 - loss: 0.2485 - acc: 0.9230
Epoch 307/620
00:57:08 Train 48/48 - loss: 0.3138 - acc: 0.9269
Epoch 308/620
00:57:19 Train 48/48 - loss: 0.3202 - acc: 0.9253
00:57:20 Valid 5/5 - loss: 0.2450 - acc: 0.9264
Epoch 309/620
00:57:31 Train 48/48 - loss: 0.3040 - acc: 0.9289
Epoch 310/620
00:57:42 Train 48/48 - loss: 0.3146 - acc: 0.9265
00:57:43 Valid 5/5 - loss: 0.2201 - acc: 0.9336
Epoch 311/620
00:57:55 Train 48/48 - loss: 0.3187 - acc: 0.9256
Epoch 312/620
00:58:06 Train 48/48 - loss: 0.3077 - acc: 0.9283
00:58:07 Valid 5/5 - loss: 0.2336 - acc: 0.9291
Epoch 313/620
00:58:18 Train 48/48 - loss: 0.3054 - acc: 0.9282
Epoch 314/620
00:58:29 Train 48/48 - loss: 0.3143 - acc: 0.9266
00:58:30 Valid 5/5 - loss: 0.1847 - acc: 0.9417
Epoch 315/620
00:58:41 Train 48/48 - loss: 0.3095 - acc: 0.9277
Epoch 316/620
00:58:52 Train 48/48 - loss: 0.3209 - acc: 0.9242
00:58:53 Valid 5/5 - loss: 0.2443 - acc: 0.9276
Epoch 317/620
00:59:04 Train 48/48 - loss: 0.3010 - acc: 0.9284
Epoch 318/620
00:59:15 Train 48/48 - loss: 0.3101 - acc: 0.9281
00:59:16 Valid 5/5 - loss: 0.2047 - acc: 0.9356
Epoch 319/620
00:59:27 Train 48/48 - loss: 0.3033 - acc: 0.9292
Epoch 320/620
00:59:39 Train 48/48 - loss: 0.3074 - acc: 0.9275
00:59:40 Valid 5/5 - loss: 0.2113 - acc: 0.9344
Epoch 321/620
00:59:51 Train 48/48 - loss: 0.3118 - acc: 0.9261
Epoch 322/620
01:00:02 Train 48/48 - loss: 0.3069 - acc: 0.9292
01:00:03 Valid 5/5 - loss: 0.2761 - acc: 0.9193
Epoch 323/620
01:00:14 Train 48/48 - loss: 0.3064 - acc: 0.9283
Epoch 324/620
01:00:26 Train 48/48 - loss: 0.2992 - acc: 0.9301
01:00:27 Valid 5/5 - loss: 0.2072 - acc: 0.9357
Epoch 325/620
01:00:38 Train 48/48 - loss: 0.3042 - acc: 0.9288
Epoch 326/620
01:00:49 Train 48/48 - loss: 0.3086 - acc: 0.9265
01:00:50 Valid 5/5 - loss: 0.2644 - acc: 0.9204
Epoch 327/620
01:01:02 Train 48/48 - loss: 0.3097 - acc: 0.9266
Epoch 328/620
01:01:13 Train 48/48 - loss: 0.3064 - acc: 0.9288
01:01:14 Valid 5/5 - loss: 0.2255 - acc: 0.9339
Epoch 329/620
01:01:25 Train 48/48 - loss: 0.2971 - acc: 0.9315
Epoch 330/620
01:01:37 Train 48/48 - loss: 0.2922 - acc: 0.9318
01:01:38 Valid 5/5 - loss: 0.2911 - acc: 0.9148
Epoch 331/620
01:01:49 Train 48/48 - loss: 0.2993 - acc: 0.9292
Epoch 332/620
01:02:00 Train 48/48 - loss: 0.2955 - acc: 0.9312
01:02:01 Valid 5/5 - loss: 0.2405 - acc: 0.9268
Epoch 333/620
01:02:12 Train 48/48 - loss: 0.2912 - acc: 0.9320
Epoch 334/620
01:02:23 Train 48/48 - loss: 0.3070 - acc: 0.9295
01:02:24 Valid 5/5 - loss: 0.2413 - acc: 0.9247
Epoch 335/620
01:02:35 Train 48/48 - loss: 0.2935 - acc: 0.9314
Epoch 336/620
01:02:47 Train 48/48 - loss: 0.3018 - acc: 0.9302
01:02:48 Valid 5/5 - loss: 0.1934 - acc: 0.9405
Epoch 337/620
01:02:59 Train 48/48 - loss: 0.2965 - acc: 0.9308
Epoch 338/620
01:03:11 Train 48/48 - loss: 0.2942 - acc: 0.9311
01:03:11 Valid 5/5 - loss: 0.2588 - acc: 0.9231
Epoch 339/620
01:03:23 Train 48/48 - loss: 0.2887 - acc: 0.9335
Epoch 340/620
01:03:35 Train 48/48 - loss: 0.2855 - acc: 0.9347
01:03:36 Valid 5/5 - loss: 0.2181 - acc: 0.9341
Epoch 341/620
01:03:47 Train 48/48 - loss: 0.2910 - acc: 0.9320
Epoch 342/620
01:03:58 Train 48/48 - loss: 0.2834 - acc: 0.9330
01:03:59 Valid 5/5 - loss: 0.2054 - acc: 0.9362
Epoch 343/620
01:04:11 Train 48/48 - loss: 0.2876 - acc: 0.9341
Epoch 344/620
01:04:22 Train 48/48 - loss: 0.2941 - acc: 0.9319
01:04:23 Valid 5/5 - loss: 0.2285 - acc: 0.9308
Epoch 345/620
01:04:35 Train 48/48 - loss: 0.2829 - acc: 0.9347
Epoch 346/620
01:04:46 Train 48/48 - loss: 0.2880 - acc: 0.9339
01:04:47 Valid 5/5 - loss: 0.2233 - acc: 0.9344
Epoch 347/620
01:04:59 Train 48/48 - loss: 0.2913 - acc: 0.9317
Epoch 348/620
01:05:10 Train 48/48 - loss: 0.2797 - acc: 0.9351
01:05:11 Valid 5/5 - loss: 0.2025 - acc: 0.9402
Epoch 349/620
01:05:22 Train 48/48 - loss: 0.2859 - acc: 0.9342
Epoch 350/620
01:05:33 Train 48/48 - loss: 0.2806 - acc: 0.9342
01:05:34 Valid 5/5 - loss: 0.2149 - acc: 0.9366
Epoch 351/620
01:05:45 Train 48/48 - loss: 0.2854 - acc: 0.9342
Epoch 352/620
01:05:57 Train 48/48 - loss: 0.2785 - acc: 0.9345
01:05:58 Valid 5/5 - loss: 0.2210 - acc: 0.9381
Epoch 353/620
01:06:09 Train 48/48 - loss: 0.2873 - acc: 0.9329
Epoch 354/620
01:06:20 Train 48/48 - loss: 0.2878 - acc: 0.9322
01:06:21 Valid 5/5 - loss: 0.2302 - acc: 0.9334
Epoch 355/620
01:06:32 Train 48/48 - loss: 0.2713 - acc: 0.9370
Epoch 356/620
01:06:43 Train 48/48 - loss: 0.2837 - acc: 0.9341
01:06:44 Valid 5/5 - loss: 0.2055 - acc: 0.9401
Epoch 357/620
01:06:56 Train 48/48 - loss: 0.2730 - acc: 0.9367
Epoch 358/620
01:07:07 Train 48/48 - loss: 0.2751 - acc: 0.9356
01:07:08 Valid 5/5 - loss: 0.1769 - acc: 0.9441
Epoch 359/620
01:07:19 Train 48/48 - loss: 0.2753 - acc: 0.9370
Epoch 360/620
01:07:30 Train 48/48 - loss: 0.2687 - acc: 0.9374
01:07:31 Valid 5/5 - loss: 0.1907 - acc: 0.9415
Epoch 361/620
01:07:43 Train 48/48 - loss: 0.2717 - acc: 0.9374
Epoch 362/620
01:07:54 Train 48/48 - loss: 0.2649 - acc: 0.9394
01:07:55 Valid 5/5 - loss: 0.2150 - acc: 0.9357
Epoch 363/620
01:08:06 Train 48/48 - loss: 0.2741 - acc: 0.9376
Epoch 364/620
01:08:17 Train 48/48 - loss: 0.2751 - acc: 0.9365
01:08:18 Valid 5/5 - loss: 0.2056 - acc: 0.9397
Epoch 365/620
01:08:30 Train 48/48 - loss: 0.2651 - acc: 0.9384
Epoch 366/620
01:08:41 Train 48/48 - loss: 0.2675 - acc: 0.9383
01:08:42 Valid 5/5 - loss: 0.2081 - acc: 0.9391
Epoch 367/620
01:08:53 Train 48/48 - loss: 0.2732 - acc: 0.9369
Epoch 368/620
01:09:05 Train 48/48 - loss: 0.2734 - acc: 0.9367
01:09:06 Valid 5/5 - loss: 0.1945 - acc: 0.9382
Epoch 369/620
01:09:17 Train 48/48 - loss: 0.2675 - acc: 0.9383
Epoch 370/620
01:09:28 Train 48/48 - loss: 0.2583 - acc: 0.9415
01:09:29 Valid 5/5 - loss: 0.1917 - acc: 0.9433
Epoch 371/620
01:09:40 Train 48/48 - loss: 0.2585 - acc: 0.9408
Epoch 372/620
01:09:52 Train 48/48 - loss: 0.2673 - acc: 0.9380
01:09:52 Valid 5/5 - loss: 0.2083 - acc: 0.9377
Epoch 373/620
01:10:04 Train 48/48 - loss: 0.2696 - acc: 0.9371
Epoch 374/620
01:10:15 Train 48/48 - loss: 0.2679 - acc: 0.9378
01:10:16 Valid 5/5 - loss: 0.2231 - acc: 0.9325
Epoch 375/620
01:10:28 Train 48/48 - loss: 0.2591 - acc: 0.9397
Epoch 376/620
01:10:39 Train 48/48 - loss: 0.2610 - acc: 0.9404
01:10:40 Valid 5/5 - loss: 0.1852 - acc: 0.9461
Epoch 377/620
01:10:51 Train 48/48 - loss: 0.2657 - acc: 0.9375
Epoch 378/620
01:11:02 Train 48/48 - loss: 0.2612 - acc: 0.9394
01:11:03 Valid 5/5 - loss: 0.1884 - acc: 0.9419
Epoch 379/620
01:11:15 Train 48/48 - loss: 0.2609 - acc: 0.9403
Epoch 380/620
01:11:26 Train 48/48 - loss: 0.2481 - acc: 0.9430
01:11:27 Valid 5/5 - loss: 0.2132 - acc: 0.9375
Epoch 381/620
01:11:38 Train 48/48 - loss: 0.2622 - acc: 0.9395
Epoch 382/620
01:11:50 Train 48/48 - loss: 0.2500 - acc: 0.9426
01:11:51 Valid 5/5 - loss: 0.1704 - acc: 0.9495
Epoch 383/620
01:12:02 Train 48/48 - loss: 0.2542 - acc: 0.9411
Epoch 384/620
01:12:13 Train 48/48 - loss: 0.2597 - acc: 0.9406
01:12:14 Valid 5/5 - loss: 0.1940 - acc: 0.9413
Epoch 385/620
01:12:26 Train 48/48 - loss: 0.2550 - acc: 0.9402
Epoch 386/620
01:12:37 Train 48/48 - loss: 0.2517 - acc: 0.9421
01:12:38 Valid 5/5 - loss: 0.1927 - acc: 0.9410
Epoch 387/620
01:12:49 Train 48/48 - loss: 0.2451 - acc: 0.9443
Epoch 388/620
01:13:00 Train 48/48 - loss: 0.2514 - acc: 0.9426
01:13:01 Valid 5/5 - loss: 0.1660 - acc: 0.9460
Epoch 389/620
01:13:12 Train 48/48 - loss: 0.2482 - acc: 0.9432
Epoch 390/620
01:13:24 Train 48/48 - loss: 0.2545 - acc: 0.9415
01:13:25 Valid 5/5 - loss: 0.2154 - acc: 0.9382
Epoch 391/620
01:13:36 Train 48/48 - loss: 0.2398 - acc: 0.9449
Epoch 392/620
01:13:48 Train 48/48 - loss: 0.2484 - acc: 0.9421
01:13:49 Valid 5/5 - loss: 0.1784 - acc: 0.9486
Epoch 393/620
01:14:00 Train 48/48 - loss: 0.2389 - acc: 0.9453
Epoch 394/620
01:14:11 Train 48/48 - loss: 0.2439 - acc: 0.9442
01:14:12 Valid 5/5 - loss: 0.1817 - acc: 0.9469
Epoch 395/620
01:14:24 Train 48/48 - loss: 0.2474 - acc: 0.9429
Epoch 396/620
01:14:35 Train 48/48 - loss: 0.2482 - acc: 0.9431
01:14:36 Valid 5/5 - loss: 0.1942 - acc: 0.9442
Epoch 397/620
01:14:47 Train 48/48 - loss: 0.2389 - acc: 0.9450
Epoch 398/620
01:14:58 Train 48/48 - loss: 0.2438 - acc: 0.9437
01:14:59 Valid 5/5 - loss: 0.1966 - acc: 0.9372
Epoch 399/620
01:15:11 Train 48/48 - loss: 0.2437 - acc: 0.9436
Epoch 400/620
01:15:22 Train 48/48 - loss: 0.2417 - acc: 0.9456
01:15:23 Valid 5/5 - loss: 0.2136 - acc: 0.9386
Epoch 401/620
01:15:35 Train 48/48 - loss: 0.2421 - acc: 0.9444
Epoch 402/620
01:15:46 Train 48/48 - loss: 0.2349 - acc: 0.9462
01:15:47 Valid 5/5 - loss: 0.1883 - acc: 0.9470
Epoch 403/620
01:15:59 Train 48/48 - loss: 0.2314 - acc: 0.9474
Epoch 404/620
01:16:10 Train 48/48 - loss: 0.2386 - acc: 0.9453
01:16:11 Valid 5/5 - loss: 0.1723 - acc: 0.9506
Epoch 405/620
01:16:22 Train 48/48 - loss: 0.2328 - acc: 0.9460
Epoch 406/620
01:16:34 Train 48/48 - loss: 0.2297 - acc: 0.9474
01:16:35 Valid 5/5 - loss: 0.1944 - acc: 0.9445
Epoch 407/620
01:16:46 Train 48/48 - loss: 0.2354 - acc: 0.9458
Epoch 408/620
01:16:57 Train 48/48 - loss: 0.2331 - acc: 0.9465
01:16:58 Valid 5/5 - loss: 0.1775 - acc: 0.9458
Epoch 409/620
01:17:09 Train 48/48 - loss: 0.2339 - acc: 0.9461
Epoch 410/620
01:17:21 Train 48/48 - loss: 0.2250 - acc: 0.9497
01:17:22 Valid 5/5 - loss: 0.2396 - acc: 0.9343
Epoch 411/620
01:17:33 Train 48/48 - loss: 0.2327 - acc: 0.9466
Epoch 412/620
01:17:44 Train 48/48 - loss: 0.2281 - acc: 0.9480
01:17:45 Valid 5/5 - loss: 0.1750 - acc: 0.9483
Epoch 413/620
01:17:56 Train 48/48 - loss: 0.2254 - acc: 0.9482
Epoch 414/620
01:18:07 Train 48/48 - loss: 0.2269 - acc: 0.9494
01:18:08 Valid 5/5 - loss: 0.1998 - acc: 0.9403
Epoch 415/620
01:18:20 Train 48/48 - loss: 0.2223 - acc: 0.9499
Epoch 416/620
01:18:31 Train 48/48 - loss: 0.2213 - acc: 0.9500
01:18:32 Valid 5/5 - loss: 0.1532 - acc: 0.9562
Epoch 417/620
01:18:43 Train 48/48 - loss: 0.2222 - acc: 0.9489
Epoch 418/620
01:18:54 Train 48/48 - loss: 0.2169 - acc: 0.9505
01:18:55 Valid 5/5 - loss: 0.2103 - acc: 0.9405
Epoch 419/620
01:19:07 Train 48/48 - loss: 0.2246 - acc: 0.9481
Epoch 420/620
01:19:18 Train 48/48 - loss: 0.2151 - acc: 0.9503
01:19:19 Valid 5/5 - loss: 0.1761 - acc: 0.9506
Epoch 421/620
01:19:31 Train 48/48 - loss: 0.2097 - acc: 0.9529
Epoch 422/620
01:19:42 Train 48/48 - loss: 0.2173 - acc: 0.9517
01:19:43 Valid 5/5 - loss: 0.1737 - acc: 0.9498
Epoch 423/620
01:19:55 Train 48/48 - loss: 0.2128 - acc: 0.9518
Epoch 424/620
01:20:06 Train 48/48 - loss: 0.2186 - acc: 0.9504
01:20:07 Valid 5/5 - loss: 0.1695 - acc: 0.9522
Epoch 425/620
01:20:18 Train 48/48 - loss: 0.2124 - acc: 0.9516
Epoch 426/620
01:20:30 Train 48/48 - loss: 0.2170 - acc: 0.9500
01:20:31 Valid 5/5 - loss: 0.1765 - acc: 0.9492
Epoch 427/620
01:20:42 Train 48/48 - loss: 0.2106 - acc: 0.9520
Epoch 428/620
01:20:54 Train 48/48 - loss: 0.2089 - acc: 0.9533
01:20:55 Valid 5/5 - loss: 0.1670 - acc: 0.9528
Epoch 429/620
01:21:06 Train 48/48 - loss: 0.2138 - acc: 0.9520
Epoch 430/620
01:21:17 Train 48/48 - loss: 0.2076 - acc: 0.9531
01:21:18 Valid 5/5 - loss: 0.1747 - acc: 0.9498
Epoch 431/620
01:21:29 Train 48/48 - loss: 0.2081 - acc: 0.9520
Epoch 432/620
01:21:40 Train 48/48 - loss: 0.2110 - acc: 0.9525
01:21:41 Valid 5/5 - loss: 0.1642 - acc: 0.9539
Epoch 433/620
01:21:52 Train 48/48 - loss: 0.2001 - acc: 0.9553
Epoch 434/620
01:22:04 Train 48/48 - loss: 0.2072 - acc: 0.9526
01:22:05 Valid 5/5 - loss: 0.1689 - acc: 0.9500
Epoch 435/620
01:22:16 Train 48/48 - loss: 0.2034 - acc: 0.9544
Epoch 436/620
01:22:27 Train 48/48 - loss: 0.2069 - acc: 0.9533
01:22:28 Valid 5/5 - loss: 0.1633 - acc: 0.9525
Epoch 437/620
01:22:39 Train 48/48 - loss: 0.2035 - acc: 0.9533
Epoch 438/620
01:22:50 Train 48/48 - loss: 0.1993 - acc: 0.9556
01:22:51 Valid 5/5 - loss: 0.1764 - acc: 0.9518
Epoch 439/620
01:23:03 Train 48/48 - loss: 0.1999 - acc: 0.9547
Epoch 440/620
01:23:14 Train 48/48 - loss: 0.2033 - acc: 0.9542
01:23:15 Valid 5/5 - loss: 0.1556 - acc: 0.9575
Epoch 441/620
01:23:26 Train 48/48 - loss: 0.1979 - acc: 0.9554
Epoch 442/620
01:23:37 Train 48/48 - loss: 0.1953 - acc: 0.9558
01:23:38 Valid 5/5 - loss: 0.1576 - acc: 0.9544
Epoch 443/620
01:23:49 Train 48/48 - loss: 0.1979 - acc: 0.9562
Epoch 444/620
01:24:00 Train 48/48 - loss: 0.1929 - acc: 0.9572
01:24:01 Valid 5/5 - loss: 0.1585 - acc: 0.9567
Epoch 445/620
01:24:12 Train 48/48 - loss: 0.1932 - acc: 0.9566
Epoch 446/620
01:24:24 Train 48/48 - loss: 0.1953 - acc: 0.9564
01:24:25 Valid 5/5 - loss: 0.1866 - acc: 0.9490
Epoch 447/620
01:24:36 Train 48/48 - loss: 0.1908 - acc: 0.9574
Epoch 448/620
01:24:47 Train 48/48 - loss: 0.1848 - acc: 0.9582
01:24:48 Valid 5/5 - loss: 0.1691 - acc: 0.9533
Epoch 449/620
01:24:59 Train 48/48 - loss: 0.1865 - acc: 0.9585
Epoch 450/620
01:25:11 Train 48/48 - loss: 0.1904 - acc: 0.9577
01:25:12 Valid 5/5 - loss: 0.1593 - acc: 0.9560
Epoch 451/620
01:25:23 Train 48/48 - loss: 0.1883 - acc: 0.9577
Epoch 452/620
01:25:35 Train 48/48 - loss: 0.1858 - acc: 0.9593
01:25:36 Valid 5/5 - loss: 0.1836 - acc: 0.9483
Epoch 453/620
01:25:47 Train 48/48 - loss: 0.1882 - acc: 0.9581
Epoch 454/620
01:25:59 Train 48/48 - loss: 0.1864 - acc: 0.9583
01:26:00 Valid 5/5 - loss: 0.2149 - acc: 0.9419
Epoch 455/620
01:26:11 Train 48/48 - loss: 0.1890 - acc: 0.9569
Epoch 456/620
01:26:23 Train 48/48 - loss: 0.1861 - acc: 0.9578
01:26:23 Valid 5/5 - loss: 0.1728 - acc: 0.9516
Epoch 457/620
01:26:35 Train 48/48 - loss: 0.1844 - acc: 0.9590
Epoch 458/620
01:26:46 Train 48/48 - loss: 0.1830 - acc: 0.9591
01:26:47 Valid 5/5 - loss: 0.1345 - acc: 0.9587
Epoch 459/620
01:26:58 Train 48/48 - loss: 0.1776 - acc: 0.9604
Epoch 460/620
01:27:10 Train 48/48 - loss: 0.1822 - acc: 0.9597
01:27:10 Valid 5/5 - loss: 0.1608 - acc: 0.9550
Epoch 461/620
01:27:22 Train 48/48 - loss: 0.1796 - acc: 0.9612
Epoch 462/620
01:27:33 Train 48/48 - loss: 0.1774 - acc: 0.9597
01:27:34 Valid 5/5 - loss: 0.1379 - acc: 0.9604
Epoch 463/620
01:27:45 Train 48/48 - loss: 0.1812 - acc: 0.9612
Epoch 464/620
01:27:56 Train 48/48 - loss: 0.1695 - acc: 0.9632
01:27:57 Valid 5/5 - loss: 0.1536 - acc: 0.9575
Epoch 465/620
01:28:09 Train 48/48 - loss: 0.1722 - acc: 0.9626
Epoch 466/620
01:28:20 Train 48/48 - loss: 0.1721 - acc: 0.9618
01:28:21 Valid 5/5 - loss: 0.1630 - acc: 0.9540
Epoch 467/620
01:28:32 Train 48/48 - loss: 0.1737 - acc: 0.9620
Epoch 468/620
01:28:43 Train 48/48 - loss: 0.1695 - acc: 0.9621
01:28:44 Valid 5/5 - loss: 0.1407 - acc: 0.9607
Epoch 469/620
01:28:56 Train 48/48 - loss: 0.1694 - acc: 0.9617
Epoch 470/620
01:29:07 Train 48/48 - loss: 0.1681 - acc: 0.9630
01:29:08 Valid 5/5 - loss: 0.1499 - acc: 0.9568
Epoch 471/620
01:29:19 Train 48/48 - loss: 0.1660 - acc: 0.9627
Epoch 472/620
01:29:30 Train 48/48 - loss: 0.1653 - acc: 0.9636
01:29:31 Valid 5/5 - loss: 0.1414 - acc: 0.9606
Epoch 473/620
01:29:42 Train 48/48 - loss: 0.1714 - acc: 0.9615
Epoch 474/620
01:29:54 Train 48/48 - loss: 0.1658 - acc: 0.9631
01:29:55 Valid 5/5 - loss: 0.1468 - acc: 0.9575
Epoch 475/620
01:30:06 Train 48/48 - loss: 0.1607 - acc: 0.9657
Epoch 476/620
01:30:17 Train 48/48 - loss: 0.1640 - acc: 0.9643
01:30:18 Valid 5/5 - loss: 0.1489 - acc: 0.9576
Epoch 477/620
01:30:29 Train 48/48 - loss: 0.1611 - acc: 0.9643
Epoch 478/620
01:30:40 Train 48/48 - loss: 0.1539 - acc: 0.9665
01:30:41 Valid 5/5 - loss: 0.1407 - acc: 0.9601
Epoch 479/620
01:30:52 Train 48/48 - loss: 0.1564 - acc: 0.9652
Epoch 480/620
01:31:03 Train 48/48 - loss: 0.1583 - acc: 0.9657
01:31:04 Valid 5/5 - loss: 0.1484 - acc: 0.9589
Epoch 481/620
01:31:15 Train 48/48 - loss: 0.1561 - acc: 0.9654
Epoch 482/620
01:31:27 Train 48/48 - loss: 0.1521 - acc: 0.9666
01:31:27 Valid 5/5 - loss: 0.1581 - acc: 0.9576
Epoch 483/620
01:31:39 Train 48/48 - loss: 0.1545 - acc: 0.9656
Epoch 484/620
01:31:50 Train 48/48 - loss: 0.1552 - acc: 0.9655
01:31:51 Valid 5/5 - loss: 0.1417 - acc: 0.9599
Epoch 485/620
01:32:02 Train 48/48 - loss: 0.1548 - acc: 0.9660
Epoch 486/620
01:32:13 Train 48/48 - loss: 0.1537 - acc: 0.9671
01:32:14 Valid 5/5 - loss: 0.1477 - acc: 0.9597
Epoch 487/620
01:32:25 Train 48/48 - loss: 0.1450 - acc: 0.9687
Epoch 488/620
01:32:36 Train 48/48 - loss: 0.1460 - acc: 0.9682
01:32:37 Valid 5/5 - loss: 0.1418 - acc: 0.9617
Epoch 489/620
01:32:48 Train 48/48 - loss: 0.1451 - acc: 0.9688
Epoch 490/620
01:32:59 Train 48/48 - loss: 0.1469 - acc: 0.9681
01:33:00 Valid 5/5 - loss: 0.1463 - acc: 0.9591
Epoch 491/620
01:33:12 Train 48/48 - loss: 0.1465 - acc: 0.9679
Epoch 492/620
01:33:23 Train 48/48 - loss: 0.1446 - acc: 0.9687
01:33:24 Valid 5/5 - loss: 0.1423 - acc: 0.9610
Epoch 493/620
01:33:36 Train 48/48 - loss: 0.1476 - acc: 0.9677
Epoch 494/620
01:33:47 Train 48/48 - loss: 0.1407 - acc: 0.9695
01:33:48 Valid 5/5 - loss: 0.1293 - acc: 0.9639
Epoch 495/620
01:33:59 Train 48/48 - loss: 0.1373 - acc: 0.9701
Epoch 496/620
01:34:11 Train 48/48 - loss: 0.1385 - acc: 0.9706
01:34:12 Valid 5/5 - loss: 0.1602 - acc: 0.9574
Epoch 497/620
01:34:23 Train 48/48 - loss: 0.1422 - acc: 0.9697
Epoch 498/620
01:34:35 Train 48/48 - loss: 0.1345 - acc: 0.9717
01:34:36 Valid 5/5 - loss: 0.1306 - acc: 0.9646
Epoch 499/620
01:34:47 Train 48/48 - loss: 0.1344 - acc: 0.9715
Epoch 500/620
01:34:58 Train 48/48 - loss: 0.1381 - acc: 0.9697
01:34:59 Valid 5/5 - loss: 0.1242 - acc: 0.9666
Epoch 501/620
01:35:11 Train 48/48 - loss: 0.1366 - acc: 0.9715
Epoch 502/620
01:35:22 Train 48/48 - loss: 0.1323 - acc: 0.9720
01:35:23 Valid 5/5 - loss: 0.1298 - acc: 0.9653
Epoch 503/620
01:35:35 Train 48/48 - loss: 0.1335 - acc: 0.9723
Epoch 504/620
01:35:46 Train 48/48 - loss: 0.1313 - acc: 0.9723
01:35:47 Valid 5/5 - loss: 0.1338 - acc: 0.9642
Epoch 505/620
01:35:59 Train 48/48 - loss: 0.1302 - acc: 0.9726
Epoch 506/620
01:36:10 Train 48/48 - loss: 0.1296 - acc: 0.9722
01:36:11 Valid 5/5 - loss: 0.1319 - acc: 0.9620
Epoch 507/620
01:36:22 Train 48/48 - loss: 0.1318 - acc: 0.9708
Epoch 508/620
01:36:34 Train 48/48 - loss: 0.1278 - acc: 0.9728
01:36:35 Valid 5/5 - loss: 0.1309 - acc: 0.9649
Epoch 509/620
01:36:46 Train 48/48 - loss: 0.1269 - acc: 0.9732
Epoch 510/620
01:36:57 Train 48/48 - loss: 0.1278 - acc: 0.9723
01:36:58 Valid 5/5 - loss: 0.1238 - acc: 0.9675
Epoch 511/620
01:37:10 Train 48/48 - loss: 0.1219 - acc: 0.9739
Epoch 512/620
01:37:21 Train 48/48 - loss: 0.1237 - acc: 0.9737
01:37:22 Valid 5/5 - loss: 0.1234 - acc: 0.9676
Epoch 513/620
01:37:33 Train 48/48 - loss: 0.1197 - acc: 0.9741
Epoch 514/620
01:37:44 Train 48/48 - loss: 0.1221 - acc: 0.9740
01:37:45 Valid 5/5 - loss: 0.1305 - acc: 0.9648
Epoch 515/620
01:37:57 Train 48/48 - loss: 0.1215 - acc: 0.9747
Epoch 516/620
01:38:08 Train 48/48 - loss: 0.1207 - acc: 0.9741
01:38:09 Valid 5/5 - loss: 0.1194 - acc: 0.9668
Epoch 517/620
01:38:20 Train 48/48 - loss: 0.1200 - acc: 0.9749
Epoch 518/620
01:38:31 Train 48/48 - loss: 0.1165 - acc: 0.9757
01:38:32 Valid 5/5 - loss: 0.1278 - acc: 0.9649
Epoch 519/620
01:38:43 Train 48/48 - loss: 0.1159 - acc: 0.9760
Epoch 520/620
01:38:54 Train 48/48 - loss: 0.1169 - acc: 0.9751
01:38:55 Valid 5/5 - loss: 0.1339 - acc: 0.9650
Epoch 521/620
01:39:07 Train 48/48 - loss: 0.1157 - acc: 0.9753
Epoch 522/620
01:39:18 Train 48/48 - loss: 0.1164 - acc: 0.9753
01:39:19 Valid 5/5 - loss: 0.1222 - acc: 0.9655
Epoch 523/620
01:39:30 Train 48/48 - loss: 0.1091 - acc: 0.9775
Epoch 524/620
01:39:41 Train 48/48 - loss: 0.1081 - acc: 0.9777
01:39:42 Valid 5/5 - loss: 0.1170 - acc: 0.9678
Epoch 525/620
01:39:53 Train 48/48 - loss: 0.1087 - acc: 0.9777
Epoch 526/620
01:40:05 Train 48/48 - loss: 0.1109 - acc: 0.9772
01:40:06 Valid 5/5 - loss: 0.1214 - acc: 0.9690
Epoch 527/620
01:40:17 Train 48/48 - loss: 0.1082 - acc: 0.9772
Epoch 528/620
01:40:28 Train 48/48 - loss: 0.1139 - acc: 0.9764
01:40:29 Valid 5/5 - loss: 0.1253 - acc: 0.9637
Epoch 529/620
01:40:40 Train 48/48 - loss: 0.1086 - acc: 0.9772
Epoch 530/620
01:40:52 Train 48/48 - loss: 0.1058 - acc: 0.9776
01:40:52 Valid 5/5 - loss: 0.1199 - acc: 0.9693
Epoch 531/620
01:41:04 Train 48/48 - loss: 0.1105 - acc: 0.9768
Epoch 532/620
01:41:15 Train 48/48 - loss: 0.1072 - acc: 0.9790
01:41:16 Valid 5/5 - loss: 0.1177 - acc: 0.9691
Epoch 533/620
01:41:27 Train 48/48 - loss: 0.1057 - acc: 0.9781
Epoch 534/620
01:41:39 Train 48/48 - loss: 0.1007 - acc: 0.9792
01:41:40 Valid 5/5 - loss: 0.1252 - acc: 0.9668
Epoch 535/620
01:41:51 Train 48/48 - loss: 0.1015 - acc: 0.9787
Epoch 536/620
01:42:02 Train 48/48 - loss: 0.1016 - acc: 0.9796
01:42:03 Valid 5/5 - loss: 0.1214 - acc: 0.9687
Epoch 537/620
01:42:14 Train 48/48 - loss: 0.1009 - acc: 0.9794
Epoch 538/620
01:42:26 Train 48/48 - loss: 0.0975 - acc: 0.9807
01:42:27 Valid 5/5 - loss: 0.1207 - acc: 0.9671
Epoch 539/620
01:42:38 Train 48/48 - loss: 0.0988 - acc: 0.9793
Epoch 540/620
01:42:49 Train 48/48 - loss: 0.0966 - acc: 0.9803
01:42:50 Valid 5/5 - loss: 0.1088 - acc: 0.9700
Epoch 541/620
01:43:01 Train 48/48 - loss: 0.0998 - acc: 0.9802
Epoch 542/620
01:43:13 Train 48/48 - loss: 0.0984 - acc: 0.9798
01:43:14 Valid 5/5 - loss: 0.1164 - acc: 0.9693
Epoch 543/620
01:43:25 Train 48/48 - loss: 0.0979 - acc: 0.9807
Epoch 544/620
01:43:36 Train 48/48 - loss: 0.0939 - acc: 0.9812
01:43:37 Valid 5/5 - loss: 0.1136 - acc: 0.9687
Epoch 545/620
01:43:49 Train 48/48 - loss: 0.0925 - acc: 0.9813
Epoch 546/620
01:44:00 Train 48/48 - loss: 0.0933 - acc: 0.9813
01:44:01 Valid 5/5 - loss: 0.1120 - acc: 0.9698
Epoch 547/620
01:44:12 Train 48/48 - loss: 0.0933 - acc: 0.9813
Epoch 548/620
01:44:23 Train 48/48 - loss: 0.0926 - acc: 0.9811
01:44:24 Valid 5/5 - loss: 0.1132 - acc: 0.9701
Epoch 549/620
01:44:35 Train 48/48 - loss: 0.0917 - acc: 0.9812
Epoch 550/620
01:44:47 Train 48/48 - loss: 0.0895 - acc: 0.9820
01:44:48 Valid 5/5 - loss: 0.1163 - acc: 0.9689
Epoch 551/620
01:44:59 Train 48/48 - loss: 0.0903 - acc: 0.9819
Epoch 552/620
01:45:10 Train 48/48 - loss: 0.0893 - acc: 0.9829
01:45:11 Valid 5/5 - loss: 0.1109 - acc: 0.9700
Epoch 553/620
01:45:23 Train 48/48 - loss: 0.0892 - acc: 0.9824
Epoch 554/620
01:45:34 Train 48/48 - loss: 0.0884 - acc: 0.9816
01:45:35 Valid 5/5 - loss: 0.1045 - acc: 0.9723
Epoch 555/620
01:45:46 Train 48/48 - loss: 0.0863 - acc: 0.9824
Epoch 556/620
01:45:58 Train 48/48 - loss: 0.0842 - acc: 0.9832
01:45:59 Valid 5/5 - loss: 0.1100 - acc: 0.9711
Epoch 557/620
01:46:10 Train 48/48 - loss: 0.0870 - acc: 0.9828
Epoch 558/620
01:46:22 Train 48/48 - loss: 0.0843 - acc: 0.9834
01:46:23 Valid 5/5 - loss: 0.1130 - acc: 0.9698
Epoch 559/620
01:46:34 Train 48/48 - loss: 0.0833 - acc: 0.9837
Epoch 560/620
01:46:46 Train 48/48 - loss: 0.0792 - acc: 0.9848
01:46:47 Valid 5/5 - loss: 0.1109 - acc: 0.9709
Epoch 561/620
01:46:58 Train 48/48 - loss: 0.0803 - acc: 0.9839
Epoch 562/620
01:47:09 Train 48/48 - loss: 0.0828 - acc: 0.9835
01:47:10 Valid 5/5 - loss: 0.1110 - acc: 0.9712
Epoch 563/620
01:47:22 Train 48/48 - loss: 0.0800 - acc: 0.9849
Epoch 564/620
01:47:33 Train 48/48 - loss: 0.0800 - acc: 0.9845
01:47:34 Valid 5/5 - loss: 0.1099 - acc: 0.9718
Epoch 565/620
01:47:45 Train 48/48 - loss: 0.0817 - acc: 0.9839
Epoch 566/620
01:47:57 Train 48/48 - loss: 0.0806 - acc: 0.9844
01:47:58 Valid 5/5 - loss: 0.1107 - acc: 0.9700
Epoch 567/620
01:48:09 Train 48/48 - loss: 0.0812 - acc: 0.9838
Epoch 568/620
01:48:21 Train 48/48 - loss: 0.0772 - acc: 0.9851
01:48:22 Valid 5/5 - loss: 0.1112 - acc: 0.9706
Epoch 569/620
01:48:33 Train 48/48 - loss: 0.0823 - acc: 0.9836
Epoch 570/620
01:48:44 Train 48/48 - loss: 0.0765 - acc: 0.9856
01:48:45 Valid 5/5 - loss: 0.1104 - acc: 0.9703
Epoch 571/620
01:48:57 Train 48/48 - loss: 0.0819 - acc: 0.9834
Epoch 572/620
01:49:08 Train 48/48 - loss: 0.0766 - acc: 0.9851
01:49:09 Valid 5/5 - loss: 0.1063 - acc: 0.9715
Epoch 573/620
01:49:20 Train 48/48 - loss: 0.0774 - acc: 0.9847
Epoch 574/620
01:49:32 Train 48/48 - loss: 0.0788 - acc: 0.9848
01:49:33 Valid 5/5 - loss: 0.1066 - acc: 0.9711
Epoch 575/620
01:49:44 Train 48/48 - loss: 0.0768 - acc: 0.9848
Epoch 576/620
01:49:56 Train 48/48 - loss: 0.0755 - acc: 0.9854
01:49:57 Valid 5/5 - loss: 0.1080 - acc: 0.9709
Epoch 577/620
01:50:08 Train 48/48 - loss: 0.0759 - acc: 0.9848
Epoch 578/620
01:50:19 Train 48/48 - loss: 0.0765 - acc: 0.9852
01:50:20 Valid 5/5 - loss: 0.1078 - acc: 0.9726
Epoch 579/620
01:50:32 Train 48/48 - loss: 0.0757 - acc: 0.9854
Epoch 580/620
01:50:43 Train 48/48 - loss: 0.0731 - acc: 0.9857
01:50:44 Valid 5/5 - loss: 0.1077 - acc: 0.9725
Epoch 581/620
01:50:55 Train 48/48 - loss: 0.0740 - acc: 0.9855
Epoch 582/620
01:51:06 Train 48/48 - loss: 0.0752 - acc: 0.9854
01:51:07 Valid 5/5 - loss: 0.1057 - acc: 0.9720
Epoch 583/620
01:51:19 Train 48/48 - loss: 0.0722 - acc: 0.9859
Epoch 584/620
01:51:30 Train 48/48 - loss: 0.0750 - acc: 0.9855
01:51:31 Valid 5/5 - loss: 0.1055 - acc: 0.9718
Epoch 585/620
01:51:42 Train 48/48 - loss: 0.0736 - acc: 0.9858
Epoch 586/620
01:51:53 Train 48/48 - loss: 0.0757 - acc: 0.9849
01:51:54 Valid 5/5 - loss: 0.1056 - acc: 0.9716
Epoch 587/620
01:52:05 Train 48/48 - loss: 0.0728 - acc: 0.9860
Epoch 588/620
01:52:16 Train 48/48 - loss: 0.0727 - acc: 0.9861
01:52:17 Valid 5/5 - loss: 0.1050 - acc: 0.9728
Epoch 589/620
01:52:28 Train 48/48 - loss: 0.0692 - acc: 0.9871
Epoch 590/620
01:52:39 Train 48/48 - loss: 0.0744 - acc: 0.9858
01:52:40 Valid 5/5 - loss: 0.1043 - acc: 0.9728
Epoch 591/620
01:52:52 Train 48/48 - loss: 0.0713 - acc: 0.9869
Epoch 592/620
01:53:03 Train 48/48 - loss: 0.0711 - acc: 0.9868
01:53:04 Valid 5/5 - loss: 0.1037 - acc: 0.9727
Epoch 593/620
01:53:15 Train 48/48 - loss: 0.0709 - acc: 0.9861
Epoch 594/620
01:53:26 Train 48/48 - loss: 0.0723 - acc: 0.9863
01:53:27 Valid 5/5 - loss: 0.1030 - acc: 0.9727
Epoch 595/620
01:53:38 Train 48/48 - loss: 0.0685 - acc: 0.9871
Epoch 596/620
01:53:49 Train 48/48 - loss: 0.0682 - acc: 0.9871
01:53:50 Valid 5/5 - loss: 0.1009 - acc: 0.9733
Epoch 597/620
01:54:01 Train 48/48 - loss: 0.0715 - acc: 0.9862
Epoch 598/620
01:54:12 Train 48/48 - loss: 0.0693 - acc: 0.9872
01:54:13 Valid 5/5 - loss: 0.1012 - acc: 0.9728
Epoch 599/620
01:54:25 Train 48/48 - loss: 0.0713 - acc: 0.9859
Epoch 600/620
01:54:36 Train 48/48 - loss: 0.0681 - acc: 0.9873
01:54:37 Valid 5/5 - loss: 0.1025 - acc: 0.9735
Epoch 601/620
01:54:48 Train 48/48 - loss: 0.0743 - acc: 0.9862
Epoch 602/620
01:54:59 Train 48/48 - loss: 0.0734 - acc: 0.9856
01:55:00 Valid 5/5 - loss: 0.1021 - acc: 0.9732
Epoch 603/620
01:55:12 Train 48/48 - loss: 0.0699 - acc: 0.9867
Epoch 604/620
01:55:23 Train 48/48 - loss: 0.0714 - acc: 0.9858
01:55:24 Valid 5/5 - loss: 0.1026 - acc: 0.9734
Epoch 605/620
01:55:36 Train 48/48 - loss: 0.0697 - acc: 0.9866
Epoch 606/620
01:55:47 Train 48/48 - loss: 0.0686 - acc: 0.9874
01:55:48 Valid 5/5 - loss: 0.1010 - acc: 0.9734
Epoch 607/620
01:55:59 Train 48/48 - loss: 0.0731 - acc: 0.9860
Epoch 608/620
01:56:11 Train 48/48 - loss: 0.0701 - acc: 0.9871
01:56:12 Valid 5/5 - loss: 0.1009 - acc: 0.9731
Epoch 609/620
01:56:23 Train 48/48 - loss: 0.0699 - acc: 0.9870
Epoch 610/620
01:56:34 Train 48/48 - loss: 0.0714 - acc: 0.9873
01:56:35 Valid 5/5 - loss: 0.1010 - acc: 0.9734
Epoch 611/620
01:56:47 Train 48/48 - loss: 0.0693 - acc: 0.9870
Epoch 612/620
01:56:58 Train 48/48 - loss: 0.0707 - acc: 0.9863
01:56:59 Valid 5/5 - loss: 0.1012 - acc: 0.9731
Epoch 613/620
01:57:11 Train 48/48 - loss: 0.0749 - acc: 0.9851
Epoch 614/620
01:57:22 Train 48/48 - loss: 0.0718 - acc: 0.9862
01:57:23 Valid 5/5 - loss: 0.1008 - acc: 0.9734
Epoch 615/620
01:57:34 Train 48/48 - loss: 0.0717 - acc: 0.9862
Epoch 616/620
01:57:45 Train 48/48 - loss: 0.0731 - acc: 0.9867
01:57:46 Valid 5/5 - loss: 0.1011 - acc: 0.9738
Epoch 617/620
01:57:57 Train 48/48 - loss: 0.0748 - acc: 0.9857
Epoch 618/620
01:58:08 Train 48/48 - loss: 0.0724 - acc: 0.9861
01:58:09 Valid 5/5 - loss: 0.1012 - acc: 0.9728
Epoch 619/620
01:58:20 Train 48/48 - loss: 0.0708 - acc: 0.9864
Epoch 620/620
01:58:32 Train 48/48 - loss: 0.0730 - acc: 0.9859
01:58:33 Valid 5/5 - loss: 0.1012 - acc: 0.9734