Epoch 1/620
10:24:02 Train 48/48 - loss: 2.6797 - acc: 0.2920
Epoch 2/620
10:24:15 Train 48/48 - loss: 2.1258 - acc: 0.4416
WARNING:tensorflow:From /usr/local/lib/python3.6/dist-packages/tensorflow/python/data/ops/multi_device_iterator_ops.py:601: get_next_as_optional (from tensorflow.python.data.ops.iterator_ops) is deprecated and will be removed in a future version.
Instructions for updating:
Use `tf.data.Iterator.get_next_as_optional()` instead.
WARNING:tensorflow:From /usr/local/lib/python3.6/dist-packages/tensorflow/python/data/ops/multi_device_iterator_ops.py:601: get_next_as_optional (from tensorflow.python.data.ops.iterator_ops) is deprecated and will be removed in a future version.
Instructions for updating:
Use `tf.data.Iterator.get_next_as_optional()` instead.
10:25:12 Valid 5/5 - loss: 1.8244 - acc: 0.4420
Epoch 3/620
10:25:25 Train 48/48 - loss: 1.8523 - acc: 0.5203
Epoch 4/620
10:25:38 Train 48/48 - loss: 1.6440 - acc: 0.5798
10:25:39 Valid 5/5 - loss: 1.2236 - acc: 0.5702
Epoch 5/620
10:25:52 Train 48/48 - loss: 1.5066 - acc: 0.6149
Epoch 6/620
10:26:06 Train 48/48 - loss: 1.3851 - acc: 0.6484
10:26:07 Valid 5/5 - loss: 1.0960 - acc: 0.6289
Epoch 7/620
10:26:20 Train 48/48 - loss: 1.2554 - acc: 0.6833
Epoch 8/620
10:26:33 Train 48/48 - loss: 1.1590 - acc: 0.7110
10:26:34 Valid 5/5 - loss: 1.0039 - acc: 0.6741
Epoch 9/620
10:26:48 Train 48/48 - loss: 1.0736 - acc: 0.7331
Epoch 10/620
10:27:01 Train 48/48 - loss: 1.0096 - acc: 0.7491
10:27:02 Valid 5/5 - loss: 0.7980 - acc: 0.7301
Epoch 11/620
10:27:15 Train 48/48 - loss: 0.9509 - acc: 0.7640
Epoch 12/620
10:27:29 Train 48/48 - loss: 0.8805 - acc: 0.7824
10:27:30 Valid 5/5 - loss: 1.0001 - acc: 0.6949
Epoch 13/620
10:27:43 Train 48/48 - loss: 0.8380 - acc: 0.7924
Epoch 14/620
10:27:56 Train 48/48 - loss: 0.7934 - acc: 0.8021
10:27:57 Valid 5/5 - loss: 0.5882 - acc: 0.8013
Epoch 15/620
10:28:10 Train 48/48 - loss: 0.7463 - acc: 0.8158
Epoch 16/620
10:28:24 Train 48/48 - loss: 0.7343 - acc: 0.8186
10:28:25 Valid 5/5 - loss: 0.6628 - acc: 0.7868
Epoch 17/620
10:28:38 Train 48/48 - loss: 0.7121 - acc: 0.8232
Epoch 18/620
10:28:51 Train 48/48 - loss: 0.6891 - acc: 0.8299
10:28:52 Valid 5/5 - loss: 0.6179 - acc: 0.7961
Epoch 19/620
10:29:06 Train 48/48 - loss: 0.6766 - acc: 0.8340
Epoch 20/620
10:29:19 Train 48/48 - loss: 0.6602 - acc: 0.8370
10:29:20 Valid 5/5 - loss: 0.9167 - acc: 0.7369
Epoch 21/620
10:29:33 Train 48/48 - loss: 0.6417 - acc: 0.8412
Epoch 22/620
10:29:47 Train 48/48 - loss: 0.6239 - acc: 0.8465
10:29:48 Valid 5/5 - loss: 0.5489 - acc: 0.8169
Epoch 23/620
10:30:01 Train 48/48 - loss: 0.5876 - acc: 0.8541
Epoch 24/620
10:30:14 Train 48/48 - loss: 0.6111 - acc: 0.8482
10:30:15 Valid 5/5 - loss: 0.4149 - acc: 0.8548
Epoch 25/620
10:30:29 Train 48/48 - loss: 0.5870 - acc: 0.8555
Epoch 26/620
10:30:42 Train 48/48 - loss: 0.5798 - acc: 0.8589
10:30:43 Valid 5/5 - loss: 1.0372 - acc: 0.6962
Epoch 27/620
10:30:57 Train 48/48 - loss: 0.5778 - acc: 0.8582
Epoch 28/620
10:31:10 Train 48/48 - loss: 0.5427 - acc: 0.8665
10:31:11 Valid 5/5 - loss: 0.5336 - acc: 0.8206
Epoch 29/620
10:31:24 Train 48/48 - loss: 0.5598 - acc: 0.8615
Epoch 30/620
10:31:38 Train 48/48 - loss: 0.5566 - acc: 0.8637
10:31:39 Valid 5/5 - loss: 0.3876 - acc: 0.8725
Epoch 31/620
10:31:52 Train 48/48 - loss: 0.5424 - acc: 0.8654
Epoch 32/620
10:32:05 Train 48/48 - loss: 0.5421 - acc: 0.8653
10:32:06 Valid 5/5 - loss: 0.5224 - acc: 0.8314
Epoch 33/620
10:32:20 Train 48/48 - loss: 0.5374 - acc: 0.8672
Epoch 34/620
10:32:33 Train 48/48 - loss: 0.5296 - acc: 0.8696
10:32:34 Valid 5/5 - loss: 0.6618 - acc: 0.7920
Epoch 35/620
10:32:48 Train 48/48 - loss: 0.5347 - acc: 0.8686
Epoch 36/620
10:33:01 Train 48/48 - loss: 0.5128 - acc: 0.8756
10:33:02 Valid 5/5 - loss: 0.5575 - acc: 0.8291
Epoch 37/620
10:33:16 Train 48/48 - loss: 0.5139 - acc: 0.8734
Epoch 38/620
10:33:29 Train 48/48 - loss: 0.5138 - acc: 0.8738
10:33:30 Valid 5/5 - loss: 0.3863 - acc: 0.8709
Epoch 39/620
10:33:44 Train 48/48 - loss: 0.5188 - acc: 0.8727
Epoch 40/620
10:33:57 Train 48/48 - loss: 0.5070 - acc: 0.8765
10:33:58 Valid 5/5 - loss: 0.5842 - acc: 0.8181
Epoch 41/620
10:34:11 Train 48/48 - loss: 0.5179 - acc: 0.8735
Epoch 42/620
10:34:25 Train 48/48 - loss: 0.4969 - acc: 0.8779
10:34:26 Valid 5/5 - loss: 0.6213 - acc: 0.8086
Epoch 43/620
10:34:40 Train 48/48 - loss: 0.5028 - acc: 0.8771
Epoch 44/620
10:34:53 Train 48/48 - loss: 0.4985 - acc: 0.8768
10:34:54 Valid 5/5 - loss: 0.3360 - acc: 0.8906
Epoch 45/620
10:35:08 Train 48/48 - loss: 0.5098 - acc: 0.8744
Epoch 46/620
10:35:21 Train 48/48 - loss: 0.4884 - acc: 0.8809
10:35:22 Valid 5/5 - loss: 0.4334 - acc: 0.8576
Epoch 47/620
10:35:36 Train 48/48 - loss: 0.4909 - acc: 0.8805
Epoch 48/620
10:35:49 Train 48/48 - loss: 0.4774 - acc: 0.8831
10:35:50 Valid 5/5 - loss: 0.4995 - acc: 0.8415
Epoch 49/620
10:36:03 Train 48/48 - loss: 0.4957 - acc: 0.8777
Epoch 50/620
10:36:17 Train 48/48 - loss: 0.4931 - acc: 0.8781
10:36:18 Valid 5/5 - loss: 0.4471 - acc: 0.8607
Epoch 51/620
10:36:31 Train 48/48 - loss: 0.4795 - acc: 0.8824
Epoch 52/620
10:36:45 Train 48/48 - loss: 0.4862 - acc: 0.8813
10:36:46 Valid 5/5 - loss: 1.0153 - acc: 0.7205
Epoch 53/620
10:36:59 Train 48/48 - loss: 0.4899 - acc: 0.8804
Epoch 54/620
10:37:13 Train 48/48 - loss: 0.4766 - acc: 0.8831
10:37:14 Valid 5/5 - loss: 0.6106 - acc: 0.8084
Epoch 55/620
10:37:27 Train 48/48 - loss: 0.4760 - acc: 0.8849
Epoch 56/620
10:37:40 Train 48/48 - loss: 0.4760 - acc: 0.8828
10:37:42 Valid 5/5 - loss: 0.4240 - acc: 0.8701
Epoch 57/620
10:37:55 Train 48/48 - loss: 0.4683 - acc: 0.8846
Epoch 58/620
10:38:08 Train 48/48 - loss: 0.4708 - acc: 0.8820
10:38:09 Valid 5/5 - loss: 0.5981 - acc: 0.8170
Epoch 59/620
10:38:23 Train 48/48 - loss: 0.4655 - acc: 0.8866
Epoch 60/620
10:38:36 Train 48/48 - loss: 0.4755 - acc: 0.8829
10:38:37 Valid 5/5 - loss: 0.3793 - acc: 0.8731
Epoch 61/620
10:38:50 Train 48/48 - loss: 0.4632 - acc: 0.8863
Epoch 62/620
10:39:04 Train 48/48 - loss: 0.4585 - acc: 0.8872
10:39:05 Valid 5/5 - loss: 0.4844 - acc: 0.8505
Epoch 63/620
10:39:18 Train 48/48 - loss: 0.4482 - acc: 0.8898
Epoch 64/620
10:39:32 Train 48/48 - loss: 0.4549 - acc: 0.8886
10:39:33 Valid 5/5 - loss: 0.4526 - acc: 0.8486
Epoch 65/620
10:39:46 Train 48/48 - loss: 0.4607 - acc: 0.8858
Epoch 66/620
10:39:59 Train 48/48 - loss: 0.4509 - acc: 0.8874
10:40:00 Valid 5/5 - loss: 0.4916 - acc: 0.8394
Epoch 67/620
10:40:14 Train 48/48 - loss: 0.4501 - acc: 0.8903
Epoch 68/620
10:40:27 Train 48/48 - loss: 0.4515 - acc: 0.8901
10:40:28 Valid 5/5 - loss: 0.4510 - acc: 0.8548
Epoch 69/620
10:40:41 Train 48/48 - loss: 0.4444 - acc: 0.8919
Epoch 70/620
10:40:55 Train 48/48 - loss: 0.4535 - acc: 0.8900
10:40:56 Valid 5/5 - loss: 0.8698 - acc: 0.7633
Epoch 71/620
10:41:09 Train 48/48 - loss: 0.4590 - acc: 0.8876
Epoch 72/620
10:41:22 Train 48/48 - loss: 0.4440 - acc: 0.8900
10:41:24 Valid 5/5 - loss: 0.7534 - acc: 0.7879
Epoch 73/620
10:41:37 Train 48/48 - loss: 0.4489 - acc: 0.8906
Epoch 74/620
10:41:50 Train 48/48 - loss: 0.4411 - acc: 0.8908
10:41:51 Valid 5/5 - loss: 0.4203 - acc: 0.8677
Epoch 75/620
10:42:05 Train 48/48 - loss: 0.4350 - acc: 0.8952
Epoch 76/620
10:42:18 Train 48/48 - loss: 0.4528 - acc: 0.8901
10:42:19 Valid 5/5 - loss: 0.4146 - acc: 0.8639
Epoch 77/620
10:42:32 Train 48/48 - loss: 0.4317 - acc: 0.8936
Epoch 78/620
10:42:45 Train 48/48 - loss: 0.4329 - acc: 0.8944
10:42:47 Valid 5/5 - loss: 0.3442 - acc: 0.8887
Epoch 79/620
10:43:00 Train 48/48 - loss: 0.4366 - acc: 0.8940
Epoch 80/620
10:43:13 Train 48/48 - loss: 0.4338 - acc: 0.8925
10:43:14 Valid 5/5 - loss: 0.6005 - acc: 0.8117
Epoch 81/620
10:43:28 Train 48/48 - loss: 0.4299 - acc: 0.8959
Epoch 82/620
10:43:41 Train 48/48 - loss: 0.4351 - acc: 0.8937
10:43:42 Valid 5/5 - loss: 0.5383 - acc: 0.8383
Epoch 83/620
10:43:56 Train 48/48 - loss: 0.4364 - acc: 0.8944
Epoch 84/620
10:44:09 Train 48/48 - loss: 0.4419 - acc: 0.8927
10:44:10 Valid 5/5 - loss: 0.4344 - acc: 0.8679
Epoch 85/620
10:44:23 Train 48/48 - loss: 0.4340 - acc: 0.8950
Epoch 86/620
10:44:37 Train 48/48 - loss: 0.4288 - acc: 0.8951
10:44:38 Valid 5/5 - loss: 0.6146 - acc: 0.8141
Epoch 87/620
10:44:52 Train 48/48 - loss: 0.4278 - acc: 0.8952
Epoch 88/620
10:45:05 Train 48/48 - loss: 0.4408 - acc: 0.8925
10:45:06 Valid 5/5 - loss: 0.5421 - acc: 0.8386
Epoch 89/620
10:45:19 Train 48/48 - loss: 0.4266 - acc: 0.8952
Epoch 90/620
10:45:33 Train 48/48 - loss: 0.4310 - acc: 0.8964
10:45:34 Valid 5/5 - loss: 0.4490 - acc: 0.8637
Epoch 91/620
10:45:47 Train 48/48 - loss: 0.4246 - acc: 0.8979
Epoch 92/620
10:46:00 Train 48/48 - loss: 0.4274 - acc: 0.8938
10:46:01 Valid 5/5 - loss: 0.4180 - acc: 0.8716
Epoch 93/620
10:46:15 Train 48/48 - loss: 0.4207 - acc: 0.8959
Epoch 94/620
10:46:28 Train 48/48 - loss: 0.4176 - acc: 0.8988
10:46:29 Valid 5/5 - loss: 0.5259 - acc: 0.8374
Epoch 95/620
10:46:43 Train 48/48 - loss: 0.4159 - acc: 0.8987
Epoch 96/620
10:46:56 Train 48/48 - loss: 0.4198 - acc: 0.8978
10:46:57 Valid 5/5 - loss: 0.5533 - acc: 0.8289
Epoch 97/620
10:47:10 Train 48/48 - loss: 0.4057 - acc: 0.9024
Epoch 98/620
10:47:24 Train 48/48 - loss: 0.4209 - acc: 0.8980
10:47:25 Valid 5/5 - loss: 0.3804 - acc: 0.8812
Epoch 99/620
10:47:38 Train 48/48 - loss: 0.4210 - acc: 0.8964
Epoch 100/620
10:47:52 Train 48/48 - loss: 0.4199 - acc: 0.8984
10:47:53 Valid 5/5 - loss: 0.4198 - acc: 0.8697
Epoch 101/620
10:48:06 Train 48/48 - loss: 0.4128 - acc: 0.8992
Epoch 102/620
10:48:20 Train 48/48 - loss: 0.4158 - acc: 0.8981
10:48:21 Valid 5/5 - loss: 0.3975 - acc: 0.8724
Epoch 103/620
10:48:34 Train 48/48 - loss: 0.4214 - acc: 0.8972
Epoch 104/620
10:48:48 Train 48/48 - loss: 0.4093 - acc: 0.8995
10:48:49 Valid 5/5 - loss: 0.4060 - acc: 0.8706
Epoch 105/620
10:49:02 Train 48/48 - loss: 0.4186 - acc: 0.8991
Epoch 106/620
10:49:15 Train 48/48 - loss: 0.4009 - acc: 0.9032
10:49:16 Valid 5/5 - loss: 0.3241 - acc: 0.8963
Epoch 107/620
10:49:30 Train 48/48 - loss: 0.4154 - acc: 0.8978
Epoch 108/620
10:49:43 Train 48/48 - loss: 0.4068 - acc: 0.9015
10:49:44 Valid 5/5 - loss: 0.3694 - acc: 0.8820
Epoch 109/620
10:49:58 Train 48/48 - loss: 0.4012 - acc: 0.9033
Epoch 110/620
10:50:11 Train 48/48 - loss: 0.4146 - acc: 0.8987
10:50:12 Valid 5/5 - loss: 0.4665 - acc: 0.8556
Epoch 111/620
10:50:26 Train 48/48 - loss: 0.4071 - acc: 0.9014
Epoch 112/620
10:50:39 Train 48/48 - loss: 0.4085 - acc: 0.9009
10:50:40 Valid 5/5 - loss: 0.2636 - acc: 0.9108
Epoch 113/620
10:50:53 Train 48/48 - loss: 0.4027 - acc: 0.9021
Epoch 114/620
10:51:07 Train 48/48 - loss: 0.4076 - acc: 0.8992
10:51:08 Valid 5/5 - loss: 0.4386 - acc: 0.8565
Epoch 115/620
10:51:21 Train 48/48 - loss: 0.4111 - acc: 0.9002
Epoch 116/620
10:51:34 Train 48/48 - loss: 0.4025 - acc: 0.9004
10:51:35 Valid 5/5 - loss: 0.4537 - acc: 0.8665
Epoch 117/620
10:51:48 Train 48/48 - loss: 0.4166 - acc: 0.8988
Epoch 118/620
10:52:02 Train 48/48 - loss: 0.4032 - acc: 0.9018
10:52:03 Valid 5/5 - loss: 0.4722 - acc: 0.8571
Epoch 119/620
10:52:16 Train 48/48 - loss: 0.4053 - acc: 0.9013
Epoch 120/620
10:52:29 Train 48/48 - loss: 0.4152 - acc: 0.8995
10:52:30 Valid 5/5 - loss: 0.3790 - acc: 0.8741
Epoch 121/620
10:52:44 Train 48/48 - loss: 0.4278 - acc: 0.8956
Epoch 122/620
10:52:57 Train 48/48 - loss: 0.4293 - acc: 0.8961
10:52:58 Valid 5/5 - loss: 0.4539 - acc: 0.8658
Epoch 123/620
10:53:12 Train 48/48 - loss: 0.4110 - acc: 0.9006
Epoch 124/620
10:53:25 Train 48/48 - loss: 0.3988 - acc: 0.9015
10:53:26 Valid 5/5 - loss: 0.5198 - acc: 0.8513
Epoch 125/620
10:53:39 Train 48/48 - loss: 0.4005 - acc: 0.9028
Epoch 126/620
10:53:52 Train 48/48 - loss: 0.3872 - acc: 0.9042
10:53:54 Valid 5/5 - loss: 0.3064 - acc: 0.9017
Epoch 127/620
10:54:07 Train 48/48 - loss: 0.3985 - acc: 0.9020
Epoch 128/620
10:54:20 Train 48/48 - loss: 0.3917 - acc: 0.9055
10:54:21 Valid 5/5 - loss: 0.4608 - acc: 0.8572
Epoch 129/620
10:54:34 Train 48/48 - loss: 0.3999 - acc: 0.9046
Epoch 130/620
10:54:48 Train 48/48 - loss: 0.4077 - acc: 0.9023
10:54:49 Valid 5/5 - loss: 0.3853 - acc: 0.8778
Epoch 131/620
10:55:02 Train 48/48 - loss: 0.3996 - acc: 0.9030
Epoch 132/620
10:55:16 Train 48/48 - loss: 0.4052 - acc: 0.8999
10:55:17 Valid 5/5 - loss: 0.6932 - acc: 0.7927
Epoch 133/620
10:55:30 Train 48/48 - loss: 0.3891 - acc: 0.9057
Epoch 134/620
10:55:43 Train 48/48 - loss: 0.3872 - acc: 0.9049
10:55:44 Valid 5/5 - loss: 0.3971 - acc: 0.8802
Epoch 135/620
10:55:58 Train 48/48 - loss: 0.3886 - acc: 0.9052
Epoch 136/620
10:56:11 Train 48/48 - loss: 0.4073 - acc: 0.8995
10:56:12 Valid 5/5 - loss: 0.4567 - acc: 0.8625
Epoch 137/620
10:56:26 Train 48/48 - loss: 0.4005 - acc: 0.9025
Epoch 138/620
10:56:39 Train 48/48 - loss: 0.3983 - acc: 0.9025
10:56:40 Valid 5/5 - loss: 0.3415 - acc: 0.8936
Epoch 139/620
10:56:53 Train 48/48 - loss: 0.3925 - acc: 0.9045
Epoch 140/620
10:57:07 Train 48/48 - loss: 0.4053 - acc: 0.9019
10:57:08 Valid 5/5 - loss: 0.3156 - acc: 0.8967
Epoch 141/620
10:57:21 Train 48/48 - loss: 0.3767 - acc: 0.9085
Epoch 142/620
10:57:35 Train 48/48 - loss: 0.4003 - acc: 0.9025
10:57:36 Valid 5/5 - loss: 0.3923 - acc: 0.8748
Epoch 143/620
10:57:49 Train 48/48 - loss: 0.3862 - acc: 0.9059
Epoch 144/620
10:58:03 Train 48/48 - loss: 0.3887 - acc: 0.9065
10:58:04 Valid 5/5 - loss: 0.3614 - acc: 0.8854
Epoch 145/620
10:58:17 Train 48/48 - loss: 0.3893 - acc: 0.9053
Epoch 146/620
10:58:31 Train 48/48 - loss: 0.3933 - acc: 0.9046
10:58:32 Valid 5/5 - loss: 0.3132 - acc: 0.8992
Epoch 147/620
10:58:45 Train 48/48 - loss: 0.3865 - acc: 0.9059
Epoch 148/620
10:58:59 Train 48/48 - loss: 0.3983 - acc: 0.9040
10:59:00 Valid 5/5 - loss: 0.3355 - acc: 0.8990
Epoch 149/620
10:59:13 Train 48/48 - loss: 0.3852 - acc: 0.9066
Epoch 150/620
10:59:26 Train 48/48 - loss: 0.3873 - acc: 0.9053
10:59:27 Valid 5/5 - loss: 0.4087 - acc: 0.8786
Epoch 151/620
10:59:41 Train 48/48 - loss: 0.3918 - acc: 0.9058
Epoch 152/620
10:59:54 Train 48/48 - loss: 0.3878 - acc: 0.9056
10:59:55 Valid 5/5 - loss: 0.3357 - acc: 0.8924
Epoch 153/620
11:00:09 Train 48/48 - loss: 0.3942 - acc: 0.9034
Epoch 154/620
11:00:22 Train 48/48 - loss: 0.3883 - acc: 0.9061
11:00:23 Valid 5/5 - loss: 0.3405 - acc: 0.8906
Epoch 155/620
11:00:36 Train 48/48 - loss: 0.3912 - acc: 0.9058
Epoch 156/620
11:00:50 Train 48/48 - loss: 0.3871 - acc: 0.9077
11:00:51 Valid 5/5 - loss: 0.5220 - acc: 0.8428
Epoch 157/620
11:01:04 Train 48/48 - loss: 0.3880 - acc: 0.9051
Epoch 158/620
11:01:17 Train 48/48 - loss: 0.3788 - acc: 0.9082
11:01:18 Valid 5/5 - loss: 0.3154 - acc: 0.9061
Epoch 159/620
11:01:31 Train 48/48 - loss: 0.3839 - acc: 0.9063
Epoch 160/620
11:01:45 Train 48/48 - loss: 0.3951 - acc: 0.9026
11:01:46 Valid 5/5 - loss: 0.4683 - acc: 0.8563
Epoch 161/620
11:01:59 Train 48/48 - loss: 0.3833 - acc: 0.9072
Epoch 162/620
11:02:12 Train 48/48 - loss: 0.3804 - acc: 0.9068
11:02:13 Valid 5/5 - loss: 0.2970 - acc: 0.9079
Epoch 163/620
11:02:27 Train 48/48 - loss: 0.3821 - acc: 0.9074
Epoch 164/620
11:02:40 Train 48/48 - loss: 0.3833 - acc: 0.9059
11:02:41 Valid 5/5 - loss: 0.3260 - acc: 0.9036
Epoch 165/620
11:02:55 Train 48/48 - loss: 0.3842 - acc: 0.9076
Epoch 166/620
11:03:08 Train 48/48 - loss: 0.3895 - acc: 0.9050
11:03:09 Valid 5/5 - loss: 0.3304 - acc: 0.8944
Epoch 167/620
11:03:22 Train 48/48 - loss: 0.3780 - acc: 0.9092
Epoch 168/620
11:03:36 Train 48/48 - loss: 0.3907 - acc: 0.9046
11:03:37 Valid 5/5 - loss: 0.3269 - acc: 0.9020
Epoch 169/620
11:03:50 Train 48/48 - loss: 0.3801 - acc: 0.9066
Epoch 170/620
11:04:03 Train 48/48 - loss: 0.3804 - acc: 0.9084
11:04:04 Valid 5/5 - loss: 0.3545 - acc: 0.8921
Epoch 171/620
11:04:18 Train 48/48 - loss: 0.3800 - acc: 0.9087
Epoch 172/620
11:04:31 Train 48/48 - loss: 0.3669 - acc: 0.9116
11:04:32 Valid 5/5 - loss: 0.3402 - acc: 0.8936
Epoch 173/620
11:04:45 Train 48/48 - loss: 0.3768 - acc: 0.9084
Epoch 174/620
11:04:59 Train 48/48 - loss: 0.3708 - acc: 0.9103
11:05:00 Valid 5/5 - loss: 0.2787 - acc: 0.9131
Epoch 175/620
11:05:13 Train 48/48 - loss: 0.3816 - acc: 0.9055
Epoch 176/620
11:05:27 Train 48/48 - loss: 0.3703 - acc: 0.9088
11:05:28 Valid 5/5 - loss: 0.3117 - acc: 0.8986
Epoch 177/620
11:05:41 Train 48/48 - loss: 0.3957 - acc: 0.9050
Epoch 178/620
11:05:54 Train 48/48 - loss: 0.3766 - acc: 0.9085
11:05:55 Valid 5/5 - loss: 0.3464 - acc: 0.8938
Epoch 179/620
11:06:09 Train 48/48 - loss: 0.3628 - acc: 0.9125
Epoch 180/620
11:06:22 Train 48/48 - loss: 0.3884 - acc: 0.9055
11:06:23 Valid 5/5 - loss: 0.2866 - acc: 0.9087
Epoch 181/620
11:06:36 Train 48/48 - loss: 0.3693 - acc: 0.9098
Epoch 182/620
11:06:50 Train 48/48 - loss: 0.3771 - acc: 0.9090
11:06:51 Valid 5/5 - loss: 0.3556 - acc: 0.8903
Epoch 183/620
11:07:04 Train 48/48 - loss: 0.3743 - acc: 0.9105
Epoch 184/620
11:07:17 Train 48/48 - loss: 0.3670 - acc: 0.9110
11:07:18 Valid 5/5 - loss: 0.2761 - acc: 0.9109
Epoch 185/620
11:07:32 Train 48/48 - loss: 0.3710 - acc: 0.9104
Epoch 186/620
11:07:45 Train 48/48 - loss: 0.3730 - acc: 0.9111
11:07:46 Valid 5/5 - loss: 0.2998 - acc: 0.9068
Epoch 187/620
11:08:00 Train 48/48 - loss: 0.3727 - acc: 0.9105
Epoch 188/620
11:08:13 Train 48/48 - loss: 0.3727 - acc: 0.9100
11:08:14 Valid 5/5 - loss: 0.3612 - acc: 0.8889
Epoch 189/620
11:08:27 Train 48/48 - loss: 0.3687 - acc: 0.9101
Epoch 190/620
11:08:40 Train 48/48 - loss: 0.3762 - acc: 0.9081
11:08:41 Valid 5/5 - loss: 0.3847 - acc: 0.8794
Epoch 191/620
11:08:55 Train 48/48 - loss: 0.3723 - acc: 0.9095
Epoch 192/620
11:09:08 Train 48/48 - loss: 0.3716 - acc: 0.9107
11:09:09 Valid 5/5 - loss: 0.3994 - acc: 0.8837
Epoch 193/620
11:09:22 Train 48/48 - loss: 0.3763 - acc: 0.9086
Epoch 194/620
11:09:36 Train 48/48 - loss: 0.3675 - acc: 0.9106
11:09:37 Valid 5/5 - loss: 0.3027 - acc: 0.9018
Epoch 195/620
11:09:50 Train 48/48 - loss: 0.3602 - acc: 0.9116
Epoch 196/620
11:10:03 Train 48/48 - loss: 0.3674 - acc: 0.9104
11:10:04 Valid 5/5 - loss: 0.2938 - acc: 0.9123
Epoch 197/620
11:10:18 Train 48/48 - loss: 0.3734 - acc: 0.9083
Epoch 198/620
11:10:31 Train 48/48 - loss: 0.3682 - acc: 0.9106
11:10:32 Valid 5/5 - loss: 0.3641 - acc: 0.8916
Epoch 199/620
11:10:46 Train 48/48 - loss: 0.3637 - acc: 0.9140
Epoch 200/620
11:10:59 Train 48/48 - loss: 0.3689 - acc: 0.9108
11:11:00 Valid 5/5 - loss: 0.2595 - acc: 0.9171
Epoch 201/620
11:11:13 Train 48/48 - loss: 0.3533 - acc: 0.9155
Epoch 202/620
11:11:27 Train 48/48 - loss: 0.3659 - acc: 0.9117
11:11:28 Valid 5/5 - loss: 0.2576 - acc: 0.9130
Epoch 203/620
11:11:41 Train 48/48 - loss: 0.3619 - acc: 0.9130
Epoch 204/620
11:11:54 Train 48/48 - loss: 0.3584 - acc: 0.9141
11:11:55 Valid 5/5 - loss: 0.2821 - acc: 0.9124
Epoch 205/620
11:12:09 Train 48/48 - loss: 0.3701 - acc: 0.9115
Epoch 206/620
11:12:22 Train 48/48 - loss: 0.3671 - acc: 0.9109
11:12:23 Valid 5/5 - loss: 0.2958 - acc: 0.9122
Epoch 207/620
11:12:36 Train 48/48 - loss: 0.3672 - acc: 0.9110
Epoch 208/620
11:12:50 Train 48/48 - loss: 0.3588 - acc: 0.9134
11:12:51 Valid 5/5 - loss: 0.2516 - acc: 0.9197
Epoch 209/620
11:13:04 Train 48/48 - loss: 0.3636 - acc: 0.9114
Epoch 210/620
11:13:17 Train 48/48 - loss: 0.3677 - acc: 0.9118
11:13:18 Valid 5/5 - loss: 0.2877 - acc: 0.9104
Epoch 211/620
11:13:32 Train 48/48 - loss: 0.3773 - acc: 0.9077
Epoch 212/620
11:13:45 Train 48/48 - loss: 0.3558 - acc: 0.9144
11:13:46 Valid 5/5 - loss: 0.2571 - acc: 0.9166
Epoch 213/620
11:14:00 Train 48/48 - loss: 0.3451 - acc: 0.9174
Epoch 214/620
11:14:13 Train 48/48 - loss: 0.3694 - acc: 0.9104
11:14:14 Valid 5/5 - loss: 0.2632 - acc: 0.9141
Epoch 215/620
11:14:27 Train 48/48 - loss: 0.3579 - acc: 0.9143
Epoch 216/620
11:14:41 Train 48/48 - loss: 0.3540 - acc: 0.9135
11:14:42 Valid 5/5 - loss: 0.3604 - acc: 0.8883
Epoch 217/620
11:14:55 Train 48/48 - loss: 0.3534 - acc: 0.9142
Epoch 218/620
11:15:08 Train 48/48 - loss: 0.3644 - acc: 0.9102
11:15:09 Valid 5/5 - loss: 0.2517 - acc: 0.9167
Epoch 219/620
11:15:23 Train 48/48 - loss: 0.3534 - acc: 0.9152
Epoch 220/620
11:15:36 Train 48/48 - loss: 0.3528 - acc: 0.9139
11:15:37 Valid 5/5 - loss: 0.3890 - acc: 0.8840
Epoch 221/620
11:15:50 Train 48/48 - loss: 0.3638 - acc: 0.9119
Epoch 222/620
11:16:04 Train 48/48 - loss: 0.3550 - acc: 0.9148
11:16:05 Valid 5/5 - loss: 0.3984 - acc: 0.8824
Epoch 223/620
11:16:18 Train 48/48 - loss: 0.3689 - acc: 0.9104
Epoch 224/620
11:16:31 Train 48/48 - loss: 0.3469 - acc: 0.9167
11:16:32 Valid 5/5 - loss: 0.2543 - acc: 0.9188
Epoch 225/620
11:16:46 Train 48/48 - loss: 0.3492 - acc: 0.9156
Epoch 226/620
11:16:59 Train 48/48 - loss: 0.3568 - acc: 0.9137
11:17:00 Valid 5/5 - loss: 0.2352 - acc: 0.9242
Epoch 227/620
11:17:13 Train 48/48 - loss: 0.3557 - acc: 0.9134
Epoch 228/620
11:17:27 Train 48/48 - loss: 0.3580 - acc: 0.9126
11:17:28 Valid 5/5 - loss: 0.3724 - acc: 0.8857
Epoch 229/620
11:17:41 Train 48/48 - loss: 0.3573 - acc: 0.9141
Epoch 230/620
11:17:54 Train 48/48 - loss: 0.3415 - acc: 0.9176
11:17:55 Valid 5/5 - loss: 0.3201 - acc: 0.9012
Epoch 231/620
11:18:08 Train 48/48 - loss: 0.3493 - acc: 0.9159
Epoch 232/620
11:18:21 Train 48/48 - loss: 0.3595 - acc: 0.9132
11:18:22 Valid 5/5 - loss: 0.2294 - acc: 0.9259
Epoch 233/620
11:18:36 Train 48/48 - loss: 0.3510 - acc: 0.9155
Epoch 234/620
11:18:49 Train 48/48 - loss: 0.3496 - acc: 0.9161
11:18:50 Valid 5/5 - loss: 0.3805 - acc: 0.8812
Epoch 235/620
11:19:04 Train 48/48 - loss: 0.3486 - acc: 0.9165
Epoch 236/620
11:19:17 Train 48/48 - loss: 0.3533 - acc: 0.9157
11:19:18 Valid 5/5 - loss: 0.3111 - acc: 0.9038
Epoch 237/620
11:19:31 Train 48/48 - loss: 0.3525 - acc: 0.9136
Epoch 238/620
11:19:45 Train 48/48 - loss: 0.3409 - acc: 0.9189
11:19:46 Valid 5/5 - loss: 0.2656 - acc: 0.9138
Epoch 239/620
11:19:59 Train 48/48 - loss: 0.3419 - acc: 0.9178
Epoch 240/620
11:20:13 Train 48/48 - loss: 0.3408 - acc: 0.9180
11:20:14 Valid 5/5 - loss: 0.3432 - acc: 0.8980
Epoch 241/620
11:20:27 Train 48/48 - loss: 0.3482 - acc: 0.9153
Epoch 242/620
11:20:41 Train 48/48 - loss: 0.3502 - acc: 0.9152
11:20:42 Valid 5/5 - loss: 0.2664 - acc: 0.9147
Epoch 243/620
11:20:55 Train 48/48 - loss: 0.3415 - acc: 0.9186
Epoch 244/620
11:21:08 Train 48/48 - loss: 0.3432 - acc: 0.9155
11:21:09 Valid 5/5 - loss: 0.2829 - acc: 0.9172
Epoch 245/620
11:21:23 Train 48/48 - loss: 0.3390 - acc: 0.9177
Epoch 246/620
11:21:36 Train 48/48 - loss: 0.3394 - acc: 0.9181
11:21:37 Valid 5/5 - loss: 0.2409 - acc: 0.9242
Epoch 247/620
11:21:50 Train 48/48 - loss: 0.3524 - acc: 0.9151
Epoch 248/620
11:22:04 Train 48/48 - loss: 0.3459 - acc: 0.9172
11:22:05 Valid 5/5 - loss: 0.2877 - acc: 0.9118
Epoch 249/620
11:22:18 Train 48/48 - loss: 0.3429 - acc: 0.9172
Epoch 250/620
11:22:31 Train 48/48 - loss: 0.3492 - acc: 0.9164
11:22:32 Valid 5/5 - loss: 0.2735 - acc: 0.9081
Epoch 251/620
11:22:46 Train 48/48 - loss: 0.3459 - acc: 0.9184
Epoch 252/620
11:22:59 Train 48/48 - loss: 0.3426 - acc: 0.9175
11:23:00 Valid 5/5 - loss: 0.2307 - acc: 0.9278
Epoch 253/620
11:23:13 Train 48/48 - loss: 0.3348 - acc: 0.9193
Epoch 254/620
11:23:27 Train 48/48 - loss: 0.3383 - acc: 0.9185
11:23:28 Valid 5/5 - loss: 0.3276 - acc: 0.8962
Epoch 255/620
11:23:41 Train 48/48 - loss: 0.3481 - acc: 0.9157
Epoch 256/620
11:23:54 Train 48/48 - loss: 0.3442 - acc: 0.9170
11:23:55 Valid 5/5 - loss: 0.3099 - acc: 0.9080
Epoch 257/620
11:24:09 Train 48/48 - loss: 0.3279 - acc: 0.9200
Epoch 258/620
11:24:22 Train 48/48 - loss: 0.3353 - acc: 0.9193
11:24:23 Valid 5/5 - loss: 0.2362 - acc: 0.9261
Epoch 259/620
11:24:36 Train 48/48 - loss: 0.3278 - acc: 0.9213
Epoch 260/620
11:24:50 Train 48/48 - loss: 0.3293 - acc: 0.9203
11:24:51 Valid 5/5 - loss: 0.2637 - acc: 0.9152
Epoch 261/620
11:25:04 Train 48/48 - loss: 0.3362 - acc: 0.9200
Epoch 262/620
11:25:17 Train 48/48 - loss: 0.3347 - acc: 0.9204
11:25:18 Valid 5/5 - loss: 0.2410 - acc: 0.9256
Epoch 263/620
11:25:32 Train 48/48 - loss: 0.3305 - acc: 0.9200
Epoch 264/620
11:25:45 Train 48/48 - loss: 0.3449 - acc: 0.9168
11:25:46 Valid 5/5 - loss: 0.3154 - acc: 0.9065
Epoch 265/620
11:25:59 Train 48/48 - loss: 0.3327 - acc: 0.9204
Epoch 266/620
11:26:13 Train 48/48 - loss: 0.3291 - acc: 0.9209
11:26:14 Valid 5/5 - loss: 0.2549 - acc: 0.9181
Epoch 267/620
11:26:27 Train 48/48 - loss: 0.3340 - acc: 0.9183
Epoch 268/620
11:26:41 Train 48/48 - loss: 0.3349 - acc: 0.9203
11:26:42 Valid 5/5 - loss: 0.2436 - acc: 0.9221
Epoch 269/620
11:26:55 Train 48/48 - loss: 0.3158 - acc: 0.9237
Epoch 270/620
11:27:08 Train 48/48 - loss: 0.3286 - acc: 0.9208
11:27:09 Valid 5/5 - loss: 0.2679 - acc: 0.9174
Epoch 271/620
11:27:23 Train 48/48 - loss: 0.3297 - acc: 0.9186
Epoch 272/620
11:27:36 Train 48/48 - loss: 0.3294 - acc: 0.9216
11:27:37 Valid 5/5 - loss: 0.2213 - acc: 0.9316
Epoch 273/620
11:27:50 Train 48/48 - loss: 0.3296 - acc: 0.9195
Epoch 274/620
11:28:04 Train 48/48 - loss: 0.3321 - acc: 0.9200
11:28:05 Valid 5/5 - loss: 0.2358 - acc: 0.9261
Epoch 275/620
11:28:18 Train 48/48 - loss: 0.3107 - acc: 0.9252
Epoch 276/620
11:28:31 Train 48/48 - loss: 0.3361 - acc: 0.9189
11:28:33 Valid 5/5 - loss: 0.2387 - acc: 0.9217
Epoch 277/620
11:28:46 Train 48/48 - loss: 0.3190 - acc: 0.9240
Epoch 278/620
11:28:59 Train 48/48 - loss: 0.3288 - acc: 0.9222
11:29:00 Valid 5/5 - loss: 0.2266 - acc: 0.9268
Epoch 279/620
11:29:13 Train 48/48 - loss: 0.3241 - acc: 0.9217
Epoch 280/620
11:29:27 Train 48/48 - loss: 0.3234 - acc: 0.9230
11:29:28 Valid 5/5 - loss: 0.3080 - acc: 0.9034
Epoch 281/620
11:29:41 Train 48/48 - loss: 0.3203 - acc: 0.9224
Epoch 282/620
11:29:54 Train 48/48 - loss: 0.3122 - acc: 0.9264
11:29:55 Valid 5/5 - loss: 0.2190 - acc: 0.9316
Epoch 283/620
11:30:09 Train 48/48 - loss: 0.3242 - acc: 0.9221
Epoch 284/620
11:30:22 Train 48/48 - loss: 0.3171 - acc: 0.9232
11:30:23 Valid 5/5 - loss: 0.3133 - acc: 0.9059
Epoch 285/620
11:30:36 Train 48/48 - loss: 0.3211 - acc: 0.9227
Epoch 286/620
11:30:50 Train 48/48 - loss: 0.3145 - acc: 0.9242
11:30:51 Valid 5/5 - loss: 0.2941 - acc: 0.9090
Epoch 287/620
11:31:04 Train 48/48 - loss: 0.3175 - acc: 0.9244
Epoch 288/620
11:31:18 Train 48/48 - loss: 0.3138 - acc: 0.9251
11:31:19 Valid 5/5 - loss: 0.2549 - acc: 0.9192
Epoch 289/620
11:31:32 Train 48/48 - loss: 0.3222 - acc: 0.9226
Epoch 290/620
11:31:45 Train 48/48 - loss: 0.3162 - acc: 0.9249
11:31:46 Valid 5/5 - loss: 0.2020 - acc: 0.9362
Epoch 291/620
11:32:00 Train 48/48 - loss: 0.3220 - acc: 0.9208
Epoch 292/620
11:32:13 Train 48/48 - loss: 0.3206 - acc: 0.9224
11:32:14 Valid 5/5 - loss: 0.2494 - acc: 0.9199
Epoch 293/620
11:32:27 Train 48/48 - loss: 0.3097 - acc: 0.9258
Epoch 294/620
11:32:41 Train 48/48 - loss: 0.3158 - acc: 0.9247
11:32:42 Valid 5/5 - loss: 0.2391 - acc: 0.9271
Epoch 295/620
11:32:55 Train 48/48 - loss: 0.3162 - acc: 0.9244
Epoch 296/620
11:33:08 Train 48/48 - loss: 0.3224 - acc: 0.9225
11:33:09 Valid 5/5 - loss: 0.2911 - acc: 0.9113
Epoch 297/620
11:33:23 Train 48/48 - loss: 0.3064 - acc: 0.9277
Epoch 298/620
11:33:36 Train 48/48 - loss: 0.3041 - acc: 0.9272
11:33:37 Valid 5/5 - loss: 0.2596 - acc: 0.9245
Epoch 299/620
11:33:50 Train 48/48 - loss: 0.3135 - acc: 0.9239
Epoch 300/620
11:34:04 Train 48/48 - loss: 0.3164 - acc: 0.9242
11:34:05 Valid 5/5 - loss: 0.2194 - acc: 0.9325
Epoch 301/620
11:34:18 Train 48/48 - loss: 0.3021 - acc: 0.9270
Epoch 302/620
11:34:31 Train 48/48 - loss: 0.3105 - acc: 0.9261
11:34:32 Valid 5/5 - loss: 0.2182 - acc: 0.9335
Epoch 303/620
11:34:46 Train 48/48 - loss: 0.3104 - acc: 0.9249
Epoch 304/620
11:34:59 Train 48/48 - loss: 0.3107 - acc: 0.9257
11:35:00 Valid 5/5 - loss: 0.2245 - acc: 0.9302
Epoch 305/620
11:35:14 Train 48/48 - loss: 0.2960 - acc: 0.9290
Epoch 306/620
11:35:27 Train 48/48 - loss: 0.3001 - acc: 0.9286
11:35:28 Valid 5/5 - loss: 0.2384 - acc: 0.9283
Epoch 307/620
11:35:42 Train 48/48 - loss: 0.3039 - acc: 0.9270
Epoch 308/620
11:35:55 Train 48/48 - loss: 0.3047 - acc: 0.9286
11:35:56 Valid 5/5 - loss: 0.2613 - acc: 0.9211
Epoch 309/620
11:36:09 Train 48/48 - loss: 0.3019 - acc: 0.9277
Epoch 310/620
11:36:23 Train 48/48 - loss: 0.3083 - acc: 0.9261
11:36:24 Valid 5/5 - loss: 0.2397 - acc: 0.9234
Epoch 311/620
11:36:37 Train 48/48 - loss: 0.3100 - acc: 0.9267
Epoch 312/620
11:36:51 Train 48/48 - loss: 0.2956 - acc: 0.9301
11:36:52 Valid 5/5 - loss: 0.2348 - acc: 0.9301
Epoch 313/620
11:37:05 Train 48/48 - loss: 0.3029 - acc: 0.9284
Epoch 314/620
11:37:18 Train 48/48 - loss: 0.3030 - acc: 0.9283
11:37:19 Valid 5/5 - loss: 0.2491 - acc: 0.9255
Epoch 315/620
11:37:33 Train 48/48 - loss: 0.3061 - acc: 0.9260
Epoch 316/620
11:37:46 Train 48/48 - loss: 0.2958 - acc: 0.9309
11:37:47 Valid 5/5 - loss: 0.2270 - acc: 0.9287
Epoch 317/620
11:38:01 Train 48/48 - loss: 0.2942 - acc: 0.9308
Epoch 318/620
11:38:14 Train 48/48 - loss: 0.3054 - acc: 0.9261
11:38:15 Valid 5/5 - loss: 0.2681 - acc: 0.9186
Epoch 319/620
11:38:28 Train 48/48 - loss: 0.2956 - acc: 0.9292
Epoch 320/620
11:38:42 Train 48/48 - loss: 0.2925 - acc: 0.9295
11:38:43 Valid 5/5 - loss: 0.2379 - acc: 0.9259
Epoch 321/620
11:38:56 Train 48/48 - loss: 0.2950 - acc: 0.9294
Epoch 322/620
11:39:09 Train 48/48 - loss: 0.2952 - acc: 0.9296
11:39:10 Valid 5/5 - loss: 0.2642 - acc: 0.9231
Epoch 323/620
11:39:24 Train 48/48 - loss: 0.2943 - acc: 0.9292
Epoch 324/620
11:39:37 Train 48/48 - loss: 0.2937 - acc: 0.9307
11:39:38 Valid 5/5 - loss: 0.2030 - acc: 0.9366
Epoch 325/620
11:39:51 Train 48/48 - loss: 0.2901 - acc: 0.9309
Epoch 326/620
11:40:05 Train 48/48 - loss: 0.2900 - acc: 0.9303
11:40:06 Valid 5/5 - loss: 0.2165 - acc: 0.9343
Epoch 327/620
11:40:19 Train 48/48 - loss: 0.2935 - acc: 0.9306
Epoch 328/620
11:40:32 Train 48/48 - loss: 0.2921 - acc: 0.9310
11:40:33 Valid 5/5 - loss: 0.1893 - acc: 0.9433
Epoch 329/620
11:40:47 Train 48/48 - loss: 0.2879 - acc: 0.9309
Epoch 330/620
11:41:00 Train 48/48 - loss: 0.2789 - acc: 0.9334
11:41:01 Valid 5/5 - loss: 0.2665 - acc: 0.9216
Epoch 331/620
11:41:15 Train 48/48 - loss: 0.2824 - acc: 0.9325
Epoch 332/620
11:41:28 Train 48/48 - loss: 0.2912 - acc: 0.9304
11:41:29 Valid 5/5 - loss: 0.2194 - acc: 0.9348
Epoch 333/620
11:41:42 Train 48/48 - loss: 0.2876 - acc: 0.9311
Epoch 334/620
11:41:56 Train 48/48 - loss: 0.2868 - acc: 0.9309
11:41:57 Valid 5/5 - loss: 0.3215 - acc: 0.9076
Epoch 335/620
11:42:10 Train 48/48 - loss: 0.2889 - acc: 0.9314
Epoch 336/620
11:42:23 Train 48/48 - loss: 0.2910 - acc: 0.9314
11:42:24 Valid 5/5 - loss: 0.2269 - acc: 0.9309
Epoch 337/620
11:42:38 Train 48/48 - loss: 0.2938 - acc: 0.9296
Epoch 338/620
11:42:51 Train 48/48 - loss: 0.2812 - acc: 0.9324
11:42:52 Valid 5/5 - loss: 0.2139 - acc: 0.9384
Epoch 339/620
11:43:05 Train 48/48 - loss: 0.2770 - acc: 0.9341
Epoch 340/620
11:43:18 Train 48/48 - loss: 0.2869 - acc: 0.9321
11:43:19 Valid 5/5 - loss: 0.2800 - acc: 0.9218
Epoch 341/620
11:43:32 Train 48/48 - loss: 0.2765 - acc: 0.9339
Epoch 342/620
11:43:46 Train 48/48 - loss: 0.2806 - acc: 0.9335
11:43:47 Valid 5/5 - loss: 0.1859 - acc: 0.9421
Epoch 343/620
11:44:00 Train 48/48 - loss: 0.2775 - acc: 0.9336
Epoch 344/620
11:44:13 Train 48/48 - loss: 0.2878 - acc: 0.9328
11:44:14 Valid 5/5 - loss: 0.2591 - acc: 0.9272
Epoch 345/620
11:44:28 Train 48/48 - loss: 0.2777 - acc: 0.9329
Epoch 346/620
11:44:41 Train 48/48 - loss: 0.2859 - acc: 0.9319
11:44:42 Valid 5/5 - loss: 0.2090 - acc: 0.9334
Epoch 347/620
11:44:55 Train 48/48 - loss: 0.2751 - acc: 0.9342
Epoch 348/620
11:45:09 Train 48/48 - loss: 0.2724 - acc: 0.9361
11:45:10 Valid 5/5 - loss: 0.2418 - acc: 0.9302
Epoch 349/620
11:45:23 Train 48/48 - loss: 0.2738 - acc: 0.9344
Epoch 350/620
11:45:37 Train 48/48 - loss: 0.2741 - acc: 0.9338
11:45:38 Valid 5/5 - loss: 0.2796 - acc: 0.9212
Epoch 351/620
11:45:51 Train 48/48 - loss: 0.2724 - acc: 0.9351
Epoch 352/620
11:46:05 Train 48/48 - loss: 0.2788 - acc: 0.9322
11:46:06 Valid 5/5 - loss: 0.2141 - acc: 0.9354
Epoch 353/620
11:46:19 Train 48/48 - loss: 0.2736 - acc: 0.9357
Epoch 354/620
11:46:33 Train 48/48 - loss: 0.2651 - acc: 0.9372
11:46:34 Valid 5/5 - loss: 0.2406 - acc: 0.9310
Epoch 355/620
11:46:47 Train 48/48 - loss: 0.2614 - acc: 0.9388
Epoch 356/620
11:47:00 Train 48/48 - loss: 0.2735 - acc: 0.9358
11:47:01 Valid 5/5 - loss: 0.1815 - acc: 0.9448
Epoch 357/620
11:47:15 Train 48/48 - loss: 0.2595 - acc: 0.9378
Epoch 358/620
11:47:28 Train 48/48 - loss: 0.2723 - acc: 0.9348
11:47:29 Valid 5/5 - loss: 0.2096 - acc: 0.9366
Epoch 359/620
11:47:42 Train 48/48 - loss: 0.2761 - acc: 0.9350
Epoch 360/620
11:47:55 Train 48/48 - loss: 0.2584 - acc: 0.9387
11:47:56 Valid 5/5 - loss: 0.2735 - acc: 0.9217
Epoch 361/620
11:48:09 Train 48/48 - loss: 0.2681 - acc: 0.9365
Epoch 362/620
11:48:23 Train 48/48 - loss: 0.2605 - acc: 0.9370
11:48:24 Valid 5/5 - loss: 0.2721 - acc: 0.9210
Epoch 363/620
11:48:37 Train 48/48 - loss: 0.2705 - acc: 0.9353
Epoch 364/620
11:48:51 Train 48/48 - loss: 0.2571 - acc: 0.9400
11:48:52 Valid 5/5 - loss: 0.1993 - acc: 0.9392
Epoch 365/620
11:49:05 Train 48/48 - loss: 0.2586 - acc: 0.9379
Epoch 366/620
11:49:19 Train 48/48 - loss: 0.2596 - acc: 0.9385
11:49:20 Valid 5/5 - loss: 0.2437 - acc: 0.9302
Epoch 367/620
11:49:33 Train 48/48 - loss: 0.2613 - acc: 0.9384
Epoch 368/620
11:49:47 Train 48/48 - loss: 0.2579 - acc: 0.9380
11:49:48 Valid 5/5 - loss: 0.2439 - acc: 0.9296
Epoch 369/620
11:50:01 Train 48/48 - loss: 0.2583 - acc: 0.9382
Epoch 370/620
11:50:14 Train 48/48 - loss: 0.2542 - acc: 0.9390
11:50:15 Valid 5/5 - loss: 0.2690 - acc: 0.9215
Epoch 371/620
11:50:28 Train 48/48 - loss: 0.2456 - acc: 0.9414
Epoch 372/620
11:50:42 Train 48/48 - loss: 0.2523 - acc: 0.9405
11:50:43 Valid 5/5 - loss: 0.2358 - acc: 0.9309
Epoch 373/620
11:50:56 Train 48/48 - loss: 0.2553 - acc: 0.9395
Epoch 374/620
11:51:09 Train 48/48 - loss: 0.2530 - acc: 0.9401
11:51:10 Valid 5/5 - loss: 0.2535 - acc: 0.9304
Epoch 375/620
11:51:23 Train 48/48 - loss: 0.2604 - acc: 0.9386
Epoch 376/620
11:51:37 Train 48/48 - loss: 0.2529 - acc: 0.9398
11:51:38 Valid 5/5 - loss: 0.2271 - acc: 0.9318
Epoch 377/620
11:51:51 Train 48/48 - loss: 0.2498 - acc: 0.9411
Epoch 378/620
11:52:04 Train 48/48 - loss: 0.2504 - acc: 0.9405
11:52:05 Valid 5/5 - loss: 0.2371 - acc: 0.9341
Epoch 379/620
11:52:18 Train 48/48 - loss: 0.2482 - acc: 0.9416
Epoch 380/620
11:52:32 Train 48/48 - loss: 0.2447 - acc: 0.9418
11:52:33 Valid 5/5 - loss: 0.2147 - acc: 0.9353
Epoch 381/620
11:52:46 Train 48/48 - loss: 0.2501 - acc: 0.9405
Epoch 382/620
11:52:59 Train 48/48 - loss: 0.2492 - acc: 0.9410
11:53:00 Valid 5/5 - loss: 0.1730 - acc: 0.9475
Epoch 383/620
11:53:14 Train 48/48 - loss: 0.2487 - acc: 0.9415
Epoch 384/620
11:53:27 Train 48/48 - loss: 0.2498 - acc: 0.9414
11:53:28 Valid 5/5 - loss: 0.2186 - acc: 0.9349
Epoch 385/620
11:53:42 Train 48/48 - loss: 0.2514 - acc: 0.9406
Epoch 386/620
11:53:55 Train 48/48 - loss: 0.2432 - acc: 0.9425
11:53:56 Valid 5/5 - loss: 0.1854 - acc: 0.9419
Epoch 387/620
11:54:09 Train 48/48 - loss: 0.2344 - acc: 0.9447
Epoch 388/620
11:54:23 Train 48/48 - loss: 0.2390 - acc: 0.9426
11:54:24 Valid 5/5 - loss: 0.1801 - acc: 0.9459
Epoch 389/620
11:54:37 Train 48/48 - loss: 0.2434 - acc: 0.9424
Epoch 390/620
11:54:50 Train 48/48 - loss: 0.2441 - acc: 0.9419
11:54:51 Valid 5/5 - loss: 0.2363 - acc: 0.9338
Epoch 391/620
11:55:05 Train 48/48 - loss: 0.2385 - acc: 0.9423
Epoch 392/620
11:55:18 Train 48/48 - loss: 0.2404 - acc: 0.9423
11:55:19 Valid 5/5 - loss: 0.2274 - acc: 0.9335
Epoch 393/620
11:55:32 Train 48/48 - loss: 0.2420 - acc: 0.9426
Epoch 394/620
11:55:46 Train 48/48 - loss: 0.2406 - acc: 0.9421
11:55:47 Valid 5/5 - loss: 0.2082 - acc: 0.9418
Epoch 395/620
11:56:01 Train 48/48 - loss: 0.2385 - acc: 0.9439
Epoch 396/620
11:56:14 Train 48/48 - loss: 0.2266 - acc: 0.9468
11:56:15 Valid 5/5 - loss: 0.1730 - acc: 0.9511
Epoch 397/620
11:56:28 Train 48/48 - loss: 0.2278 - acc: 0.9463
Epoch 398/620
11:56:42 Train 48/48 - loss: 0.2410 - acc: 0.9425
11:56:43 Valid 5/5 - loss: 0.2087 - acc: 0.9385
Epoch 399/620
11:56:56 Train 48/48 - loss: 0.2319 - acc: 0.9441
Epoch 400/620
11:57:09 Train 48/48 - loss: 0.2368 - acc: 0.9431
11:57:10 Valid 5/5 - loss: 0.1855 - acc: 0.9449
Epoch 401/620
11:57:24 Train 48/48 - loss: 0.2279 - acc: 0.9460
Epoch 402/620
11:57:37 Train 48/48 - loss: 0.2371 - acc: 0.9443
11:57:38 Valid 5/5 - loss: 0.1880 - acc: 0.9450
Epoch 403/620
11:57:52 Train 48/48 - loss: 0.2189 - acc: 0.9485
Epoch 404/620
11:58:05 Train 48/48 - loss: 0.2248 - acc: 0.9481
11:58:06 Valid 5/5 - loss: 0.1693 - acc: 0.9503
Epoch 405/620
11:58:19 Train 48/48 - loss: 0.2219 - acc: 0.9480
Epoch 406/620
11:58:33 Train 48/48 - loss: 0.2243 - acc: 0.9483
11:58:34 Valid 5/5 - loss: 0.1937 - acc: 0.9428
Epoch 407/620
11:58:47 Train 48/48 - loss: 0.2244 - acc: 0.9465
Epoch 408/620
11:59:00 Train 48/48 - loss: 0.2242 - acc: 0.9468
11:59:01 Valid 5/5 - loss: 0.1553 - acc: 0.9528
Epoch 409/620
11:59:14 Train 48/48 - loss: 0.2180 - acc: 0.9483
Epoch 410/620
11:59:28 Train 48/48 - loss: 0.2189 - acc: 0.9481
11:59:29 Valid 5/5 - loss: 0.1783 - acc: 0.9466
Epoch 411/620
11:59:42 Train 48/48 - loss: 0.2136 - acc: 0.9498
Epoch 412/620
11:59:55 Train 48/48 - loss: 0.2216 - acc: 0.9482
11:59:56 Valid 5/5 - loss: 0.1553 - acc: 0.9522
Epoch 413/620
12:00:10 Train 48/48 - loss: 0.2250 - acc: 0.9466
Epoch 414/620
12:00:23 Train 48/48 - loss: 0.2160 - acc: 0.9494
12:00:24 Valid 5/5 - loss: 0.1890 - acc: 0.9463
Epoch 415/620
12:00:37 Train 48/48 - loss: 0.2078 - acc: 0.9513
Epoch 416/620
12:00:51 Train 48/48 - loss: 0.2157 - acc: 0.9489
12:00:52 Valid 5/5 - loss: 0.1774 - acc: 0.9466
Epoch 417/620
12:01:05 Train 48/48 - loss: 0.2147 - acc: 0.9493
Epoch 418/620
12:01:18 Train 48/48 - loss: 0.2071 - acc: 0.9510
12:01:19 Valid 5/5 - loss: 0.2173 - acc: 0.9390
Epoch 419/620
12:01:32 Train 48/48 - loss: 0.2132 - acc: 0.9502
Epoch 420/620
12:01:46 Train 48/48 - loss: 0.2108 - acc: 0.9505
12:01:47 Valid 5/5 - loss: 0.1808 - acc: 0.9490
Epoch 421/620
12:02:00 Train 48/48 - loss: 0.1983 - acc: 0.9534
Epoch 422/620
12:02:13 Train 48/48 - loss: 0.2052 - acc: 0.9519
12:02:14 Valid 5/5 - loss: 0.1750 - acc: 0.9514
Epoch 423/620
12:02:27 Train 48/48 - loss: 0.2086 - acc: 0.9511
Epoch 424/620
12:02:41 Train 48/48 - loss: 0.2149 - acc: 0.9485
12:02:42 Valid 5/5 - loss: 0.1793 - acc: 0.9479
Epoch 425/620
12:02:55 Train 48/48 - loss: 0.2050 - acc: 0.9529
Epoch 426/620
12:03:08 Train 48/48 - loss: 0.2022 - acc: 0.9524
12:03:09 Valid 5/5 - loss: 0.2040 - acc: 0.9417
Epoch 427/620
12:03:22 Train 48/48 - loss: 0.1979 - acc: 0.9532
Epoch 428/620
12:03:35 Train 48/48 - loss: 0.2064 - acc: 0.9516
12:03:36 Valid 5/5 - loss: 0.1651 - acc: 0.9529
Epoch 429/620
12:03:50 Train 48/48 - loss: 0.2004 - acc: 0.9526
Epoch 430/620
12:04:03 Train 48/48 - loss: 0.2006 - acc: 0.9529
12:04:04 Valid 5/5 - loss: 0.1758 - acc: 0.9487
Epoch 431/620
12:04:17 Train 48/48 - loss: 0.2019 - acc: 0.9522
Epoch 432/620
12:04:30 Train 48/48 - loss: 0.2091 - acc: 0.9509
12:04:31 Valid 5/5 - loss: 0.1830 - acc: 0.9467
Epoch 433/620
12:04:44 Train 48/48 - loss: 0.1947 - acc: 0.9533
Epoch 434/620
12:04:58 Train 48/48 - loss: 0.2018 - acc: 0.9525
12:04:59 Valid 5/5 - loss: 0.1629 - acc: 0.9537
Epoch 435/620
12:05:12 Train 48/48 - loss: 0.1950 - acc: 0.9550
Epoch 436/620
12:05:25 Train 48/48 - loss: 0.1987 - acc: 0.9534
12:05:26 Valid 5/5 - loss: 0.2197 - acc: 0.9409
Epoch 437/620
12:05:40 Train 48/48 - loss: 0.1926 - acc: 0.9547
Epoch 438/620
12:05:53 Train 48/48 - loss: 0.1954 - acc: 0.9539
12:05:54 Valid 5/5 - loss: 0.2069 - acc: 0.9436
Epoch 439/620
12:06:07 Train 48/48 - loss: 0.1877 - acc: 0.9558
Epoch 440/620
12:06:20 Train 48/48 - loss: 0.1878 - acc: 0.9564
12:06:22 Valid 5/5 - loss: 0.1653 - acc: 0.9527
Epoch 441/620
12:06:35 Train 48/48 - loss: 0.1830 - acc: 0.9575
Epoch 442/620
12:06:48 Train 48/48 - loss: 0.1898 - acc: 0.9551
12:06:49 Valid 5/5 - loss: 0.1519 - acc: 0.9566
Epoch 443/620
12:07:02 Train 48/48 - loss: 0.1891 - acc: 0.9563
Epoch 444/620
12:07:16 Train 48/48 - loss: 0.1823 - acc: 0.9579
12:07:17 Valid 5/5 - loss: 0.1981 - acc: 0.9457
Epoch 445/620
12:07:30 Train 48/48 - loss: 0.1827 - acc: 0.9579
Epoch 446/620
12:07:43 Train 48/48 - loss: 0.1877 - acc: 0.9571
12:07:44 Valid 5/5 - loss: 0.1525 - acc: 0.9560
Epoch 447/620
12:07:57 Train 48/48 - loss: 0.1802 - acc: 0.9580
Epoch 448/620
12:08:11 Train 48/48 - loss: 0.1785 - acc: 0.9587
12:08:12 Valid 5/5 - loss: 0.1935 - acc: 0.9489
Epoch 449/620
12:08:25 Train 48/48 - loss: 0.1770 - acc: 0.9588
Epoch 450/620
12:08:39 Train 48/48 - loss: 0.1852 - acc: 0.9578
12:08:40 Valid 5/5 - loss: 0.1775 - acc: 0.9499
Epoch 451/620
12:08:53 Train 48/48 - loss: 0.1779 - acc: 0.9594
Epoch 452/620
12:09:06 Train 48/48 - loss: 0.1844 - acc: 0.9571
12:09:07 Valid 5/5 - loss: 0.1712 - acc: 0.9510
Epoch 453/620
12:09:21 Train 48/48 - loss: 0.1762 - acc: 0.9588
Epoch 454/620
12:09:34 Train 48/48 - loss: 0.1768 - acc: 0.9596
12:09:35 Valid 5/5 - loss: 0.1843 - acc: 0.9485
Epoch 455/620
12:09:48 Train 48/48 - loss: 0.1814 - acc: 0.9574
Epoch 456/620
12:10:01 Train 48/48 - loss: 0.1742 - acc: 0.9601
12:10:02 Valid 5/5 - loss: 0.1608 - acc: 0.9546
Epoch 457/620
12:10:16 Train 48/48 - loss: 0.1746 - acc: 0.9600
Epoch 458/620
12:10:29 Train 48/48 - loss: 0.1775 - acc: 0.9593
12:10:30 Valid 5/5 - loss: 0.1580 - acc: 0.9554
Epoch 459/620
12:10:43 Train 48/48 - loss: 0.1650 - acc: 0.9612
Epoch 460/620
12:10:57 Train 48/48 - loss: 0.1705 - acc: 0.9614
12:10:58 Valid 5/5 - loss: 0.1881 - acc: 0.9487
Epoch 461/620
12:11:11 Train 48/48 - loss: 0.1679 - acc: 0.9610
Epoch 462/620
12:11:25 Train 48/48 - loss: 0.1642 - acc: 0.9635
12:11:26 Valid 5/5 - loss: 0.1580 - acc: 0.9551
Epoch 463/620
12:11:39 Train 48/48 - loss: 0.1647 - acc: 0.9623
Epoch 464/620
12:11:52 Train 48/48 - loss: 0.1680 - acc: 0.9612
12:11:53 Valid 5/5 - loss: 0.1641 - acc: 0.9535
Epoch 465/620
12:12:06 Train 48/48 - loss: 0.1650 - acc: 0.9618
Epoch 466/620
12:12:20 Train 48/48 - loss: 0.1582 - acc: 0.9634
12:12:21 Valid 5/5 - loss: 0.1591 - acc: 0.9564
Epoch 467/620
12:12:34 Train 48/48 - loss: 0.1649 - acc: 0.9625
Epoch 468/620
12:12:48 Train 48/48 - loss: 0.1571 - acc: 0.9634
12:12:49 Valid 5/5 - loss: 0.1483 - acc: 0.9590
Epoch 469/620
12:13:02 Train 48/48 - loss: 0.1579 - acc: 0.9630
Epoch 470/620
12:13:16 Train 48/48 - loss: 0.1585 - acc: 0.9631
12:13:17 Valid 5/5 - loss: 0.1605 - acc: 0.9535
Epoch 471/620
12:13:30 Train 48/48 - loss: 0.1601 - acc: 0.9638
Epoch 472/620
12:13:44 Train 48/48 - loss: 0.1535 - acc: 0.9655
12:13:45 Valid 5/5 - loss: 0.1843 - acc: 0.9487
Epoch 473/620
12:13:58 Train 48/48 - loss: 0.1611 - acc: 0.9627
Epoch 474/620
12:14:12 Train 48/48 - loss: 0.1574 - acc: 0.9641
12:14:13 Valid 5/5 - loss: 0.1801 - acc: 0.9516
Epoch 475/620
12:14:26 Train 48/48 - loss: 0.1520 - acc: 0.9660
Epoch 476/620
12:14:40 Train 48/48 - loss: 0.1497 - acc: 0.9651
12:14:41 Valid 5/5 - loss: 0.1798 - acc: 0.9511
Epoch 477/620
12:14:54 Train 48/48 - loss: 0.1527 - acc: 0.9654
Epoch 478/620
12:15:07 Train 48/48 - loss: 0.1457 - acc: 0.9675
12:15:08 Valid 5/5 - loss: 0.1524 - acc: 0.9573
Epoch 479/620
12:15:22 Train 48/48 - loss: 0.1446 - acc: 0.9672
Epoch 480/620
12:15:35 Train 48/48 - loss: 0.1505 - acc: 0.9648
12:15:36 Valid 5/5 - loss: 0.1592 - acc: 0.9565
Epoch 481/620
12:15:49 Train 48/48 - loss: 0.1500 - acc: 0.9657
Epoch 482/620
12:16:03 Train 48/48 - loss: 0.1459 - acc: 0.9668
12:16:04 Valid 5/5 - loss: 0.1551 - acc: 0.9587
Epoch 483/620
12:16:17 Train 48/48 - loss: 0.1492 - acc: 0.9662
Epoch 484/620
12:16:31 Train 48/48 - loss: 0.1429 - acc: 0.9675
12:16:32 Valid 5/5 - loss: 0.1579 - acc: 0.9531
Epoch 485/620
12:16:45 Train 48/48 - loss: 0.1427 - acc: 0.9672
Epoch 486/620
12:16:58 Train 48/48 - loss: 0.1351 - acc: 0.9692
12:16:59 Valid 5/5 - loss: 0.1474 - acc: 0.9586
Epoch 487/620
12:17:13 Train 48/48 - loss: 0.1418 - acc: 0.9679
Epoch 488/620
12:17:26 Train 48/48 - loss: 0.1401 - acc: 0.9687
12:17:27 Valid 5/5 - loss: 0.1506 - acc: 0.9613
Epoch 489/620
12:17:41 Train 48/48 - loss: 0.1380 - acc: 0.9680
Epoch 490/620
12:17:54 Train 48/48 - loss: 0.1338 - acc: 0.9695
12:17:55 Valid 5/5 - loss: 0.1466 - acc: 0.9629
Epoch 491/620
12:18:08 Train 48/48 - loss: 0.1367 - acc: 0.9686
Epoch 492/620
12:18:22 Train 48/48 - loss: 0.1321 - acc: 0.9705
12:18:23 Valid 5/5 - loss: 0.1579 - acc: 0.9584
Epoch 493/620
12:18:36 Train 48/48 - loss: 0.1330 - acc: 0.9697
Epoch 494/620
12:18:50 Train 48/48 - loss: 0.1344 - acc: 0.9704
12:18:51 Valid 5/5 - loss: 0.1446 - acc: 0.9616
Epoch 495/620
12:19:04 Train 48/48 - loss: 0.1288 - acc: 0.9707
Epoch 496/620
12:19:17 Train 48/48 - loss: 0.1250 - acc: 0.9717
12:19:18 Valid 5/5 - loss: 0.1496 - acc: 0.9597
Epoch 497/620
12:19:32 Train 48/48 - loss: 0.1296 - acc: 0.9706
Epoch 498/620
12:19:45 Train 48/48 - loss: 0.1279 - acc: 0.9709
12:19:46 Valid 5/5 - loss: 0.1598 - acc: 0.9546
Epoch 499/620
12:19:59 Train 48/48 - loss: 0.1259 - acc: 0.9719
Epoch 500/620
12:20:13 Train 48/48 - loss: 0.1256 - acc: 0.9718
12:20:14 Valid 5/5 - loss: 0.1650 - acc: 0.9598
Epoch 501/620
12:20:27 Train 48/48 - loss: 0.1289 - acc: 0.9713
Epoch 502/620
12:20:40 Train 48/48 - loss: 0.1251 - acc: 0.9721
12:20:41 Valid 5/5 - loss: 0.1444 - acc: 0.9604
Epoch 503/620
12:20:54 Train 48/48 - loss: 0.1233 - acc: 0.9723
Epoch 504/620
12:21:07 Train 48/48 - loss: 0.1213 - acc: 0.9732
12:21:08 Valid 5/5 - loss: 0.1463 - acc: 0.9604
Epoch 505/620
12:21:22 Train 48/48 - loss: 0.1217 - acc: 0.9716
Epoch 506/620
12:21:35 Train 48/48 - loss: 0.1205 - acc: 0.9729
12:21:36 Valid 5/5 - loss: 0.1309 - acc: 0.9642
Epoch 507/620
12:21:49 Train 48/48 - loss: 0.1182 - acc: 0.9733
Epoch 508/620
12:22:03 Train 48/48 - loss: 0.1187 - acc: 0.9743
12:22:04 Valid 5/5 - loss: 0.1528 - acc: 0.9609
Epoch 509/620
12:22:17 Train 48/48 - loss: 0.1177 - acc: 0.9735
Epoch 510/620
12:22:30 Train 48/48 - loss: 0.1128 - acc: 0.9747
12:22:31 Valid 5/5 - loss: 0.1472 - acc: 0.9629
Epoch 511/620
12:22:45 Train 48/48 - loss: 0.1111 - acc: 0.9754
Epoch 512/620
12:22:58 Train 48/48 - loss: 0.1176 - acc: 0.9732
12:22:59 Valid 5/5 - loss: 0.1418 - acc: 0.9632
Epoch 513/620
12:23:12 Train 48/48 - loss: 0.1131 - acc: 0.9748
Epoch 514/620
12:23:25 Train 48/48 - loss: 0.1117 - acc: 0.9750
12:23:26 Valid 5/5 - loss: 0.1379 - acc: 0.9618
Epoch 515/620
12:23:40 Train 48/48 - loss: 0.1064 - acc: 0.9763
Epoch 516/620
12:23:53 Train 48/48 - loss: 0.1043 - acc: 0.9770
12:23:54 Valid 5/5 - loss: 0.1533 - acc: 0.9599
Epoch 517/620
12:24:07 Train 48/48 - loss: 0.1098 - acc: 0.9754
Epoch 518/620
12:24:20 Train 48/48 - loss: 0.1102 - acc: 0.9756
12:24:21 Valid 5/5 - loss: 0.1392 - acc: 0.9639
Epoch 519/620
12:24:35 Train 48/48 - loss: 0.1033 - acc: 0.9776
Epoch 520/620
12:24:48 Train 48/48 - loss: 0.1076 - acc: 0.9764
12:24:49 Valid 5/5 - loss: 0.1561 - acc: 0.9596
Epoch 521/620
12:25:02 Train 48/48 - loss: 0.1026 - acc: 0.9778
Epoch 522/620
12:25:16 Train 48/48 - loss: 0.1078 - acc: 0.9764
12:25:17 Valid 5/5 - loss: 0.1347 - acc: 0.9649
Epoch 523/620
12:25:30 Train 48/48 - loss: 0.1026 - acc: 0.9773
Epoch 524/620
12:25:43 Train 48/48 - loss: 0.0961 - acc: 0.9792
12:25:44 Valid 5/5 - loss: 0.1395 - acc: 0.9640
Epoch 525/620
12:25:57 Train 48/48 - loss: 0.0984 - acc: 0.9788
Epoch 526/620
12:26:11 Train 48/48 - loss: 0.0992 - acc: 0.9783
12:26:12 Valid 5/5 - loss: 0.1323 - acc: 0.9653
Epoch 527/620
12:26:25 Train 48/48 - loss: 0.0993 - acc: 0.9783
Epoch 528/620
12:26:38 Train 48/48 - loss: 0.0991 - acc: 0.9786
12:26:39 Valid 5/5 - loss: 0.1335 - acc: 0.9657
Epoch 529/620
12:26:53 Train 48/48 - loss: 0.0965 - acc: 0.9783
Epoch 530/620
12:27:06 Train 48/48 - loss: 0.0965 - acc: 0.9789
12:27:07 Valid 5/5 - loss: 0.1298 - acc: 0.9655
Epoch 531/620
12:27:20 Train 48/48 - loss: 0.0974 - acc: 0.9789
Epoch 532/620
12:27:33 Train 48/48 - loss: 0.0957 - acc: 0.9788
12:27:34 Valid 5/5 - loss: 0.1365 - acc: 0.9658
Epoch 533/620
12:27:48 Train 48/48 - loss: 0.0950 - acc: 0.9790
Epoch 534/620
12:28:01 Train 48/48 - loss: 0.0869 - acc: 0.9807
12:28:02 Valid 5/5 - loss: 0.1406 - acc: 0.9633
Epoch 535/620
12:28:15 Train 48/48 - loss: 0.0900 - acc: 0.9800
Epoch 536/620
12:28:28 Train 48/48 - loss: 0.0888 - acc: 0.9808
12:28:29 Valid 5/5 - loss: 0.1300 - acc: 0.9651
Epoch 537/620
12:28:43 Train 48/48 - loss: 0.0884 - acc: 0.9808
Epoch 538/620
12:28:56 Train 48/48 - loss: 0.0923 - acc: 0.9806
12:28:57 Valid 5/5 - loss: 0.1336 - acc: 0.9659
Epoch 539/620
12:29:10 Train 48/48 - loss: 0.0854 - acc: 0.9811
Epoch 540/620
12:29:23 Train 48/48 - loss: 0.0888 - acc: 0.9807
12:29:24 Valid 5/5 - loss: 0.1304 - acc: 0.9669
Epoch 541/620
12:29:37 Train 48/48 - loss: 0.0891 - acc: 0.9809
Epoch 542/620
12:29:50 Train 48/48 - loss: 0.0852 - acc: 0.9816
12:29:51 Valid 5/5 - loss: 0.1318 - acc: 0.9665
Epoch 543/620
12:30:05 Train 48/48 - loss: 0.0846 - acc: 0.9818
Epoch 544/620
12:30:18 Train 48/48 - loss: 0.0798 - acc: 0.9822
12:30:19 Valid 5/5 - loss: 0.1235 - acc: 0.9669
Epoch 545/620
12:30:32 Train 48/48 - loss: 0.0819 - acc: 0.9816
Epoch 546/620
12:30:46 Train 48/48 - loss: 0.0792 - acc: 0.9830
12:30:47 Valid 5/5 - loss: 0.1305 - acc: 0.9695
Epoch 547/620
12:31:00 Train 48/48 - loss: 0.0758 - acc: 0.9840
Epoch 548/620
12:31:13 Train 48/48 - loss: 0.0790 - acc: 0.9827
12:31:15 Valid 5/5 - loss: 0.1286 - acc: 0.9673
Epoch 549/620
12:31:28 Train 48/48 - loss: 0.0755 - acc: 0.9842
Epoch 550/620
12:31:41 Train 48/48 - loss: 0.0780 - acc: 0.9836
12:31:42 Valid 5/5 - loss: 0.1353 - acc: 0.9665
Epoch 551/620
12:31:55 Train 48/48 - loss: 0.0756 - acc: 0.9832
Epoch 552/620
12:32:09 Train 48/48 - loss: 0.0761 - acc: 0.9836
12:32:10 Valid 5/5 - loss: 0.1255 - acc: 0.9681
Epoch 553/620
12:32:23 Train 48/48 - loss: 0.0791 - acc: 0.9827
Epoch 554/620
12:32:37 Train 48/48 - loss: 0.0745 - acc: 0.9851
12:32:38 Valid 5/5 - loss: 0.1302 - acc: 0.9672
Epoch 555/620
12:32:51 Train 48/48 - loss: 0.0779 - acc: 0.9837
Epoch 556/620
12:33:04 Train 48/48 - loss: 0.0716 - acc: 0.9843
12:33:05 Valid 5/5 - loss: 0.1294 - acc: 0.9680
Epoch 557/620
12:33:19 Train 48/48 - loss: 0.0732 - acc: 0.9848
Epoch 558/620
12:33:32 Train 48/48 - loss: 0.0735 - acc: 0.9844
12:33:33 Valid 5/5 - loss: 0.1353 - acc: 0.9667
Epoch 559/620
12:33:46 Train 48/48 - loss: 0.0706 - acc: 0.9853
Epoch 560/620
12:33:59 Train 48/48 - loss: 0.0700 - acc: 0.9856
12:34:00 Valid 5/5 - loss: 0.1402 - acc: 0.9659
Epoch 561/620
12:34:14 Train 48/48 - loss: 0.0722 - acc: 0.9850
Epoch 562/620
12:34:27 Train 48/48 - loss: 0.0706 - acc: 0.9849
12:34:28 Valid 5/5 - loss: 0.1322 - acc: 0.9663
Epoch 563/620
12:34:41 Train 48/48 - loss: 0.0682 - acc: 0.9858
Epoch 564/620
12:34:55 Train 48/48 - loss: 0.0690 - acc: 0.9855
12:34:56 Valid 5/5 - loss: 0.1277 - acc: 0.9679
Epoch 565/620
12:35:09 Train 48/48 - loss: 0.0706 - acc: 0.9851
Epoch 566/620
12:35:22 Train 48/48 - loss: 0.0686 - acc: 0.9856
12:35:23 Valid 5/5 - loss: 0.1290 - acc: 0.9685
Epoch 567/620
12:35:36 Train 48/48 - loss: 0.0719 - acc: 0.9843
Epoch 568/620
12:35:50 Train 48/48 - loss: 0.0654 - acc: 0.9857
12:35:51 Valid 5/5 - loss: 0.1311 - acc: 0.9687
Epoch 569/620
12:36:04 Train 48/48 - loss: 0.0691 - acc: 0.9856
Epoch 570/620
12:36:17 Train 48/48 - loss: 0.0661 - acc: 0.9865
12:36:18 Valid 5/5 - loss: 0.1344 - acc: 0.9676
Epoch 571/620
12:36:31 Train 48/48 - loss: 0.0684 - acc: 0.9856
Epoch 572/620
12:36:45 Train 48/48 - loss: 0.0660 - acc: 0.9864
12:36:46 Valid 5/5 - loss: 0.1275 - acc: 0.9689
Epoch 573/620
12:36:59 Train 48/48 - loss: 0.0647 - acc: 0.9860
Epoch 574/620
12:37:12 Train 48/48 - loss: 0.0685 - acc: 0.9854
12:37:14 Valid 5/5 - loss: 0.1268 - acc: 0.9690
Epoch 575/620
12:37:27 Train 48/48 - loss: 0.0618 - acc: 0.9870
Epoch 576/620
12:37:40 Train 48/48 - loss: 0.0669 - acc: 0.9859
12:37:41 Valid 5/5 - loss: 0.1256 - acc: 0.9691
Epoch 577/620
12:37:54 Train 48/48 - loss: 0.0628 - acc: 0.9870
Epoch 578/620
12:38:08 Train 48/48 - loss: 0.0639 - acc: 0.9863
12:38:09 Valid 5/5 - loss: 0.1261 - acc: 0.9691
Epoch 579/620
12:38:22 Train 48/48 - loss: 0.0649 - acc: 0.9862
Epoch 580/620
12:38:35 Train 48/48 - loss: 0.0629 - acc: 0.9872
12:38:36 Valid 5/5 - loss: 0.1260 - acc: 0.9685
Epoch 581/620
12:38:50 Train 48/48 - loss: 0.0586 - acc: 0.9880
Epoch 582/620
12:39:03 Train 48/48 - loss: 0.0631 - acc: 0.9862
12:39:04 Valid 5/5 - loss: 0.1270 - acc: 0.9680
Epoch 583/620
12:39:17 Train 48/48 - loss: 0.0648 - acc: 0.9861
Epoch 584/620
12:39:30 Train 48/48 - loss: 0.0604 - acc: 0.9878
12:39:32 Valid 5/5 - loss: 0.1237 - acc: 0.9686
Epoch 585/620
12:39:45 Train 48/48 - loss: 0.0575 - acc: 0.9885
Epoch 586/620
12:39:58 Train 48/48 - loss: 0.0638 - acc: 0.9870
12:39:59 Valid 5/5 - loss: 0.1261 - acc: 0.9681
Epoch 587/620
12:40:13 Train 48/48 - loss: 0.0589 - acc: 0.9882
Epoch 588/620
12:40:26 Train 48/48 - loss: 0.0608 - acc: 0.9879
12:40:27 Valid 5/5 - loss: 0.1263 - acc: 0.9690
Epoch 589/620
12:40:41 Train 48/48 - loss: 0.0606 - acc: 0.9873
Epoch 590/620
12:40:54 Train 48/48 - loss: 0.0631 - acc: 0.9868
12:40:55 Valid 5/5 - loss: 0.1260 - acc: 0.9699
Epoch 591/620
12:41:08 Train 48/48 - loss: 0.0607 - acc: 0.9878
Epoch 592/620
12:41:22 Train 48/48 - loss: 0.0575 - acc: 0.9882
12:41:23 Valid 5/5 - loss: 0.1260 - acc: 0.9689
Epoch 593/620
12:41:36 Train 48/48 - loss: 0.0614 - acc: 0.9870
Epoch 594/620
12:41:50 Train 48/48 - loss: 0.0586 - acc: 0.9884
12:41:51 Valid 5/5 - loss: 0.1276 - acc: 0.9689
Epoch 595/620
12:42:04 Train 48/48 - loss: 0.0584 - acc: 0.9881
Epoch 596/620
12:42:17 Train 48/48 - loss: 0.0566 - acc: 0.9880
12:42:18 Valid 5/5 - loss: 0.1252 - acc: 0.9685
Epoch 597/620
12:42:31 Train 48/48 - loss: 0.0603 - acc: 0.9877
Epoch 598/620
12:42:45 Train 48/48 - loss: 0.0604 - acc: 0.9874
12:42:46 Valid 5/5 - loss: 0.1269 - acc: 0.9683
Epoch 599/620
12:42:59 Train 48/48 - loss: 0.0560 - acc: 0.9887
Epoch 600/620
12:43:12 Train 48/48 - loss: 0.0570 - acc: 0.9886
12:43:13 Valid 5/5 - loss: 0.1270 - acc: 0.9671
Epoch 601/620
12:43:26 Train 48/48 - loss: 0.0604 - acc: 0.9872
Epoch 602/620
12:43:40 Train 48/48 - loss: 0.0593 - acc: 0.9882
12:43:41 Valid 5/5 - loss: 0.1273 - acc: 0.9682
Epoch 603/620
12:43:54 Train 48/48 - loss: 0.0593 - acc: 0.9878
Epoch 604/620
12:44:07 Train 48/48 - loss: 0.0585 - acc: 0.9881
12:44:08 Valid 5/5 - loss: 0.1267 - acc: 0.9680
Epoch 605/620
12:44:22 Train 48/48 - loss: 0.0556 - acc: 0.9888
Epoch 606/620
12:44:35 Train 48/48 - loss: 0.0572 - acc: 0.9886
12:44:36 Valid 5/5 - loss: 0.1251 - acc: 0.9685
Epoch 607/620
12:44:49 Train 48/48 - loss: 0.0606 - acc: 0.9878
Epoch 608/620
12:45:02 Train 48/48 - loss: 0.0590 - acc: 0.9883
12:45:03 Valid 5/5 - loss: 0.1263 - acc: 0.9685
Epoch 609/620
12:45:17 Train 48/48 - loss: 0.0588 - acc: 0.9884
Epoch 610/620
12:45:30 Train 48/48 - loss: 0.0599 - acc: 0.9870
12:45:31 Valid 5/5 - loss: 0.1260 - acc: 0.9689
Epoch 611/620
12:45:44 Train 48/48 - loss: 0.0549 - acc: 0.9893
Epoch 612/620
12:45:57 Train 48/48 - loss: 0.0568 - acc: 0.9881
12:45:58 Valid 5/5 - loss: 0.1268 - acc: 0.9687
Epoch 613/620
12:46:12 Train 48/48 - loss: 0.0606 - acc: 0.9878
Epoch 614/620
12:46:25 Train 48/48 - loss: 0.0590 - acc: 0.9878
12:46:26 Valid 5/5 - loss: 0.1263 - acc: 0.9688
Epoch 615/620
12:46:39 Train 48/48 - loss: 0.0575 - acc: 0.9884
Epoch 616/620
12:46:52 Train 48/48 - loss: 0.0606 - acc: 0.9875
12:46:53 Valid 5/5 - loss: 0.1264 - acc: 0.9683
Epoch 617/620
12:47:06 Train 48/48 - loss: 0.0613 - acc: 0.9872
Epoch 618/620
12:47:20 Train 48/48 - loss: 0.0620 - acc: 0.9871
12:47:21 Valid 5/5 - loss: 0.1263 - acc: 0.9684
Epoch 619/620
12:47:34 Train 48/48 - loss: 0.0610 - acc: 0.9875
Epoch 620/620
12:47:48 Train 48/48 - loss: 0.0619 - acc: 0.9875
12:47:49 Valid 5/5 - loss: 0.1267 - acc: 0.9686