Epoch 1/620
18:02:42 Train 65/65 - loss: 3.2441 - acc: 0.1450
Epoch 2/620
18:03:00 Train 65/65 - loss: 2.7372 - acc: 0.2530
WARNING:tensorflow:From /usr/local/lib/python3.6/dist-packages/tensorflow/python/data/ops/multi_device_iterator_ops.py:601: get_next_as_optional (from tensorflow.python.data.ops.iterator_ops) is deprecated and will be removed in a future version.
Instructions for updating:
Use `tf.data.Iterator.get_next_as_optional()` instead.
WARNING:tensorflow:From /usr/local/lib/python3.6/dist-packages/tensorflow/python/data/ops/multi_device_iterator_ops.py:601: get_next_as_optional (from tensorflow.python.data.ops.iterator_ops) is deprecated and will be removed in a future version.
Instructions for updating:
Use `tf.data.Iterator.get_next_as_optional()` instead.
18:04:00 Valid 7/7 - loss: 2.5079 - acc: 0.2228
Epoch 3/620
18:04:18 Train 65/65 - loss: 2.3942 - acc: 0.3500
Epoch 4/620
18:04:37 Train 65/65 - loss: 2.1461 - acc: 0.4326
18:04:38 Valid 7/7 - loss: 1.4413 - acc: 0.4646
Epoch 5/620
18:04:56 Train 65/65 - loss: 1.9632 - acc: 0.4873
Epoch 6/620
18:05:14 Train 65/65 - loss: 1.7930 - acc: 0.5348
18:05:16 Valid 7/7 - loss: 1.1821 - acc: 0.5664
Epoch 7/620
18:05:34 Train 65/65 - loss: 1.6318 - acc: 0.5835
Epoch 8/620
18:05:52 Train 65/65 - loss: 1.5286 - acc: 0.6106
18:05:54 Valid 7/7 - loss: 1.2721 - acc: 0.5795
Epoch 9/620
18:06:12 Train 65/65 - loss: 1.4312 - acc: 0.6383
Epoch 10/620
18:06:30 Train 65/65 - loss: 1.3513 - acc: 0.6597
18:06:31 Valid 7/7 - loss: 0.9576 - acc: 0.6656
Epoch 11/620
18:06:50 Train 65/65 - loss: 1.2821 - acc: 0.6778
Epoch 12/620
18:07:08 Train 65/65 - loss: 1.1816 - acc: 0.7048
18:07:09 Valid 7/7 - loss: 0.8266 - acc: 0.7151
Epoch 13/620
18:07:27 Train 65/65 - loss: 1.1212 - acc: 0.7213
Epoch 14/620
18:07:46 Train 65/65 - loss: 1.0524 - acc: 0.7368
18:07:47 Valid 7/7 - loss: 0.8819 - acc: 0.6951
Epoch 15/620
18:08:05 Train 65/65 - loss: 0.9895 - acc: 0.7553
Epoch 16/620
18:08:23 Train 65/65 - loss: 0.9685 - acc: 0.7598
18:08:25 Valid 7/7 - loss: 0.6882 - acc: 0.7674
Epoch 17/620
18:08:43 Train 65/65 - loss: 0.9146 - acc: 0.7732
Epoch 18/620
18:09:01 Train 65/65 - loss: 0.8828 - acc: 0.7840
18:09:03 Valid 7/7 - loss: 0.5164 - acc: 0.8249
Epoch 19/620
18:09:21 Train 65/65 - loss: 0.8559 - acc: 0.7911
Epoch 20/620
18:09:39 Train 65/65 - loss: 0.8190 - acc: 0.7988
18:09:40 Valid 7/7 - loss: 0.6638 - acc: 0.7833
Epoch 21/620
18:09:59 Train 65/65 - loss: 0.8129 - acc: 0.8001
Epoch 22/620
18:10:17 Train 65/65 - loss: 0.7675 - acc: 0.8126
18:10:18 Valid 7/7 - loss: 0.7540 - acc: 0.7440
Epoch 23/620
18:10:37 Train 65/65 - loss: 0.7497 - acc: 0.8161
Epoch 24/620
18:10:55 Train 65/65 - loss: 0.7373 - acc: 0.8197
18:10:56 Valid 7/7 - loss: 0.5245 - acc: 0.8196
Epoch 25/620
18:11:15 Train 65/65 - loss: 0.7222 - acc: 0.8258
Epoch 26/620
18:11:33 Train 65/65 - loss: 0.7165 - acc: 0.8267
18:11:34 Valid 7/7 - loss: 0.4890 - acc: 0.8323
Epoch 27/620
18:11:53 Train 65/65 - loss: 0.6958 - acc: 0.8328
Epoch 28/620
18:12:11 Train 65/65 - loss: 0.6678 - acc: 0.8385
18:12:12 Valid 7/7 - loss: 0.4708 - acc: 0.8402
Epoch 29/620
18:12:30 Train 65/65 - loss: 0.6577 - acc: 0.8398
Epoch 30/620
18:12:49 Train 65/65 - loss: 0.6537 - acc: 0.8416
18:12:50 Valid 7/7 - loss: 0.4432 - acc: 0.8405
Epoch 31/620
18:13:09 Train 65/65 - loss: 0.6349 - acc: 0.8444
Epoch 32/620
18:13:27 Train 65/65 - loss: 0.6403 - acc: 0.8438
18:13:28 Valid 7/7 - loss: 1.0899 - acc: 0.7163
Epoch 33/620
18:13:47 Train 65/65 - loss: 0.6346 - acc: 0.8472
Epoch 34/620
18:14:05 Train 65/65 - loss: 0.6192 - acc: 0.8493
18:14:06 Valid 7/7 - loss: 0.4469 - acc: 0.8492
Epoch 35/620
18:14:25 Train 65/65 - loss: 0.6157 - acc: 0.8512
Epoch 36/620
18:14:43 Train 65/65 - loss: 0.6081 - acc: 0.8525
18:14:45 Valid 7/7 - loss: 0.4922 - acc: 0.8393
Epoch 37/620
18:15:03 Train 65/65 - loss: 0.5994 - acc: 0.8545
Epoch 38/620
18:15:21 Train 65/65 - loss: 0.5942 - acc: 0.8554
18:15:23 Valid 7/7 - loss: 0.4949 - acc: 0.8343
Epoch 39/620
18:15:41 Train 65/65 - loss: 0.5948 - acc: 0.8558
Epoch 40/620
18:16:00 Train 65/65 - loss: 0.5760 - acc: 0.8621
18:16:01 Valid 7/7 - loss: 0.6569 - acc: 0.8003
Epoch 41/620
18:16:19 Train 65/65 - loss: 0.5818 - acc: 0.8574
Epoch 42/620
18:16:38 Train 65/65 - loss: 0.5912 - acc: 0.8567
18:16:39 Valid 7/7 - loss: 0.4252 - acc: 0.8583
Epoch 43/620
18:16:57 Train 65/65 - loss: 0.5662 - acc: 0.8630
Epoch 44/620
18:17:16 Train 65/65 - loss: 0.5636 - acc: 0.8628
18:17:17 Valid 7/7 - loss: 0.5980 - acc: 0.8127
Epoch 45/620
18:17:36 Train 65/65 - loss: 0.5602 - acc: 0.8641
Epoch 46/620
18:17:54 Train 65/65 - loss: 0.5509 - acc: 0.8661
18:17:55 Valid 7/7 - loss: 0.3826 - acc: 0.8677
Epoch 47/620
18:18:14 Train 65/65 - loss: 0.5525 - acc: 0.8642
Epoch 48/620
18:18:32 Train 65/65 - loss: 0.5545 - acc: 0.8662
18:18:34 Valid 7/7 - loss: 0.4354 - acc: 0.8586
Epoch 49/620
18:18:52 Train 65/65 - loss: 0.5468 - acc: 0.8675
Epoch 50/620
18:19:11 Train 65/65 - loss: 0.5355 - acc: 0.8703
18:19:12 Valid 7/7 - loss: 0.4096 - acc: 0.8654
Epoch 51/620
18:19:30 Train 65/65 - loss: 0.5356 - acc: 0.8706
Epoch 52/620
18:19:49 Train 65/65 - loss: 0.5395 - acc: 0.8692
18:19:50 Valid 7/7 - loss: 0.4526 - acc: 0.8559
Epoch 53/620
18:20:09 Train 65/65 - loss: 0.5287 - acc: 0.8726
Epoch 54/620
18:20:27 Train 65/65 - loss: 0.5237 - acc: 0.8722
18:20:28 Valid 7/7 - loss: 0.4496 - acc: 0.8499
Epoch 55/620
18:20:47 Train 65/65 - loss: 0.5282 - acc: 0.8723
Epoch 56/620
18:21:06 Train 65/65 - loss: 0.5372 - acc: 0.8692
18:21:07 Valid 7/7 - loss: 0.4390 - acc: 0.8543
Epoch 57/620
18:21:25 Train 65/65 - loss: 0.5156 - acc: 0.8755
Epoch 58/620
18:21:44 Train 65/65 - loss: 0.5205 - acc: 0.8741
18:21:45 Valid 7/7 - loss: 0.4045 - acc: 0.8683
Epoch 59/620
18:22:04 Train 65/65 - loss: 0.5197 - acc: 0.8749
Epoch 60/620
18:22:22 Train 65/65 - loss: 0.5160 - acc: 0.8736
18:22:23 Valid 7/7 - loss: 0.4453 - acc: 0.8497
Epoch 61/620
18:22:42 Train 65/65 - loss: 0.5140 - acc: 0.8743
Epoch 62/620
18:23:01 Train 65/65 - loss: 0.5060 - acc: 0.8770
18:23:02 Valid 7/7 - loss: 0.5006 - acc: 0.8297
Epoch 63/620
18:23:20 Train 65/65 - loss: 0.5110 - acc: 0.8767
Epoch 64/620
18:23:39 Train 65/65 - loss: 0.5008 - acc: 0.8793
18:23:40 Valid 7/7 - loss: 0.4535 - acc: 0.8561
Epoch 65/620
18:23:59 Train 65/65 - loss: 0.4949 - acc: 0.8815
Epoch 66/620
18:24:17 Train 65/65 - loss: 0.4979 - acc: 0.8780
18:24:18 Valid 7/7 - loss: 0.3800 - acc: 0.8685
Epoch 67/620
18:24:37 Train 65/65 - loss: 0.4978 - acc: 0.8800
Epoch 68/620
18:24:55 Train 65/65 - loss: 0.4908 - acc: 0.8823
18:24:57 Valid 7/7 - loss: 0.4475 - acc: 0.8515
Epoch 69/620
18:25:15 Train 65/65 - loss: 0.4898 - acc: 0.8815
Epoch 70/620
18:25:34 Train 65/65 - loss: 0.4950 - acc: 0.8815
18:25:35 Valid 7/7 - loss: 0.5440 - acc: 0.8290
Epoch 71/620
18:25:53 Train 65/65 - loss: 0.4892 - acc: 0.8800
Epoch 72/620
18:26:12 Train 65/65 - loss: 0.4892 - acc: 0.8809
18:26:13 Valid 7/7 - loss: 0.4389 - acc: 0.8545
Epoch 73/620
18:26:31 Train 65/65 - loss: 0.4911 - acc: 0.8823
Epoch 74/620
18:26:50 Train 65/65 - loss: 0.4719 - acc: 0.8856
18:26:51 Valid 7/7 - loss: 0.3205 - acc: 0.8896
Epoch 75/620
18:27:10 Train 65/65 - loss: 0.4934 - acc: 0.8804
Epoch 76/620
18:27:28 Train 65/65 - loss: 0.4913 - acc: 0.8831
18:27:30 Valid 7/7 - loss: 0.4957 - acc: 0.8357
Epoch 77/620
18:27:48 Train 65/65 - loss: 0.4708 - acc: 0.8872
Epoch 78/620
18:28:07 Train 65/65 - loss: 0.4829 - acc: 0.8847
18:28:08 Valid 7/7 - loss: 0.4740 - acc: 0.8529
Epoch 79/620
18:28:26 Train 65/65 - loss: 0.4783 - acc: 0.8829
Epoch 80/620
18:28:45 Train 65/65 - loss: 0.4695 - acc: 0.8858
18:28:46 Valid 7/7 - loss: 0.4728 - acc: 0.8536
Epoch 81/620
18:29:04 Train 65/65 - loss: 0.4729 - acc: 0.8870
Epoch 82/620
18:29:23 Train 65/65 - loss: 0.4687 - acc: 0.8872
18:29:24 Valid 7/7 - loss: 0.4164 - acc: 0.8657
Epoch 83/620
18:29:43 Train 65/65 - loss: 0.4667 - acc: 0.8868
Epoch 84/620
18:30:01 Train 65/65 - loss: 0.4727 - acc: 0.8857
18:30:02 Valid 7/7 - loss: 0.5062 - acc: 0.8440
Epoch 85/620
18:30:21 Train 65/65 - loss: 0.4647 - acc: 0.8878
Epoch 86/620
18:30:39 Train 65/65 - loss: 0.4796 - acc: 0.8833
18:30:40 Valid 7/7 - loss: 0.3544 - acc: 0.8798
Epoch 87/620
18:30:59 Train 65/65 - loss: 0.4631 - acc: 0.8882
Epoch 88/620
18:31:17 Train 65/65 - loss: 0.4661 - acc: 0.8863
18:31:19 Valid 7/7 - loss: 0.4219 - acc: 0.8622
Epoch 89/620
18:31:37 Train 65/65 - loss: 0.4717 - acc: 0.8871
Epoch 90/620
18:31:55 Train 65/65 - loss: 0.4690 - acc: 0.8862
18:31:57 Valid 7/7 - loss: 0.5535 - acc: 0.8207
Epoch 91/620
18:32:15 Train 65/65 - loss: 0.4562 - acc: 0.8886
Epoch 92/620
18:32:34 Train 65/65 - loss: 0.4557 - acc: 0.8893
18:32:35 Valid 7/7 - loss: 0.3572 - acc: 0.8792
Epoch 93/620
18:32:53 Train 65/65 - loss: 0.4653 - acc: 0.8874
Epoch 94/620
18:33:12 Train 65/65 - loss: 0.4613 - acc: 0.8897
18:33:13 Valid 7/7 - loss: 0.4237 - acc: 0.8615
Epoch 95/620
18:33:31 Train 65/65 - loss: 0.4560 - acc: 0.8894
Epoch 96/620
18:33:50 Train 65/65 - loss: 0.4566 - acc: 0.8885
18:33:51 Valid 7/7 - loss: 0.3913 - acc: 0.8698
Epoch 97/620
18:34:10 Train 65/65 - loss: 0.4485 - acc: 0.8916
Epoch 98/620
18:34:28 Train 65/65 - loss: 0.4695 - acc: 0.8864
18:34:29 Valid 7/7 - loss: 0.4520 - acc: 0.8552
Epoch 99/620
18:34:48 Train 65/65 - loss: 0.4519 - acc: 0.8903
Epoch 100/620
18:35:06 Train 65/65 - loss: 0.4614 - acc: 0.8883
18:35:07 Valid 7/7 - loss: 0.3752 - acc: 0.8810
Epoch 101/620
18:35:26 Train 65/65 - loss: 0.4451 - acc: 0.8918
Epoch 102/620
18:35:44 Train 65/65 - loss: 0.4511 - acc: 0.8913
18:35:45 Valid 7/7 - loss: 0.4349 - acc: 0.8618
Epoch 103/620
18:36:04 Train 65/65 - loss: 0.4603 - acc: 0.8889
Epoch 104/620
18:36:22 Train 65/65 - loss: 0.4502 - acc: 0.8908
18:36:23 Valid 7/7 - loss: 0.4342 - acc: 0.8633
Epoch 105/620
18:36:42 Train 65/65 - loss: 0.4530 - acc: 0.8899
Epoch 106/620
18:37:00 Train 65/65 - loss: 0.4448 - acc: 0.8911
18:37:01 Valid 7/7 - loss: 0.4678 - acc: 0.8551
Epoch 107/620
18:37:20 Train 65/65 - loss: 0.4519 - acc: 0.8907
Epoch 108/620
18:37:38 Train 65/65 - loss: 0.4402 - acc: 0.8939
18:37:39 Valid 7/7 - loss: 0.2867 - acc: 0.9013
Epoch 109/620
18:37:58 Train 65/65 - loss: 0.4529 - acc: 0.8915
Epoch 110/620
18:38:17 Train 65/65 - loss: 0.4414 - acc: 0.8935
18:38:18 Valid 7/7 - loss: 0.3533 - acc: 0.8840
Epoch 111/620
18:38:36 Train 65/65 - loss: 0.4480 - acc: 0.8920
Epoch 112/620
18:38:55 Train 65/65 - loss: 0.4440 - acc: 0.8939
18:38:56 Valid 7/7 - loss: 0.4484 - acc: 0.8501
Epoch 113/620
18:39:14 Train 65/65 - loss: 0.4445 - acc: 0.8931
Epoch 114/620
18:39:33 Train 65/65 - loss: 0.4517 - acc: 0.8906
18:39:34 Valid 7/7 - loss: 0.4480 - acc: 0.8602
Epoch 115/620
18:39:52 Train 65/65 - loss: 0.4421 - acc: 0.8940
Epoch 116/620
18:40:11 Train 65/65 - loss: 0.4347 - acc: 0.8944
18:40:12 Valid 7/7 - loss: 0.5093 - acc: 0.8486
Epoch 117/620
18:40:31 Train 65/65 - loss: 0.4496 - acc: 0.8910
Epoch 118/620
18:40:49 Train 65/65 - loss: 0.4413 - acc: 0.8938
18:40:50 Valid 7/7 - loss: 0.3746 - acc: 0.8831
Epoch 119/620
18:41:09 Train 65/65 - loss: 0.4376 - acc: 0.8935
Epoch 120/620
18:41:28 Train 65/65 - loss: 0.4319 - acc: 0.8960
18:41:29 Valid 7/7 - loss: 0.3439 - acc: 0.8852
Epoch 121/620
18:41:47 Train 65/65 - loss: 0.4465 - acc: 0.8912
Epoch 122/620
18:42:06 Train 65/65 - loss: 0.4463 - acc: 0.8923
18:42:07 Valid 7/7 - loss: 0.4370 - acc: 0.8586
Epoch 123/620
18:42:26 Train 65/65 - loss: 0.4411 - acc: 0.8939
Epoch 124/620
18:42:44 Train 65/65 - loss: 0.4422 - acc: 0.8930
18:42:45 Valid 7/7 - loss: 0.4200 - acc: 0.8648
Epoch 125/620
18:43:04 Train 65/65 - loss: 0.4363 - acc: 0.8946
Epoch 126/620
18:43:23 Train 65/65 - loss: 0.4228 - acc: 0.8982
18:43:24 Valid 7/7 - loss: 0.3658 - acc: 0.8826
Epoch 127/620
18:43:42 Train 65/65 - loss: 0.4274 - acc: 0.8959
Epoch 128/620
18:44:01 Train 65/65 - loss: 0.4411 - acc: 0.8920
18:44:02 Valid 7/7 - loss: 0.3391 - acc: 0.8914
Epoch 129/620
18:44:21 Train 65/65 - loss: 0.4450 - acc: 0.8909
Epoch 130/620
18:44:40 Train 65/65 - loss: 0.4286 - acc: 0.8975
18:44:41 Valid 7/7 - loss: 0.4649 - acc: 0.8564
Epoch 131/620
18:45:00 Train 65/65 - loss: 0.4360 - acc: 0.8946
Epoch 132/620
18:45:18 Train 65/65 - loss: 0.4397 - acc: 0.8941
18:45:19 Valid 7/7 - loss: 0.2941 - acc: 0.9084
Epoch 133/620
18:45:38 Train 65/65 - loss: 0.4262 - acc: 0.8969
Epoch 134/620
18:45:56 Train 65/65 - loss: 0.4263 - acc: 0.8968
18:45:58 Valid 7/7 - loss: 0.6355 - acc: 0.8148
Epoch 135/620
18:46:16 Train 65/65 - loss: 0.4369 - acc: 0.8946
Epoch 136/620
18:46:35 Train 65/65 - loss: 0.4252 - acc: 0.8980
18:46:36 Valid 7/7 - loss: 0.3191 - acc: 0.8951
Epoch 137/620
18:46:54 Train 65/65 - loss: 0.4287 - acc: 0.8981
Epoch 138/620
18:47:13 Train 65/65 - loss: 0.4239 - acc: 0.8967
18:47:14 Valid 7/7 - loss: 0.4518 - acc: 0.8510
Epoch 139/620
18:47:32 Train 65/65 - loss: 0.4221 - acc: 0.8976
Epoch 140/620
18:47:51 Train 65/65 - loss: 0.4190 - acc: 0.9003
18:47:52 Valid 7/7 - loss: 0.3854 - acc: 0.8742
Epoch 141/620
18:48:10 Train 65/65 - loss: 0.4341 - acc: 0.8955
Epoch 142/620
18:48:29 Train 65/65 - loss: 0.4297 - acc: 0.8964
18:48:30 Valid 7/7 - loss: 0.3920 - acc: 0.8781
Epoch 143/620
18:48:48 Train 65/65 - loss: 0.4216 - acc: 0.8989
Epoch 144/620
18:49:07 Train 65/65 - loss: 0.4324 - acc: 0.8958
18:49:08 Valid 7/7 - loss: 0.3704 - acc: 0.8842
Epoch 145/620
18:49:27 Train 65/65 - loss: 0.4312 - acc: 0.8948
Epoch 146/620
18:49:45 Train 65/65 - loss: 0.4328 - acc: 0.8962
18:49:46 Valid 7/7 - loss: 0.6400 - acc: 0.8023
Epoch 147/620
18:50:05 Train 65/65 - loss: 0.4322 - acc: 0.8951
Epoch 148/620
18:50:24 Train 65/65 - loss: 0.4208 - acc: 0.8996
18:50:25 Valid 7/7 - loss: 0.2860 - acc: 0.9074
Epoch 149/620
18:50:43 Train 65/65 - loss: 0.4267 - acc: 0.8972
Epoch 150/620
18:51:02 Train 65/65 - loss: 0.4115 - acc: 0.9001
18:51:03 Valid 7/7 - loss: 0.4096 - acc: 0.8706
Epoch 151/620
18:51:22 Train 65/65 - loss: 0.4146 - acc: 0.9009
Epoch 152/620
18:51:40 Train 65/65 - loss: 0.4229 - acc: 0.8989
18:51:41 Valid 7/7 - loss: 0.5292 - acc: 0.8433
Epoch 153/620
18:52:00 Train 65/65 - loss: 0.4268 - acc: 0.8983
Epoch 154/620
18:52:19 Train 65/65 - loss: 0.4284 - acc: 0.8967
18:52:20 Valid 7/7 - loss: 0.3511 - acc: 0.8877
Epoch 155/620
18:52:39 Train 65/65 - loss: 0.4119 - acc: 0.9005
Epoch 156/620
18:52:57 Train 65/65 - loss: 0.4161 - acc: 0.9007
18:52:58 Valid 7/7 - loss: 0.3790 - acc: 0.8819
Epoch 157/620
18:53:17 Train 65/65 - loss: 0.4245 - acc: 0.8975
Epoch 158/620
18:53:35 Train 65/65 - loss: 0.4158 - acc: 0.9002
18:53:36 Valid 7/7 - loss: 0.3124 - acc: 0.8942
Epoch 159/620
18:53:55 Train 65/65 - loss: 0.4150 - acc: 0.8997
Epoch 160/620
18:54:13 Train 65/65 - loss: 0.4210 - acc: 0.8984
18:54:15 Valid 7/7 - loss: 0.4091 - acc: 0.8715
Epoch 161/620
18:54:33 Train 65/65 - loss: 0.4164 - acc: 0.8992
Epoch 162/620
18:54:52 Train 65/65 - loss: 0.4084 - acc: 0.9027
18:54:53 Valid 7/7 - loss: 0.3500 - acc: 0.8888
Epoch 163/620
18:55:11 Train 65/65 - loss: 0.4183 - acc: 0.8993
Epoch 164/620
18:55:30 Train 65/65 - loss: 0.4215 - acc: 0.8989
18:55:31 Valid 7/7 - loss: 0.7065 - acc: 0.7958
Epoch 165/620
18:55:49 Train 65/65 - loss: 0.4123 - acc: 0.9009
Epoch 166/620
18:56:08 Train 65/65 - loss: 0.4138 - acc: 0.8992
18:56:09 Valid 7/7 - loss: 0.3931 - acc: 0.8702
Epoch 167/620
18:56:28 Train 65/65 - loss: 0.4106 - acc: 0.9018
Epoch 168/620
18:56:46 Train 65/65 - loss: 0.4046 - acc: 0.9012
18:56:47 Valid 7/7 - loss: 0.3908 - acc: 0.8744
Epoch 169/620
18:57:06 Train 65/65 - loss: 0.4092 - acc: 0.9029
Epoch 170/620
18:57:24 Train 65/65 - loss: 0.4167 - acc: 0.8986
18:57:25 Valid 7/7 - loss: 0.4195 - acc: 0.8718
Epoch 171/620
18:57:44 Train 65/65 - loss: 0.4238 - acc: 0.8966
Epoch 172/620
18:58:02 Train 65/65 - loss: 0.4019 - acc: 0.9035
18:58:03 Valid 7/7 - loss: 0.3588 - acc: 0.8842
Epoch 173/620
18:58:22 Train 65/65 - loss: 0.4163 - acc: 0.9001
Epoch 174/620
18:58:40 Train 65/65 - loss: 0.4137 - acc: 0.8998
18:58:41 Valid 7/7 - loss: 0.2888 - acc: 0.9023
Epoch 175/620
18:59:00 Train 65/65 - loss: 0.4031 - acc: 0.9038
Epoch 176/620
18:59:18 Train 65/65 - loss: 0.4068 - acc: 0.9026
18:59:20 Valid 7/7 - loss: 0.3117 - acc: 0.8954
Epoch 177/620
18:59:38 Train 65/65 - loss: 0.4181 - acc: 0.8982
Epoch 178/620
18:59:56 Train 65/65 - loss: 0.3984 - acc: 0.9044
18:59:58 Valid 7/7 - loss: 0.3335 - acc: 0.8959
Epoch 179/620
19:00:16 Train 65/65 - loss: 0.4129 - acc: 0.9005
Epoch 180/620
19:00:34 Train 65/65 - loss: 0.4055 - acc: 0.9026
19:00:36 Valid 7/7 - loss: 0.3575 - acc: 0.8911
Epoch 181/620
19:00:54 Train 65/65 - loss: 0.4014 - acc: 0.9033
Epoch 182/620
19:01:13 Train 65/65 - loss: 0.4092 - acc: 0.9007
19:01:14 Valid 7/7 - loss: 0.2812 - acc: 0.9059
Epoch 183/620
19:01:32 Train 65/65 - loss: 0.4007 - acc: 0.9042
Epoch 184/620
19:01:51 Train 65/65 - loss: 0.4077 - acc: 0.9022
19:01:52 Valid 7/7 - loss: 0.5085 - acc: 0.8450
Epoch 185/620
19:02:10 Train 65/65 - loss: 0.3981 - acc: 0.9049
Epoch 186/620
19:02:29 Train 65/65 - loss: 0.3986 - acc: 0.9025
19:02:30 Valid 7/7 - loss: 0.7023 - acc: 0.7914
Epoch 187/620
19:02:48 Train 65/65 - loss: 0.4087 - acc: 0.9019
Epoch 188/620
19:03:07 Train 65/65 - loss: 0.3960 - acc: 0.9033
19:03:08 Valid 7/7 - loss: 0.2602 - acc: 0.9117
Epoch 189/620
19:03:26 Train 65/65 - loss: 0.4018 - acc: 0.9028
Epoch 190/620
19:03:45 Train 65/65 - loss: 0.3996 - acc: 0.9028
19:03:46 Valid 7/7 - loss: 0.2717 - acc: 0.9093
Epoch 191/620
19:04:04 Train 65/65 - loss: 0.4051 - acc: 0.9017
Epoch 192/620
19:04:23 Train 65/65 - loss: 0.3997 - acc: 0.9034
19:04:24 Valid 7/7 - loss: 0.4711 - acc: 0.8660
Epoch 193/620
19:04:43 Train 65/65 - loss: 0.4042 - acc: 0.9029
Epoch 194/620
19:05:01 Train 65/65 - loss: 0.3995 - acc: 0.9028
19:05:02 Valid 7/7 - loss: 0.3325 - acc: 0.8948
Epoch 195/620
19:05:21 Train 65/65 - loss: 0.3920 - acc: 0.9047
Epoch 196/620
19:05:40 Train 65/65 - loss: 0.3912 - acc: 0.9064
19:05:41 Valid 7/7 - loss: 0.2926 - acc: 0.9025
Epoch 197/620
19:05:59 Train 65/65 - loss: 0.3961 - acc: 0.9049
Epoch 198/620
19:06:17 Train 65/65 - loss: 0.3965 - acc: 0.9040
19:06:19 Valid 7/7 - loss: 0.3542 - acc: 0.8869
Epoch 199/620
19:06:37 Train 65/65 - loss: 0.3982 - acc: 0.9045
Epoch 200/620
19:06:56 Train 65/65 - loss: 0.3909 - acc: 0.9060
19:06:57 Valid 7/7 - loss: 0.3391 - acc: 0.8946
Epoch 201/620
19:07:15 Train 65/65 - loss: 0.4003 - acc: 0.9034
Epoch 202/620
19:07:34 Train 65/65 - loss: 0.4054 - acc: 0.9009
19:07:35 Valid 7/7 - loss: 0.2828 - acc: 0.9098
Epoch 203/620
19:07:53 Train 65/65 - loss: 0.4034 - acc: 0.9019
Epoch 204/620
19:08:12 Train 65/65 - loss: 0.3929 - acc: 0.9065
19:08:13 Valid 7/7 - loss: 0.5892 - acc: 0.8363
Epoch 205/620
19:08:32 Train 65/65 - loss: 0.4005 - acc: 0.9026
Epoch 206/620
19:08:50 Train 65/65 - loss: 0.3901 - acc: 0.9057
19:08:51 Valid 7/7 - loss: 0.3004 - acc: 0.9068
Epoch 207/620
19:09:10 Train 65/65 - loss: 0.3966 - acc: 0.9050
Epoch 208/620
19:09:28 Train 65/65 - loss: 0.3974 - acc: 0.9029
19:09:30 Valid 7/7 - loss: 0.3428 - acc: 0.8931
Epoch 209/620
19:09:48 Train 65/65 - loss: 0.3922 - acc: 0.9054
Epoch 210/620
19:10:07 Train 65/65 - loss: 0.3890 - acc: 0.9056
19:10:08 Valid 7/7 - loss: 0.3170 - acc: 0.8989
Epoch 211/620
19:10:26 Train 65/65 - loss: 0.3903 - acc: 0.9056
Epoch 212/620
19:10:45 Train 65/65 - loss: 0.3843 - acc: 0.9054
19:10:46 Valid 7/7 - loss: 0.4047 - acc: 0.8680
Epoch 213/620
19:11:04 Train 65/65 - loss: 0.4003 - acc: 0.9044
Epoch 214/620
19:11:23 Train 65/65 - loss: 0.3887 - acc: 0.9049
19:11:24 Valid 7/7 - loss: 0.3160 - acc: 0.9004
Epoch 215/620
19:11:43 Train 65/65 - loss: 0.3925 - acc: 0.9055
Epoch 216/620
19:12:01 Train 65/65 - loss: 0.3808 - acc: 0.9082
19:12:02 Valid 7/7 - loss: 0.2819 - acc: 0.9113
Epoch 217/620
19:12:21 Train 65/65 - loss: 0.3811 - acc: 0.9075
Epoch 218/620
19:12:39 Train 65/65 - loss: 0.3848 - acc: 0.9068
19:12:40 Valid 7/7 - loss: 0.5144 - acc: 0.8513
Epoch 219/620
19:12:58 Train 65/65 - loss: 0.3922 - acc: 0.9045
Epoch 220/620
19:13:17 Train 65/65 - loss: 0.3788 - acc: 0.9086
19:13:18 Valid 7/7 - loss: 0.2948 - acc: 0.9101
Epoch 221/620
19:13:36 Train 65/65 - loss: 0.3826 - acc: 0.9072
Epoch 222/620
19:13:55 Train 65/65 - loss: 0.3909 - acc: 0.9059
19:13:56 Valid 7/7 - loss: 0.3398 - acc: 0.8958
Epoch 223/620
19:14:14 Train 65/65 - loss: 0.3835 - acc: 0.9063
Epoch 224/620
19:14:33 Train 65/65 - loss: 0.3873 - acc: 0.9072
19:14:34 Valid 7/7 - loss: 0.3717 - acc: 0.8800
Epoch 225/620
19:14:53 Train 65/65 - loss: 0.3753 - acc: 0.9106
Epoch 226/620
19:15:11 Train 65/65 - loss: 0.3773 - acc: 0.9089
19:15:12 Valid 7/7 - loss: 0.2759 - acc: 0.9089
Epoch 227/620
19:15:30 Train 65/65 - loss: 0.3853 - acc: 0.9066
Epoch 228/620
19:15:49 Train 65/65 - loss: 0.3869 - acc: 0.9067
19:15:50 Valid 7/7 - loss: 0.6866 - acc: 0.8168
Epoch 229/620
19:16:08 Train 65/65 - loss: 0.3898 - acc: 0.9053
Epoch 230/620
19:16:26 Train 65/65 - loss: 0.3681 - acc: 0.9118
19:16:27 Valid 7/7 - loss: 0.3765 - acc: 0.8827
Epoch 231/620
19:16:46 Train 65/65 - loss: 0.3816 - acc: 0.9084
Epoch 232/620
19:17:04 Train 65/65 - loss: 0.3732 - acc: 0.9112
19:17:05 Valid 7/7 - loss: 0.3257 - acc: 0.8948
Epoch 233/620
19:17:24 Train 65/65 - loss: 0.3796 - acc: 0.9084
Epoch 234/620
19:17:42 Train 65/65 - loss: 0.3814 - acc: 0.9085
19:17:43 Valid 7/7 - loss: 0.2474 - acc: 0.9232
Epoch 235/620
19:18:02 Train 65/65 - loss: 0.3723 - acc: 0.9103
Epoch 236/620
19:18:20 Train 65/65 - loss: 0.3743 - acc: 0.9091
19:18:21 Valid 7/7 - loss: 0.2957 - acc: 0.9043
Epoch 237/620
19:18:40 Train 65/65 - loss: 0.3777 - acc: 0.9082
Epoch 238/620
19:18:58 Train 65/65 - loss: 0.3795 - acc: 0.9082
19:18:59 Valid 7/7 - loss: 0.2969 - acc: 0.9056
Epoch 239/620
19:19:18 Train 65/65 - loss: 0.3849 - acc: 0.9086
Epoch 240/620
19:19:36 Train 65/65 - loss: 0.3667 - acc: 0.9112
19:19:37 Valid 7/7 - loss: 0.2098 - acc: 0.9282
Epoch 241/620
19:19:55 Train 65/65 - loss: 0.3757 - acc: 0.9090
Epoch 242/620
19:20:14 Train 65/65 - loss: 0.3655 - acc: 0.9116
19:20:15 Valid 7/7 - loss: 0.2946 - acc: 0.9077
Epoch 243/620
19:20:33 Train 65/65 - loss: 0.3681 - acc: 0.9109
Epoch 244/620
19:20:52 Train 65/65 - loss: 0.3742 - acc: 0.9106
19:20:53 Valid 7/7 - loss: 0.2799 - acc: 0.9075
Epoch 245/620
19:21:11 Train 65/65 - loss: 0.3637 - acc: 0.9123
Epoch 246/620
19:21:29 Train 65/65 - loss: 0.3773 - acc: 0.9083
19:21:30 Valid 7/7 - loss: 0.3339 - acc: 0.8943
Epoch 247/620
19:21:49 Train 65/65 - loss: 0.3724 - acc: 0.9106
Epoch 248/620
19:22:07 Train 65/65 - loss: 0.3638 - acc: 0.9130
19:22:08 Valid 7/7 - loss: 0.3163 - acc: 0.8966
Epoch 249/620
19:22:27 Train 65/65 - loss: 0.3687 - acc: 0.9109
Epoch 250/620
19:22:45 Train 65/65 - loss: 0.3670 - acc: 0.9115
19:22:46 Valid 7/7 - loss: 0.3209 - acc: 0.9026
Epoch 251/620
19:23:04 Train 65/65 - loss: 0.3689 - acc: 0.9117
Epoch 252/620
19:23:23 Train 65/65 - loss: 0.3647 - acc: 0.9130
19:23:24 Valid 7/7 - loss: 0.3216 - acc: 0.8999
Epoch 253/620
19:23:42 Train 65/65 - loss: 0.3624 - acc: 0.9136
Epoch 254/620
19:24:01 Train 65/65 - loss: 0.3639 - acc: 0.9125
19:24:02 Valid 7/7 - loss: 0.2536 - acc: 0.9185
Epoch 255/620
19:24:20 Train 65/65 - loss: 0.3575 - acc: 0.9142
Epoch 256/620
19:24:38 Train 65/65 - loss: 0.3723 - acc: 0.9097
19:24:39 Valid 7/7 - loss: 0.2929 - acc: 0.9098
Epoch 257/620
19:24:58 Train 65/65 - loss: 0.3645 - acc: 0.9118
Epoch 258/620
19:25:16 Train 65/65 - loss: 0.3651 - acc: 0.9129
19:25:17 Valid 7/7 - loss: 0.2778 - acc: 0.9087
Epoch 259/620
19:25:35 Train 65/65 - loss: 0.3528 - acc: 0.9139
Epoch 260/620
19:25:54 Train 65/65 - loss: 0.3634 - acc: 0.9119
19:25:55 Valid 7/7 - loss: 0.2897 - acc: 0.9084
Epoch 261/620
19:26:13 Train 65/65 - loss: 0.3633 - acc: 0.9137
Epoch 262/620
19:26:32 Train 65/65 - loss: 0.3509 - acc: 0.9164
19:26:33 Valid 7/7 - loss: 0.3096 - acc: 0.9037
Epoch 263/620
19:26:51 Train 65/65 - loss: 0.3477 - acc: 0.9172
Epoch 264/620
19:27:10 Train 65/65 - loss: 0.3617 - acc: 0.9144
19:27:11 Valid 7/7 - loss: 0.2112 - acc: 0.9344
Epoch 265/620
19:27:29 Train 65/65 - loss: 0.3543 - acc: 0.9155
Epoch 266/620
19:27:48 Train 65/65 - loss: 0.3566 - acc: 0.9142
19:27:49 Valid 7/7 - loss: 0.3243 - acc: 0.8996
Epoch 267/620
19:28:07 Train 65/65 - loss: 0.3573 - acc: 0.9133
Epoch 268/620
19:28:26 Train 65/65 - loss: 0.3538 - acc: 0.9157
19:28:27 Valid 7/7 - loss: 0.2965 - acc: 0.9046
Epoch 269/620
19:28:45 Train 65/65 - loss: 0.3563 - acc: 0.9138
Epoch 270/620
19:29:04 Train 65/65 - loss: 0.3501 - acc: 0.9159
19:29:05 Valid 7/7 - loss: 0.3334 - acc: 0.8995
Epoch 271/620
19:29:24 Train 65/65 - loss: 0.3552 - acc: 0.9140
Epoch 272/620
19:29:42 Train 65/65 - loss: 0.3521 - acc: 0.9156
19:29:43 Valid 7/7 - loss: 0.2588 - acc: 0.9149
Epoch 273/620
19:30:02 Train 65/65 - loss: 0.3492 - acc: 0.9151
Epoch 274/620
19:30:20 Train 65/65 - loss: 0.3495 - acc: 0.9163
19:30:21 Valid 7/7 - loss: 0.2472 - acc: 0.9189
Epoch 275/620
19:30:40 Train 65/65 - loss: 0.3448 - acc: 0.9173
Epoch 276/620
19:30:58 Train 65/65 - loss: 0.3465 - acc: 0.9169
19:30:59 Valid 7/7 - loss: 0.3606 - acc: 0.8880
Epoch 277/620
19:31:18 Train 65/65 - loss: 0.3475 - acc: 0.9165
Epoch 278/620
19:31:36 Train 65/65 - loss: 0.3439 - acc: 0.9168
19:31:37 Valid 7/7 - loss: 0.2677 - acc: 0.9146
Epoch 279/620
19:31:56 Train 65/65 - loss: 0.3402 - acc: 0.9188
Epoch 280/620
19:32:14 Train 65/65 - loss: 0.3480 - acc: 0.9166
19:32:15 Valid 7/7 - loss: 0.3287 - acc: 0.9040
Epoch 281/620
19:32:34 Train 65/65 - loss: 0.3390 - acc: 0.9186
Epoch 282/620
19:32:52 Train 65/65 - loss: 0.3344 - acc: 0.9213
19:32:54 Valid 7/7 - loss: 0.2599 - acc: 0.9173
Epoch 283/620
19:33:12 Train 65/65 - loss: 0.3554 - acc: 0.9135
Epoch 284/620
19:33:31 Train 65/65 - loss: 0.3487 - acc: 0.9149
19:33:32 Valid 7/7 - loss: 0.2332 - acc: 0.9216
Epoch 285/620
19:33:50 Train 65/65 - loss: 0.3423 - acc: 0.9171
Epoch 286/620
19:34:09 Train 65/65 - loss: 0.3375 - acc: 0.9194
19:34:10 Valid 7/7 - loss: 0.3821 - acc: 0.8892
Epoch 287/620
19:34:29 Train 65/65 - loss: 0.3474 - acc: 0.9176
Epoch 288/620
19:34:47 Train 65/65 - loss: 0.3396 - acc: 0.9189
19:34:48 Valid 7/7 - loss: 0.2717 - acc: 0.9132
Epoch 289/620
19:35:07 Train 65/65 - loss: 0.3422 - acc: 0.9179
Epoch 290/620
19:35:25 Train 65/65 - loss: 0.3429 - acc: 0.9170
19:35:26 Valid 7/7 - loss: 0.3195 - acc: 0.9002
Epoch 291/620
19:35:44 Train 65/65 - loss: 0.3323 - acc: 0.9213
Epoch 292/620
19:36:03 Train 65/65 - loss: 0.3372 - acc: 0.9195
19:36:04 Valid 7/7 - loss: 0.2489 - acc: 0.9204
Epoch 293/620
19:36:22 Train 65/65 - loss: 0.3285 - acc: 0.9220
Epoch 294/620
19:36:41 Train 65/65 - loss: 0.3411 - acc: 0.9173
19:36:42 Valid 7/7 - loss: 0.2217 - acc: 0.9287
Epoch 295/620
19:37:00 Train 65/65 - loss: 0.3320 - acc: 0.9212
Epoch 296/620
19:37:19 Train 65/65 - loss: 0.3332 - acc: 0.9205
19:37:20 Valid 7/7 - loss: 0.5144 - acc: 0.8558
Epoch 297/620
19:37:38 Train 65/65 - loss: 0.3347 - acc: 0.9200
Epoch 298/620
19:37:57 Train 65/65 - loss: 0.3364 - acc: 0.9186
19:37:58 Valid 7/7 - loss: 0.2468 - acc: 0.9207
Epoch 299/620
19:38:16 Train 65/65 - loss: 0.3295 - acc: 0.9202
Epoch 300/620
19:38:35 Train 65/65 - loss: 0.3326 - acc: 0.9211
19:38:36 Valid 7/7 - loss: 0.3470 - acc: 0.8935
Epoch 301/620
19:38:54 Train 65/65 - loss: 0.3295 - acc: 0.9214
Epoch 302/620
19:39:13 Train 65/65 - loss: 0.3281 - acc: 0.9211
19:39:14 Valid 7/7 - loss: 0.2838 - acc: 0.9110
Epoch 303/620
19:39:32 Train 65/65 - loss: 0.3283 - acc: 0.9221
Epoch 304/620
19:39:51 Train 65/65 - loss: 0.3271 - acc: 0.9219
19:39:52 Valid 7/7 - loss: 0.2513 - acc: 0.9207
Epoch 305/620
19:40:10 Train 65/65 - loss: 0.3369 - acc: 0.9190
Epoch 306/620
19:40:29 Train 65/65 - loss: 0.3408 - acc: 0.9195
19:40:30 Valid 7/7 - loss: 0.2335 - acc: 0.9280
Epoch 307/620
19:40:48 Train 65/65 - loss: 0.3196 - acc: 0.9234
Epoch 308/620
19:41:07 Train 65/65 - loss: 0.3272 - acc: 0.9218
19:41:08 Valid 7/7 - loss: 0.2418 - acc: 0.9260
Epoch 309/620
19:41:26 Train 65/65 - loss: 0.3192 - acc: 0.9237
Epoch 310/620
19:41:45 Train 65/65 - loss: 0.3242 - acc: 0.9220
19:41:46 Valid 7/7 - loss: 0.2319 - acc: 0.9283
Epoch 311/620
19:42:04 Train 65/65 - loss: 0.3284 - acc: 0.9213
Epoch 312/620
19:42:22 Train 65/65 - loss: 0.3195 - acc: 0.9235
19:42:24 Valid 7/7 - loss: 0.2207 - acc: 0.9319
Epoch 313/620
19:42:42 Train 65/65 - loss: 0.3243 - acc: 0.9222
Epoch 314/620
19:43:00 Train 65/65 - loss: 0.3193 - acc: 0.9226
19:43:01 Valid 7/7 - loss: 0.2295 - acc: 0.9247
Epoch 315/620
19:43:20 Train 65/65 - loss: 0.3100 - acc: 0.9251
Epoch 316/620
19:43:38 Train 65/65 - loss: 0.3229 - acc: 0.9225
19:43:39 Valid 7/7 - loss: 0.2327 - acc: 0.9268
Epoch 317/620
19:43:58 Train 65/65 - loss: 0.3213 - acc: 0.9220
Epoch 318/620
19:44:16 Train 65/65 - loss: 0.3212 - acc: 0.9231
19:44:17 Valid 7/7 - loss: 0.2437 - acc: 0.9225
Epoch 319/620
19:44:36 Train 65/65 - loss: 0.3179 - acc: 0.9232
Epoch 320/620
19:44:54 Train 65/65 - loss: 0.3104 - acc: 0.9244
19:44:55 Valid 7/7 - loss: 0.2586 - acc: 0.9191
Epoch 321/620
19:45:14 Train 65/65 - loss: 0.3189 - acc: 0.9241
Epoch 322/620
19:45:32 Train 65/65 - loss: 0.3161 - acc: 0.9245
19:45:34 Valid 7/7 - loss: 0.2631 - acc: 0.9206
Epoch 323/620
19:45:52 Train 65/65 - loss: 0.3232 - acc: 0.9215
Epoch 324/620
19:46:10 Train 65/65 - loss: 0.3148 - acc: 0.9251
19:46:11 Valid 7/7 - loss: 0.2214 - acc: 0.9290
Epoch 325/620
19:46:30 Train 65/65 - loss: 0.3070 - acc: 0.9249
Epoch 326/620
19:46:48 Train 65/65 - loss: 0.3048 - acc: 0.9272
19:46:49 Valid 7/7 - loss: 0.2274 - acc: 0.9292
Epoch 327/620
19:47:08 Train 65/65 - loss: 0.3131 - acc: 0.9261
Epoch 328/620
19:47:26 Train 65/65 - loss: 0.3055 - acc: 0.9273
19:47:28 Valid 7/7 - loss: 0.2110 - acc: 0.9345
Epoch 329/620
19:47:46 Train 65/65 - loss: 0.3116 - acc: 0.9252
Epoch 330/620
19:48:05 Train 65/65 - loss: 0.3146 - acc: 0.9248
19:48:06 Valid 7/7 - loss: 0.2287 - acc: 0.9282
Epoch 331/620
19:48:24 Train 65/65 - loss: 0.3045 - acc: 0.9269
Epoch 332/620
19:48:43 Train 65/65 - loss: 0.3065 - acc: 0.9268
19:48:44 Valid 7/7 - loss: 0.2973 - acc: 0.9091
Epoch 333/620
19:49:02 Train 65/65 - loss: 0.3120 - acc: 0.9247
Epoch 334/620
19:49:21 Train 65/65 - loss: 0.3035 - acc: 0.9281
19:49:22 Valid 7/7 - loss: 0.1941 - acc: 0.9363
Epoch 335/620
19:49:40 Train 65/65 - loss: 0.2959 - acc: 0.9297
Epoch 336/620
19:49:59 Train 65/65 - loss: 0.3006 - acc: 0.9273
19:50:00 Valid 7/7 - loss: 0.2100 - acc: 0.9332
Epoch 337/620
19:50:18 Train 65/65 - loss: 0.3015 - acc: 0.9281
Epoch 338/620
19:50:37 Train 65/65 - loss: 0.3027 - acc: 0.9265
19:50:38 Valid 7/7 - loss: 0.2748 - acc: 0.9127
Epoch 339/620
19:50:56 Train 65/65 - loss: 0.3028 - acc: 0.9273
Epoch 340/620
19:51:15 Train 65/65 - loss: 0.2965 - acc: 0.9293
19:51:16 Valid 7/7 - loss: 0.2258 - acc: 0.9281
Epoch 341/620
19:51:34 Train 65/65 - loss: 0.2989 - acc: 0.9280
Epoch 342/620
19:51:53 Train 65/65 - loss: 0.2932 - acc: 0.9294
19:51:54 Valid 7/7 - loss: 0.2661 - acc: 0.9227
Epoch 343/620
19:52:12 Train 65/65 - loss: 0.2948 - acc: 0.9293
Epoch 344/620
19:52:31 Train 65/65 - loss: 0.2940 - acc: 0.9293
19:52:32 Valid 7/7 - loss: 0.2574 - acc: 0.9165
Epoch 345/620
19:52:50 Train 65/65 - loss: 0.2914 - acc: 0.9299
Epoch 346/620
19:53:09 Train 65/65 - loss: 0.2849 - acc: 0.9316
19:53:10 Valid 7/7 - loss: 0.2385 - acc: 0.9283
Epoch 347/620
19:53:28 Train 65/65 - loss: 0.2849 - acc: 0.9316
Epoch 348/620
19:53:46 Train 65/65 - loss: 0.2870 - acc: 0.9316
19:53:48 Valid 7/7 - loss: 0.2034 - acc: 0.9362
Epoch 349/620
19:54:06 Train 65/65 - loss: 0.2975 - acc: 0.9305
Epoch 350/620
19:54:24 Train 65/65 - loss: 0.2949 - acc: 0.9302
19:54:25 Valid 7/7 - loss: 0.2223 - acc: 0.9311
Epoch 351/620
19:54:44 Train 65/65 - loss: 0.2871 - acc: 0.9315
Epoch 352/620
19:55:02 Train 65/65 - loss: 0.2948 - acc: 0.9294
19:55:03 Valid 7/7 - loss: 0.2173 - acc: 0.9328
Epoch 353/620
19:55:22 Train 65/65 - loss: 0.2862 - acc: 0.9315
Epoch 354/620
19:55:40 Train 65/65 - loss: 0.2844 - acc: 0.9330
19:55:41 Valid 7/7 - loss: 0.2137 - acc: 0.9321
Epoch 355/620
19:56:00 Train 65/65 - loss: 0.2873 - acc: 0.9307
Epoch 356/620
19:56:18 Train 65/65 - loss: 0.2801 - acc: 0.9336
19:56:19 Valid 7/7 - loss: 0.1793 - acc: 0.9413
Epoch 357/620
19:56:37 Train 65/65 - loss: 0.2801 - acc: 0.9333
Epoch 358/620
19:56:56 Train 65/65 - loss: 0.2899 - acc: 0.9292
19:56:57 Valid 7/7 - loss: 0.2650 - acc: 0.9198
Epoch 359/620
19:57:15 Train 65/65 - loss: 0.2822 - acc: 0.9323
Epoch 360/620
19:57:34 Train 65/65 - loss: 0.2836 - acc: 0.9328
19:57:35 Valid 7/7 - loss: 0.2279 - acc: 0.9293
Epoch 361/620
19:57:53 Train 65/65 - loss: 0.2862 - acc: 0.9314
Epoch 362/620
19:58:12 Train 65/65 - loss: 0.2790 - acc: 0.9343
19:58:13 Valid 7/7 - loss: 0.2027 - acc: 0.9361
Epoch 363/620
19:58:31 Train 65/65 - loss: 0.2808 - acc: 0.9326
Epoch 364/620
19:58:50 Train 65/65 - loss: 0.2753 - acc: 0.9357
19:58:51 Valid 7/7 - loss: 0.2024 - acc: 0.9359
Epoch 365/620
19:59:09 Train 65/65 - loss: 0.2670 - acc: 0.9367
Epoch 366/620
19:59:28 Train 65/65 - loss: 0.2725 - acc: 0.9359
19:59:29 Valid 7/7 - loss: 0.1992 - acc: 0.9354
Epoch 367/620
19:59:48 Train 65/65 - loss: 0.2701 - acc: 0.9350
Epoch 368/620
20:00:06 Train 65/65 - loss: 0.2713 - acc: 0.9362
20:00:07 Valid 7/7 - loss: 0.1984 - acc: 0.9376
Epoch 369/620
20:00:26 Train 65/65 - loss: 0.2700 - acc: 0.9353
Epoch 370/620
20:00:44 Train 65/65 - loss: 0.2612 - acc: 0.9385
20:00:45 Valid 7/7 - loss: 0.2083 - acc: 0.9367
Epoch 371/620
20:01:04 Train 65/65 - loss: 0.2734 - acc: 0.9355
Epoch 372/620
20:01:22 Train 65/65 - loss: 0.2672 - acc: 0.9355
20:01:23 Valid 7/7 - loss: 0.2009 - acc: 0.9366
Epoch 373/620
20:01:42 Train 65/65 - loss: 0.2762 - acc: 0.9342
Epoch 374/620
20:02:00 Train 65/65 - loss: 0.2633 - acc: 0.9385
20:02:02 Valid 7/7 - loss: 0.2009 - acc: 0.9336
Epoch 375/620
20:02:21 Train 65/65 - loss: 0.2665 - acc: 0.9369
Epoch 376/620
20:02:39 Train 65/65 - loss: 0.2632 - acc: 0.9380
20:02:40 Valid 7/7 - loss: 0.1798 - acc: 0.9448
Epoch 377/620
20:02:59 Train 65/65 - loss: 0.2694 - acc: 0.9347
Epoch 378/620
20:03:17 Train 65/65 - loss: 0.2714 - acc: 0.9356
20:03:19 Valid 7/7 - loss: 0.1879 - acc: 0.9417
Epoch 379/620
20:03:37 Train 65/65 - loss: 0.2528 - acc: 0.9406
Epoch 380/620
20:03:55 Train 65/65 - loss: 0.2561 - acc: 0.9396
20:03:56 Valid 7/7 - loss: 0.2561 - acc: 0.9207
Epoch 381/620
20:04:15 Train 65/65 - loss: 0.2570 - acc: 0.9385
Epoch 382/620
20:04:33 Train 65/65 - loss: 0.2674 - acc: 0.9363
20:04:35 Valid 7/7 - loss: 0.2724 - acc: 0.9213
Epoch 383/620
20:04:53 Train 65/65 - loss: 0.2525 - acc: 0.9395
Epoch 384/620
20:05:11 Train 65/65 - loss: 0.2612 - acc: 0.9383
20:05:12 Valid 7/7 - loss: 0.2229 - acc: 0.9314
Epoch 385/620
20:05:31 Train 65/65 - loss: 0.2586 - acc: 0.9382
Epoch 386/620
20:05:49 Train 65/65 - loss: 0.2605 - acc: 0.9378
20:05:50 Valid 7/7 - loss: 0.2307 - acc: 0.9317
Epoch 387/620
20:06:09 Train 65/65 - loss: 0.2607 - acc: 0.9383
Epoch 388/620
20:06:27 Train 65/65 - loss: 0.2538 - acc: 0.9406
20:06:29 Valid 7/7 - loss: 0.2004 - acc: 0.9416
Epoch 389/620
20:06:47 Train 65/65 - loss: 0.2549 - acc: 0.9391
Epoch 390/620
20:07:05 Train 65/65 - loss: 0.2512 - acc: 0.9411
20:07:07 Valid 7/7 - loss: 0.2401 - acc: 0.9280
Epoch 391/620
20:07:25 Train 65/65 - loss: 0.2444 - acc: 0.9421
Epoch 392/620
20:07:43 Train 65/65 - loss: 0.2564 - acc: 0.9388
20:07:45 Valid 7/7 - loss: 0.2221 - acc: 0.9302
Epoch 393/620
20:08:03 Train 65/65 - loss: 0.2539 - acc: 0.9401
Epoch 394/620
20:08:21 Train 65/65 - loss: 0.2472 - acc: 0.9419
20:08:23 Valid 7/7 - loss: 0.2233 - acc: 0.9336
Epoch 395/620
20:08:41 Train 65/65 - loss: 0.2430 - acc: 0.9430
Epoch 396/620
20:08:59 Train 65/65 - loss: 0.2506 - acc: 0.9393
20:09:01 Valid 7/7 - loss: 0.2578 - acc: 0.9224
Epoch 397/620
20:09:19 Train 65/65 - loss: 0.2461 - acc: 0.9412
Epoch 398/620
20:09:37 Train 65/65 - loss: 0.2471 - acc: 0.9425
20:09:39 Valid 7/7 - loss: 0.1716 - acc: 0.9464
Epoch 399/620
20:09:57 Train 65/65 - loss: 0.2311 - acc: 0.9453
Epoch 400/620
20:10:16 Train 65/65 - loss: 0.2350 - acc: 0.9449
20:10:17 Valid 7/7 - loss: 0.2698 - acc: 0.9193
Epoch 401/620
20:10:35 Train 65/65 - loss: 0.2366 - acc: 0.9450
Epoch 402/620
20:10:53 Train 65/65 - loss: 0.2494 - acc: 0.9406
20:10:55 Valid 7/7 - loss: 0.1552 - acc: 0.9511
Epoch 403/620
20:11:13 Train 65/65 - loss: 0.2394 - acc: 0.9423
Epoch 404/620
20:11:32 Train 65/65 - loss: 0.2364 - acc: 0.9452
20:11:33 Valid 7/7 - loss: 0.1722 - acc: 0.9486
Epoch 405/620
20:11:51 Train 65/65 - loss: 0.2435 - acc: 0.9419
Epoch 406/620
20:12:10 Train 65/65 - loss: 0.2427 - acc: 0.9429
20:12:11 Valid 7/7 - loss: 0.2091 - acc: 0.9342
Epoch 407/620
20:12:30 Train 65/65 - loss: 0.2260 - acc: 0.9456
Epoch 408/620
20:12:48 Train 65/65 - loss: 0.2349 - acc: 0.9448
20:12:49 Valid 7/7 - loss: 0.1701 - acc: 0.9489
Epoch 409/620
20:13:08 Train 65/65 - loss: 0.2255 - acc: 0.9460
Epoch 410/620
20:13:26 Train 65/65 - loss: 0.2264 - acc: 0.9473
20:13:27 Valid 7/7 - loss: 0.1815 - acc: 0.9472
Epoch 411/620
20:13:46 Train 65/65 - loss: 0.2282 - acc: 0.9456
Epoch 412/620
20:14:04 Train 65/65 - loss: 0.2308 - acc: 0.9468
20:14:05 Valid 7/7 - loss: 0.2323 - acc: 0.9333
Epoch 413/620
20:14:24 Train 65/65 - loss: 0.2147 - acc: 0.9493
Epoch 414/620
20:14:42 Train 65/65 - loss: 0.2293 - acc: 0.9461
20:14:44 Valid 7/7 - loss: 0.1882 - acc: 0.9412
Epoch 415/620
20:15:02 Train 65/65 - loss: 0.2263 - acc: 0.9468
Epoch 416/620
20:15:20 Train 65/65 - loss: 0.2218 - acc: 0.9479
20:15:21 Valid 7/7 - loss: 0.2018 - acc: 0.9428
Epoch 417/620
20:15:40 Train 65/65 - loss: 0.2242 - acc: 0.9460
Epoch 418/620
20:15:58 Train 65/65 - loss: 0.2333 - acc: 0.9450
20:15:59 Valid 7/7 - loss: 0.2094 - acc: 0.9378
Epoch 419/620
20:16:18 Train 65/65 - loss: 0.2193 - acc: 0.9487
Epoch 420/620
20:16:36 Train 65/65 - loss: 0.2123 - acc: 0.9503
20:16:38 Valid 7/7 - loss: 0.1822 - acc: 0.9487
Epoch 421/620
20:16:56 Train 65/65 - loss: 0.2189 - acc: 0.9485
Epoch 422/620
20:17:14 Train 65/65 - loss: 0.2154 - acc: 0.9485
20:17:16 Valid 7/7 - loss: 0.1781 - acc: 0.9463
Epoch 423/620
20:17:34 Train 65/65 - loss: 0.2136 - acc: 0.9495
Epoch 424/620
20:17:53 Train 65/65 - loss: 0.2102 - acc: 0.9498
20:17:54 Valid 7/7 - loss: 0.1827 - acc: 0.9439
Epoch 425/620
20:18:12 Train 65/65 - loss: 0.2179 - acc: 0.9487
Epoch 426/620
20:18:31 Train 65/65 - loss: 0.2059 - acc: 0.9526
20:18:32 Valid 7/7 - loss: 0.1645 - acc: 0.9505
Epoch 427/620
20:18:51 Train 65/65 - loss: 0.2079 - acc: 0.9511
Epoch 428/620
20:19:09 Train 65/65 - loss: 0.2138 - acc: 0.9502
20:19:10 Valid 7/7 - loss: 0.1943 - acc: 0.9413
Epoch 429/620
20:19:29 Train 65/65 - loss: 0.2132 - acc: 0.9499
Epoch 430/620
20:19:47 Train 65/65 - loss: 0.2106 - acc: 0.9505
20:19:49 Valid 7/7 - loss: 0.1674 - acc: 0.9482
Epoch 431/620
20:20:07 Train 65/65 - loss: 0.2044 - acc: 0.9526
Epoch 432/620
20:20:26 Train 65/65 - loss: 0.2079 - acc: 0.9513
20:20:27 Valid 7/7 - loss: 0.1634 - acc: 0.9493
Epoch 433/620
20:20:45 Train 65/65 - loss: 0.2092 - acc: 0.9508
Epoch 434/620
20:21:03 Train 65/65 - loss: 0.2017 - acc: 0.9521
20:21:05 Valid 7/7 - loss: 0.1864 - acc: 0.9481
Epoch 435/620
20:21:23 Train 65/65 - loss: 0.2035 - acc: 0.9519
Epoch 436/620
20:21:41 Train 65/65 - loss: 0.2088 - acc: 0.9508
20:21:42 Valid 7/7 - loss: 0.1753 - acc: 0.9475
Epoch 437/620
20:22:01 Train 65/65 - loss: 0.1994 - acc: 0.9539
Epoch 438/620
20:22:19 Train 65/65 - loss: 0.2005 - acc: 0.9527
20:22:20 Valid 7/7 - loss: 0.1522 - acc: 0.9531
Epoch 439/620
20:22:39 Train 65/65 - loss: 0.1974 - acc: 0.9549
Epoch 440/620
20:22:57 Train 65/65 - loss: 0.1947 - acc: 0.9548
20:22:58 Valid 7/7 - loss: 0.1663 - acc: 0.9480
Epoch 441/620
20:23:17 Train 65/65 - loss: 0.1927 - acc: 0.9545
Epoch 442/620
20:23:35 Train 65/65 - loss: 0.1975 - acc: 0.9533
20:23:36 Valid 7/7 - loss: 0.1974 - acc: 0.9422
Epoch 443/620
20:23:55 Train 65/65 - loss: 0.1929 - acc: 0.9544
Epoch 444/620
20:24:13 Train 65/65 - loss: 0.1872 - acc: 0.9560
20:24:14 Valid 7/7 - loss: 0.1716 - acc: 0.9485
Epoch 445/620
20:24:32 Train 65/65 - loss: 0.1940 - acc: 0.9554
Epoch 446/620
20:24:51 Train 65/65 - loss: 0.1914 - acc: 0.9551
20:24:52 Valid 7/7 - loss: 0.1629 - acc: 0.9519
Epoch 447/620
20:25:10 Train 65/65 - loss: 0.1867 - acc: 0.9565
Epoch 448/620
20:25:28 Train 65/65 - loss: 0.1853 - acc: 0.9563
20:25:30 Valid 7/7 - loss: 0.1795 - acc: 0.9470
Epoch 449/620
20:25:48 Train 65/65 - loss: 0.1892 - acc: 0.9553
Epoch 450/620
20:26:07 Train 65/65 - loss: 0.1936 - acc: 0.9543
20:26:08 Valid 7/7 - loss: 0.1712 - acc: 0.9485
Epoch 451/620
20:26:26 Train 65/65 - loss: 0.1813 - acc: 0.9580
Epoch 452/620
20:26:44 Train 65/65 - loss: 0.1806 - acc: 0.9579
20:26:46 Valid 7/7 - loss: 0.1759 - acc: 0.9493
Epoch 453/620
20:27:04 Train 65/65 - loss: 0.1785 - acc: 0.9581
Epoch 454/620
20:27:22 Train 65/65 - loss: 0.1799 - acc: 0.9583
20:27:24 Valid 7/7 - loss: 0.1679 - acc: 0.9520
Epoch 455/620
20:27:42 Train 65/65 - loss: 0.1843 - acc: 0.9570
Epoch 456/620
20:28:01 Train 65/65 - loss: 0.1748 - acc: 0.9590
20:28:02 Valid 7/7 - loss: 0.1710 - acc: 0.9494
Epoch 457/620
20:28:20 Train 65/65 - loss: 0.1743 - acc: 0.9598
Epoch 458/620
20:28:39 Train 65/65 - loss: 0.1724 - acc: 0.9607
20:28:40 Valid 7/7 - loss: 0.1552 - acc: 0.9552
Epoch 459/620
20:28:59 Train 65/65 - loss: 0.1716 - acc: 0.9600
Epoch 460/620
20:29:17 Train 65/65 - loss: 0.1710 - acc: 0.9604
20:29:18 Valid 7/7 - loss: 0.1535 - acc: 0.9567
Epoch 461/620
20:29:37 Train 65/65 - loss: 0.1682 - acc: 0.9617
Epoch 462/620
20:29:55 Train 65/65 - loss: 0.1737 - acc: 0.9592
20:29:57 Valid 7/7 - loss: 0.1777 - acc: 0.9472
Epoch 463/620
20:30:15 Train 65/65 - loss: 0.1794 - acc: 0.9587
Epoch 464/620
20:30:33 Train 65/65 - loss: 0.1613 - acc: 0.9626
20:30:35 Valid 7/7 - loss: 0.1360 - acc: 0.9592
Epoch 465/620
20:30:53 Train 65/65 - loss: 0.1670 - acc: 0.9611
Epoch 466/620
20:31:11 Train 65/65 - loss: 0.1706 - acc: 0.9607
20:31:12 Valid 7/7 - loss: 0.1581 - acc: 0.9563
Epoch 467/620
20:31:31 Train 65/65 - loss: 0.1617 - acc: 0.9632
Epoch 468/620
20:31:49 Train 65/65 - loss: 0.1650 - acc: 0.9623
20:31:50 Valid 7/7 - loss: 0.1427 - acc: 0.9580
Epoch 469/620
20:32:09 Train 65/65 - loss: 0.1665 - acc: 0.9623
Epoch 470/620
20:32:27 Train 65/65 - loss: 0.1579 - acc: 0.9637
20:32:28 Valid 7/7 - loss: 0.1817 - acc: 0.9475
Epoch 471/620
20:32:46 Train 65/65 - loss: 0.1581 - acc: 0.9629
Epoch 472/620
20:33:05 Train 65/65 - loss: 0.1654 - acc: 0.9618
20:33:06 Valid 7/7 - loss: 0.1452 - acc: 0.9569
Epoch 473/620
20:33:24 Train 65/65 - loss: 0.1593 - acc: 0.9637
Epoch 474/620
20:33:42 Train 65/65 - loss: 0.1538 - acc: 0.9643
20:33:44 Valid 7/7 - loss: 0.1502 - acc: 0.9571
Epoch 475/620
20:34:02 Train 65/65 - loss: 0.1580 - acc: 0.9637
Epoch 476/620
20:34:20 Train 65/65 - loss: 0.1591 - acc: 0.9622
20:34:21 Valid 7/7 - loss: 0.1790 - acc: 0.9525
Epoch 477/620
20:34:40 Train 65/65 - loss: 0.1547 - acc: 0.9644
Epoch 478/620
20:34:58 Train 65/65 - loss: 0.1524 - acc: 0.9648
20:34:59 Valid 7/7 - loss: 0.1522 - acc: 0.9541
Epoch 479/620
20:35:18 Train 65/65 - loss: 0.1519 - acc: 0.9650
Epoch 480/620
20:35:36 Train 65/65 - loss: 0.1483 - acc: 0.9666
20:35:37 Valid 7/7 - loss: 0.1395 - acc: 0.9599
Epoch 481/620
20:35:56 Train 65/65 - loss: 0.1423 - acc: 0.9677
Epoch 482/620
20:36:14 Train 65/65 - loss: 0.1514 - acc: 0.9648
20:36:15 Valid 7/7 - loss: 0.1668 - acc: 0.9535
Epoch 483/620
20:36:33 Train 65/65 - loss: 0.1463 - acc: 0.9669
Epoch 484/620
20:36:52 Train 65/65 - loss: 0.1443 - acc: 0.9665
20:36:53 Valid 7/7 - loss: 0.1566 - acc: 0.9556
Epoch 485/620
20:37:11 Train 65/65 - loss: 0.1424 - acc: 0.9673
Epoch 486/620
20:37:29 Train 65/65 - loss: 0.1433 - acc: 0.9670
20:37:31 Valid 7/7 - loss: 0.1577 - acc: 0.9563
Epoch 487/620
20:37:49 Train 65/65 - loss: 0.1404 - acc: 0.9682
Epoch 488/620
20:38:07 Train 65/65 - loss: 0.1367 - acc: 0.9689
20:38:08 Valid 7/7 - loss: 0.1533 - acc: 0.9577
Epoch 489/620
20:38:26 Train 65/65 - loss: 0.1389 - acc: 0.9691
Epoch 490/620
20:38:45 Train 65/65 - loss: 0.1363 - acc: 0.9683
20:38:46 Valid 7/7 - loss: 0.1542 - acc: 0.9565
Epoch 491/620
20:39:05 Train 65/65 - loss: 0.1376 - acc: 0.9686
Epoch 492/620
20:39:23 Train 65/65 - loss: 0.1343 - acc: 0.9694
20:39:24 Valid 7/7 - loss: 0.1351 - acc: 0.9622
Epoch 493/620
20:39:43 Train 65/65 - loss: 0.1317 - acc: 0.9701
Epoch 494/620
20:40:01 Train 65/65 - loss: 0.1352 - acc: 0.9691
20:40:02 Valid 7/7 - loss: 0.1402 - acc: 0.9607
Epoch 495/620
20:40:21 Train 65/65 - loss: 0.1315 - acc: 0.9705
Epoch 496/620
20:40:39 Train 65/65 - loss: 0.1288 - acc: 0.9714
20:40:40 Valid 7/7 - loss: 0.1370 - acc: 0.9619
Epoch 497/620
20:40:59 Train 65/65 - loss: 0.1302 - acc: 0.9707
Epoch 498/620
20:41:17 Train 65/65 - loss: 0.1335 - acc: 0.9692
20:41:19 Valid 7/7 - loss: 0.1590 - acc: 0.9571
Epoch 499/620
20:41:37 Train 65/65 - loss: 0.1277 - acc: 0.9708
Epoch 500/620
20:41:56 Train 65/65 - loss: 0.1269 - acc: 0.9714
20:41:57 Valid 7/7 - loss: 0.1498 - acc: 0.9585
Epoch 501/620
20:42:15 Train 65/65 - loss: 0.1245 - acc: 0.9714
Epoch 502/620
20:42:34 Train 65/65 - loss: 0.1272 - acc: 0.9710
20:42:35 Valid 7/7 - loss: 0.1414 - acc: 0.9600
Epoch 503/620
20:42:53 Train 65/65 - loss: 0.1190 - acc: 0.9737
Epoch 504/620
20:43:12 Train 65/65 - loss: 0.1195 - acc: 0.9738
20:43:13 Valid 7/7 - loss: 0.1425 - acc: 0.9587
Epoch 505/620
20:43:32 Train 65/65 - loss: 0.1195 - acc: 0.9732
Epoch 506/620
20:43:50 Train 65/65 - loss: 0.1176 - acc: 0.9737
20:43:51 Valid 7/7 - loss: 0.1233 - acc: 0.9644
Epoch 507/620
20:44:10 Train 65/65 - loss: 0.1165 - acc: 0.9736
Epoch 508/620
20:44:28 Train 65/65 - loss: 0.1130 - acc: 0.9743
20:44:29 Valid 7/7 - loss: 0.1247 - acc: 0.9654
Epoch 509/620
20:44:48 Train 65/65 - loss: 0.1146 - acc: 0.9743
Epoch 510/620
20:45:06 Train 65/65 - loss: 0.1175 - acc: 0.9735
20:45:07 Valid 7/7 - loss: 0.1304 - acc: 0.9618
Epoch 511/620
20:45:26 Train 65/65 - loss: 0.1122 - acc: 0.9752
Epoch 512/620
20:45:44 Train 65/65 - loss: 0.1083 - acc: 0.9755
20:45:45 Valid 7/7 - loss: 0.1528 - acc: 0.9586
Epoch 513/620
20:46:03 Train 65/65 - loss: 0.1105 - acc: 0.9761
Epoch 514/620
20:46:22 Train 65/65 - loss: 0.1065 - acc: 0.9765
20:46:23 Valid 7/7 - loss: 0.1203 - acc: 0.9658
Epoch 515/620
20:46:42 Train 65/65 - loss: 0.1122 - acc: 0.9757
Epoch 516/620
20:47:00 Train 65/65 - loss: 0.1069 - acc: 0.9761
20:47:01 Valid 7/7 - loss: 0.1202 - acc: 0.9644
Epoch 517/620
20:47:20 Train 65/65 - loss: 0.1056 - acc: 0.9766
Epoch 518/620
20:47:38 Train 65/65 - loss: 0.1077 - acc: 0.9762
20:47:39 Valid 7/7 - loss: 0.1268 - acc: 0.9648
Epoch 519/620
20:47:58 Train 65/65 - loss: 0.1051 - acc: 0.9770
Epoch 520/620
20:48:17 Train 65/65 - loss: 0.1075 - acc: 0.9765
20:48:18 Valid 7/7 - loss: 0.1285 - acc: 0.9637
Epoch 521/620
20:48:36 Train 65/65 - loss: 0.1026 - acc: 0.9768
Epoch 522/620
20:48:55 Train 65/65 - loss: 0.1026 - acc: 0.9777
20:48:56 Valid 7/7 - loss: 0.1382 - acc: 0.9631
Epoch 523/620
20:49:14 Train 65/65 - loss: 0.0971 - acc: 0.9781
Epoch 524/620
20:49:33 Train 65/65 - loss: 0.0999 - acc: 0.9777
20:49:34 Valid 7/7 - loss: 0.1279 - acc: 0.9640
Epoch 525/620
20:49:52 Train 65/65 - loss: 0.0981 - acc: 0.9782
Epoch 526/620
20:50:10 Train 65/65 - loss: 0.0944 - acc: 0.9793
20:50:12 Valid 7/7 - loss: 0.1247 - acc: 0.9667
Epoch 527/620
20:50:30 Train 65/65 - loss: 0.0923 - acc: 0.9790
Epoch 528/620
20:50:48 Train 65/65 - loss: 0.0959 - acc: 0.9788
20:50:49 Valid 7/7 - loss: 0.1242 - acc: 0.9653
Epoch 529/620
20:51:08 Train 65/65 - loss: 0.0946 - acc: 0.9785
Epoch 530/620
20:51:26 Train 65/65 - loss: 0.0932 - acc: 0.9796
20:51:27 Valid 7/7 - loss: 0.1270 - acc: 0.9648
Epoch 531/620
20:51:46 Train 65/65 - loss: 0.0896 - acc: 0.9805
Epoch 532/620
20:52:04 Train 65/65 - loss: 0.0903 - acc: 0.9801
20:52:05 Valid 7/7 - loss: 0.1278 - acc: 0.9663
Epoch 533/620
20:52:24 Train 65/65 - loss: 0.0911 - acc: 0.9804
Epoch 534/620
20:52:42 Train 65/65 - loss: 0.0891 - acc: 0.9808
20:52:43 Valid 7/7 - loss: 0.1219 - acc: 0.9673
Epoch 535/620
20:53:01 Train 65/65 - loss: 0.0878 - acc: 0.9811
Epoch 536/620
20:53:20 Train 65/65 - loss: 0.0832 - acc: 0.9820
20:53:21 Valid 7/7 - loss: 0.1251 - acc: 0.9668
Epoch 537/620
20:53:39 Train 65/65 - loss: 0.0868 - acc: 0.9812
Epoch 538/620
20:53:58 Train 65/65 - loss: 0.0823 - acc: 0.9816
20:53:59 Valid 7/7 - loss: 0.1227 - acc: 0.9654
Epoch 539/620
20:54:17 Train 65/65 - loss: 0.0804 - acc: 0.9826
Epoch 540/620
20:54:36 Train 65/65 - loss: 0.0869 - acc: 0.9803
20:54:37 Valid 7/7 - loss: 0.1207 - acc: 0.9686
Epoch 541/620
20:54:55 Train 65/65 - loss: 0.0783 - acc: 0.9834
Epoch 542/620
20:55:14 Train 65/65 - loss: 0.0801 - acc: 0.9830
20:55:15 Valid 7/7 - loss: 0.1224 - acc: 0.9662
Epoch 543/620
20:55:33 Train 65/65 - loss: 0.0803 - acc: 0.9830
Epoch 544/620
20:55:52 Train 65/65 - loss: 0.0812 - acc: 0.9820
20:55:53 Valid 7/7 - loss: 0.1124 - acc: 0.9695
Epoch 545/620
20:56:11 Train 65/65 - loss: 0.0807 - acc: 0.9828
Epoch 546/620
20:56:30 Train 65/65 - loss: 0.0749 - acc: 0.9845
20:56:31 Valid 7/7 - loss: 0.1129 - acc: 0.9691
Epoch 547/620
20:56:49 Train 65/65 - loss: 0.0724 - acc: 0.9843
Epoch 548/620
20:57:08 Train 65/65 - loss: 0.0777 - acc: 0.9832
20:57:09 Valid 7/7 - loss: 0.1234 - acc: 0.9670
Epoch 549/620
20:57:27 Train 65/65 - loss: 0.0719 - acc: 0.9845
Epoch 550/620
20:57:46 Train 65/65 - loss: 0.0707 - acc: 0.9848
20:57:47 Valid 7/7 - loss: 0.1194 - acc: 0.9683
Epoch 551/620
20:58:05 Train 65/65 - loss: 0.0759 - acc: 0.9839
Epoch 552/620
20:58:24 Train 65/65 - loss: 0.0692 - acc: 0.9854
20:58:25 Valid 7/7 - loss: 0.1230 - acc: 0.9675
Epoch 553/620
20:58:44 Train 65/65 - loss: 0.0692 - acc: 0.9855
Epoch 554/620
20:59:02 Train 65/65 - loss: 0.0673 - acc: 0.9858
20:59:03 Valid 7/7 - loss: 0.1181 - acc: 0.9678
Epoch 555/620
20:59:21 Train 65/65 - loss: 0.0692 - acc: 0.9858
Epoch 556/620
20:59:40 Train 65/65 - loss: 0.0698 - acc: 0.9852
20:59:41 Valid 7/7 - loss: 0.1153 - acc: 0.9694
Epoch 557/620
21:00:00 Train 65/65 - loss: 0.0644 - acc: 0.9868
Epoch 558/620
21:00:18 Train 65/65 - loss: 0.0692 - acc: 0.9850
21:00:19 Valid 7/7 - loss: 0.1189 - acc: 0.9675
Epoch 559/620
21:00:37 Train 65/65 - loss: 0.0654 - acc: 0.9862
Epoch 560/620
21:00:55 Train 65/65 - loss: 0.0619 - acc: 0.9874
21:00:57 Valid 7/7 - loss: 0.1172 - acc: 0.9688
Epoch 561/620
21:01:15 Train 65/65 - loss: 0.0696 - acc: 0.9858
Epoch 562/620
21:01:33 Train 65/65 - loss: 0.0666 - acc: 0.9859
21:01:34 Valid 7/7 - loss: 0.1122 - acc: 0.9703
Epoch 563/620
21:01:52 Train 65/65 - loss: 0.0650 - acc: 0.9864
Epoch 564/620
21:02:11 Train 65/65 - loss: 0.0637 - acc: 0.9867
21:02:12 Valid 7/7 - loss: 0.1130 - acc: 0.9699
Epoch 565/620
21:02:30 Train 65/65 - loss: 0.0615 - acc: 0.9871
Epoch 566/620
21:02:48 Train 65/65 - loss: 0.0647 - acc: 0.9867
21:02:50 Valid 7/7 - loss: 0.1124 - acc: 0.9699
Epoch 567/620
21:03:08 Train 65/65 - loss: 0.0586 - acc: 0.9875
Epoch 568/620
21:03:26 Train 65/65 - loss: 0.0595 - acc: 0.9877
21:03:27 Valid 7/7 - loss: 0.1190 - acc: 0.9689
Epoch 569/620
21:03:46 Train 65/65 - loss: 0.0586 - acc: 0.9883
Epoch 570/620
21:04:04 Train 65/65 - loss: 0.0601 - acc: 0.9871
21:04:06 Valid 7/7 - loss: 0.1128 - acc: 0.9702
Epoch 571/620
21:04:24 Train 65/65 - loss: 0.0576 - acc: 0.9879
Epoch 572/620
21:04:42 Train 65/65 - loss: 0.0580 - acc: 0.9881
21:04:44 Valid 7/7 - loss: 0.1153 - acc: 0.9693
Epoch 573/620
21:05:02 Train 65/65 - loss: 0.0561 - acc: 0.9886
Epoch 574/620
21:05:20 Train 65/65 - loss: 0.0559 - acc: 0.9890
21:05:21 Valid 7/7 - loss: 0.1119 - acc: 0.9696
Epoch 575/620
21:05:40 Train 65/65 - loss: 0.0585 - acc: 0.9882
Epoch 576/620
21:05:58 Train 65/65 - loss: 0.0555 - acc: 0.9883
21:05:59 Valid 7/7 - loss: 0.1124 - acc: 0.9712
Epoch 577/620
21:06:18 Train 65/65 - loss: 0.0592 - acc: 0.9879
Epoch 578/620
21:06:36 Train 65/65 - loss: 0.0570 - acc: 0.9883
21:06:37 Valid 7/7 - loss: 0.1141 - acc: 0.9689
Epoch 579/620
21:06:55 Train 65/65 - loss: 0.0561 - acc: 0.9889
Epoch 580/620
21:07:14 Train 65/65 - loss: 0.0528 - acc: 0.9889
21:07:15 Valid 7/7 - loss: 0.1116 - acc: 0.9708
Epoch 581/620
21:07:33 Train 65/65 - loss: 0.0564 - acc: 0.9885
Epoch 582/620
21:07:52 Train 65/65 - loss: 0.0550 - acc: 0.9888
21:07:53 Valid 7/7 - loss: 0.1105 - acc: 0.9701
Epoch 583/620
21:08:11 Train 65/65 - loss: 0.0538 - acc: 0.9893
Epoch 584/620
21:08:29 Train 65/65 - loss: 0.0503 - acc: 0.9898
21:08:30 Valid 7/7 - loss: 0.1095 - acc: 0.9719
Epoch 585/620
21:08:49 Train 65/65 - loss: 0.0507 - acc: 0.9900
Epoch 586/620
21:09:07 Train 65/65 - loss: 0.0501 - acc: 0.9899
21:09:08 Valid 7/7 - loss: 0.1111 - acc: 0.9706
Epoch 587/620
21:09:26 Train 65/65 - loss: 0.0506 - acc: 0.9898
Epoch 588/620
21:09:45 Train 65/65 - loss: 0.0540 - acc: 0.9889
21:09:46 Valid 7/7 - loss: 0.1151 - acc: 0.9701
Epoch 589/620
21:10:04 Train 65/65 - loss: 0.0537 - acc: 0.9887
Epoch 590/620
21:10:23 Train 65/65 - loss: 0.0518 - acc: 0.9890
21:10:24 Valid 7/7 - loss: 0.1134 - acc: 0.9699
Epoch 591/620
21:10:42 Train 65/65 - loss: 0.0506 - acc: 0.9900
Epoch 592/620
21:11:01 Train 65/65 - loss: 0.0517 - acc: 0.9895
21:11:02 Valid 7/7 - loss: 0.1096 - acc: 0.9708
Epoch 593/620
21:11:20 Train 65/65 - loss: 0.0513 - acc: 0.9895
Epoch 594/620
21:11:38 Train 65/65 - loss: 0.0489 - acc: 0.9906
21:11:40 Valid 7/7 - loss: 0.1088 - acc: 0.9715
Epoch 595/620
21:11:58 Train 65/65 - loss: 0.0512 - acc: 0.9897
Epoch 596/620
21:12:16 Train 65/65 - loss: 0.0500 - acc: 0.9901
21:12:17 Valid 7/7 - loss: 0.1113 - acc: 0.9703
Epoch 597/620
21:12:36 Train 65/65 - loss: 0.0501 - acc: 0.9901
Epoch 598/620
21:12:54 Train 65/65 - loss: 0.0501 - acc: 0.9897
21:12:55 Valid 7/7 - loss: 0.1086 - acc: 0.9716
Epoch 599/620
21:13:13 Train 65/65 - loss: 0.0486 - acc: 0.9906
Epoch 600/620
21:13:32 Train 65/65 - loss: 0.0495 - acc: 0.9897
21:13:33 Valid 7/7 - loss: 0.1102 - acc: 0.9709
Epoch 601/620
21:13:51 Train 65/65 - loss: 0.0491 - acc: 0.9901
Epoch 602/620
21:14:10 Train 65/65 - loss: 0.0479 - acc: 0.9905
21:14:11 Valid 7/7 - loss: 0.1085 - acc: 0.9715
Epoch 603/620
21:14:29 Train 65/65 - loss: 0.0516 - acc: 0.9893
Epoch 604/620
21:14:48 Train 65/65 - loss: 0.0486 - acc: 0.9902
21:14:49 Valid 7/7 - loss: 0.1090 - acc: 0.9705
Epoch 605/620
21:15:07 Train 65/65 - loss: 0.0508 - acc: 0.9900
Epoch 606/620
21:15:26 Train 65/65 - loss: 0.0495 - acc: 0.9901
21:15:27 Valid 7/7 - loss: 0.1088 - acc: 0.9707
Epoch 607/620
21:15:45 Train 65/65 - loss: 0.0467 - acc: 0.9910
Epoch 608/620
21:16:03 Train 65/65 - loss: 0.0508 - acc: 0.9896
21:16:05 Valid 7/7 - loss: 0.1077 - acc: 0.9713
Epoch 609/620
21:16:23 Train 65/65 - loss: 0.0498 - acc: 0.9899
Epoch 610/620
21:16:42 Train 65/65 - loss: 0.0483 - acc: 0.9900
21:16:43 Valid 7/7 - loss: 0.1082 - acc: 0.9710
Epoch 611/620
21:17:01 Train 65/65 - loss: 0.0506 - acc: 0.9901
Epoch 612/620
21:17:20 Train 65/65 - loss: 0.0480 - acc: 0.9902
21:17:21 Valid 7/7 - loss: 0.1094 - acc: 0.9708
Epoch 613/620
21:17:39 Train 65/65 - loss: 0.0508 - acc: 0.9898
Epoch 614/620
21:17:58 Train 65/65 - loss: 0.0493 - acc: 0.9904
21:17:59 Valid 7/7 - loss: 0.1086 - acc: 0.9712
Epoch 615/620
21:18:18 Train 65/65 - loss: 0.0490 - acc: 0.9898
Epoch 616/620
21:18:36 Train 65/65 - loss: 0.0483 - acc: 0.9900
21:18:37 Valid 7/7 - loss: 0.1088 - acc: 0.9711
Epoch 617/620
21:18:56 Train 65/65 - loss: 0.0478 - acc: 0.9906
Epoch 618/620
21:19:14 Train 65/65 - loss: 0.0512 - acc: 0.9897
21:19:15 Valid 7/7 - loss: 0.1086 - acc: 0.9711
Epoch 619/620
21:19:34 Train 65/65 - loss: 0.0523 - acc: 0.9895
Epoch 620/620
21:19:52 Train 65/65 - loss: 0.0496 - acc: 0.9895
21:19:53 Valid 7/7 - loss: 0.1086 - acc: 0.9713