09:27:11 Start training
Epoch 1/610
WARNING:tensorflow:From /usr/local/lib/python3.6/dist-packages/tensorflow/python/data/ops/multi_device_iterator_ops.py:601: get_next_as_optional (from tensorflow.python.data.ops.iterator_ops) is deprecated and will be removed in a future version.
Instructions for updating:
Use `tf.data.Iterator.get_next_as_optional()` instead.
WARNING:tensorflow:From /usr/local/lib/python3.6/dist-packages/tensorflow/python/data/ops/multi_device_iterator_ops.py:601: get_next_as_optional (from tensorflow.python.data.ops.iterator_ops) is deprecated and will be removed in a future version.
Instructions for updating:
Use `tf.data.Iterator.get_next_as_optional()` instead.
09:46:15 train - loss: 3.2236, acc: 0.1190
09:48:02 valid - loss: 2.2939, acc: 0.1233
Epoch 2/610
09:48:16 train - loss: 3.1584, acc: 0.1471
09:48:17 valid - loss: 3.5109, acc: 0.1458
Epoch 3/610
09:48:31 train - loss: 2.7991, acc: 0.2533
09:48:32 valid - loss: 2.4078, acc: 0.2703
Epoch 4/610
09:48:45 train - loss: 2.4813, acc: 0.3418
09:48:46 valid - loss: 1.6874, acc: 0.3714
Epoch 5/610
09:49:00 train - loss: 2.2621, acc: 0.4028
09:49:01 valid - loss: 1.4674, acc: 0.4561
Epoch 6/610
09:49:15 train - loss: 2.1011, acc: 0.4497
09:49:16 valid - loss: 1.4356, acc: 0.4817
Epoch 7/610
09:49:29 train - loss: 1.9741, acc: 0.4855
09:49:31 valid - loss: 1.3332, acc: 0.5241
Epoch 8/610
09:49:44 train - loss: 1.8242, acc: 0.5309
09:49:45 valid - loss: 1.2836, acc: 0.5625
Epoch 9/610
09:49:58 train - loss: 1.6826, acc: 0.5670
09:49:59 valid - loss: 1.1457, acc: 0.5959
Epoch 10/610
09:50:13 train - loss: 1.5585, acc: 0.6021
09:50:14 valid - loss: 1.2352, acc: 0.5883
Epoch 11/610
09:50:27 train - loss: 1.4626, acc: 0.6288
09:50:29 valid - loss: 1.2408, acc: 0.5787
Epoch 12/610
09:50:42 train - loss: 1.3282, acc: 0.6625
09:50:43 valid - loss: 0.9208, acc: 0.6841
Epoch 13/610
09:50:56 train - loss: 1.2513, acc: 0.6833
09:50:57 valid - loss: 1.0511, acc: 0.6518
Epoch 14/610
09:51:10 train - loss: 1.1858, acc: 0.7023
09:51:12 valid - loss: 1.0977, acc: 0.6609
Epoch 15/610
09:51:25 train - loss: 1.1111, acc: 0.7223
09:51:26 valid - loss: 0.9970, acc: 0.6624
Epoch 16/610
09:51:39 train - loss: 1.0544, acc: 0.7376
09:51:40 valid - loss: 0.9660, acc: 0.6904
Epoch 17/610
09:51:54 train - loss: 0.9955, acc: 0.7532
09:51:56 valid - loss: 0.6837, acc: 0.7701
Epoch 18/610
09:52:09 train - loss: 0.9570, acc: 0.7637
09:52:10 valid - loss: 0.6678, acc: 0.7703
Epoch 19/610
09:52:23 train - loss: 0.9094, acc: 0.7750
09:52:24 valid - loss: 0.6517, acc: 0.7825
Epoch 20/610
09:52:37 train - loss: 0.8510, acc: 0.7906
09:52:39 valid - loss: 0.6146, acc: 0.7949
Epoch 21/610
09:52:53 train - loss: 0.8227, acc: 0.7958
09:52:54 valid - loss: 0.5885, acc: 0.7946
Epoch 22/610
09:53:07 train - loss: 0.7910, acc: 0.8055
09:53:08 valid - loss: 0.7166, acc: 0.7759
Epoch 23/610
09:53:22 train - loss: 0.7659, acc: 0.8120
09:53:23 valid - loss: 0.5017, acc: 0.8318
Epoch 24/610
09:53:36 train - loss: 0.7214, acc: 0.8251
09:53:37 valid - loss: 0.5669, acc: 0.8127
Epoch 25/610
09:53:50 train - loss: 0.7153, acc: 0.8232
09:53:51 valid - loss: 0.5663, acc: 0.8149
Epoch 26/610
09:54:05 train - loss: 0.6871, acc: 0.8317
09:54:06 valid - loss: 0.5337, acc: 0.8196
Epoch 27/610
09:54:19 train - loss: 0.6817, acc: 0.8331
09:54:20 valid - loss: 0.5344, acc: 0.8233
Epoch 28/610
09:54:33 train - loss: 0.6576, acc: 0.8405
09:54:35 valid - loss: 0.5192, acc: 0.8350
Epoch 29/610
09:54:48 train - loss: 0.6374, acc: 0.8440
09:54:49 valid - loss: 0.4804, acc: 0.8402
Epoch 30/610
09:55:02 train - loss: 0.6215, acc: 0.8487
09:55:03 valid - loss: 0.5971, acc: 0.8140
Epoch 31/610
09:55:16 train - loss: 0.5966, acc: 0.8536
09:55:17 valid - loss: 0.6252, acc: 0.8076
Epoch 32/610
09:55:30 train - loss: 0.5804, acc: 0.8587
09:55:31 valid - loss: 0.4583, acc: 0.8526
Epoch 33/610
09:55:44 train - loss: 0.5789, acc: 0.8585
09:55:46 valid - loss: 0.4777, acc: 0.8438
Epoch 34/610
09:55:58 train - loss: 0.5573, acc: 0.8641
09:56:00 valid - loss: 0.4455, acc: 0.8559
Epoch 35/610
09:56:12 train - loss: 0.5460, acc: 0.8668
09:56:14 valid - loss: 0.4725, acc: 0.8468
Epoch 36/610
09:56:27 train - loss: 0.5424, acc: 0.8682
09:56:28 valid - loss: 0.3927, acc: 0.8734
Epoch 37/610
09:56:41 train - loss: 0.5210, acc: 0.8736
09:56:42 valid - loss: 0.5950, acc: 0.8202
Epoch 38/610
09:56:55 train - loss: 0.5130, acc: 0.8762
09:56:56 valid - loss: 0.3997, acc: 0.8735
Epoch 39/610
09:57:09 train - loss: 0.5145, acc: 0.8754
09:57:10 valid - loss: 0.3532, acc: 0.8823
Epoch 40/610
09:57:23 train - loss: 0.4990, acc: 0.8798
09:57:24 valid - loss: 0.3531, acc: 0.8836
Epoch 41/610
09:57:37 train - loss: 0.4888, acc: 0.8826
09:57:38 valid - loss: 0.4953, acc: 0.8459
Epoch 42/610
09:57:51 train - loss: 0.4882, acc: 0.8822
09:57:52 valid - loss: 0.3019, acc: 0.8982
Epoch 43/610
09:58:05 train - loss: 0.4751, acc: 0.8851
09:58:07 valid - loss: 0.3861, acc: 0.8765
Epoch 44/610
09:58:20 train - loss: 0.4591, acc: 0.8888
09:58:21 valid - loss: 0.3951, acc: 0.8729
Epoch 45/610
09:58:34 train - loss: 0.4654, acc: 0.8876
09:58:35 valid - loss: 0.5394, acc: 0.8362
Epoch 46/610
09:58:48 train - loss: 0.4519, acc: 0.8906
09:58:49 valid - loss: 0.4357, acc: 0.8683
Epoch 47/610
09:59:02 train - loss: 0.4384, acc: 0.8948
09:59:03 valid - loss: 0.4148, acc: 0.8754
Epoch 48/610
09:59:17 train - loss: 0.4477, acc: 0.8922
09:59:18 valid - loss: 0.4059, acc: 0.8756
Epoch 49/610
09:59:31 train - loss: 0.4396, acc: 0.8940
09:59:32 valid - loss: 0.4048, acc: 0.8732
Epoch 50/610
09:59:45 train - loss: 0.4238, acc: 0.8999
09:59:46 valid - loss: 0.4067, acc: 0.8750
Epoch 51/610
09:59:59 train - loss: 0.4260, acc: 0.8969
10:00:00 valid - loss: 0.3576, acc: 0.8903
Epoch 52/610
10:00:13 train - loss: 0.4239, acc: 0.8977
10:00:14 valid - loss: 0.3944, acc: 0.8750
Epoch 53/610
10:00:27 train - loss: 0.4169, acc: 0.8994
10:00:28 valid - loss: 0.5087, acc: 0.8433
Epoch 54/610
10:00:42 train - loss: 0.4003, acc: 0.9048
10:00:43 valid - loss: 0.3487, acc: 0.8905
Epoch 55/610
10:00:56 train - loss: 0.4114, acc: 0.9009
10:00:57 valid - loss: 0.5028, acc: 0.8543
Epoch 56/610
10:01:11 train - loss: 0.3985, acc: 0.9021
10:01:12 valid - loss: 0.3812, acc: 0.8865
Epoch 57/610
10:01:25 train - loss: 0.3994, acc: 0.9031
10:01:26 valid - loss: 0.3058, acc: 0.8996
Epoch 58/610
10:01:40 train - loss: 0.3887, acc: 0.9068
10:01:41 valid - loss: 0.3049, acc: 0.9001
Epoch 59/610
10:01:54 train - loss: 0.3788, acc: 0.9092
10:01:55 valid - loss: 0.4410, acc: 0.8671
Epoch 60/610
10:02:08 train - loss: 0.3890, acc: 0.9070
10:02:09 valid - loss: 0.3181, acc: 0.8987
Epoch 61/610
10:02:22 train - loss: 0.3796, acc: 0.9084
10:02:23 valid - loss: 0.3576, acc: 0.8913
Epoch 62/610
10:02:36 train - loss: 0.3771, acc: 0.9089
10:02:38 valid - loss: 0.5000, acc: 0.8643
Epoch 63/610
10:02:51 train - loss: 0.3749, acc: 0.9105
10:02:52 valid - loss: 0.3282, acc: 0.8981
Epoch 64/610
10:03:06 train - loss: 0.3670, acc: 0.9120
10:03:07 valid - loss: 0.3213, acc: 0.9008
Epoch 65/610
10:03:20 train - loss: 0.3756, acc: 0.9077
10:03:21 valid - loss: 0.3767, acc: 0.8876
Epoch 66/610
10:03:34 train - loss: 0.3662, acc: 0.9121
10:03:35 valid - loss: 0.3228, acc: 0.9047
Epoch 67/610
10:03:48 train - loss: 0.3576, acc: 0.9138
10:03:49 valid - loss: 0.3411, acc: 0.8972
Epoch 68/610
10:04:03 train - loss: 0.3653, acc: 0.9122
10:04:04 valid - loss: 0.2780, acc: 0.9118
Epoch 69/610
10:04:18 train - loss: 0.3534, acc: 0.9152
10:04:19 valid - loss: 0.3353, acc: 0.8970
Epoch 70/610
10:04:33 train - loss: 0.3622, acc: 0.9136
10:04:34 valid - loss: 0.3866, acc: 0.8845
Epoch 71/610
10:04:47 train - loss: 0.3464, acc: 0.9178
10:04:49 valid - loss: 0.3331, acc: 0.8997
Epoch 72/610
10:05:02 train - loss: 0.3492, acc: 0.9163
10:05:03 valid - loss: 0.2943, acc: 0.9057
Epoch 73/610
10:05:17 train - loss: 0.3502, acc: 0.9167
10:05:18 valid - loss: 0.2765, acc: 0.9117
Epoch 74/610
10:05:31 train - loss: 0.3389, acc: 0.9188
10:05:32 valid - loss: 0.3188, acc: 0.9041
Epoch 75/610
10:05:45 train - loss: 0.3440, acc: 0.9185
10:05:46 valid - loss: 0.3438, acc: 0.8938
Epoch 76/610
10:05:59 train - loss: 0.3426, acc: 0.9173
10:06:00 valid - loss: 0.2925, acc: 0.9124
Epoch 77/610
10:06:13 train - loss: 0.3408, acc: 0.9183
10:06:15 valid - loss: 0.3117, acc: 0.9023
Epoch 78/610
10:06:28 train - loss: 0.3345, acc: 0.9204
10:06:29 valid - loss: 0.3732, acc: 0.8885
Epoch 79/610
10:06:42 train - loss: 0.3311, acc: 0.9215
10:06:43 valid - loss: 0.3874, acc: 0.8859
Epoch 80/610
10:06:57 train - loss: 0.3246, acc: 0.9218
10:06:58 valid - loss: 0.3334, acc: 0.8975
Epoch 81/610
10:07:11 train - loss: 0.3303, acc: 0.9212
10:07:12 valid - loss: 0.5824, acc: 0.8412
Epoch 82/610
10:07:25 train - loss: 0.3191, acc: 0.9240
10:07:26 valid - loss: 0.3408, acc: 0.8978
Epoch 83/610
10:07:40 train - loss: 0.3267, acc: 0.9223
10:07:41 valid - loss: 0.2705, acc: 0.9137
Epoch 84/610
10:07:54 train - loss: 0.3285, acc: 0.9221
10:07:55 valid - loss: 0.4130, acc: 0.8889
Epoch 85/610
10:08:09 train - loss: 0.3177, acc: 0.9242
10:08:10 valid - loss: 0.3888, acc: 0.8874
Epoch 86/610
10:08:24 train - loss: 0.3213, acc: 0.9228
10:08:25 valid - loss: 0.2819, acc: 0.9166
Epoch 87/610
10:08:38 train - loss: 0.3234, acc: 0.9229
10:08:39 valid - loss: 0.4481, acc: 0.8759
Epoch 88/610
10:08:52 train - loss: 0.3227, acc: 0.9220
10:08:53 valid - loss: 0.2676, acc: 0.9170
Epoch 89/610
10:09:06 train - loss: 0.3098, acc: 0.9257
10:09:07 valid - loss: 0.3712, acc: 0.8935
Epoch 90/610
10:09:20 train - loss: 0.3146, acc: 0.9249
10:09:21 valid - loss: 0.3280, acc: 0.9037
Epoch 91/610
10:09:35 train - loss: 0.3126, acc: 0.9256
10:09:36 valid - loss: 0.3568, acc: 0.8954
Epoch 92/610
10:09:49 train - loss: 0.3035, acc: 0.9280
10:09:50 valid - loss: 0.4109, acc: 0.8872
Epoch 93/610
10:10:03 train - loss: 0.3133, acc: 0.9254
10:10:04 valid - loss: 0.3328, acc: 0.8987
Epoch 94/610
10:10:17 train - loss: 0.3175, acc: 0.9231
10:10:19 valid - loss: 0.3070, acc: 0.9060
Epoch 95/610
10:10:32 train - loss: 0.3101, acc: 0.9260
10:10:33 valid - loss: 0.4228, acc: 0.8794
Epoch 96/610
10:10:46 train - loss: 0.3122, acc: 0.9264
10:10:47 valid - loss: 0.3529, acc: 0.9012
Epoch 97/610
10:11:00 train - loss: 0.3031, acc: 0.9271
10:11:01 valid - loss: 0.2916, acc: 0.9138
Epoch 98/610
10:11:15 train - loss: 0.3146, acc: 0.9261
10:11:16 valid - loss: 0.5235, acc: 0.8534
Epoch 99/610
10:11:29 train - loss: 0.2960, acc: 0.9298
10:11:30 valid - loss: 0.3235, acc: 0.9062
Epoch 100/610
10:11:43 train - loss: 0.3039, acc: 0.9268
10:11:44 valid - loss: 0.3800, acc: 0.8867
Epoch 101/610
10:11:57 train - loss: 0.3020, acc: 0.9290
10:11:58 valid - loss: 0.4823, acc: 0.8711
Epoch 102/610
10:12:12 train - loss: 0.3068, acc: 0.9280
10:12:13 valid - loss: 0.3211, acc: 0.9090
Epoch 103/610
10:12:26 train - loss: 0.2887, acc: 0.9319
10:12:27 valid - loss: 0.2956, acc: 0.9133
Epoch 104/610
10:12:40 train - loss: 0.2923, acc: 0.9306
10:12:41 valid - loss: 0.3036, acc: 0.9069
Epoch 105/610
10:12:54 train - loss: 0.2979, acc: 0.9291
10:12:55 valid - loss: 0.3153, acc: 0.9041
Epoch 106/610
10:13:08 train - loss: 0.3056, acc: 0.9272
10:13:09 valid - loss: 0.3761, acc: 0.8895
Epoch 107/610
10:13:22 train - loss: 0.2978, acc: 0.9290
10:13:23 valid - loss: 0.3897, acc: 0.8893
Epoch 108/610
10:13:36 train - loss: 0.2903, acc: 0.9311
10:13:38 valid - loss: 0.3641, acc: 0.8914
Epoch 109/610
10:13:51 train - loss: 0.3000, acc: 0.9301
10:13:52 valid - loss: 0.3488, acc: 0.8959
Epoch 110/610
10:14:05 train - loss: 0.2906, acc: 0.9301
10:14:06 valid - loss: 0.3409, acc: 0.9056
Epoch 111/610
10:14:19 train - loss: 0.2951, acc: 0.9291
10:14:20 valid - loss: 0.3087, acc: 0.9099
Epoch 112/610
10:14:33 train - loss: 0.2910, acc: 0.9315
10:14:35 valid - loss: 0.2832, acc: 0.9169
Epoch 113/610
10:14:48 train - loss: 0.2910, acc: 0.9321
10:14:49 valid - loss: 0.2851, acc: 0.9159
Epoch 114/610
10:15:02 train - loss: 0.2910, acc: 0.9305
10:15:03 valid - loss: 0.3681, acc: 0.8968
Epoch 115/610
10:15:17 train - loss: 0.2896, acc: 0.9317
10:15:18 valid - loss: 0.3153, acc: 0.9085
Epoch 116/610
10:15:31 train - loss: 0.2934, acc: 0.9292
10:15:32 valid - loss: 0.3055, acc: 0.9126
Epoch 117/610
10:15:45 train - loss: 0.2849, acc: 0.9316
10:15:47 valid - loss: 0.2692, acc: 0.9195
Epoch 118/610
10:16:00 train - loss: 0.2785, acc: 0.9339
10:16:01 valid - loss: 0.3319, acc: 0.9045
Epoch 119/610
10:16:14 train - loss: 0.2813, acc: 0.9332
10:16:15 valid - loss: 0.2558, acc: 0.9218
Epoch 120/610
10:16:29 train - loss: 0.2842, acc: 0.9335
10:16:30 valid - loss: 0.3272, acc: 0.9079
Epoch 121/610
10:16:43 train - loss: 0.2890, acc: 0.9319
10:16:44 valid - loss: 0.3138, acc: 0.9099
Epoch 122/610
10:16:57 train - loss: 0.2745, acc: 0.9350
10:16:58 valid - loss: 0.3198, acc: 0.9055
Epoch 123/610
10:17:12 train - loss: 0.2834, acc: 0.9328
10:17:13 valid - loss: 0.3025, acc: 0.9106
Epoch 124/610
10:17:26 train - loss: 0.2797, acc: 0.9341
10:17:27 valid - loss: 0.2547, acc: 0.9238
Epoch 125/610
10:17:40 train - loss: 0.2912, acc: 0.9319
10:17:42 valid - loss: 0.3279, acc: 0.9060
Epoch 126/610
10:17:55 train - loss: 0.2833, acc: 0.9311
10:17:56 valid - loss: 0.2873, acc: 0.9196
Epoch 127/610
10:18:09 train - loss: 0.2757, acc: 0.9360
10:18:10 valid - loss: 0.3212, acc: 0.9044
Epoch 128/610
10:18:23 train - loss: 0.2664, acc: 0.9375
10:18:25 valid - loss: 0.2979, acc: 0.9113
Epoch 129/610
10:18:38 train - loss: 0.2893, acc: 0.9311
10:18:39 valid - loss: 0.3854, acc: 0.8942
Epoch 130/610
10:18:52 train - loss: 0.2758, acc: 0.9350
10:18:53 valid - loss: 0.2405, acc: 0.9284
Epoch 131/610
10:19:07 train - loss: 0.2812, acc: 0.9321
10:19:08 valid - loss: 0.2827, acc: 0.9153
Epoch 132/610
10:19:21 train - loss: 0.2636, acc: 0.9383
10:19:22 valid - loss: 0.3849, acc: 0.8962
Epoch 133/610
10:19:36 train - loss: 0.2770, acc: 0.9342
10:19:37 valid - loss: 0.2961, acc: 0.9132
Epoch 134/610
10:19:50 train - loss: 0.2759, acc: 0.9348
10:19:51 valid - loss: 0.3510, acc: 0.9041
Epoch 135/610
10:20:04 train - loss: 0.2795, acc: 0.9344
10:20:05 valid - loss: 0.3950, acc: 0.8944
Epoch 136/610
10:20:19 train - loss: 0.2765, acc: 0.9345
10:20:20 valid - loss: 0.2244, acc: 0.9298
Epoch 137/610
10:20:33 train - loss: 0.2788, acc: 0.9340
10:20:35 valid - loss: 0.4000, acc: 0.8940
Epoch 138/610
10:20:48 train - loss: 0.2681, acc: 0.9375
10:20:49 valid - loss: 0.2435, acc: 0.9284
Epoch 139/610
10:21:02 train - loss: 0.2764, acc: 0.9352
10:21:03 valid - loss: 0.3063, acc: 0.9114
Epoch 140/610
10:21:16 train - loss: 0.2781, acc: 0.9344
10:21:17 valid - loss: 0.3185, acc: 0.9109
Epoch 141/610
10:21:30 train - loss: 0.2756, acc: 0.9357
10:21:32 valid - loss: 0.2448, acc: 0.9255
Epoch 142/610
10:21:45 train - loss: 0.2638, acc: 0.9369
10:21:46 valid - loss: 0.3585, acc: 0.8992
Epoch 143/610
10:21:59 train - loss: 0.2761, acc: 0.9344
10:22:00 valid - loss: 0.2841, acc: 0.9194
Epoch 144/610
10:22:13 train - loss: 0.2683, acc: 0.9364
10:22:15 valid - loss: 0.2825, acc: 0.9193
Epoch 145/610
10:22:28 train - loss: 0.2689, acc: 0.9371
10:22:29 valid - loss: 0.3837, acc: 0.8971
Epoch 146/610
10:22:43 train - loss: 0.2713, acc: 0.9364
10:22:44 valid - loss: 0.2525, acc: 0.9257
Epoch 147/610
10:22:57 train - loss: 0.2772, acc: 0.9346
10:22:58 valid - loss: 0.3292, acc: 0.9071
Epoch 148/610
10:23:12 train - loss: 0.2696, acc: 0.9360
10:23:13 valid - loss: 0.3092, acc: 0.9108
Epoch 149/610
10:23:26 train - loss: 0.2637, acc: 0.9381
10:23:28 valid - loss: 0.2773, acc: 0.9194
Epoch 150/610
10:23:41 train - loss: 0.2711, acc: 0.9357
10:23:42 valid - loss: 0.2543, acc: 0.9226
Epoch 151/610
10:23:55 train - loss: 0.2711, acc: 0.9356
10:23:56 valid - loss: 0.3292, acc: 0.9063
Epoch 152/610
10:24:10 train - loss: 0.2706, acc: 0.9367
10:24:11 valid - loss: 0.2708, acc: 0.9212
Epoch 153/610
10:24:24 train - loss: 0.2586, acc: 0.9398
10:24:25 valid - loss: 0.2409, acc: 0.9275
Epoch 154/610
10:24:38 train - loss: 0.2720, acc: 0.9358
10:24:39 valid - loss: 0.2896, acc: 0.9158
Epoch 155/610
10:24:52 train - loss: 0.2688, acc: 0.9375
10:24:54 valid - loss: 0.2634, acc: 0.9236
Epoch 156/610
10:25:07 train - loss: 0.2589, acc: 0.9399
10:25:08 valid - loss: 0.2594, acc: 0.9228
Epoch 157/610
10:25:21 train - loss: 0.2625, acc: 0.9378
10:25:22 valid - loss: 0.2273, acc: 0.9316
Epoch 158/610
10:25:36 train - loss: 0.2588, acc: 0.9393
10:25:37 valid - loss: 0.2498, acc: 0.9249
Epoch 159/610
10:25:50 train - loss: 0.2625, acc: 0.9381
10:25:51 valid - loss: 0.2918, acc: 0.9123
Epoch 160/610
10:26:04 train - loss: 0.2550, acc: 0.9395
10:26:05 valid - loss: 0.2504, acc: 0.9263
Epoch 161/610
10:26:18 train - loss: 0.2607, acc: 0.9382
10:26:20 valid - loss: 0.2768, acc: 0.9179
Epoch 162/610
10:26:33 train - loss: 0.2657, acc: 0.9377
10:26:34 valid - loss: 0.2687, acc: 0.9203
Epoch 163/610
10:26:47 train - loss: 0.2682, acc: 0.9371
10:26:49 valid - loss: 0.2797, acc: 0.9185
Epoch 164/610
10:27:02 train - loss: 0.2527, acc: 0.9415
10:27:03 valid - loss: 0.2387, acc: 0.9306
Epoch 165/610
10:27:17 train - loss: 0.2623, acc: 0.9383
10:27:18 valid - loss: 0.3698, acc: 0.8997
Epoch 166/610
10:27:31 train - loss: 0.2534, acc: 0.9407
10:27:32 valid - loss: 0.3926, acc: 0.8938
Epoch 167/610
10:27:45 train - loss: 0.2634, acc: 0.9386
10:27:47 valid - loss: 0.2558, acc: 0.9247
Epoch 168/610
10:28:00 train - loss: 0.2568, acc: 0.9403
10:28:01 valid - loss: 0.2976, acc: 0.9222
Epoch 169/610
10:28:14 train - loss: 0.2594, acc: 0.9395
10:28:16 valid - loss: 0.2235, acc: 0.9348
Epoch 170/610
10:28:29 train - loss: 0.2607, acc: 0.9390
10:28:30 valid - loss: 0.2481, acc: 0.9267
Epoch 171/610
10:28:43 train - loss: 0.2673, acc: 0.9381
10:28:45 valid - loss: 0.2810, acc: 0.9199
Epoch 172/610
10:28:58 train - loss: 0.2547, acc: 0.9409
10:28:59 valid - loss: 0.2405, acc: 0.9300
Epoch 173/610
10:29:12 train - loss: 0.2574, acc: 0.9394
10:29:14 valid - loss: 0.2697, acc: 0.9239
Epoch 174/610
10:29:27 train - loss: 0.2542, acc: 0.9401
10:29:28 valid - loss: 0.2852, acc: 0.9206
Epoch 175/610
10:29:41 train - loss: 0.2605, acc: 0.9395
10:29:42 valid - loss: 0.3111, acc: 0.9166
Epoch 176/610
10:29:55 train - loss: 0.2517, acc: 0.9419
10:29:56 valid - loss: 0.2440, acc: 0.9270
Epoch 177/610
10:30:10 train - loss: 0.2588, acc: 0.9397
10:30:11 valid - loss: 0.2927, acc: 0.9146
Epoch 178/610
10:30:24 train - loss: 0.2527, acc: 0.9398
10:30:25 valid - loss: 0.2463, acc: 0.9265
Epoch 179/610
10:30:39 train - loss: 0.2578, acc: 0.9408
10:30:40 valid - loss: 0.2625, acc: 0.9235
Epoch 180/610
10:30:53 train - loss: 0.2671, acc: 0.9374
10:30:54 valid - loss: 0.2996, acc: 0.9144
Epoch 181/610
10:31:08 train - loss: 0.2497, acc: 0.9404
10:31:09 valid - loss: 0.3311, acc: 0.9070
Epoch 182/610
10:31:22 train - loss: 0.2578, acc: 0.9397
10:31:23 valid - loss: 0.2837, acc: 0.9190
Epoch 183/610
10:31:37 train - loss: 0.2516, acc: 0.9414
10:31:38 valid - loss: 0.3093, acc: 0.9161
Epoch 184/610
10:31:51 train - loss: 0.2603, acc: 0.9397
10:31:52 valid - loss: 0.3206, acc: 0.9024
Epoch 185/610
10:32:06 train - loss: 0.2576, acc: 0.9401
10:32:07 valid - loss: 0.2846, acc: 0.9215
Epoch 186/610
10:32:20 train - loss: 0.2576, acc: 0.9398
10:32:21 valid - loss: 0.2491, acc: 0.9300
Epoch 187/610
10:32:34 train - loss: 0.2571, acc: 0.9387
10:32:35 valid - loss: 0.3581, acc: 0.9032
Epoch 188/610
10:32:49 train - loss: 0.2574, acc: 0.9402
10:32:50 valid - loss: 0.3762, acc: 0.9017
Epoch 189/610
10:33:03 train - loss: 0.2532, acc: 0.9414
10:33:04 valid - loss: 0.2330, acc: 0.9332
Epoch 190/610
10:33:17 train - loss: 0.2482, acc: 0.9422
10:33:18 valid - loss: 0.2382, acc: 0.9312
Epoch 191/610
10:33:31 train - loss: 0.2504, acc: 0.9420
10:33:33 valid - loss: 0.2558, acc: 0.9261
Epoch 192/610
10:33:46 train - loss: 0.2468, acc: 0.9426
10:33:47 valid - loss: 0.2584, acc: 0.9329
Epoch 193/610
10:34:01 train - loss: 0.2565, acc: 0.9398
10:34:02 valid - loss: 0.4383, acc: 0.8752
Epoch 194/610
10:34:15 train - loss: 0.2719, acc: 0.9366
10:34:16 valid - loss: 0.2521, acc: 0.9263
Epoch 195/610
10:34:29 train - loss: 0.2592, acc: 0.9392
10:34:31 valid - loss: 0.3210, acc: 0.9086
Epoch 196/610
10:34:44 train - loss: 0.2650, acc: 0.9372
10:34:45 valid - loss: 0.3084, acc: 0.9136
Epoch 197/610
10:34:58 train - loss: 0.2581, acc: 0.9396
10:35:00 valid - loss: 0.3053, acc: 0.9173
Epoch 198/610
10:35:13 train - loss: 0.2474, acc: 0.9423
10:35:14 valid - loss: 0.2618, acc: 0.9236
Epoch 199/610
10:35:27 train - loss: 0.2557, acc: 0.9396
10:35:29 valid - loss: 0.2326, acc: 0.9285
Epoch 200/610
10:35:42 train - loss: 0.2458, acc: 0.9427
10:35:43 valid - loss: 0.2478, acc: 0.9300
Epoch 201/610
10:35:56 train - loss: 0.2562, acc: 0.9392
10:35:57 valid - loss: 0.2630, acc: 0.9252
Epoch 202/610
10:36:10 train - loss: 0.2509, acc: 0.9416
10:36:11 valid - loss: 0.2938, acc: 0.9153
Epoch 203/610
10:36:25 train - loss: 0.2499, acc: 0.9421
10:36:26 valid - loss: 0.2830, acc: 0.9221
Epoch 204/610
10:36:39 train - loss: 0.2441, acc: 0.9421
10:36:40 valid - loss: 0.1935, acc: 0.9402
Epoch 205/610
10:36:54 train - loss: 0.2537, acc: 0.9405
10:36:55 valid - loss: 0.2331, acc: 0.9320
Epoch 206/610
10:37:09 train - loss: 0.2511, acc: 0.9408
10:37:10 valid - loss: 0.2905, acc: 0.9136
Epoch 207/610
10:37:23 train - loss: 0.2389, acc: 0.9445
10:37:24 valid - loss: 0.2254, acc: 0.9338
Epoch 208/610
10:37:38 train - loss: 0.2411, acc: 0.9444
10:37:39 valid - loss: 0.2628, acc: 0.9218
Epoch 209/610
10:37:52 train - loss: 0.2492, acc: 0.9416
10:37:53 valid - loss: 0.2585, acc: 0.9229
Epoch 210/610
10:38:07 train - loss: 0.2440, acc: 0.9430
10:38:08 valid - loss: 0.3000, acc: 0.9137
Epoch 211/610
10:38:21 train - loss: 0.2452, acc: 0.9431
10:38:23 valid - loss: 0.2939, acc: 0.9148
Epoch 212/610
10:38:36 train - loss: 0.2410, acc: 0.9444
10:38:37 valid - loss: 0.3042, acc: 0.9171
Epoch 213/610
10:38:50 train - loss: 0.2488, acc: 0.9434
10:38:52 valid - loss: 0.2690, acc: 0.9200
Epoch 214/610
10:39:05 train - loss: 0.2498, acc: 0.9413
10:39:06 valid - loss: 0.3087, acc: 0.9138
Epoch 215/610
10:39:20 train - loss: 0.2406, acc: 0.9446
10:39:21 valid - loss: 0.2449, acc: 0.9292
Epoch 216/610
10:39:34 train - loss: 0.2357, acc: 0.9454
10:39:35 valid - loss: 0.2188, acc: 0.9349
Epoch 217/610
10:39:49 train - loss: 0.2411, acc: 0.9430
10:39:50 valid - loss: 0.2742, acc: 0.9233
Epoch 218/610
10:40:03 train - loss: 0.2434, acc: 0.9412
10:40:04 valid - loss: 0.2236, acc: 0.9350
Epoch 219/610
10:40:17 train - loss: 0.2424, acc: 0.9442
10:40:18 valid - loss: 0.2736, acc: 0.9231
Epoch 220/610
10:40:33 train - loss: 0.2377, acc: 0.9460
10:40:34 valid - loss: 0.2367, acc: 0.9318
Epoch 221/610
10:40:47 train - loss: 0.2366, acc: 0.9450
10:40:48 valid - loss: 0.2446, acc: 0.9282
Epoch 222/610
10:41:01 train - loss: 0.2321, acc: 0.9462
10:41:02 valid - loss: 0.3442, acc: 0.9061
Epoch 223/610
10:41:16 train - loss: 0.2405, acc: 0.9433
10:41:17 valid - loss: 0.2926, acc: 0.9184
Epoch 224/610
10:41:30 train - loss: 0.2450, acc: 0.9432
10:41:31 valid - loss: 0.2574, acc: 0.9245
Epoch 225/610
10:41:45 train - loss: 0.2294, acc: 0.9473
10:41:46 valid - loss: 0.2111, acc: 0.9379
Epoch 226/610
10:41:59 train - loss: 0.2341, acc: 0.9468
10:42:00 valid - loss: 0.3034, acc: 0.9185
Epoch 227/610
10:42:14 train - loss: 0.2389, acc: 0.9436
10:42:15 valid - loss: 0.2841, acc: 0.9203
Epoch 228/610
10:42:28 train - loss: 0.2448, acc: 0.9440
10:42:29 valid - loss: 0.2731, acc: 0.9240
Epoch 229/610
10:42:43 train - loss: 0.2398, acc: 0.9444
10:42:44 valid - loss: 0.3822, acc: 0.9010
Epoch 230/610
10:42:57 train - loss: 0.2336, acc: 0.9459
10:42:58 valid - loss: 0.4533, acc: 0.8826
Epoch 231/610
10:43:12 train - loss: 0.2350, acc: 0.9468
10:43:13 valid - loss: 0.2588, acc: 0.9306
Epoch 232/610
10:43:26 train - loss: 0.2266, acc: 0.9474
10:43:28 valid - loss: 0.2579, acc: 0.9259
Epoch 233/610
10:43:41 train - loss: 0.2375, acc: 0.9450
10:43:42 valid - loss: 0.2620, acc: 0.9265
Epoch 234/610
10:43:55 train - loss: 0.2294, acc: 0.9478
10:43:56 valid - loss: 0.2146, acc: 0.9359
Epoch 235/610
10:44:10 train - loss: 0.2174, acc: 0.9496
10:44:11 valid - loss: 0.2257, acc: 0.9376
Epoch 236/610
10:44:24 train - loss: 0.2287, acc: 0.9476
10:44:25 valid - loss: 0.2745, acc: 0.9244
Epoch 237/610
10:44:38 train - loss: 0.2316, acc: 0.9473
10:44:39 valid - loss: 0.3281, acc: 0.9134
Epoch 238/610
10:44:53 train - loss: 0.2251, acc: 0.9485
10:44:54 valid - loss: 0.2991, acc: 0.9197
Epoch 239/610
10:45:07 train - loss: 0.2248, acc: 0.9492
10:45:08 valid - loss: 0.2666, acc: 0.9262
Epoch 240/610
10:45:21 train - loss: 0.2297, acc: 0.9473
10:45:22 valid - loss: 0.2335, acc: 0.9354
Epoch 241/610
10:45:36 train - loss: 0.2251, acc: 0.9487
10:45:37 valid - loss: 0.2663, acc: 0.9242
Epoch 242/610
10:45:50 train - loss: 0.2310, acc: 0.9457
10:45:51 valid - loss: 0.2491, acc: 0.9274
Epoch 243/610
10:46:05 train - loss: 0.2275, acc: 0.9478
10:46:06 valid - loss: 0.2502, acc: 0.9296
Epoch 244/610
10:46:19 train - loss: 0.2261, acc: 0.9482
10:46:20 valid - loss: 0.2312, acc: 0.9345
Epoch 245/610
10:46:33 train - loss: 0.2236, acc: 0.9482
10:46:35 valid - loss: 0.2779, acc: 0.9244
Epoch 246/610
10:46:48 train - loss: 0.2208, acc: 0.9489
10:46:49 valid - loss: 0.2274, acc: 0.9365
Epoch 247/610
10:47:03 train - loss: 0.2265, acc: 0.9477
10:47:04 valid - loss: 0.3025, acc: 0.9207
Epoch 248/610
10:47:17 train - loss: 0.2239, acc: 0.9483
10:47:18 valid - loss: 0.2323, acc: 0.9332
Epoch 249/610
10:47:32 train - loss: 0.2304, acc: 0.9470
10:47:33 valid - loss: 0.3137, acc: 0.9119
Epoch 250/610
10:47:46 train - loss: 0.2262, acc: 0.9474
10:47:47 valid - loss: 0.2790, acc: 0.9227
Epoch 251/610
10:48:00 train - loss: 0.2217, acc: 0.9490
10:48:02 valid - loss: 0.2955, acc: 0.9189
Epoch 252/610
10:48:15 train - loss: 0.2217, acc: 0.9481
10:48:16 valid - loss: 0.2695, acc: 0.9278
Epoch 253/610
10:48:29 train - loss: 0.2244, acc: 0.9479
10:48:31 valid - loss: 0.2428, acc: 0.9357
Epoch 254/610
10:48:44 train - loss: 0.2222, acc: 0.9501
10:48:45 valid - loss: 0.2642, acc: 0.9261
Epoch 255/610
10:48:58 train - loss: 0.2168, acc: 0.9502
10:48:59 valid - loss: 0.2541, acc: 0.9334
Epoch 256/610
10:49:12 train - loss: 0.2152, acc: 0.9506
10:49:14 valid - loss: 0.2411, acc: 0.9311
Epoch 257/610
10:49:28 train - loss: 0.2166, acc: 0.9501
10:49:29 valid - loss: 0.2204, acc: 0.9376
Epoch 258/610
10:49:42 train - loss: 0.2188, acc: 0.9494
10:49:43 valid - loss: 0.1931, acc: 0.9446
Epoch 259/610
10:49:57 train - loss: 0.2056, acc: 0.9531
10:49:58 valid - loss: 0.2076, acc: 0.9428
Epoch 260/610
10:50:11 train - loss: 0.2232, acc: 0.9483
10:50:12 valid - loss: 0.2384, acc: 0.9316
Epoch 261/610
10:50:26 train - loss: 0.2224, acc: 0.9496
10:50:27 valid - loss: 0.2180, acc: 0.9367
Epoch 262/610
10:50:40 train - loss: 0.2175, acc: 0.9507
10:50:41 valid - loss: 0.2512, acc: 0.9265
Epoch 263/610
10:50:55 train - loss: 0.2223, acc: 0.9496
10:50:56 valid - loss: 0.2909, acc: 0.9187
Epoch 264/610
10:51:09 train - loss: 0.2087, acc: 0.9510
10:51:10 valid - loss: 0.2259, acc: 0.9337
Epoch 265/610
10:51:25 train - loss: 0.2103, acc: 0.9522
10:51:26 valid - loss: 0.2429, acc: 0.9336
Epoch 266/610
10:51:39 train - loss: 0.2138, acc: 0.9510
10:51:41 valid - loss: 0.2408, acc: 0.9325
Epoch 267/610
10:51:55 train - loss: 0.2081, acc: 0.9530
10:51:56 valid - loss: 0.2515, acc: 0.9328
Epoch 268/610
10:52:09 train - loss: 0.2130, acc: 0.9495
10:52:10 valid - loss: 0.2083, acc: 0.9437
Epoch 269/610
10:52:24 train - loss: 0.2105, acc: 0.9520
10:52:25 valid - loss: 0.2578, acc: 0.9290
Epoch 270/610
10:52:38 train - loss: 0.2099, acc: 0.9521
10:52:40 valid - loss: 0.2032, acc: 0.9408
Epoch 271/610
10:52:53 train - loss: 0.2108, acc: 0.9518
10:52:54 valid - loss: 0.2413, acc: 0.9323
Epoch 272/610
10:53:07 train - loss: 0.2154, acc: 0.9496
10:53:08 valid - loss: 0.2533, acc: 0.9285
Epoch 273/610
10:53:22 train - loss: 0.2106, acc: 0.9506
10:53:23 valid - loss: 0.1897, acc: 0.9468
Epoch 274/610
10:53:36 train - loss: 0.2024, acc: 0.9540
10:53:37 valid - loss: 0.2920, acc: 0.9201
Epoch 275/610
10:53:50 train - loss: 0.1998, acc: 0.9549
10:53:51 valid - loss: 0.3738, acc: 0.9141
Epoch 276/610
10:54:05 train - loss: 0.2139, acc: 0.9504
10:54:06 valid - loss: 0.1995, acc: 0.9437
Epoch 277/610
10:54:20 train - loss: 0.2104, acc: 0.9515
10:54:21 valid - loss: 0.2720, acc: 0.9262
Epoch 278/610
10:54:34 train - loss: 0.2038, acc: 0.9533
10:54:35 valid - loss: 0.2110, acc: 0.9398
Epoch 279/610
10:54:50 train - loss: 0.2096, acc: 0.9515
10:54:51 valid - loss: 0.2150, acc: 0.9383
Epoch 280/610
10:55:04 train - loss: 0.2025, acc: 0.9543
10:55:05 valid - loss: 0.2146, acc: 0.9403
Epoch 281/610
10:55:19 train - loss: 0.2026, acc: 0.9540
10:55:20 valid - loss: 0.2298, acc: 0.9362
Epoch 282/610
10:55:33 train - loss: 0.2046, acc: 0.9540
10:55:35 valid - loss: 0.2419, acc: 0.9342
Epoch 283/610
10:55:48 train - loss: 0.2073, acc: 0.9524
10:55:49 valid - loss: 0.2561, acc: 0.9302
Epoch 284/610
10:56:03 train - loss: 0.1956, acc: 0.9558
10:56:04 valid - loss: 0.2502, acc: 0.9334
Epoch 285/610
10:56:17 train - loss: 0.2035, acc: 0.9527
10:56:19 valid - loss: 0.2093, acc: 0.9408
Epoch 286/610
10:56:32 train - loss: 0.1996, acc: 0.9544
10:56:33 valid - loss: 0.2386, acc: 0.9348
Epoch 287/610
10:56:46 train - loss: 0.2062, acc: 0.9523
10:56:47 valid - loss: 0.2139, acc: 0.9411
Epoch 288/610
10:57:01 train - loss: 0.1996, acc: 0.9540
10:57:02 valid - loss: 0.2237, acc: 0.9354
Epoch 289/610
10:57:15 train - loss: 0.2061, acc: 0.9529
10:57:16 valid - loss: 0.2113, acc: 0.9400
Epoch 290/610
10:57:30 train - loss: 0.1946, acc: 0.9562
10:57:31 valid - loss: 0.2039, acc: 0.9398
Epoch 291/610
10:57:44 train - loss: 0.2027, acc: 0.9540
10:57:46 valid - loss: 0.2063, acc: 0.9419
Epoch 292/610
10:57:59 train - loss: 0.2060, acc: 0.9529
10:58:00 valid - loss: 0.2066, acc: 0.9417
Epoch 293/610
10:58:14 train - loss: 0.1937, acc: 0.9563
10:58:15 valid - loss: 0.2029, acc: 0.9431
Epoch 294/610
10:58:28 train - loss: 0.1985, acc: 0.9540
10:58:29 valid - loss: 0.1823, acc: 0.9483
Epoch 295/610
10:58:43 train - loss: 0.1926, acc: 0.9560
10:58:44 valid - loss: 0.2152, acc: 0.9390
Epoch 296/610
10:58:58 train - loss: 0.1910, acc: 0.9575
10:58:59 valid - loss: 0.2630, acc: 0.9341
Epoch 297/610
10:59:12 train - loss: 0.1939, acc: 0.9553
10:59:13 valid - loss: 0.2227, acc: 0.9374
Epoch 298/610
10:59:27 train - loss: 0.2020, acc: 0.9554
10:59:28 valid - loss: 0.2555, acc: 0.9315
Epoch 299/610
10:59:41 train - loss: 0.1963, acc: 0.9552
10:59:42 valid - loss: 0.2680, acc: 0.9283
Epoch 300/610
10:59:56 train - loss: 0.1899, acc: 0.9572
10:59:57 valid - loss: 0.2304, acc: 0.9388
Epoch 301/610
11:00:10 train - loss: 0.1903, acc: 0.9570
11:00:11 valid - loss: 0.2276, acc: 0.9386
Epoch 302/610
11:00:25 train - loss: 0.1940, acc: 0.9564
11:00:26 valid - loss: 0.2211, acc: 0.9389
Epoch 303/610
11:00:39 train - loss: 0.1887, acc: 0.9570
11:00:40 valid - loss: 0.2341, acc: 0.9333
Epoch 304/610
11:00:54 train - loss: 0.1863, acc: 0.9576
11:00:55 valid - loss: 0.2038, acc: 0.9470
Epoch 305/610
11:01:08 train - loss: 0.1894, acc: 0.9575
11:01:09 valid - loss: 0.2458, acc: 0.9344
Epoch 306/610
11:01:23 train - loss: 0.1951, acc: 0.9560
11:01:24 valid - loss: 0.2282, acc: 0.9367
Epoch 307/610
11:01:37 train - loss: 0.1898, acc: 0.9559
11:01:39 valid - loss: 0.2484, acc: 0.9335
Epoch 308/610
11:01:52 train - loss: 0.1818, acc: 0.9593
11:01:53 valid - loss: 0.2120, acc: 0.9456
Epoch 309/610
11:02:07 train - loss: 0.1863, acc: 0.9589
11:02:08 valid - loss: 0.2105, acc: 0.9395
Epoch 310/610
11:02:21 train - loss: 0.1870, acc: 0.9578
11:02:22 valid - loss: 0.2119, acc: 0.9405
Epoch 311/610
11:02:36 train - loss: 0.1840, acc: 0.9583
11:02:37 valid - loss: 0.2461, acc: 0.9355
Epoch 312/610
11:02:51 train - loss: 0.1822, acc: 0.9596
11:02:52 valid - loss: 0.2352, acc: 0.9342
Epoch 313/610
11:03:05 train - loss: 0.1869, acc: 0.9580
11:03:06 valid - loss: 0.1999, acc: 0.9459
Epoch 314/610
11:03:20 train - loss: 0.1813, acc: 0.9594
11:03:21 valid - loss: 0.2721, acc: 0.9267
Epoch 315/610
11:03:34 train - loss: 0.1861, acc: 0.9576
11:03:35 valid - loss: 0.1755, acc: 0.9496
Epoch 316/610
11:03:49 train - loss: 0.1769, acc: 0.9602
11:03:50 valid - loss: 0.1936, acc: 0.9455
Epoch 317/610
11:04:03 train - loss: 0.1863, acc: 0.9582
11:04:05 valid - loss: 0.2678, acc: 0.9289
Epoch 318/610
11:04:18 train - loss: 0.1848, acc: 0.9577
11:04:19 valid - loss: 0.2050, acc: 0.9412
Epoch 319/610
11:04:33 train - loss: 0.1790, acc: 0.9592
11:04:34 valid - loss: 0.2809, acc: 0.9262
Epoch 320/610
11:04:47 train - loss: 0.1792, acc: 0.9596
11:04:48 valid - loss: 0.2160, acc: 0.9435
Epoch 321/610
11:05:03 train - loss: 0.1757, acc: 0.9602
11:05:04 valid - loss: 0.1778, acc: 0.9508
Epoch 322/610
11:05:17 train - loss: 0.1762, acc: 0.9606
11:05:18 valid - loss: 0.2006, acc: 0.9463
Epoch 323/610
11:05:33 train - loss: 0.1820, acc: 0.9591
11:05:34 valid - loss: 0.2208, acc: 0.9402
Epoch 324/610
11:05:47 train - loss: 0.1722, acc: 0.9612
11:05:48 valid - loss: 0.2064, acc: 0.9438
Epoch 325/610
11:06:01 train - loss: 0.1790, acc: 0.9602
11:06:03 valid - loss: 0.1930, acc: 0.9476
Epoch 326/610
11:06:16 train - loss: 0.1701, acc: 0.9619
11:06:17 valid - loss: 0.1972, acc: 0.9484
Epoch 327/610
11:06:31 train - loss: 0.1769, acc: 0.9609
11:06:32 valid - loss: 0.2214, acc: 0.9436
Epoch 328/610
11:06:45 train - loss: 0.1782, acc: 0.9597
11:06:46 valid - loss: 0.2164, acc: 0.9400
Epoch 329/610
11:07:00 train - loss: 0.1780, acc: 0.9607
11:07:01 valid - loss: 0.1674, acc: 0.9523
Epoch 330/610
11:07:14 train - loss: 0.1774, acc: 0.9609
11:07:15 valid - loss: 0.1936, acc: 0.9477
Epoch 331/610
11:07:29 train - loss: 0.1738, acc: 0.9605
11:07:30 valid - loss: 0.1851, acc: 0.9491
Epoch 332/610
11:07:44 train - loss: 0.1769, acc: 0.9602
11:07:45 valid - loss: 0.1894, acc: 0.9487
Epoch 333/610
11:07:58 train - loss: 0.1825, acc: 0.9594
11:07:59 valid - loss: 0.2318, acc: 0.9391
Epoch 334/610
11:08:13 train - loss: 0.1758, acc: 0.9602
11:08:14 valid - loss: 0.2096, acc: 0.9458
Epoch 335/610
11:08:27 train - loss: 0.1693, acc: 0.9621
11:08:29 valid - loss: 0.1742, acc: 0.9494
Epoch 336/610
11:08:42 train - loss: 0.1658, acc: 0.9631
11:08:43 valid - loss: 0.1746, acc: 0.9535
Epoch 337/610
11:08:56 train - loss: 0.1700, acc: 0.9618
11:08:58 valid - loss: 0.2157, acc: 0.9438
Epoch 338/610
11:09:11 train - loss: 0.1705, acc: 0.9619
11:09:12 valid - loss: 0.2410, acc: 0.9366
Epoch 339/610
11:09:25 train - loss: 0.1665, acc: 0.9624
11:09:27 valid - loss: 0.1958, acc: 0.9463
Epoch 340/610
11:09:40 train - loss: 0.1711, acc: 0.9610
11:09:41 valid - loss: 0.1782, acc: 0.9522
Epoch 341/610
11:09:55 train - loss: 0.1646, acc: 0.9632
11:09:56 valid - loss: 0.2074, acc: 0.9467
Epoch 342/610
11:10:10 train - loss: 0.1712, acc: 0.9622
11:10:11 valid - loss: 0.2253, acc: 0.9449
Epoch 343/610
11:10:25 train - loss: 0.1631, acc: 0.9637
11:10:26 valid - loss: 0.2075, acc: 0.9452
Epoch 344/610
11:10:39 train - loss: 0.1667, acc: 0.9620
11:10:40 valid - loss: 0.1954, acc: 0.9470
Epoch 345/610
11:10:54 train - loss: 0.1675, acc: 0.9629
11:10:55 valid - loss: 0.1973, acc: 0.9502
Epoch 346/610
11:11:09 train - loss: 0.1700, acc: 0.9625
11:11:10 valid - loss: 0.2088, acc: 0.9468
Epoch 347/610
11:11:24 train - loss: 0.1584, acc: 0.9646
11:11:25 valid - loss: 0.1805, acc: 0.9526
Epoch 348/610
11:11:39 train - loss: 0.1656, acc: 0.9625
11:11:40 valid - loss: 0.2163, acc: 0.9424
Epoch 349/610
11:11:54 train - loss: 0.1667, acc: 0.9631
11:11:55 valid - loss: 0.2071, acc: 0.9496
Epoch 350/610
11:12:08 train - loss: 0.1640, acc: 0.9636
11:12:09 valid - loss: 0.2470, acc: 0.9375
Epoch 351/610
11:12:23 train - loss: 0.1581, acc: 0.9645
11:12:24 valid - loss: 0.1646, acc: 0.9543
Epoch 352/610
11:12:37 train - loss: 0.1641, acc: 0.9625
11:12:38 valid - loss: 0.2018, acc: 0.9471
Epoch 353/610
11:12:52 train - loss: 0.1629, acc: 0.9637
11:12:53 valid - loss: 0.2122, acc: 0.9460
Epoch 354/610
11:13:06 train - loss: 0.1575, acc: 0.9653
11:13:08 valid - loss: 0.1857, acc: 0.9540
Epoch 355/610
11:13:21 train - loss: 0.1618, acc: 0.9638
11:13:22 valid - loss: 0.2053, acc: 0.9506
Epoch 356/610
11:13:36 train - loss: 0.1571, acc: 0.9650
11:13:37 valid - loss: 0.1947, acc: 0.9488
Epoch 357/610
11:13:50 train - loss: 0.1558, acc: 0.9659
11:13:51 valid - loss: 0.1773, acc: 0.9537
Epoch 358/610
11:14:06 train - loss: 0.1550, acc: 0.9658
11:14:07 valid - loss: 0.1788, acc: 0.9528
Epoch 359/610
11:14:21 train - loss: 0.1558, acc: 0.9652
11:14:22 valid - loss: 0.2337, acc: 0.9421
Epoch 360/610
11:14:35 train - loss: 0.1573, acc: 0.9652
11:14:36 valid - loss: 0.1743, acc: 0.9531
Epoch 361/610
11:14:50 train - loss: 0.1509, acc: 0.9669
11:14:51 valid - loss: 0.1848, acc: 0.9491
Epoch 362/610
11:15:05 train - loss: 0.1544, acc: 0.9660
11:15:06 valid - loss: 0.2226, acc: 0.9441
Epoch 363/610
11:15:19 train - loss: 0.1554, acc: 0.9659
11:15:20 valid - loss: 0.1818, acc: 0.9516
Epoch 364/610
11:15:34 train - loss: 0.1519, acc: 0.9668
11:15:35 valid - loss: 0.1932, acc: 0.9493
Epoch 365/610
11:15:49 train - loss: 0.1470, acc: 0.9671
11:15:50 valid - loss: 0.1978, acc: 0.9455
Epoch 366/610
11:16:03 train - loss: 0.1486, acc: 0.9668
11:16:04 valid - loss: 0.1890, acc: 0.9488
Epoch 367/610
11:16:18 train - loss: 0.1503, acc: 0.9665
11:16:19 valid - loss: 0.1964, acc: 0.9487
Epoch 368/610
11:16:33 train - loss: 0.1528, acc: 0.9668
11:16:34 valid - loss: 0.1891, acc: 0.9518
Epoch 369/610
11:16:47 train - loss: 0.1551, acc: 0.9654
11:16:49 valid - loss: 0.1680, acc: 0.9566
Epoch 370/610
11:17:02 train - loss: 0.1445, acc: 0.9682
11:17:03 valid - loss: 0.1805, acc: 0.9529
Epoch 371/610
11:17:17 train - loss: 0.1533, acc: 0.9661
11:17:18 valid - loss: 0.1892, acc: 0.9478
Epoch 372/610
11:17:31 train - loss: 0.1432, acc: 0.9680
11:17:33 valid - loss: 0.1736, acc: 0.9523
Epoch 373/610
11:17:46 train - loss: 0.1485, acc: 0.9672
11:17:47 valid - loss: 0.1902, acc: 0.9495
Epoch 374/610
11:18:01 train - loss: 0.1479, acc: 0.9677
11:18:02 valid - loss: 0.2160, acc: 0.9461
Epoch 375/610
11:18:15 train - loss: 0.1487, acc: 0.9674
11:18:17 valid - loss: 0.2061, acc: 0.9481
Epoch 376/610
11:18:30 train - loss: 0.1376, acc: 0.9708
11:18:31 valid - loss: 0.1921, acc: 0.9521
Epoch 377/610
11:18:45 train - loss: 0.1463, acc: 0.9669
11:18:46 valid - loss: 0.1859, acc: 0.9521
Epoch 378/610
11:19:00 train - loss: 0.1438, acc: 0.9685
11:19:01 valid - loss: 0.2368, acc: 0.9442
Epoch 379/610
11:19:15 train - loss: 0.1423, acc: 0.9687
11:19:16 valid - loss: 0.1789, acc: 0.9553
Epoch 380/610
11:19:30 train - loss: 0.1421, acc: 0.9688
11:19:31 valid - loss: 0.2016, acc: 0.9495
Epoch 381/610
11:19:44 train - loss: 0.1458, acc: 0.9688
11:19:46 valid - loss: 0.2510, acc: 0.9398
Epoch 382/610
11:19:59 train - loss: 0.1409, acc: 0.9684
11:20:00 valid - loss: 0.1581, acc: 0.9570
Epoch 383/610
11:20:14 train - loss: 0.1366, acc: 0.9708
11:20:15 valid - loss: 0.1899, acc: 0.9521
Epoch 384/610
11:20:28 train - loss: 0.1443, acc: 0.9680
11:20:29 valid - loss: 0.1853, acc: 0.9510
Epoch 385/610
11:20:43 train - loss: 0.1429, acc: 0.9693
11:20:44 valid - loss: 0.1646, acc: 0.9573
Epoch 386/610
11:20:58 train - loss: 0.1391, acc: 0.9702
11:20:59 valid - loss: 0.1783, acc: 0.9517
Epoch 387/610
11:21:12 train - loss: 0.1354, acc: 0.9703
11:21:13 valid - loss: 0.1648, acc: 0.9578
Epoch 388/610
11:21:27 train - loss: 0.1381, acc: 0.9694
11:21:28 valid - loss: 0.1876, acc: 0.9522
Epoch 389/610
11:21:42 train - loss: 0.1351, acc: 0.9710
11:21:43 valid - loss: 0.1775, acc: 0.9505
Epoch 390/610
11:21:56 train - loss: 0.1367, acc: 0.9699
11:21:57 valid - loss: 0.1859, acc: 0.9530
Epoch 391/610
11:22:11 train - loss: 0.1421, acc: 0.9683
11:22:12 valid - loss: 0.1971, acc: 0.9527
Epoch 392/610
11:22:26 train - loss: 0.1336, acc: 0.9708
11:22:27 valid - loss: 0.2245, acc: 0.9458
Epoch 393/610
11:22:41 train - loss: 0.1266, acc: 0.9729
11:22:42 valid - loss: 0.1923, acc: 0.9509
Epoch 394/610
11:22:55 train - loss: 0.1302, acc: 0.9722
11:22:57 valid - loss: 0.2036, acc: 0.9507
Epoch 395/610
11:23:10 train - loss: 0.1328, acc: 0.9707
11:23:12 valid - loss: 0.1943, acc: 0.9500
Epoch 396/610
11:23:25 train - loss: 0.1369, acc: 0.9703
11:23:26 valid - loss: 0.1699, acc: 0.9572
Epoch 397/610
11:23:40 train - loss: 0.1365, acc: 0.9700
11:23:41 valid - loss: 0.1892, acc: 0.9530
Epoch 398/610
11:23:55 train - loss: 0.1339, acc: 0.9710
11:23:56 valid - loss: 0.2164, acc: 0.9472
Epoch 399/610
11:24:10 train - loss: 0.1272, acc: 0.9729
11:24:11 valid - loss: 0.1667, acc: 0.9598
Epoch 400/610
11:24:25 train - loss: 0.1251, acc: 0.9734
11:24:26 valid - loss: 0.1809, acc: 0.9564
Epoch 401/610
11:24:40 train - loss: 0.1350, acc: 0.9707
11:24:41 valid - loss: 0.1732, acc: 0.9570
Epoch 402/610
11:24:55 train - loss: 0.1299, acc: 0.9710
11:24:56 valid - loss: 0.1662, acc: 0.9578
Epoch 403/610
11:25:10 train - loss: 0.1274, acc: 0.9730
11:25:11 valid - loss: 0.1732, acc: 0.9555
Epoch 404/610
11:25:25 train - loss: 0.1271, acc: 0.9722
11:25:26 valid - loss: 0.1630, acc: 0.9585
Epoch 405/610
11:25:40 train - loss: 0.1198, acc: 0.9740
11:25:41 valid - loss: 0.1873, acc: 0.9537
Epoch 406/610
11:25:55 train - loss: 0.1277, acc: 0.9735
11:25:56 valid - loss: 0.1828, acc: 0.9549
Epoch 407/610
11:26:10 train - loss: 0.1286, acc: 0.9718
11:26:11 valid - loss: 0.1746, acc: 0.9567
Epoch 408/610
11:26:25 train - loss: 0.1240, acc: 0.9737
11:26:26 valid - loss: 0.1954, acc: 0.9525
Epoch 409/610
11:26:40 train - loss: 0.1243, acc: 0.9734
11:26:41 valid - loss: 0.1709, acc: 0.9585
Epoch 410/610
11:26:54 train - loss: 0.1196, acc: 0.9741
11:26:56 valid - loss: 0.1631, acc: 0.9588
Epoch 411/610
11:27:09 train - loss: 0.1228, acc: 0.9738
11:27:10 valid - loss: 0.2002, acc: 0.9533
Epoch 412/610
11:27:24 train - loss: 0.1240, acc: 0.9736
11:27:25 valid - loss: 0.1767, acc: 0.9547
Epoch 413/610
11:27:39 train - loss: 0.1177, acc: 0.9748
11:27:40 valid - loss: 0.1906, acc: 0.9546
Epoch 414/610
11:27:54 train - loss: 0.1198, acc: 0.9741
11:27:55 valid - loss: 0.1649, acc: 0.9608
Epoch 415/610
11:28:09 train - loss: 0.1208, acc: 0.9734
11:28:10 valid - loss: 0.1604, acc: 0.9609
Epoch 416/610
11:28:24 train - loss: 0.1199, acc: 0.9752
11:28:25 valid - loss: 0.1700, acc: 0.9591
Epoch 417/610
11:28:39 train - loss: 0.1200, acc: 0.9737
11:28:40 valid - loss: 0.1660, acc: 0.9576
Epoch 418/610
11:28:53 train - loss: 0.1189, acc: 0.9746
11:28:55 valid - loss: 0.1750, acc: 0.9574
Epoch 419/610
11:29:08 train - loss: 0.1196, acc: 0.9737
11:29:09 valid - loss: 0.1875, acc: 0.9552
Epoch 420/610
11:29:23 train - loss: 0.1158, acc: 0.9746
11:29:24 valid - loss: 0.1694, acc: 0.9605
Epoch 421/610
11:29:38 train - loss: 0.1152, acc: 0.9754
11:29:39 valid - loss: 0.1859, acc: 0.9565
Epoch 422/610
11:29:54 train - loss: 0.1160, acc: 0.9754
11:29:55 valid - loss: 0.1839, acc: 0.9564
Epoch 423/610
11:30:09 train - loss: 0.1131, acc: 0.9764
11:30:10 valid - loss: 0.1881, acc: 0.9541
Epoch 424/610
11:30:23 train - loss: 0.1131, acc: 0.9758
11:30:24 valid - loss: 0.1769, acc: 0.9580
Epoch 425/610
11:30:38 train - loss: 0.1152, acc: 0.9744
11:30:39 valid - loss: 0.1629, acc: 0.9604
Epoch 426/610
11:30:53 train - loss: 0.1112, acc: 0.9767
11:30:54 valid - loss: 0.1589, acc: 0.9618
Epoch 427/610
11:31:08 train - loss: 0.1122, acc: 0.9757
11:31:09 valid - loss: 0.1611, acc: 0.9594
Epoch 428/610
11:31:24 train - loss: 0.1115, acc: 0.9764
11:31:25 valid - loss: 0.1629, acc: 0.9595
Epoch 429/610
11:31:39 train - loss: 0.1094, acc: 0.9773
11:31:40 valid - loss: 0.1697, acc: 0.9595
Epoch 430/610
11:31:53 train - loss: 0.1085, acc: 0.9763
11:31:54 valid - loss: 0.1637, acc: 0.9603
Epoch 431/610
11:32:08 train - loss: 0.1099, acc: 0.9766
11:32:09 valid - loss: 0.1513, acc: 0.9615
Epoch 432/610
11:32:23 train - loss: 0.1091, acc: 0.9771
11:32:24 valid - loss: 0.1853, acc: 0.9566
Epoch 433/610
11:32:38 train - loss: 0.1090, acc: 0.9764
11:32:39 valid - loss: 0.1854, acc: 0.9578
Epoch 434/610
11:32:53 train - loss: 0.1072, acc: 0.9772
11:32:54 valid - loss: 0.1617, acc: 0.9613
Epoch 435/610
11:33:08 train - loss: 0.1070, acc: 0.9775
11:33:09 valid - loss: 0.1822, acc: 0.9584
Epoch 436/610
11:33:23 train - loss: 0.1081, acc: 0.9766
11:33:24 valid - loss: 0.1981, acc: 0.9553
Epoch 437/610
11:33:38 train - loss: 0.1011, acc: 0.9789
11:33:39 valid - loss: 0.1566, acc: 0.9610
Epoch 438/610
11:33:52 train - loss: 0.1028, acc: 0.9785
11:33:53 valid - loss: 0.1841, acc: 0.9562
Epoch 439/610
11:34:07 train - loss: 0.1004, acc: 0.9788
11:34:08 valid - loss: 0.1567, acc: 0.9621
Epoch 440/610
11:34:22 train - loss: 0.1039, acc: 0.9783
11:34:23 valid - loss: 0.1608, acc: 0.9627
Epoch 441/610
11:34:37 train - loss: 0.1017, acc: 0.9789
11:34:38 valid - loss: 0.1704, acc: 0.9586
Epoch 442/610
11:34:52 train - loss: 0.0981, acc: 0.9795
11:34:53 valid - loss: 0.1612, acc: 0.9606
Epoch 443/610
11:35:07 train - loss: 0.0995, acc: 0.9780
11:35:08 valid - loss: 0.1527, acc: 0.9645
Epoch 444/610
11:35:22 train - loss: 0.1031, acc: 0.9778
11:35:23 valid - loss: 0.1806, acc: 0.9582
Epoch 445/610
11:35:36 train - loss: 0.0998, acc: 0.9791
11:35:37 valid - loss: 0.1604, acc: 0.9618
Epoch 446/610
11:35:51 train - loss: 0.1009, acc: 0.9784
11:35:52 valid - loss: 0.1843, acc: 0.9558
Epoch 447/610
11:36:06 train - loss: 0.0983, acc: 0.9792
11:36:07 valid - loss: 0.1626, acc: 0.9622
Epoch 448/610
11:36:21 train - loss: 0.0975, acc: 0.9797
11:36:22 valid - loss: 0.1555, acc: 0.9627
Epoch 449/610
11:36:35 train - loss: 0.0990, acc: 0.9789
11:36:36 valid - loss: 0.1699, acc: 0.9606
Epoch 450/610
11:36:50 train - loss: 0.0940, acc: 0.9805
11:36:51 valid - loss: 0.1753, acc: 0.9583
Epoch 451/610
11:37:05 train - loss: 0.0978, acc: 0.9801
11:37:06 valid - loss: 0.1627, acc: 0.9613
Epoch 452/610
11:37:20 train - loss: 0.0948, acc: 0.9799
11:37:21 valid - loss: 0.1626, acc: 0.9609
Epoch 453/610
11:37:35 train - loss: 0.0992, acc: 0.9795
11:37:36 valid - loss: 0.1676, acc: 0.9597
Epoch 454/610
11:37:50 train - loss: 0.0914, acc: 0.9809
11:37:51 valid - loss: 0.1652, acc: 0.9607
Epoch 455/610
11:38:05 train - loss: 0.0945, acc: 0.9807
11:38:06 valid - loss: 0.1778, acc: 0.9576
Epoch 456/610
11:38:20 train - loss: 0.0940, acc: 0.9804
11:38:21 valid - loss: 0.1579, acc: 0.9628
Epoch 457/610
11:38:35 train - loss: 0.0892, acc: 0.9819
11:38:36 valid - loss: 0.1629, acc: 0.9623
Epoch 458/610
11:38:50 train - loss: 0.0992, acc: 0.9787
11:38:51 valid - loss: 0.1629, acc: 0.9613
Epoch 459/610
11:39:05 train - loss: 0.0911, acc: 0.9811
11:39:07 valid - loss: 0.1635, acc: 0.9620
Epoch 460/610
11:39:21 train - loss: 0.0929, acc: 0.9802
11:39:22 valid - loss: 0.1679, acc: 0.9621
Epoch 461/610
11:39:36 train - loss: 0.0942, acc: 0.9805
11:39:37 valid - loss: 0.1561, acc: 0.9621
Epoch 462/610
11:39:50 train - loss: 0.0893, acc: 0.9815
11:39:51 valid - loss: 0.1650, acc: 0.9629
Epoch 463/610
11:40:05 train - loss: 0.0922, acc: 0.9807
11:40:06 valid - loss: 0.1671, acc: 0.9614
Epoch 464/610
11:40:20 train - loss: 0.0880, acc: 0.9823
11:40:21 valid - loss: 0.1534, acc: 0.9605
Epoch 465/610
11:40:34 train - loss: 0.0878, acc: 0.9822
11:40:36 valid - loss: 0.1541, acc: 0.9623
Epoch 466/610
11:40:49 train - loss: 0.0918, acc: 0.9799
11:40:51 valid - loss: 0.1711, acc: 0.9608
Epoch 467/610
11:41:04 train - loss: 0.0872, acc: 0.9819
11:41:05 valid - loss: 0.1605, acc: 0.9626
Epoch 468/610
11:41:19 train - loss: 0.0863, acc: 0.9825
11:41:20 valid - loss: 0.1622, acc: 0.9622
Epoch 469/610
11:41:34 train - loss: 0.0854, acc: 0.9822
11:41:35 valid - loss: 0.1742, acc: 0.9607
Epoch 470/610
11:41:49 train - loss: 0.0910, acc: 0.9807
11:41:50 valid - loss: 0.1553, acc: 0.9614
Epoch 471/610
11:42:04 train - loss: 0.0872, acc: 0.9820
11:42:05 valid - loss: 0.1500, acc: 0.9639
Epoch 472/610
11:42:18 train - loss: 0.0809, acc: 0.9833
11:42:20 valid - loss: 0.1612, acc: 0.9624
Epoch 473/610
11:42:33 train - loss: 0.0809, acc: 0.9839
11:42:35 valid - loss: 0.1595, acc: 0.9632
Epoch 474/610
11:42:48 train - loss: 0.0825, acc: 0.9827
11:42:49 valid - loss: 0.1569, acc: 0.9644
Epoch 475/610
11:43:03 train - loss: 0.0856, acc: 0.9825
11:43:04 valid - loss: 0.1582, acc: 0.9642
Epoch 476/610
11:43:18 train - loss: 0.0869, acc: 0.9821
11:43:19 valid - loss: 0.1622, acc: 0.9634
Epoch 477/610
11:43:33 train - loss: 0.0820, acc: 0.9836
11:43:34 valid - loss: 0.1515, acc: 0.9640
Epoch 478/610
11:43:48 train - loss: 0.0806, acc: 0.9840
11:43:49 valid - loss: 0.1546, acc: 0.9644
Epoch 479/610
11:44:03 train - loss: 0.0803, acc: 0.9835
11:44:04 valid - loss: 0.1522, acc: 0.9634
Epoch 480/610
11:44:18 train - loss: 0.0819, acc: 0.9834
11:44:19 valid - loss: 0.1684, acc: 0.9625
Epoch 481/610
11:44:33 train - loss: 0.0808, acc: 0.9833
11:44:34 valid - loss: 0.1586, acc: 0.9631
Epoch 482/610
11:44:48 train - loss: 0.0765, acc: 0.9841
11:44:49 valid - loss: 0.1658, acc: 0.9636
Epoch 483/610
11:45:03 train - loss: 0.0794, acc: 0.9844
11:45:04 valid - loss: 0.1502, acc: 0.9662
Epoch 484/610
11:45:18 train - loss: 0.0804, acc: 0.9834
11:45:19 valid - loss: 0.1689, acc: 0.9633
Epoch 485/610
11:45:33 train - loss: 0.0722, acc: 0.9851
11:45:34 valid - loss: 0.1561, acc: 0.9640
Epoch 486/610
11:45:47 train - loss: 0.0759, acc: 0.9846
11:45:49 valid - loss: 0.1587, acc: 0.9648
Epoch 487/610
11:46:02 train - loss: 0.0742, acc: 0.9843
11:46:03 valid - loss: 0.1584, acc: 0.9649
Epoch 488/610
11:46:17 train - loss: 0.0762, acc: 0.9843
11:46:19 valid - loss: 0.1492, acc: 0.9667
Epoch 489/610
11:46:32 train - loss: 0.0771, acc: 0.9840
11:46:33 valid - loss: 0.1581, acc: 0.9639
Epoch 490/610
11:46:48 train - loss: 0.0751, acc: 0.9858
11:46:49 valid - loss: 0.1521, acc: 0.9642
Epoch 491/610
11:47:03 train - loss: 0.0774, acc: 0.9846
11:47:04 valid - loss: 0.1507, acc: 0.9661
Epoch 492/610
11:47:18 train - loss: 0.0760, acc: 0.9844
11:47:19 valid - loss: 0.1513, acc: 0.9650
Epoch 493/610
11:47:33 train - loss: 0.0753, acc: 0.9846
11:47:34 valid - loss: 0.1570, acc: 0.9644
Epoch 494/610
11:47:48 train - loss: 0.0730, acc: 0.9859
11:47:49 valid - loss: 0.1613, acc: 0.9643
Epoch 495/610
11:48:02 train - loss: 0.0717, acc: 0.9853
11:48:04 valid - loss: 0.1582, acc: 0.9643
Epoch 496/610
11:48:17 train - loss: 0.0726, acc: 0.9852
11:48:19 valid - loss: 0.1548, acc: 0.9632
Epoch 497/610
11:48:33 train - loss: 0.0718, acc: 0.9858
11:48:34 valid - loss: 0.1567, acc: 0.9650
Epoch 498/610
11:48:47 train - loss: 0.0719, acc: 0.9855
11:48:49 valid - loss: 0.1650, acc: 0.9631
Epoch 499/610
11:49:02 train - loss: 0.0702, acc: 0.9857
11:49:04 valid - loss: 0.1580, acc: 0.9642
Epoch 500/610
11:49:17 train - loss: 0.0718, acc: 0.9856
11:49:18 valid - loss: 0.1554, acc: 0.9639
Epoch 501/610
11:49:32 train - loss: 0.0695, acc: 0.9862
11:49:33 valid - loss: 0.1477, acc: 0.9647
Epoch 502/610
11:49:47 train - loss: 0.0699, acc: 0.9856
11:49:49 valid - loss: 0.1465, acc: 0.9667
Epoch 503/610
11:50:02 train - loss: 0.0668, acc: 0.9868
11:50:04 valid - loss: 0.1506, acc: 0.9655
Epoch 504/610
11:50:17 train - loss: 0.0706, acc: 0.9859
11:50:18 valid - loss: 0.1518, acc: 0.9652
Epoch 505/610
11:50:32 train - loss: 0.0684, acc: 0.9868
11:50:33 valid - loss: 0.1462, acc: 0.9652
Epoch 506/610
11:50:48 train - loss: 0.0701, acc: 0.9861
11:50:50 valid - loss: 0.1513, acc: 0.9644
Epoch 507/610
11:51:04 train - loss: 0.0683, acc: 0.9863
11:51:05 valid - loss: 0.1510, acc: 0.9658
Epoch 508/610
11:51:18 train - loss: 0.0680, acc: 0.9864
11:51:19 valid - loss: 0.1558, acc: 0.9639
Epoch 509/610
11:51:33 train - loss: 0.0677, acc: 0.9864
11:51:34 valid - loss: 0.1488, acc: 0.9653
Epoch 510/610
11:51:48 train - loss: 0.0663, acc: 0.9874
11:51:49 valid - loss: 0.1581, acc: 0.9643
Epoch 511/610
11:52:03 train - loss: 0.0663, acc: 0.9868
11:52:04 valid - loss: 0.1537, acc: 0.9657
Epoch 512/610
11:52:18 train - loss: 0.0679, acc: 0.9861
11:52:19 valid - loss: 0.1546, acc: 0.9649
Epoch 513/610
11:52:33 train - loss: 0.0679, acc: 0.9866
11:52:34 valid - loss: 0.1539, acc: 0.9648
Epoch 514/610
11:52:48 train - loss: 0.0661, acc: 0.9875
11:52:49 valid - loss: 0.1483, acc: 0.9648
Epoch 515/610
11:53:03 train - loss: 0.0652, acc: 0.9875
11:53:04 valid - loss: 0.1518, acc: 0.9656
Epoch 516/610
11:53:18 train - loss: 0.0642, acc: 0.9877
11:53:19 valid - loss: 0.1485, acc: 0.9659
Epoch 517/610
11:53:33 train - loss: 0.0648, acc: 0.9870
11:53:35 valid - loss: 0.1471, acc: 0.9653
Epoch 518/610
11:53:48 train - loss: 0.0653, acc: 0.9870
11:53:49 valid - loss: 0.1444, acc: 0.9672
Epoch 519/610
11:54:03 train - loss: 0.0621, acc: 0.9878
11:54:05 valid - loss: 0.1456, acc: 0.9669
Epoch 520/610
11:54:18 train - loss: 0.0632, acc: 0.9874
11:54:19 valid - loss: 0.1464, acc: 0.9661
Epoch 521/610
11:54:33 train - loss: 0.0668, acc: 0.9871
11:54:35 valid - loss: 0.1448, acc: 0.9674
Epoch 522/610
11:54:49 train - loss: 0.0651, acc: 0.9874
11:54:50 valid - loss: 0.1531, acc: 0.9660
Epoch 523/610
11:55:04 train - loss: 0.0638, acc: 0.9870
11:55:05 valid - loss: 0.1428, acc: 0.9685
Epoch 524/610
11:55:19 train - loss: 0.0619, acc: 0.9874
11:55:20 valid - loss: 0.1468, acc: 0.9679
Epoch 525/610
11:55:34 train - loss: 0.0601, acc: 0.9884
11:55:35 valid - loss: 0.1499, acc: 0.9677
Epoch 526/610
11:55:49 train - loss: 0.0622, acc: 0.9879
11:55:50 valid - loss: 0.1532, acc: 0.9663
Epoch 527/610
11:56:04 train - loss: 0.0597, acc: 0.9885
11:56:05 valid - loss: 0.1490, acc: 0.9659
Epoch 528/610
11:56:19 train - loss: 0.0616, acc: 0.9871
11:56:20 valid - loss: 0.1472, acc: 0.9663
Epoch 529/610
11:56:34 train - loss: 0.0619, acc: 0.9882
11:56:35 valid - loss: 0.1544, acc: 0.9659
Epoch 530/610
11:56:49 train - loss: 0.0610, acc: 0.9883
11:56:50 valid - loss: 0.1574, acc: 0.9645
Epoch 531/610
11:57:04 train - loss: 0.0579, acc: 0.9886
11:57:05 valid - loss: 0.1499, acc: 0.9671
Epoch 532/610
11:57:19 train - loss: 0.0616, acc: 0.9876
11:57:20 valid - loss: 0.1517, acc: 0.9661
Epoch 533/610
11:57:34 train - loss: 0.0587, acc: 0.9886
11:57:35 valid - loss: 0.1483, acc: 0.9668
Epoch 534/610
11:57:49 train - loss: 0.0597, acc: 0.9880
11:57:50 valid - loss: 0.1499, acc: 0.9668
Epoch 535/610
11:58:04 train - loss: 0.0624, acc: 0.9878
11:58:05 valid - loss: 0.1468, acc: 0.9670
Epoch 536/610
11:58:18 train - loss: 0.0595, acc: 0.9885
11:58:20 valid - loss: 0.1467, acc: 0.9669
Epoch 537/610
11:58:33 train - loss: 0.0575, acc: 0.9886
11:58:34 valid - loss: 0.1484, acc: 0.9672
Epoch 538/610
11:58:48 train - loss: 0.0550, acc: 0.9897
11:58:49 valid - loss: 0.1487, acc: 0.9684
Epoch 539/610
11:59:03 train - loss: 0.0575, acc: 0.9887
11:59:04 valid - loss: 0.1510, acc: 0.9663
Epoch 540/610
11:59:18 train - loss: 0.0579, acc: 0.9889
11:59:19 valid - loss: 0.1489, acc: 0.9666
Epoch 541/610
11:59:33 train - loss: 0.0557, acc: 0.9898
11:59:34 valid - loss: 0.1502, acc: 0.9670
Epoch 542/610
11:59:48 train - loss: 0.0564, acc: 0.9889
11:59:49 valid - loss: 0.1519, acc: 0.9659
Epoch 543/610
12:00:03 train - loss: 0.0554, acc: 0.9893
12:00:04 valid - loss: 0.1540, acc: 0.9676
Epoch 544/610
12:00:18 train - loss: 0.0555, acc: 0.9891
12:00:19 valid - loss: 0.1527, acc: 0.9663
Epoch 545/610
12:00:33 train - loss: 0.0553, acc: 0.9897
12:00:34 valid - loss: 0.1534, acc: 0.9649
Epoch 546/610
12:00:48 train - loss: 0.0561, acc: 0.9895
12:00:49 valid - loss: 0.1526, acc: 0.9648
Epoch 547/610
12:01:03 train - loss: 0.0564, acc: 0.9893
12:01:04 valid - loss: 0.1517, acc: 0.9650
Epoch 548/610
12:01:18 train - loss: 0.0566, acc: 0.9893
12:01:19 valid - loss: 0.1504, acc: 0.9666
Epoch 549/610
12:01:33 train - loss: 0.0528, acc: 0.9896
12:01:34 valid - loss: 0.1495, acc: 0.9659
Epoch 550/610
12:01:48 train - loss: 0.0552, acc: 0.9891
12:01:49 valid - loss: 0.1563, acc: 0.9649
Epoch 551/610
12:02:03 train - loss: 0.0560, acc: 0.9896
12:02:04 valid - loss: 0.1512, acc: 0.9661
Epoch 552/610
12:02:18 train - loss: 0.0591, acc: 0.9883
12:02:19 valid - loss: 0.1513, acc: 0.9661
Epoch 553/610
12:02:33 train - loss: 0.0553, acc: 0.9894
12:02:34 valid - loss: 0.1552, acc: 0.9659
Epoch 554/610
12:02:48 train - loss: 0.0553, acc: 0.9893
12:02:49 valid - loss: 0.1495, acc: 0.9666
Epoch 555/610
12:03:03 train - loss: 0.0541, acc: 0.9897
12:03:05 valid - loss: 0.1511, acc: 0.9667
Epoch 556/610
12:03:19 train - loss: 0.0534, acc: 0.9900
12:03:20 valid - loss: 0.1493, acc: 0.9663
Epoch 557/610
12:03:34 train - loss: 0.0550, acc: 0.9889
12:03:35 valid - loss: 0.1484, acc: 0.9661
Epoch 558/610
12:03:49 train - loss: 0.0547, acc: 0.9894
12:03:50 valid - loss: 0.1485, acc: 0.9666
Epoch 559/610
12:04:04 train - loss: 0.0565, acc: 0.9894
12:04:05 valid - loss: 0.1488, acc: 0.9655
Epoch 560/610
12:04:19 train - loss: 0.0524, acc: 0.9903
12:04:20 valid - loss: 0.1492, acc: 0.9667
Epoch 561/610
12:04:34 train - loss: 0.0573, acc: 0.9893
12:04:35 valid - loss: 0.1474, acc: 0.9672
Epoch 562/610
12:04:49 train - loss: 0.0532, acc: 0.9898
12:04:50 valid - loss: 0.1475, acc: 0.9672
Epoch 563/610
12:05:04 train - loss: 0.0533, acc: 0.9899
12:05:05 valid - loss: 0.1476, acc: 0.9678
Epoch 564/610
12:05:19 train - loss: 0.0550, acc: 0.9898
12:05:21 valid - loss: 0.1483, acc: 0.9671
Epoch 565/610
12:05:34 train - loss: 0.0539, acc: 0.9901
12:05:36 valid - loss: 0.1484, acc: 0.9681
Epoch 566/610
12:05:49 train - loss: 0.0538, acc: 0.9902
12:05:50 valid - loss: 0.1496, acc: 0.9670
Epoch 567/610
12:06:05 train - loss: 0.0540, acc: 0.9900
12:06:06 valid - loss: 0.1488, acc: 0.9670
Epoch 568/610
12:06:20 train - loss: 0.0529, acc: 0.9905
12:06:21 valid - loss: 0.1486, acc: 0.9671
Epoch 569/610
12:06:35 train - loss: 0.0544, acc: 0.9901
12:06:36 valid - loss: 0.1500, acc: 0.9671
Epoch 570/610
12:06:50 train - loss: 0.0515, acc: 0.9903
12:06:51 valid - loss: 0.1471, acc: 0.9674
Epoch 571/610
12:07:05 train - loss: 0.0535, acc: 0.9902
12:07:06 valid - loss: 0.1464, acc: 0.9670
Epoch 572/610
12:07:20 train - loss: 0.0529, acc: 0.9898
12:07:21 valid - loss: 0.1482, acc: 0.9675
Epoch 573/610
12:07:35 train - loss: 0.0546, acc: 0.9893
12:07:36 valid - loss: 0.1474, acc: 0.9669
Epoch 574/610
12:07:50 train - loss: 0.0542, acc: 0.9902
12:07:51 valid - loss: 0.1471, acc: 0.9668
Epoch 575/610
12:08:05 train - loss: 0.0499, acc: 0.9908
12:08:06 valid - loss: 0.1483, acc: 0.9670
Epoch 576/610
12:08:20 train - loss: 0.0543, acc: 0.9899
12:08:21 valid - loss: 0.1480, acc: 0.9671
Epoch 577/610
12:08:35 train - loss: 0.0543, acc: 0.9899
12:08:37 valid - loss: 0.1490, acc: 0.9675
Epoch 578/610
12:08:50 train - loss: 0.0504, acc: 0.9910
12:08:52 valid - loss: 0.1473, acc: 0.9678
Epoch 579/610
12:09:05 train - loss: 0.0545, acc: 0.9898
12:09:06 valid - loss: 0.1476, acc: 0.9678
Epoch 580/610
12:09:20 train - loss: 0.0515, acc: 0.9900
12:09:21 valid - loss: 0.1481, acc: 0.9672
Epoch 581/610
12:09:36 train - loss: 0.0512, acc: 0.9905
12:09:37 valid - loss: 0.1468, acc: 0.9672
Epoch 582/610
12:09:51 train - loss: 0.0528, acc: 0.9908
12:09:52 valid - loss: 0.1473, acc: 0.9673
Epoch 583/610
12:10:06 train - loss: 0.0533, acc: 0.9900
12:10:07 valid - loss: 0.1471, acc: 0.9672
Epoch 584/610
12:10:21 train - loss: 0.0558, acc: 0.9891
12:10:22 valid - loss: 0.1475, acc: 0.9669
Epoch 585/610
12:10:36 train - loss: 0.0560, acc: 0.9894
12:10:37 valid - loss: 0.1455, acc: 0.9673
Epoch 586/610
12:10:51 train - loss: 0.0539, acc: 0.9896
12:10:52 valid - loss: 0.1469, acc: 0.9670
Epoch 587/610
12:11:06 train - loss: 0.0524, acc: 0.9899
12:11:07 valid - loss: 0.1471, acc: 0.9669
Epoch 588/610
12:11:21 train - loss: 0.0535, acc: 0.9898
12:11:22 valid - loss: 0.1478, acc: 0.9673
Epoch 589/610
12:11:36 train - loss: 0.0549, acc: 0.9895
12:11:37 valid - loss: 0.1481, acc: 0.9672
Epoch 590/610
12:11:51 train - loss: 0.0535, acc: 0.9901
12:11:52 valid - loss: 0.1467, acc: 0.9675
Epoch 591/610
12:12:06 train - loss: 0.0562, acc: 0.9899
12:12:08 valid - loss: 0.1482, acc: 0.9675
Epoch 592/610
12:12:21 train - loss: 0.0537, acc: 0.9899
12:12:22 valid - loss: 0.1479, acc: 0.9679
Epoch 593/610
12:12:37 train - loss: 0.0519, acc: 0.9901
12:12:38 valid - loss: 0.1476, acc: 0.9677
Epoch 594/610
12:12:52 train - loss: 0.0525, acc: 0.9904
12:12:53 valid - loss: 0.1476, acc: 0.9667
Epoch 595/610
12:13:07 train - loss: 0.0569, acc: 0.9890
12:13:08 valid - loss: 0.1476, acc: 0.9673
Epoch 596/610
12:13:22 train - loss: 0.0518, acc: 0.9908
12:13:23 valid - loss: 0.1466, acc: 0.9674
Epoch 597/610
12:13:37 train - loss: 0.0537, acc: 0.9897
12:13:38 valid - loss: 0.1468, acc: 0.9672
Epoch 598/610
12:13:52 train - loss: 0.0544, acc: 0.9899
12:13:54 valid - loss: 0.1466, acc: 0.9675
Epoch 599/610
12:14:08 train - loss: 0.0549, acc: 0.9894
12:14:09 valid - loss: 0.1470, acc: 0.9671
Epoch 600/610
12:14:23 train - loss: 0.0534, acc: 0.9899
12:14:24 valid - loss: 0.1459, acc: 0.9673
Epoch 601/610
12:14:38 train - loss: 0.0560, acc: 0.9896
12:14:39 valid - loss: 0.1477, acc: 0.9672
Epoch 602/610
12:14:54 train - loss: 0.0532, acc: 0.9904
12:14:55 valid - loss: 0.1468, acc: 0.9677
Epoch 603/610
12:15:09 train - loss: 0.0523, acc: 0.9903
12:15:10 valid - loss: 0.1466, acc: 0.9669
Epoch 604/610
12:15:24 train - loss: 0.0543, acc: 0.9898
12:15:25 valid - loss: 0.1466, acc: 0.9675
Epoch 605/610
12:15:39 train - loss: 0.0552, acc: 0.9894
12:15:40 valid - loss: 0.1470, acc: 0.9671
Epoch 606/610
12:15:54 train - loss: 0.0554, acc: 0.9899
12:15:55 valid - loss: 0.1463, acc: 0.9674
Epoch 607/610
12:16:10 train - loss: 0.0534, acc: 0.9895
12:16:11 valid - loss: 0.1465, acc: 0.9672
Epoch 608/610
12:16:25 train - loss: 0.0530, acc: 0.9899
12:16:26 valid - loss: 0.1465, acc: 0.9675
Epoch 609/610
12:16:40 train - loss: 0.0539, acc: 0.9902
12:16:41 valid - loss: 0.1463, acc: 0.9678
Epoch 610/610
12:16:55 train - loss: 0.0569, acc: 0.9895
12:16:57 valid - loss: 0.1470, acc: 0.9672