09:27:54 Start training
Epoch 1/610
WARNING:tensorflow:From /usr/local/lib/python3.6/dist-packages/tensorflow/python/data/ops/multi_device_iterator_ops.py:601: get_next_as_optional (from tensorflow.python.data.ops.iterator_ops) is deprecated and will be removed in a future version.
Instructions for updating:
Use `tf.data.Iterator.get_next_as_optional()` instead.
WARNING:tensorflow:From /usr/local/lib/python3.6/dist-packages/tensorflow/python/data/ops/multi_device_iterator_ops.py:601: get_next_as_optional (from tensorflow.python.data.ops.iterator_ops) is deprecated and will be removed in a future version.
Instructions for updating:
Use `tf.data.Iterator.get_next_as_optional()` instead.
09:47:32 train - loss: 3.2137, acc: 0.1218
09:49:31 valid - loss: 2.3104, acc: 0.1274
Epoch 2/610
09:49:45 train - loss: 3.1253, acc: 0.1541
09:49:46 valid - loss: 11.9467, acc: 0.1732
Epoch 3/610
09:50:00 train - loss: 2.7493, acc: 0.2600
09:50:01 valid - loss: 2.4365, acc: 0.2772
Epoch 4/610
09:50:15 train - loss: 2.4740, acc: 0.3398
09:50:16 valid - loss: 1.7221, acc: 0.3701
Epoch 5/610
09:50:29 train - loss: 2.2853, acc: 0.3964
09:50:30 valid - loss: 1.6224, acc: 0.4180
Epoch 6/610
09:50:44 train - loss: 2.1384, acc: 0.4384
09:50:45 valid - loss: 1.4667, acc: 0.4715
Epoch 7/610
09:50:59 train - loss: 1.9817, acc: 0.4817
09:51:00 valid - loss: 1.3668, acc: 0.5298
Epoch 8/610
09:51:13 train - loss: 1.8586, acc: 0.5178
09:51:14 valid - loss: 1.3613, acc: 0.5210
Epoch 9/610
09:51:27 train - loss: 1.7226, acc: 0.5564
09:51:28 valid - loss: 1.2879, acc: 0.5477
Epoch 10/610
09:51:41 train - loss: 1.5654, acc: 0.5977
09:51:43 valid - loss: 1.1326, acc: 0.6218
Epoch 11/610
09:51:56 train - loss: 1.4475, acc: 0.6335
09:51:57 valid - loss: 1.0274, acc: 0.6335
Epoch 12/610
09:52:10 train - loss: 1.3365, acc: 0.6636
09:52:11 valid - loss: 0.9335, acc: 0.6828
Epoch 13/610
09:52:24 train - loss: 1.2289, acc: 0.6932
09:52:26 valid - loss: 1.1209, acc: 0.6342
Epoch 14/610
09:52:39 train - loss: 1.1628, acc: 0.7111
09:52:40 valid - loss: 0.8325, acc: 0.7173
Epoch 15/610
09:52:53 train - loss: 1.0749, acc: 0.7328
09:52:54 valid - loss: 0.7206, acc: 0.7544
Epoch 16/610
09:53:07 train - loss: 1.0173, acc: 0.7480
09:53:08 valid - loss: 0.7134, acc: 0.7569
Epoch 17/610
09:53:22 train - loss: 0.9609, acc: 0.7648
09:53:23 valid - loss: 0.6052, acc: 0.7971
Epoch 18/610
09:53:36 train - loss: 0.9119, acc: 0.7753
09:53:37 valid - loss: 0.6827, acc: 0.7658
Epoch 19/610
09:53:50 train - loss: 0.8809, acc: 0.7814
09:53:51 valid - loss: 0.6370, acc: 0.7894
Epoch 20/610
09:54:05 train - loss: 0.8420, acc: 0.7929
09:54:06 valid - loss: 0.5794, acc: 0.8072
Epoch 21/610
09:54:19 train - loss: 0.7943, acc: 0.8060
09:54:20 valid - loss: 0.5761, acc: 0.8083
Epoch 22/610
09:54:33 train - loss: 0.7776, acc: 0.8086
09:54:34 valid - loss: 0.6427, acc: 0.7878
Epoch 23/610
09:54:48 train - loss: 0.7524, acc: 0.8147
09:54:49 valid - loss: 0.5555, acc: 0.8193
Epoch 24/610
09:55:02 train - loss: 0.7243, acc: 0.8219
09:55:03 valid - loss: 0.5382, acc: 0.8171
Epoch 25/610
09:55:16 train - loss: 0.7044, acc: 0.8261
09:55:17 valid - loss: 0.5287, acc: 0.8221
Epoch 26/610
09:55:30 train - loss: 0.6894, acc: 0.8309
09:55:31 valid - loss: 0.5412, acc: 0.8243
Epoch 27/610
09:55:45 train - loss: 0.6712, acc: 0.8362
09:55:46 valid - loss: 0.4697, acc: 0.8443
Epoch 28/610
09:55:59 train - loss: 0.6453, acc: 0.8419
09:56:00 valid - loss: 0.5318, acc: 0.8293
Epoch 29/610
09:56:13 train - loss: 0.6341, acc: 0.8436
09:56:14 valid - loss: 0.4451, acc: 0.8529
Epoch 30/610
09:56:27 train - loss: 0.6089, acc: 0.8514
09:56:28 valid - loss: 0.3875, acc: 0.8685
Epoch 31/610
09:56:42 train - loss: 0.5979, acc: 0.8516
09:56:43 valid - loss: 0.4593, acc: 0.8465
Epoch 32/610
09:56:56 train - loss: 0.5870, acc: 0.8565
09:56:57 valid - loss: 0.5311, acc: 0.8302
Epoch 33/610
09:57:10 train - loss: 0.5696, acc: 0.8599
09:57:11 valid - loss: 0.7132, acc: 0.7970
Epoch 34/610
09:57:25 train - loss: 0.5588, acc: 0.8639
09:57:26 valid - loss: 0.4658, acc: 0.8497
Epoch 35/610
09:57:39 train - loss: 0.5468, acc: 0.8675
09:57:40 valid - loss: 0.5082, acc: 0.8373
Epoch 36/610
09:57:53 train - loss: 0.5310, acc: 0.8707
09:57:54 valid - loss: 0.3982, acc: 0.8694
Epoch 37/610
09:58:08 train - loss: 0.5220, acc: 0.8740
09:58:09 valid - loss: 0.4243, acc: 0.8617
Epoch 38/610
09:58:22 train - loss: 0.5168, acc: 0.8757
09:58:23 valid - loss: 0.4427, acc: 0.8568
Epoch 39/610
09:58:36 train - loss: 0.5186, acc: 0.8720
09:58:37 valid - loss: 0.6093, acc: 0.8102
Epoch 40/610
09:58:50 train - loss: 0.5005, acc: 0.8787
09:58:52 valid - loss: 0.4370, acc: 0.8688
Epoch 41/610
09:59:05 train - loss: 0.4906, acc: 0.8813
09:59:06 valid - loss: 0.3786, acc: 0.8757
Epoch 42/610
09:59:19 train - loss: 0.4857, acc: 0.8817
09:59:20 valid - loss: 0.3176, acc: 0.8939
Epoch 43/610
09:59:33 train - loss: 0.4736, acc: 0.8848
09:59:35 valid - loss: 0.4029, acc: 0.8686
Epoch 44/610
09:59:48 train - loss: 0.4716, acc: 0.8872
09:59:49 valid - loss: 0.3039, acc: 0.8971
Epoch 45/610
10:00:02 train - loss: 0.4595, acc: 0.8881
10:00:03 valid - loss: 0.5871, acc: 0.8244
Epoch 46/610
10:00:16 train - loss: 0.4539, acc: 0.8899
10:00:17 valid - loss: 0.3622, acc: 0.8846
Epoch 47/610
10:00:31 train - loss: 0.4476, acc: 0.8938
10:00:32 valid - loss: 0.3174, acc: 0.8938
Epoch 48/610
10:00:45 train - loss: 0.4380, acc: 0.8951
10:00:46 valid - loss: 0.3961, acc: 0.8716
Epoch 49/610
10:00:59 train - loss: 0.4359, acc: 0.8925
10:01:00 valid - loss: 0.3625, acc: 0.8867
Epoch 50/610
10:01:13 train - loss: 0.4263, acc: 0.8962
10:01:15 valid - loss: 0.3159, acc: 0.8968
Epoch 51/610
10:01:28 train - loss: 0.4306, acc: 0.8953
10:01:29 valid - loss: 0.3930, acc: 0.8731
Epoch 52/610
10:01:42 train - loss: 0.4206, acc: 0.8977
10:01:43 valid - loss: 0.4274, acc: 0.8722
Epoch 53/610
10:01:56 train - loss: 0.4210, acc: 0.8978
10:01:58 valid - loss: 0.3611, acc: 0.8813
Epoch 54/610
10:02:11 train - loss: 0.4138, acc: 0.9000
10:02:12 valid - loss: 0.3954, acc: 0.8815
Epoch 55/610
10:02:25 train - loss: 0.4028, acc: 0.9024
10:02:26 valid - loss: 0.3197, acc: 0.8953
Epoch 56/610
10:02:39 train - loss: 0.4010, acc: 0.9034
10:02:40 valid - loss: 0.4216, acc: 0.8746
Epoch 57/610
10:02:54 train - loss: 0.3891, acc: 0.9059
10:02:55 valid - loss: 0.5191, acc: 0.8458
Epoch 58/610
10:03:08 train - loss: 0.3934, acc: 0.9056
10:03:09 valid - loss: 0.3159, acc: 0.9018
Epoch 59/610
10:03:22 train - loss: 0.3835, acc: 0.9083
10:03:23 valid - loss: 0.3778, acc: 0.8819
Epoch 60/610
10:03:36 train - loss: 0.3855, acc: 0.9074
10:03:38 valid - loss: 0.3235, acc: 0.8970
Epoch 61/610
10:03:51 train - loss: 0.3805, acc: 0.9090
10:03:52 valid - loss: 0.3422, acc: 0.8948
Epoch 62/610
10:04:05 train - loss: 0.3712, acc: 0.9099
10:04:06 valid - loss: 0.3348, acc: 0.8976
Epoch 63/610
10:04:20 train - loss: 0.3673, acc: 0.9118
10:04:21 valid - loss: 0.3576, acc: 0.8954
Epoch 64/610
10:04:34 train - loss: 0.3660, acc: 0.9113
10:04:35 valid - loss: 0.3311, acc: 0.8939
Epoch 65/610
10:04:48 train - loss: 0.3680, acc: 0.9104
10:04:50 valid - loss: 0.3610, acc: 0.8851
Epoch 66/610
10:05:03 train - loss: 0.3574, acc: 0.9130
10:05:04 valid - loss: 0.3332, acc: 0.9003
Epoch 67/610
10:05:17 train - loss: 0.3697, acc: 0.9098
10:05:18 valid - loss: 0.3998, acc: 0.8822
Epoch 68/610
10:05:31 train - loss: 0.3528, acc: 0.9166
10:05:32 valid - loss: 0.3902, acc: 0.8828
Epoch 69/610
10:05:46 train - loss: 0.3577, acc: 0.9145
10:05:47 valid - loss: 0.3759, acc: 0.8907
Epoch 70/610
10:06:00 train - loss: 0.3532, acc: 0.9161
10:06:01 valid - loss: 0.3046, acc: 0.9090
Epoch 71/610
10:06:14 train - loss: 0.3438, acc: 0.9183
10:06:15 valid - loss: 0.3682, acc: 0.8859
Epoch 72/610
10:06:29 train - loss: 0.3422, acc: 0.9175
10:06:30 valid - loss: 0.2955, acc: 0.9077
Epoch 73/610
10:06:43 train - loss: 0.3530, acc: 0.9156
10:06:44 valid - loss: 0.3234, acc: 0.8994
Epoch 74/610
10:06:57 train - loss: 0.3438, acc: 0.9178
10:06:58 valid - loss: 0.4012, acc: 0.8824
Epoch 75/610
10:07:12 train - loss: 0.3370, acc: 0.9190
10:07:13 valid - loss: 0.2775, acc: 0.9103
Epoch 76/610
10:07:26 train - loss: 0.3410, acc: 0.9185
10:07:27 valid - loss: 0.2860, acc: 0.9062
Epoch 77/610
10:07:40 train - loss: 0.3321, acc: 0.9209
10:07:41 valid - loss: 0.3016, acc: 0.9068
Epoch 78/610
10:07:55 train - loss: 0.3330, acc: 0.9204
10:07:56 valid - loss: 0.3543, acc: 0.8967
Epoch 79/610
10:08:09 train - loss: 0.3395, acc: 0.9179
10:08:10 valid - loss: 0.3390, acc: 0.8994
Epoch 80/610
10:08:23 train - loss: 0.3262, acc: 0.9228
10:08:24 valid - loss: 0.2844, acc: 0.9105
Epoch 81/610
10:08:38 train - loss: 0.3240, acc: 0.9226
10:08:39 valid - loss: 0.3436, acc: 0.9010
Epoch 82/610
10:08:52 train - loss: 0.3192, acc: 0.9236
10:08:53 valid - loss: 0.3325, acc: 0.8979
Epoch 83/610
10:09:06 train - loss: 0.3187, acc: 0.9248
10:09:08 valid - loss: 0.3314, acc: 0.9040
Epoch 84/610
10:09:21 train - loss: 0.3261, acc: 0.9209
10:09:22 valid - loss: 0.3191, acc: 0.9006
Epoch 85/610
10:09:35 train - loss: 0.3221, acc: 0.9235
10:09:36 valid - loss: 0.3300, acc: 0.8980
Epoch 86/610
10:09:50 train - loss: 0.3268, acc: 0.9217
10:09:51 valid - loss: 0.5133, acc: 0.8607
Epoch 87/610
10:10:04 train - loss: 0.3139, acc: 0.9258
10:10:05 valid - loss: 0.3104, acc: 0.9046
Epoch 88/610
10:10:18 train - loss: 0.3205, acc: 0.9223
10:10:20 valid - loss: 0.3293, acc: 0.9048
Epoch 89/610
10:10:33 train - loss: 0.3181, acc: 0.9239
10:10:34 valid - loss: 0.3875, acc: 0.8850
Epoch 90/610
10:10:47 train - loss: 0.3151, acc: 0.9254
10:10:48 valid - loss: 0.2924, acc: 0.9114
Epoch 91/610
10:11:01 train - loss: 0.3092, acc: 0.9265
10:11:03 valid - loss: 0.3177, acc: 0.9050
Epoch 92/610
10:11:16 train - loss: 0.3126, acc: 0.9256
10:11:17 valid - loss: 0.3457, acc: 0.8996
Epoch 93/610
10:11:30 train - loss: 0.3265, acc: 0.9214
10:11:31 valid - loss: 0.2785, acc: 0.9117
Epoch 94/610
10:11:45 train - loss: 0.3085, acc: 0.9271
10:11:46 valid - loss: 0.2817, acc: 0.9127
Epoch 95/610
10:11:59 train - loss: 0.3130, acc: 0.9248
10:12:00 valid - loss: 0.3132, acc: 0.9052
Epoch 96/610
10:12:13 train - loss: 0.3021, acc: 0.9268
10:12:14 valid - loss: 0.2933, acc: 0.9084
Epoch 97/610
10:12:28 train - loss: 0.2968, acc: 0.9302
10:12:29 valid - loss: 0.2752, acc: 0.9189
Epoch 98/610
10:12:42 train - loss: 0.2970, acc: 0.9292
10:12:43 valid - loss: 0.2927, acc: 0.9125
Epoch 99/610
10:12:56 train - loss: 0.2993, acc: 0.9293
10:12:58 valid - loss: 0.4310, acc: 0.8797
Epoch 100/610
10:13:11 train - loss: 0.3077, acc: 0.9260
10:13:12 valid - loss: 0.3599, acc: 0.8959
Epoch 101/610
10:13:25 train - loss: 0.3032, acc: 0.9270
10:13:26 valid - loss: 0.3938, acc: 0.8910
Epoch 102/610
10:13:40 train - loss: 0.2966, acc: 0.9291
10:13:41 valid - loss: 0.2915, acc: 0.9132
Epoch 103/610
10:13:54 train - loss: 0.2930, acc: 0.9300
10:13:55 valid - loss: 0.2790, acc: 0.9170
Epoch 104/610
10:14:08 train - loss: 0.3058, acc: 0.9278
10:14:09 valid - loss: 0.3274, acc: 0.9016
Epoch 105/610
10:14:23 train - loss: 0.2964, acc: 0.9300
10:14:24 valid - loss: 0.5255, acc: 0.8582
Epoch 106/610
10:14:37 train - loss: 0.2969, acc: 0.9297
10:14:38 valid - loss: 0.5172, acc: 0.8563
Epoch 107/610
10:14:51 train - loss: 0.2936, acc: 0.9297
10:14:53 valid - loss: 0.5057, acc: 0.8617
Epoch 108/610
10:15:06 train - loss: 0.2951, acc: 0.9306
10:15:07 valid - loss: 0.2902, acc: 0.9136
Epoch 109/610
10:15:20 train - loss: 0.2932, acc: 0.9307
10:15:21 valid - loss: 0.2684, acc: 0.9200
Epoch 110/610
10:15:35 train - loss: 0.2876, acc: 0.9320
10:15:36 valid - loss: 0.5163, acc: 0.8694
Epoch 111/610
10:15:49 train - loss: 0.2921, acc: 0.9299
10:15:50 valid - loss: 0.2805, acc: 0.9140
Epoch 112/610
10:16:03 train - loss: 0.2906, acc: 0.9304
10:16:05 valid - loss: 0.2957, acc: 0.9150
Epoch 113/610
10:16:18 train - loss: 0.2750, acc: 0.9352
10:16:19 valid - loss: 0.3296, acc: 0.9048
Epoch 114/610
10:16:32 train - loss: 0.2891, acc: 0.9314
10:16:33 valid - loss: 0.2967, acc: 0.9169
Epoch 115/610
10:16:47 train - loss: 0.2901, acc: 0.9312
10:16:48 valid - loss: 0.3552, acc: 0.9003
Epoch 116/610
10:17:01 train - loss: 0.2831, acc: 0.9327
10:17:02 valid - loss: 0.3673, acc: 0.9008
Epoch 117/610
10:17:15 train - loss: 0.2833, acc: 0.9331
10:17:17 valid - loss: 0.2919, acc: 0.9136
Epoch 118/610
10:17:30 train - loss: 0.2847, acc: 0.9317
10:17:31 valid - loss: 0.3079, acc: 0.9093
Epoch 119/610
10:17:44 train - loss: 0.2834, acc: 0.9333
10:17:45 valid - loss: 0.2800, acc: 0.9195
Epoch 120/610
10:17:59 train - loss: 0.2828, acc: 0.9331
10:18:00 valid - loss: 0.2967, acc: 0.9128
Epoch 121/610
10:18:13 train - loss: 0.2806, acc: 0.9331
10:18:14 valid - loss: 0.3350, acc: 0.9051
Epoch 122/610
10:18:28 train - loss: 0.2824, acc: 0.9342
10:18:29 valid - loss: 0.2899, acc: 0.9121
Epoch 123/610
10:18:42 train - loss: 0.2878, acc: 0.9326
10:18:43 valid - loss: 0.3690, acc: 0.8906
Epoch 124/610
10:18:56 train - loss: 0.2830, acc: 0.9332
10:18:58 valid - loss: 0.3375, acc: 0.8989
Epoch 125/610
10:19:11 train - loss: 0.2741, acc: 0.9344
10:19:12 valid - loss: 0.2889, acc: 0.9191
Epoch 126/610
10:19:25 train - loss: 0.2754, acc: 0.9346
10:19:27 valid - loss: 0.2972, acc: 0.9154
Epoch 127/610
10:19:40 train - loss: 0.2801, acc: 0.9332
10:19:41 valid - loss: 0.3622, acc: 0.8991
Epoch 128/610
10:19:54 train - loss: 0.2794, acc: 0.9331
10:19:55 valid - loss: 0.2916, acc: 0.9183
Epoch 129/610
10:20:09 train - loss: 0.2880, acc: 0.9311
10:20:10 valid - loss: 0.3927, acc: 0.8962
Epoch 130/610
10:20:23 train - loss: 0.2767, acc: 0.9343
10:20:25 valid - loss: 0.3155, acc: 0.9122
Epoch 131/610
10:20:38 train - loss: 0.2749, acc: 0.9346
10:20:39 valid - loss: 0.3638, acc: 0.8977
Epoch 132/610
10:20:52 train - loss: 0.2791, acc: 0.9330
10:20:53 valid - loss: 0.2676, acc: 0.9196
Epoch 133/610
10:21:07 train - loss: 0.2753, acc: 0.9338
10:21:08 valid - loss: 0.3137, acc: 0.9126
Epoch 134/610
10:21:21 train - loss: 0.2827, acc: 0.9319
10:21:22 valid - loss: 0.3741, acc: 0.8989
Epoch 135/610
10:21:36 train - loss: 0.2724, acc: 0.9351
10:21:37 valid - loss: 0.4192, acc: 0.8907
Epoch 136/610
10:21:50 train - loss: 0.2743, acc: 0.9359
10:21:51 valid - loss: 0.3265, acc: 0.9040
Epoch 137/610
10:22:05 train - loss: 0.2715, acc: 0.9358
10:22:06 valid - loss: 0.2545, acc: 0.9227
Epoch 138/610
10:22:19 train - loss: 0.2657, acc: 0.9365
10:22:20 valid - loss: 0.2861, acc: 0.9128
Epoch 139/610
10:22:34 train - loss: 0.2687, acc: 0.9363
10:22:35 valid - loss: 0.3897, acc: 0.8851
Epoch 140/610
10:22:48 train - loss: 0.2691, acc: 0.9362
10:22:49 valid - loss: 0.4367, acc: 0.8831
Epoch 141/610
10:23:02 train - loss: 0.2709, acc: 0.9359
10:23:04 valid - loss: 0.2639, acc: 0.9248
Epoch 142/610
10:23:17 train - loss: 0.2685, acc: 0.9364
10:23:18 valid - loss: 0.2718, acc: 0.9192
Epoch 143/610
10:23:31 train - loss: 0.2664, acc: 0.9367
10:23:33 valid - loss: 0.2600, acc: 0.9263
Epoch 144/610
10:23:46 train - loss: 0.2712, acc: 0.9368
10:23:47 valid - loss: 0.2877, acc: 0.9187
Epoch 145/610
10:24:00 train - loss: 0.2650, acc: 0.9371
10:24:02 valid - loss: 0.3195, acc: 0.9120
Epoch 146/610
10:24:15 train - loss: 0.2677, acc: 0.9365
10:24:16 valid - loss: 0.2491, acc: 0.9275
Epoch 147/610
10:24:29 train - loss: 0.2625, acc: 0.9388
10:24:30 valid - loss: 0.2841, acc: 0.9214
Epoch 148/610
10:24:44 train - loss: 0.2678, acc: 0.9370
10:24:45 valid - loss: 0.2925, acc: 0.9142
Epoch 149/610
10:24:58 train - loss: 0.2621, acc: 0.9383
10:25:00 valid - loss: 0.3770, acc: 0.9007
Epoch 150/610
10:25:13 train - loss: 0.2738, acc: 0.9347
10:25:14 valid - loss: 0.3196, acc: 0.9078
Epoch 151/610
10:25:27 train - loss: 0.2746, acc: 0.9353
10:25:29 valid - loss: 0.4458, acc: 0.8773
Epoch 152/610
10:25:42 train - loss: 0.2695, acc: 0.9371
10:25:43 valid - loss: 0.3037, acc: 0.9134
Epoch 153/610
10:25:56 train - loss: 0.2643, acc: 0.9368
10:25:58 valid - loss: 0.3881, acc: 0.9012
Epoch 154/610
10:26:11 train - loss: 0.2717, acc: 0.9368
10:26:12 valid - loss: 0.3150, acc: 0.9087
Epoch 155/610
10:26:25 train - loss: 0.2626, acc: 0.9379
10:26:26 valid - loss: 0.6212, acc: 0.8494
Epoch 156/610
10:26:40 train - loss: 0.2674, acc: 0.9364
10:26:41 valid - loss: 0.2673, acc: 0.9207
Epoch 157/610
10:26:54 train - loss: 0.2652, acc: 0.9381
10:26:56 valid - loss: 0.2899, acc: 0.9181
Epoch 158/610
10:27:09 train - loss: 0.2700, acc: 0.9367
10:27:10 valid - loss: 0.2596, acc: 0.9241
Epoch 159/610
10:27:24 train - loss: 0.2569, acc: 0.9400
10:27:25 valid - loss: 0.3621, acc: 0.9038
Epoch 160/610
10:27:38 train - loss: 0.2552, acc: 0.9409
10:27:39 valid - loss: 0.3059, acc: 0.9146
Epoch 161/610
10:27:53 train - loss: 0.2607, acc: 0.9383
10:27:54 valid - loss: 0.4026, acc: 0.8940
Epoch 162/610
10:28:07 train - loss: 0.2618, acc: 0.9382
10:28:08 valid - loss: 0.2830, acc: 0.9179
Epoch 163/610
10:28:22 train - loss: 0.2566, acc: 0.9401
10:28:23 valid - loss: 0.3018, acc: 0.9150
Epoch 164/610
10:28:36 train - loss: 0.2641, acc: 0.9382
10:28:37 valid - loss: 0.2707, acc: 0.9182
Epoch 165/610
10:28:51 train - loss: 0.2487, acc: 0.9427
10:28:52 valid - loss: 0.2576, acc: 0.9252
Epoch 166/610
10:29:05 train - loss: 0.2648, acc: 0.9374
10:29:06 valid - loss: 0.3114, acc: 0.9126
Epoch 167/610
10:29:20 train - loss: 0.2668, acc: 0.9378
10:29:21 valid - loss: 0.2319, acc: 0.9293
Epoch 168/610
10:29:34 train - loss: 0.2642, acc: 0.9371
10:29:35 valid - loss: 0.2387, acc: 0.9297
Epoch 169/610
10:29:49 train - loss: 0.2550, acc: 0.9396
10:29:50 valid - loss: 0.2777, acc: 0.9210
Epoch 170/610
10:30:03 train - loss: 0.2460, acc: 0.9429
10:30:04 valid - loss: 0.4617, acc: 0.8787
Epoch 171/610
10:30:18 train - loss: 0.2585, acc: 0.9386
10:30:19 valid - loss: 0.2819, acc: 0.9216
Epoch 172/610
10:30:32 train - loss: 0.2568, acc: 0.9390
10:30:33 valid - loss: 0.2404, acc: 0.9261
Epoch 173/610
10:30:47 train - loss: 0.2516, acc: 0.9410
10:30:48 valid - loss: 0.2742, acc: 0.9224
Epoch 174/610
10:31:02 train - loss: 0.2556, acc: 0.9391
10:31:03 valid - loss: 0.2596, acc: 0.9249
Epoch 175/610
10:31:16 train - loss: 0.2587, acc: 0.9386
10:31:17 valid - loss: 0.2767, acc: 0.9212
Epoch 176/610
10:31:31 train - loss: 0.2540, acc: 0.9412
10:31:32 valid - loss: 0.3320, acc: 0.9069
Epoch 177/610
10:31:45 train - loss: 0.2580, acc: 0.9385
10:31:46 valid - loss: 0.2958, acc: 0.9141
Epoch 178/610
10:32:00 train - loss: 0.2539, acc: 0.9415
10:32:01 valid - loss: 0.3317, acc: 0.9109
Epoch 179/610
10:32:14 train - loss: 0.2618, acc: 0.9397
10:32:15 valid - loss: 0.2507, acc: 0.9254
Epoch 180/610
10:32:29 train - loss: 0.2572, acc: 0.9389
10:32:30 valid - loss: 0.3751, acc: 0.8985
Epoch 181/610
10:32:43 train - loss: 0.2570, acc: 0.9409
10:32:44 valid - loss: 0.2500, acc: 0.9276
Epoch 182/610
10:32:58 train - loss: 0.2519, acc: 0.9399
10:32:59 valid - loss: 0.2683, acc: 0.9241
Epoch 183/610
10:33:12 train - loss: 0.2596, acc: 0.9401
10:33:13 valid - loss: 0.2843, acc: 0.9167
Epoch 184/610
10:33:26 train - loss: 0.2433, acc: 0.9436
10:33:28 valid - loss: 0.2301, acc: 0.9341
Epoch 185/610
10:33:41 train - loss: 0.2522, acc: 0.9413
10:33:42 valid - loss: 0.3125, acc: 0.9167
Epoch 186/610
10:33:56 train - loss: 0.2557, acc: 0.9397
10:33:57 valid - loss: 0.2482, acc: 0.9249
Epoch 187/610
10:34:10 train - loss: 0.2491, acc: 0.9418
10:34:11 valid - loss: 0.2168, acc: 0.9351
Epoch 188/610
10:34:25 train - loss: 0.2509, acc: 0.9407
10:34:26 valid - loss: 0.2812, acc: 0.9211
Epoch 189/610
10:34:39 train - loss: 0.2496, acc: 0.9418
10:34:40 valid - loss: 0.3083, acc: 0.9146
Epoch 190/610
10:34:54 train - loss: 0.2502, acc: 0.9411
10:34:55 valid - loss: 0.2982, acc: 0.9132
Epoch 191/610
10:35:08 train - loss: 0.2592, acc: 0.9391
10:35:10 valid - loss: 0.2478, acc: 0.9330
Epoch 192/610
10:35:23 train - loss: 0.2433, acc: 0.9426
10:35:24 valid - loss: 0.2292, acc: 0.9334
Epoch 193/610
10:35:37 train - loss: 0.2414, acc: 0.9439
10:35:39 valid - loss: 0.3239, acc: 0.9146
Epoch 194/610
10:35:52 train - loss: 0.2427, acc: 0.9426
10:35:53 valid - loss: 0.2848, acc: 0.9247
Epoch 195/610
10:36:06 train - loss: 0.2466, acc: 0.9416
10:36:08 valid - loss: 0.2579, acc: 0.9278
Epoch 196/610
10:36:21 train - loss: 0.2496, acc: 0.9420
10:36:22 valid - loss: 0.2909, acc: 0.9255
Epoch 197/610
10:36:35 train - loss: 0.2460, acc: 0.9417
10:36:37 valid - loss: 0.2429, acc: 0.9279
Epoch 198/610
10:36:50 train - loss: 0.2431, acc: 0.9437
10:36:51 valid - loss: 0.3352, acc: 0.9119
Epoch 199/610
10:37:04 train - loss: 0.2504, acc: 0.9428
10:37:06 valid - loss: 0.2585, acc: 0.9299
Epoch 200/610
10:37:19 train - loss: 0.2391, acc: 0.9443
10:37:20 valid - loss: 0.2711, acc: 0.9263
Epoch 201/610
10:37:33 train - loss: 0.2537, acc: 0.9393
10:37:35 valid - loss: 0.3489, acc: 0.9042
Epoch 202/610
10:37:48 train - loss: 0.2436, acc: 0.9434
10:37:49 valid - loss: 0.2678, acc: 0.9255
Epoch 203/610
10:38:02 train - loss: 0.2423, acc: 0.9427
10:38:04 valid - loss: 0.2713, acc: 0.9243
Epoch 204/610
10:38:17 train - loss: 0.2485, acc: 0.9427
10:38:18 valid - loss: 0.2420, acc: 0.9297
Epoch 205/610
10:38:32 train - loss: 0.2439, acc: 0.9435
10:38:33 valid - loss: 0.3761, acc: 0.8956
Epoch 206/610
10:38:46 train - loss: 0.2450, acc: 0.9437
10:38:47 valid - loss: 0.2373, acc: 0.9340
Epoch 207/610
10:39:01 train - loss: 0.2424, acc: 0.9441
10:39:02 valid - loss: 0.2296, acc: 0.9332
Epoch 208/610
10:39:15 train - loss: 0.2387, acc: 0.9440
10:39:16 valid - loss: 0.2536, acc: 0.9245
Epoch 209/610
10:39:30 train - loss: 0.2399, acc: 0.9431
10:39:31 valid - loss: 0.2313, acc: 0.9338
Epoch 210/610
10:39:44 train - loss: 0.2432, acc: 0.9428
10:39:46 valid - loss: 0.3757, acc: 0.9080
Epoch 211/610
10:39:59 train - loss: 0.2411, acc: 0.9434
10:40:00 valid - loss: 0.2399, acc: 0.9320
Epoch 212/610
10:40:13 train - loss: 0.2298, acc: 0.9469
10:40:15 valid - loss: 0.2437, acc: 0.9345
Epoch 213/610
10:40:28 train - loss: 0.2368, acc: 0.9436
10:40:29 valid - loss: 0.2119, acc: 0.9342
Epoch 214/610
10:40:43 train - loss: 0.2472, acc: 0.9417
10:40:44 valid - loss: 0.2784, acc: 0.9255
Epoch 215/610
10:40:57 train - loss: 0.2432, acc: 0.9425
10:40:58 valid - loss: 0.2324, acc: 0.9335
Epoch 216/610
10:41:12 train - loss: 0.2346, acc: 0.9453
10:41:13 valid - loss: 0.2540, acc: 0.9264
Epoch 217/610
10:41:26 train - loss: 0.2379, acc: 0.9443
10:41:27 valid - loss: 0.2566, acc: 0.9272
Epoch 218/610
10:41:41 train - loss: 0.2426, acc: 0.9432
10:41:42 valid - loss: 0.2464, acc: 0.9252
Epoch 219/610
10:41:55 train - loss: 0.2360, acc: 0.9458
10:41:56 valid - loss: 0.2104, acc: 0.9389
Epoch 220/610
10:42:10 train - loss: 0.2352, acc: 0.9452
10:42:11 valid - loss: 0.2255, acc: 0.9351
Epoch 221/610
10:42:24 train - loss: 0.2307, acc: 0.9456
10:42:26 valid - loss: 0.2354, acc: 0.9299
Epoch 222/610
10:42:39 train - loss: 0.2396, acc: 0.9452
10:42:40 valid - loss: 0.2181, acc: 0.9347
Epoch 223/610
10:42:54 train - loss: 0.2255, acc: 0.9486
10:42:55 valid - loss: 0.3364, acc: 0.9115
Epoch 224/610
10:43:08 train - loss: 0.2391, acc: 0.9443
10:43:09 valid - loss: 0.2871, acc: 0.9242
Epoch 225/610
10:43:23 train - loss: 0.2350, acc: 0.9454
10:43:24 valid - loss: 0.2323, acc: 0.9355
Epoch 226/610
10:43:37 train - loss: 0.2309, acc: 0.9463
10:43:38 valid - loss: 0.2646, acc: 0.9241
Epoch 227/610
10:43:52 train - loss: 0.2300, acc: 0.9462
10:43:53 valid - loss: 0.2601, acc: 0.9289
Epoch 228/610
10:44:07 train - loss: 0.2337, acc: 0.9450
10:44:08 valid - loss: 0.2411, acc: 0.9320
Epoch 229/610
10:44:21 train - loss: 0.2449, acc: 0.9432
10:44:22 valid - loss: 0.3340, acc: 0.9077
Epoch 230/610
10:44:36 train - loss: 0.2294, acc: 0.9470
10:44:37 valid - loss: 0.3027, acc: 0.9191
Epoch 231/610
10:44:50 train - loss: 0.2287, acc: 0.9469
10:44:51 valid - loss: 0.2764, acc: 0.9187
Epoch 232/610
10:45:05 train - loss: 0.2251, acc: 0.9481
10:45:06 valid - loss: 0.8967, acc: 0.7593
Epoch 233/610
10:45:19 train - loss: 0.2421, acc: 0.9449
10:45:21 valid - loss: 0.2561, acc: 0.9276
Epoch 234/610
10:45:34 train - loss: 0.2293, acc: 0.9471
10:45:35 valid - loss: 0.2374, acc: 0.9329
Epoch 235/610
10:45:49 train - loss: 0.2233, acc: 0.9490
10:45:50 valid - loss: 0.3154, acc: 0.9155
Epoch 236/610
10:46:03 train - loss: 0.2388, acc: 0.9440
10:46:04 valid - loss: 0.2526, acc: 0.9278
Epoch 237/610
10:46:18 train - loss: 0.2237, acc: 0.9482
10:46:19 valid - loss: 0.2604, acc: 0.9291
Epoch 238/610
10:46:33 train - loss: 0.2281, acc: 0.9461
10:46:34 valid - loss: 0.2468, acc: 0.9361
Epoch 239/610
10:46:47 train - loss: 0.2284, acc: 0.9469
10:46:48 valid - loss: 0.2302, acc: 0.9335
Epoch 240/610
10:47:02 train - loss: 0.2196, acc: 0.9497
10:47:03 valid - loss: 0.2359, acc: 0.9345
Epoch 241/610
10:47:16 train - loss: 0.2253, acc: 0.9489
10:47:18 valid - loss: 0.2156, acc: 0.9395
Epoch 242/610
10:47:31 train - loss: 0.2265, acc: 0.9475
10:47:32 valid - loss: 0.2529, acc: 0.9321
Epoch 243/610
10:47:46 train - loss: 0.2170, acc: 0.9492
10:47:47 valid - loss: 0.2149, acc: 0.9386
Epoch 244/610
10:48:01 train - loss: 0.2229, acc: 0.9481
10:48:02 valid - loss: 0.2562, acc: 0.9286
Epoch 245/610
10:48:15 train - loss: 0.2300, acc: 0.9472
10:48:16 valid - loss: 0.2895, acc: 0.9238
Epoch 246/610
10:48:30 train - loss: 0.2315, acc: 0.9462
10:48:31 valid - loss: 0.3530, acc: 0.9048
Epoch 247/610
10:48:44 train - loss: 0.2228, acc: 0.9483
10:48:46 valid - loss: 0.2212, acc: 0.9356
Epoch 248/610
10:48:59 train - loss: 0.2183, acc: 0.9506
10:49:00 valid - loss: 0.2539, acc: 0.9283
Epoch 249/610
10:49:14 train - loss: 0.2213, acc: 0.9490
10:49:15 valid - loss: 0.2246, acc: 0.9375
Epoch 250/610
10:49:28 train - loss: 0.2203, acc: 0.9492
10:49:30 valid - loss: 0.2557, acc: 0.9320
Epoch 251/610
10:49:43 train - loss: 0.2127, acc: 0.9508
10:49:44 valid - loss: 0.2401, acc: 0.9295
Epoch 252/610
10:49:58 train - loss: 0.2207, acc: 0.9484
10:49:59 valid - loss: 0.2328, acc: 0.9353
Epoch 253/610
10:50:12 train - loss: 0.2189, acc: 0.9491
10:50:13 valid - loss: 0.2631, acc: 0.9277
Epoch 254/610
10:50:27 train - loss: 0.2172, acc: 0.9501
10:50:28 valid - loss: 0.2612, acc: 0.9290
Epoch 255/610
10:50:41 train - loss: 0.2172, acc: 0.9499
10:50:43 valid - loss: 0.2207, acc: 0.9379
Epoch 256/610
10:50:56 train - loss: 0.2143, acc: 0.9511
10:50:57 valid - loss: 0.2121, acc: 0.9352
Epoch 257/610
10:51:11 train - loss: 0.2206, acc: 0.9490
10:51:12 valid - loss: 0.2692, acc: 0.9289
Epoch 258/610
10:51:25 train - loss: 0.2238, acc: 0.9479
10:51:26 valid - loss: 0.2023, acc: 0.9399
Epoch 259/610
10:51:40 train - loss: 0.2156, acc: 0.9503
10:51:41 valid - loss: 0.2270, acc: 0.9371
Epoch 260/610
10:51:55 train - loss: 0.2163, acc: 0.9490
10:51:56 valid - loss: 0.2824, acc: 0.9196
Epoch 261/610
10:52:09 train - loss: 0.2158, acc: 0.9501
10:52:10 valid - loss: 0.2577, acc: 0.9335
Epoch 262/610
10:52:24 train - loss: 0.2127, acc: 0.9511
10:52:25 valid - loss: 0.2294, acc: 0.9347
Epoch 263/610
10:52:38 train - loss: 0.2161, acc: 0.9493
10:52:39 valid - loss: 0.2468, acc: 0.9317
Epoch 264/610
10:52:53 train - loss: 0.2077, acc: 0.9529
10:52:54 valid - loss: 0.2228, acc: 0.9362
Epoch 265/610
10:53:08 train - loss: 0.2146, acc: 0.9508
10:53:09 valid - loss: 0.2132, acc: 0.9408
Epoch 266/610
10:53:22 train - loss: 0.2018, acc: 0.9536
10:53:23 valid - loss: 0.2430, acc: 0.9355
Epoch 267/610
10:53:37 train - loss: 0.2088, acc: 0.9513
10:53:38 valid - loss: 0.2189, acc: 0.9417
Epoch 268/610
10:53:51 train - loss: 0.2056, acc: 0.9526
10:53:53 valid - loss: 0.1937, acc: 0.9451
Epoch 269/610
10:54:06 train - loss: 0.2118, acc: 0.9510
10:54:07 valid - loss: 0.2000, acc: 0.9442
Epoch 270/610
10:54:21 train - loss: 0.2033, acc: 0.9532
10:54:22 valid - loss: 0.2205, acc: 0.9384
Epoch 271/610
10:54:35 train - loss: 0.2109, acc: 0.9512
10:54:36 valid - loss: 0.2784, acc: 0.9236
Epoch 272/610
10:54:50 train - loss: 0.2079, acc: 0.9513
10:54:51 valid - loss: 0.1996, acc: 0.9427
Epoch 273/610
10:55:05 train - loss: 0.2099, acc: 0.9520
10:55:06 valid - loss: 0.2916, acc: 0.9237
Epoch 274/610
10:55:19 train - loss: 0.2026, acc: 0.9533
10:55:20 valid - loss: 0.2038, acc: 0.9399
Epoch 275/610
10:55:34 train - loss: 0.2031, acc: 0.9540
10:55:35 valid - loss: 0.2791, acc: 0.9290
Epoch 276/610
10:55:49 train - loss: 0.2045, acc: 0.9529
10:55:50 valid - loss: 0.2169, acc: 0.9413
Epoch 277/610
10:56:03 train - loss: 0.2058, acc: 0.9525
10:56:04 valid - loss: 0.2145, acc: 0.9377
Epoch 278/610
10:56:18 train - loss: 0.2052, acc: 0.9533
10:56:19 valid - loss: 0.2109, acc: 0.9421
Epoch 279/610
10:56:33 train - loss: 0.1971, acc: 0.9551
10:56:34 valid - loss: 0.2247, acc: 0.9384
Epoch 280/610
10:56:47 train - loss: 0.2000, acc: 0.9541
10:56:49 valid - loss: 0.2471, acc: 0.9309
Epoch 281/610
10:57:02 train - loss: 0.2011, acc: 0.9539
10:57:03 valid - loss: 0.2566, acc: 0.9324
Epoch 282/610
10:57:17 train - loss: 0.2015, acc: 0.9546
10:57:18 valid - loss: 0.2048, acc: 0.9428
Epoch 283/610
10:57:31 train - loss: 0.2024, acc: 0.9528
10:57:33 valid - loss: 0.2183, acc: 0.9392
Epoch 284/610
10:57:46 train - loss: 0.1980, acc: 0.9547
10:57:47 valid - loss: 0.2482, acc: 0.9341
Epoch 285/610
10:58:01 train - loss: 0.2090, acc: 0.9515
10:58:02 valid - loss: 0.2111, acc: 0.9412
Epoch 286/610
10:58:15 train - loss: 0.1986, acc: 0.9549
10:58:16 valid - loss: 0.2489, acc: 0.9326
Epoch 287/610
10:58:30 train - loss: 0.1959, acc: 0.9542
10:58:31 valid - loss: 0.1947, acc: 0.9476
Epoch 288/610
10:58:45 train - loss: 0.1911, acc: 0.9560
10:58:46 valid - loss: 0.2247, acc: 0.9404
Epoch 289/610
10:58:59 train - loss: 0.1935, acc: 0.9554
10:59:00 valid - loss: 0.2798, acc: 0.9253
Epoch 290/610
10:59:14 train - loss: 0.1890, acc: 0.9575
10:59:15 valid - loss: 0.2161, acc: 0.9421
Epoch 291/610
10:59:29 train - loss: 0.1951, acc: 0.9542
10:59:30 valid - loss: 0.2931, acc: 0.9246
Epoch 292/610
10:59:43 train - loss: 0.1969, acc: 0.9547
10:59:44 valid - loss: 0.2992, acc: 0.9203
Epoch 293/610
10:59:58 train - loss: 0.1925, acc: 0.9561
10:59:59 valid - loss: 0.2229, acc: 0.9407
Epoch 294/610
11:00:13 train - loss: 0.1930, acc: 0.9557
11:00:14 valid - loss: 0.2127, acc: 0.9423
Epoch 295/610
11:00:27 train - loss: 0.1995, acc: 0.9538
11:00:28 valid - loss: 0.2223, acc: 0.9380
Epoch 296/610
11:00:42 train - loss: 0.1901, acc: 0.9564
11:00:43 valid - loss: 0.1853, acc: 0.9506
Epoch 297/610
11:00:56 train - loss: 0.1841, acc: 0.9588
11:00:57 valid - loss: 0.2124, acc: 0.9419
Epoch 298/610
11:01:11 train - loss: 0.1960, acc: 0.9558
11:01:12 valid - loss: 0.2434, acc: 0.9350
Epoch 299/610
11:01:26 train - loss: 0.1988, acc: 0.9537
11:01:27 valid - loss: 0.2660, acc: 0.9295
Epoch 300/610
11:01:40 train - loss: 0.1965, acc: 0.9551
11:01:42 valid - loss: 0.1965, acc: 0.9442
Epoch 301/610
11:01:55 train - loss: 0.1833, acc: 0.9586
11:01:56 valid - loss: 0.1845, acc: 0.9481
Epoch 302/610
11:02:10 train - loss: 0.1894, acc: 0.9569
11:02:11 valid - loss: 0.2900, acc: 0.9230
Epoch 303/610
11:02:25 train - loss: 0.1894, acc: 0.9564
11:02:26 valid - loss: 0.1886, acc: 0.9459
Epoch 304/610
11:02:39 train - loss: 0.1856, acc: 0.9582
11:02:41 valid - loss: 0.2765, acc: 0.9324
Epoch 305/610
11:02:54 train - loss: 0.1933, acc: 0.9560
11:02:55 valid - loss: 0.2439, acc: 0.9372
Epoch 306/610
11:03:09 train - loss: 0.1840, acc: 0.9584
11:03:10 valid - loss: 0.1933, acc: 0.9479
Epoch 307/610
11:03:23 train - loss: 0.1817, acc: 0.9585
11:03:25 valid - loss: 0.1901, acc: 0.9485
Epoch 308/610
11:03:38 train - loss: 0.1865, acc: 0.9576
11:03:39 valid - loss: 0.1975, acc: 0.9444
Epoch 309/610
11:03:53 train - loss: 0.1823, acc: 0.9587
11:03:54 valid - loss: 0.2123, acc: 0.9412
Epoch 310/610
11:04:08 train - loss: 0.1896, acc: 0.9569
11:04:09 valid - loss: 0.2582, acc: 0.9296
Epoch 311/610
11:04:22 train - loss: 0.1891, acc: 0.9559
11:04:23 valid - loss: 0.2069, acc: 0.9445
Epoch 312/610
11:04:37 train - loss: 0.1859, acc: 0.9574
11:04:38 valid - loss: 0.1970, acc: 0.9462
Epoch 313/610
11:04:52 train - loss: 0.1756, acc: 0.9606
11:04:53 valid - loss: 0.2238, acc: 0.9376
Epoch 314/610
11:05:07 train - loss: 0.1817, acc: 0.9591
11:05:08 valid - loss: 0.2321, acc: 0.9385
Epoch 315/610
11:05:21 train - loss: 0.1772, acc: 0.9601
11:05:22 valid - loss: 0.1707, acc: 0.9510
Epoch 316/610
11:05:36 train - loss: 0.1766, acc: 0.9601
11:05:37 valid - loss: 0.1865, acc: 0.9479
Epoch 317/610
11:05:51 train - loss: 0.1789, acc: 0.9594
11:05:52 valid - loss: 0.2292, acc: 0.9396
Epoch 318/610
11:06:05 train - loss: 0.1798, acc: 0.9592
11:06:06 valid - loss: 0.2201, acc: 0.9448
Epoch 319/610
11:06:20 train - loss: 0.1765, acc: 0.9590
11:06:21 valid - loss: 0.1942, acc: 0.9483
Epoch 320/610
11:06:35 train - loss: 0.1804, acc: 0.9585
11:06:36 valid - loss: 0.1975, acc: 0.9469
Epoch 321/610
11:06:49 train - loss: 0.1726, acc: 0.9616
11:06:51 valid - loss: 0.2038, acc: 0.9444
Epoch 322/610
11:07:04 train - loss: 0.1757, acc: 0.9595
11:07:05 valid - loss: 0.1800, acc: 0.9512
Epoch 323/610
11:07:19 train - loss: 0.1773, acc: 0.9605
11:07:20 valid - loss: 0.2149, acc: 0.9447
Epoch 324/610
11:07:34 train - loss: 0.1773, acc: 0.9606
11:07:35 valid - loss: 0.2015, acc: 0.9461
Epoch 325/610
11:07:49 train - loss: 0.1702, acc: 0.9612
11:07:50 valid - loss: 0.1936, acc: 0.9479
Epoch 326/610
11:08:03 train - loss: 0.1783, acc: 0.9591
11:08:04 valid - loss: 0.2866, acc: 0.9276
Epoch 327/610
11:08:18 train - loss: 0.1691, acc: 0.9621
11:08:19 valid - loss: 0.1849, acc: 0.9512
Epoch 328/610
11:08:33 train - loss: 0.1783, acc: 0.9598
11:08:34 valid - loss: 0.2171, acc: 0.9418
Epoch 329/610
11:08:48 train - loss: 0.1735, acc: 0.9611
11:08:49 valid - loss: 0.2048, acc: 0.9463
Epoch 330/610
11:09:02 train - loss: 0.1688, acc: 0.9622
11:09:03 valid - loss: 0.2340, acc: 0.9415
Epoch 331/610
11:09:17 train - loss: 0.1739, acc: 0.9611
11:09:18 valid - loss: 0.1931, acc: 0.9511
Epoch 332/610
11:09:32 train - loss: 0.1722, acc: 0.9606
11:09:33 valid - loss: 0.2262, acc: 0.9393
Epoch 333/610
11:09:46 train - loss: 0.1696, acc: 0.9616
11:09:48 valid - loss: 0.2202, acc: 0.9418
Epoch 334/610
11:10:01 train - loss: 0.1722, acc: 0.9612
11:10:02 valid - loss: 0.2144, acc: 0.9413
Epoch 335/610
11:10:16 train - loss: 0.1663, acc: 0.9633
11:10:17 valid - loss: 0.2494, acc: 0.9415
Epoch 336/610
11:10:31 train - loss: 0.1718, acc: 0.9608
11:10:32 valid - loss: 0.1791, acc: 0.9554
Epoch 337/610
11:10:46 train - loss: 0.1622, acc: 0.9635
11:10:47 valid - loss: 0.1926, acc: 0.9511
Epoch 338/610
11:11:00 train - loss: 0.1711, acc: 0.9608
11:11:02 valid - loss: 0.1826, acc: 0.9500
Epoch 339/610
11:11:15 train - loss: 0.1628, acc: 0.9630
11:11:16 valid - loss: 0.2303, acc: 0.9428
Epoch 340/610
11:11:30 train - loss: 0.1652, acc: 0.9637
11:11:31 valid - loss: 0.1972, acc: 0.9510
Epoch 341/610
11:11:45 train - loss: 0.1646, acc: 0.9636
11:11:46 valid - loss: 0.1927, acc: 0.9479
Epoch 342/610
11:11:59 train - loss: 0.1601, acc: 0.9639
11:12:01 valid - loss: 0.2092, acc: 0.9454
Epoch 343/610
11:12:14 train - loss: 0.1660, acc: 0.9620
11:12:15 valid - loss: 0.1985, acc: 0.9511
Epoch 344/610
11:12:29 train - loss: 0.1614, acc: 0.9637
11:12:30 valid - loss: 0.2032, acc: 0.9452
Epoch 345/610
11:12:44 train - loss: 0.1606, acc: 0.9642
11:12:45 valid - loss: 0.1878, acc: 0.9521
Epoch 346/610
11:12:59 train - loss: 0.1567, acc: 0.9644
11:13:00 valid - loss: 0.1902, acc: 0.9508
Epoch 347/610
11:13:14 train - loss: 0.1661, acc: 0.9624
11:13:15 valid - loss: 0.2373, acc: 0.9371
Epoch 348/610
11:13:28 train - loss: 0.1642, acc: 0.9635
11:13:30 valid - loss: 0.2054, acc: 0.9478
Epoch 349/610
11:13:43 train - loss: 0.1572, acc: 0.9655
11:13:44 valid - loss: 0.1889, acc: 0.9516
Epoch 350/610
11:13:58 train - loss: 0.1673, acc: 0.9624
11:13:59 valid - loss: 0.1799, acc: 0.9511
Epoch 351/610
11:14:13 train - loss: 0.1604, acc: 0.9646
11:14:14 valid - loss: 0.2035, acc: 0.9473
Epoch 352/610
11:14:28 train - loss: 0.1533, acc: 0.9671
11:14:29 valid - loss: 0.1941, acc: 0.9471
Epoch 353/610
11:14:43 train - loss: 0.1573, acc: 0.9640
11:14:44 valid - loss: 0.1792, acc: 0.9532
Epoch 354/610
11:14:57 train - loss: 0.1574, acc: 0.9647
11:14:59 valid - loss: 0.1841, acc: 0.9513
Epoch 355/610
11:15:12 train - loss: 0.1537, acc: 0.9655
11:15:13 valid - loss: 0.1914, acc: 0.9516
Epoch 356/610
11:15:27 train - loss: 0.1530, acc: 0.9664
11:15:28 valid - loss: 0.1825, acc: 0.9559
Epoch 357/610
11:15:42 train - loss: 0.1547, acc: 0.9649
11:15:43 valid - loss: 0.1867, acc: 0.9522
Epoch 358/610
11:15:57 train - loss: 0.1498, acc: 0.9669
11:15:58 valid - loss: 0.2258, acc: 0.9426
Epoch 359/610
11:16:11 train - loss: 0.1500, acc: 0.9661
11:16:13 valid - loss: 0.1960, acc: 0.9486
Epoch 360/610
11:16:26 train - loss: 0.1535, acc: 0.9658
11:16:27 valid - loss: 0.2023, acc: 0.9500
Epoch 361/610
11:16:41 train - loss: 0.1542, acc: 0.9651
11:16:42 valid - loss: 0.2043, acc: 0.9481
Epoch 362/610
11:16:56 train - loss: 0.1531, acc: 0.9654
11:16:57 valid - loss: 0.1828, acc: 0.9499
Epoch 363/610
11:17:11 train - loss: 0.1534, acc: 0.9657
11:17:12 valid - loss: 0.1996, acc: 0.9489
Epoch 364/610
11:17:26 train - loss: 0.1540, acc: 0.9657
11:17:27 valid - loss: 0.1998, acc: 0.9502
Epoch 365/610
11:17:40 train - loss: 0.1442, acc: 0.9681
11:17:42 valid - loss: 0.1843, acc: 0.9522
Epoch 366/610
11:17:55 train - loss: 0.1500, acc: 0.9659
11:17:56 valid - loss: 0.1731, acc: 0.9547
Epoch 367/610
11:18:10 train - loss: 0.1526, acc: 0.9663
11:18:11 valid - loss: 0.1971, acc: 0.9500
Epoch 368/610
11:18:25 train - loss: 0.1496, acc: 0.9667
11:18:26 valid - loss: 0.2046, acc: 0.9467
Epoch 369/610
11:18:40 train - loss: 0.1504, acc: 0.9668
11:18:41 valid - loss: 0.1642, acc: 0.9525
Epoch 370/610
11:18:54 train - loss: 0.1461, acc: 0.9677
11:18:56 valid - loss: 0.1802, acc: 0.9551
Epoch 371/610
11:19:09 train - loss: 0.1444, acc: 0.9684
11:19:10 valid - loss: 0.2042, acc: 0.9471
Epoch 372/610
11:19:24 train - loss: 0.1443, acc: 0.9687
11:19:25 valid - loss: 0.2127, acc: 0.9480
Epoch 373/610
11:19:39 train - loss: 0.1443, acc: 0.9676
11:19:40 valid - loss: 0.1780, acc: 0.9543
Epoch 374/610
11:19:53 train - loss: 0.1398, acc: 0.9687
11:19:55 valid - loss: 0.1927, acc: 0.9516
Epoch 375/610
11:20:08 train - loss: 0.1427, acc: 0.9676
11:20:09 valid - loss: 0.1969, acc: 0.9525
Epoch 376/610
11:20:23 train - loss: 0.1451, acc: 0.9680
11:20:24 valid - loss: 0.1995, acc: 0.9499
Epoch 377/610
11:20:38 train - loss: 0.1399, acc: 0.9683
11:20:39 valid - loss: 0.1863, acc: 0.9534
Epoch 378/610
11:20:53 train - loss: 0.1433, acc: 0.9687
11:20:54 valid - loss: 0.1970, acc: 0.9500
Epoch 379/610
11:21:07 train - loss: 0.1411, acc: 0.9684
11:21:09 valid - loss: 0.1668, acc: 0.9554
Epoch 380/610
11:21:22 train - loss: 0.1421, acc: 0.9695
11:21:24 valid - loss: 0.1992, acc: 0.9511
Epoch 381/610
11:21:37 train - loss: 0.1450, acc: 0.9678
11:21:38 valid - loss: 0.1768, acc: 0.9543
Epoch 382/610
11:21:52 train - loss: 0.1395, acc: 0.9694
11:21:53 valid - loss: 0.1603, acc: 0.9546
Epoch 383/610
11:22:07 train - loss: 0.1367, acc: 0.9694
11:22:08 valid - loss: 0.1854, acc: 0.9532
Epoch 384/610
11:22:22 train - loss: 0.1369, acc: 0.9696
11:22:23 valid - loss: 0.1750, acc: 0.9525
Epoch 385/610
11:22:37 train - loss: 0.1345, acc: 0.9709
11:22:38 valid - loss: 0.1863, acc: 0.9537
Epoch 386/610
11:22:52 train - loss: 0.1385, acc: 0.9699
11:22:53 valid - loss: 0.3333, acc: 0.9136
Epoch 387/610
11:23:06 train - loss: 0.1374, acc: 0.9698
11:23:08 valid - loss: 0.1714, acc: 0.9545
Epoch 388/610
11:23:21 train - loss: 0.1415, acc: 0.9691
11:23:22 valid - loss: 0.1579, acc: 0.9587
Epoch 389/610
11:23:36 train - loss: 0.1327, acc: 0.9709
11:23:37 valid - loss: 0.1726, acc: 0.9563
Epoch 390/610
11:23:51 train - loss: 0.1306, acc: 0.9722
11:23:52 valid - loss: 0.1756, acc: 0.9581
Epoch 391/610
11:24:06 train - loss: 0.1340, acc: 0.9702
11:24:07 valid - loss: 0.1762, acc: 0.9525
Epoch 392/610
11:24:21 train - loss: 0.1340, acc: 0.9709
11:24:22 valid - loss: 0.1734, acc: 0.9577
Epoch 393/610
11:24:36 train - loss: 0.1377, acc: 0.9692
11:24:37 valid - loss: 0.1662, acc: 0.9577
Epoch 394/610
11:24:51 train - loss: 0.1306, acc: 0.9716
11:24:52 valid - loss: 0.1698, acc: 0.9560
Epoch 395/610
11:25:05 train - loss: 0.1333, acc: 0.9715
11:25:07 valid - loss: 0.1756, acc: 0.9567
Epoch 396/610
11:25:20 train - loss: 0.1282, acc: 0.9716
11:25:21 valid - loss: 0.1759, acc: 0.9531
Epoch 397/610
11:25:35 train - loss: 0.1323, acc: 0.9712
11:25:36 valid - loss: 0.1828, acc: 0.9564
Epoch 398/610
11:25:50 train - loss: 0.1263, acc: 0.9718
11:25:51 valid - loss: 0.1827, acc: 0.9533
Epoch 399/610
11:26:05 train - loss: 0.1329, acc: 0.9703
11:26:06 valid - loss: 0.2229, acc: 0.9459
Epoch 400/610
11:26:20 train - loss: 0.1370, acc: 0.9704
11:26:21 valid - loss: 0.1751, acc: 0.9562
Epoch 401/610
11:26:35 train - loss: 0.1244, acc: 0.9726
11:26:37 valid - loss: 0.1766, acc: 0.9567
Epoch 402/610
11:26:50 train - loss: 0.1335, acc: 0.9703
11:26:51 valid - loss: 0.1622, acc: 0.9596
Epoch 403/610
11:27:05 train - loss: 0.1231, acc: 0.9734
11:27:06 valid - loss: 0.1719, acc: 0.9580
Epoch 404/610
11:27:20 train - loss: 0.1221, acc: 0.9737
11:27:21 valid - loss: 0.1933, acc: 0.9544
Epoch 405/610
11:27:35 train - loss: 0.1208, acc: 0.9739
11:27:36 valid - loss: 0.1717, acc: 0.9569
Epoch 406/610
11:27:50 train - loss: 0.1229, acc: 0.9730
11:27:51 valid - loss: 0.1753, acc: 0.9582
Epoch 407/610
11:28:05 train - loss: 0.1168, acc: 0.9750
11:28:06 valid - loss: 0.1778, acc: 0.9570
Epoch 408/610
11:28:20 train - loss: 0.1297, acc: 0.9717
11:28:21 valid - loss: 0.1794, acc: 0.9578
Epoch 409/610
11:28:35 train - loss: 0.1238, acc: 0.9727
11:28:36 valid - loss: 0.1659, acc: 0.9593
Epoch 410/610
11:28:50 train - loss: 0.1205, acc: 0.9738
11:28:51 valid - loss: 0.1647, acc: 0.9620
Epoch 411/610
11:29:04 train - loss: 0.1240, acc: 0.9727
11:29:06 valid - loss: 0.1767, acc: 0.9564
Epoch 412/610
11:29:19 train - loss: 0.1205, acc: 0.9740
11:29:21 valid - loss: 0.1733, acc: 0.9572
Epoch 413/610
11:29:34 train - loss: 0.1201, acc: 0.9734
11:29:36 valid - loss: 0.1645, acc: 0.9582
Epoch 414/610
11:29:49 train - loss: 0.1166, acc: 0.9755
11:29:51 valid - loss: 0.1944, acc: 0.9540
Epoch 415/610
11:30:04 train - loss: 0.1221, acc: 0.9735
11:30:05 valid - loss: 0.1711, acc: 0.9581
Epoch 416/610
11:30:19 train - loss: 0.1178, acc: 0.9751
11:30:20 valid - loss: 0.1774, acc: 0.9552
Epoch 417/610
11:30:34 train - loss: 0.1213, acc: 0.9742
11:30:35 valid - loss: 0.1849, acc: 0.9565
Epoch 418/610
11:30:49 train - loss: 0.1152, acc: 0.9744
11:30:50 valid - loss: 0.1645, acc: 0.9581
Epoch 419/610
11:31:04 train - loss: 0.1171, acc: 0.9741
11:31:05 valid - loss: 0.1792, acc: 0.9556
Epoch 420/610
11:31:19 train - loss: 0.1134, acc: 0.9757
11:31:20 valid - loss: 0.1662, acc: 0.9594
Epoch 421/610
11:31:34 train - loss: 0.1138, acc: 0.9760
11:31:35 valid - loss: 0.1633, acc: 0.9589
Epoch 422/610
11:31:49 train - loss: 0.1130, acc: 0.9755
11:31:50 valid - loss: 0.1905, acc: 0.9544
Epoch 423/610
11:32:04 train - loss: 0.1130, acc: 0.9758
11:32:05 valid - loss: 0.1949, acc: 0.9540
Epoch 424/610
11:32:18 train - loss: 0.1129, acc: 0.9757
11:32:20 valid - loss: 0.1935, acc: 0.9549
Epoch 425/610
11:32:33 train - loss: 0.1118, acc: 0.9761
11:32:35 valid - loss: 0.1778, acc: 0.9599
Epoch 426/610
11:32:48 train - loss: 0.1137, acc: 0.9750
11:32:50 valid - loss: 0.1546, acc: 0.9629
Epoch 427/610
11:33:03 train - loss: 0.1106, acc: 0.9769
11:33:04 valid - loss: 0.1538, acc: 0.9602
Epoch 428/610
11:33:18 train - loss: 0.1140, acc: 0.9748
11:33:19 valid - loss: 0.1638, acc: 0.9599
Epoch 429/610
11:33:33 train - loss: 0.1041, acc: 0.9780
11:33:34 valid - loss: 0.1807, acc: 0.9573
Epoch 430/610
11:33:48 train - loss: 0.1081, acc: 0.9774
11:33:49 valid - loss: 0.1606, acc: 0.9613
Epoch 431/610
11:34:03 train - loss: 0.1088, acc: 0.9766
11:34:04 valid - loss: 0.1878, acc: 0.9559
Epoch 432/610
11:34:18 train - loss: 0.1076, acc: 0.9765
11:34:19 valid - loss: 0.1798, acc: 0.9571
Epoch 433/610
11:34:33 train - loss: 0.1105, acc: 0.9766
11:34:34 valid - loss: 0.1585, acc: 0.9622
Epoch 434/610
11:34:48 train - loss: 0.1016, acc: 0.9779
11:34:49 valid - loss: 0.1623, acc: 0.9619
Epoch 435/610
11:35:02 train - loss: 0.1028, acc: 0.9777
11:35:04 valid - loss: 0.1850, acc: 0.9569
Epoch 436/610
11:35:17 train - loss: 0.1048, acc: 0.9778
11:35:19 valid - loss: 0.1624, acc: 0.9602
Epoch 437/610
11:35:32 train - loss: 0.1082, acc: 0.9770
11:35:34 valid - loss: 0.1543, acc: 0.9619
Epoch 438/610
11:35:47 train - loss: 0.0988, acc: 0.9797
11:35:48 valid - loss: 0.1581, acc: 0.9645
Epoch 439/610
11:36:02 train - loss: 0.1014, acc: 0.9788
11:36:03 valid - loss: 0.1652, acc: 0.9599
Epoch 440/610
11:36:17 train - loss: 0.1046, acc: 0.9778
11:36:18 valid - loss: 0.1687, acc: 0.9613
Epoch 441/610
11:36:32 train - loss: 0.0997, acc: 0.9788
11:36:33 valid - loss: 0.1763, acc: 0.9585
Epoch 442/610
11:36:47 train - loss: 0.1053, acc: 0.9777
11:36:48 valid - loss: 0.1639, acc: 0.9616
Epoch 443/610
11:37:02 train - loss: 0.1051, acc: 0.9780
11:37:03 valid - loss: 0.1639, acc: 0.9598
Epoch 444/610
11:37:17 train - loss: 0.1021, acc: 0.9779
11:37:18 valid - loss: 0.1575, acc: 0.9610
Epoch 445/610
11:37:32 train - loss: 0.0990, acc: 0.9788
11:37:33 valid - loss: 0.1539, acc: 0.9631
Epoch 446/610
11:37:47 train - loss: 0.0970, acc: 0.9790
11:37:48 valid - loss: 0.1654, acc: 0.9620
Epoch 447/610
11:38:01 train - loss: 0.1026, acc: 0.9782
11:38:03 valid - loss: 0.1587, acc: 0.9627
Epoch 448/610
11:38:16 train - loss: 0.0992, acc: 0.9787
11:38:18 valid - loss: 0.1629, acc: 0.9599
Epoch 449/610
11:38:31 train - loss: 0.0966, acc: 0.9799
11:38:32 valid - loss: 0.1620, acc: 0.9636
Epoch 450/610
11:38:46 train - loss: 0.0964, acc: 0.9791
11:38:48 valid - loss: 0.1559, acc: 0.9648
Epoch 451/610
11:39:01 train - loss: 0.0974, acc: 0.9795
11:39:02 valid - loss: 0.1640, acc: 0.9638
Epoch 452/610
11:39:16 train - loss: 0.0954, acc: 0.9795
11:39:17 valid - loss: 0.1561, acc: 0.9645
Epoch 453/610
11:39:31 train - loss: 0.0941, acc: 0.9799
11:39:32 valid - loss: 0.1464, acc: 0.9637
Epoch 454/610
11:39:46 train - loss: 0.0962, acc: 0.9792
11:39:47 valid - loss: 0.1492, acc: 0.9656
Epoch 455/610
11:40:01 train - loss: 0.0928, acc: 0.9796
11:40:02 valid - loss: 0.1642, acc: 0.9605
Epoch 456/610
11:40:16 train - loss: 0.0968, acc: 0.9792
11:40:17 valid - loss: 0.1507, acc: 0.9633
Epoch 457/610
11:40:31 train - loss: 0.0913, acc: 0.9813
11:40:32 valid - loss: 0.1685, acc: 0.9618
Epoch 458/610
11:40:46 train - loss: 0.0903, acc: 0.9815
11:40:48 valid - loss: 0.1634, acc: 0.9632
Epoch 459/610
11:41:01 train - loss: 0.0914, acc: 0.9811
11:41:02 valid - loss: 0.1621, acc: 0.9616
Epoch 460/610
11:41:16 train - loss: 0.0925, acc: 0.9803
11:41:17 valid - loss: 0.1579, acc: 0.9630
Epoch 461/610
11:41:31 train - loss: 0.0885, acc: 0.9811
11:41:32 valid - loss: 0.1586, acc: 0.9619
Epoch 462/610
11:41:46 train - loss: 0.0914, acc: 0.9812
11:41:47 valid - loss: 0.1650, acc: 0.9624
Epoch 463/610
11:42:01 train - loss: 0.0915, acc: 0.9815
11:42:02 valid - loss: 0.1599, acc: 0.9631
Epoch 464/610
11:42:16 train - loss: 0.0886, acc: 0.9813
11:42:17 valid - loss: 0.1598, acc: 0.9618
Epoch 465/610
11:42:31 train - loss: 0.0868, acc: 0.9816
11:42:32 valid - loss: 0.1535, acc: 0.9631
Epoch 466/610
11:42:46 train - loss: 0.0900, acc: 0.9813
11:42:47 valid - loss: 0.1627, acc: 0.9611
Epoch 467/610
11:43:01 train - loss: 0.0888, acc: 0.9812
11:43:02 valid - loss: 0.1509, acc: 0.9639
Epoch 468/610
11:43:16 train - loss: 0.0874, acc: 0.9821
11:43:17 valid - loss: 0.1563, acc: 0.9642
Epoch 469/610
11:43:31 train - loss: 0.0863, acc: 0.9820
11:43:32 valid - loss: 0.1616, acc: 0.9648
Epoch 470/610
11:43:46 train - loss: 0.0850, acc: 0.9824
11:43:47 valid - loss: 0.1636, acc: 0.9624
Epoch 471/610
11:44:01 train - loss: 0.0844, acc: 0.9827
11:44:02 valid - loss: 0.1540, acc: 0.9674
Epoch 472/610
11:44:16 train - loss: 0.0848, acc: 0.9817
11:44:17 valid - loss: 0.1644, acc: 0.9618
Epoch 473/610
11:44:31 train - loss: 0.0865, acc: 0.9818
11:44:32 valid - loss: 0.1549, acc: 0.9629
Epoch 474/610
11:44:46 train - loss: 0.0838, acc: 0.9828
11:44:47 valid - loss: 0.1577, acc: 0.9634
Epoch 475/610
11:45:01 train - loss: 0.0862, acc: 0.9821
11:45:02 valid - loss: 0.1565, acc: 0.9635
Epoch 476/610
11:45:16 train - loss: 0.0834, acc: 0.9827
11:45:17 valid - loss: 0.1559, acc: 0.9663
Epoch 477/610
11:45:31 train - loss: 0.0790, acc: 0.9843
11:45:32 valid - loss: 0.1659, acc: 0.9635
Epoch 478/610
11:45:46 train - loss: 0.0813, acc: 0.9831
11:45:47 valid - loss: 0.1530, acc: 0.9647
Epoch 479/610
11:46:01 train - loss: 0.0795, acc: 0.9835
11:46:02 valid - loss: 0.1635, acc: 0.9645
Epoch 480/610
11:46:16 train - loss: 0.0828, acc: 0.9825
11:46:17 valid - loss: 0.1583, acc: 0.9641
Epoch 481/610
11:46:31 train - loss: 0.0781, acc: 0.9836
11:46:32 valid - loss: 0.1532, acc: 0.9657
Epoch 482/610
11:46:46 train - loss: 0.0830, acc: 0.9828
11:46:47 valid - loss: 0.1630, acc: 0.9633
Epoch 483/610
11:47:01 train - loss: 0.0777, acc: 0.9834
11:47:02 valid - loss: 0.1485, acc: 0.9658
Epoch 484/610
11:47:16 train - loss: 0.0774, acc: 0.9845
11:47:17 valid - loss: 0.1519, acc: 0.9665
Epoch 485/610
11:47:31 train - loss: 0.0756, acc: 0.9846
11:47:32 valid - loss: 0.1538, acc: 0.9646
Epoch 486/610
11:47:46 train - loss: 0.0780, acc: 0.9843
11:47:48 valid - loss: 0.1562, acc: 0.9651
Epoch 487/610
11:48:01 train - loss: 0.0766, acc: 0.9844
11:48:03 valid - loss: 0.1434, acc: 0.9673
Epoch 488/610
11:48:16 train - loss: 0.0731, acc: 0.9851
11:48:18 valid - loss: 0.1596, acc: 0.9644
Epoch 489/610
11:48:32 train - loss: 0.0720, acc: 0.9856
11:48:33 valid - loss: 0.1556, acc: 0.9657
Epoch 490/610
11:48:47 train - loss: 0.0777, acc: 0.9841
11:48:48 valid - loss: 0.1493, acc: 0.9665
Epoch 491/610
11:49:02 train - loss: 0.0735, acc: 0.9847
11:49:03 valid - loss: 0.1426, acc: 0.9673
Epoch 492/610
11:49:17 train - loss: 0.0735, acc: 0.9857
11:49:18 valid - loss: 0.1459, acc: 0.9652
Epoch 493/610
11:49:32 train - loss: 0.0739, acc: 0.9852
11:49:33 valid - loss: 0.1504, acc: 0.9654
Epoch 494/610
11:49:47 train - loss: 0.0745, acc: 0.9846
11:49:48 valid - loss: 0.1523, acc: 0.9666
Epoch 495/610
11:50:02 train - loss: 0.0723, acc: 0.9851
11:50:03 valid - loss: 0.1447, acc: 0.9653
Epoch 496/610
11:50:17 train - loss: 0.0712, acc: 0.9856
11:50:18 valid - loss: 0.1436, acc: 0.9686
Epoch 497/610
11:50:32 train - loss: 0.0707, acc: 0.9861
11:50:33 valid - loss: 0.1454, acc: 0.9673
Epoch 498/610
11:50:47 train - loss: 0.0726, acc: 0.9854
11:50:48 valid - loss: 0.1628, acc: 0.9636
Epoch 499/610
11:51:02 train - loss: 0.0722, acc: 0.9852
11:51:03 valid - loss: 0.1426, acc: 0.9674
Epoch 500/610
11:51:17 train - loss: 0.0696, acc: 0.9865
11:51:18 valid - loss: 0.1435, acc: 0.9674
Epoch 501/610
11:51:32 train - loss: 0.0732, acc: 0.9846
11:51:33 valid - loss: 0.1431, acc: 0.9665
Epoch 502/610
11:51:47 train - loss: 0.0710, acc: 0.9858
11:51:48 valid - loss: 0.1484, acc: 0.9661
Epoch 503/610
11:52:02 train - loss: 0.0708, acc: 0.9856
11:52:03 valid - loss: 0.1497, acc: 0.9671
Epoch 504/610
11:52:17 train - loss: 0.0701, acc: 0.9854
11:52:18 valid - loss: 0.1530, acc: 0.9649
Epoch 505/610
11:52:32 train - loss: 0.0693, acc: 0.9860
11:52:33 valid - loss: 0.1461, acc: 0.9669
Epoch 506/610
11:52:47 train - loss: 0.0717, acc: 0.9852
11:52:48 valid - loss: 0.1588, acc: 0.9661
Epoch 507/610
11:53:02 train - loss: 0.0712, acc: 0.9849
11:53:03 valid - loss: 0.1474, acc: 0.9678
Epoch 508/610
11:53:17 train - loss: 0.0675, acc: 0.9865
11:53:18 valid - loss: 0.1494, acc: 0.9664
Epoch 509/610
11:53:32 train - loss: 0.0656, acc: 0.9867
11:53:33 valid - loss: 0.1551, acc: 0.9674
Epoch 510/610
11:53:47 train - loss: 0.0669, acc: 0.9862
11:53:48 valid - loss: 0.1648, acc: 0.9651
Epoch 511/610
11:54:02 train - loss: 0.0682, acc: 0.9861
11:54:03 valid - loss: 0.1508, acc: 0.9663
Epoch 512/610
11:54:17 train - loss: 0.0662, acc: 0.9863
11:54:18 valid - loss: 0.1423, acc: 0.9681
Epoch 513/610
11:54:32 train - loss: 0.0674, acc: 0.9866
11:54:33 valid - loss: 0.1488, acc: 0.9677
Epoch 514/610
11:54:47 train - loss: 0.0642, acc: 0.9874
11:54:48 valid - loss: 0.1523, acc: 0.9672
Epoch 515/610
11:55:02 train - loss: 0.0674, acc: 0.9865
11:55:04 valid - loss: 0.1535, acc: 0.9657
Epoch 516/610
11:55:17 train - loss: 0.0640, acc: 0.9876
11:55:19 valid - loss: 0.1511, acc: 0.9669
Epoch 517/610
11:55:33 train - loss: 0.0669, acc: 0.9859
11:55:34 valid - loss: 0.1476, acc: 0.9678
Epoch 518/610
11:55:48 train - loss: 0.0660, acc: 0.9863
11:55:49 valid - loss: 0.1576, acc: 0.9660
Epoch 519/610
11:56:03 train - loss: 0.0673, acc: 0.9861
11:56:04 valid - loss: 0.1503, acc: 0.9681
Epoch 520/610
11:56:18 train - loss: 0.0623, acc: 0.9875
11:56:19 valid - loss: 0.1484, acc: 0.9673
Epoch 521/610
11:56:33 train - loss: 0.0624, acc: 0.9876
11:56:34 valid - loss: 0.1458, acc: 0.9685
Epoch 522/610
11:56:48 train - loss: 0.0612, acc: 0.9882
11:56:49 valid - loss: 0.1487, acc: 0.9682
Epoch 523/610
11:57:03 train - loss: 0.0641, acc: 0.9871
11:57:04 valid - loss: 0.1454, acc: 0.9682
Epoch 524/610
11:57:18 train - loss: 0.0623, acc: 0.9878
11:57:19 valid - loss: 0.1453, acc: 0.9690
Epoch 525/610
11:57:33 train - loss: 0.0630, acc: 0.9879
11:57:34 valid - loss: 0.1495, acc: 0.9673
Epoch 526/610
11:57:48 train - loss: 0.0629, acc: 0.9878
11:57:49 valid - loss: 0.1483, acc: 0.9694
Epoch 527/610
11:58:03 train - loss: 0.0634, acc: 0.9874
11:58:04 valid - loss: 0.1451, acc: 0.9680
Epoch 528/610
11:58:18 train - loss: 0.0616, acc: 0.9880
11:58:20 valid - loss: 0.1442, acc: 0.9677
Epoch 529/610
11:58:33 train - loss: 0.0601, acc: 0.9884
11:58:35 valid - loss: 0.1465, acc: 0.9684
Epoch 530/610
11:58:49 train - loss: 0.0610, acc: 0.9882
11:58:50 valid - loss: 0.1459, acc: 0.9689
Epoch 531/610
11:59:04 train - loss: 0.0623, acc: 0.9877
11:59:05 valid - loss: 0.1426, acc: 0.9696
Epoch 532/610
11:59:19 train - loss: 0.0616, acc: 0.9875
11:59:20 valid - loss: 0.1452, acc: 0.9687
Epoch 533/610
11:59:34 train - loss: 0.0591, acc: 0.9887
11:59:35 valid - loss: 0.1497, acc: 0.9676
Epoch 534/610
11:59:49 train - loss: 0.0615, acc: 0.9879
11:59:50 valid - loss: 0.1471, acc: 0.9684
Epoch 535/610
12:00:04 train - loss: 0.0584, acc: 0.9884
12:00:05 valid - loss: 0.1470, acc: 0.9684
Epoch 536/610
12:00:19 train - loss: 0.0598, acc: 0.9878
12:00:20 valid - loss: 0.1454, acc: 0.9666
Epoch 537/610
12:00:34 train - loss: 0.0590, acc: 0.9881
12:00:35 valid - loss: 0.1468, acc: 0.9684
Epoch 538/610
12:00:49 train - loss: 0.0617, acc: 0.9877
12:00:50 valid - loss: 0.1448, acc: 0.9688
Epoch 539/610
12:01:04 train - loss: 0.0546, acc: 0.9899
12:01:06 valid - loss: 0.1403, acc: 0.9691
Epoch 540/610
12:01:19 train - loss: 0.0582, acc: 0.9883
12:01:21 valid - loss: 0.1408, acc: 0.9692
Epoch 541/610
12:01:35 train - loss: 0.0560, acc: 0.9893
12:01:36 valid - loss: 0.1414, acc: 0.9693
Epoch 542/610
12:01:50 train - loss: 0.0591, acc: 0.9887
12:01:51 valid - loss: 0.1423, acc: 0.9681
Epoch 543/610
12:02:05 train - loss: 0.0545, acc: 0.9897
12:02:06 valid - loss: 0.1436, acc: 0.9687
Epoch 544/610
12:02:20 train - loss: 0.0605, acc: 0.9882
12:02:21 valid - loss: 0.1415, acc: 0.9689
Epoch 545/610
12:02:35 train - loss: 0.0576, acc: 0.9894
12:02:36 valid - loss: 0.1441, acc: 0.9694
Epoch 546/610
12:02:50 train - loss: 0.0593, acc: 0.9889
12:02:51 valid - loss: 0.1410, acc: 0.9688
Epoch 547/610
12:03:05 train - loss: 0.0553, acc: 0.9889
12:03:06 valid - loss: 0.1408, acc: 0.9687
Epoch 548/610
12:03:20 train - loss: 0.0565, acc: 0.9887
12:03:22 valid - loss: 0.1467, acc: 0.9687
Epoch 549/610
12:03:35 train - loss: 0.0559, acc: 0.9894
12:03:37 valid - loss: 0.1471, acc: 0.9685
Epoch 550/610
12:03:51 train - loss: 0.0561, acc: 0.9897
12:03:52 valid - loss: 0.1467, acc: 0.9689
Epoch 551/610
12:04:06 train - loss: 0.0540, acc: 0.9899
12:04:07 valid - loss: 0.1466, acc: 0.9692
Epoch 552/610
12:04:21 train - loss: 0.0573, acc: 0.9886
12:04:22 valid - loss: 0.1449, acc: 0.9690
Epoch 553/610
12:04:36 train - loss: 0.0553, acc: 0.9889
12:04:37 valid - loss: 0.1458, acc: 0.9694
Epoch 554/610
12:04:51 train - loss: 0.0547, acc: 0.9896
12:04:52 valid - loss: 0.1413, acc: 0.9701
Epoch 555/610
12:05:06 train - loss: 0.0559, acc: 0.9898
12:05:07 valid - loss: 0.1421, acc: 0.9699
Epoch 556/610
12:05:21 train - loss: 0.0581, acc: 0.9887
12:05:23 valid - loss: 0.1416, acc: 0.9697
Epoch 557/610
12:05:37 train - loss: 0.0555, acc: 0.9894
12:05:38 valid - loss: 0.1450, acc: 0.9699
Epoch 558/610
12:05:52 train - loss: 0.0556, acc: 0.9894
12:05:53 valid - loss: 0.1432, acc: 0.9702
Epoch 559/610
12:06:07 train - loss: 0.0556, acc: 0.9895
12:06:08 valid - loss: 0.1429, acc: 0.9697
Epoch 560/610
12:06:22 train - loss: 0.0516, acc: 0.9895
12:06:23 valid - loss: 0.1412, acc: 0.9705
Epoch 561/610
12:06:37 train - loss: 0.0546, acc: 0.9896
12:06:38 valid - loss: 0.1430, acc: 0.9688
Epoch 562/610
12:06:52 train - loss: 0.0561, acc: 0.9896
12:06:53 valid - loss: 0.1413, acc: 0.9700
Epoch 563/610
12:07:08 train - loss: 0.0545, acc: 0.9896
12:07:09 valid - loss: 0.1424, acc: 0.9698
Epoch 564/610
12:07:23 train - loss: 0.0524, acc: 0.9902
12:07:24 valid - loss: 0.1429, acc: 0.9695
Epoch 565/610
12:07:38 train - loss: 0.0544, acc: 0.9900
12:07:39 valid - loss: 0.1418, acc: 0.9698
Epoch 566/610
12:07:53 train - loss: 0.0533, acc: 0.9896
12:07:54 valid - loss: 0.1442, acc: 0.9697
Epoch 567/610
12:08:08 train - loss: 0.0522, acc: 0.9900
12:08:09 valid - loss: 0.1425, acc: 0.9708
Epoch 568/610
12:08:23 train - loss: 0.0554, acc: 0.9892
12:08:25 valid - loss: 0.1409, acc: 0.9694
Epoch 569/610
12:08:39 train - loss: 0.0542, acc: 0.9895
12:08:40 valid - loss: 0.1393, acc: 0.9702
Epoch 570/610
12:08:54 train - loss: 0.0553, acc: 0.9889
12:08:55 valid - loss: 0.1389, acc: 0.9704
Epoch 571/610
12:09:09 train - loss: 0.0543, acc: 0.9898
12:09:10 valid - loss: 0.1384, acc: 0.9702
Epoch 572/610
12:09:24 train - loss: 0.0522, acc: 0.9898
12:09:25 valid - loss: 0.1409, acc: 0.9705
Epoch 573/610
12:09:40 train - loss: 0.0571, acc: 0.9888
12:09:41 valid - loss: 0.1432, acc: 0.9700
Epoch 574/610
12:09:55 train - loss: 0.0521, acc: 0.9898
12:09:56 valid - loss: 0.1421, acc: 0.9704
Epoch 575/610
12:10:10 train - loss: 0.0541, acc: 0.9897
12:10:11 valid - loss: 0.1410, acc: 0.9706
Epoch 576/610
12:10:25 train - loss: 0.0529, acc: 0.9902
12:10:26 valid - loss: 0.1422, acc: 0.9707
Epoch 577/610
12:10:40 train - loss: 0.0541, acc: 0.9897
12:10:41 valid - loss: 0.1425, acc: 0.9701
Epoch 578/610
12:10:55 train - loss: 0.0520, acc: 0.9900
12:10:57 valid - loss: 0.1422, acc: 0.9704
Epoch 579/610
12:11:11 train - loss: 0.0535, acc: 0.9897
12:11:12 valid - loss: 0.1437, acc: 0.9706
Epoch 580/610
12:11:26 train - loss: 0.0537, acc: 0.9900
12:11:27 valid - loss: 0.1415, acc: 0.9701
Epoch 581/610
12:11:41 train - loss: 0.0531, acc: 0.9901
12:11:42 valid - loss: 0.1405, acc: 0.9701
Epoch 582/610
12:11:56 train - loss: 0.0506, acc: 0.9906
12:11:57 valid - loss: 0.1411, acc: 0.9696
Epoch 583/610
12:12:11 train - loss: 0.0512, acc: 0.9907
12:12:13 valid - loss: 0.1417, acc: 0.9702
Epoch 584/610
12:12:27 train - loss: 0.0526, acc: 0.9904
12:12:28 valid - loss: 0.1422, acc: 0.9704
Epoch 585/610
12:12:42 train - loss: 0.0556, acc: 0.9890
12:12:43 valid - loss: 0.1428, acc: 0.9698
Epoch 586/610
12:12:57 train - loss: 0.0519, acc: 0.9904
12:12:58 valid - loss: 0.1417, acc: 0.9696
Epoch 587/610
12:13:12 train - loss: 0.0525, acc: 0.9902
12:13:13 valid - loss: 0.1424, acc: 0.9696
Epoch 588/610
12:13:27 train - loss: 0.0549, acc: 0.9891
12:13:29 valid - loss: 0.1426, acc: 0.9700
Epoch 589/610
12:13:43 train - loss: 0.0566, acc: 0.9891
12:13:44 valid - loss: 0.1417, acc: 0.9704
Epoch 590/610
12:13:58 train - loss: 0.0536, acc: 0.9900
12:13:59 valid - loss: 0.1428, acc: 0.9699
Epoch 591/610
12:14:13 train - loss: 0.0524, acc: 0.9897
12:14:14 valid - loss: 0.1420, acc: 0.9700
Epoch 592/610
12:14:28 train - loss: 0.0540, acc: 0.9894
12:14:30 valid - loss: 0.1433, acc: 0.9697
Epoch 593/610
12:14:44 train - loss: 0.0521, acc: 0.9902
12:14:45 valid - loss: 0.1417, acc: 0.9701
Epoch 594/610
12:14:59 train - loss: 0.0557, acc: 0.9894
12:15:00 valid - loss: 0.1413, acc: 0.9700
Epoch 595/610
12:15:14 train - loss: 0.0520, acc: 0.9904
12:15:15 valid - loss: 0.1414, acc: 0.9700
Epoch 596/610
12:15:29 train - loss: 0.0539, acc: 0.9893
12:15:30 valid - loss: 0.1425, acc: 0.9701
Epoch 597/610
12:15:44 train - loss: 0.0565, acc: 0.9888
12:15:46 valid - loss: 0.1412, acc: 0.9704
Epoch 598/610
12:16:00 train - loss: 0.0536, acc: 0.9896
12:16:01 valid - loss: 0.1417, acc: 0.9695
Epoch 599/610
12:16:15 train - loss: 0.0571, acc: 0.9892
12:16:16 valid - loss: 0.1418, acc: 0.9699
Epoch 600/610
12:16:30 train - loss: 0.0537, acc: 0.9901
12:16:31 valid - loss: 0.1415, acc: 0.9699
Epoch 601/610
12:16:45 train - loss: 0.0570, acc: 0.9891
12:16:47 valid - loss: 0.1419, acc: 0.9702
Epoch 602/610
12:17:01 train - loss: 0.0509, acc: 0.9901
12:17:02 valid - loss: 0.1417, acc: 0.9696
Epoch 603/610
12:17:16 train - loss: 0.0569, acc: 0.9889
12:17:17 valid - loss: 0.1413, acc: 0.9702
Epoch 604/610
12:17:31 train - loss: 0.0560, acc: 0.9898
12:17:32 valid - loss: 0.1416, acc: 0.9695
Epoch 605/610
12:17:46 train - loss: 0.0574, acc: 0.9895
12:17:47 valid - loss: 0.1410, acc: 0.9699
Epoch 606/610
12:18:02 train - loss: 0.0525, acc: 0.9908
12:18:03 valid - loss: 0.1410, acc: 0.9701
Epoch 607/610
12:18:17 train - loss: 0.0550, acc: 0.9895
12:18:18 valid - loss: 0.1414, acc: 0.9697
Epoch 608/610
12:18:32 train - loss: 0.0578, acc: 0.9887
12:18:33 valid - loss: 0.1416, acc: 0.9702
Epoch 609/610
12:18:47 train - loss: 0.0550, acc: 0.9894
12:18:48 valid - loss: 0.1426, acc: 0.9700
Epoch 610/610
12:19:02 train - loss: 0.0582, acc: 0.9884
12:19:04 valid - loss: 0.1422, acc: 0.9701