23:26:49 Start training
Epoch 1/600
WARNING:tensorflow:From /usr/local/lib/python3.6/dist-packages/tensorflow/python/data/ops/multi_device_iterator_ops.py:601: get_next_as_optional (from tensorflow.python.data.ops.iterator_ops) is deprecated and will be removed in a future version.
Instructions for updating:
Use `tf.data.Iterator.get_next_as_optional()` instead.
WARNING:tensorflow:From /usr/local/lib/python3.6/dist-packages/tensorflow/python/data/ops/multi_device_iterator_ops.py:601: get_next_as_optional (from tensorflow.python.data.ops.iterator_ops) is deprecated and will be removed in a future version.
Instructions for updating:
Use `tf.data.Iterator.get_next_as_optional()` instead.
23:37:59 train - loss: 2.7058, acc: 0.2879
23:39:41 valid - loss: 1.5638, acc: 0.4193
Epoch 2/600
23:40:20 train - loss: 2.1430, acc: 0.4479
23:40:21 valid - loss: 1.2930, acc: 0.5496
Epoch 3/600
23:41:00 train - loss: 1.7378, acc: 0.5632
23:41:01 valid - loss: 1.1881, acc: 0.6133
Epoch 4/600
23:41:40 train - loss: 1.4694, acc: 0.6385
23:41:41 valid - loss: 0.8820, acc: 0.7081
Epoch 5/600
23:42:20 train - loss: 1.3002, acc: 0.6848
23:42:21 valid - loss: 0.7016, acc: 0.7690
Epoch 6/600
23:43:00 train - loss: 1.1908, acc: 0.7099
23:43:01 valid - loss: 0.7673, acc: 0.7484
Epoch 7/600
23:43:39 train - loss: 1.0894, acc: 0.7353
23:43:41 valid - loss: 0.5713, acc: 0.8048
Epoch 8/600
23:44:19 train - loss: 1.0297, acc: 0.7501
23:44:20 valid - loss: 0.6425, acc: 0.7908
Epoch 9/600
23:44:59 train - loss: 0.9681, acc: 0.7669
23:45:00 valid - loss: 0.6563, acc: 0.7888
Epoch 10/600
23:45:38 train - loss: 0.9186, acc: 0.7785
23:45:40 valid - loss: 0.4565, acc: 0.8454
Epoch 11/600
23:46:18 train - loss: 0.8798, acc: 0.7877
23:46:20 valid - loss: 0.5716, acc: 0.8102
Epoch 12/600
23:46:58 train - loss: 0.8528, acc: 0.7957
23:46:59 valid - loss: 0.5097, acc: 0.8323
Epoch 13/600
23:47:38 train - loss: 0.8194, acc: 0.8042
23:47:39 valid - loss: 0.4357, acc: 0.8521
Epoch 14/600
23:48:17 train - loss: 0.7853, acc: 0.8091
23:48:19 valid - loss: 0.4359, acc: 0.8540
Epoch 15/600
23:48:57 train - loss: 0.7706, acc: 0.8167
23:48:59 valid - loss: 0.3879, acc: 0.8685
Epoch 16/600
23:49:37 train - loss: 0.7393, acc: 0.8221
23:49:39 valid - loss: 0.4076, acc: 0.8610
Epoch 17/600
23:50:17 train - loss: 0.7304, acc: 0.8259
23:50:18 valid - loss: 0.3500, acc: 0.8824
Epoch 18/600
23:50:56 train - loss: 0.7139, acc: 0.8294
23:50:58 valid - loss: 0.3528, acc: 0.8810
Epoch 19/600
23:51:36 train - loss: 0.6987, acc: 0.8319
23:51:38 valid - loss: 0.4805, acc: 0.8461
Epoch 20/600
23:52:16 train - loss: 0.6780, acc: 0.8394
23:52:17 valid - loss: 0.3664, acc: 0.8764
Epoch 21/600
23:52:56 train - loss: 0.6689, acc: 0.8404
23:52:57 valid - loss: 0.4175, acc: 0.8602
Epoch 22/600
23:53:35 train - loss: 0.6577, acc: 0.8434
23:53:37 valid - loss: 0.3525, acc: 0.8832
Epoch 23/600
23:54:15 train - loss: 0.6475, acc: 0.8447
23:54:16 valid - loss: 0.4146, acc: 0.8629
Epoch 24/600
23:54:55 train - loss: 0.6408, acc: 0.8490
23:54:56 valid - loss: 0.3472, acc: 0.8834
Epoch 25/600
23:55:35 train - loss: 0.6283, acc: 0.8514
23:55:36 valid - loss: 0.3407, acc: 0.8870
Epoch 26/600
23:56:14 train - loss: 0.6237, acc: 0.8525
23:56:16 valid - loss: 0.2985, acc: 0.8977
Epoch 27/600
23:56:54 train - loss: 0.6132, acc: 0.8540
23:56:56 valid - loss: 0.3373, acc: 0.8891
Epoch 28/600
23:57:34 train - loss: 0.6052, acc: 0.8571
23:57:35 valid - loss: 0.3217, acc: 0.8933
Epoch 29/600
23:58:14 train - loss: 0.6037, acc: 0.8553
23:58:15 valid - loss: 0.3171, acc: 0.8950
Epoch 30/600
23:58:53 train - loss: 0.5881, acc: 0.8605
23:58:55 valid - loss: 0.3189, acc: 0.8883
Epoch 31/600
23:59:33 train - loss: 0.5859, acc: 0.8616
23:59:35 valid - loss: 0.3079, acc: 0.8974
Epoch 32/600
00:00:13 train - loss: 0.5821, acc: 0.8616
00:00:14 valid - loss: 0.3490, acc: 0.8840
Epoch 33/600
00:00:53 train - loss: 0.5790, acc: 0.8622
00:00:54 valid - loss: 0.3651, acc: 0.8806
Epoch 34/600
00:01:33 train - loss: 0.5736, acc: 0.8634
00:01:34 valid - loss: 0.2821, acc: 0.9059
Epoch 35/600
00:02:12 train - loss: 0.5696, acc: 0.8635
00:02:14 valid - loss: 0.3117, acc: 0.8988
Epoch 36/600
00:02:52 train - loss: 0.5703, acc: 0.8660
00:02:54 valid - loss: 0.3516, acc: 0.8849
Epoch 37/600
00:03:32 train - loss: 0.5664, acc: 0.8671
00:03:33 valid - loss: 0.3243, acc: 0.8939
Epoch 38/600
00:04:12 train - loss: 0.5623, acc: 0.8680
00:04:13 valid - loss: 0.3234, acc: 0.8962
Epoch 39/600
00:04:52 train - loss: 0.5560, acc: 0.8686
00:04:53 valid - loss: 0.2899, acc: 0.9031
Epoch 40/600
00:05:32 train - loss: 0.5549, acc: 0.8697
00:05:33 valid - loss: 0.3290, acc: 0.8933
Epoch 41/600
00:06:11 train - loss: 0.5402, acc: 0.8722
00:06:13 valid - loss: 0.2695, acc: 0.9099
Epoch 42/600
00:06:51 train - loss: 0.5469, acc: 0.8710
00:06:53 valid - loss: 0.2703, acc: 0.9112
Epoch 43/600
00:07:31 train - loss: 0.5433, acc: 0.8708
00:07:33 valid - loss: 0.2861, acc: 0.9042
Epoch 44/600
00:08:11 train - loss: 0.5377, acc: 0.8739
00:08:13 valid - loss: 0.3143, acc: 0.8978
Epoch 45/600
00:08:51 train - loss: 0.5364, acc: 0.8741
00:08:52 valid - loss: 0.2549, acc: 0.9142
Epoch 46/600
00:09:31 train - loss: 0.5376, acc: 0.8741
00:09:32 valid - loss: 0.2860, acc: 0.9018
Epoch 47/600
00:10:11 train - loss: 0.5349, acc: 0.8747
00:10:12 valid - loss: 0.2893, acc: 0.9010
Epoch 48/600
00:10:51 train - loss: 0.5278, acc: 0.8757
00:10:52 valid - loss: 0.3431, acc: 0.8855
Epoch 49/600
00:11:31 train - loss: 0.5256, acc: 0.8771
00:11:32 valid - loss: 0.2910, acc: 0.9050
Epoch 50/600
00:12:10 train - loss: 0.5327, acc: 0.8760
00:12:12 valid - loss: 0.2733, acc: 0.9117
Epoch 51/600
00:12:50 train - loss: 0.5286, acc: 0.8750
00:12:52 valid - loss: 0.2732, acc: 0.9105
Epoch 52/600
00:13:30 train - loss: 0.5268, acc: 0.8780
00:13:32 valid - loss: 0.2679, acc: 0.9115
Epoch 53/600
00:14:10 train - loss: 0.5155, acc: 0.8794
00:14:12 valid - loss: 0.2638, acc: 0.9148
Epoch 54/600
00:14:50 train - loss: 0.5141, acc: 0.8790
00:14:52 valid - loss: 0.2875, acc: 0.9066
Epoch 55/600
00:15:30 train - loss: 0.5101, acc: 0.8797
00:15:32 valid - loss: 0.2655, acc: 0.9143
Epoch 56/600
00:16:10 train - loss: 0.5105, acc: 0.8806
00:16:12 valid - loss: 0.2846, acc: 0.9059
Epoch 57/600
00:16:50 train - loss: 0.5049, acc: 0.8811
00:16:52 valid - loss: 0.2739, acc: 0.9078
Epoch 58/600
00:17:30 train - loss: 0.5054, acc: 0.8823
00:17:32 valid - loss: 0.2732, acc: 0.9097
Epoch 59/600
00:18:10 train - loss: 0.4995, acc: 0.8833
00:18:11 valid - loss: 0.2816, acc: 0.9070
Epoch 60/600
00:18:50 train - loss: 0.4996, acc: 0.8833
00:18:51 valid - loss: 0.3349, acc: 0.8895
Epoch 61/600
00:19:30 train - loss: 0.4922, acc: 0.8830
00:19:31 valid - loss: 0.2982, acc: 0.9021
Epoch 62/600
00:20:10 train - loss: 0.5009, acc: 0.8841
00:20:11 valid - loss: 0.2608, acc: 0.9150
Epoch 63/600
00:20:50 train - loss: 0.4926, acc: 0.8844
00:20:51 valid - loss: 0.2819, acc: 0.9092
Epoch 64/600
00:21:30 train - loss: 0.4975, acc: 0.8837
00:21:31 valid - loss: 0.2848, acc: 0.9054
Epoch 65/600
00:22:09 train - loss: 0.4891, acc: 0.8840
00:22:11 valid - loss: 0.2568, acc: 0.9140
Epoch 66/600
00:22:49 train - loss: 0.4907, acc: 0.8867
00:22:51 valid - loss: 0.2629, acc: 0.9099
Epoch 67/600
00:23:29 train - loss: 0.4945, acc: 0.8842
00:23:31 valid - loss: 0.2698, acc: 0.9123
Epoch 68/600
00:24:09 train - loss: 0.4831, acc: 0.8879
00:24:10 valid - loss: 0.3360, acc: 0.8967
Epoch 69/600
00:24:49 train - loss: 0.4892, acc: 0.8843
00:24:50 valid - loss: 0.2335, acc: 0.9247
Epoch 70/600
00:25:29 train - loss: 0.4818, acc: 0.8874
00:25:30 valid - loss: 0.2296, acc: 0.9219
Epoch 71/600
00:26:09 train - loss: 0.4777, acc: 0.8878
00:26:10 valid - loss: 0.2766, acc: 0.9097
Epoch 72/600
00:26:49 train - loss: 0.4761, acc: 0.8891
00:26:50 valid - loss: 0.2516, acc: 0.9192
Epoch 73/600
00:27:28 train - loss: 0.4722, acc: 0.8909
00:27:30 valid - loss: 0.2709, acc: 0.9113
Epoch 74/600
00:28:08 train - loss: 0.4695, acc: 0.8904
00:28:10 valid - loss: 0.2290, acc: 0.9242
Epoch 75/600
00:28:48 train - loss: 0.4732, acc: 0.8892
00:28:50 valid - loss: 0.2443, acc: 0.9173
Epoch 76/600
00:29:28 train - loss: 0.4758, acc: 0.8884
00:29:30 valid - loss: 0.2839, acc: 0.9075
Epoch 77/600
00:30:08 train - loss: 0.4730, acc: 0.8897
00:30:10 valid - loss: 0.2734, acc: 0.9092
Epoch 78/600
00:30:48 train - loss: 0.4716, acc: 0.8902
00:30:49 valid - loss: 0.2454, acc: 0.9185
Epoch 79/600
00:31:28 train - loss: 0.4710, acc: 0.8897
00:31:29 valid - loss: 0.2530, acc: 0.9190
Epoch 80/600
00:32:08 train - loss: 0.4670, acc: 0.8927
00:32:09 valid - loss: 0.2396, acc: 0.9203
Epoch 81/600
00:32:48 train - loss: 0.4642, acc: 0.8907
00:32:49 valid - loss: 0.2373, acc: 0.9211
Epoch 82/600
00:33:28 train - loss: 0.4538, acc: 0.8944
00:33:29 valid - loss: 0.2531, acc: 0.9185
Epoch 83/600
00:34:08 train - loss: 0.4664, acc: 0.8906
00:34:09 valid - loss: 0.3223, acc: 0.9045
Epoch 84/600
00:34:48 train - loss: 0.4632, acc: 0.8927
00:34:49 valid - loss: 0.2317, acc: 0.9252
Epoch 85/600
00:35:27 train - loss: 0.4555, acc: 0.8940
00:35:29 valid - loss: 0.2396, acc: 0.9222
Epoch 86/600
00:36:07 train - loss: 0.4661, acc: 0.8907
00:36:09 valid - loss: 0.2593, acc: 0.9156
Epoch 87/600
00:36:47 train - loss: 0.4587, acc: 0.8930
00:36:49 valid - loss: 0.2088, acc: 0.9307
Epoch 88/600
00:37:27 train - loss: 0.4541, acc: 0.8957
00:37:29 valid - loss: 0.2127, acc: 0.9323
Epoch 89/600
00:38:07 train - loss: 0.4530, acc: 0.8953
00:38:09 valid - loss: 0.2401, acc: 0.9199
Epoch 90/600
00:38:47 train - loss: 0.4572, acc: 0.8942
00:38:49 valid - loss: 0.2852, acc: 0.9093
Epoch 91/600
00:39:27 train - loss: 0.4460, acc: 0.8966
00:39:29 valid - loss: 0.2505, acc: 0.9183
Epoch 92/600
00:40:07 train - loss: 0.4526, acc: 0.8955
00:40:09 valid - loss: 0.2540, acc: 0.9145
Epoch 93/600
00:40:47 train - loss: 0.4537, acc: 0.8940
00:40:49 valid - loss: 0.2653, acc: 0.9142
Epoch 94/600
00:41:27 train - loss: 0.4493, acc: 0.8952
00:41:29 valid - loss: 0.2558, acc: 0.9175
Epoch 95/600
00:42:07 train - loss: 0.4532, acc: 0.8953
00:42:09 valid - loss: 0.2250, acc: 0.9249
Epoch 96/600
00:42:47 train - loss: 0.4434, acc: 0.8977
00:42:49 valid - loss: 0.2135, acc: 0.9293
Epoch 97/600
00:43:27 train - loss: 0.4422, acc: 0.8971
00:43:29 valid - loss: 0.2256, acc: 0.9257
Epoch 98/600
00:44:07 train - loss: 0.4422, acc: 0.8972
00:44:09 valid - loss: 0.2428, acc: 0.9238
Epoch 99/600
00:44:47 train - loss: 0.4481, acc: 0.8956
00:44:49 valid - loss: 0.2229, acc: 0.9292
Epoch 100/600
00:45:27 train - loss: 0.4373, acc: 0.8981
00:45:29 valid - loss: 0.2022, acc: 0.9337
Epoch 101/600
00:46:07 train - loss: 0.4428, acc: 0.8965
00:46:09 valid - loss: 0.2460, acc: 0.9202
Epoch 102/600
00:46:47 train - loss: 0.4345, acc: 0.9006
00:46:48 valid - loss: 0.2539, acc: 0.9174
Epoch 103/600
00:47:27 train - loss: 0.4377, acc: 0.8978
00:47:28 valid - loss: 0.2465, acc: 0.9212
Epoch 104/600
00:48:07 train - loss: 0.4339, acc: 0.8984
00:48:09 valid - loss: 0.2109, acc: 0.9282
Epoch 105/600
00:48:47 train - loss: 0.4337, acc: 0.9001
00:48:49 valid - loss: 0.2313, acc: 0.9233
Epoch 106/600
00:49:27 train - loss: 0.4340, acc: 0.8997
00:49:28 valid - loss: 0.2201, acc: 0.9264
Epoch 107/600
00:50:07 train - loss: 0.4349, acc: 0.8985
00:50:08 valid - loss: 0.2223, acc: 0.9283
Epoch 108/600
00:50:47 train - loss: 0.4281, acc: 0.9017
00:50:48 valid - loss: 0.2632, acc: 0.9128
Epoch 109/600
00:51:27 train - loss: 0.4290, acc: 0.8998
00:51:28 valid - loss: 0.2010, acc: 0.9328
Epoch 110/600
00:52:07 train - loss: 0.4355, acc: 0.8989
00:52:08 valid - loss: 0.2006, acc: 0.9359
Epoch 111/600
00:52:47 train - loss: 0.4351, acc: 0.8999
00:52:48 valid - loss: 0.2395, acc: 0.9194
Epoch 112/600
00:53:27 train - loss: 0.4334, acc: 0.8985
00:53:28 valid - loss: 0.2030, acc: 0.9321
Epoch 113/600
00:54:07 train - loss: 0.4257, acc: 0.9031
00:54:08 valid - loss: 0.2514, acc: 0.9173
Epoch 114/600
00:54:46 train - loss: 0.4258, acc: 0.9013
00:54:48 valid - loss: 0.2568, acc: 0.9177
Epoch 115/600
00:55:27 train - loss: 0.4277, acc: 0.9023
00:55:28 valid - loss: 0.2302, acc: 0.9233
Epoch 116/600
00:56:06 train - loss: 0.4287, acc: 0.9009
00:56:08 valid - loss: 0.2496, acc: 0.9206
Epoch 117/600
00:56:46 train - loss: 0.4282, acc: 0.9005
00:56:48 valid - loss: 0.2468, acc: 0.9187
Epoch 118/600
00:57:26 train - loss: 0.4222, acc: 0.9039
00:57:28 valid - loss: 0.2624, acc: 0.9160
Epoch 119/600
00:58:06 train - loss: 0.4153, acc: 0.9046
00:58:08 valid - loss: 0.2175, acc: 0.9276
Epoch 120/600
00:58:46 train - loss: 0.4267, acc: 0.9019
00:58:48 valid - loss: 0.2072, acc: 0.9303
Epoch 121/600
00:59:26 train - loss: 0.4201, acc: 0.9044
00:59:28 valid - loss: 0.3062, acc: 0.9040
Epoch 122/600
01:00:06 train - loss: 0.4249, acc: 0.9013
01:00:08 valid - loss: 0.2319, acc: 0.9266
Epoch 123/600
01:00:46 train - loss: 0.4232, acc: 0.9032
01:00:48 valid - loss: 0.2353, acc: 0.9265
Epoch 124/600
01:01:26 train - loss: 0.4133, acc: 0.9050
01:01:28 valid - loss: 0.2043, acc: 0.9302
Epoch 125/600
01:02:06 train - loss: 0.4204, acc: 0.9025
01:02:08 valid - loss: 0.1978, acc: 0.9333
Epoch 126/600
01:02:46 train - loss: 0.4191, acc: 0.9034
01:02:48 valid - loss: 0.2304, acc: 0.9271
Epoch 127/600
01:03:26 train - loss: 0.4215, acc: 0.9030
01:03:28 valid - loss: 0.2075, acc: 0.9325
Epoch 128/600
01:04:06 train - loss: 0.4167, acc: 0.9038
01:04:07 valid - loss: 0.2149, acc: 0.9284
Epoch 129/600
01:04:46 train - loss: 0.4112, acc: 0.9063
01:04:47 valid - loss: 0.2064, acc: 0.9334
Epoch 130/600
01:05:26 train - loss: 0.4152, acc: 0.9047
01:05:27 valid - loss: 0.1934, acc: 0.9379
Epoch 131/600
01:06:06 train - loss: 0.4176, acc: 0.9030
01:06:07 valid - loss: 0.2305, acc: 0.9240
Epoch 132/600
01:06:46 train - loss: 0.4120, acc: 0.9054
01:06:47 valid - loss: 0.2381, acc: 0.9263
Epoch 133/600
01:07:26 train - loss: 0.4179, acc: 0.9041
01:07:27 valid - loss: 0.2202, acc: 0.9320
Epoch 134/600
01:08:06 train - loss: 0.4075, acc: 0.9066
01:08:07 valid - loss: 0.2093, acc: 0.9331
Epoch 135/600
01:08:45 train - loss: 0.4141, acc: 0.9038
01:08:47 valid - loss: 0.2225, acc: 0.9266
Epoch 136/600
01:09:25 train - loss: 0.4132, acc: 0.9052
01:09:27 valid - loss: 0.1997, acc: 0.9343
Epoch 137/600
01:10:05 train - loss: 0.4120, acc: 0.9053
01:10:07 valid - loss: 0.2183, acc: 0.9305
Epoch 138/600
01:10:45 train - loss: 0.4140, acc: 0.9057
01:10:47 valid - loss: 0.1965, acc: 0.9332
Epoch 139/600
01:11:25 train - loss: 0.4089, acc: 0.9057
01:11:27 valid - loss: 0.2154, acc: 0.9302
Epoch 140/600
01:12:05 train - loss: 0.4122, acc: 0.9050
01:12:06 valid - loss: 0.2021, acc: 0.9355
Epoch 141/600
01:12:45 train - loss: 0.4017, acc: 0.9069
01:12:46 valid - loss: 0.2139, acc: 0.9305
Epoch 142/600
01:13:25 train - loss: 0.4035, acc: 0.9077
01:13:26 valid - loss: 0.2139, acc: 0.9272
Epoch 143/600
01:14:05 train - loss: 0.4089, acc: 0.9058
01:14:06 valid - loss: 0.1783, acc: 0.9407
Epoch 144/600
01:14:45 train - loss: 0.4038, acc: 0.9080
01:14:46 valid - loss: 0.1848, acc: 0.9386
Epoch 145/600
01:15:25 train - loss: 0.4069, acc: 0.9053
01:15:26 valid - loss: 0.2128, acc: 0.9319
Epoch 146/600
01:16:05 train - loss: 0.3997, acc: 0.9083
01:16:06 valid - loss: 0.2243, acc: 0.9260
Epoch 147/600
01:16:45 train - loss: 0.4091, acc: 0.9056
01:16:46 valid - loss: 0.2093, acc: 0.9311
Epoch 148/600
01:17:25 train - loss: 0.4076, acc: 0.9067
01:17:26 valid - loss: 0.1888, acc: 0.9407
Epoch 149/600
01:18:05 train - loss: 0.4046, acc: 0.9073
01:18:06 valid - loss: 0.2556, acc: 0.9158
Epoch 150/600
01:18:44 train - loss: 0.4091, acc: 0.9053
01:18:46 valid - loss: 0.2098, acc: 0.9293
Epoch 151/600
01:19:25 train - loss: 0.3979, acc: 0.9079
01:19:26 valid - loss: 0.2036, acc: 0.9366
Epoch 152/600
01:20:04 train - loss: 0.3969, acc: 0.9080
01:20:06 valid - loss: 0.1936, acc: 0.9395
Epoch 153/600
01:20:44 train - loss: 0.3993, acc: 0.9072
01:20:46 valid - loss: 0.2440, acc: 0.9250
Epoch 154/600
01:21:25 train - loss: 0.4071, acc: 0.9071
01:21:26 valid - loss: 0.2414, acc: 0.9207
Epoch 155/600
01:22:05 train - loss: 0.4049, acc: 0.9068
01:22:06 valid - loss: 0.2352, acc: 0.9254
Epoch 156/600
01:22:45 train - loss: 0.3972, acc: 0.9091
01:22:46 valid - loss: 0.1915, acc: 0.9400
Epoch 157/600
01:23:24 train - loss: 0.3984, acc: 0.9103
01:23:26 valid - loss: 0.2249, acc: 0.9288
Epoch 158/600
01:24:04 train - loss: 0.3914, acc: 0.9090
01:24:06 valid - loss: 0.1939, acc: 0.9360
Epoch 159/600
01:24:44 train - loss: 0.3920, acc: 0.9096
01:24:46 valid - loss: 0.1968, acc: 0.9363
Epoch 160/600
01:25:24 train - loss: 0.3959, acc: 0.9083
01:25:26 valid - loss: 0.1946, acc: 0.9360
Epoch 161/600
01:26:04 train - loss: 0.3950, acc: 0.9099
01:26:06 valid - loss: 0.1925, acc: 0.9376
Epoch 162/600
01:26:44 train - loss: 0.3861, acc: 0.9115
01:26:46 valid - loss: 0.1879, acc: 0.9400
Epoch 163/600
01:27:24 train - loss: 0.3941, acc: 0.9099
01:27:26 valid - loss: 0.1782, acc: 0.9404
Epoch 164/600
01:28:04 train - loss: 0.3983, acc: 0.9085
01:28:06 valid - loss: 0.1903, acc: 0.9373
Epoch 165/600
01:28:44 train - loss: 0.3925, acc: 0.9093
01:28:45 valid - loss: 0.2131, acc: 0.9323
Epoch 166/600
01:29:24 train - loss: 0.3939, acc: 0.9098
01:29:25 valid - loss: 0.1925, acc: 0.9368
Epoch 167/600
01:30:04 train - loss: 0.3906, acc: 0.9101
01:30:05 valid - loss: 0.2210, acc: 0.9299
Epoch 168/600
01:30:44 train - loss: 0.3932, acc: 0.9114
01:30:45 valid - loss: 0.1830, acc: 0.9392
Epoch 169/600
01:31:23 train - loss: 0.3884, acc: 0.9117
01:31:25 valid - loss: 0.1847, acc: 0.9373
Epoch 170/600
01:32:03 train - loss: 0.3948, acc: 0.9104
01:32:05 valid - loss: 0.1815, acc: 0.9414
Epoch 171/600
01:32:43 train - loss: 0.3928, acc: 0.9094
01:32:45 valid - loss: 0.1849, acc: 0.9380
Epoch 172/600
01:33:23 train - loss: 0.3960, acc: 0.9099
01:33:24 valid - loss: 0.1758, acc: 0.9408
Epoch 173/600
01:34:03 train - loss: 0.3840, acc: 0.9116
01:34:04 valid - loss: 0.2298, acc: 0.9283
Epoch 174/600
01:34:43 train - loss: 0.3904, acc: 0.9102
01:34:44 valid - loss: 0.1857, acc: 0.9379
Epoch 175/600
01:35:23 train - loss: 0.3841, acc: 0.9124
01:35:24 valid - loss: 0.1970, acc: 0.9382
Epoch 176/600
01:36:02 train - loss: 0.3895, acc: 0.9117
01:36:04 valid - loss: 0.1935, acc: 0.9390
Epoch 177/600
01:36:42 train - loss: 0.3945, acc: 0.9093
01:36:44 valid - loss: 0.1842, acc: 0.9403
Epoch 178/600
01:37:22 train - loss: 0.3951, acc: 0.9101
01:37:24 valid - loss: 0.2066, acc: 0.9359
Epoch 179/600
01:38:02 train - loss: 0.3893, acc: 0.9106
01:38:04 valid - loss: 0.1784, acc: 0.9443
Epoch 180/600
01:38:42 train - loss: 0.3868, acc: 0.9102
01:38:44 valid - loss: 0.1930, acc: 0.9383
Epoch 181/600
01:39:22 train - loss: 0.3900, acc: 0.9089
01:39:24 valid - loss: 0.2002, acc: 0.9339
Epoch 182/600
01:40:02 train - loss: 0.3822, acc: 0.9124
01:40:04 valid - loss: 0.2255, acc: 0.9309
Epoch 183/600
01:40:42 train - loss: 0.3891, acc: 0.9116
01:40:44 valid - loss: 0.1821, acc: 0.9398
Epoch 184/600
01:41:22 train - loss: 0.3830, acc: 0.9122
01:41:24 valid - loss: 0.1800, acc: 0.9412
Epoch 185/600
01:42:02 train - loss: 0.3808, acc: 0.9121
01:42:04 valid - loss: 0.2162, acc: 0.9288
Epoch 186/600
01:42:42 train - loss: 0.3751, acc: 0.9141
01:42:43 valid - loss: 0.1790, acc: 0.9402
Epoch 187/600
01:43:22 train - loss: 0.3837, acc: 0.9131
01:43:23 valid - loss: 0.1747, acc: 0.9443
Epoch 188/600
01:44:02 train - loss: 0.3823, acc: 0.9119
01:44:03 valid - loss: 0.1885, acc: 0.9392
Epoch 189/600
01:44:42 train - loss: 0.3813, acc: 0.9128
01:44:43 valid - loss: 0.1835, acc: 0.9392
Epoch 190/600
01:45:21 train - loss: 0.3808, acc: 0.9118
01:45:23 valid - loss: 0.2316, acc: 0.9273
Epoch 191/600
01:46:01 train - loss: 0.3787, acc: 0.9159
01:46:03 valid - loss: 0.1935, acc: 0.9376
Epoch 192/600
01:46:41 train - loss: 0.3765, acc: 0.9148
01:46:43 valid - loss: 0.2131, acc: 0.9348
Epoch 193/600
01:47:21 train - loss: 0.3880, acc: 0.9098
01:47:23 valid - loss: 0.1962, acc: 0.9329
Epoch 194/600
01:48:01 train - loss: 0.3841, acc: 0.9117
01:48:03 valid - loss: 0.2639, acc: 0.9207
Epoch 195/600
01:48:41 train - loss: 0.3758, acc: 0.9146
01:48:43 valid - loss: 0.2085, acc: 0.9324
Epoch 196/600
01:49:21 train - loss: 0.3733, acc: 0.9151
01:49:23 valid - loss: 0.1956, acc: 0.9379
Epoch 197/600
01:50:01 train - loss: 0.3774, acc: 0.9144
01:50:03 valid - loss: 0.1899, acc: 0.9408
Epoch 198/600
01:50:41 train - loss: 0.3866, acc: 0.9113
01:50:43 valid - loss: 0.1694, acc: 0.9437
Epoch 199/600
01:51:21 train - loss: 0.3809, acc: 0.9127
01:51:23 valid - loss: 0.1890, acc: 0.9400
Epoch 200/600
01:52:01 train - loss: 0.3723, acc: 0.9156
01:52:03 valid - loss: 0.1730, acc: 0.9450
Epoch 201/600
01:52:41 train - loss: 0.3778, acc: 0.9137
01:52:43 valid - loss: 0.1903, acc: 0.9381
Epoch 202/600
01:53:21 train - loss: 0.3747, acc: 0.9148
01:53:23 valid - loss: 0.1869, acc: 0.9376
Epoch 203/600
01:54:01 train - loss: 0.3768, acc: 0.9141
01:54:03 valid - loss: 0.1996, acc: 0.9366
Epoch 204/600
01:54:41 train - loss: 0.3775, acc: 0.9138
01:54:43 valid - loss: 0.2093, acc: 0.9324
Epoch 205/600
01:55:21 train - loss: 0.3702, acc: 0.9166
01:55:23 valid - loss: 0.1904, acc: 0.9379
Epoch 206/600
01:56:01 train - loss: 0.3697, acc: 0.9164
01:56:03 valid - loss: 0.1965, acc: 0.9383
Epoch 207/600
01:56:41 train - loss: 0.3704, acc: 0.9159
01:56:43 valid - loss: 0.1659, acc: 0.9467
Epoch 208/600
01:57:21 train - loss: 0.3714, acc: 0.9147
01:57:23 valid - loss: 0.2026, acc: 0.9345
Epoch 209/600
01:58:01 train - loss: 0.3696, acc: 0.9160
01:58:03 valid - loss: 0.1638, acc: 0.9464
Epoch 210/600
01:58:41 train - loss: 0.3681, acc: 0.9168
01:58:43 valid - loss: 0.2196, acc: 0.9334
Epoch 211/600
01:59:21 train - loss: 0.3683, acc: 0.9156
01:59:22 valid - loss: 0.1917, acc: 0.9388
Epoch 212/600
02:00:01 train - loss: 0.3709, acc: 0.9149
02:00:02 valid - loss: 0.1952, acc: 0.9378
Epoch 213/600
02:00:40 train - loss: 0.3756, acc: 0.9155
02:00:42 valid - loss: 0.1809, acc: 0.9427
Epoch 214/600
02:01:20 train - loss: 0.3698, acc: 0.9164
02:01:22 valid - loss: 0.1750, acc: 0.9437
Epoch 215/600
02:02:00 train - loss: 0.3681, acc: 0.9182
02:02:02 valid - loss: 0.1879, acc: 0.9390
Epoch 216/600
02:02:40 train - loss: 0.3598, acc: 0.9195
02:02:42 valid - loss: 0.2036, acc: 0.9345
Epoch 217/600
02:03:20 train - loss: 0.3654, acc: 0.9160
02:03:22 valid - loss: 0.1830, acc: 0.9412
Epoch 218/600
02:04:00 train - loss: 0.3601, acc: 0.9183
02:04:01 valid - loss: 0.1842, acc: 0.9415
Epoch 219/600
02:04:40 train - loss: 0.3656, acc: 0.9168
02:04:42 valid - loss: 0.1856, acc: 0.9410
Epoch 220/600
02:05:20 train - loss: 0.3597, acc: 0.9185
02:05:22 valid - loss: 0.1743, acc: 0.9441
Epoch 221/600
02:06:00 train - loss: 0.3671, acc: 0.9165
02:06:01 valid - loss: 0.1694, acc: 0.9468
Epoch 222/600
02:06:40 train - loss: 0.3615, acc: 0.9176
02:06:41 valid - loss: 0.1660, acc: 0.9460
Epoch 223/600
02:07:20 train - loss: 0.3577, acc: 0.9194
02:07:21 valid - loss: 0.1797, acc: 0.9432
Epoch 224/600
02:08:00 train - loss: 0.3583, acc: 0.9195
02:08:01 valid - loss: 0.1847, acc: 0.9401
Epoch 225/600
02:08:40 train - loss: 0.3577, acc: 0.9185
02:08:41 valid - loss: 0.1869, acc: 0.9401
Epoch 226/600
02:09:20 train - loss: 0.3633, acc: 0.9173
02:09:21 valid - loss: 0.1526, acc: 0.9519
Epoch 227/600
02:10:00 train - loss: 0.3592, acc: 0.9173
02:10:01 valid - loss: 0.1587, acc: 0.9502
Epoch 228/600
02:10:40 train - loss: 0.3635, acc: 0.9175
02:10:41 valid - loss: 0.1746, acc: 0.9450
Epoch 229/600
02:11:20 train - loss: 0.3635, acc: 0.9174
02:11:21 valid - loss: 0.1727, acc: 0.9431
Epoch 230/600
02:12:00 train - loss: 0.3626, acc: 0.9175
02:12:01 valid - loss: 0.1730, acc: 0.9421
Epoch 231/600
02:12:40 train - loss: 0.3551, acc: 0.9191
02:12:41 valid - loss: 0.1601, acc: 0.9496
Epoch 232/600
02:13:20 train - loss: 0.3558, acc: 0.9205
02:13:21 valid - loss: 0.1794, acc: 0.9426
Epoch 233/600
02:14:00 train - loss: 0.3547, acc: 0.9191
02:14:01 valid - loss: 0.1717, acc: 0.9438
Epoch 234/600
02:14:40 train - loss: 0.3560, acc: 0.9209
02:14:41 valid - loss: 0.1752, acc: 0.9411
Epoch 235/600
02:15:20 train - loss: 0.3531, acc: 0.9218
02:15:21 valid - loss: 0.1735, acc: 0.9438
Epoch 236/600
02:16:00 train - loss: 0.3533, acc: 0.9197
02:16:01 valid - loss: 0.1820, acc: 0.9432
Epoch 237/600
02:16:40 train - loss: 0.3515, acc: 0.9198
02:16:41 valid - loss: 0.1853, acc: 0.9432
Epoch 238/600
02:17:20 train - loss: 0.3607, acc: 0.9185
02:17:21 valid - loss: 0.1527, acc: 0.9495
Epoch 239/600
02:18:00 train - loss: 0.3553, acc: 0.9202
02:18:01 valid - loss: 0.1682, acc: 0.9448
Epoch 240/600
02:18:39 train - loss: 0.3484, acc: 0.9222
02:18:41 valid - loss: 0.1860, acc: 0.9422
Epoch 241/600
02:19:20 train - loss: 0.3482, acc: 0.9210
02:19:21 valid - loss: 0.1748, acc: 0.9434
Epoch 242/600
02:20:00 train - loss: 0.3507, acc: 0.9205
02:20:01 valid - loss: 0.2075, acc: 0.9390
Epoch 243/600
02:20:40 train - loss: 0.3517, acc: 0.9206
02:20:41 valid - loss: 0.1718, acc: 0.9465
Epoch 244/600
02:21:20 train - loss: 0.3481, acc: 0.9215
02:21:21 valid - loss: 0.1609, acc: 0.9490
Epoch 245/600
02:22:00 train - loss: 0.3519, acc: 0.9203
02:22:01 valid - loss: 0.1736, acc: 0.9449
Epoch 246/600
02:22:40 train - loss: 0.3515, acc: 0.9201
02:22:41 valid - loss: 0.1933, acc: 0.9404
Epoch 247/600
02:23:20 train - loss: 0.3426, acc: 0.9237
02:23:21 valid - loss: 0.1672, acc: 0.9445
Epoch 248/600
02:24:00 train - loss: 0.3501, acc: 0.9210
02:24:01 valid - loss: 0.1832, acc: 0.9431
Epoch 249/600
02:24:40 train - loss: 0.3502, acc: 0.9217
02:24:41 valid - loss: 0.1701, acc: 0.9449
Epoch 250/600
02:25:20 train - loss: 0.3459, acc: 0.9210
02:25:21 valid - loss: 0.1583, acc: 0.9509
Epoch 251/600
02:26:00 train - loss: 0.3448, acc: 0.9220
02:26:01 valid - loss: 0.1634, acc: 0.9496
Epoch 252/600
02:26:40 train - loss: 0.3429, acc: 0.9227
02:26:41 valid - loss: 0.1637, acc: 0.9478
Epoch 253/600
02:27:19 train - loss: 0.3522, acc: 0.9216
02:27:21 valid - loss: 0.1898, acc: 0.9431
Epoch 254/600
02:27:59 train - loss: 0.3394, acc: 0.9238
02:28:01 valid - loss: 0.2296, acc: 0.9304
Epoch 255/600
02:28:39 train - loss: 0.3452, acc: 0.9220
02:28:41 valid - loss: 0.1649, acc: 0.9479
Epoch 256/600
02:29:19 train - loss: 0.3412, acc: 0.9232
02:29:21 valid - loss: 0.1728, acc: 0.9479
Epoch 257/600
02:29:59 train - loss: 0.3436, acc: 0.9227
02:30:01 valid - loss: 0.1702, acc: 0.9476
Epoch 258/600
02:30:39 train - loss: 0.3422, acc: 0.9218
02:30:41 valid - loss: 0.1498, acc: 0.9535
Epoch 259/600
02:31:19 train - loss: 0.3404, acc: 0.9240
02:31:21 valid - loss: 0.1750, acc: 0.9460
Epoch 260/600
02:31:59 train - loss: 0.3387, acc: 0.9234
02:32:01 valid - loss: 0.1594, acc: 0.9505
Epoch 261/600
02:32:39 train - loss: 0.3403, acc: 0.9227
02:32:41 valid - loss: 0.1880, acc: 0.9426
Epoch 262/600
02:33:19 train - loss: 0.3326, acc: 0.9254
02:33:21 valid - loss: 0.1741, acc: 0.9443
Epoch 263/600
02:33:59 train - loss: 0.3379, acc: 0.9235
02:34:01 valid - loss: 0.1944, acc: 0.9394
Epoch 264/600
02:34:39 train - loss: 0.3394, acc: 0.9244
02:34:41 valid - loss: 0.2371, acc: 0.9308
Epoch 265/600
02:35:19 train - loss: 0.3451, acc: 0.9229
02:35:21 valid - loss: 0.1664, acc: 0.9459
Epoch 266/600
02:36:00 train - loss: 0.3348, acc: 0.9256
02:36:01 valid - loss: 0.2037, acc: 0.9357
Epoch 267/600
02:36:40 train - loss: 0.3359, acc: 0.9235
02:36:41 valid - loss: 0.1712, acc: 0.9451
Epoch 268/600
02:37:20 train - loss: 0.3313, acc: 0.9254
02:37:21 valid - loss: 0.1793, acc: 0.9422
Epoch 269/600
02:38:00 train - loss: 0.3343, acc: 0.9243
02:38:01 valid - loss: 0.1622, acc: 0.9481
Epoch 270/600
02:38:40 train - loss: 0.3365, acc: 0.9246
02:38:41 valid - loss: 0.1643, acc: 0.9484
Epoch 271/600
02:39:20 train - loss: 0.3395, acc: 0.9252
02:39:21 valid - loss: 0.1565, acc: 0.9527
Epoch 272/600
02:40:00 train - loss: 0.3276, acc: 0.9282
02:40:01 valid - loss: 0.1632, acc: 0.9500
Epoch 273/600
02:40:39 train - loss: 0.3374, acc: 0.9241
02:40:41 valid - loss: 0.1871, acc: 0.9418
Epoch 274/600
02:41:19 train - loss: 0.3332, acc: 0.9249
02:41:21 valid - loss: 0.1475, acc: 0.9540
Epoch 275/600
02:41:59 train - loss: 0.3294, acc: 0.9264
02:42:01 valid - loss: 0.1636, acc: 0.9493
Epoch 276/600
02:42:39 train - loss: 0.3300, acc: 0.9247
02:42:41 valid - loss: 0.1608, acc: 0.9503
Epoch 277/600
02:43:19 train - loss: 0.3290, acc: 0.9265
02:43:21 valid - loss: 0.1626, acc: 0.9487
Epoch 278/600
02:43:59 train - loss: 0.3331, acc: 0.9251
02:44:01 valid - loss: 0.1624, acc: 0.9493
Epoch 279/600
02:44:39 train - loss: 0.3266, acc: 0.9277
02:44:41 valid - loss: 0.1534, acc: 0.9537
Epoch 280/600
02:45:19 train - loss: 0.3330, acc: 0.9252
02:45:21 valid - loss: 0.1595, acc: 0.9478
Epoch 281/600
02:45:59 train - loss: 0.3204, acc: 0.9293
02:46:01 valid - loss: 0.1670, acc: 0.9458
Epoch 282/600
02:46:39 train - loss: 0.3319, acc: 0.9256
02:46:41 valid - loss: 0.1844, acc: 0.9430
Epoch 283/600
02:47:19 train - loss: 0.3244, acc: 0.9266
02:47:21 valid - loss: 0.1460, acc: 0.9525
Epoch 284/600
02:47:59 train - loss: 0.3268, acc: 0.9269
02:48:01 valid - loss: 0.1536, acc: 0.9508
Epoch 285/600
02:48:39 train - loss: 0.3245, acc: 0.9271
02:48:41 valid - loss: 0.1833, acc: 0.9467
Epoch 286/600
02:49:19 train - loss: 0.3235, acc: 0.9278
02:49:20 valid - loss: 0.1872, acc: 0.9447
Epoch 287/600
02:49:59 train - loss: 0.3200, acc: 0.9281
02:50:00 valid - loss: 0.1772, acc: 0.9458
Epoch 288/600
02:50:39 train - loss: 0.3190, acc: 0.9281
02:50:40 valid - loss: 0.1396, acc: 0.9542
Epoch 289/600
02:51:19 train - loss: 0.3176, acc: 0.9279
02:51:20 valid - loss: 0.1603, acc: 0.9517
Epoch 290/600
02:51:59 train - loss: 0.3241, acc: 0.9268
02:52:00 valid - loss: 0.1460, acc: 0.9531
Epoch 291/600
02:52:39 train - loss: 0.3209, acc: 0.9274
02:52:40 valid - loss: 0.1614, acc: 0.9492
Epoch 292/600
02:53:19 train - loss: 0.3189, acc: 0.9284
02:53:20 valid - loss: 0.1620, acc: 0.9475
Epoch 293/600
02:53:59 train - loss: 0.3179, acc: 0.9291
02:54:00 valid - loss: 0.1460, acc: 0.9528
Epoch 294/600
02:54:39 train - loss: 0.3161, acc: 0.9293
02:54:40 valid - loss: 0.1590, acc: 0.9501
Epoch 295/600
02:55:19 train - loss: 0.3156, acc: 0.9294
02:55:20 valid - loss: 0.1760, acc: 0.9464
Epoch 296/600
02:55:59 train - loss: 0.3105, acc: 0.9312
02:56:00 valid - loss: 0.1536, acc: 0.9527
Epoch 297/600
02:56:39 train - loss: 0.3224, acc: 0.9275
02:56:40 valid - loss: 0.1673, acc: 0.9474
Epoch 298/600
02:57:19 train - loss: 0.3220, acc: 0.9283
02:57:20 valid - loss: 0.1589, acc: 0.9531
Epoch 299/600
02:57:59 train - loss: 0.3202, acc: 0.9292
02:58:00 valid - loss: 0.1802, acc: 0.9459
Epoch 300/600
02:58:38 train - loss: 0.3175, acc: 0.9298
02:58:40 valid - loss: 0.1475, acc: 0.9541
Epoch 301/600
02:59:19 train - loss: 0.3064, acc: 0.9316
02:59:20 valid - loss: 0.1506, acc: 0.9520
Epoch 302/600
02:59:59 train - loss: 0.3153, acc: 0.9292
03:00:00 valid - loss: 0.1477, acc: 0.9545
Epoch 303/600
03:00:39 train - loss: 0.3166, acc: 0.9288
03:00:40 valid - loss: 0.1678, acc: 0.9493
Epoch 304/600
03:01:19 train - loss: 0.3134, acc: 0.9297
03:01:20 valid - loss: 0.1477, acc: 0.9543
Epoch 305/600
03:01:59 train - loss: 0.3139, acc: 0.9290
03:02:00 valid - loss: 0.1776, acc: 0.9455
Epoch 306/600
03:02:39 train - loss: 0.3088, acc: 0.9303
03:02:40 valid - loss: 0.1602, acc: 0.9531
Epoch 307/600
03:03:19 train - loss: 0.3089, acc: 0.9309
03:03:20 valid - loss: 0.1466, acc: 0.9560
Epoch 308/600
03:03:59 train - loss: 0.3136, acc: 0.9306
03:04:00 valid - loss: 0.1535, acc: 0.9522
Epoch 309/600
03:04:39 train - loss: 0.3151, acc: 0.9308
03:04:40 valid - loss: 0.1461, acc: 0.9523
Epoch 310/600
03:05:18 train - loss: 0.3133, acc: 0.9293
03:05:20 valid - loss: 0.1626, acc: 0.9505
Epoch 311/600
03:05:58 train - loss: 0.3080, acc: 0.9315
03:06:00 valid - loss: 0.1411, acc: 0.9549
Epoch 312/600
03:06:38 train - loss: 0.3050, acc: 0.9318
03:06:40 valid - loss: 0.1540, acc: 0.9507
Epoch 313/600
03:07:18 train - loss: 0.3106, acc: 0.9310
03:07:20 valid - loss: 0.1457, acc: 0.9569
Epoch 314/600
03:07:58 train - loss: 0.3040, acc: 0.9326
03:08:00 valid - loss: 0.1515, acc: 0.9551
Epoch 315/600
03:08:38 train - loss: 0.3058, acc: 0.9327
03:08:40 valid - loss: 0.1679, acc: 0.9486
Epoch 316/600
03:09:18 train - loss: 0.3060, acc: 0.9329
03:09:20 valid - loss: 0.1621, acc: 0.9501
Epoch 317/600
03:09:58 train - loss: 0.3013, acc: 0.9317
03:10:00 valid - loss: 0.1447, acc: 0.9532
Epoch 318/600
03:10:38 train - loss: 0.3041, acc: 0.9320
03:10:40 valid - loss: 0.1572, acc: 0.9547
Epoch 319/600
03:11:18 train - loss: 0.2986, acc: 0.9324
03:11:20 valid - loss: 0.1758, acc: 0.9481
Epoch 320/600
03:11:58 train - loss: 0.2996, acc: 0.9340
03:12:00 valid - loss: 0.1418, acc: 0.9565
Epoch 321/600
03:12:39 train - loss: 0.2985, acc: 0.9323
03:12:40 valid - loss: 0.1507, acc: 0.9530
Epoch 322/600
03:13:19 train - loss: 0.2949, acc: 0.9349
03:13:20 valid - loss: 0.1452, acc: 0.9536
Epoch 323/600
03:13:59 train - loss: 0.3010, acc: 0.9328
03:14:00 valid - loss: 0.1381, acc: 0.9560
Epoch 324/600
03:14:39 train - loss: 0.2936, acc: 0.9358
03:14:41 valid - loss: 0.1592, acc: 0.9509
Epoch 325/600
03:15:19 train - loss: 0.2992, acc: 0.9335
03:15:20 valid - loss: 0.1517, acc: 0.9517
Epoch 326/600
03:15:59 train - loss: 0.2859, acc: 0.9372
03:16:00 valid - loss: 0.1451, acc: 0.9548
Epoch 327/600
03:16:39 train - loss: 0.2898, acc: 0.9353
03:16:40 valid - loss: 0.1554, acc: 0.9547
Epoch 328/600
03:17:19 train - loss: 0.3026, acc: 0.9335
03:17:20 valid - loss: 0.1493, acc: 0.9534
Epoch 329/600
03:17:59 train - loss: 0.2952, acc: 0.9340
03:18:00 valid - loss: 0.1381, acc: 0.9558
Epoch 330/600
03:18:38 train - loss: 0.2858, acc: 0.9366
03:18:40 valid - loss: 0.1561, acc: 0.9522
Epoch 331/600
03:19:18 train - loss: 0.2921, acc: 0.9360
03:19:20 valid - loss: 0.1522, acc: 0.9525
Epoch 332/600
03:19:58 train - loss: 0.2922, acc: 0.9348
03:20:00 valid - loss: 0.1413, acc: 0.9573
Epoch 333/600
03:20:38 train - loss: 0.2943, acc: 0.9351
03:20:40 valid - loss: 0.1557, acc: 0.9551
Epoch 334/600
03:21:18 train - loss: 0.2857, acc: 0.9378
03:21:20 valid - loss: 0.1567, acc: 0.9528
Epoch 335/600
03:21:58 train - loss: 0.2937, acc: 0.9350
03:22:00 valid - loss: 0.1458, acc: 0.9564
Epoch 336/600
03:22:38 train - loss: 0.2891, acc: 0.9361
03:22:40 valid - loss: 0.1418, acc: 0.9543
Epoch 337/600
03:23:18 train - loss: 0.2812, acc: 0.9374
03:23:20 valid - loss: 0.1561, acc: 0.9522
Epoch 338/600
03:23:58 train - loss: 0.2876, acc: 0.9370
03:24:00 valid - loss: 0.1394, acc: 0.9567
Epoch 339/600
03:24:38 train - loss: 0.2802, acc: 0.9389
03:24:39 valid - loss: 0.1458, acc: 0.9575
Epoch 340/600
03:25:18 train - loss: 0.2847, acc: 0.9372
03:25:19 valid - loss: 0.1569, acc: 0.9534
Epoch 341/600
03:25:58 train - loss: 0.2884, acc: 0.9364
03:25:59 valid - loss: 0.1388, acc: 0.9572
Epoch 342/600
03:26:38 train - loss: 0.2850, acc: 0.9380
03:26:39 valid - loss: 0.1374, acc: 0.9570
Epoch 343/600
03:27:18 train - loss: 0.2862, acc: 0.9357
03:27:19 valid - loss: 0.1385, acc: 0.9556
Epoch 344/600
03:27:58 train - loss: 0.2793, acc: 0.9379
03:27:59 valid - loss: 0.1475, acc: 0.9561
Epoch 345/600
03:28:38 train - loss: 0.2816, acc: 0.9369
03:28:39 valid - loss: 0.1506, acc: 0.9551
Epoch 346/600
03:29:18 train - loss: 0.2831, acc: 0.9372
03:29:19 valid - loss: 0.1466, acc: 0.9559
Epoch 347/600
03:29:58 train - loss: 0.2842, acc: 0.9381
03:30:00 valid - loss: 0.1575, acc: 0.9521
Epoch 348/600
03:30:38 train - loss: 0.2766, acc: 0.9396
03:30:40 valid - loss: 0.1551, acc: 0.9534
Epoch 349/600
03:31:18 train - loss: 0.2671, acc: 0.9415
03:31:20 valid - loss: 0.1372, acc: 0.9575
Epoch 350/600
03:31:58 train - loss: 0.2761, acc: 0.9391
03:32:00 valid - loss: 0.1303, acc: 0.9567
Epoch 351/600
03:32:38 train - loss: 0.2739, acc: 0.9385
03:32:40 valid - loss: 0.1363, acc: 0.9575
Epoch 352/600
03:33:18 train - loss: 0.2735, acc: 0.9398
03:33:20 valid - loss: 0.1433, acc: 0.9583
Epoch 353/600
03:33:58 train - loss: 0.2697, acc: 0.9407
03:33:59 valid - loss: 0.1403, acc: 0.9583
Epoch 354/600
03:34:38 train - loss: 0.2727, acc: 0.9402
03:34:39 valid - loss: 0.1352, acc: 0.9595
Epoch 355/600
03:35:18 train - loss: 0.2791, acc: 0.9384
03:35:19 valid - loss: 0.1455, acc: 0.9551
Epoch 356/600
03:35:58 train - loss: 0.2618, acc: 0.9426
03:35:59 valid - loss: 0.1336, acc: 0.9600
Epoch 357/600
03:36:38 train - loss: 0.2658, acc: 0.9421
03:36:39 valid - loss: 0.1559, acc: 0.9532
Epoch 358/600
03:37:18 train - loss: 0.2692, acc: 0.9408
03:37:19 valid - loss: 0.1377, acc: 0.9584
Epoch 359/600
03:37:58 train - loss: 0.2708, acc: 0.9408
03:38:00 valid - loss: 0.1549, acc: 0.9553
Epoch 360/600
03:38:38 train - loss: 0.2735, acc: 0.9389
03:38:40 valid - loss: 0.1493, acc: 0.9575
Epoch 361/600
03:39:18 train - loss: 0.2696, acc: 0.9414
03:39:20 valid - loss: 0.1513, acc: 0.9538
Epoch 362/600
03:39:58 train - loss: 0.2641, acc: 0.9414
03:40:00 valid - loss: 0.1347, acc: 0.9592
Epoch 363/600
03:40:38 train - loss: 0.2625, acc: 0.9420
03:40:40 valid - loss: 0.1296, acc: 0.9597
Epoch 364/600
03:41:19 train - loss: 0.2575, acc: 0.9444
03:41:20 valid - loss: 0.1333, acc: 0.9599
Epoch 365/600
03:41:59 train - loss: 0.2580, acc: 0.9427
03:42:00 valid - loss: 0.1215, acc: 0.9622
Epoch 366/600
03:42:39 train - loss: 0.2601, acc: 0.9422
03:42:41 valid - loss: 0.1391, acc: 0.9570
Epoch 367/600
03:43:19 train - loss: 0.2624, acc: 0.9420
03:43:21 valid - loss: 0.1311, acc: 0.9612
Epoch 368/600
03:43:59 train - loss: 0.2623, acc: 0.9423
03:44:01 valid - loss: 0.1599, acc: 0.9535
Epoch 369/600
03:44:39 train - loss: 0.2600, acc: 0.9438
03:44:41 valid - loss: 0.1420, acc: 0.9590
Epoch 370/600
03:45:19 train - loss: 0.2614, acc: 0.9426
03:45:21 valid - loss: 0.1289, acc: 0.9609
Epoch 371/600
03:46:00 train - loss: 0.2627, acc: 0.9417
03:46:01 valid - loss: 0.1275, acc: 0.9611
Epoch 372/600
03:46:40 train - loss: 0.2538, acc: 0.9451
03:46:41 valid - loss: 0.1318, acc: 0.9601
Epoch 373/600
03:47:20 train - loss: 0.2527, acc: 0.9441
03:47:22 valid - loss: 0.1326, acc: 0.9596
Epoch 374/600
03:48:00 train - loss: 0.2556, acc: 0.9432
03:48:02 valid - loss: 0.1485, acc: 0.9579
Epoch 375/600
03:48:40 train - loss: 0.2445, acc: 0.9462
03:48:42 valid - loss: 0.1395, acc: 0.9568
Epoch 376/600
03:49:21 train - loss: 0.2519, acc: 0.9448
03:49:22 valid - loss: 0.1194, acc: 0.9628
Epoch 377/600
03:50:01 train - loss: 0.2494, acc: 0.9458
03:50:02 valid - loss: 0.1398, acc: 0.9570
Epoch 378/600
03:50:41 train - loss: 0.2462, acc: 0.9478
03:50:42 valid - loss: 0.1349, acc: 0.9618
Epoch 379/600
03:51:20 train - loss: 0.2534, acc: 0.9459
03:51:22 valid - loss: 0.1341, acc: 0.9603
Epoch 380/600
03:52:00 train - loss: 0.2525, acc: 0.9446
03:52:02 valid - loss: 0.1350, acc: 0.9588
Epoch 381/600
03:52:40 train - loss: 0.2514, acc: 0.9440
03:52:41 valid - loss: 0.1401, acc: 0.9608
Epoch 382/600
03:53:20 train - loss: 0.2489, acc: 0.9458
03:53:21 valid - loss: 0.1333, acc: 0.9610
Epoch 383/600
03:53:59 train - loss: 0.2372, acc: 0.9487
03:54:01 valid - loss: 0.1287, acc: 0.9589
Epoch 384/600
03:54:39 train - loss: 0.2427, acc: 0.9466
03:54:41 valid - loss: 0.1375, acc: 0.9590
Epoch 385/600
03:55:19 train - loss: 0.2401, acc: 0.9481
03:55:20 valid - loss: 0.1284, acc: 0.9628
Epoch 386/600
03:55:59 train - loss: 0.2456, acc: 0.9458
03:56:00 valid - loss: 0.1456, acc: 0.9575
Epoch 387/600
03:56:39 train - loss: 0.2396, acc: 0.9480
03:56:40 valid - loss: 0.1266, acc: 0.9618
Epoch 388/600
03:57:19 train - loss: 0.2425, acc: 0.9473
03:57:20 valid - loss: 0.1311, acc: 0.9620
Epoch 389/600
03:57:59 train - loss: 0.2405, acc: 0.9482
03:58:00 valid - loss: 0.1246, acc: 0.9629
Epoch 390/600
03:58:39 train - loss: 0.2377, acc: 0.9487
03:58:40 valid - loss: 0.1351, acc: 0.9589
Epoch 391/600
03:59:19 train - loss: 0.2326, acc: 0.9485
03:59:20 valid - loss: 0.1288, acc: 0.9626
Epoch 392/600
03:59:59 train - loss: 0.2378, acc: 0.9473
04:00:00 valid - loss: 0.1410, acc: 0.9585
Epoch 393/600
04:00:39 train - loss: 0.2340, acc: 0.9491
04:00:40 valid - loss: 0.1309, acc: 0.9621
Epoch 394/600
04:01:19 train - loss: 0.2389, acc: 0.9486
04:01:21 valid - loss: 0.1252, acc: 0.9633
Epoch 395/600
04:01:59 train - loss: 0.2331, acc: 0.9495
04:02:01 valid - loss: 0.1307, acc: 0.9598
Epoch 396/600
04:02:39 train - loss: 0.2344, acc: 0.9487
04:02:41 valid - loss: 0.1372, acc: 0.9613
Epoch 397/600
04:03:19 train - loss: 0.2278, acc: 0.9511
04:03:21 valid - loss: 0.1294, acc: 0.9601
Epoch 398/600
04:04:00 train - loss: 0.2339, acc: 0.9500
04:04:01 valid - loss: 0.1493, acc: 0.9566
Epoch 399/600
04:04:40 train - loss: 0.2225, acc: 0.9520
04:04:41 valid - loss: 0.1357, acc: 0.9610
Epoch 400/600
04:05:20 train - loss: 0.2259, acc: 0.9521
04:05:21 valid - loss: 0.1184, acc: 0.9634
Epoch 401/600
04:06:00 train - loss: 0.2335, acc: 0.9493
04:06:02 valid - loss: 0.1257, acc: 0.9627
Epoch 402/600
04:06:40 train - loss: 0.2275, acc: 0.9515
04:06:42 valid - loss: 0.1313, acc: 0.9641
Epoch 403/600
04:07:20 train - loss: 0.2221, acc: 0.9529
04:07:22 valid - loss: 0.1164, acc: 0.9656
Epoch 404/600
04:08:00 train - loss: 0.2199, acc: 0.9532
04:08:02 valid - loss: 0.1310, acc: 0.9608
Epoch 405/600
04:08:40 train - loss: 0.2228, acc: 0.9521
04:08:42 valid - loss: 0.1211, acc: 0.9666
Epoch 406/600
04:09:20 train - loss: 0.2253, acc: 0.9513
04:09:22 valid - loss: 0.1279, acc: 0.9619
Epoch 407/600
04:10:00 train - loss: 0.2216, acc: 0.9522
04:10:02 valid - loss: 0.1231, acc: 0.9646
Epoch 408/600
04:10:41 train - loss: 0.2205, acc: 0.9522
04:10:42 valid - loss: 0.1287, acc: 0.9643
Epoch 409/600
04:11:21 train - loss: 0.2146, acc: 0.9543
04:11:22 valid - loss: 0.1209, acc: 0.9641
Epoch 410/600
04:12:00 train - loss: 0.2192, acc: 0.9527
04:12:02 valid - loss: 0.1167, acc: 0.9646
Epoch 411/600
04:12:40 train - loss: 0.2162, acc: 0.9539
04:12:42 valid - loss: 0.1230, acc: 0.9649
Epoch 412/600
04:13:20 train - loss: 0.2165, acc: 0.9540
04:13:22 valid - loss: 0.1293, acc: 0.9614
Epoch 413/600
04:14:00 train - loss: 0.2152, acc: 0.9533
04:14:02 valid - loss: 0.1309, acc: 0.9621
Epoch 414/600
04:14:40 train - loss: 0.2115, acc: 0.9542
04:14:42 valid - loss: 0.1317, acc: 0.9623
Epoch 415/600
04:15:20 train - loss: 0.2096, acc: 0.9554
04:15:22 valid - loss: 0.1327, acc: 0.9634
Epoch 416/600
04:16:01 train - loss: 0.2068, acc: 0.9567
04:16:02 valid - loss: 0.1266, acc: 0.9616
Epoch 417/600
04:16:40 train - loss: 0.2108, acc: 0.9546
04:16:42 valid - loss: 0.1267, acc: 0.9633
Epoch 418/600
04:17:20 train - loss: 0.2133, acc: 0.9552
04:17:22 valid - loss: 0.1287, acc: 0.9635
Epoch 419/600
04:18:00 train - loss: 0.2033, acc: 0.9568
04:18:02 valid - loss: 0.1229, acc: 0.9653
Epoch 420/600
04:18:41 train - loss: 0.2048, acc: 0.9560
04:18:42 valid - loss: 0.1217, acc: 0.9651
Epoch 421/600
04:19:21 train - loss: 0.2091, acc: 0.9562
04:19:22 valid - loss: 0.1249, acc: 0.9644
Epoch 422/600
04:20:01 train - loss: 0.2044, acc: 0.9568
04:20:02 valid - loss: 0.1276, acc: 0.9625
Epoch 423/600
04:20:41 train - loss: 0.2073, acc: 0.9558
04:20:43 valid - loss: 0.1260, acc: 0.9646
Epoch 424/600
04:21:21 train - loss: 0.2025, acc: 0.9564
04:21:22 valid - loss: 0.1248, acc: 0.9636
Epoch 425/600
04:22:01 train - loss: 0.2035, acc: 0.9562
04:22:02 valid - loss: 0.1233, acc: 0.9644
Epoch 426/600
04:22:41 train - loss: 0.2033, acc: 0.9576
04:22:42 valid - loss: 0.1273, acc: 0.9644
Epoch 427/600
04:23:21 train - loss: 0.2051, acc: 0.9563
04:23:22 valid - loss: 0.1239, acc: 0.9648
Epoch 428/600
04:24:01 train - loss: 0.1898, acc: 0.9592
04:24:02 valid - loss: 0.1201, acc: 0.9660
Epoch 429/600
04:24:41 train - loss: 0.1939, acc: 0.9593
04:24:42 valid - loss: 0.1328, acc: 0.9637
Epoch 430/600
04:25:21 train - loss: 0.1948, acc: 0.9588
04:25:22 valid - loss: 0.1315, acc: 0.9634
Epoch 431/600
04:26:00 train - loss: 0.1969, acc: 0.9578
04:26:02 valid - loss: 0.1193, acc: 0.9659
Epoch 432/600
04:26:41 train - loss: 0.1893, acc: 0.9607
04:26:42 valid - loss: 0.1177, acc: 0.9682
Epoch 433/600
04:27:21 train - loss: 0.1953, acc: 0.9581
04:27:22 valid - loss: 0.1257, acc: 0.9667
Epoch 434/600
04:28:01 train - loss: 0.1907, acc: 0.9596
04:28:02 valid - loss: 0.1197, acc: 0.9671
Epoch 435/600
04:28:40 train - loss: 0.1870, acc: 0.9593
04:28:42 valid - loss: 0.1277, acc: 0.9635
Epoch 436/600
04:29:20 train - loss: 0.1885, acc: 0.9598
04:29:22 valid - loss: 0.1091, acc: 0.9679
Epoch 437/600
04:30:00 train - loss: 0.1853, acc: 0.9605
04:30:02 valid - loss: 0.1100, acc: 0.9685
Epoch 438/600
04:30:40 train - loss: 0.1886, acc: 0.9605
04:30:42 valid - loss: 0.1197, acc: 0.9649
Epoch 439/600
04:31:20 train - loss: 0.1863, acc: 0.9604
04:31:21 valid - loss: 0.1080, acc: 0.9690
Epoch 440/600
04:32:00 train - loss: 0.1833, acc: 0.9605
04:32:01 valid - loss: 0.1241, acc: 0.9634
Epoch 441/600
04:32:40 train - loss: 0.1847, acc: 0.9607
04:32:41 valid - loss: 0.1201, acc: 0.9676
Epoch 442/600
04:33:20 train - loss: 0.1765, acc: 0.9627
04:33:21 valid - loss: 0.1192, acc: 0.9643
Epoch 443/600
04:34:00 train - loss: 0.1812, acc: 0.9623
04:34:01 valid - loss: 0.1162, acc: 0.9659
Epoch 444/600
04:34:40 train - loss: 0.1751, acc: 0.9631
04:34:41 valid - loss: 0.1255, acc: 0.9662
Epoch 445/600
04:35:20 train - loss: 0.1805, acc: 0.9618
04:35:21 valid - loss: 0.1235, acc: 0.9663
Epoch 446/600
04:36:00 train - loss: 0.1750, acc: 0.9624
04:36:01 valid - loss: 0.1168, acc: 0.9667
Epoch 447/600
04:36:40 train - loss: 0.1758, acc: 0.9633
04:36:41 valid - loss: 0.1166, acc: 0.9693
Epoch 448/600
04:37:20 train - loss: 0.1696, acc: 0.9650
04:37:21 valid - loss: 0.1196, acc: 0.9673
Epoch 449/600
04:37:59 train - loss: 0.1767, acc: 0.9630
04:38:01 valid - loss: 0.1123, acc: 0.9682
Epoch 450/600
04:38:39 train - loss: 0.1707, acc: 0.9639
04:38:41 valid - loss: 0.1199, acc: 0.9677
Epoch 451/600
04:39:19 train - loss: 0.1718, acc: 0.9642
04:39:21 valid - loss: 0.1124, acc: 0.9686
Epoch 452/600
04:39:59 train - loss: 0.1670, acc: 0.9656
04:40:00 valid - loss: 0.1158, acc: 0.9687
Epoch 453/600
04:40:39 train - loss: 0.1688, acc: 0.9647
04:40:40 valid - loss: 0.1231, acc: 0.9661
Epoch 454/600
04:41:18 train - loss: 0.1701, acc: 0.9645
04:41:20 valid - loss: 0.1142, acc: 0.9671
Epoch 455/600
04:41:58 train - loss: 0.1630, acc: 0.9666
04:42:00 valid - loss: 0.1175, acc: 0.9687
Epoch 456/600
04:42:39 train - loss: 0.1680, acc: 0.9645
04:42:40 valid - loss: 0.1105, acc: 0.9696
Epoch 457/600
04:43:18 train - loss: 0.1675, acc: 0.9650
04:43:20 valid - loss: 0.1245, acc: 0.9667
Epoch 458/600
04:43:59 train - loss: 0.1651, acc: 0.9666
04:44:00 valid - loss: 0.1113, acc: 0.9697
Epoch 459/600
04:44:39 train - loss: 0.1587, acc: 0.9674
04:44:40 valid - loss: 0.1236, acc: 0.9678
Epoch 460/600
04:45:19 train - loss: 0.1630, acc: 0.9664
04:45:20 valid - loss: 0.1124, acc: 0.9684
Epoch 461/600
04:45:59 train - loss: 0.1578, acc: 0.9674
04:46:00 valid - loss: 0.1154, acc: 0.9690
Epoch 462/600
04:46:39 train - loss: 0.1650, acc: 0.9663
04:46:40 valid - loss: 0.1190, acc: 0.9666
Epoch 463/600
04:47:19 train - loss: 0.1565, acc: 0.9674
04:47:20 valid - loss: 0.1131, acc: 0.9702
Epoch 464/600
04:47:59 train - loss: 0.1554, acc: 0.9684
04:48:00 valid - loss: 0.1115, acc: 0.9692
Epoch 465/600
04:48:39 train - loss: 0.1550, acc: 0.9672
04:48:41 valid - loss: 0.1144, acc: 0.9700
Epoch 466/600
04:49:19 train - loss: 0.1581, acc: 0.9673
04:49:21 valid - loss: 0.1154, acc: 0.9686
Epoch 467/600
04:50:00 train - loss: 0.1544, acc: 0.9679
04:50:01 valid - loss: 0.1214, acc: 0.9678
Epoch 468/600
04:50:40 train - loss: 0.1510, acc: 0.9691
04:50:41 valid - loss: 0.1147, acc: 0.9708
Epoch 469/600
04:51:20 train - loss: 0.1501, acc: 0.9697
04:51:21 valid - loss: 0.1122, acc: 0.9678
Epoch 470/600
04:51:59 train - loss: 0.1529, acc: 0.9687
04:52:01 valid - loss: 0.1105, acc: 0.9688
Epoch 471/600
04:52:39 train - loss: 0.1478, acc: 0.9699
04:52:41 valid - loss: 0.1121, acc: 0.9671
Epoch 472/600
04:53:20 train - loss: 0.1493, acc: 0.9697
04:53:21 valid - loss: 0.1157, acc: 0.9701
Epoch 473/600
04:53:59 train - loss: 0.1479, acc: 0.9696
04:54:01 valid - loss: 0.1172, acc: 0.9688
Epoch 474/600
04:54:40 train - loss: 0.1513, acc: 0.9690
04:54:41 valid - loss: 0.1162, acc: 0.9694
Epoch 475/600
04:55:19 train - loss: 0.1470, acc: 0.9699
04:55:21 valid - loss: 0.1114, acc: 0.9694
Epoch 476/600
04:56:00 train - loss: 0.1443, acc: 0.9713
04:56:01 valid - loss: 0.1106, acc: 0.9694
Epoch 477/600
04:56:40 train - loss: 0.1468, acc: 0.9700
04:56:41 valid - loss: 0.1113, acc: 0.9693
Epoch 478/600
04:57:20 train - loss: 0.1445, acc: 0.9712
04:57:21 valid - loss: 0.1034, acc: 0.9713
Epoch 479/600
04:57:59 train - loss: 0.1375, acc: 0.9721
04:58:01 valid - loss: 0.1146, acc: 0.9689
Epoch 480/600
04:58:39 train - loss: 0.1405, acc: 0.9712
04:58:41 valid - loss: 0.1194, acc: 0.9662
Epoch 481/600
04:59:19 train - loss: 0.1362, acc: 0.9726
04:59:20 valid - loss: 0.1117, acc: 0.9705
Epoch 482/600
04:59:58 train - loss: 0.1381, acc: 0.9718
05:00:00 valid - loss: 0.1081, acc: 0.9703
Epoch 483/600
05:00:38 train - loss: 0.1354, acc: 0.9737
05:00:40 valid - loss: 0.1187, acc: 0.9684
Epoch 484/600
05:01:18 train - loss: 0.1329, acc: 0.9735
05:01:19 valid - loss: 0.1131, acc: 0.9694
Epoch 485/600
05:01:58 train - loss: 0.1306, acc: 0.9740
05:01:59 valid - loss: 0.1135, acc: 0.9697
Epoch 486/600
05:02:38 train - loss: 0.1364, acc: 0.9726
05:02:39 valid - loss: 0.1079, acc: 0.9709
Epoch 487/600
05:03:18 train - loss: 0.1303, acc: 0.9738
05:03:19 valid - loss: 0.1064, acc: 0.9718
Epoch 488/600
05:03:58 train - loss: 0.1321, acc: 0.9738
05:03:59 valid - loss: 0.1065, acc: 0.9712
Epoch 489/600
05:04:38 train - loss: 0.1301, acc: 0.9741
05:04:39 valid - loss: 0.1136, acc: 0.9697
Epoch 490/600
05:05:18 train - loss: 0.1324, acc: 0.9728
05:05:19 valid - loss: 0.1132, acc: 0.9710
Epoch 491/600
05:05:57 train - loss: 0.1262, acc: 0.9745
05:05:59 valid - loss: 0.1066, acc: 0.9723
Epoch 492/600
05:06:37 train - loss: 0.1295, acc: 0.9740
05:06:39 valid - loss: 0.1086, acc: 0.9710
Epoch 493/600
05:07:17 train - loss: 0.1284, acc: 0.9745
05:07:19 valid - loss: 0.1074, acc: 0.9713
Epoch 494/600
05:07:57 train - loss: 0.1237, acc: 0.9761
05:07:59 valid - loss: 0.1114, acc: 0.9712
Epoch 495/600
05:08:37 train - loss: 0.1237, acc: 0.9755
05:08:39 valid - loss: 0.1121, acc: 0.9714
Epoch 496/600
05:09:17 train - loss: 0.1265, acc: 0.9748
05:09:19 valid - loss: 0.1077, acc: 0.9707
Epoch 497/600
05:09:57 train - loss: 0.1251, acc: 0.9752
05:09:58 valid - loss: 0.1156, acc: 0.9704
Epoch 498/600
05:10:37 train - loss: 0.1204, acc: 0.9760
05:10:38 valid - loss: 0.1085, acc: 0.9722
Epoch 499/600
05:11:16 train - loss: 0.1212, acc: 0.9761
05:11:18 valid - loss: 0.1086, acc: 0.9729
Epoch 500/600
05:11:56 train - loss: 0.1249, acc: 0.9753
05:11:58 valid - loss: 0.1081, acc: 0.9733
Epoch 501/600
05:12:36 train - loss: 0.1205, acc: 0.9752
05:12:38 valid - loss: 0.1048, acc: 0.9722
Epoch 502/600
05:13:16 train - loss: 0.1144, acc: 0.9771
05:13:18 valid - loss: 0.1108, acc: 0.9727
Epoch 503/600
05:13:57 train - loss: 0.1138, acc: 0.9777
05:13:58 valid - loss: 0.1077, acc: 0.9727
Epoch 504/600
05:14:37 train - loss: 0.1130, acc: 0.9783
05:14:38 valid - loss: 0.1069, acc: 0.9724
Epoch 505/600
05:15:17 train - loss: 0.1106, acc: 0.9786
05:15:18 valid - loss: 0.1086, acc: 0.9721
Epoch 506/600
05:15:57 train - loss: 0.1143, acc: 0.9775
05:15:58 valid - loss: 0.1068, acc: 0.9725
Epoch 507/600
05:16:37 train - loss: 0.1115, acc: 0.9780
05:16:38 valid - loss: 0.1045, acc: 0.9723
Epoch 508/600
05:17:17 train - loss: 0.1113, acc: 0.9783
05:17:18 valid - loss: 0.1071, acc: 0.9724
Epoch 509/600
05:17:56 train - loss: 0.1100, acc: 0.9789
05:17:58 valid - loss: 0.1029, acc: 0.9721
Epoch 510/600
05:18:36 train - loss: 0.1093, acc: 0.9786
05:18:38 valid - loss: 0.1108, acc: 0.9732
Epoch 511/600
05:19:16 train - loss: 0.1086, acc: 0.9790
05:19:17 valid - loss: 0.1070, acc: 0.9736
Epoch 512/600
05:19:56 train - loss: 0.1112, acc: 0.9787
05:19:57 valid - loss: 0.1030, acc: 0.9738
Epoch 513/600
05:20:36 train - loss: 0.1074, acc: 0.9794
05:20:37 valid - loss: 0.1064, acc: 0.9727
Epoch 514/600
05:21:16 train - loss: 0.1048, acc: 0.9788
05:21:17 valid - loss: 0.1074, acc: 0.9740
Epoch 515/600
05:21:56 train - loss: 0.1083, acc: 0.9792
05:21:57 valid - loss: 0.1108, acc: 0.9738
Epoch 516/600
05:22:36 train - loss: 0.1027, acc: 0.9798
05:22:37 valid - loss: 0.1026, acc: 0.9748
Epoch 517/600
05:23:16 train - loss: 0.1060, acc: 0.9795
05:23:17 valid - loss: 0.1070, acc: 0.9754
Epoch 518/600
05:23:55 train - loss: 0.1047, acc: 0.9793
05:23:57 valid - loss: 0.1052, acc: 0.9736
Epoch 519/600
05:24:35 train - loss: 0.1018, acc: 0.9796
05:24:37 valid - loss: 0.1045, acc: 0.9735
Epoch 520/600
05:25:15 train - loss: 0.1007, acc: 0.9809
05:25:16 valid - loss: 0.1039, acc: 0.9748
Epoch 521/600
05:25:54 train - loss: 0.1022, acc: 0.9810
05:25:56 valid - loss: 0.1116, acc: 0.9731
Epoch 522/600
05:26:34 train - loss: 0.1004, acc: 0.9797
05:26:36 valid - loss: 0.1134, acc: 0.9725
Epoch 523/600
05:27:14 train - loss: 0.0987, acc: 0.9807
05:27:16 valid - loss: 0.1041, acc: 0.9743
Epoch 524/600
05:27:54 train - loss: 0.0968, acc: 0.9815
05:27:55 valid - loss: 0.1080, acc: 0.9745
Epoch 525/600
05:28:34 train - loss: 0.0982, acc: 0.9816
05:28:35 valid - loss: 0.1075, acc: 0.9735
Epoch 526/600
05:29:13 train - loss: 0.0989, acc: 0.9809
05:29:15 valid - loss: 0.1065, acc: 0.9745
Epoch 527/600
05:29:53 train - loss: 0.0939, acc: 0.9823
05:29:55 valid - loss: 0.1084, acc: 0.9730
Epoch 528/600
05:30:33 train - loss: 0.0942, acc: 0.9821
05:30:34 valid - loss: 0.1051, acc: 0.9746
Epoch 529/600
05:31:13 train - loss: 0.0970, acc: 0.9820
05:31:14 valid - loss: 0.1056, acc: 0.9733
Epoch 530/600
05:31:53 train - loss: 0.0921, acc: 0.9826
05:31:54 valid - loss: 0.1045, acc: 0.9750
Epoch 531/600
05:32:32 train - loss: 0.0942, acc: 0.9816
05:32:34 valid - loss: 0.1043, acc: 0.9741
Epoch 532/600
05:33:13 train - loss: 0.0931, acc: 0.9827
05:33:14 valid - loss: 0.1046, acc: 0.9732
Epoch 533/600
05:33:53 train - loss: 0.0969, acc: 0.9819
05:33:54 valid - loss: 0.1065, acc: 0.9748
Epoch 534/600
05:34:33 train - loss: 0.0897, acc: 0.9837
05:34:35 valid - loss: 0.1026, acc: 0.9743
Epoch 535/600
05:35:13 train - loss: 0.0900, acc: 0.9839
05:35:14 valid - loss: 0.1062, acc: 0.9741
Epoch 536/600
05:35:53 train - loss: 0.0927, acc: 0.9824
05:35:54 valid - loss: 0.1037, acc: 0.9744
Epoch 537/600
05:36:32 train - loss: 0.0883, acc: 0.9836
05:36:34 valid - loss: 0.1076, acc: 0.9745
Epoch 538/600
05:37:12 train - loss: 0.0879, acc: 0.9839
05:37:14 valid - loss: 0.1063, acc: 0.9742
Epoch 539/600
05:37:52 train - loss: 0.0865, acc: 0.9833
05:37:54 valid - loss: 0.1090, acc: 0.9744
Epoch 540/600
05:38:32 train - loss: 0.0867, acc: 0.9835
05:38:33 valid - loss: 0.1046, acc: 0.9741
Epoch 541/600
05:39:11 train - loss: 0.0850, acc: 0.9842
05:39:13 valid - loss: 0.1065, acc: 0.9757
Epoch 542/600
05:39:51 train - loss: 0.0883, acc: 0.9834
05:39:53 valid - loss: 0.1070, acc: 0.9738
Epoch 543/600
05:40:31 train - loss: 0.0859, acc: 0.9839
05:40:32 valid - loss: 0.1104, acc: 0.9747
Epoch 544/600
05:41:11 train - loss: 0.0891, acc: 0.9837
05:41:12 valid - loss: 0.1060, acc: 0.9743
Epoch 545/600
05:41:50 train - loss: 0.0857, acc: 0.9844
05:41:52 valid - loss: 0.1038, acc: 0.9739
Epoch 546/600
05:42:30 train - loss: 0.0844, acc: 0.9848
05:42:31 valid - loss: 0.1088, acc: 0.9739
Epoch 547/600
05:43:10 train - loss: 0.0881, acc: 0.9832
05:43:11 valid - loss: 0.1078, acc: 0.9739
Epoch 548/600
05:43:50 train - loss: 0.0856, acc: 0.9843
05:43:51 valid - loss: 0.1041, acc: 0.9738
Epoch 549/600
05:44:30 train - loss: 0.0846, acc: 0.9844
05:44:31 valid - loss: 0.1058, acc: 0.9756
Epoch 550/600
05:45:10 train - loss: 0.0816, acc: 0.9857
05:45:11 valid - loss: 0.1040, acc: 0.9741
Epoch 551/600
05:45:49 train - loss: 0.0826, acc: 0.9849
05:45:51 valid - loss: 0.1028, acc: 0.9746
Epoch 552/600
05:46:30 train - loss: 0.0839, acc: 0.9843
05:46:31 valid - loss: 0.1048, acc: 0.9746
Epoch 553/600
05:47:10 train - loss: 0.0834, acc: 0.9851
05:47:11 valid - loss: 0.1028, acc: 0.9749
Epoch 554/600
05:47:50 train - loss: 0.0850, acc: 0.9840
05:47:52 valid - loss: 0.1017, acc: 0.9753
Epoch 555/600
05:48:30 train - loss: 0.0822, acc: 0.9851
05:48:32 valid - loss: 0.1015, acc: 0.9759
Epoch 556/600
05:49:11 train - loss: 0.0835, acc: 0.9844
05:49:12 valid - loss: 0.1051, acc: 0.9743
Epoch 557/600
05:49:50 train - loss: 0.0845, acc: 0.9844
05:49:52 valid - loss: 0.1037, acc: 0.9740
Epoch 558/600
05:50:30 train - loss: 0.0806, acc: 0.9850
05:50:32 valid - loss: 0.1058, acc: 0.9742
Epoch 559/600
05:51:10 train - loss: 0.0811, acc: 0.9854
05:51:12 valid - loss: 0.1045, acc: 0.9743
Epoch 560/600
05:51:51 train - loss: 0.0781, acc: 0.9854
05:51:52 valid - loss: 0.1054, acc: 0.9745
Epoch 561/600
05:52:31 train - loss: 0.0809, acc: 0.9850
05:52:32 valid - loss: 0.1039, acc: 0.9746
Epoch 562/600
05:53:11 train - loss: 0.0798, acc: 0.9853
05:53:12 valid - loss: 0.1025, acc: 0.9753
Epoch 563/600
05:53:51 train - loss: 0.0797, acc: 0.9852
05:53:52 valid - loss: 0.1045, acc: 0.9748
Epoch 564/600
05:54:31 train - loss: 0.0830, acc: 0.9843
05:54:32 valid - loss: 0.1051, acc: 0.9747
Epoch 565/600
05:55:11 train - loss: 0.0805, acc: 0.9855
05:55:12 valid - loss: 0.1034, acc: 0.9761
Epoch 566/600
05:55:51 train - loss: 0.0811, acc: 0.9852
05:55:53 valid - loss: 0.1022, acc: 0.9758
Epoch 567/600
05:56:31 train - loss: 0.0779, acc: 0.9865
05:56:33 valid - loss: 0.1030, acc: 0.9748
Epoch 568/600
05:57:11 train - loss: 0.0793, acc: 0.9855
05:57:13 valid - loss: 0.1039, acc: 0.9760
Epoch 569/600
05:57:52 train - loss: 0.0834, acc: 0.9845
05:57:53 valid - loss: 0.1024, acc: 0.9757
Epoch 570/600
05:58:32 train - loss: 0.0801, acc: 0.9858
05:58:34 valid - loss: 0.1012, acc: 0.9755
Epoch 571/600
05:59:12 train - loss: 0.0800, acc: 0.9853
05:59:13 valid - loss: 0.1021, acc: 0.9754
Epoch 572/600
05:59:52 train - loss: 0.0756, acc: 0.9865
05:59:54 valid - loss: 0.1041, acc: 0.9750
Epoch 573/600
06:00:32 train - loss: 0.0770, acc: 0.9855
06:00:34 valid - loss: 0.1033, acc: 0.9756
Epoch 574/600
06:01:13 train - loss: 0.0798, acc: 0.9854
06:01:14 valid - loss: 0.1027, acc: 0.9754
Epoch 575/600
06:01:53 train - loss: 0.0810, acc: 0.9853
06:01:55 valid - loss: 0.1010, acc: 0.9760
Epoch 576/600
06:02:33 train - loss: 0.0790, acc: 0.9858
06:02:35 valid - loss: 0.1026, acc: 0.9761
Epoch 577/600
06:03:13 train - loss: 0.0774, acc: 0.9863
06:03:15 valid - loss: 0.1024, acc: 0.9764
Epoch 578/600
06:03:54 train - loss: 0.0767, acc: 0.9867
06:03:55 valid - loss: 0.1028, acc: 0.9755
Epoch 579/600
06:04:34 train - loss: 0.0799, acc: 0.9859
06:04:35 valid - loss: 0.1033, acc: 0.9755
Epoch 580/600
06:05:14 train - loss: 0.0770, acc: 0.9866
06:05:15 valid - loss: 0.1034, acc: 0.9754
Epoch 581/600
06:05:53 train - loss: 0.0761, acc: 0.9858
06:05:55 valid - loss: 0.1024, acc: 0.9756
Epoch 582/600
06:06:33 train - loss: 0.0818, acc: 0.9851
06:06:35 valid - loss: 0.1021, acc: 0.9755
Epoch 583/600
06:07:13 train - loss: 0.0795, acc: 0.9859
06:07:15 valid - loss: 0.1028, acc: 0.9754
Epoch 584/600
06:07:53 train - loss: 0.0806, acc: 0.9851
06:07:55 valid - loss: 0.1021, acc: 0.9764
Epoch 585/600
06:08:33 train - loss: 0.0794, acc: 0.9855
06:08:35 valid - loss: 0.1031, acc: 0.9753
Epoch 586/600
06:09:13 train - loss: 0.0789, acc: 0.9857
06:09:14 valid - loss: 0.1025, acc: 0.9761
Epoch 587/600
06:09:53 train - loss: 0.0775, acc: 0.9866
06:09:54 valid - loss: 0.1049, acc: 0.9752
Epoch 588/600
06:10:32 train - loss: 0.0786, acc: 0.9859
06:10:34 valid - loss: 0.1026, acc: 0.9756
Epoch 589/600
06:11:12 train - loss: 0.0817, acc: 0.9850
06:11:14 valid - loss: 0.1036, acc: 0.9760
Epoch 590/600
06:11:52 train - loss: 0.0795, acc: 0.9857
06:11:53 valid - loss: 0.1028, acc: 0.9757
Epoch 591/600
06:12:32 train - loss: 0.0795, acc: 0.9850
06:12:33 valid - loss: 0.1031, acc: 0.9756
Epoch 592/600
06:13:12 train - loss: 0.0789, acc: 0.9857
06:13:14 valid - loss: 0.1035, acc: 0.9759
Epoch 593/600
06:13:52 train - loss: 0.0824, acc: 0.9855
06:13:54 valid - loss: 0.1023, acc: 0.9750
Epoch 594/600
06:14:33 train - loss: 0.0817, acc: 0.9853
06:14:34 valid - loss: 0.1041, acc: 0.9753
Epoch 595/600
06:15:13 train - loss: 0.0803, acc: 0.9854
06:15:14 valid - loss: 0.1030, acc: 0.9755
Epoch 596/600
06:15:53 train - loss: 0.0826, acc: 0.9845
06:15:55 valid - loss: 0.1034, acc: 0.9754
Epoch 597/600
06:16:33 train - loss: 0.0829, acc: 0.9845
06:16:34 valid - loss: 0.1032, acc: 0.9760
Epoch 598/600
06:17:13 train - loss: 0.0800, acc: 0.9858
06:17:15 valid - loss: 0.1013, acc: 0.9757
Epoch 599/600
06:17:53 train - loss: 0.0811, acc: 0.9857
06:17:54 valid - loss: 0.1019, acc: 0.9754
Epoch 600/600
06:18:33 train - loss: 0.0798, acc: 0.9856
06:18:34 valid - loss: 0.1020, acc: 0.9753