09:32:35 Start training
Epoch 1/200
WARNING:tensorflow:From /usr/local/lib/python3.6/dist-packages/tensorflow/python/data/ops/multi_device_iterator_ops.py:601: get_next_as_optional (from tensorflow.python.data.ops.iterator_ops) is deprecated and will be removed in a future version.
Instructions for updating:
Use `tf.data.Iterator.get_next_as_optional()` instead.
WARNING:tensorflow:From /usr/local/lib/python3.6/dist-packages/tensorflow/python/data/ops/multi_device_iterator_ops.py:601: get_next_as_optional (from tensorflow.python.data.ops.iterator_ops) is deprecated and will be removed in a future version.
Instructions for updating:
Use `tf.data.Iterator.get_next_as_optional()` instead.
09:33:43 train - loss: 4.0273, acc: 0.0775
09:33:59 valid - loss: 3.9631, acc: 0.1042
Epoch 2/200
09:34:13 train - loss: 3.4811, acc: 0.1623
09:34:14 valid - loss: 3.5640, acc: 0.1804
Epoch 3/200
09:34:29 train - loss: 2.9983, acc: 0.2456
09:34:30 valid - loss: 3.2136, acc: 0.2371
Epoch 4/200
09:34:44 train - loss: 2.6286, acc: 0.3167
09:34:45 valid - loss: 3.4253, acc: 0.2265
Epoch 5/200
09:35:00 train - loss: 2.3660, acc: 0.3712
09:35:00 valid - loss: 2.3144, acc: 0.3908
Epoch 6/200
09:35:15 train - loss: 2.1775, acc: 0.4127
09:35:16 valid - loss: 2.1229, acc: 0.4338
Epoch 7/200
09:35:31 train - loss: 2.0368, acc: 0.4449
09:35:31 valid - loss: 2.2321, acc: 0.4142
Epoch 8/200
09:35:46 train - loss: 1.9317, acc: 0.4714
09:35:47 valid - loss: 2.0141, acc: 0.4696
Epoch 9/200
09:36:02 train - loss: 1.8611, acc: 0.4879
09:36:03 valid - loss: 2.2479, acc: 0.4261
Epoch 10/200
09:36:17 train - loss: 1.7980, acc: 0.5028
09:36:18 valid - loss: 1.7934, acc: 0.5099
Epoch 11/200
09:36:33 train - loss: 1.7497, acc: 0.5152
09:36:34 valid - loss: 1.8296, acc: 0.5028
Epoch 12/200
09:36:48 train - loss: 1.6944, acc: 0.5302
09:36:49 valid - loss: 1.9659, acc: 0.4945
Epoch 13/200
09:37:04 train - loss: 1.6511, acc: 0.5441
09:37:05 valid - loss: 1.7600, acc: 0.5262
Epoch 14/200
09:37:19 train - loss: 1.6178, acc: 0.5491
09:37:20 valid - loss: 2.1666, acc: 0.4643
Epoch 15/200
09:37:35 train - loss: 1.5853, acc: 0.5588
09:37:35 valid - loss: 2.0217, acc: 0.4983
Epoch 16/200
09:37:50 train - loss: 1.5525, acc: 0.5665
09:37:51 valid - loss: 1.5090, acc: 0.5795
Epoch 17/200
09:38:06 train - loss: 1.5257, acc: 0.5734
09:38:06 valid - loss: 1.7510, acc: 0.5379
Epoch 18/200
09:38:21 train - loss: 1.5103, acc: 0.5759
09:38:22 valid - loss: 2.0192, acc: 0.4922
Epoch 19/200
09:38:37 train - loss: 1.4882, acc: 0.5867
09:38:37 valid - loss: 1.9030, acc: 0.5169
Epoch 20/200
09:38:52 train - loss: 1.4730, acc: 0.5879
09:38:53 valid - loss: 2.2000, acc: 0.4630
Epoch 21/200
09:39:08 train - loss: 1.4541, acc: 0.5926
09:39:09 valid - loss: 1.9168, acc: 0.5061
Epoch 22/200
09:39:23 train - loss: 1.4321, acc: 0.5989
09:39:24 valid - loss: 1.5984, acc: 0.5659
Epoch 23/200
09:39:39 train - loss: 1.4293, acc: 0.5954
09:39:40 valid - loss: 1.8063, acc: 0.5394
Epoch 24/200
09:39:54 train - loss: 1.4192, acc: 0.6018
09:39:55 valid - loss: 1.5335, acc: 0.5888
Epoch 25/200
09:40:10 train - loss: 1.4024, acc: 0.6066
09:40:11 valid - loss: 1.7277, acc: 0.5501
Epoch 26/200
09:40:25 train - loss: 1.3936, acc: 0.6073
09:40:26 valid - loss: 1.5127, acc: 0.5842
Epoch 27/200
09:40:41 train - loss: 1.3879, acc: 0.6094
09:40:42 valid - loss: 1.7929, acc: 0.5420
Epoch 28/200
09:40:56 train - loss: 1.3794, acc: 0.6112
09:40:57 valid - loss: 1.6761, acc: 0.5472
Epoch 29/200
09:41:12 train - loss: 1.3750, acc: 0.6105
09:41:13 valid - loss: 1.5568, acc: 0.5884
Epoch 30/200
09:41:27 train - loss: 1.3645, acc: 0.6166
09:41:28 valid - loss: 2.0896, acc: 0.4943
Epoch 31/200
09:41:43 train - loss: 1.3505, acc: 0.6185
09:41:44 valid - loss: 1.7285, acc: 0.5538
Epoch 32/200
09:41:58 train - loss: 1.3451, acc: 0.6209
09:41:59 valid - loss: 1.6033, acc: 0.5790
Epoch 33/200
09:42:14 train - loss: 1.3352, acc: 0.6211
09:42:15 valid - loss: 1.3831, acc: 0.6181
Epoch 34/200
09:42:29 train - loss: 1.3332, acc: 0.6220
09:42:30 valid - loss: 1.6551, acc: 0.5756
Epoch 35/200
09:42:45 train - loss: 1.3225, acc: 0.6250
09:42:46 valid - loss: 1.8827, acc: 0.5300
Epoch 36/200
09:43:00 train - loss: 1.3250, acc: 0.6248
09:43:01 valid - loss: 1.5705, acc: 0.5891
Epoch 37/200
09:43:16 train - loss: 1.3156, acc: 0.6276
09:43:17 valid - loss: 1.5964, acc: 0.5742
Epoch 38/200
09:43:31 train - loss: 1.3133, acc: 0.6263
09:43:32 valid - loss: 2.0364, acc: 0.5143
Epoch 39/200
09:43:47 train - loss: 1.2997, acc: 0.6318
09:43:48 valid - loss: 1.8534, acc: 0.5535
Epoch 40/200
09:44:02 train - loss: 1.3012, acc: 0.6326
09:44:03 valid - loss: 1.6252, acc: 0.5890
Epoch 41/200
09:44:18 train - loss: 1.2998, acc: 0.6336
09:44:19 valid - loss: 1.5168, acc: 0.6026
Epoch 42/200
09:44:33 train - loss: 1.2908, acc: 0.6338
09:44:34 valid - loss: 1.4015, acc: 0.6179
Epoch 43/200
09:44:49 train - loss: 1.2864, acc: 0.6368
09:44:50 valid - loss: 1.4540, acc: 0.6022
Epoch 44/200
09:45:04 train - loss: 1.2783, acc: 0.6370
09:45:05 valid - loss: 1.4872, acc: 0.5999
Epoch 45/200
09:45:20 train - loss: 1.2824, acc: 0.6376
09:45:21 valid - loss: 1.7358, acc: 0.5517
Epoch 46/200
09:45:35 train - loss: 1.2776, acc: 0.6378
09:45:36 valid - loss: 1.5256, acc: 0.6029
Epoch 47/200
09:45:51 train - loss: 1.2682, acc: 0.6388
09:45:52 valid - loss: 1.6577, acc: 0.5750
Epoch 48/200
09:46:06 train - loss: 1.2590, acc: 0.6438
09:46:07 valid - loss: 1.4635, acc: 0.6058
Epoch 49/200
09:46:22 train - loss: 1.2589, acc: 0.6433
09:46:23 valid - loss: 1.4193, acc: 0.6109
Epoch 50/200
09:46:37 train - loss: 1.2471, acc: 0.6451
09:46:38 valid - loss: 1.3103, acc: 0.6416
Epoch 51/200
09:46:53 train - loss: 1.2416, acc: 0.6486
09:46:54 valid - loss: 1.5454, acc: 0.6042
Epoch 52/200
09:47:08 train - loss: 1.2436, acc: 0.6471
09:47:09 valid - loss: 1.7006, acc: 0.5640
Epoch 53/200
09:47:24 train - loss: 1.2362, acc: 0.6482
09:47:25 valid - loss: 1.8883, acc: 0.5278
Epoch 54/200
09:47:39 train - loss: 1.2345, acc: 0.6493
09:47:40 valid - loss: 1.5626, acc: 0.5902
Epoch 55/200
09:47:55 train - loss: 1.2340, acc: 0.6484
09:47:56 valid - loss: 1.5325, acc: 0.6121
Epoch 56/200
09:48:10 train - loss: 1.2359, acc: 0.6482
09:48:11 valid - loss: 1.3529, acc: 0.6354
Epoch 57/200
09:48:26 train - loss: 1.2163, acc: 0.6544
09:48:27 valid - loss: 1.4753, acc: 0.6106
Epoch 58/200
09:48:41 train - loss: 1.2223, acc: 0.6541
09:48:42 valid - loss: 1.4662, acc: 0.6178
Epoch 59/200
09:48:57 train - loss: 1.2091, acc: 0.6564
09:48:58 valid - loss: 1.5893, acc: 0.5825
Epoch 60/200
09:49:12 train - loss: 1.2097, acc: 0.6547
09:49:13 valid - loss: 1.6178, acc: 0.5864
Epoch 61/200
09:49:28 train - loss: 1.2059, acc: 0.6577
09:49:29 valid - loss: 1.4773, acc: 0.6082
Epoch 62/200
09:49:43 train - loss: 1.2042, acc: 0.6572
09:49:44 valid - loss: 1.6398, acc: 0.5900
Epoch 63/200
09:49:59 train - loss: 1.1967, acc: 0.6596
09:50:00 valid - loss: 1.6031, acc: 0.5882
Epoch 64/200
09:50:14 train - loss: 1.1910, acc: 0.6581
09:50:15 valid - loss: 1.4543, acc: 0.6072
Epoch 65/200
09:50:30 train - loss: 1.1773, acc: 0.6646
09:50:31 valid - loss: 1.4741, acc: 0.6181
Epoch 66/200
09:50:45 train - loss: 1.1788, acc: 0.6639
09:50:46 valid - loss: 1.4151, acc: 0.6259
Epoch 67/200
09:51:01 train - loss: 1.1817, acc: 0.6625
09:51:02 valid - loss: 1.4997, acc: 0.6160
Epoch 68/200
09:51:16 train - loss: 1.1726, acc: 0.6650
09:51:17 valid - loss: 1.5506, acc: 0.6036
Epoch 69/200
09:51:32 train - loss: 1.1623, acc: 0.6663
09:51:33 valid - loss: 1.3959, acc: 0.6267
Epoch 70/200
09:51:47 train - loss: 1.1569, acc: 0.6690
09:51:48 valid - loss: 1.3407, acc: 0.6322
Epoch 71/200
09:52:03 train - loss: 1.1524, acc: 0.6685
09:52:04 valid - loss: 1.4724, acc: 0.6164
Epoch 72/200
09:52:18 train - loss: 1.1465, acc: 0.6696
09:52:19 valid - loss: 1.5455, acc: 0.6102
Epoch 73/200
09:52:34 train - loss: 1.1314, acc: 0.6751
09:52:35 valid - loss: 1.4618, acc: 0.6038
Epoch 74/200
09:52:49 train - loss: 1.1428, acc: 0.6708
09:52:50 valid - loss: 1.3798, acc: 0.6265
Epoch 75/200
09:53:05 train - loss: 1.1338, acc: 0.6743
09:53:06 valid - loss: 1.5340, acc: 0.5983
Epoch 76/200
09:53:20 train - loss: 1.1237, acc: 0.6775
09:53:21 valid - loss: 1.4079, acc: 0.6344
Epoch 77/200
09:53:36 train - loss: 1.1343, acc: 0.6758
09:53:37 valid - loss: 1.5134, acc: 0.6011
Epoch 78/200
09:53:51 train - loss: 1.1086, acc: 0.6811
09:53:52 valid - loss: 1.5660, acc: 0.5963
Epoch 79/200
09:54:07 train - loss: 1.1133, acc: 0.6802
09:54:08 valid - loss: 1.2222, acc: 0.6584
Epoch 80/200
09:54:22 train - loss: 1.1112, acc: 0.6815
09:54:23 valid - loss: 1.3895, acc: 0.6326
Epoch 81/200
09:54:38 train - loss: 1.0963, acc: 0.6854
09:54:39 valid - loss: 1.3177, acc: 0.6490
Epoch 82/200
09:54:53 train - loss: 1.0957, acc: 0.6846
09:54:54 valid - loss: 1.2185, acc: 0.6662
Epoch 83/200
09:55:09 train - loss: 1.0993, acc: 0.6836
09:55:10 valid - loss: 1.5229, acc: 0.6110
Epoch 84/200
09:55:24 train - loss: 1.0792, acc: 0.6902
09:55:25 valid - loss: 1.4362, acc: 0.6203
Epoch 85/200
09:55:40 train - loss: 1.0820, acc: 0.6865
09:55:41 valid - loss: 1.3865, acc: 0.6360
Epoch 86/200
09:55:55 train - loss: 1.0650, acc: 0.6933
09:55:56 valid - loss: 1.3508, acc: 0.6450
Epoch 87/200
09:56:11 train - loss: 1.0545, acc: 0.6953
09:56:12 valid - loss: 1.3007, acc: 0.6547
Epoch 88/200
09:56:26 train - loss: 1.0633, acc: 0.6936
09:56:27 valid - loss: 1.3817, acc: 0.6325
Epoch 89/200
09:56:42 train - loss: 1.0544, acc: 0.6968
09:56:43 valid - loss: 1.3716, acc: 0.6422
Epoch 90/200
09:56:57 train - loss: 1.0516, acc: 0.6970
09:56:58 valid - loss: 1.3376, acc: 0.6468
Epoch 91/200
09:57:13 train - loss: 1.0320, acc: 0.7013
09:57:14 valid - loss: 1.4064, acc: 0.6394
Epoch 92/200
09:57:28 train - loss: 1.0374, acc: 0.6993
09:57:29 valid - loss: 1.3131, acc: 0.6592
Epoch 93/200
09:57:44 train - loss: 1.0236, acc: 0.7033
09:57:45 valid - loss: 1.2594, acc: 0.6534
Epoch 94/200
09:57:59 train - loss: 1.0074, acc: 0.7059
09:58:00 valid - loss: 1.3766, acc: 0.6547
Epoch 95/200
09:58:15 train - loss: 1.0145, acc: 0.7063
09:58:16 valid - loss: 1.3377, acc: 0.6569
Epoch 96/200
09:58:30 train - loss: 0.9943, acc: 0.7124
09:58:31 valid - loss: 1.3663, acc: 0.6522
Epoch 97/200
09:58:46 train - loss: 0.9887, acc: 0.7153
09:58:47 valid - loss: 1.4273, acc: 0.6376
Epoch 98/200
09:59:01 train - loss: 0.9865, acc: 0.7113
09:59:02 valid - loss: 1.2697, acc: 0.6563
Epoch 99/200
09:59:17 train - loss: 0.9768, acc: 0.7166
09:59:18 valid - loss: 1.5914, acc: 0.5953
Epoch 100/200
09:59:32 train - loss: 0.9684, acc: 0.7183
09:59:33 valid - loss: 1.2388, acc: 0.6696
Epoch 101/200
09:59:48 train - loss: 0.9565, acc: 0.7240
09:59:49 valid - loss: 1.1984, acc: 0.6793
Epoch 102/200
10:00:04 train - loss: 0.9439, acc: 0.7249
10:00:04 valid - loss: 1.2491, acc: 0.6742
Epoch 103/200
10:00:19 train - loss: 0.9443, acc: 0.7249
10:00:20 valid - loss: 1.2969, acc: 0.6698
Epoch 104/200
10:00:35 train - loss: 0.9378, acc: 0.7263
10:00:35 valid - loss: 1.2564, acc: 0.6633
Epoch 105/200
10:00:50 train - loss: 0.9231, acc: 0.7311
10:00:51 valid - loss: 1.1395, acc: 0.6848
Epoch 106/200
10:01:06 train - loss: 0.9227, acc: 0.7299
10:01:07 valid - loss: 1.2981, acc: 0.6580
Epoch 107/200
10:01:21 train - loss: 0.9090, acc: 0.7329
10:01:22 valid - loss: 1.1991, acc: 0.6691
Epoch 108/200
10:01:37 train - loss: 0.9063, acc: 0.7350
10:01:38 valid - loss: 1.1637, acc: 0.6830
Epoch 109/200
10:01:52 train - loss: 0.8890, acc: 0.7400
10:01:53 valid - loss: 1.2830, acc: 0.6640
Epoch 110/200
10:02:08 train - loss: 0.8842, acc: 0.7418
10:02:09 valid - loss: 1.3796, acc: 0.6516
Epoch 111/200
10:02:23 train - loss: 0.8859, acc: 0.7412
10:02:24 valid - loss: 1.1618, acc: 0.6859
Epoch 112/200
10:02:39 train - loss: 0.8611, acc: 0.7469
10:02:40 valid - loss: 1.1149, acc: 0.6948
Epoch 113/200
10:02:54 train - loss: 0.8492, acc: 0.7500
10:02:55 valid - loss: 1.0924, acc: 0.6989
Epoch 114/200
10:03:10 train - loss: 0.8407, acc: 0.7529
10:03:11 valid - loss: 1.0925, acc: 0.7017
Epoch 115/200
10:03:25 train - loss: 0.8367, acc: 0.7547
10:03:26 valid - loss: 1.1813, acc: 0.6898
Epoch 116/200
10:03:41 train - loss: 0.8367, acc: 0.7541
10:03:42 valid - loss: 1.2746, acc: 0.6645
Epoch 117/200
10:03:56 train - loss: 0.8278, acc: 0.7570
10:03:57 valid - loss: 1.2248, acc: 0.6802
Epoch 118/200
10:04:12 train - loss: 0.8094, acc: 0.7639
10:04:13 valid - loss: 1.0202, acc: 0.7169
Epoch 119/200
10:04:27 train - loss: 0.7891, acc: 0.7678
10:04:28 valid - loss: 1.0220, acc: 0.7168
Epoch 120/200
10:04:43 train - loss: 0.7830, acc: 0.7688
10:04:44 valid - loss: 1.1462, acc: 0.6996
Epoch 121/200
10:04:58 train - loss: 0.7717, acc: 0.7706
10:04:59 valid - loss: 1.1443, acc: 0.7015
Epoch 122/200
10:05:14 train - loss: 0.7666, acc: 0.7755
10:05:15 valid - loss: 1.1095, acc: 0.7050
Epoch 123/200
10:05:29 train - loss: 0.7602, acc: 0.7763
10:05:30 valid - loss: 1.1898, acc: 0.6869
Epoch 124/200
10:05:45 train - loss: 0.7463, acc: 0.7807
10:05:46 valid - loss: 1.1594, acc: 0.6922
Epoch 125/200
10:06:00 train - loss: 0.7348, acc: 0.7837
10:06:01 valid - loss: 1.0223, acc: 0.7236
Epoch 126/200
10:06:16 train - loss: 0.7195, acc: 0.7881
10:06:17 valid - loss: 1.0841, acc: 0.7086
Epoch 127/200
10:06:31 train - loss: 0.7145, acc: 0.7890
10:06:32 valid - loss: 1.1264, acc: 0.7095
Epoch 128/200
10:06:47 train - loss: 0.7022, acc: 0.7919
10:06:48 valid - loss: 0.9835, acc: 0.7310
Epoch 129/200
10:07:02 train - loss: 0.6929, acc: 0.7950
10:07:03 valid - loss: 1.1022, acc: 0.7173
Epoch 130/200
10:07:18 train - loss: 0.6821, acc: 0.7990
10:07:19 valid - loss: 1.0298, acc: 0.7213
Epoch 131/200
10:07:33 train - loss: 0.6708, acc: 0.8013
10:07:34 valid - loss: 0.9947, acc: 0.7310
Epoch 132/200
10:07:49 train - loss: 0.6464, acc: 0.8085
10:07:50 valid - loss: 1.0563, acc: 0.7219
Epoch 133/200
10:08:04 train - loss: 0.6501, acc: 0.8084
10:08:05 valid - loss: 0.9585, acc: 0.7448
Epoch 134/200
10:08:20 train - loss: 0.6388, acc: 0.8117
10:08:21 valid - loss: 1.0655, acc: 0.7229
Epoch 135/200
10:08:35 train - loss: 0.6195, acc: 0.8177
10:08:36 valid - loss: 1.0205, acc: 0.7350
Epoch 136/200
10:08:51 train - loss: 0.6103, acc: 0.8198
10:08:52 valid - loss: 0.9847, acc: 0.7321
Epoch 137/200
10:09:06 train - loss: 0.6029, acc: 0.8222
10:09:07 valid - loss: 1.0356, acc: 0.7193
Epoch 138/200
10:09:22 train - loss: 0.5900, acc: 0.8256
10:09:23 valid - loss: 1.0215, acc: 0.7228
Epoch 139/200
10:09:37 train - loss: 0.5814, acc: 0.8280
10:09:38 valid - loss: 0.9540, acc: 0.7414
Epoch 140/200
10:09:53 train - loss: 0.5633, acc: 0.8321
10:09:54 valid - loss: 0.9610, acc: 0.7440
Epoch 141/200
10:10:08 train - loss: 0.5474, acc: 0.8380
10:10:09 valid - loss: 0.9261, acc: 0.7521
Epoch 142/200
10:10:24 train - loss: 0.5326, acc: 0.8424
10:10:25 valid - loss: 0.9664, acc: 0.7436
Epoch 143/200
10:10:39 train - loss: 0.5286, acc: 0.8429
10:10:40 valid - loss: 0.9730, acc: 0.7437
Epoch 144/200
10:10:55 train - loss: 0.5093, acc: 0.8498
10:10:56 valid - loss: 0.9333, acc: 0.7583
Epoch 145/200
10:11:10 train - loss: 0.4944, acc: 0.8543
10:11:11 valid - loss: 0.9362, acc: 0.7543
Epoch 146/200
10:11:26 train - loss: 0.4889, acc: 0.8548
10:11:27 valid - loss: 0.9626, acc: 0.7477
Epoch 147/200
10:11:42 train - loss: 0.4676, acc: 0.8638
10:11:42 valid - loss: 0.9982, acc: 0.7366
Epoch 148/200
10:11:57 train - loss: 0.4576, acc: 0.8666
10:11:58 valid - loss: 0.9969, acc: 0.7486
Epoch 149/200
10:12:13 train - loss: 0.4421, acc: 0.8702
10:12:13 valid - loss: 0.9848, acc: 0.7506
Epoch 150/200
10:12:28 train - loss: 0.4357, acc: 0.8709
10:12:29 valid - loss: 0.8881, acc: 0.7649
Epoch 151/200
10:12:44 train - loss: 0.4248, acc: 0.8762
10:12:44 valid - loss: 0.9643, acc: 0.7509
Epoch 152/200
10:12:59 train - loss: 0.4026, acc: 0.8816
10:13:00 valid - loss: 0.9416, acc: 0.7545
Epoch 153/200
10:13:15 train - loss: 0.3911, acc: 0.8868
10:13:16 valid - loss: 0.9338, acc: 0.7621
Epoch 154/200
10:13:30 train - loss: 0.3762, acc: 0.8893
10:13:31 valid - loss: 0.8782, acc: 0.7631
Epoch 155/200
10:13:46 train - loss: 0.3660, acc: 0.8932
10:13:47 valid - loss: 0.9281, acc: 0.7689
Epoch 156/200
10:14:01 train - loss: 0.3584, acc: 0.8968
10:14:02 valid - loss: 0.8526, acc: 0.7795
Epoch 157/200
10:14:17 train - loss: 0.3414, acc: 0.9017
10:14:18 valid - loss: 0.8914, acc: 0.7675
Epoch 158/200
10:14:32 train - loss: 0.3349, acc: 0.9039
10:14:33 valid - loss: 0.8980, acc: 0.7654
Epoch 159/200
10:14:48 train - loss: 0.3116, acc: 0.9113
10:14:49 valid - loss: 0.8974, acc: 0.7701
Epoch 160/200
10:15:03 train - loss: 0.3012, acc: 0.9143
10:15:04 valid - loss: 0.8226, acc: 0.7815
Epoch 161/200
10:15:19 train - loss: 0.2980, acc: 0.9169
10:15:20 valid - loss: 0.8462, acc: 0.7796
Epoch 162/200
10:15:34 train - loss: 0.2822, acc: 0.9210
10:15:35 valid - loss: 0.8546, acc: 0.7814
Epoch 163/200
10:15:50 train - loss: 0.2730, acc: 0.9241
10:15:51 valid - loss: 0.8157, acc: 0.7862
Epoch 164/200
10:16:05 train - loss: 0.2570, acc: 0.9302
10:16:06 valid - loss: 0.8325, acc: 0.7845
Epoch 165/200
10:16:21 train - loss: 0.2417, acc: 0.9323
10:16:22 valid - loss: 0.8383, acc: 0.7858
Epoch 166/200
10:16:36 train - loss: 0.2352, acc: 0.9363
10:16:37 valid - loss: 0.8217, acc: 0.7845
Epoch 167/200
10:16:52 train - loss: 0.2223, acc: 0.9414
10:16:53 valid - loss: 0.8455, acc: 0.7842
Epoch 168/200
10:17:07 train - loss: 0.2203, acc: 0.9404
10:17:08 valid - loss: 0.7929, acc: 0.7957
Epoch 169/200
10:17:23 train - loss: 0.2058, acc: 0.9460
10:17:24 valid - loss: 0.8072, acc: 0.7971
Epoch 170/200
10:17:38 train - loss: 0.1967, acc: 0.9488
10:17:39 valid - loss: 0.7824, acc: 0.8004
Epoch 171/200
10:17:54 train - loss: 0.1860, acc: 0.9523
10:17:55 valid - loss: 0.7905, acc: 0.7949
Epoch 172/200
10:18:09 train - loss: 0.1759, acc: 0.9548
10:18:10 valid - loss: 0.7859, acc: 0.7993
Epoch 173/200
10:18:25 train - loss: 0.1696, acc: 0.9564
10:18:26 valid - loss: 0.7830, acc: 0.7957
Epoch 174/200
10:18:40 train - loss: 0.1621, acc: 0.9593
10:18:41 valid - loss: 0.7582, acc: 0.8006
Epoch 175/200
10:18:56 train - loss: 0.1554, acc: 0.9616
10:18:57 valid - loss: 0.7525, acc: 0.8054
Epoch 176/200
10:19:11 train - loss: 0.1430, acc: 0.9658
10:19:12 valid - loss: 0.7581, acc: 0.8067
Epoch 177/200
10:19:27 train - loss: 0.1427, acc: 0.9649
10:19:28 valid - loss: 0.7450, acc: 0.8080
Epoch 178/200
10:19:42 train - loss: 0.1325, acc: 0.9678
10:19:43 valid - loss: 0.7499, acc: 0.8081
Epoch 179/200
10:19:58 train - loss: 0.1278, acc: 0.9699
10:19:59 valid - loss: 0.7375, acc: 0.8093
Epoch 180/200
10:20:13 train - loss: 0.1205, acc: 0.9718
10:20:14 valid - loss: 0.7420, acc: 0.8076
Epoch 181/200
10:20:29 train - loss: 0.1155, acc: 0.9728
10:20:30 valid - loss: 0.7309, acc: 0.8097
Epoch 182/200
10:20:44 train - loss: 0.1135, acc: 0.9732
10:20:45 valid - loss: 0.7204, acc: 0.8147
Epoch 183/200
10:21:00 train - loss: 0.1078, acc: 0.9752
10:21:01 valid - loss: 0.7245, acc: 0.8110
Epoch 184/200
10:21:15 train - loss: 0.1073, acc: 0.9745
10:21:16 valid - loss: 0.7255, acc: 0.8131
Epoch 185/200
10:21:31 train - loss: 0.1007, acc: 0.9778
10:21:32 valid - loss: 0.7156, acc: 0.8141
Epoch 186/200
10:21:46 train - loss: 0.0991, acc: 0.9773
10:21:47 valid - loss: 0.7120, acc: 0.8163
Epoch 187/200
10:22:02 train - loss: 0.0912, acc: 0.9804
10:22:03 valid - loss: 0.7077, acc: 0.8172
Epoch 188/200
10:22:18 train - loss: 0.0922, acc: 0.9800
10:22:18 valid - loss: 0.7101, acc: 0.8170
Epoch 189/200
10:22:33 train - loss: 0.0917, acc: 0.9800
10:22:34 valid - loss: 0.7045, acc: 0.8161
Epoch 190/200
10:22:49 train - loss: 0.0862, acc: 0.9813
10:22:49 valid - loss: 0.7055, acc: 0.8183
Epoch 191/200
10:23:04 train - loss: 0.0892, acc: 0.9803
10:23:05 valid - loss: 0.6999, acc: 0.8199
Epoch 192/200
10:23:20 train - loss: 0.0839, acc: 0.9823
10:23:21 valid - loss: 0.7055, acc: 0.8171
Epoch 193/200
10:23:35 train - loss: 0.0838, acc: 0.9822
10:23:36 valid - loss: 0.6999, acc: 0.8171
Epoch 194/200
10:23:51 train - loss: 0.0794, acc: 0.9825
10:23:52 valid - loss: 0.6987, acc: 0.8178
Epoch 195/200
10:24:06 train - loss: 0.0820, acc: 0.9822
10:24:07 valid - loss: 0.7009, acc: 0.8186
Epoch 196/200
10:24:22 train - loss: 0.0797, acc: 0.9828
10:24:23 valid - loss: 0.6990, acc: 0.8170
Epoch 197/200
10:24:37 train - loss: 0.0795, acc: 0.9828
10:24:38 valid - loss: 0.7000, acc: 0.8173
Epoch 198/200
10:24:53 train - loss: 0.0797, acc: 0.9834
10:24:54 valid - loss: 0.7006, acc: 0.8172
Epoch 199/200
10:25:08 train - loss: 0.0799, acc: 0.9834
10:25:09 valid - loss: 0.6988, acc: 0.8195
Epoch 200/200
10:25:24 train - loss: 0.0808, acc: 0.9828
10:25:25 valid - loss: 0.7002, acc: 0.8173