11:42:53 Start training
Epoch 1/300
WARNING:tensorflow:From /usr/local/lib/python3.6/dist-packages/tensorflow/python/data/ops/multi_device_iterator_ops.py:601: get_next_as_optional (from tensorflow.python.data.ops.iterator_ops) is deprecated and will be removed in a future version.
Instructions for updating:
Use `tf.data.Iterator.get_next_as_optional()` instead.
WARNING:tensorflow:From /usr/local/lib/python3.6/dist-packages/tensorflow/python/data/ops/multi_device_iterator_ops.py:601: get_next_as_optional (from tensorflow.python.data.ops.iterator_ops) is deprecated and will be removed in a future version.
Instructions for updating:
Use `tf.data.Iterator.get_next_as_optional()` instead.
11:46:30 train - loss: 4.0341, acc: 0.0756
11:47:13 valid - loss: 3.7403, acc: 0.1173
Epoch 2/300
11:47:26 train - loss: 3.3829, acc: 0.1810
11:47:26 valid - loss: 3.1110, acc: 0.2308
Epoch 3/300
11:47:39 train - loss: 2.8183, acc: 0.2844
11:47:40 valid - loss: 2.7078, acc: 0.3117
Epoch 4/300
11:47:52 train - loss: 2.4251, acc: 0.3659
11:47:53 valid - loss: 2.4411, acc: 0.3819
Epoch 5/300
11:48:06 train - loss: 2.1587, acc: 0.4223
11:48:07 valid - loss: 2.1083, acc: 0.4481
Epoch 6/300
11:48:19 train - loss: 1.9757, acc: 0.4643
11:48:20 valid - loss: 2.1704, acc: 0.4388
Epoch 7/300
11:48:33 train - loss: 1.8386, acc: 0.4954
11:48:34 valid - loss: 1.9495, acc: 0.4839
Epoch 8/300
11:48:46 train - loss: 1.7406, acc: 0.5210
11:48:47 valid - loss: 1.8045, acc: 0.5210
Epoch 9/300
11:48:59 train - loss: 1.6679, acc: 0.5353
11:49:00 valid - loss: 1.8896, acc: 0.5170
Epoch 10/300
11:49:13 train - loss: 1.6085, acc: 0.5523
11:49:14 valid - loss: 1.7405, acc: 0.5333
Epoch 11/300
11:49:26 train - loss: 1.5622, acc: 0.5633
11:49:27 valid - loss: 1.7134, acc: 0.5453
Epoch 12/300
11:49:40 train - loss: 1.5297, acc: 0.5729
11:49:41 valid - loss: 1.6717, acc: 0.5479
Epoch 13/300
11:49:53 train - loss: 1.5030, acc: 0.5777
11:49:54 valid - loss: 1.6072, acc: 0.5661
Epoch 14/300
11:50:07 train - loss: 1.4684, acc: 0.5859
11:50:08 valid - loss: 1.5552, acc: 0.5697
Epoch 15/300
11:50:20 train - loss: 1.4393, acc: 0.5960
11:50:21 valid - loss: 1.6883, acc: 0.5592
Epoch 16/300
11:50:34 train - loss: 1.4157, acc: 0.6004
11:50:34 valid - loss: 1.5400, acc: 0.5808
Epoch 17/300
11:50:47 train - loss: 1.4024, acc: 0.6053
11:50:48 valid - loss: 1.6110, acc: 0.5709
Epoch 18/300
11:51:00 train - loss: 1.3850, acc: 0.6105
11:51:01 valid - loss: 1.5562, acc: 0.5828
Epoch 19/300
11:51:14 train - loss: 1.3678, acc: 0.6111
11:51:15 valid - loss: 1.7231, acc: 0.5566
Epoch 20/300
11:51:27 train - loss: 1.3536, acc: 0.6158
11:51:28 valid - loss: 1.4780, acc: 0.6022
Epoch 21/300
11:51:41 train - loss: 1.3406, acc: 0.6181
11:51:42 valid - loss: 1.5112, acc: 0.5918
Epoch 22/300
11:51:54 train - loss: 1.3278, acc: 0.6221
11:51:55 valid - loss: 1.5032, acc: 0.5959
Epoch 23/300
11:52:08 train - loss: 1.3227, acc: 0.6230
11:52:09 valid - loss: 1.5610, acc: 0.5795
Epoch 24/300
11:52:21 train - loss: 1.3094, acc: 0.6293
11:52:22 valid - loss: 1.5175, acc: 0.5910
Epoch 25/300
11:52:35 train - loss: 1.3012, acc: 0.6293
11:52:35 valid - loss: 1.4580, acc: 0.6007
Epoch 26/300
11:52:48 train - loss: 1.3015, acc: 0.6308
11:52:49 valid - loss: 1.5710, acc: 0.5858
Epoch 27/300
11:53:01 train - loss: 1.2915, acc: 0.6314
11:53:02 valid - loss: 1.4818, acc: 0.5997
Epoch 28/300
11:53:15 train - loss: 1.2807, acc: 0.6360
11:53:16 valid - loss: 1.5244, acc: 0.5922
Epoch 29/300
11:53:28 train - loss: 1.2720, acc: 0.6360
11:53:29 valid - loss: 1.4759, acc: 0.5995
Epoch 30/300
11:53:42 train - loss: 1.2693, acc: 0.6365
11:53:43 valid - loss: 1.4720, acc: 0.5964
Epoch 31/300
11:53:55 train - loss: 1.2540, acc: 0.6426
11:53:56 valid - loss: 1.4267, acc: 0.6192
Epoch 32/300
11:54:09 train - loss: 1.2454, acc: 0.6449
11:54:10 valid - loss: 1.5431, acc: 0.5876
Epoch 33/300
11:54:22 train - loss: 1.2449, acc: 0.6413
11:54:23 valid - loss: 1.6708, acc: 0.5687
Epoch 34/300
11:54:35 train - loss: 1.2353, acc: 0.6446
11:54:36 valid - loss: 1.5203, acc: 0.5966
Epoch 35/300
11:54:49 train - loss: 1.2387, acc: 0.6457
11:54:50 valid - loss: 1.5945, acc: 0.5909
Epoch 36/300
11:55:02 train - loss: 1.2303, acc: 0.6464
11:55:03 valid - loss: 1.7103, acc: 0.5521
Epoch 37/300
11:55:16 train - loss: 1.2302, acc: 0.6479
11:55:17 valid - loss: 1.5748, acc: 0.5998
Epoch 38/300
11:55:29 train - loss: 1.2248, acc: 0.6489
11:55:30 valid - loss: 1.4553, acc: 0.6036
Epoch 39/300
11:55:43 train - loss: 1.2166, acc: 0.6524
11:55:44 valid - loss: 1.4119, acc: 0.6169
Epoch 40/300
11:55:56 train - loss: 1.2080, acc: 0.6530
11:55:57 valid - loss: 1.3985, acc: 0.6191
Epoch 41/300
11:56:10 train - loss: 1.2019, acc: 0.6520
11:56:11 valid - loss: 1.4966, acc: 0.6005
Epoch 42/300
11:56:23 train - loss: 1.2084, acc: 0.6542
11:56:24 valid - loss: 1.4591, acc: 0.6087
Epoch 43/300
11:56:37 train - loss: 1.2029, acc: 0.6535
11:56:38 valid - loss: 1.4396, acc: 0.6159
Epoch 44/300
11:56:50 train - loss: 1.1916, acc: 0.6562
11:56:51 valid - loss: 1.4089, acc: 0.6262
Epoch 45/300
11:57:04 train - loss: 1.1857, acc: 0.6588
11:57:04 valid - loss: 1.5959, acc: 0.6011
Epoch 46/300
11:57:17 train - loss: 1.1886, acc: 0.6580
11:57:18 valid - loss: 1.4283, acc: 0.6074
Epoch 47/300
11:57:30 train - loss: 1.1808, acc: 0.6603
11:57:31 valid - loss: 1.4139, acc: 0.6144
Epoch 48/300
11:57:44 train - loss: 1.1820, acc: 0.6616
11:57:45 valid - loss: 1.3532, acc: 0.6192
Epoch 49/300
11:57:57 train - loss: 1.1742, acc: 0.6635
11:57:58 valid - loss: 1.4508, acc: 0.6151
Epoch 50/300
11:58:11 train - loss: 1.1725, acc: 0.6615
11:58:12 valid - loss: 1.4261, acc: 0.6145
Epoch 51/300
11:58:24 train - loss: 1.1773, acc: 0.6610
11:58:25 valid - loss: 1.4115, acc: 0.6239
Epoch 52/300
11:58:38 train - loss: 1.1697, acc: 0.6633
11:58:39 valid - loss: 1.5884, acc: 0.5969
Epoch 53/300
11:58:51 train - loss: 1.1569, acc: 0.6675
11:58:52 valid - loss: 1.4040, acc: 0.6207
Epoch 54/300
11:59:05 train - loss: 1.1589, acc: 0.6680
11:59:06 valid - loss: 1.4867, acc: 0.6106
Epoch 55/300
11:59:18 train - loss: 1.1564, acc: 0.6676
11:59:19 valid - loss: 1.4661, acc: 0.6089
Epoch 56/300
11:59:31 train - loss: 1.1487, acc: 0.6668
11:59:32 valid - loss: 1.4477, acc: 0.6137
Epoch 57/300
11:59:45 train - loss: 1.1427, acc: 0.6696
11:59:46 valid - loss: 1.3900, acc: 0.6341
Epoch 58/300
11:59:58 train - loss: 1.1416, acc: 0.6713
11:59:59 valid - loss: 1.4403, acc: 0.6142
Epoch 59/300
12:00:12 train - loss: 1.1421, acc: 0.6695
12:00:13 valid - loss: 1.5660, acc: 0.6019
Epoch 60/300
12:00:25 train - loss: 1.1403, acc: 0.6716
12:00:26 valid - loss: 1.4192, acc: 0.6202
Epoch 61/300
12:00:39 train - loss: 1.1349, acc: 0.6738
12:00:40 valid - loss: 1.3958, acc: 0.6280
Epoch 62/300
12:00:52 train - loss: 1.1280, acc: 0.6743
12:00:53 valid - loss: 1.4760, acc: 0.6175
Epoch 63/300
12:01:06 train - loss: 1.1238, acc: 0.6753
12:01:07 valid - loss: 1.3669, acc: 0.6303
Epoch 64/300
12:01:19 train - loss: 1.1255, acc: 0.6715
12:01:20 valid - loss: 1.4137, acc: 0.6244
Epoch 65/300
12:01:32 train - loss: 1.1226, acc: 0.6764
12:01:33 valid - loss: 1.4475, acc: 0.6203
Epoch 66/300
12:01:46 train - loss: 1.1144, acc: 0.6766
12:01:47 valid - loss: 1.4793, acc: 0.6063
Epoch 67/300
12:01:59 train - loss: 1.1109, acc: 0.6787
12:02:00 valid - loss: 1.4672, acc: 0.6176
Epoch 68/300
12:02:13 train - loss: 1.1027, acc: 0.6820
12:02:14 valid - loss: 1.4407, acc: 0.6189
Epoch 69/300
12:02:26 train - loss: 1.1026, acc: 0.6820
12:02:27 valid - loss: 1.4221, acc: 0.6230
Epoch 70/300
12:02:40 train - loss: 1.1135, acc: 0.6789
12:02:41 valid - loss: 1.4061, acc: 0.6240
Epoch 71/300
12:02:53 train - loss: 1.0960, acc: 0.6831
12:02:54 valid - loss: 1.4284, acc: 0.6233
Epoch 72/300
12:03:07 train - loss: 1.0953, acc: 0.6832
12:03:08 valid - loss: 1.6447, acc: 0.5869
Epoch 73/300
12:03:20 train - loss: 1.0951, acc: 0.6835
12:03:21 valid - loss: 1.4788, acc: 0.6179
Epoch 74/300
12:03:34 train - loss: 1.0895, acc: 0.6811
12:03:34 valid - loss: 1.5430, acc: 0.6080
Epoch 75/300
12:03:47 train - loss: 1.0865, acc: 0.6839
12:03:48 valid - loss: 1.3786, acc: 0.6339
Epoch 76/300
12:04:00 train - loss: 1.0837, acc: 0.6877
12:04:01 valid - loss: 1.3714, acc: 0.6396
Epoch 77/300
12:04:14 train - loss: 1.0878, acc: 0.6836
12:04:15 valid - loss: 1.3753, acc: 0.6282
Epoch 78/300
12:04:27 train - loss: 1.0838, acc: 0.6859
12:04:28 valid - loss: 1.4758, acc: 0.6060
Epoch 79/300
12:04:41 train - loss: 1.0731, acc: 0.6883
12:04:42 valid - loss: 1.2995, acc: 0.6433
Epoch 80/300
12:04:54 train - loss: 1.0667, acc: 0.6893
12:04:55 valid - loss: 1.4558, acc: 0.6153
Epoch 81/300
12:05:08 train - loss: 1.0701, acc: 0.6888
12:05:09 valid - loss: 1.3856, acc: 0.6314
Epoch 82/300
12:05:21 train - loss: 1.0596, acc: 0.6912
12:05:22 valid - loss: 1.4847, acc: 0.6137
Epoch 83/300
12:05:35 train - loss: 1.0629, acc: 0.6930
12:05:36 valid - loss: 1.5534, acc: 0.6066
Epoch 84/300
12:05:48 train - loss: 1.0561, acc: 0.6941
12:05:49 valid - loss: 1.5479, acc: 0.6103
Epoch 85/300
12:06:02 train - loss: 1.0643, acc: 0.6914
12:06:02 valid - loss: 1.4276, acc: 0.6338
Epoch 86/300
12:06:15 train - loss: 1.0546, acc: 0.6924
12:06:16 valid - loss: 1.4407, acc: 0.6173
Epoch 87/300
12:06:28 train - loss: 1.0471, acc: 0.6950
12:06:29 valid - loss: 1.4181, acc: 0.6239
Epoch 88/300
12:06:42 train - loss: 1.0502, acc: 0.6942
12:06:43 valid - loss: 1.3258, acc: 0.6400
Epoch 89/300
12:06:55 train - loss: 1.0348, acc: 0.6979
12:06:56 valid - loss: 1.3802, acc: 0.6286
Epoch 90/300
12:07:09 train - loss: 1.0441, acc: 0.6954
12:07:10 valid - loss: 1.3004, acc: 0.6420
Epoch 91/300
12:07:22 train - loss: 1.0305, acc: 0.7010
12:07:23 valid - loss: 1.3472, acc: 0.6420
Epoch 92/300
12:07:36 train - loss: 1.0373, acc: 0.6971
12:07:37 valid - loss: 1.4048, acc: 0.6226
Epoch 93/300
12:07:49 train - loss: 1.0215, acc: 0.7030
12:07:50 valid - loss: 1.4048, acc: 0.6317
Epoch 94/300
12:08:03 train - loss: 1.0193, acc: 0.7022
12:08:04 valid - loss: 1.4747, acc: 0.6167
Epoch 95/300
12:08:16 train - loss: 1.0245, acc: 0.6996
12:08:17 valid - loss: 1.3903, acc: 0.6372
Epoch 96/300
12:08:30 train - loss: 1.0110, acc: 0.7045
12:08:31 valid - loss: 1.3382, acc: 0.6554
Epoch 97/300
12:08:43 train - loss: 1.0119, acc: 0.7029
12:08:44 valid - loss: 1.3974, acc: 0.6365
Epoch 98/300
12:08:56 train - loss: 1.0103, acc: 0.7042
12:08:57 valid - loss: 1.3558, acc: 0.6382
Epoch 99/300
12:09:10 train - loss: 1.0021, acc: 0.7068
12:09:11 valid - loss: 1.3317, acc: 0.6405
Epoch 100/300
12:09:23 train - loss: 1.0034, acc: 0.7060
12:09:24 valid - loss: 1.4016, acc: 0.6228
Epoch 101/300
12:09:37 train - loss: 0.9967, acc: 0.7101
12:09:38 valid - loss: 1.4553, acc: 0.6259
Epoch 102/300
12:09:50 train - loss: 0.9972, acc: 0.7091
12:09:51 valid - loss: 1.3796, acc: 0.6333
Epoch 103/300
12:10:04 train - loss: 0.9863, acc: 0.7105
12:10:05 valid - loss: 1.3408, acc: 0.6507
Epoch 104/300
12:10:17 train - loss: 0.9905, acc: 0.7098
12:10:18 valid - loss: 1.3704, acc: 0.6407
Epoch 105/300
12:10:31 train - loss: 0.9805, acc: 0.7126
12:10:31 valid - loss: 1.4147, acc: 0.6432
Epoch 106/300
12:10:44 train - loss: 0.9700, acc: 0.7139
12:10:45 valid - loss: 1.4425, acc: 0.6349
Epoch 107/300
12:10:57 train - loss: 0.9685, acc: 0.7157
12:10:58 valid - loss: 1.2774, acc: 0.6606
Epoch 108/300
12:11:11 train - loss: 0.9781, acc: 0.7138
12:11:12 valid - loss: 1.3911, acc: 0.6397
Epoch 109/300
12:11:24 train - loss: 0.9645, acc: 0.7153
12:11:25 valid - loss: 1.3439, acc: 0.6491
Epoch 110/300
12:11:38 train - loss: 0.9575, acc: 0.7196
12:11:39 valid - loss: 1.3472, acc: 0.6535
Epoch 111/300
12:11:51 train - loss: 0.9583, acc: 0.7181
12:11:52 valid - loss: 1.3052, acc: 0.6531
Epoch 112/300
12:12:05 train - loss: 0.9575, acc: 0.7164
12:12:06 valid - loss: 1.3859, acc: 0.6361
Epoch 113/300
12:12:18 train - loss: 0.9496, acc: 0.7202
12:12:19 valid - loss: 1.4512, acc: 0.6342
Epoch 114/300
12:12:32 train - loss: 0.9429, acc: 0.7223
12:12:33 valid - loss: 1.3109, acc: 0.6538
Epoch 115/300
12:12:45 train - loss: 0.9324, acc: 0.7224
12:12:46 valid - loss: 1.3270, acc: 0.6436
Epoch 116/300
12:12:59 train - loss: 0.9366, acc: 0.7227
12:12:59 valid - loss: 1.4075, acc: 0.6411
Epoch 117/300
12:13:12 train - loss: 0.9298, acc: 0.7262
12:13:13 valid - loss: 1.3554, acc: 0.6432
Epoch 118/300
12:13:26 train - loss: 0.9205, acc: 0.7277
12:13:26 valid - loss: 1.3570, acc: 0.6475
Epoch 119/300
12:13:39 train - loss: 0.9267, acc: 0.7251
12:13:40 valid - loss: 1.3977, acc: 0.6345
Epoch 120/300
12:13:52 train - loss: 0.9195, acc: 0.7267
12:13:53 valid - loss: 1.2761, acc: 0.6557
Epoch 121/300
12:14:06 train - loss: 0.9143, acc: 0.7296
12:14:07 valid - loss: 1.2844, acc: 0.6722
Epoch 122/300
12:14:19 train - loss: 0.9050, acc: 0.7328
12:14:20 valid - loss: 1.3147, acc: 0.6520
Epoch 123/300
12:14:33 train - loss: 0.8998, acc: 0.7335
12:14:34 valid - loss: 1.2382, acc: 0.6731
Epoch 124/300
12:14:46 train - loss: 0.8957, acc: 0.7356
12:14:47 valid - loss: 1.2338, acc: 0.6679
Epoch 125/300
12:15:00 train - loss: 0.8975, acc: 0.7355
12:15:01 valid - loss: 1.3192, acc: 0.6591
Epoch 126/300
12:15:13 train - loss: 0.8876, acc: 0.7368
12:15:14 valid - loss: 1.3392, acc: 0.6559
Epoch 127/300
12:15:27 train - loss: 0.8948, acc: 0.7342
12:15:28 valid - loss: 1.3305, acc: 0.6536
Epoch 128/300
12:15:40 train - loss: 0.8829, acc: 0.7389
12:15:41 valid - loss: 1.2801, acc: 0.6664
Epoch 129/300
12:15:54 train - loss: 0.8716, acc: 0.7420
12:15:55 valid - loss: 1.3146, acc: 0.6634
Epoch 130/300
12:16:07 train - loss: 0.8758, acc: 0.7395
12:16:08 valid - loss: 1.2453, acc: 0.6638
Epoch 131/300
12:16:21 train - loss: 0.8659, acc: 0.7430
12:16:22 valid - loss: 1.3702, acc: 0.6527
Epoch 132/300
12:16:34 train - loss: 0.8608, acc: 0.7437
12:16:35 valid - loss: 1.2660, acc: 0.6707
Epoch 133/300
12:16:48 train - loss: 0.8625, acc: 0.7448
12:16:48 valid - loss: 1.3127, acc: 0.6564
Epoch 134/300
12:17:01 train - loss: 0.8500, acc: 0.7478
12:17:02 valid - loss: 1.3082, acc: 0.6646
Epoch 135/300
12:17:14 train - loss: 0.8522, acc: 0.7475
12:17:15 valid - loss: 1.3186, acc: 0.6545
Epoch 136/300
12:17:28 train - loss: 0.8458, acc: 0.7488
12:17:29 valid - loss: 1.2296, acc: 0.6707
Epoch 137/300
12:17:41 train - loss: 0.8395, acc: 0.7508
12:17:42 valid - loss: 1.2642, acc: 0.6700
Epoch 138/300
12:17:55 train - loss: 0.8355, acc: 0.7509
12:17:56 valid - loss: 1.2353, acc: 0.6726
Epoch 139/300
12:18:08 train - loss: 0.8327, acc: 0.7513
12:18:09 valid - loss: 1.2336, acc: 0.6771
Epoch 140/300
12:18:22 train - loss: 0.8171, acc: 0.7534
12:18:23 valid - loss: 1.3104, acc: 0.6604
Epoch 141/300
12:18:35 train - loss: 0.8162, acc: 0.7557
12:18:36 valid - loss: 1.3960, acc: 0.6557
Epoch 142/300
12:18:49 train - loss: 0.8110, acc: 0.7571
12:18:50 valid - loss: 1.2876, acc: 0.6686
Epoch 143/300
12:19:02 train - loss: 0.8060, acc: 0.7585
12:19:03 valid - loss: 1.2451, acc: 0.6785
Epoch 144/300
12:19:15 train - loss: 0.7966, acc: 0.7615
12:19:16 valid - loss: 1.2901, acc: 0.6644
Epoch 145/300
12:19:29 train - loss: 0.8028, acc: 0.7613
12:19:30 valid - loss: 1.2212, acc: 0.6703
Epoch 146/300
12:19:42 train - loss: 0.7883, acc: 0.7642
12:19:43 valid - loss: 1.2098, acc: 0.6849
Epoch 147/300
12:19:56 train - loss: 0.7900, acc: 0.7660
12:19:57 valid - loss: 1.2769, acc: 0.6648
Epoch 148/300
12:20:09 train - loss: 0.7821, acc: 0.7652
12:20:10 valid - loss: 1.1924, acc: 0.6812
Epoch 149/300
12:20:23 train - loss: 0.7671, acc: 0.7703
12:20:24 valid - loss: 1.2551, acc: 0.6766
Epoch 150/300
12:20:36 train - loss: 0.7736, acc: 0.7668
12:20:37 valid - loss: 1.1813, acc: 0.6916
Epoch 151/300
12:20:50 train - loss: 0.7629, acc: 0.7722
12:20:51 valid - loss: 1.2801, acc: 0.6708
Epoch 152/300
12:21:03 train - loss: 0.7517, acc: 0.7728
12:21:04 valid - loss: 1.2242, acc: 0.6841
Epoch 153/300
12:21:17 train - loss: 0.7546, acc: 0.7713
12:21:18 valid - loss: 1.3075, acc: 0.6714
Epoch 154/300
12:21:30 train - loss: 0.7511, acc: 0.7732
12:21:31 valid - loss: 1.2286, acc: 0.6858
Epoch 155/300
12:21:44 train - loss: 0.7459, acc: 0.7747
12:21:44 valid - loss: 1.3092, acc: 0.6663
Epoch 156/300
12:21:57 train - loss: 0.7279, acc: 0.7782
12:21:58 valid - loss: 1.2526, acc: 0.6883
Epoch 157/300
12:22:10 train - loss: 0.7300, acc: 0.7815
12:22:11 valid - loss: 1.2113, acc: 0.6852
Epoch 158/300
12:22:24 train - loss: 0.7186, acc: 0.7847
12:22:25 valid - loss: 1.2672, acc: 0.6762
Epoch 159/300
12:22:37 train - loss: 0.7129, acc: 0.7846
12:22:38 valid - loss: 1.2322, acc: 0.6802
Epoch 160/300
12:22:51 train - loss: 0.7117, acc: 0.7845
12:22:52 valid - loss: 1.2860, acc: 0.6747
Epoch 161/300
12:23:04 train - loss: 0.7038, acc: 0.7859
12:23:05 valid - loss: 1.2461, acc: 0.6792
Epoch 162/300
12:23:18 train - loss: 0.6953, acc: 0.7885
12:23:19 valid - loss: 1.2040, acc: 0.6876
Epoch 163/300
12:23:31 train - loss: 0.6887, acc: 0.7900
12:23:32 valid - loss: 1.3159, acc: 0.6613
Epoch 164/300
12:23:45 train - loss: 0.6834, acc: 0.7921
12:23:46 valid - loss: 1.3328, acc: 0.6745
Epoch 165/300
12:23:58 train - loss: 0.6766, acc: 0.7946
12:23:59 valid - loss: 1.1792, acc: 0.6942
Epoch 166/300
12:24:12 train - loss: 0.6732, acc: 0.7959
12:24:12 valid - loss: 1.2180, acc: 0.6959
Epoch 167/300
12:24:25 train - loss: 0.6633, acc: 0.7991
12:24:26 valid - loss: 1.2322, acc: 0.6830
Epoch 168/300
12:24:38 train - loss: 0.6721, acc: 0.7955
12:24:39 valid - loss: 1.1792, acc: 0.6958
Epoch 169/300
12:24:52 train - loss: 0.6491, acc: 0.8014
12:24:53 valid - loss: 1.2416, acc: 0.6855
Epoch 170/300
12:25:05 train - loss: 0.6558, acc: 0.8001
12:25:06 valid - loss: 1.2881, acc: 0.6774
Epoch 171/300
12:25:19 train - loss: 0.6339, acc: 0.8050
12:25:20 valid - loss: 1.2161, acc: 0.6904
Epoch 172/300
12:25:32 train - loss: 0.6389, acc: 0.8053
12:25:33 valid - loss: 1.2575, acc: 0.6880
Epoch 173/300
12:25:46 train - loss: 0.6287, acc: 0.8080
12:25:47 valid - loss: 1.2340, acc: 0.6967
Epoch 174/300
12:25:59 train - loss: 0.6158, acc: 0.8095
12:26:00 valid - loss: 1.2065, acc: 0.6928
Epoch 175/300
12:26:13 train - loss: 0.6120, acc: 0.8104
12:26:14 valid - loss: 1.3042, acc: 0.6789
Epoch 176/300
12:26:26 train - loss: 0.6061, acc: 0.8151
12:26:27 valid - loss: 1.2558, acc: 0.6843
Epoch 177/300
12:26:40 train - loss: 0.5979, acc: 0.8169
12:26:40 valid - loss: 1.3052, acc: 0.6781
Epoch 178/300
12:26:53 train - loss: 0.5973, acc: 0.8177
12:26:54 valid - loss: 1.1606, acc: 0.7016
Epoch 179/300
12:27:06 train - loss: 0.5880, acc: 0.8197
12:27:07 valid - loss: 1.2177, acc: 0.6900
Epoch 180/300
12:27:20 train - loss: 0.5747, acc: 0.8234
12:27:21 valid - loss: 1.2212, acc: 0.7002
Epoch 181/300
12:27:33 train - loss: 0.5650, acc: 0.8265
12:27:34 valid - loss: 1.2205, acc: 0.6919
Epoch 182/300
12:27:47 train - loss: 0.5676, acc: 0.8258
12:27:48 valid - loss: 1.2623, acc: 0.6853
Epoch 183/300
12:28:00 train - loss: 0.5596, acc: 0.8267
12:28:01 valid - loss: 1.2050, acc: 0.7037
Epoch 184/300
12:28:14 train - loss: 0.5551, acc: 0.8274
12:28:15 valid - loss: 1.2951, acc: 0.6884
Epoch 185/300
12:28:27 train - loss: 0.5452, acc: 0.8313
12:28:28 valid - loss: 1.3033, acc: 0.6882
Epoch 186/300
12:28:41 train - loss: 0.5380, acc: 0.8318
12:28:42 valid - loss: 1.1997, acc: 0.7072
Epoch 187/300
12:28:54 train - loss: 0.5335, acc: 0.8334
12:28:55 valid - loss: 1.3133, acc: 0.6888
Epoch 188/300
12:29:08 train - loss: 0.5266, acc: 0.8361
12:29:09 valid - loss: 1.2509, acc: 0.6896
Epoch 189/300
12:29:21 train - loss: 0.5186, acc: 0.8404
12:29:22 valid - loss: 1.1607, acc: 0.7133
Epoch 190/300
12:29:35 train - loss: 0.5106, acc: 0.8411
12:29:35 valid - loss: 1.2166, acc: 0.7056
Epoch 191/300
12:29:48 train - loss: 0.5061, acc: 0.8434
12:29:49 valid - loss: 1.2655, acc: 0.6987
Epoch 192/300
12:30:02 train - loss: 0.4981, acc: 0.8449
12:30:02 valid - loss: 1.2438, acc: 0.6964
Epoch 193/300
12:30:15 train - loss: 0.4781, acc: 0.8511
12:30:16 valid - loss: 1.1480, acc: 0.7194
Epoch 194/300
12:30:28 train - loss: 0.4826, acc: 0.8488
12:30:29 valid - loss: 1.2778, acc: 0.6946
Epoch 195/300
12:30:42 train - loss: 0.4717, acc: 0.8516
12:30:43 valid - loss: 1.1745, acc: 0.7089
Epoch 196/300
12:30:55 train - loss: 0.4646, acc: 0.8538
12:30:56 valid - loss: 1.1884, acc: 0.7074
Epoch 197/300
12:31:09 train - loss: 0.4525, acc: 0.8588
12:31:10 valid - loss: 1.2022, acc: 0.7106
Epoch 198/300
12:31:22 train - loss: 0.4585, acc: 0.8582
12:31:23 valid - loss: 1.2694, acc: 0.6946
Epoch 199/300
12:31:36 train - loss: 0.4430, acc: 0.8610
12:31:37 valid - loss: 1.1772, acc: 0.7134
Epoch 200/300
12:31:49 train - loss: 0.4356, acc: 0.8637
12:31:50 valid - loss: 1.2089, acc: 0.7126
Epoch 201/300
12:32:03 train - loss: 0.4300, acc: 0.8642
12:32:04 valid - loss: 1.1949, acc: 0.7180
Epoch 202/300
12:32:16 train - loss: 0.4233, acc: 0.8671
12:32:17 valid - loss: 1.2132, acc: 0.7136
Epoch 203/300
12:32:30 train - loss: 0.4058, acc: 0.8731
12:32:31 valid - loss: 1.1638, acc: 0.7216
Epoch 204/300
12:32:43 train - loss: 0.4069, acc: 0.8726
12:32:44 valid - loss: 1.2132, acc: 0.7136
Epoch 205/300
12:32:57 train - loss: 0.3984, acc: 0.8762
12:32:58 valid - loss: 1.2161, acc: 0.7101
Epoch 206/300
12:33:10 train - loss: 0.3964, acc: 0.8751
12:33:11 valid - loss: 1.2463, acc: 0.7067
Epoch 207/300
12:33:24 train - loss: 0.3871, acc: 0.8779
12:33:25 valid - loss: 1.2388, acc: 0.7093
Epoch 208/300
12:33:37 train - loss: 0.3707, acc: 0.8841
12:33:38 valid - loss: 1.1655, acc: 0.7237
Epoch 209/300
12:33:51 train - loss: 0.3642, acc: 0.8851
12:33:51 valid - loss: 1.2310, acc: 0.7210
Epoch 210/300
12:34:04 train - loss: 0.3631, acc: 0.8859
12:34:05 valid - loss: 1.1993, acc: 0.7129
Epoch 211/300
12:34:18 train - loss: 0.3564, acc: 0.8879
12:34:19 valid - loss: 1.2253, acc: 0.7154
Epoch 212/300
12:34:31 train - loss: 0.3481, acc: 0.8905
12:34:32 valid - loss: 1.2630, acc: 0.7082
Epoch 213/300
12:34:44 train - loss: 0.3380, acc: 0.8936
12:34:45 valid - loss: 1.2118, acc: 0.7209
Epoch 214/300
12:34:58 train - loss: 0.3259, acc: 0.8977
12:34:59 valid - loss: 1.2024, acc: 0.7237
Epoch 215/300
12:35:11 train - loss: 0.3231, acc: 0.8986
12:35:12 valid - loss: 1.2510, acc: 0.7190
Epoch 216/300
12:35:25 train - loss: 0.3155, acc: 0.9011
12:35:26 valid - loss: 1.1745, acc: 0.7215
Epoch 217/300
12:35:38 train - loss: 0.3055, acc: 0.9049
12:35:39 valid - loss: 1.2486, acc: 0.7163
Epoch 218/300
12:35:52 train - loss: 0.3002, acc: 0.9054
12:35:53 valid - loss: 1.1597, acc: 0.7286
Epoch 219/300
12:36:05 train - loss: 0.2900, acc: 0.9092
12:36:06 valid - loss: 1.2190, acc: 0.7256
Epoch 220/300
12:36:19 train - loss: 0.2817, acc: 0.9109
12:36:20 valid - loss: 1.2495, acc: 0.7240
Epoch 221/300
12:36:32 train - loss: 0.2731, acc: 0.9156
12:36:33 valid - loss: 1.1976, acc: 0.7269
Epoch 222/300
12:36:46 train - loss: 0.2669, acc: 0.9168
12:36:47 valid - loss: 1.1591, acc: 0.7359
Epoch 223/300
12:36:59 train - loss: 0.2578, acc: 0.9188
12:37:00 valid - loss: 1.1912, acc: 0.7305
Epoch 224/300
12:37:13 train - loss: 0.2467, acc: 0.9226
12:37:14 valid - loss: 1.2078, acc: 0.7308
Epoch 225/300
12:37:26 train - loss: 0.2431, acc: 0.9236
12:37:27 valid - loss: 1.2614, acc: 0.7217
Epoch 226/300
12:37:40 train - loss: 0.2362, acc: 0.9234
12:37:40 valid - loss: 1.2476, acc: 0.7279
Epoch 227/300
12:37:53 train - loss: 0.2239, acc: 0.9305
12:37:54 valid - loss: 1.2047, acc: 0.7339
Epoch 228/300
12:38:06 train - loss: 0.2158, acc: 0.9330
12:38:07 valid - loss: 1.1533, acc: 0.7346
Epoch 229/300
12:38:20 train - loss: 0.2179, acc: 0.9327
12:38:21 valid - loss: 1.1790, acc: 0.7395
Epoch 230/300
12:38:33 train - loss: 0.1983, acc: 0.9380
12:38:34 valid - loss: 1.2398, acc: 0.7331
Epoch 231/300
12:38:47 train - loss: 0.2017, acc: 0.9376
12:38:48 valid - loss: 1.1945, acc: 0.7350
Epoch 232/300
12:39:00 train - loss: 0.1899, acc: 0.9413
12:39:01 valid - loss: 1.3092, acc: 0.7311
Epoch 233/300
12:39:14 train - loss: 0.1864, acc: 0.9418
12:39:15 valid - loss: 1.1511, acc: 0.7470
Epoch 234/300
12:39:27 train - loss: 0.1810, acc: 0.9438
12:39:28 valid - loss: 1.1832, acc: 0.7462
Epoch 235/300
12:39:41 train - loss: 0.1712, acc: 0.9483
12:39:42 valid - loss: 1.2028, acc: 0.7435
Epoch 236/300
12:39:54 train - loss: 0.1557, acc: 0.9522
12:39:55 valid - loss: 1.1879, acc: 0.7434
Epoch 237/300
12:40:08 train - loss: 0.1479, acc: 0.9553
12:40:09 valid - loss: 1.2412, acc: 0.7403
Epoch 238/300
12:40:21 train - loss: 0.1497, acc: 0.9546
12:40:22 valid - loss: 1.2415, acc: 0.7371
Epoch 239/300
12:40:35 train - loss: 0.1419, acc: 0.9574
12:40:35 valid - loss: 1.2064, acc: 0.7436
Epoch 240/300
12:40:48 train - loss: 0.1335, acc: 0.9606
12:40:49 valid - loss: 1.1844, acc: 0.7455
Epoch 241/300
12:41:01 train - loss: 0.1245, acc: 0.9635
12:41:02 valid - loss: 1.2074, acc: 0.7466
Epoch 242/300
12:41:15 train - loss: 0.1222, acc: 0.9636
12:41:16 valid - loss: 1.2891, acc: 0.7400
Epoch 243/300
12:41:28 train - loss: 0.1122, acc: 0.9673
12:41:29 valid - loss: 1.1627, acc: 0.7479
Epoch 244/300
12:41:42 train - loss: 0.1068, acc: 0.9691
12:41:43 valid - loss: 1.1951, acc: 0.7525
Epoch 245/300
12:41:55 train - loss: 0.1034, acc: 0.9706
12:41:56 valid - loss: 1.2054, acc: 0.7461
Epoch 246/300
12:42:09 train - loss: 0.0922, acc: 0.9739
12:42:10 valid - loss: 1.1911, acc: 0.7533
Epoch 247/300
12:42:22 train - loss: 0.0896, acc: 0.9756
12:42:23 valid - loss: 1.1717, acc: 0.7546
Epoch 248/300
12:42:36 train - loss: 0.0801, acc: 0.9777
12:42:37 valid - loss: 1.1743, acc: 0.7585
Epoch 249/300
12:42:49 train - loss: 0.0730, acc: 0.9807
12:42:50 valid - loss: 1.1706, acc: 0.7587
Epoch 250/300
12:43:03 train - loss: 0.0656, acc: 0.9833
12:43:04 valid - loss: 1.1322, acc: 0.7660
Epoch 251/300
12:43:16 train - loss: 0.0634, acc: 0.9835
12:43:17 valid - loss: 1.1615, acc: 0.7597
Epoch 252/300
12:43:30 train - loss: 0.0610, acc: 0.9840
12:43:30 valid - loss: 1.1719, acc: 0.7616
Epoch 253/300
12:43:43 train - loss: 0.0549, acc: 0.9864
12:43:44 valid - loss: 1.1824, acc: 0.7585
Epoch 254/300
12:43:56 train - loss: 0.0539, acc: 0.9864
12:43:57 valid - loss: 1.1566, acc: 0.7570
Epoch 255/300
12:44:10 train - loss: 0.0495, acc: 0.9881
12:44:11 valid - loss: 1.1600, acc: 0.7645
Epoch 256/300
12:44:23 train - loss: 0.0461, acc: 0.9889
12:44:24 valid - loss: 1.1478, acc: 0.7627
Epoch 257/300
12:44:37 train - loss: 0.0396, acc: 0.9908
12:44:38 valid - loss: 1.1304, acc: 0.7711
Epoch 258/300
12:44:50 train - loss: 0.0372, acc: 0.9918
12:44:51 valid - loss: 1.1603, acc: 0.7674
Epoch 259/300
12:45:04 train - loss: 0.0339, acc: 0.9928
12:45:05 valid - loss: 1.1387, acc: 0.7743
Epoch 260/300
12:45:17 train - loss: 0.0311, acc: 0.9937
12:45:18 valid - loss: 1.1229, acc: 0.7734
Epoch 261/300
12:45:31 train - loss: 0.0298, acc: 0.9944
12:45:32 valid - loss: 1.1120, acc: 0.7734
Epoch 262/300
12:45:44 train - loss: 0.0266, acc: 0.9951
12:45:45 valid - loss: 1.1119, acc: 0.7748
Epoch 263/300
12:45:58 train - loss: 0.0246, acc: 0.9956
12:45:59 valid - loss: 1.1214, acc: 0.7781
Epoch 264/300
12:46:11 train - loss: 0.0223, acc: 0.9960
12:46:12 valid - loss: 1.1172, acc: 0.7775
Epoch 265/300
12:46:25 train - loss: 0.0219, acc: 0.9960
12:46:26 valid - loss: 1.1290, acc: 0.7711
Epoch 266/300
12:46:38 train - loss: 0.0202, acc: 0.9966
12:46:39 valid - loss: 1.1202, acc: 0.7771
Epoch 267/300
12:46:51 train - loss: 0.0200, acc: 0.9963
12:46:52 valid - loss: 1.1158, acc: 0.7775
Epoch 268/300
12:47:05 train - loss: 0.0177, acc: 0.9973
12:47:06 valid - loss: 1.1083, acc: 0.7778
Epoch 269/300
12:47:18 train - loss: 0.0165, acc: 0.9972
12:47:19 valid - loss: 1.1097, acc: 0.7834
Epoch 270/300
12:47:32 train - loss: 0.0157, acc: 0.9977
12:47:33 valid - loss: 1.1039, acc: 0.7839
Epoch 271/300
12:47:45 train - loss: 0.0158, acc: 0.9977
12:47:46 valid - loss: 1.1097, acc: 0.7804
Epoch 272/300
12:47:59 train - loss: 0.0138, acc: 0.9982
12:48:00 valid - loss: 1.1117, acc: 0.7809
Epoch 273/300
12:48:12 train - loss: 0.0149, acc: 0.9976
12:48:13 valid - loss: 1.1065, acc: 0.7796
Epoch 274/300
12:48:26 train - loss: 0.0137, acc: 0.9979
12:48:27 valid - loss: 1.0916, acc: 0.7812
Epoch 275/300
12:48:39 train - loss: 0.0122, acc: 0.9986
12:48:40 valid - loss: 1.1136, acc: 0.7794
Epoch 276/300
12:48:53 train - loss: 0.0118, acc: 0.9986
12:48:53 valid - loss: 1.0899, acc: 0.7815
Epoch 277/300
12:49:06 train - loss: 0.0120, acc: 0.9985
12:49:07 valid - loss: 1.0950, acc: 0.7810
Epoch 278/300
12:49:19 train - loss: 0.0122, acc: 0.9985
12:49:20 valid - loss: 1.0955, acc: 0.7823
Epoch 279/300
12:49:33 train - loss: 0.0113, acc: 0.9987
12:49:34 valid - loss: 1.1055, acc: 0.7821
Epoch 280/300
12:49:46 train - loss: 0.0111, acc: 0.9987
12:49:47 valid - loss: 1.1053, acc: 0.7825
Epoch 281/300
12:50:00 train - loss: 0.0102, acc: 0.9989
12:50:01 valid - loss: 1.1010, acc: 0.7833
Epoch 282/300
12:50:13 train - loss: 0.0108, acc: 0.9986
12:50:14 valid - loss: 1.0918, acc: 0.7833
Epoch 283/300
12:50:27 train - loss: 0.0097, acc: 0.9988
12:50:28 valid - loss: 1.0944, acc: 0.7840
Epoch 284/300
12:50:40 train - loss: 0.0094, acc: 0.9990
12:50:41 valid - loss: 1.0966, acc: 0.7850
Epoch 285/300
12:50:54 train - loss: 0.0099, acc: 0.9988
12:50:55 valid - loss: 1.0925, acc: 0.7843
Epoch 286/300
12:51:07 train - loss: 0.0097, acc: 0.9988
12:51:08 valid - loss: 1.0904, acc: 0.7873
Epoch 287/300
12:51:21 train - loss: 0.0095, acc: 0.9990
12:51:22 valid - loss: 1.0954, acc: 0.7840
Epoch 288/300
12:51:34 train - loss: 0.0093, acc: 0.9990
12:51:35 valid - loss: 1.0896, acc: 0.7835
Epoch 289/300
12:51:48 train - loss: 0.0092, acc: 0.9991
12:51:49 valid - loss: 1.0949, acc: 0.7845
Epoch 290/300
12:52:01 train - loss: 0.0085, acc: 0.9993
12:52:02 valid - loss: 1.0908, acc: 0.7860
Epoch 291/300
12:52:15 train - loss: 0.0084, acc: 0.9993
12:52:16 valid - loss: 1.0844, acc: 0.7855
Epoch 292/300
12:52:28 train - loss: 0.0087, acc: 0.9991
12:52:29 valid - loss: 1.0927, acc: 0.7837
Epoch 293/300
12:52:42 train - loss: 0.0087, acc: 0.9991
12:52:43 valid - loss: 1.0989, acc: 0.7842
Epoch 294/300
12:52:55 train - loss: 0.0086, acc: 0.9991
12:52:56 valid - loss: 1.0914, acc: 0.7856
Epoch 295/300
12:53:09 train - loss: 0.0090, acc: 0.9990
12:53:10 valid - loss: 1.0852, acc: 0.7844
Epoch 296/300
12:53:22 train - loss: 0.0088, acc: 0.9991
12:53:23 valid - loss: 1.0901, acc: 0.7856
Epoch 297/300
12:53:36 train - loss: 0.0084, acc: 0.9991
12:53:36 valid - loss: 1.0969, acc: 0.7856
Epoch 298/300
12:53:49 train - loss: 0.0088, acc: 0.9991
12:53:50 valid - loss: 1.0949, acc: 0.7861
Epoch 299/300
12:54:02 train - loss: 0.0087, acc: 0.9991
12:54:03 valid - loss: 1.0935, acc: 0.7863
Epoch 300/300
12:54:16 train - loss: 0.0087, acc: 0.9990
12:54:17 valid - loss: 1.0841, acc: 0.7876