15:11:50 Start training
Epoch 1/300
WARNING:tensorflow:From /usr/local/lib/python3.6/dist-packages/tensorflow/python/data/ops/multi_device_iterator_ops.py:601: get_next_as_optional (from tensorflow.python.data.ops.iterator_ops) is deprecated and will be removed in a future version.
Instructions for updating:
Use `tf.data.Iterator.get_next_as_optional()` instead.
WARNING:tensorflow:From /usr/local/lib/python3.6/dist-packages/tensorflow/python/data/ops/multi_device_iterator_ops.py:601: get_next_as_optional (from tensorflow.python.data.ops.iterator_ops) is deprecated and will be removed in a future version.
Instructions for updating:
Use `tf.data.Iterator.get_next_as_optional()` instead.
15:15:44 train - loss: 4.0958, acc: 0.0762
15:16:32 valid - loss: 3.8877, acc: 0.1045
Epoch 2/300
15:16:41 train - loss: 3.3931, acc: 0.1693
15:16:42 valid - loss: 3.5371, acc: 0.1687
Epoch 3/300
15:16:51 train - loss: 2.8553, acc: 0.2657
15:16:52 valid - loss: 3.1840, acc: 0.2405
Epoch 4/300
15:17:01 train - loss: 2.4521, acc: 0.3469
15:17:02 valid - loss: 2.9947, acc: 0.2848
Epoch 5/300
15:17:11 train - loss: 2.1517, acc: 0.4137
15:17:12 valid - loss: 2.2791, acc: 0.3913
Epoch 6/300
15:17:21 train - loss: 1.9463, acc: 0.4646
15:17:22 valid - loss: 2.1385, acc: 0.4275
Epoch 7/300
15:17:31 train - loss: 1.7852, acc: 0.5002
15:17:32 valid - loss: 1.8447, acc: 0.4915
Epoch 8/300
15:17:41 train - loss: 1.6652, acc: 0.5319
15:17:42 valid - loss: 1.8358, acc: 0.4948
Epoch 9/300
15:17:51 train - loss: 1.5680, acc: 0.5564
15:17:52 valid - loss: 1.7106, acc: 0.5269
Epoch 10/300
15:18:01 train - loss: 1.4756, acc: 0.5762
15:18:02 valid - loss: 1.7505, acc: 0.5227
Epoch 11/300
15:18:11 train - loss: 1.3846, acc: 0.6019
15:18:12 valid - loss: 1.6715, acc: 0.5362
Epoch 12/300
15:18:21 train - loss: 1.3083, acc: 0.6208
15:18:22 valid - loss: 1.5451, acc: 0.5805
Epoch 13/300
15:18:31 train - loss: 1.2319, acc: 0.6434
15:18:32 valid - loss: 1.6435, acc: 0.5599
Epoch 14/300
15:18:41 train - loss: 1.1704, acc: 0.6570
15:18:42 valid - loss: 1.5103, acc: 0.5826
Epoch 15/300
15:18:52 train - loss: 1.1080, acc: 0.6717
15:18:52 valid - loss: 1.4120, acc: 0.6088
Epoch 16/300
15:19:02 train - loss: 1.0573, acc: 0.6865
15:19:02 valid - loss: 1.4063, acc: 0.6094
Epoch 17/300
15:19:12 train - loss: 1.0106, acc: 0.6980
15:19:13 valid - loss: 1.3879, acc: 0.6164
Epoch 18/300
15:19:22 train - loss: 0.9799, acc: 0.7105
15:19:23 valid - loss: 1.3816, acc: 0.6154
Epoch 19/300
15:19:32 train - loss: 0.9346, acc: 0.7198
15:19:33 valid - loss: 1.3553, acc: 0.6325
Epoch 20/300
15:19:42 train - loss: 0.9033, acc: 0.7305
15:19:43 valid - loss: 1.4794, acc: 0.6116
Epoch 21/300
15:19:52 train - loss: 0.8722, acc: 0.7364
15:19:53 valid - loss: 1.3228, acc: 0.6412
Epoch 22/300
15:20:02 train - loss: 0.8284, acc: 0.7495
15:20:03 valid - loss: 1.3446, acc: 0.6392
Epoch 23/300
15:20:12 train - loss: 0.8126, acc: 0.7520
15:20:13 valid - loss: 1.3348, acc: 0.6425
Epoch 24/300
15:20:22 train - loss: 0.7893, acc: 0.7583
15:20:23 valid - loss: 1.3893, acc: 0.6372
Epoch 25/300
15:20:32 train - loss: 0.7691, acc: 0.7641
15:20:33 valid - loss: 1.4410, acc: 0.6242
Epoch 26/300
15:20:42 train - loss: 0.7434, acc: 0.7715
15:20:43 valid - loss: 1.3800, acc: 0.6400
Epoch 27/300
15:20:53 train - loss: 0.7212, acc: 0.7778
15:20:53 valid - loss: 1.4781, acc: 0.6295
Epoch 28/300
15:21:03 train - loss: 0.7043, acc: 0.7820
15:21:04 valid - loss: 1.5969, acc: 0.6158
Epoch 29/300
15:21:13 train - loss: 0.6925, acc: 0.7844
15:21:14 valid - loss: 1.4397, acc: 0.6476
Epoch 30/300
15:21:23 train - loss: 0.6679, acc: 0.7939
15:21:24 valid - loss: 1.3912, acc: 0.6462
Epoch 31/300
15:21:33 train - loss: 0.6508, acc: 0.7966
15:21:34 valid - loss: 1.4746, acc: 0.6330
Epoch 32/300
15:21:43 train - loss: 0.6352, acc: 0.8017
15:21:44 valid - loss: 1.4888, acc: 0.6309
Epoch 33/300
15:21:53 train - loss: 0.6131, acc: 0.8069
15:21:54 valid - loss: 1.3282, acc: 0.6699
Epoch 34/300
15:22:03 train - loss: 0.6066, acc: 0.8102
15:22:04 valid - loss: 1.4474, acc: 0.6502
Epoch 35/300
15:22:13 train - loss: 0.6095, acc: 0.8085
15:22:14 valid - loss: 1.3583, acc: 0.6622
Epoch 36/300
15:22:23 train - loss: 0.5770, acc: 0.8209
15:22:24 valid - loss: 1.4262, acc: 0.6520
Epoch 37/300
15:22:33 train - loss: 0.5684, acc: 0.8218
15:22:34 valid - loss: 1.3605, acc: 0.6604
Epoch 38/300
15:22:43 train - loss: 0.5627, acc: 0.8213
15:22:44 valid - loss: 1.4610, acc: 0.6495
Epoch 39/300
15:22:54 train - loss: 0.5382, acc: 0.8299
15:22:55 valid - loss: 1.4541, acc: 0.6496
Epoch 40/300
15:23:04 train - loss: 0.5385, acc: 0.8303
15:23:05 valid - loss: 1.4762, acc: 0.6494
Epoch 41/300
15:23:14 train - loss: 0.5366, acc: 0.8296
15:23:15 valid - loss: 1.4648, acc: 0.6518
Epoch 42/300
15:23:24 train - loss: 0.5250, acc: 0.8335
15:23:25 valid - loss: 1.4177, acc: 0.6628
Epoch 43/300
15:23:34 train - loss: 0.5149, acc: 0.8372
15:23:35 valid - loss: 1.3979, acc: 0.6702
Epoch 44/300
15:23:44 train - loss: 0.4982, acc: 0.8407
15:23:45 valid - loss: 1.3957, acc: 0.6680
Epoch 45/300
15:23:54 train - loss: 0.4848, acc: 0.8457
15:23:55 valid - loss: 1.5119, acc: 0.6470
Epoch 46/300
15:24:04 train - loss: 0.4768, acc: 0.8464
15:24:05 valid - loss: 1.4627, acc: 0.6511
Epoch 47/300
15:24:14 train - loss: 0.4675, acc: 0.8519
15:24:15 valid - loss: 1.4974, acc: 0.6413
Epoch 48/300
15:24:24 train - loss: 0.4637, acc: 0.8528
15:24:25 valid - loss: 1.4529, acc: 0.6542
Epoch 49/300
15:24:35 train - loss: 0.4619, acc: 0.8538
15:24:35 valid - loss: 1.4077, acc: 0.6680
Epoch 50/300
15:24:45 train - loss: 0.4413, acc: 0.8585
15:24:46 valid - loss: 1.5485, acc: 0.6524
Epoch 51/300
15:24:55 train - loss: 0.4553, acc: 0.8539
15:24:56 valid - loss: 1.5982, acc: 0.6374
Epoch 52/300
15:25:05 train - loss: 0.4357, acc: 0.8610
15:25:06 valid - loss: 1.5185, acc: 0.6583
Epoch 53/300
15:25:15 train - loss: 0.4338, acc: 0.8603
15:25:16 valid - loss: 1.4763, acc: 0.6572
Epoch 54/300
15:25:25 train - loss: 0.4320, acc: 0.8616
15:25:26 valid - loss: 1.5620, acc: 0.6494
Epoch 55/300
15:25:35 train - loss: 0.4336, acc: 0.8598
15:25:36 valid - loss: 1.5208, acc: 0.6507
Epoch 56/300
15:25:45 train - loss: 0.4148, acc: 0.8679
15:25:46 valid - loss: 1.5418, acc: 0.6581
Epoch 57/300
15:25:55 train - loss: 0.4026, acc: 0.8692
15:25:56 valid - loss: 1.4404, acc: 0.6708
Epoch 58/300
15:26:05 train - loss: 0.3996, acc: 0.8736
15:26:06 valid - loss: 1.4629, acc: 0.6639
Epoch 59/300
15:26:15 train - loss: 0.3967, acc: 0.8727
15:26:16 valid - loss: 1.4319, acc: 0.6755
Epoch 60/300
15:26:26 train - loss: 0.3877, acc: 0.8745
15:26:26 valid - loss: 1.4033, acc: 0.6635
Epoch 61/300
15:26:36 train - loss: 0.3847, acc: 0.8756
15:26:37 valid - loss: 1.4591, acc: 0.6583
Epoch 62/300
15:26:46 train - loss: 0.3939, acc: 0.8735
15:26:47 valid - loss: 1.3647, acc: 0.6868
Epoch 63/300
15:26:56 train - loss: 0.3810, acc: 0.8770
15:26:57 valid - loss: 1.5343, acc: 0.6582
Epoch 64/300
15:27:06 train - loss: 0.3837, acc: 0.8778
15:27:07 valid - loss: 1.5261, acc: 0.6618
Epoch 65/300
15:27:16 train - loss: 0.3735, acc: 0.8805
15:27:17 valid - loss: 1.5263, acc: 0.6620
Epoch 66/300
15:27:26 train - loss: 0.3654, acc: 0.8833
15:27:27 valid - loss: 1.4948, acc: 0.6660
Epoch 67/300
15:27:36 train - loss: 0.3517, acc: 0.8857
15:27:37 valid - loss: 1.7223, acc: 0.6437
Epoch 68/300
15:27:46 train - loss: 0.3570, acc: 0.8854
15:27:47 valid - loss: 1.5887, acc: 0.6572
Epoch 69/300
15:27:56 train - loss: 0.3576, acc: 0.8860
15:27:57 valid - loss: 1.5311, acc: 0.6652
Epoch 70/300
15:28:07 train - loss: 0.3540, acc: 0.8855
15:28:07 valid - loss: 1.4386, acc: 0.6797
Epoch 71/300
15:28:17 train - loss: 0.3411, acc: 0.8901
15:28:18 valid - loss: 1.5919, acc: 0.6600
Epoch 72/300
15:28:27 train - loss: 0.3467, acc: 0.8886
15:28:28 valid - loss: 1.5011, acc: 0.6682
Epoch 73/300
15:28:37 train - loss: 0.3330, acc: 0.8930
15:28:38 valid - loss: 1.5369, acc: 0.6537
Epoch 74/300
15:28:47 train - loss: 0.3322, acc: 0.8931
15:28:48 valid - loss: 1.3631, acc: 0.6860
Epoch 75/300
15:28:57 train - loss: 0.3343, acc: 0.8922
15:28:58 valid - loss: 1.4885, acc: 0.6727
Epoch 76/300
15:29:07 train - loss: 0.3319, acc: 0.8937
15:29:08 valid - loss: 1.5122, acc: 0.6716
Epoch 77/300
15:29:17 train - loss: 0.3242, acc: 0.8962
15:29:18 valid - loss: 1.4510, acc: 0.6727
Epoch 78/300
15:29:27 train - loss: 0.3162, acc: 0.8991
15:29:28 valid - loss: 1.4438, acc: 0.6689
Epoch 79/300
15:29:38 train - loss: 0.3105, acc: 0.8983
15:29:38 valid - loss: 1.5268, acc: 0.6701
Epoch 80/300
15:29:48 train - loss: 0.3203, acc: 0.8959
15:29:48 valid - loss: 1.5179, acc: 0.6667
Epoch 81/300
15:29:58 train - loss: 0.3211, acc: 0.8959
15:29:59 valid - loss: 1.5252, acc: 0.6662
Epoch 82/300
15:30:08 train - loss: 0.3049, acc: 0.9040
15:30:09 valid - loss: 1.5293, acc: 0.6787
Epoch 83/300
15:30:18 train - loss: 0.3135, acc: 0.8992
15:30:19 valid - loss: 1.5663, acc: 0.6626
Epoch 84/300
15:30:28 train - loss: 0.3000, acc: 0.9040
15:30:29 valid - loss: 1.4864, acc: 0.6770
Epoch 85/300
15:30:38 train - loss: 0.2964, acc: 0.9055
15:30:39 valid - loss: 1.4608, acc: 0.6804
Epoch 86/300
15:30:48 train - loss: 0.2880, acc: 0.9062
15:30:49 valid - loss: 1.5122, acc: 0.6724
Epoch 87/300
15:30:58 train - loss: 0.2903, acc: 0.9058
15:30:59 valid - loss: 1.4240, acc: 0.6861
Epoch 88/300
15:31:08 train - loss: 0.2867, acc: 0.9084
15:31:09 valid - loss: 1.5484, acc: 0.6668
Epoch 89/300
15:31:18 train - loss: 0.2753, acc: 0.9123
15:31:19 valid - loss: 1.4819, acc: 0.6819
Epoch 90/300
15:31:29 train - loss: 0.2931, acc: 0.9034
15:31:30 valid - loss: 1.5173, acc: 0.6755
Epoch 91/300
15:31:39 train - loss: 0.2830, acc: 0.9099
15:31:40 valid - loss: 1.5753, acc: 0.6774
Epoch 92/300
15:31:49 train - loss: 0.2755, acc: 0.9108
15:31:50 valid - loss: 1.4465, acc: 0.6834
Epoch 93/300
15:31:59 train - loss: 0.2779, acc: 0.9104
15:32:00 valid - loss: 1.5142, acc: 0.6802
Epoch 94/300
15:32:09 train - loss: 0.2689, acc: 0.9145
15:32:10 valid - loss: 1.4967, acc: 0.6826
Epoch 95/300
15:32:19 train - loss: 0.2702, acc: 0.9147
15:32:20 valid - loss: 1.4685, acc: 0.6856
Epoch 96/300
15:32:29 train - loss: 0.2639, acc: 0.9166
15:32:30 valid - loss: 1.5088, acc: 0.6830
Epoch 97/300
15:32:39 train - loss: 0.2645, acc: 0.9154
15:32:40 valid - loss: 1.5382, acc: 0.6757
Epoch 98/300
15:32:49 train - loss: 0.2614, acc: 0.9158
15:32:50 valid - loss: 1.4991, acc: 0.6826
Epoch 99/300
15:32:59 train - loss: 0.2632, acc: 0.9147
15:33:00 valid - loss: 1.5215, acc: 0.6794
Epoch 100/300
15:33:09 train - loss: 0.2535, acc: 0.9183
15:33:10 valid - loss: 1.5037, acc: 0.6742
Epoch 101/300
15:33:20 train - loss: 0.2486, acc: 0.9205
15:33:21 valid - loss: 1.5139, acc: 0.6819
Epoch 102/300
15:33:30 train - loss: 0.2544, acc: 0.9173
15:33:31 valid - loss: 1.5624, acc: 0.6767
Epoch 103/300
15:33:40 train - loss: 0.2580, acc: 0.9171
15:33:41 valid - loss: 1.5252, acc: 0.6747
Epoch 104/300
15:33:50 train - loss: 0.2505, acc: 0.9182
15:33:51 valid - loss: 1.4684, acc: 0.6831
Epoch 105/300
15:34:00 train - loss: 0.2436, acc: 0.9221
15:34:01 valid - loss: 1.4612, acc: 0.6893
Epoch 106/300
15:34:10 train - loss: 0.2453, acc: 0.9216
15:34:11 valid - loss: 1.5196, acc: 0.6824
Epoch 107/300
15:34:20 train - loss: 0.2364, acc: 0.9233
15:34:21 valid - loss: 1.5008, acc: 0.6743
Epoch 108/300
15:34:30 train - loss: 0.2417, acc: 0.9239
15:34:31 valid - loss: 1.5532, acc: 0.6675
Epoch 109/300
15:34:40 train - loss: 0.2330, acc: 0.9239
15:34:41 valid - loss: 1.4821, acc: 0.6854
Epoch 110/300
15:34:51 train - loss: 0.2283, acc: 0.9255
15:34:52 valid - loss: 1.5168, acc: 0.6843
Epoch 111/300
15:35:01 train - loss: 0.2185, acc: 0.9310
15:35:02 valid - loss: 1.5051, acc: 0.6824
Epoch 112/300
15:35:11 train - loss: 0.2165, acc: 0.9311
15:35:12 valid - loss: 1.5476, acc: 0.6829
Epoch 113/300
15:35:21 train - loss: 0.2247, acc: 0.9285
15:35:22 valid - loss: 1.5739, acc: 0.6764
Epoch 114/300
15:35:31 train - loss: 0.2323, acc: 0.9258
15:35:32 valid - loss: 1.5424, acc: 0.6895
Epoch 115/300
15:35:41 train - loss: 0.2136, acc: 0.9313
15:35:42 valid - loss: 1.5341, acc: 0.6776
Epoch 116/300
15:35:51 train - loss: 0.2209, acc: 0.9299
15:35:52 valid - loss: 1.6221, acc: 0.6689
Epoch 117/300
15:36:01 train - loss: 0.2133, acc: 0.9313
15:36:02 valid - loss: 1.4790, acc: 0.7013
Epoch 118/300
15:36:12 train - loss: 0.2126, acc: 0.9314
15:36:13 valid - loss: 1.4305, acc: 0.6993
Epoch 119/300
15:36:22 train - loss: 0.2063, acc: 0.9352
15:36:23 valid - loss: 1.4291, acc: 0.7030
Epoch 120/300
15:36:32 train - loss: 0.2009, acc: 0.9370
15:36:33 valid - loss: 1.4390, acc: 0.7003
Epoch 121/300
15:36:42 train - loss: 0.2063, acc: 0.9343
15:36:43 valid - loss: 1.4914, acc: 0.6866
Epoch 122/300
15:36:52 train - loss: 0.2040, acc: 0.9346
15:36:53 valid - loss: 1.4713, acc: 0.6878
Epoch 123/300
15:37:02 train - loss: 0.1973, acc: 0.9360
15:37:03 valid - loss: 1.5265, acc: 0.6789
Epoch 124/300
15:37:12 train - loss: 0.1958, acc: 0.9372
15:37:13 valid - loss: 1.4641, acc: 0.6866
Epoch 125/300
15:37:22 train - loss: 0.2003, acc: 0.9362
15:37:23 valid - loss: 1.4329, acc: 0.6963
Epoch 126/300
15:37:33 train - loss: 0.1913, acc: 0.9389
15:37:34 valid - loss: 1.4676, acc: 0.6803
Epoch 127/300
15:37:43 train - loss: 0.1899, acc: 0.9396
15:37:44 valid - loss: 1.4807, acc: 0.6908
Epoch 128/300
15:37:53 train - loss: 0.1842, acc: 0.9419
15:37:54 valid - loss: 1.4364, acc: 0.6880
Epoch 129/300
15:38:03 train - loss: 0.1933, acc: 0.9393
15:38:04 valid - loss: 1.4930, acc: 0.6920
Epoch 130/300
15:38:13 train - loss: 0.1915, acc: 0.9395
15:38:14 valid - loss: 1.4541, acc: 0.6978
Epoch 131/300
15:38:23 train - loss: 0.1807, acc: 0.9441
15:38:24 valid - loss: 1.5662, acc: 0.6844
Epoch 132/300
15:38:33 train - loss: 0.1852, acc: 0.9409
15:38:34 valid - loss: 1.4534, acc: 0.6966
Epoch 133/300
15:38:43 train - loss: 0.1808, acc: 0.9425
15:38:44 valid - loss: 1.4631, acc: 0.7023
Epoch 134/300
15:38:54 train - loss: 0.1792, acc: 0.9435
15:38:55 valid - loss: 1.4649, acc: 0.6887
Epoch 135/300
15:39:04 train - loss: 0.1689, acc: 0.9465
15:39:05 valid - loss: 1.4624, acc: 0.6974
Epoch 136/300
15:39:14 train - loss: 0.1592, acc: 0.9495
15:39:15 valid - loss: 1.5165, acc: 0.6848
Epoch 137/300
15:39:24 train - loss: 0.1665, acc: 0.9476
15:39:25 valid - loss: 1.4265, acc: 0.6994
Epoch 138/300
15:39:34 train - loss: 0.1631, acc: 0.9486
15:39:35 valid - loss: 1.4763, acc: 0.6905
Epoch 139/300
15:39:44 train - loss: 0.1621, acc: 0.9489
15:39:45 valid - loss: 1.4657, acc: 0.6886
Epoch 140/300
15:39:55 train - loss: 0.1581, acc: 0.9504
15:39:56 valid - loss: 1.5715, acc: 0.6851
Epoch 141/300
15:40:05 train - loss: 0.1613, acc: 0.9493
15:40:06 valid - loss: 1.5510, acc: 0.6846
Epoch 142/300
15:40:15 train - loss: 0.1643, acc: 0.9478
15:40:16 valid - loss: 1.5234, acc: 0.6931
Epoch 143/300
15:40:25 train - loss: 0.1558, acc: 0.9520
15:40:26 valid - loss: 1.4231, acc: 0.7021
Epoch 144/300
15:40:35 train - loss: 0.1506, acc: 0.9533
15:40:36 valid - loss: 1.4730, acc: 0.6976
Epoch 145/300
15:40:45 train - loss: 0.1514, acc: 0.9528
15:40:46 valid - loss: 1.5599, acc: 0.6862
Epoch 146/300
15:40:55 train - loss: 0.1561, acc: 0.9507
15:40:56 valid - loss: 1.4487, acc: 0.7008
Epoch 147/300
15:41:05 train - loss: 0.1481, acc: 0.9537
15:41:06 valid - loss: 1.5225, acc: 0.6941
Epoch 148/300
15:41:16 train - loss: 0.1385, acc: 0.9573
15:41:17 valid - loss: 1.5439, acc: 0.6855
Epoch 149/300
15:41:26 train - loss: 0.1323, acc: 0.9592
15:41:27 valid - loss: 1.5011, acc: 0.7010
Epoch 150/300
15:41:36 train - loss: 0.1335, acc: 0.9587
15:41:37 valid - loss: 1.4726, acc: 0.6964
Epoch 151/300
15:41:46 train - loss: 0.1368, acc: 0.9580
15:41:47 valid - loss: 1.4548, acc: 0.6995
Epoch 152/300
15:41:56 train - loss: 0.1354, acc: 0.9577
15:41:57 valid - loss: 1.4800, acc: 0.7052
Epoch 153/300
15:42:06 train - loss: 0.1370, acc: 0.9565
15:42:07 valid - loss: 1.5089, acc: 0.6967
Epoch 154/300
15:42:16 train - loss: 0.1341, acc: 0.9581
15:42:17 valid - loss: 1.4834, acc: 0.6969
Epoch 155/300
15:42:26 train - loss: 0.1312, acc: 0.9599
15:42:27 valid - loss: 1.4078, acc: 0.7093
Epoch 156/300
15:42:36 train - loss: 0.1215, acc: 0.9630
15:42:37 valid - loss: 1.4269, acc: 0.7092
Epoch 157/300
15:42:47 train - loss: 0.1152, acc: 0.9655
15:42:48 valid - loss: 1.4625, acc: 0.6997
Epoch 158/300
15:42:57 train - loss: 0.1188, acc: 0.9639
15:42:58 valid - loss: 1.4750, acc: 0.7042
Epoch 159/300
15:43:07 train - loss: 0.1146, acc: 0.9656
15:43:08 valid - loss: 1.3920, acc: 0.7132
Epoch 160/300
15:43:17 train - loss: 0.1121, acc: 0.9663
15:43:18 valid - loss: 1.4986, acc: 0.7026
Epoch 161/300
15:43:27 train - loss: 0.1096, acc: 0.9667
15:43:28 valid - loss: 1.4493, acc: 0.7028
Epoch 162/300
15:43:37 train - loss: 0.1146, acc: 0.9656
15:43:38 valid - loss: 1.4576, acc: 0.7059
Epoch 163/300
15:43:47 train - loss: 0.1126, acc: 0.9656
15:43:48 valid - loss: 1.4683, acc: 0.7079
Epoch 164/300
15:43:57 train - loss: 0.1071, acc: 0.9683
15:43:58 valid - loss: 1.4576, acc: 0.7088
Epoch 165/300
15:44:08 train - loss: 0.1059, acc: 0.9690
15:44:09 valid - loss: 1.4535, acc: 0.7025
Epoch 166/300
15:44:18 train - loss: 0.1020, acc: 0.9691
15:44:19 valid - loss: 1.4449, acc: 0.7109
Epoch 167/300
15:44:28 train - loss: 0.1008, acc: 0.9698
15:44:29 valid - loss: 1.4536, acc: 0.7079
Epoch 168/300
15:44:38 train - loss: 0.1007, acc: 0.9697
15:44:39 valid - loss: 1.4329, acc: 0.7171
Epoch 169/300
15:44:48 train - loss: 0.1014, acc: 0.9702
15:44:49 valid - loss: 1.4502, acc: 0.7041
Epoch 170/300
15:44:58 train - loss: 0.0882, acc: 0.9741
15:44:59 valid - loss: 1.4638, acc: 0.7052
Epoch 171/300
15:45:08 train - loss: 0.0885, acc: 0.9743
15:45:09 valid - loss: 1.5123, acc: 0.7068
Epoch 172/300
15:45:18 train - loss: 0.0876, acc: 0.9745
15:45:19 valid - loss: 1.5598, acc: 0.7035
Epoch 173/300
15:45:29 train - loss: 0.0857, acc: 0.9751
15:45:29 valid - loss: 1.4090, acc: 0.7202
Epoch 174/300
15:45:39 train - loss: 0.0865, acc: 0.9756
15:45:40 valid - loss: 1.4764, acc: 0.7155
Epoch 175/300
15:45:49 train - loss: 0.0773, acc: 0.9780
15:45:50 valid - loss: 1.4838, acc: 0.7084
Epoch 176/300
15:45:59 train - loss: 0.0767, acc: 0.9779
15:46:00 valid - loss: 1.3964, acc: 0.7192
Epoch 177/300
15:46:09 train - loss: 0.0696, acc: 0.9806
15:46:10 valid - loss: 1.4541, acc: 0.7135
Epoch 178/300
15:46:19 train - loss: 0.0751, acc: 0.9786
15:46:20 valid - loss: 1.5041, acc: 0.7111
Epoch 179/300
15:46:29 train - loss: 0.0737, acc: 0.9790
15:46:30 valid - loss: 1.5095, acc: 0.7093
Epoch 180/300
15:46:39 train - loss: 0.0785, acc: 0.9778
15:46:40 valid - loss: 1.4508, acc: 0.7166
Epoch 181/300
15:46:49 train - loss: 0.0683, acc: 0.9810
15:46:50 valid - loss: 1.4554, acc: 0.7081
Epoch 182/300
15:46:59 train - loss: 0.0668, acc: 0.9815
15:47:00 valid - loss: 1.3431, acc: 0.7262
Epoch 183/300
15:47:09 train - loss: 0.0648, acc: 0.9831
15:47:10 valid - loss: 1.4018, acc: 0.7200
Epoch 184/300
15:47:20 train - loss: 0.0568, acc: 0.9842
15:47:21 valid - loss: 1.3819, acc: 0.7284
Epoch 185/300
15:47:30 train - loss: 0.0628, acc: 0.9826
15:47:31 valid - loss: 1.3705, acc: 0.7215
Epoch 186/300
15:47:40 train - loss: 0.0670, acc: 0.9811
15:47:41 valid - loss: 1.4216, acc: 0.7204
Epoch 187/300
15:47:50 train - loss: 0.0611, acc: 0.9838
15:47:51 valid - loss: 1.4118, acc: 0.7233
Epoch 188/300
15:48:00 train - loss: 0.0554, acc: 0.9852
15:48:01 valid - loss: 1.4266, acc: 0.7227
Epoch 189/300
15:48:10 train - loss: 0.0546, acc: 0.9855
15:48:11 valid - loss: 1.4572, acc: 0.7128
Epoch 190/300
15:48:20 train - loss: 0.0602, acc: 0.9833
15:48:21 valid - loss: 1.4208, acc: 0.7191
Epoch 191/300
15:48:30 train - loss: 0.0583, acc: 0.9843
15:48:31 valid - loss: 1.3977, acc: 0.7224
Epoch 192/300
15:48:40 train - loss: 0.0478, acc: 0.9874
15:48:41 valid - loss: 1.4499, acc: 0.7212
Epoch 193/300
15:48:51 train - loss: 0.0435, acc: 0.9891
15:48:52 valid - loss: 1.3580, acc: 0.7279
Epoch 194/300
15:49:01 train - loss: 0.0448, acc: 0.9885
15:49:02 valid - loss: 1.4225, acc: 0.7234
Epoch 195/300
15:49:11 train - loss: 0.0398, acc: 0.9901
15:49:12 valid - loss: 1.3717, acc: 0.7292
Epoch 196/300
15:49:21 train - loss: 0.0426, acc: 0.9894
15:49:22 valid - loss: 1.4629, acc: 0.7216
Epoch 197/300
15:49:31 train - loss: 0.0409, acc: 0.9905
15:49:32 valid - loss: 1.3864, acc: 0.7312
Epoch 198/300
15:49:41 train - loss: 0.0355, acc: 0.9916
15:49:42 valid - loss: 1.3291, acc: 0.7385
Epoch 199/300
15:49:51 train - loss: 0.0332, acc: 0.9922
15:49:52 valid - loss: 1.4236, acc: 0.7249
Epoch 200/300
15:50:01 train - loss: 0.0344, acc: 0.9920
15:50:02 valid - loss: 1.3801, acc: 0.7256
Epoch 201/300
15:50:12 train - loss: 0.0302, acc: 0.9936
15:50:13 valid - loss: 1.3962, acc: 0.7289
Epoch 202/300
15:50:22 train - loss: 0.0277, acc: 0.9940
15:50:23 valid - loss: 1.3384, acc: 0.7375
Epoch 203/300
15:50:32 train - loss: 0.0233, acc: 0.9953
15:50:33 valid - loss: 1.3485, acc: 0.7423
Epoch 204/300
15:50:42 train - loss: 0.0243, acc: 0.9948
15:50:43 valid - loss: 1.3511, acc: 0.7364
Epoch 205/300
15:50:52 train - loss: 0.0252, acc: 0.9945
15:50:53 valid - loss: 1.3745, acc: 0.7280
Epoch 206/300
15:51:02 train - loss: 0.0246, acc: 0.9948
15:51:03 valid - loss: 1.3571, acc: 0.7334
Epoch 207/300
15:51:12 train - loss: 0.0219, acc: 0.9954
15:51:13 valid - loss: 1.3197, acc: 0.7410
Epoch 208/300
15:51:22 train - loss: 0.0198, acc: 0.9963
15:51:23 valid - loss: 1.2779, acc: 0.7465
Epoch 209/300
15:51:33 train - loss: 0.0174, acc: 0.9967
15:51:33 valid - loss: 1.2923, acc: 0.7437
Epoch 210/300
15:51:43 train - loss: 0.0162, acc: 0.9970
15:51:44 valid - loss: 1.3088, acc: 0.7439
Epoch 211/300
15:51:53 train - loss: 0.0161, acc: 0.9968
15:51:54 valid - loss: 1.3184, acc: 0.7449
Epoch 212/300
15:52:03 train - loss: 0.0139, acc: 0.9978
15:52:04 valid - loss: 1.2771, acc: 0.7513
Epoch 213/300
15:52:13 train - loss: 0.0116, acc: 0.9983
15:52:14 valid - loss: 1.2687, acc: 0.7485
Epoch 214/300
15:52:23 train - loss: 0.0110, acc: 0.9982
15:52:24 valid - loss: 1.2692, acc: 0.7486
Epoch 215/300
15:52:33 train - loss: 0.0115, acc: 0.9982
15:52:34 valid - loss: 1.2688, acc: 0.7458
Epoch 216/300
15:52:43 train - loss: 0.0089, acc: 0.9989
15:52:44 valid - loss: 1.2400, acc: 0.7526
Epoch 217/300
15:52:54 train - loss: 0.0078, acc: 0.9990
15:52:54 valid - loss: 1.2420, acc: 0.7544
Epoch 218/300
15:53:04 train - loss: 0.0077, acc: 0.9990
15:53:05 valid - loss: 1.2387, acc: 0.7557
Epoch 219/300
15:53:14 train - loss: 0.0077, acc: 0.9990
15:53:15 valid - loss: 1.2333, acc: 0.7543
Epoch 220/300
15:53:24 train - loss: 0.0062, acc: 0.9994
15:53:25 valid - loss: 1.2331, acc: 0.7593
Epoch 221/300
15:53:34 train - loss: 0.0052, acc: 0.9995
15:53:35 valid - loss: 1.2050, acc: 0.7590
Epoch 222/300
15:53:44 train - loss: 0.0055, acc: 0.9994
15:53:45 valid - loss: 1.2116, acc: 0.7569
Epoch 223/300
15:53:54 train - loss: 0.0048, acc: 0.9995
15:53:55 valid - loss: 1.1882, acc: 0.7634
Epoch 224/300
15:54:05 train - loss: 0.0046, acc: 0.9995
15:54:05 valid - loss: 1.2012, acc: 0.7630
Epoch 225/300
15:54:15 train - loss: 0.0051, acc: 0.9993
15:54:16 valid - loss: 1.1931, acc: 0.7615
Epoch 226/300
15:54:25 train - loss: 0.0045, acc: 0.9997
15:54:26 valid - loss: 1.1726, acc: 0.7618
Epoch 227/300
15:54:35 train - loss: 0.0039, acc: 0.9996
15:54:36 valid - loss: 1.1661, acc: 0.7659
Epoch 228/300
15:54:45 train - loss: 0.0040, acc: 0.9996
15:54:46 valid - loss: 1.1673, acc: 0.7636
Epoch 229/300
15:54:55 train - loss: 0.0037, acc: 0.9997
15:54:56 valid - loss: 1.1646, acc: 0.7641
Epoch 230/300
15:55:05 train - loss: 0.0039, acc: 0.9995
15:55:06 valid - loss: 1.1751, acc: 0.7658
Epoch 231/300
15:55:15 train - loss: 0.0035, acc: 0.9998
15:55:16 valid - loss: 1.1729, acc: 0.7624
Epoch 232/300
15:55:25 train - loss: 0.0040, acc: 0.9996
15:55:26 valid - loss: 1.1634, acc: 0.7668
Epoch 233/300
15:55:36 train - loss: 0.0038, acc: 0.9996
15:55:37 valid - loss: 1.1605, acc: 0.7684
Epoch 234/300
15:55:46 train - loss: 0.0034, acc: 0.9998
15:55:47 valid - loss: 1.1623, acc: 0.7667
Epoch 235/300
15:55:56 train - loss: 0.0032, acc: 0.9997
15:55:57 valid - loss: 1.1537, acc: 0.7669
Epoch 236/300
15:56:06 train - loss: 0.0032, acc: 0.9997
15:56:07 valid - loss: 1.1438, acc: 0.7685
Epoch 237/300
15:56:16 train - loss: 0.0033, acc: 0.9996
15:56:17 valid - loss: 1.1550, acc: 0.7617
Epoch 238/300
15:56:26 train - loss: 0.0034, acc: 0.9996
15:56:27 valid - loss: 1.1465, acc: 0.7656
Epoch 239/300
15:56:36 train - loss: 0.0034, acc: 0.9997
15:56:37 valid - loss: 1.1345, acc: 0.7691
Epoch 240/300
15:56:46 train - loss: 0.0032, acc: 0.9997
15:56:47 valid - loss: 1.1280, acc: 0.7669
Epoch 241/300
15:56:57 train - loss: 0.0031, acc: 0.9997
15:56:57 valid - loss: 1.1346, acc: 0.7671
Epoch 242/300
15:57:07 train - loss: 0.0030, acc: 0.9998
15:57:08 valid - loss: 1.1334, acc: 0.7676
Epoch 243/300
15:57:17 train - loss: 0.0030, acc: 0.9997
15:57:18 valid - loss: 1.1360, acc: 0.7681
Epoch 244/300
15:57:27 train - loss: 0.0032, acc: 0.9997
15:57:28 valid - loss: 1.1299, acc: 0.7674
Epoch 245/300
15:57:37 train - loss: 0.0030, acc: 0.9998
15:57:38 valid - loss: 1.1213, acc: 0.7685
Epoch 246/300
15:57:47 train - loss: 0.0030, acc: 0.9997
15:57:48 valid - loss: 1.1228, acc: 0.7682
Epoch 247/300
15:57:57 train - loss: 0.0029, acc: 0.9998
15:57:58 valid - loss: 1.1303, acc: 0.7687
Epoch 248/300
15:58:07 train - loss: 0.0028, acc: 0.9998
15:58:08 valid - loss: 1.1173, acc: 0.7713
Epoch 249/300
15:58:17 train - loss: 0.0027, acc: 0.9998
15:58:18 valid - loss: 1.1208, acc: 0.7704
Epoch 250/300
15:58:27 train - loss: 0.0028, acc: 0.9998
15:58:28 valid - loss: 1.1194, acc: 0.7668
Epoch 251/300
15:58:38 train - loss: 0.0028, acc: 0.9998
15:58:39 valid - loss: 1.1171, acc: 0.7704
Epoch 252/300
15:58:48 train - loss: 0.0029, acc: 0.9997
15:58:49 valid - loss: 1.1132, acc: 0.7692
Epoch 253/300
15:58:58 train - loss: 0.0028, acc: 0.9998
15:58:59 valid - loss: 1.1178, acc: 0.7677
Epoch 254/300
15:59:08 train - loss: 0.0029, acc: 0.9996
15:59:09 valid - loss: 1.1151, acc: 0.7687
Epoch 255/300
15:59:18 train - loss: 0.0028, acc: 0.9997
15:59:19 valid - loss: 1.1144, acc: 0.7690
Epoch 256/300
15:59:28 train - loss: 0.0028, acc: 0.9997
15:59:29 valid - loss: 1.1192, acc: 0.7695
Epoch 257/300
15:59:38 train - loss: 0.0027, acc: 0.9998
15:59:39 valid - loss: 1.1142, acc: 0.7683
Epoch 258/300
15:59:48 train - loss: 0.0028, acc: 0.9997
15:59:49 valid - loss: 1.1183, acc: 0.7680
Epoch 259/300
15:59:58 train - loss: 0.0026, acc: 0.9998
15:59:59 valid - loss: 1.1161, acc: 0.7695
Epoch 260/300
16:00:09 train - loss: 0.0027, acc: 0.9998
16:00:10 valid - loss: 1.1170, acc: 0.7684
Epoch 261/300
16:00:19 train - loss: 0.0026, acc: 0.9998
16:00:20 valid - loss: 1.1152, acc: 0.7679
Epoch 262/300
16:00:29 train - loss: 0.0027, acc: 0.9998
16:00:30 valid - loss: 1.1119, acc: 0.7680
Epoch 263/300
16:00:39 train - loss: 0.0026, acc: 0.9998
16:00:40 valid - loss: 1.1133, acc: 0.7672
Epoch 264/300
16:00:49 train - loss: 0.0027, acc: 0.9998
16:00:50 valid - loss: 1.1116, acc: 0.7682
Epoch 265/300
16:00:59 train - loss: 0.0027, acc: 0.9998
16:01:00 valid - loss: 1.1145, acc: 0.7666
Epoch 266/300
16:01:09 train - loss: 0.0026, acc: 0.9998
16:01:10 valid - loss: 1.1098, acc: 0.7688
Epoch 267/300
16:01:19 train - loss: 0.0026, acc: 0.9998
16:01:20 valid - loss: 1.1078, acc: 0.7677
Epoch 268/300
16:01:29 train - loss: 0.0026, acc: 0.9999
16:01:30 valid - loss: 1.1135, acc: 0.7665
Epoch 269/300
16:01:39 train - loss: 0.0026, acc: 0.9997
16:01:40 valid - loss: 1.1161, acc: 0.7686
Epoch 270/300
16:01:50 train - loss: 0.0027, acc: 0.9998
16:01:51 valid - loss: 1.1079, acc: 0.7699
Epoch 271/300
16:02:00 train - loss: 0.0025, acc: 0.9998
16:02:01 valid - loss: 1.1024, acc: 0.7722
Epoch 272/300
16:02:10 train - loss: 0.0025, acc: 0.9998
16:02:11 valid - loss: 1.1074, acc: 0.7691
Epoch 273/300
16:02:20 train - loss: 0.0027, acc: 0.9998
16:02:21 valid - loss: 1.1061, acc: 0.7713
Epoch 274/300
16:02:30 train - loss: 0.0027, acc: 0.9997
16:02:31 valid - loss: 1.1070, acc: 0.7701
Epoch 275/300
16:02:40 train - loss: 0.0026, acc: 0.9998
16:02:41 valid - loss: 1.1064, acc: 0.7690
Epoch 276/300
16:02:50 train - loss: 0.0025, acc: 0.9998
16:02:51 valid - loss: 1.1032, acc: 0.7708
Epoch 277/300
16:03:00 train - loss: 0.0026, acc: 0.9998
16:03:01 valid - loss: 1.1060, acc: 0.7697
Epoch 278/300
16:03:10 train - loss: 0.0025, acc: 0.9998
16:03:11 valid - loss: 1.1051, acc: 0.7694
Epoch 279/300
16:03:21 train - loss: 0.0025, acc: 0.9998
16:03:21 valid - loss: 1.1056, acc: 0.7698
Epoch 280/300
16:03:31 train - loss: 0.0025, acc: 0.9997
16:03:32 valid - loss: 1.1043, acc: 0.7698
Epoch 281/300
16:03:41 train - loss: 0.0024, acc: 0.9998
16:03:42 valid - loss: 1.1053, acc: 0.7701
Epoch 282/300
16:03:51 train - loss: 0.0025, acc: 0.9998
16:03:52 valid - loss: 1.1051, acc: 0.7701
Epoch 283/300
16:04:01 train - loss: 0.0024, acc: 0.9998
16:04:02 valid - loss: 1.1022, acc: 0.7713
Epoch 284/300
16:04:11 train - loss: 0.0025, acc: 0.9998
16:04:12 valid - loss: 1.1090, acc: 0.7693
Epoch 285/300
16:04:21 train - loss: 0.0025, acc: 0.9998
16:04:22 valid - loss: 1.1061, acc: 0.7693
Epoch 286/300
16:04:31 train - loss: 0.0025, acc: 0.9999
16:04:32 valid - loss: 1.1048, acc: 0.7706
Epoch 287/300
16:04:41 train - loss: 0.0025, acc: 0.9997
16:04:42 valid - loss: 1.1089, acc: 0.7699
Epoch 288/300
16:04:51 train - loss: 0.0024, acc: 0.9998
16:04:52 valid - loss: 1.1044, acc: 0.7704
Epoch 289/300
16:05:02 train - loss: 0.0024, acc: 0.9998
16:05:02 valid - loss: 1.1013, acc: 0.7718
Epoch 290/300
16:05:12 train - loss: 0.0024, acc: 0.9999
16:05:13 valid - loss: 1.1042, acc: 0.7706
Epoch 291/300
16:05:22 train - loss: 0.0025, acc: 0.9998
16:05:23 valid - loss: 1.1056, acc: 0.7694
Epoch 292/300
16:05:32 train - loss: 0.0024, acc: 0.9999
16:05:33 valid - loss: 1.0999, acc: 0.7717
Epoch 293/300
16:05:42 train - loss: 0.0025, acc: 0.9998
16:05:43 valid - loss: 1.1058, acc: 0.7701
Epoch 294/300
16:05:52 train - loss: 0.0024, acc: 0.9999
16:05:53 valid - loss: 1.1066, acc: 0.7695
Epoch 295/300
16:06:02 train - loss: 0.0026, acc: 0.9998
16:06:03 valid - loss: 1.1031, acc: 0.7714
Epoch 296/300
16:06:12 train - loss: 0.0025, acc: 0.9998
16:06:13 valid - loss: 1.1055, acc: 0.7688
Epoch 297/300
16:06:22 train - loss: 0.0025, acc: 0.9998
16:06:23 valid - loss: 1.1045, acc: 0.7706
Epoch 298/300
16:06:32 train - loss: 0.0025, acc: 0.9998
16:06:33 valid - loss: 1.1012, acc: 0.7714
Epoch 299/300
16:06:43 train - loss: 0.0027, acc: 0.9997
16:06:44 valid - loss: 1.1040, acc: 0.7703
Epoch 300/300
16:06:53 train - loss: 0.0025, acc: 0.9998
16:06:54 valid - loss: 1.1058, acc: 0.7707