15:26:18 Start training
Epoch 1/300
WARNING:tensorflow:From /usr/local/lib/python3.6/dist-packages/tensorflow/python/data/ops/multi_device_iterator_ops.py:601: get_next_as_optional (from tensorflow.python.data.ops.iterator_ops) is deprecated and will be removed in a future version.
Instructions for updating:
Use `tf.data.Iterator.get_next_as_optional()` instead.
WARNING:tensorflow:From /usr/local/lib/python3.6/dist-packages/tensorflow/python/data/ops/multi_device_iterator_ops.py:601: get_next_as_optional (from tensorflow.python.data.ops.iterator_ops) is deprecated and will be removed in a future version.
Instructions for updating:
Use `tf.data.Iterator.get_next_as_optional()` instead.
15:30:05 train - loss: 3.8142, acc: 0.1080
15:30:51 valid - loss: 3.2445, acc: 0.1915
Epoch 2/300
15:31:03 train - loss: 3.0135, acc: 0.2356
15:31:04 valid - loss: 2.9986, acc: 0.2606
Epoch 3/300
15:31:17 train - loss: 2.5570, acc: 0.3303
15:31:18 valid - loss: 2.7021, acc: 0.3230
Epoch 4/300
15:31:30 train - loss: 2.2473, acc: 0.3959
15:31:31 valid - loss: 2.2595, acc: 0.4046
Epoch 5/300
15:31:44 train - loss: 2.0278, acc: 0.4466
15:31:44 valid - loss: 2.0789, acc: 0.4527
Epoch 6/300
15:31:57 train - loss: 1.8718, acc: 0.4834
15:31:58 valid - loss: 1.8000, acc: 0.5094
Epoch 7/300
15:32:10 train - loss: 1.7365, acc: 0.5187
15:32:11 valid - loss: 1.7096, acc: 0.5283
Epoch 8/300
15:32:24 train - loss: 1.6216, acc: 0.5445
15:32:25 valid - loss: 1.6385, acc: 0.5529
Epoch 9/300
15:32:37 train - loss: 1.5305, acc: 0.5674
15:32:38 valid - loss: 1.5847, acc: 0.5639
Epoch 10/300
15:32:51 train - loss: 1.4515, acc: 0.5894
15:32:52 valid - loss: 1.5562, acc: 0.5691
Epoch 11/300
15:33:04 train - loss: 1.3781, acc: 0.6061
15:33:05 valid - loss: 1.4442, acc: 0.5996
Epoch 12/300
15:33:18 train - loss: 1.3237, acc: 0.6225
15:33:19 valid - loss: 1.4784, acc: 0.5945
Epoch 13/300
15:33:31 train - loss: 1.2641, acc: 0.6379
15:33:32 valid - loss: 1.3332, acc: 0.6272
Epoch 14/300
15:33:45 train - loss: 1.2112, acc: 0.6509
15:33:45 valid - loss: 1.4227, acc: 0.6031
Epoch 15/300
15:33:58 train - loss: 1.1607, acc: 0.6653
15:33:59 valid - loss: 1.3426, acc: 0.6324
Epoch 16/300
15:34:11 train - loss: 1.1204, acc: 0.6726
15:34:12 valid - loss: 1.3205, acc: 0.6397
Epoch 17/300
15:34:25 train - loss: 1.0886, acc: 0.6846
15:34:26 valid - loss: 1.3476, acc: 0.6354
Epoch 18/300
15:34:38 train - loss: 1.0471, acc: 0.6925
15:34:39 valid - loss: 1.3528, acc: 0.6331
Epoch 19/300
15:34:52 train - loss: 1.0234, acc: 0.6980
15:34:53 valid - loss: 1.3796, acc: 0.6373
Epoch 20/300
15:35:05 train - loss: 0.9898, acc: 0.7088
15:35:06 valid - loss: 1.3250, acc: 0.6451
Epoch 21/300
15:35:19 train - loss: 0.9577, acc: 0.7158
15:35:20 valid - loss: 1.3018, acc: 0.6509
Epoch 22/300
15:35:32 train - loss: 0.9340, acc: 0.7229
15:35:33 valid - loss: 1.2653, acc: 0.6546
Epoch 23/300
15:35:46 train - loss: 0.9116, acc: 0.7278
15:35:47 valid - loss: 1.2625, acc: 0.6590
Epoch 24/300
15:35:59 train - loss: 0.8818, acc: 0.7356
15:36:00 valid - loss: 1.2897, acc: 0.6579
Epoch 25/300
15:36:13 train - loss: 0.8697, acc: 0.7393
15:36:14 valid - loss: 1.2731, acc: 0.6623
Epoch 26/300
15:36:26 train - loss: 0.8455, acc: 0.7450
15:36:27 valid - loss: 1.3179, acc: 0.6509
Epoch 27/300
15:36:40 train - loss: 0.8285, acc: 0.7501
15:36:41 valid - loss: 1.2940, acc: 0.6619
Epoch 28/300
15:36:53 train - loss: 0.8100, acc: 0.7565
15:36:54 valid - loss: 1.2546, acc: 0.6730
Epoch 29/300
15:37:07 train - loss: 0.7828, acc: 0.7621
15:37:08 valid - loss: 1.2302, acc: 0.6786
Epoch 30/300
15:37:20 train - loss: 0.7710, acc: 0.7661
15:37:21 valid - loss: 1.3726, acc: 0.6445
Epoch 31/300
15:37:34 train - loss: 0.7567, acc: 0.7699
15:37:35 valid - loss: 1.3221, acc: 0.6687
Epoch 32/300
15:37:47 train - loss: 0.7417, acc: 0.7749
15:37:48 valid - loss: 1.2124, acc: 0.6828
Epoch 33/300
15:38:01 train - loss: 0.7323, acc: 0.7783
15:38:01 valid - loss: 1.2489, acc: 0.6715
Epoch 34/300
15:38:14 train - loss: 0.7098, acc: 0.7834
15:38:15 valid - loss: 1.2527, acc: 0.6811
Epoch 35/300
15:38:27 train - loss: 0.7012, acc: 0.7858
15:38:28 valid - loss: 1.2404, acc: 0.6751
Epoch 36/300
15:38:41 train - loss: 0.6867, acc: 0.7895
15:38:42 valid - loss: 1.2194, acc: 0.6797
Epoch 37/300
15:38:54 train - loss: 0.6741, acc: 0.7921
15:38:55 valid - loss: 1.3067, acc: 0.6744
Epoch 38/300
15:39:08 train - loss: 0.6694, acc: 0.7936
15:39:09 valid - loss: 1.2472, acc: 0.6792
Epoch 39/300
15:39:21 train - loss: 0.6541, acc: 0.7977
15:39:22 valid - loss: 1.2796, acc: 0.6789
Epoch 40/300
15:39:35 train - loss: 0.6486, acc: 0.8006
15:39:36 valid - loss: 1.2777, acc: 0.6803
Epoch 41/300
15:39:48 train - loss: 0.6251, acc: 0.8078
15:39:49 valid - loss: 1.3112, acc: 0.6731
Epoch 42/300
15:40:02 train - loss: 0.6240, acc: 0.8083
15:40:03 valid - loss: 1.2100, acc: 0.6941
Epoch 43/300
15:40:15 train - loss: 0.6097, acc: 0.8126
15:40:16 valid - loss: 1.3095, acc: 0.6772
Epoch 44/300
15:40:29 train - loss: 0.6039, acc: 0.8122
15:40:30 valid - loss: 1.3059, acc: 0.6831
Epoch 45/300
15:40:42 train - loss: 0.5968, acc: 0.8147
15:40:43 valid - loss: 1.3047, acc: 0.6743
Epoch 46/300
15:40:56 train - loss: 0.5904, acc: 0.8153
15:40:57 valid - loss: 1.2525, acc: 0.6908
Epoch 47/300
15:41:09 train - loss: 0.5765, acc: 0.8208
15:41:10 valid - loss: 1.3687, acc: 0.6697
Epoch 48/300
15:41:23 train - loss: 0.5716, acc: 0.8217
15:41:24 valid - loss: 1.2712, acc: 0.6832
Epoch 49/300
15:41:36 train - loss: 0.5625, acc: 0.8239
15:41:37 valid - loss: 1.2956, acc: 0.6868
Epoch 50/300
15:41:50 train - loss: 0.5517, acc: 0.8295
15:41:51 valid - loss: 1.3081, acc: 0.6790
Epoch 51/300
15:42:03 train - loss: 0.5514, acc: 0.8290
15:42:04 valid - loss: 1.2234, acc: 0.6970
Epoch 52/300
15:42:17 train - loss: 0.5547, acc: 0.8270
15:42:17 valid - loss: 1.3443, acc: 0.6734
Epoch 53/300
15:42:30 train - loss: 0.5377, acc: 0.8329
15:42:31 valid - loss: 1.3663, acc: 0.6736
Epoch 54/300
15:42:44 train - loss: 0.5278, acc: 0.8346
15:42:44 valid - loss: 1.3138, acc: 0.6840
Epoch 55/300
15:42:57 train - loss: 0.5256, acc: 0.8358
15:42:58 valid - loss: 1.3752, acc: 0.6670
Epoch 56/300
15:43:10 train - loss: 0.5190, acc: 0.8375
15:43:11 valid - loss: 1.2844, acc: 0.6888
Epoch 57/300
15:43:24 train - loss: 0.5054, acc: 0.8436
15:43:25 valid - loss: 1.2253, acc: 0.6950
Epoch 58/300
15:43:37 train - loss: 0.5086, acc: 0.8414
15:43:38 valid - loss: 1.3161, acc: 0.6842
Epoch 59/300
15:43:51 train - loss: 0.5022, acc: 0.8419
15:43:52 valid - loss: 1.3091, acc: 0.6845
Epoch 60/300
15:44:04 train - loss: 0.5030, acc: 0.8425
15:44:05 valid - loss: 1.2932, acc: 0.6880
Epoch 61/300
15:44:18 train - loss: 0.4869, acc: 0.8470
15:44:19 valid - loss: 1.2665, acc: 0.6972
Epoch 62/300
15:44:31 train - loss: 0.4837, acc: 0.8485
15:44:32 valid - loss: 1.2957, acc: 0.6943
Epoch 63/300
15:44:45 train - loss: 0.4775, acc: 0.8508
15:44:46 valid - loss: 1.2509, acc: 0.7025
Epoch 64/300
15:44:58 train - loss: 0.4727, acc: 0.8504
15:44:59 valid - loss: 1.3126, acc: 0.6894
Epoch 65/300
15:45:12 train - loss: 0.4645, acc: 0.8539
15:45:13 valid - loss: 1.2279, acc: 0.7016
Epoch 66/300
15:45:25 train - loss: 0.4652, acc: 0.8537
15:45:26 valid - loss: 1.2676, acc: 0.6964
Epoch 67/300
15:45:39 train - loss: 0.4626, acc: 0.8561
15:45:40 valid - loss: 1.3310, acc: 0.6884
Epoch 68/300
15:45:52 train - loss: 0.4474, acc: 0.8587
15:45:53 valid - loss: 1.3273, acc: 0.6909
Epoch 69/300
15:46:06 train - loss: 0.4493, acc: 0.8584
15:46:07 valid - loss: 1.3090, acc: 0.6872
Epoch 70/300
15:46:19 train - loss: 0.4476, acc: 0.8574
15:46:20 valid - loss: 1.3414, acc: 0.6923
Epoch 71/300
15:46:33 train - loss: 0.4449, acc: 0.8594
15:46:34 valid - loss: 1.2995, acc: 0.6894
Epoch 72/300
15:46:46 train - loss: 0.4285, acc: 0.8654
15:46:47 valid - loss: 1.3087, acc: 0.6892
Epoch 73/300
15:47:00 train - loss: 0.4260, acc: 0.8657
15:47:01 valid - loss: 1.3146, acc: 0.6883
Epoch 74/300
15:47:13 train - loss: 0.4215, acc: 0.8653
15:47:14 valid - loss: 1.3118, acc: 0.6925
Epoch 75/300
15:47:27 train - loss: 0.4256, acc: 0.8662
15:47:27 valid - loss: 1.3224, acc: 0.6928
Epoch 76/300
15:47:40 train - loss: 0.4239, acc: 0.8652
15:47:41 valid - loss: 1.3220, acc: 0.6943
Epoch 77/300
15:47:54 train - loss: 0.4207, acc: 0.8657
15:47:54 valid - loss: 1.2975, acc: 0.6931
Epoch 78/300
15:48:07 train - loss: 0.4182, acc: 0.8670
15:48:08 valid - loss: 1.3916, acc: 0.6845
Epoch 79/300
15:48:20 train - loss: 0.4104, acc: 0.8689
15:48:21 valid - loss: 1.3176, acc: 0.6892
Epoch 80/300
15:48:34 train - loss: 0.4095, acc: 0.8702
15:48:35 valid - loss: 1.2758, acc: 0.7028
Epoch 81/300
15:48:47 train - loss: 0.3981, acc: 0.8742
15:48:48 valid - loss: 1.3565, acc: 0.6949
Epoch 82/300
15:49:01 train - loss: 0.4017, acc: 0.8728
15:49:02 valid - loss: 1.4018, acc: 0.6851
Epoch 83/300
15:49:14 train - loss: 0.3938, acc: 0.8770
15:49:15 valid - loss: 1.3948, acc: 0.6852
Epoch 84/300
15:49:28 train - loss: 0.3859, acc: 0.8787
15:49:29 valid - loss: 1.2901, acc: 0.7019
Epoch 85/300
15:49:41 train - loss: 0.3889, acc: 0.8781
15:49:42 valid - loss: 1.3760, acc: 0.6852
Epoch 86/300
15:49:55 train - loss: 0.3839, acc: 0.8786
15:49:56 valid - loss: 1.3293, acc: 0.7025
Epoch 87/300
15:50:08 train - loss: 0.3713, acc: 0.8836
15:50:09 valid - loss: 1.2986, acc: 0.7049
Epoch 88/300
15:50:22 train - loss: 0.3761, acc: 0.8817
15:50:23 valid - loss: 1.4132, acc: 0.6868
Epoch 89/300
15:50:35 train - loss: 0.3743, acc: 0.8832
15:50:36 valid - loss: 1.3082, acc: 0.7076
Epoch 90/300
15:50:49 train - loss: 0.3662, acc: 0.8859
15:50:50 valid - loss: 1.3593, acc: 0.6971
Epoch 91/300
15:51:02 train - loss: 0.3727, acc: 0.8817
15:51:03 valid - loss: 1.2780, acc: 0.7024
Epoch 92/300
15:51:16 train - loss: 0.3548, acc: 0.8886
15:51:17 valid - loss: 1.3497, acc: 0.7021
Epoch 93/300
15:51:29 train - loss: 0.3585, acc: 0.8867
15:51:30 valid - loss: 1.3275, acc: 0.7014
Epoch 94/300
15:51:43 train - loss: 0.3543, acc: 0.8878
15:51:44 valid - loss: 1.2839, acc: 0.7109
Epoch 95/300
15:51:56 train - loss: 0.3521, acc: 0.8894
15:51:57 valid - loss: 1.3363, acc: 0.7013
Epoch 96/300
15:52:10 train - loss: 0.3457, acc: 0.8910
15:52:11 valid - loss: 1.3544, acc: 0.7030
Epoch 97/300
15:52:23 train - loss: 0.3402, acc: 0.8933
15:52:24 valid - loss: 1.2988, acc: 0.7081
Epoch 98/300
15:52:37 train - loss: 0.3384, acc: 0.8931
15:52:38 valid - loss: 1.4150, acc: 0.6934
Epoch 99/300
15:52:50 train - loss: 0.3398, acc: 0.8929
15:52:51 valid - loss: 1.3190, acc: 0.7052
Epoch 100/300
15:53:04 train - loss: 0.3294, acc: 0.8947
15:53:05 valid - loss: 1.3086, acc: 0.7042
Epoch 101/300
15:53:17 train - loss: 0.3377, acc: 0.8923
15:53:18 valid - loss: 1.3294, acc: 0.7109
Epoch 102/300
15:53:31 train - loss: 0.3341, acc: 0.8934
15:53:32 valid - loss: 1.4038, acc: 0.6988
Epoch 103/300
15:53:44 train - loss: 0.3266, acc: 0.8965
15:53:45 valid - loss: 1.3852, acc: 0.7026
Epoch 104/300
15:53:58 train - loss: 0.3246, acc: 0.8975
15:53:58 valid - loss: 1.3254, acc: 0.7098
Epoch 105/300
15:54:11 train - loss: 0.3155, acc: 0.9012
15:54:12 valid - loss: 1.3498, acc: 0.6986
Epoch 106/300
15:54:25 train - loss: 0.3113, acc: 0.9013
15:54:25 valid - loss: 1.4035, acc: 0.6962
Epoch 107/300
15:54:38 train - loss: 0.3174, acc: 0.8993
15:54:39 valid - loss: 1.3695, acc: 0.6968
Epoch 108/300
15:54:51 train - loss: 0.3140, acc: 0.9002
15:54:52 valid - loss: 1.3675, acc: 0.7000
Epoch 109/300
15:55:05 train - loss: 0.3169, acc: 0.8991
15:55:06 valid - loss: 1.2706, acc: 0.7132
Epoch 110/300
15:55:18 train - loss: 0.3003, acc: 0.9044
15:55:19 valid - loss: 1.3557, acc: 0.7003
Epoch 111/300
15:55:32 train - loss: 0.3010, acc: 0.9056
15:55:33 valid - loss: 1.2914, acc: 0.7097
Epoch 112/300
15:55:45 train - loss: 0.3117, acc: 0.9022
15:55:46 valid - loss: 1.3443, acc: 0.6986
Epoch 113/300
15:55:59 train - loss: 0.2964, acc: 0.9045
15:56:00 valid - loss: 1.3980, acc: 0.7025
Epoch 114/300
15:56:12 train - loss: 0.2932, acc: 0.9076
15:56:13 valid - loss: 1.3472, acc: 0.7119
Epoch 115/300
15:56:26 train - loss: 0.2801, acc: 0.9115
15:56:27 valid - loss: 1.4056, acc: 0.6998
Epoch 116/300
15:56:39 train - loss: 0.2862, acc: 0.9094
15:56:40 valid - loss: 1.3697, acc: 0.7004
Epoch 117/300
15:56:53 train - loss: 0.2878, acc: 0.9084
15:56:54 valid - loss: 1.3075, acc: 0.7146
Epoch 118/300
15:57:06 train - loss: 0.2777, acc: 0.9125
15:57:07 valid - loss: 1.3004, acc: 0.7125
Epoch 119/300
15:57:20 train - loss: 0.2755, acc: 0.9122
15:57:21 valid - loss: 1.4069, acc: 0.6992
Epoch 120/300
15:57:33 train - loss: 0.2755, acc: 0.9135
15:57:34 valid - loss: 1.3256, acc: 0.7102
Epoch 121/300
15:57:47 train - loss: 0.2649, acc: 0.9179
15:57:48 valid - loss: 1.3275, acc: 0.7113
Epoch 122/300
15:58:00 train - loss: 0.2757, acc: 0.9128
15:58:01 valid - loss: 1.3756, acc: 0.7064
Epoch 123/300
15:58:14 train - loss: 0.2604, acc: 0.9179
15:58:14 valid - loss: 1.2697, acc: 0.7145
Epoch 124/300
15:58:27 train - loss: 0.2687, acc: 0.9156
15:58:28 valid - loss: 1.3198, acc: 0.7077
Epoch 125/300
15:58:41 train - loss: 0.2598, acc: 0.9184
15:58:41 valid - loss: 1.3686, acc: 0.7079
Epoch 126/300
15:58:54 train - loss: 0.2583, acc: 0.9178
15:58:55 valid - loss: 1.3915, acc: 0.7103
Epoch 127/300
15:59:07 train - loss: 0.2626, acc: 0.9172
15:59:08 valid - loss: 1.3165, acc: 0.7161
Epoch 128/300
15:59:21 train - loss: 0.2460, acc: 0.9241
15:59:22 valid - loss: 1.3419, acc: 0.7145
Epoch 129/300
15:59:34 train - loss: 0.2429, acc: 0.9237
15:59:35 valid - loss: 1.3332, acc: 0.7164
Epoch 130/300
15:59:48 train - loss: 0.2502, acc: 0.9220
15:59:49 valid - loss: 1.3393, acc: 0.7096
Epoch 131/300
16:00:01 train - loss: 0.2425, acc: 0.9233
16:00:02 valid - loss: 1.3593, acc: 0.7099
Epoch 132/300
16:00:15 train - loss: 0.2411, acc: 0.9243
16:00:16 valid - loss: 1.2760, acc: 0.7142
Epoch 133/300
16:00:28 train - loss: 0.2393, acc: 0.9253
16:00:29 valid - loss: 1.3267, acc: 0.7192
Epoch 134/300
16:00:42 train - loss: 0.2314, acc: 0.9257
16:00:43 valid - loss: 1.4156, acc: 0.7105
Epoch 135/300
16:00:55 train - loss: 0.2319, acc: 0.9267
16:00:56 valid - loss: 1.4020, acc: 0.7079
Epoch 136/300
16:01:09 train - loss: 0.2296, acc: 0.9289
16:01:10 valid - loss: 1.3110, acc: 0.7241
Epoch 137/300
16:01:22 train - loss: 0.2316, acc: 0.9269
16:01:23 valid - loss: 1.3498, acc: 0.7159
Epoch 138/300
16:01:36 train - loss: 0.2268, acc: 0.9284
16:01:37 valid - loss: 1.4030, acc: 0.7079
Epoch 139/300
16:01:49 train - loss: 0.2224, acc: 0.9299
16:01:50 valid - loss: 1.3516, acc: 0.7136
Epoch 140/300
16:02:03 train - loss: 0.2119, acc: 0.9337
16:02:04 valid - loss: 1.3846, acc: 0.7113
Epoch 141/300
16:02:16 train - loss: 0.2154, acc: 0.9315
16:02:17 valid - loss: 1.4488, acc: 0.7067
Epoch 142/300
16:02:30 train - loss: 0.2136, acc: 0.9340
16:02:31 valid - loss: 1.3255, acc: 0.7236
Epoch 143/300
16:02:43 train - loss: 0.2058, acc: 0.9350
16:02:44 valid - loss: 1.3210, acc: 0.7188
Epoch 144/300
16:02:57 train - loss: 0.2146, acc: 0.9333
16:02:58 valid - loss: 1.3622, acc: 0.7173
Epoch 145/300
16:03:10 train - loss: 0.2059, acc: 0.9356
16:03:11 valid - loss: 1.3239, acc: 0.7184
Epoch 146/300
16:03:24 train - loss: 0.1976, acc: 0.9382
16:03:25 valid - loss: 1.3514, acc: 0.7165
Epoch 147/300
16:03:37 train - loss: 0.1934, acc: 0.9401
16:03:38 valid - loss: 1.3353, acc: 0.7150
Epoch 148/300
16:03:51 train - loss: 0.1866, acc: 0.9417
16:03:51 valid - loss: 1.3245, acc: 0.7175
Epoch 149/300
16:04:04 train - loss: 0.1856, acc: 0.9426
16:04:05 valid - loss: 1.3266, acc: 0.7218
Epoch 150/300
16:04:17 train - loss: 0.1846, acc: 0.9431
16:04:18 valid - loss: 1.3028, acc: 0.7294
Epoch 151/300
16:04:31 train - loss: 0.1802, acc: 0.9446
16:04:32 valid - loss: 1.3273, acc: 0.7246
Epoch 152/300
16:04:44 train - loss: 0.1788, acc: 0.9440
16:04:45 valid - loss: 1.3070, acc: 0.7254
Epoch 153/300
16:04:58 train - loss: 0.1825, acc: 0.9434
16:04:59 valid - loss: 1.3547, acc: 0.7225
Epoch 154/300
16:05:11 train - loss: 0.1787, acc: 0.9447
16:05:12 valid - loss: 1.3209, acc: 0.7248
Epoch 155/300
16:05:25 train - loss: 0.1808, acc: 0.9438
16:05:26 valid - loss: 1.3413, acc: 0.7222
Epoch 156/300
16:05:38 train - loss: 0.1662, acc: 0.9496
16:05:39 valid - loss: 1.3349, acc: 0.7225
Epoch 157/300
16:05:52 train - loss: 0.1613, acc: 0.9512
16:05:53 valid - loss: 1.3676, acc: 0.7132
Epoch 158/300
16:06:05 train - loss: 0.1615, acc: 0.9509
16:06:06 valid - loss: 1.2998, acc: 0.7222
Epoch 159/300
16:06:19 train - loss: 0.1608, acc: 0.9506
16:06:20 valid - loss: 1.3420, acc: 0.7204
Epoch 160/300
16:06:32 train - loss: 0.1613, acc: 0.9507
16:06:33 valid - loss: 1.3565, acc: 0.7177
Epoch 161/300
16:06:46 train - loss: 0.1603, acc: 0.9509
16:06:47 valid - loss: 1.3341, acc: 0.7188
Epoch 162/300
16:06:59 train - loss: 0.1507, acc: 0.9540
16:07:00 valid - loss: 1.2959, acc: 0.7313
Epoch 163/300
16:07:13 train - loss: 0.1538, acc: 0.9522
16:07:14 valid - loss: 1.3623, acc: 0.7203
Epoch 164/300
16:07:26 train - loss: 0.1512, acc: 0.9546
16:07:27 valid - loss: 1.4304, acc: 0.7172
Epoch 165/300
16:07:40 train - loss: 0.1485, acc: 0.9551
16:07:41 valid - loss: 1.3220, acc: 0.7320
Epoch 166/300
16:07:53 train - loss: 0.1369, acc: 0.9592
16:07:54 valid - loss: 1.2875, acc: 0.7293
Epoch 167/300
16:08:07 train - loss: 0.1397, acc: 0.9570
16:08:07 valid - loss: 1.3175, acc: 0.7232
Epoch 168/300
16:08:20 train - loss: 0.1422, acc: 0.9575
16:08:21 valid - loss: 1.3388, acc: 0.7250
Epoch 169/300
16:08:34 train - loss: 0.1312, acc: 0.9610
16:08:34 valid - loss: 1.3136, acc: 0.7274
Epoch 170/300
16:08:47 train - loss: 0.1390, acc: 0.9577
16:08:48 valid - loss: 1.3271, acc: 0.7320
Epoch 171/300
16:09:00 train - loss: 0.1318, acc: 0.9606
16:09:01 valid - loss: 1.3288, acc: 0.7240
Epoch 172/300
16:09:14 train - loss: 0.1309, acc: 0.9608
16:09:15 valid - loss: 1.3150, acc: 0.7295
Epoch 173/300
16:09:27 train - loss: 0.1277, acc: 0.9619
16:09:28 valid - loss: 1.3144, acc: 0.7315
Epoch 174/300
16:09:41 train - loss: 0.1152, acc: 0.9657
16:09:42 valid - loss: 1.3332, acc: 0.7343
Epoch 175/300
16:09:54 train - loss: 0.1213, acc: 0.9645
16:09:55 valid - loss: 1.3468, acc: 0.7259
Epoch 176/300
16:10:08 train - loss: 0.1133, acc: 0.9664
16:10:09 valid - loss: 1.2690, acc: 0.7347
Epoch 177/300
16:10:21 train - loss: 0.1191, acc: 0.9642
16:10:22 valid - loss: 1.3175, acc: 0.7303
Epoch 178/300
16:10:35 train - loss: 0.1118, acc: 0.9672
16:10:36 valid - loss: 1.2816, acc: 0.7334
Epoch 179/300
16:10:48 train - loss: 0.0988, acc: 0.9716
16:10:49 valid - loss: 1.3103, acc: 0.7319
Epoch 180/300
16:11:02 train - loss: 0.1023, acc: 0.9703
16:11:03 valid - loss: 1.3082, acc: 0.7380
Epoch 181/300
16:11:15 train - loss: 0.1025, acc: 0.9700
16:11:16 valid - loss: 1.2800, acc: 0.7406
Epoch 182/300
16:11:29 train - loss: 0.1001, acc: 0.9714
16:11:30 valid - loss: 1.3055, acc: 0.7356
Epoch 183/300
16:11:42 train - loss: 0.1042, acc: 0.9692
16:11:43 valid - loss: 1.3126, acc: 0.7342
Epoch 184/300
16:11:56 train - loss: 0.0963, acc: 0.9722
16:11:57 valid - loss: 1.2761, acc: 0.7448
Epoch 185/300
16:12:09 train - loss: 0.0922, acc: 0.9740
16:12:10 valid - loss: 1.2811, acc: 0.7445
Epoch 186/300
16:12:23 train - loss: 0.0863, acc: 0.9756
16:12:24 valid - loss: 1.3216, acc: 0.7344
Epoch 187/300
16:12:36 train - loss: 0.0832, acc: 0.9776
16:12:37 valid - loss: 1.2814, acc: 0.7377
Epoch 188/300
16:12:50 train - loss: 0.0797, acc: 0.9777
16:12:50 valid - loss: 1.3020, acc: 0.7434
Epoch 189/300
16:13:03 train - loss: 0.0772, acc: 0.9789
16:13:04 valid - loss: 1.3009, acc: 0.7471
Epoch 190/300
16:13:17 train - loss: 0.0804, acc: 0.9777
16:13:18 valid - loss: 1.3406, acc: 0.7342
Epoch 191/300
16:13:30 train - loss: 0.0755, acc: 0.9790
16:13:31 valid - loss: 1.2768, acc: 0.7433
Epoch 192/300
16:13:44 train - loss: 0.0727, acc: 0.9791
16:13:45 valid - loss: 1.2972, acc: 0.7448
Epoch 193/300
16:13:57 train - loss: 0.0756, acc: 0.9791
16:13:58 valid - loss: 1.3383, acc: 0.7413
Epoch 194/300
16:14:11 train - loss: 0.0720, acc: 0.9806
16:14:12 valid - loss: 1.3175, acc: 0.7356
Epoch 195/300
16:14:24 train - loss: 0.0697, acc: 0.9804
16:14:25 valid - loss: 1.2902, acc: 0.7468
Epoch 196/300
16:14:38 train - loss: 0.0689, acc: 0.9807
16:14:39 valid - loss: 1.2831, acc: 0.7418
Epoch 197/300
16:14:51 train - loss: 0.0633, acc: 0.9826
16:14:52 valid - loss: 1.2380, acc: 0.7494
Epoch 198/300
16:15:05 train - loss: 0.0610, acc: 0.9838
16:15:06 valid - loss: 1.2688, acc: 0.7475
Epoch 199/300
16:15:18 train - loss: 0.0644, acc: 0.9821
16:15:19 valid - loss: 1.2571, acc: 0.7500
Epoch 200/300
16:15:32 train - loss: 0.0627, acc: 0.9828
16:15:32 valid - loss: 1.2553, acc: 0.7466
Epoch 201/300
16:15:45 train - loss: 0.0558, acc: 0.9854
16:15:46 valid - loss: 1.2816, acc: 0.7528
Epoch 202/300
16:15:58 train - loss: 0.0516, acc: 0.9868
16:15:59 valid - loss: 1.2546, acc: 0.7507
Epoch 203/300
16:16:12 train - loss: 0.0503, acc: 0.9873
16:16:13 valid - loss: 1.2872, acc: 0.7526
Epoch 204/300
16:16:25 train - loss: 0.0459, acc: 0.9886
16:16:26 valid - loss: 1.2441, acc: 0.7547
Epoch 205/300
16:16:39 train - loss: 0.0444, acc: 0.9886
16:16:40 valid - loss: 1.2594, acc: 0.7508
Epoch 206/300
16:16:52 train - loss: 0.0435, acc: 0.9893
16:16:53 valid - loss: 1.2596, acc: 0.7542
Epoch 207/300
16:17:06 train - loss: 0.0403, acc: 0.9903
16:17:07 valid - loss: 1.3006, acc: 0.7482
Epoch 208/300
16:17:19 train - loss: 0.0413, acc: 0.9900
16:17:20 valid - loss: 1.2666, acc: 0.7527
Epoch 209/300
16:17:33 train - loss: 0.0384, acc: 0.9908
16:17:34 valid - loss: 1.2371, acc: 0.7569
Epoch 210/300
16:17:46 train - loss: 0.0346, acc: 0.9923
16:17:47 valid - loss: 1.2198, acc: 0.7575
Epoch 211/300
16:18:00 train - loss: 0.0322, acc: 0.9932
16:18:01 valid - loss: 1.2371, acc: 0.7576
Epoch 212/300
16:18:13 train - loss: 0.0333, acc: 0.9922
16:18:14 valid - loss: 1.2280, acc: 0.7585
Epoch 213/300
16:18:27 train - loss: 0.0338, acc: 0.9924
16:18:28 valid - loss: 1.2579, acc: 0.7524
Epoch 214/300
16:18:40 train - loss: 0.0346, acc: 0.9919
16:18:41 valid - loss: 1.2285, acc: 0.7524
Epoch 215/300
16:18:54 train - loss: 0.0332, acc: 0.9918
16:18:55 valid - loss: 1.2334, acc: 0.7567
Epoch 216/300
16:19:07 train - loss: 0.0267, acc: 0.9950
16:19:08 valid - loss: 1.2136, acc: 0.7622
Epoch 217/300
16:19:21 train - loss: 0.0264, acc: 0.9944
16:19:22 valid - loss: 1.2167, acc: 0.7591
Epoch 218/300
16:19:34 train - loss: 0.0251, acc: 0.9950
16:19:35 valid - loss: 1.1649, acc: 0.7694
Epoch 219/300
16:19:48 train - loss: 0.0201, acc: 0.9964
16:19:49 valid - loss: 1.1855, acc: 0.7651
Epoch 220/300
16:20:01 train - loss: 0.0201, acc: 0.9960
16:20:02 valid - loss: 1.2018, acc: 0.7646
Epoch 221/300
16:20:15 train - loss: 0.0186, acc: 0.9969
16:20:15 valid - loss: 1.1932, acc: 0.7668
Epoch 222/300
16:20:28 train - loss: 0.0195, acc: 0.9963
16:20:29 valid - loss: 1.1895, acc: 0.7653
Epoch 223/300
16:20:42 train - loss: 0.0182, acc: 0.9965
16:20:42 valid - loss: 1.1819, acc: 0.7684
Epoch 224/300
16:20:55 train - loss: 0.0179, acc: 0.9966
16:20:56 valid - loss: 1.1917, acc: 0.7646
Epoch 225/300
16:21:09 train - loss: 0.0165, acc: 0.9972
16:21:09 valid - loss: 1.1945, acc: 0.7648
Epoch 226/300
16:21:22 train - loss: 0.0149, acc: 0.9975
16:21:23 valid - loss: 1.1745, acc: 0.7678
Epoch 227/300
16:21:36 train - loss: 0.0146, acc: 0.9978
16:21:36 valid - loss: 1.1944, acc: 0.7699
Epoch 228/300
16:21:49 train - loss: 0.0144, acc: 0.9976
16:21:50 valid - loss: 1.1685, acc: 0.7707
Epoch 229/300
16:22:03 train - loss: 0.0115, acc: 0.9984
16:22:03 valid - loss: 1.1832, acc: 0.7686
Epoch 230/300
16:22:16 train - loss: 0.0135, acc: 0.9979
16:22:17 valid - loss: 1.1894, acc: 0.7661
Epoch 231/300
16:22:30 train - loss: 0.0118, acc: 0.9982
16:22:30 valid - loss: 1.1831, acc: 0.7720
Epoch 232/300
16:22:43 train - loss: 0.0119, acc: 0.9980
16:22:44 valid - loss: 1.1682, acc: 0.7721
Epoch 233/300
16:22:57 train - loss: 0.0116, acc: 0.9983
16:22:57 valid - loss: 1.1575, acc: 0.7744
Epoch 234/300
16:23:10 train - loss: 0.0114, acc: 0.9982
16:23:11 valid - loss: 1.1527, acc: 0.7736
Epoch 235/300
16:23:24 train - loss: 0.0104, acc: 0.9987
16:23:24 valid - loss: 1.1603, acc: 0.7731
Epoch 236/300
16:23:37 train - loss: 0.0100, acc: 0.9987
16:23:38 valid - loss: 1.1438, acc: 0.7743
Epoch 237/300
16:23:50 train - loss: 0.0098, acc: 0.9985
16:23:51 valid - loss: 1.1526, acc: 0.7766
Epoch 238/300
16:24:04 train - loss: 0.0086, acc: 0.9991
16:24:05 valid - loss: 1.1452, acc: 0.7762
Epoch 239/300
16:24:17 train - loss: 0.0085, acc: 0.9990
16:24:18 valid - loss: 1.1453, acc: 0.7765
Epoch 240/300
16:24:31 train - loss: 0.0086, acc: 0.9988
16:24:32 valid - loss: 1.1437, acc: 0.7776
Epoch 241/300
16:24:44 train - loss: 0.0086, acc: 0.9987
16:24:45 valid - loss: 1.1440, acc: 0.7764
Epoch 242/300
16:24:58 train - loss: 0.0082, acc: 0.9990
16:24:59 valid - loss: 1.1485, acc: 0.7764
Epoch 243/300
16:25:11 train - loss: 0.0086, acc: 0.9987
16:25:12 valid - loss: 1.1506, acc: 0.7749
Epoch 244/300
16:25:25 train - loss: 0.0074, acc: 0.9991
16:25:26 valid - loss: 1.1446, acc: 0.7766
Epoch 245/300
16:25:38 train - loss: 0.0070, acc: 0.9993
16:25:39 valid - loss: 1.1393, acc: 0.7779
Epoch 246/300
16:25:52 train - loss: 0.0070, acc: 0.9993
16:25:53 valid - loss: 1.1291, acc: 0.7787
Epoch 247/300
16:26:05 train - loss: 0.0069, acc: 0.9991
16:26:06 valid - loss: 1.1250, acc: 0.7779
Epoch 248/300
16:26:19 train - loss: 0.0064, acc: 0.9993
16:26:20 valid - loss: 1.1317, acc: 0.7782
Epoch 249/300
16:26:32 train - loss: 0.0064, acc: 0.9993
16:26:33 valid - loss: 1.1285, acc: 0.7765
Epoch 250/300
16:26:46 train - loss: 0.0063, acc: 0.9995
16:26:47 valid - loss: 1.1400, acc: 0.7798
Epoch 251/300
16:26:59 train - loss: 0.0061, acc: 0.9994
16:27:00 valid - loss: 1.1304, acc: 0.7784
Epoch 252/300
16:27:13 train - loss: 0.0063, acc: 0.9993
16:27:14 valid - loss: 1.1242, acc: 0.7762
Epoch 253/300
16:27:26 train - loss: 0.0057, acc: 0.9995
16:27:27 valid - loss: 1.1304, acc: 0.7786
Epoch 254/300
16:27:40 train - loss: 0.0056, acc: 0.9993
16:27:41 valid - loss: 1.1281, acc: 0.7805
Epoch 255/300
16:27:53 train - loss: 0.0060, acc: 0.9994
16:27:54 valid - loss: 1.1276, acc: 0.7764
Epoch 256/300
16:28:07 train - loss: 0.0053, acc: 0.9995
16:28:08 valid - loss: 1.1223, acc: 0.7775
Epoch 257/300
16:28:20 train - loss: 0.0052, acc: 0.9995
16:28:21 valid - loss: 1.1216, acc: 0.7785
Epoch 258/300
16:28:34 train - loss: 0.0056, acc: 0.9994
16:28:35 valid - loss: 1.1190, acc: 0.7798
Epoch 259/300
16:28:47 train - loss: 0.0052, acc: 0.9997
16:28:48 valid - loss: 1.1150, acc: 0.7798
Epoch 260/300
16:29:01 train - loss: 0.0053, acc: 0.9994
16:29:01 valid - loss: 1.1195, acc: 0.7797
Epoch 261/300
16:29:14 train - loss: 0.0052, acc: 0.9995
16:29:15 valid - loss: 1.1178, acc: 0.7813
Epoch 262/300
16:29:28 train - loss: 0.0052, acc: 0.9995
16:29:28 valid - loss: 1.1200, acc: 0.7818
Epoch 263/300
16:29:41 train - loss: 0.0050, acc: 0.9995
16:29:42 valid - loss: 1.1193, acc: 0.7804
Epoch 264/300
16:29:55 train - loss: 0.0050, acc: 0.9996
16:29:55 valid - loss: 1.1151, acc: 0.7799
Epoch 265/300
16:30:08 train - loss: 0.0053, acc: 0.9994
16:30:09 valid - loss: 1.1168, acc: 0.7804
Epoch 266/300
16:30:21 train - loss: 0.0053, acc: 0.9994
16:30:22 valid - loss: 1.1128, acc: 0.7798
Epoch 267/300
16:30:35 train - loss: 0.0053, acc: 0.9993
16:30:36 valid - loss: 1.1007, acc: 0.7786
Epoch 268/300
16:30:48 train - loss: 0.0046, acc: 0.9996
16:30:49 valid - loss: 1.1218, acc: 0.7783
Epoch 269/300
16:31:02 train - loss: 0.0047, acc: 0.9997
16:31:03 valid - loss: 1.1135, acc: 0.7818
Epoch 270/300
16:31:15 train - loss: 0.0048, acc: 0.9996
16:31:16 valid - loss: 1.1112, acc: 0.7822
Epoch 271/300
16:31:29 train - loss: 0.0044, acc: 0.9996
16:31:30 valid - loss: 1.1060, acc: 0.7806
Epoch 272/300
16:31:43 train - loss: 0.0046, acc: 0.9995
16:31:44 valid - loss: 1.1148, acc: 0.7787
Epoch 273/300
16:31:56 train - loss: 0.0046, acc: 0.9996
16:31:57 valid - loss: 1.1081, acc: 0.7808
Epoch 274/300
16:32:10 train - loss: 0.0043, acc: 0.9996
16:32:11 valid - loss: 1.1077, acc: 0.7789
Epoch 275/300
16:32:23 train - loss: 0.0044, acc: 0.9995
16:32:24 valid - loss: 1.1098, acc: 0.7801
Epoch 276/300
16:32:37 train - loss: 0.0046, acc: 0.9995
16:32:38 valid - loss: 1.1095, acc: 0.7797
Epoch 277/300
16:32:50 train - loss: 0.0042, acc: 0.9997
16:32:51 valid - loss: 1.1104, acc: 0.7805
Epoch 278/300
16:33:04 train - loss: 0.0045, acc: 0.9997
16:33:05 valid - loss: 1.1081, acc: 0.7798
Epoch 279/300
16:33:17 train - loss: 0.0043, acc: 0.9997
16:33:18 valid - loss: 1.1066, acc: 0.7806
Epoch 280/300
16:33:31 train - loss: 0.0046, acc: 0.9997
16:33:32 valid - loss: 1.1098, acc: 0.7802
Epoch 281/300
16:33:44 train - loss: 0.0042, acc: 0.9996
16:33:45 valid - loss: 1.1120, acc: 0.7810
Epoch 282/300
16:33:58 train - loss: 0.0044, acc: 0.9995
16:33:59 valid - loss: 1.1064, acc: 0.7808
Epoch 283/300
16:34:11 train - loss: 0.0043, acc: 0.9997
16:34:12 valid - loss: 1.1048, acc: 0.7804
Epoch 284/300
16:34:25 train - loss: 0.0041, acc: 0.9997
16:34:26 valid - loss: 1.1080, acc: 0.7815
Epoch 285/300
16:34:38 train - loss: 0.0044, acc: 0.9996
16:34:39 valid - loss: 1.1037, acc: 0.7816
Epoch 286/300
16:34:52 train - loss: 0.0041, acc: 0.9996
16:34:53 valid - loss: 1.1016, acc: 0.7817
Epoch 287/300
16:35:05 train - loss: 0.0043, acc: 0.9996
16:35:06 valid - loss: 1.1054, acc: 0.7812
Epoch 288/300
16:35:19 train - loss: 0.0043, acc: 0.9997
16:35:20 valid - loss: 1.1095, acc: 0.7798
Epoch 289/300
16:35:32 train - loss: 0.0040, acc: 0.9997
16:35:33 valid - loss: 1.1055, acc: 0.7812
Epoch 290/300
16:35:46 train - loss: 0.0044, acc: 0.9995
16:35:47 valid - loss: 1.1098, acc: 0.7808
Epoch 291/300
16:35:59 train - loss: 0.0042, acc: 0.9996
16:36:00 valid - loss: 1.1022, acc: 0.7827
Epoch 292/300
16:36:13 train - loss: 0.0043, acc: 0.9995
16:36:14 valid - loss: 1.1021, acc: 0.7803
Epoch 293/300
16:36:26 train - loss: 0.0042, acc: 0.9997
16:36:27 valid - loss: 1.1057, acc: 0.7820
Epoch 294/300
16:36:40 train - loss: 0.0041, acc: 0.9997
16:36:41 valid - loss: 1.1075, acc: 0.7802
Epoch 295/300
16:36:53 train - loss: 0.0044, acc: 0.9996
16:36:54 valid - loss: 1.0980, acc: 0.7814
Epoch 296/300
16:37:07 train - loss: 0.0041, acc: 0.9998
16:37:08 valid - loss: 1.1011, acc: 0.7806
Epoch 297/300
16:37:20 train - loss: 0.0045, acc: 0.9996
16:37:21 valid - loss: 1.1013, acc: 0.7813
Epoch 298/300
16:37:34 train - loss: 0.0043, acc: 0.9996
16:37:35 valid - loss: 1.1047, acc: 0.7818
Epoch 299/300
16:37:47 train - loss: 0.0043, acc: 0.9996
16:37:48 valid - loss: 1.1030, acc: 0.7809
Epoch 300/300
16:38:01 train - loss: 0.0041, acc: 0.9997
16:38:02 valid - loss: 1.0957, acc: 0.7813