20:07:08 Start training
Epoch 1/300
WARNING:tensorflow:From /usr/local/lib/python3.6/dist-packages/tensorflow/python/data/ops/multi_device_iterator_ops.py:601: get_next_as_optional (from tensorflow.python.data.ops.iterator_ops) is deprecated and will be removed in a future version.
Instructions for updating:
Use `tf.data.Iterator.get_next_as_optional()` instead.
WARNING:tensorflow:From /usr/local/lib/python3.6/dist-packages/tensorflow/python/data/ops/multi_device_iterator_ops.py:601: get_next_as_optional (from tensorflow.python.data.ops.iterator_ops) is deprecated and will be removed in a future version.
Instructions for updating:
Use `tf.data.Iterator.get_next_as_optional()` instead.
20:14:30 train - loss: 4.4790, acc: 0.0299
20:15:55 valid - loss: 4.1692, acc: 0.0552
Epoch 2/300
20:16:22 train - loss: 3.9397, acc: 0.0862
20:16:24 valid - loss: 4.8087, acc: 0.1266
Epoch 3/300
20:16:52 train - loss: 3.3855, acc: 0.1817
20:16:53 valid - loss: 3.2432, acc: 0.2132
Epoch 4/300
20:17:21 train - loss: 2.8097, acc: 0.2852
20:17:22 valid - loss: 3.1928, acc: 0.3413
Epoch 5/300
20:17:50 train - loss: 2.4334, acc: 0.3642
20:17:51 valid - loss: 2.3009, acc: 0.4015
Epoch 6/300
20:18:19 train - loss: 2.1437, acc: 0.4239
20:18:20 valid - loss: 2.1556, acc: 0.4310
Epoch 7/300
20:18:48 train - loss: 1.9264, acc: 0.4761
20:18:50 valid - loss: 1.9748, acc: 0.4756
Epoch 8/300
20:19:17 train - loss: 1.7558, acc: 0.5158
20:19:19 valid - loss: 1.7755, acc: 0.5305
Epoch 9/300
20:19:47 train - loss: 1.6451, acc: 0.5418
20:19:48 valid - loss: 1.8538, acc: 0.5124
Epoch 10/300
20:20:16 train - loss: 1.5506, acc: 0.5679
20:20:17 valid - loss: 1.6845, acc: 0.5567
Epoch 11/300
20:20:45 train - loss: 1.4745, acc: 0.5861
20:20:46 valid - loss: 1.6485, acc: 0.5586
Epoch 12/300
20:21:14 train - loss: 1.4229, acc: 0.5974
20:21:15 valid - loss: 1.6166, acc: 0.5690
Epoch 13/300
20:21:43 train - loss: 1.3693, acc: 0.6099
20:21:44 valid - loss: 1.5337, acc: 0.5890
Epoch 14/300
20:22:12 train - loss: 1.3378, acc: 0.6173
20:22:14 valid - loss: 1.7241, acc: 0.5615
Epoch 15/300
20:22:41 train - loss: 1.2913, acc: 0.6317
20:22:43 valid - loss: 1.6970, acc: 0.5536
Epoch 16/300
20:23:11 train - loss: 1.2679, acc: 0.6372
20:23:12 valid - loss: 1.5422, acc: 0.5993
Epoch 17/300
20:23:40 train - loss: 1.2365, acc: 0.6468
20:23:41 valid - loss: 1.5463, acc: 0.6003
Epoch 18/300
20:24:09 train - loss: 1.2097, acc: 0.6531
20:24:10 valid - loss: 1.4471, acc: 0.6198
Epoch 19/300
20:24:38 train - loss: 1.1969, acc: 0.6558
20:24:39 valid - loss: 1.6334, acc: 0.5843
Epoch 20/300
20:25:07 train - loss: 1.1631, acc: 0.6643
20:25:08 valid - loss: 1.4774, acc: 0.6158
Epoch 21/300
20:25:36 train - loss: 1.1492, acc: 0.6675
20:25:38 valid - loss: 1.4051, acc: 0.6264
Epoch 22/300
20:26:05 train - loss: 1.1322, acc: 0.6710
20:26:07 valid - loss: 1.4001, acc: 0.6183
Epoch 23/300
20:26:35 train - loss: 1.1153, acc: 0.6769
20:26:36 valid - loss: 1.4549, acc: 0.6128
Epoch 24/300
20:27:04 train - loss: 1.1047, acc: 0.6806
20:27:05 valid - loss: 1.5173, acc: 0.6119
Epoch 25/300
20:27:33 train - loss: 1.0897, acc: 0.6826
20:27:34 valid - loss: 1.4601, acc: 0.6214
Epoch 26/300
20:28:02 train - loss: 1.0782, acc: 0.6885
20:28:03 valid - loss: 1.3713, acc: 0.6287
Epoch 27/300
20:28:31 train - loss: 1.0710, acc: 0.6900
20:28:32 valid - loss: 1.4756, acc: 0.6212
Epoch 28/300
20:29:00 train - loss: 1.0539, acc: 0.6925
20:29:01 valid - loss: 1.4860, acc: 0.6155
Epoch 29/300
20:29:29 train - loss: 1.0432, acc: 0.6963
20:29:31 valid - loss: 1.4490, acc: 0.6276
Epoch 30/300
20:29:58 train - loss: 1.0353, acc: 0.6985
20:30:00 valid - loss: 1.5220, acc: 0.6102
Epoch 31/300
20:30:28 train - loss: 1.0295, acc: 0.7005
20:30:29 valid - loss: 1.5383, acc: 0.6165
Epoch 32/300
20:30:57 train - loss: 1.0180, acc: 0.7024
20:30:58 valid - loss: 1.4129, acc: 0.6251
Epoch 33/300
20:31:26 train - loss: 1.0088, acc: 0.7055
20:31:27 valid - loss: 1.5221, acc: 0.6241
Epoch 34/300
20:31:55 train - loss: 0.9919, acc: 0.7124
20:31:56 valid - loss: 1.4243, acc: 0.6371
Epoch 35/300
20:32:24 train - loss: 0.9901, acc: 0.7129
20:32:25 valid - loss: 1.4763, acc: 0.6302
Epoch 36/300
20:32:53 train - loss: 0.9838, acc: 0.7144
20:32:54 valid - loss: 1.5224, acc: 0.6046
Epoch 37/300
20:33:22 train - loss: 0.9766, acc: 0.7150
20:33:24 valid - loss: 1.5824, acc: 0.6053
Epoch 38/300
20:33:51 train - loss: 0.9776, acc: 0.7144
20:33:53 valid - loss: 1.4794, acc: 0.6259
Epoch 39/300
20:34:21 train - loss: 0.9683, acc: 0.7163
20:34:22 valid - loss: 1.4827, acc: 0.6238
Epoch 40/300
20:34:50 train - loss: 0.9649, acc: 0.7152
20:34:51 valid - loss: 1.3785, acc: 0.6420
Epoch 41/300
20:35:19 train - loss: 0.9524, acc: 0.7198
20:35:20 valid - loss: 1.4029, acc: 0.6387
Epoch 42/300
20:35:48 train - loss: 0.9443, acc: 0.7217
20:35:49 valid - loss: 1.3789, acc: 0.6482
Epoch 43/300
20:36:17 train - loss: 0.9383, acc: 0.7243
20:36:18 valid - loss: 1.3655, acc: 0.6513
Epoch 44/300
20:36:46 train - loss: 0.9325, acc: 0.7263
20:36:48 valid - loss: 1.5018, acc: 0.6416
Epoch 45/300
20:37:15 train - loss: 0.9308, acc: 0.7261
20:37:17 valid - loss: 1.3789, acc: 0.6407
Epoch 46/300
20:37:45 train - loss: 0.9256, acc: 0.7285
20:37:46 valid - loss: 1.4288, acc: 0.6340
Epoch 47/300
20:38:14 train - loss: 0.9169, acc: 0.7305
20:38:15 valid - loss: 1.4363, acc: 0.6238
Epoch 48/300
20:38:43 train - loss: 0.9137, acc: 0.7297
20:38:44 valid - loss: 1.2754, acc: 0.6605
Epoch 49/300
20:39:12 train - loss: 0.9083, acc: 0.7350
20:39:13 valid - loss: 1.4261, acc: 0.6395
Epoch 50/300
20:39:41 train - loss: 0.9092, acc: 0.7311
20:39:43 valid - loss: 1.3686, acc: 0.6490
Epoch 51/300
20:40:10 train - loss: 0.9032, acc: 0.7341
20:40:12 valid - loss: 1.4487, acc: 0.6460
Epoch 52/300
20:40:40 train - loss: 0.8954, acc: 0.7357
20:40:41 valid - loss: 1.4895, acc: 0.6328
Epoch 53/300
20:41:09 train - loss: 0.8912, acc: 0.7347
20:41:10 valid - loss: 1.3675, acc: 0.6521
Epoch 54/300
20:41:38 train - loss: 0.8925, acc: 0.7373
20:41:39 valid - loss: 1.3778, acc: 0.6433
Epoch 55/300
20:42:07 train - loss: 0.8809, acc: 0.7400
20:42:08 valid - loss: 1.3427, acc: 0.6424
Epoch 56/300
20:42:36 train - loss: 0.8745, acc: 0.7408
20:42:37 valid - loss: 1.3729, acc: 0.6553
Epoch 57/300
20:43:05 train - loss: 0.8744, acc: 0.7427
20:43:07 valid - loss: 1.2992, acc: 0.6703
Epoch 58/300
20:43:34 train - loss: 0.8670, acc: 0.7426
20:43:36 valid - loss: 1.3655, acc: 0.6401
Epoch 59/300
20:44:04 train - loss: 0.8636, acc: 0.7443
20:44:05 valid - loss: 1.7574, acc: 0.6033
Epoch 60/300
20:44:33 train - loss: 0.8632, acc: 0.7444
20:44:34 valid - loss: 1.2937, acc: 0.6694
Epoch 61/300
20:45:02 train - loss: 0.8638, acc: 0.7449
20:45:03 valid - loss: 1.4928, acc: 0.6238
Epoch 62/300
20:45:31 train - loss: 0.8504, acc: 0.7476
20:45:32 valid - loss: 1.3506, acc: 0.6589
Epoch 63/300
20:46:00 train - loss: 0.8445, acc: 0.7503
20:46:01 valid - loss: 1.3099, acc: 0.6507
Epoch 64/300
20:46:29 train - loss: 0.8470, acc: 0.7494
20:46:30 valid - loss: 1.3323, acc: 0.6562
Epoch 65/300
20:46:58 train - loss: 0.8391, acc: 0.7495
20:46:59 valid - loss: 1.3305, acc: 0.6499
Epoch 66/300
20:47:27 train - loss: 0.8312, acc: 0.7536
20:47:29 valid - loss: 1.4925, acc: 0.6268
Epoch 67/300
20:47:56 train - loss: 0.8358, acc: 0.7511
20:47:58 valid - loss: 1.4080, acc: 0.6460
Epoch 68/300
20:48:26 train - loss: 0.8286, acc: 0.7546
20:48:27 valid - loss: 1.3915, acc: 0.6499
Epoch 69/300
20:48:55 train - loss: 0.8218, acc: 0.7563
20:48:56 valid - loss: 1.5987, acc: 0.6285
Epoch 70/300
20:49:24 train - loss: 0.8256, acc: 0.7528
20:49:25 valid - loss: 1.4569, acc: 0.6426
Epoch 71/300
20:49:53 train - loss: 0.8054, acc: 0.7593
20:49:54 valid - loss: 1.3634, acc: 0.6447
Epoch 72/300
20:50:22 train - loss: 0.8085, acc: 0.7610
20:50:23 valid - loss: 1.5483, acc: 0.6369
Epoch 73/300
20:50:51 train - loss: 0.8079, acc: 0.7578
20:50:53 valid - loss: 1.3782, acc: 0.6625
Epoch 74/300
20:51:20 train - loss: 0.8024, acc: 0.7616
20:51:22 valid - loss: 1.5929, acc: 0.6063
Epoch 75/300
20:51:50 train - loss: 0.7933, acc: 0.7626
20:51:51 valid - loss: 1.3975, acc: 0.6504
Epoch 76/300
20:52:19 train - loss: 0.7932, acc: 0.7641
20:52:20 valid - loss: 1.3158, acc: 0.6635
Epoch 77/300
20:52:48 train - loss: 0.7923, acc: 0.7632
20:52:49 valid - loss: 1.3910, acc: 0.6572
Epoch 78/300
20:53:17 train - loss: 0.7876, acc: 0.7681
20:53:18 valid - loss: 1.3987, acc: 0.6605
Epoch 79/300
20:53:46 train - loss: 0.7768, acc: 0.7665
20:53:47 valid - loss: 1.2408, acc: 0.6749
Epoch 80/300
20:54:15 train - loss: 0.7717, acc: 0.7685
20:54:16 valid - loss: 1.4266, acc: 0.6405
Epoch 81/300
20:54:44 train - loss: 0.7778, acc: 0.7680
20:54:45 valid - loss: 1.2231, acc: 0.6809
Epoch 82/300
20:55:13 train - loss: 0.7704, acc: 0.7699
20:55:15 valid - loss: 1.2669, acc: 0.6806
Epoch 83/300
20:55:42 train - loss: 0.7629, acc: 0.7729
20:55:44 valid - loss: 1.2807, acc: 0.6789
Epoch 84/300
20:56:11 train - loss: 0.7673, acc: 0.7700
20:56:13 valid - loss: 1.3701, acc: 0.6627
Epoch 85/300
20:56:41 train - loss: 0.7640, acc: 0.7703
20:56:42 valid - loss: 1.4188, acc: 0.6551
Epoch 86/300
20:57:10 train - loss: 0.7471, acc: 0.7756
20:57:11 valid - loss: 1.2822, acc: 0.6680
Epoch 87/300
20:57:39 train - loss: 0.7464, acc: 0.7768
20:57:40 valid - loss: 1.3182, acc: 0.6726
Epoch 88/300
20:58:08 train - loss: 0.7424, acc: 0.7786
20:58:09 valid - loss: 1.2889, acc: 0.6711
Epoch 89/300
20:58:37 train - loss: 0.7411, acc: 0.7775
20:58:38 valid - loss: 1.3198, acc: 0.6673
Epoch 90/300
20:59:06 train - loss: 0.7399, acc: 0.7781
20:59:08 valid - loss: 1.2665, acc: 0.6771
Epoch 91/300
20:59:36 train - loss: 0.7266, acc: 0.7819
20:59:37 valid - loss: 1.3229, acc: 0.6847
Epoch 92/300
21:00:05 train - loss: 0.7218, acc: 0.7816
21:00:06 valid - loss: 1.3772, acc: 0.6540
Epoch 93/300
21:00:34 train - loss: 0.7214, acc: 0.7807
21:00:35 valid - loss: 1.4997, acc: 0.6433
Epoch 94/300
21:01:03 train - loss: 0.7120, acc: 0.7862
21:01:04 valid - loss: 1.2907, acc: 0.6686
Epoch 95/300
21:01:32 train - loss: 0.7154, acc: 0.7845
21:01:33 valid - loss: 1.1452, acc: 0.7044
Epoch 96/300
21:02:01 train - loss: 0.7037, acc: 0.7889
21:02:03 valid - loss: 1.4336, acc: 0.6613
Epoch 97/300
21:02:30 train - loss: 0.6991, acc: 0.7886
21:02:32 valid - loss: 1.2781, acc: 0.6781
Epoch 98/300
21:03:00 train - loss: 0.7022, acc: 0.7880
21:03:01 valid - loss: 1.2514, acc: 0.6827
Epoch 99/300
21:03:29 train - loss: 0.6906, acc: 0.7915
21:03:30 valid - loss: 1.2520, acc: 0.6834
Epoch 100/300
21:03:58 train - loss: 0.6856, acc: 0.7945
21:03:59 valid - loss: 1.2197, acc: 0.6846
Epoch 101/300
21:04:27 train - loss: 0.6824, acc: 0.7942
21:04:28 valid - loss: 1.5970, acc: 0.6440
Epoch 102/300
21:04:56 train - loss: 0.6902, acc: 0.7918
21:04:58 valid - loss: 1.2891, acc: 0.6749
Epoch 103/300
21:05:25 train - loss: 0.6762, acc: 0.7962
21:05:27 valid - loss: 1.3182, acc: 0.6785
Epoch 104/300
21:05:54 train - loss: 0.6764, acc: 0.7966
21:05:56 valid - loss: 1.4418, acc: 0.6647
Epoch 105/300
21:06:24 train - loss: 0.6705, acc: 0.7959
21:06:25 valid - loss: 1.4595, acc: 0.6626
Epoch 106/300
21:06:53 train - loss: 0.6617, acc: 0.8006
21:06:54 valid - loss: 1.3603, acc: 0.6790
Epoch 107/300
21:07:22 train - loss: 0.6610, acc: 0.7986
21:07:23 valid - loss: 1.2715, acc: 0.6862
Epoch 108/300
21:07:51 train - loss: 0.6592, acc: 0.7981
21:07:52 valid - loss: 1.4745, acc: 0.6602
Epoch 109/300
21:08:20 train - loss: 0.6549, acc: 0.7999
21:08:21 valid - loss: 1.3117, acc: 0.6812
Epoch 110/300
21:08:49 train - loss: 0.6415, acc: 0.8058
21:08:50 valid - loss: 1.2831, acc: 0.6905
Epoch 111/300
21:09:18 train - loss: 0.6383, acc: 0.8060
21:09:19 valid - loss: 1.4809, acc: 0.6561
Epoch 112/300
21:09:47 train - loss: 0.6411, acc: 0.8051
21:09:48 valid - loss: 1.2776, acc: 0.6870
Epoch 113/300
21:10:16 train - loss: 0.6306, acc: 0.8083
21:10:18 valid - loss: 1.3175, acc: 0.6858
Epoch 114/300
21:10:45 train - loss: 0.6254, acc: 0.8096
21:10:47 valid - loss: 1.4337, acc: 0.6552
Epoch 115/300
21:11:14 train - loss: 0.6211, acc: 0.8097
21:11:16 valid - loss: 1.3543, acc: 0.6713
Epoch 116/300
21:11:44 train - loss: 0.6184, acc: 0.8110
21:11:45 valid - loss: 1.3997, acc: 0.6698
Epoch 117/300
21:12:13 train - loss: 0.6167, acc: 0.8119
21:12:14 valid - loss: 1.3990, acc: 0.6670
Epoch 118/300
21:12:42 train - loss: 0.6025, acc: 0.8174
21:12:43 valid - loss: 1.4268, acc: 0.6630
Epoch 119/300
21:13:11 train - loss: 0.6027, acc: 0.8154
21:13:12 valid - loss: 1.3449, acc: 0.6725
Epoch 120/300
21:13:40 train - loss: 0.5950, acc: 0.8189
21:13:41 valid - loss: 1.3931, acc: 0.6692
Epoch 121/300
21:14:09 train - loss: 0.5961, acc: 0.8170
21:14:10 valid - loss: 1.2036, acc: 0.7089
Epoch 122/300
21:14:38 train - loss: 0.5888, acc: 0.8185
21:14:40 valid - loss: 1.2227, acc: 0.6904
Epoch 123/300
21:15:08 train - loss: 0.5758, acc: 0.8231
21:15:09 valid - loss: 1.2558, acc: 0.6947
Epoch 124/300
21:15:37 train - loss: 0.5660, acc: 0.8258
21:15:38 valid - loss: 1.3777, acc: 0.6647
Epoch 125/300
21:16:06 train - loss: 0.5765, acc: 0.8239
21:16:07 valid - loss: 1.3123, acc: 0.6817
Epoch 126/300
21:16:35 train - loss: 0.5622, acc: 0.8276
21:16:36 valid - loss: 1.3126, acc: 0.6922
Epoch 127/300
21:17:04 train - loss: 0.5643, acc: 0.8260
21:17:05 valid - loss: 1.2936, acc: 0.6767
Epoch 128/300
21:17:33 train - loss: 0.5510, acc: 0.8311
21:17:35 valid - loss: 1.1602, acc: 0.7071
Epoch 129/300
21:18:03 train - loss: 0.5481, acc: 0.8322
21:18:04 valid - loss: 1.3186, acc: 0.6868
Epoch 130/300
21:18:32 train - loss: 0.5552, acc: 0.8295
21:18:33 valid - loss: 1.2176, acc: 0.7040
Epoch 131/300
21:19:01 train - loss: 0.5489, acc: 0.8304
21:19:02 valid - loss: 1.2492, acc: 0.6936
Epoch 132/300
21:19:30 train - loss: 0.5348, acc: 0.8350
21:19:31 valid - loss: 1.3080, acc: 0.6832
Epoch 133/300
21:19:59 train - loss: 0.5370, acc: 0.8349
21:20:00 valid - loss: 1.2170, acc: 0.6987
Epoch 134/300
21:20:28 train - loss: 0.5245, acc: 0.8399
21:20:30 valid - loss: 1.2418, acc: 0.6992
Epoch 135/300
21:20:57 train - loss: 0.5174, acc: 0.8409
21:20:59 valid - loss: 1.2762, acc: 0.6968
Epoch 136/300
21:21:27 train - loss: 0.5208, acc: 0.8403
21:21:28 valid - loss: 1.3688, acc: 0.6690
Epoch 137/300
21:21:56 train - loss: 0.5152, acc: 0.8409
21:21:57 valid - loss: 1.1959, acc: 0.7007
Epoch 138/300
21:22:25 train - loss: 0.5102, acc: 0.8426
21:22:26 valid - loss: 1.1933, acc: 0.7127
Epoch 139/300
21:22:54 train - loss: 0.5040, acc: 0.8436
21:22:55 valid - loss: 1.3220, acc: 0.6804
Epoch 140/300
21:23:23 train - loss: 0.4973, acc: 0.8462
21:23:24 valid - loss: 1.3618, acc: 0.6850
Epoch 141/300
21:23:52 train - loss: 0.4838, acc: 0.8495
21:23:53 valid - loss: 1.2088, acc: 0.7144
Epoch 142/300
21:24:21 train - loss: 0.4842, acc: 0.8502
21:24:22 valid - loss: 1.3109, acc: 0.6885
Epoch 143/300
21:24:50 train - loss: 0.4839, acc: 0.8504
21:24:51 valid - loss: 1.3020, acc: 0.6971
Epoch 144/300
21:25:19 train - loss: 0.4765, acc: 0.8513
21:25:21 valid - loss: 1.1868, acc: 0.7112
Epoch 145/300
21:25:48 train - loss: 0.4579, acc: 0.8595
21:25:50 valid - loss: 1.3022, acc: 0.6904
Epoch 146/300
21:26:17 train - loss: 0.4699, acc: 0.8537
21:26:19 valid - loss: 1.3487, acc: 0.6923
Epoch 147/300
21:26:47 train - loss: 0.4621, acc: 0.8560
21:26:48 valid - loss: 1.3452, acc: 0.6946
Epoch 148/300
21:27:16 train - loss: 0.4544, acc: 0.8599
21:27:17 valid - loss: 1.1794, acc: 0.7097
Epoch 149/300
21:27:45 train - loss: 0.4374, acc: 0.8640
21:27:46 valid - loss: 1.1523, acc: 0.7311
Epoch 150/300
21:28:14 train - loss: 0.4532, acc: 0.8598
21:28:15 valid - loss: 1.3997, acc: 0.6799
Epoch 151/300
21:28:43 train - loss: 0.4317, acc: 0.8668
21:28:44 valid - loss: 1.3000, acc: 0.7067
Epoch 152/300
21:29:12 train - loss: 0.4272, acc: 0.8677
21:29:13 valid - loss: 1.3441, acc: 0.6936
Epoch 153/300
21:29:41 train - loss: 0.4275, acc: 0.8674
21:29:43 valid - loss: 1.3557, acc: 0.6963
Epoch 154/300
21:30:11 train - loss: 0.4152, acc: 0.8726
21:30:12 valid - loss: 1.2023, acc: 0.7141
Epoch 155/300
21:30:40 train - loss: 0.4099, acc: 0.8716
21:30:41 valid - loss: 1.3183, acc: 0.6997
Epoch 156/300
21:31:09 train - loss: 0.4028, acc: 0.8745
21:31:10 valid - loss: 1.3721, acc: 0.6869
Epoch 157/300
21:31:38 train - loss: 0.4046, acc: 0.8735
21:31:39 valid - loss: 1.4430, acc: 0.6920
Epoch 158/300
21:32:07 train - loss: 0.3959, acc: 0.8763
21:32:09 valid - loss: 1.3167, acc: 0.7037
Epoch 159/300
21:33:06 train - loss: 0.3929, acc: 0.8766
21:33:07 valid - loss: 1.3731, acc: 0.6880
Epoch 161/300
21:33:35 train - loss: 0.3688, acc: 0.8854
21:33:36 valid - loss: 1.3406, acc: 0.6978
Epoch 162/300
21:34:04 train - loss: 0.3674, acc: 0.8849
21:34:05 valid - loss: 1.3553, acc: 0.7115
Epoch 163/300
21:34:33 train - loss: 0.3750, acc: 0.8828
21:34:35 valid - loss: 1.4224, acc: 0.6911
Epoch 164/300
21:35:03 train - loss: 0.3626, acc: 0.8864
21:35:04 valid - loss: 1.3359, acc: 0.7067
Epoch 165/300
21:35:32 train - loss: 0.3597, acc: 0.8880
21:35:33 valid - loss: 1.2797, acc: 0.7141
Epoch 166/300
21:36:01 train - loss: 0.3508, acc: 0.8901
21:36:02 valid - loss: 1.3137, acc: 0.7037
Epoch 167/300
21:36:30 train - loss: 0.3408, acc: 0.8948
21:36:31 valid - loss: 1.3480, acc: 0.6939
Epoch 168/300
21:36:59 train - loss: 0.3386, acc: 0.8942
21:37:01 valid - loss: 1.2590, acc: 0.7123
Epoch 169/300
21:37:29 train - loss: 0.3344, acc: 0.8947
21:37:30 valid - loss: 1.2507, acc: 0.7084
Epoch 170/300
21:37:58 train - loss: 0.3274, acc: 0.8980
21:37:59 valid - loss: 1.2700, acc: 0.7160
Epoch 171/300
21:38:27 train - loss: 0.3380, acc: 0.8942
21:38:28 valid - loss: 1.2232, acc: 0.7238
Epoch 172/300
21:38:56 train - loss: 0.3094, acc: 0.9041
21:38:57 valid - loss: 1.3068, acc: 0.7067
Epoch 173/300
21:39:25 train - loss: 0.3008, acc: 0.9053
21:39:26 valid - loss: 1.2930, acc: 0.7139
Epoch 174/300
21:39:54 train - loss: 0.3052, acc: 0.9037
21:39:55 valid - loss: 1.2066, acc: 0.7248
Epoch 175/300
21:40:23 train - loss: 0.3051, acc: 0.9039
21:40:25 valid - loss: 1.2809, acc: 0.7106
Epoch 176/300
21:40:53 train - loss: 0.2907, acc: 0.9109
21:40:54 valid - loss: 1.3030, acc: 0.7130
Epoch 177/300
21:41:22 train - loss: 0.2892, acc: 0.9096
21:41:23 valid - loss: 1.3588, acc: 0.7112
Epoch 178/300
21:41:51 train - loss: 0.2957, acc: 0.9075
21:41:52 valid - loss: 1.2376, acc: 0.7212
Epoch 179/300
21:42:20 train - loss: 0.2798, acc: 0.9112
21:42:21 valid - loss: 1.3300, acc: 0.7181
Epoch 180/300
21:42:49 train - loss: 0.2740, acc: 0.9142
21:42:51 valid - loss: 1.2829, acc: 0.7197
Epoch 181/300
21:43:19 train - loss: 0.2737, acc: 0.9137
21:43:20 valid - loss: 1.3278, acc: 0.7164
Epoch 182/300
21:43:48 train - loss: 0.2564, acc: 0.9199
21:43:49 valid - loss: 1.4531, acc: 0.7036
Epoch 183/300
21:44:17 train - loss: 0.2562, acc: 0.9192
21:44:18 valid - loss: 1.2255, acc: 0.7217
Epoch 184/300
21:44:46 train - loss: 0.2618, acc: 0.9191
21:44:47 valid - loss: 1.2652, acc: 0.7191
Epoch 185/300
21:45:15 train - loss: 0.2526, acc: 0.9218
21:45:17 valid - loss: 1.1553, acc: 0.7363
Epoch 186/300
21:45:44 train - loss: 0.2482, acc: 0.9236
21:45:46 valid - loss: 1.2054, acc: 0.7424
Epoch 187/300
21:46:14 train - loss: 0.2326, acc: 0.9287
21:46:15 valid - loss: 1.1773, acc: 0.7399
Epoch 188/300
21:46:43 train - loss: 0.2283, acc: 0.9281
21:46:44 valid - loss: 1.2341, acc: 0.7245
Epoch 189/300
21:47:12 train - loss: 0.2326, acc: 0.9292
21:47:13 valid - loss: 1.2735, acc: 0.7288
Epoch 190/300
21:47:41 train - loss: 0.2178, acc: 0.9312
21:47:42 valid - loss: 1.3008, acc: 0.7202
Epoch 191/300
21:48:10 train - loss: 0.2176, acc: 0.9316
21:48:11 valid - loss: 1.3742, acc: 0.7088
Epoch 192/300
21:48:39 train - loss: 0.2161, acc: 0.9336
21:48:41 valid - loss: 1.2387, acc: 0.7338
Epoch 193/300
21:49:08 train - loss: 0.2007, acc: 0.9386
21:49:10 valid - loss: 1.2013, acc: 0.7408
Epoch 194/300
21:49:38 train - loss: 0.1932, acc: 0.9412
21:49:39 valid - loss: 1.1477, acc: 0.7506
Epoch 195/300
21:50:07 train - loss: 0.2017, acc: 0.9368
21:50:08 valid - loss: 1.1817, acc: 0.7380
Epoch 196/300
21:50:36 train - loss: 0.1847, acc: 0.9442
21:50:37 valid - loss: 1.2250, acc: 0.7366
Epoch 197/300
21:51:05 train - loss: 0.1843, acc: 0.9437
21:51:06 valid - loss: 1.2532, acc: 0.7284
Epoch 198/300
21:51:34 train - loss: 0.1906, acc: 0.9415
21:51:36 valid - loss: 1.2288, acc: 0.7352
Epoch 199/300
21:52:03 train - loss: 0.1739, acc: 0.9461
21:52:05 valid - loss: 1.2453, acc: 0.7359
Epoch 200/300
21:52:33 train - loss: 0.1712, acc: 0.9482
21:52:34 valid - loss: 1.1660, acc: 0.7507
Epoch 201/300
21:53:02 train - loss: 0.1578, acc: 0.9535
21:53:03 valid - loss: 1.1242, acc: 0.7537
Epoch 202/300
21:53:31 train - loss: 0.1471, acc: 0.9555
21:53:32 valid - loss: 1.1471, acc: 0.7559
Epoch 203/300
21:54:00 train - loss: 0.1532, acc: 0.9550
21:54:01 valid - loss: 1.2028, acc: 0.7445
Epoch 204/300
21:54:29 train - loss: 0.1491, acc: 0.9561
21:54:30 valid - loss: 1.2119, acc: 0.7389
Epoch 205/300
21:54:58 train - loss: 0.1390, acc: 0.9600
21:54:59 valid - loss: 1.2100, acc: 0.7425
Epoch 206/300
21:55:27 train - loss: 0.1368, acc: 0.9599
21:55:29 valid - loss: 1.3172, acc: 0.7342
Epoch 207/300
21:55:56 train - loss: 0.1319, acc: 0.9618
21:55:58 valid - loss: 1.2462, acc: 0.7355
Epoch 208/300
21:56:25 train - loss: 0.1343, acc: 0.9605
21:56:27 valid - loss: 1.1465, acc: 0.7539
Epoch 209/300
21:56:55 train - loss: 0.1309, acc: 0.9616
21:56:56 valid - loss: 1.1486, acc: 0.7491
Epoch 210/300
21:57:24 train - loss: 0.1219, acc: 0.9646
21:57:25 valid - loss: 1.0967, acc: 0.7661
Epoch 211/300
21:57:53 train - loss: 0.1167, acc: 0.9663
21:57:54 valid - loss: 1.1693, acc: 0.7444
Epoch 212/300
21:58:22 train - loss: 0.1144, acc: 0.9665
21:58:23 valid - loss: 1.0424, acc: 0.7709
Epoch 213/300
21:58:51 train - loss: 0.1020, acc: 0.9716
21:58:52 valid - loss: 1.1288, acc: 0.7605
Epoch 214/300
21:59:20 train - loss: 0.1071, acc: 0.9695
21:59:21 valid - loss: 1.1223, acc: 0.7617
Epoch 215/300
21:59:49 train - loss: 0.1103, acc: 0.9680
21:59:50 valid - loss: 1.1275, acc: 0.7534
Epoch 216/300
22:00:18 train - loss: 0.0971, acc: 0.9736
22:00:19 valid - loss: 1.0802, acc: 0.7640
Epoch 217/300
22:00:47 train - loss: 0.0899, acc: 0.9757
22:00:48 valid - loss: 1.0442, acc: 0.7764
Epoch 218/300
22:01:16 train - loss: 0.0796, acc: 0.9786
22:01:18 valid - loss: 1.0990, acc: 0.7658
Epoch 219/300
22:01:45 train - loss: 0.0792, acc: 0.9784
22:01:47 valid - loss: 1.0817, acc: 0.7644
Epoch 220/300
22:02:14 train - loss: 0.0752, acc: 0.9804
22:02:16 valid - loss: 1.1251, acc: 0.7625
Epoch 221/300
22:02:44 train - loss: 0.0675, acc: 0.9825
22:02:45 valid - loss: 1.1012, acc: 0.7574
Epoch 222/300
22:03:13 train - loss: 0.0629, acc: 0.9843
22:03:14 valid - loss: 1.0370, acc: 0.7747
Epoch 223/300
22:03:42 train - loss: 0.0591, acc: 0.9856
22:03:43 valid - loss: 1.0710, acc: 0.7746
Epoch 224/300
22:04:11 train - loss: 0.0502, acc: 0.9885
22:04:12 valid - loss: 1.0198, acc: 0.7847
Epoch 225/300
22:04:40 train - loss: 0.0433, acc: 0.9902
22:04:42 valid - loss: 0.9700, acc: 0.7872
Epoch 226/300
22:05:10 train - loss: 0.0460, acc: 0.9897
22:05:11 valid - loss: 1.0128, acc: 0.7797
Epoch 227/300
22:05:39 train - loss: 0.0427, acc: 0.9907
22:05:40 valid - loss: 0.9780, acc: 0.7881
Epoch 228/300
22:06:08 train - loss: 0.0358, acc: 0.9925
22:06:09 valid - loss: 1.0080, acc: 0.7792
Epoch 229/300
22:06:37 train - loss: 0.0355, acc: 0.9932
22:06:38 valid - loss: 0.9675, acc: 0.7880
Epoch 230/300
22:07:06 train - loss: 0.0301, acc: 0.9945
22:07:08 valid - loss: 0.9692, acc: 0.7924
Epoch 231/300
22:07:36 train - loss: 0.0360, acc: 0.9930
22:07:37 valid - loss: 0.9681, acc: 0.7925
Epoch 232/300
22:08:05 train - loss: 0.0344, acc: 0.9932
22:08:06 valid - loss: 0.9655, acc: 0.7905
Epoch 233/300
22:08:34 train - loss: 0.0277, acc: 0.9952
22:08:35 valid - loss: 0.9596, acc: 0.7911
Epoch 234/300
22:09:03 train - loss: 0.0255, acc: 0.9957
22:09:04 valid - loss: 0.8927, acc: 0.7960
Epoch 235/300
22:09:32 train - loss: 0.0242, acc: 0.9962
22:09:33 valid - loss: 0.9165, acc: 0.8010
Epoch 236/300
22:10:01 train - loss: 0.0244, acc: 0.9959
22:10:03 valid - loss: 0.9046, acc: 0.7983
Epoch 237/300
22:10:31 train - loss: 0.0220, acc: 0.9966
22:10:32 valid - loss: 0.8561, acc: 0.8062
Epoch 238/300
22:11:00 train - loss: 0.0210, acc: 0.9966
22:11:01 valid - loss: 0.8629, acc: 0.8076
Epoch 239/300
22:11:29 train - loss: 0.0209, acc: 0.9968
22:11:30 valid - loss: 0.8625, acc: 0.8055
Epoch 240/300
22:11:58 train - loss: 0.0180, acc: 0.9974
22:11:59 valid - loss: 0.8962, acc: 0.8019
Epoch 241/300
22:12:27 train - loss: 0.0167, acc: 0.9975
22:12:29 valid - loss: 0.8736, acc: 0.8085
Epoch 242/300
22:12:57 train - loss: 0.0144, acc: 0.9979
22:12:58 valid - loss: 0.8243, acc: 0.8144
Epoch 243/300
22:13:26 train - loss: 0.0136, acc: 0.9981
22:13:27 valid - loss: 0.8280, acc: 0.8080
Epoch 244/300
22:13:55 train - loss: 0.0103, acc: 0.9989
22:13:56 valid - loss: 0.8232, acc: 0.8136
Epoch 245/300
22:14:24 train - loss: 0.0097, acc: 0.9989
22:14:25 valid - loss: 0.8085, acc: 0.8148
Epoch 246/300
22:14:53 train - loss: 0.0082, acc: 0.9992
22:14:54 valid - loss: 0.8149, acc: 0.8141
Epoch 247/300
22:15:22 train - loss: 0.0084, acc: 0.9992
22:15:24 valid - loss: 0.7883, acc: 0.8216
Epoch 248/300
22:15:51 train - loss: 0.0081, acc: 0.9992
22:15:53 valid - loss: 0.7997, acc: 0.8199
Epoch 249/300
22:16:21 train - loss: 0.0067, acc: 0.9993
22:16:22 valid - loss: 0.7952, acc: 0.8203
Epoch 250/300
22:16:50 train - loss: 0.0071, acc: 0.9993
22:16:51 valid - loss: 0.7835, acc: 0.8226
Epoch 251/300
22:17:19 train - loss: 0.0059, acc: 0.9994
22:17:20 valid - loss: 0.7997, acc: 0.8175
Epoch 252/300
22:17:48 train - loss: 0.0067, acc: 0.9995
22:17:49 valid - loss: 0.7909, acc: 0.8205
Epoch 253/300
22:18:17 train - loss: 0.0067, acc: 0.9993
22:18:18 valid - loss: 0.7747, acc: 0.8238
Epoch 254/300
22:18:46 train - loss: 0.0060, acc: 0.9995
22:18:48 valid - loss: 0.7908, acc: 0.8215
Epoch 255/300
22:19:15 train - loss: 0.0061, acc: 0.9995
22:19:17 valid - loss: 0.7935, acc: 0.8218
Epoch 256/300
22:19:45 train - loss: 0.0054, acc: 0.9996
22:19:46 valid - loss: 0.7835, acc: 0.8224
Epoch 257/300
22:20:14 train - loss: 0.0049, acc: 0.9995
22:20:15 valid - loss: 0.7735, acc: 0.8248
Epoch 258/300
22:20:43 train - loss: 0.0055, acc: 0.9994
22:20:44 valid - loss: 0.7905, acc: 0.8231
Epoch 259/300
22:21:12 train - loss: 0.0056, acc: 0.9995
22:21:13 valid - loss: 0.7749, acc: 0.8211
Epoch 260/300
22:21:41 train - loss: 0.0051, acc: 0.9995
22:21:42 valid - loss: 0.7817, acc: 0.8220
Epoch 261/300
22:22:10 train - loss: 0.0055, acc: 0.9994
22:22:11 valid - loss: 0.7758, acc: 0.8227
Epoch 262/300
22:22:39 train - loss: 0.0047, acc: 0.9996
22:22:40 valid - loss: 0.7732, acc: 0.8236
Epoch 263/300
22:23:08 train - loss: 0.0051, acc: 0.9995
22:23:10 valid - loss: 0.7573, acc: 0.8247
Epoch 264/300
22:23:37 train - loss: 0.0046, acc: 0.9997
22:23:39 valid - loss: 0.7662, acc: 0.8225
Epoch 265/300
22:24:07 train - loss: 0.0045, acc: 0.9996
22:24:08 valid - loss: 0.7658, acc: 0.8269
Epoch 266/300
22:24:36 train - loss: 0.0040, acc: 0.9997
22:24:37 valid - loss: 0.7767, acc: 0.8251
Epoch 267/300
22:25:05 train - loss: 0.0040, acc: 0.9996
22:25:06 valid - loss: 0.7648, acc: 0.8246
Epoch 268/300
22:25:34 train - loss: 0.0039, acc: 0.9998
22:25:35 valid - loss: 0.7637, acc: 0.8242
Epoch 269/300
22:26:03 train - loss: 0.0040, acc: 0.9997
22:26:04 valid - loss: 0.7693, acc: 0.8246
Epoch 270/300
22:26:32 train - loss: 0.0040, acc: 0.9996
22:26:34 valid - loss: 0.7821, acc: 0.8236
Epoch 271/300
22:27:01 train - loss: 0.0032, acc: 0.9998
22:27:03 valid - loss: 0.7678, acc: 0.8255
Epoch 272/300
22:27:30 train - loss: 0.0032, acc: 0.9997
22:27:32 valid - loss: 0.7757, acc: 0.8254
Epoch 273/300
22:28:00 train - loss: 0.0037, acc: 0.9996
22:28:01 valid - loss: 0.7753, acc: 0.8229
Epoch 274/300
22:28:29 train - loss: 0.0033, acc: 0.9997
22:28:30 valid - loss: 0.7788, acc: 0.8230
Epoch 275/300
22:28:58 train - loss: 0.0032, acc: 0.9998
22:28:59 valid - loss: 0.7807, acc: 0.8250
Epoch 276/300
22:29:27 train - loss: 0.0031, acc: 0.9998
22:29:28 valid - loss: 0.7785, acc: 0.8243
Epoch 277/300
22:29:56 train - loss: 0.0030, acc: 0.9997
22:29:57 valid - loss: 0.7787, acc: 0.8254
Epoch 278/300
22:30:25 train - loss: 0.0030, acc: 0.9998
22:30:26 valid - loss: 0.7751, acc: 0.8245
Epoch 279/300
22:30:54 train - loss: 0.0027, acc: 0.9997
22:30:55 valid - loss: 0.7717, acc: 0.8272
Epoch 280/300
22:31:23 train - loss: 0.0032, acc: 0.9997
22:31:25 valid - loss: 0.7769, acc: 0.8267
Epoch 281/300
22:31:52 train - loss: 0.0028, acc: 0.9998
22:31:54 valid - loss: 0.7716, acc: 0.8267
Epoch 282/300
22:32:22 train - loss: 0.0028, acc: 0.9998
22:32:23 valid - loss: 0.7733, acc: 0.8252
Epoch 283/300
22:32:51 train - loss: 0.0027, acc: 0.9998
22:32:52 valid - loss: 0.7718, acc: 0.8271
Epoch 284/300
22:33:20 train - loss: 0.0026, acc: 0.9998
22:33:21 valid - loss: 0.7763, acc: 0.8263
Epoch 285/300
22:33:49 train - loss: 0.0026, acc: 0.9998
22:33:50 valid - loss: 0.7765, acc: 0.8270
Epoch 286/300
22:34:18 train - loss: 0.0026, acc: 0.9998
22:34:19 valid - loss: 0.7745, acc: 0.8279
Epoch 287/300
22:34:47 train - loss: 0.0027, acc: 0.9999
22:34:49 valid - loss: 0.7703, acc: 0.8267
Epoch 288/300
22:35:16 train - loss: 0.0025, acc: 0.9998
22:35:18 valid - loss: 0.7783, acc: 0.8255
Epoch 289/300
22:35:46 train - loss: 0.0026, acc: 0.9997
22:35:47 valid - loss: 0.7780, acc: 0.8259
Epoch 290/300
22:36:15 train - loss: 0.0025, acc: 0.9998
22:36:16 valid - loss: 0.7751, acc: 0.8260
Epoch 291/300
22:36:44 train - loss: 0.0025, acc: 0.9998
22:36:45 valid - loss: 0.7724, acc: 0.8264
Epoch 292/300
22:37:13 train - loss: 0.0026, acc: 0.9997
22:37:15 valid - loss: 0.7731, acc: 0.8265
Epoch 293/300
22:37:42 train - loss: 0.0026, acc: 0.9997
22:37:44 valid - loss: 0.7735, acc: 0.8274
Epoch 294/300
22:38:12 train - loss: 0.0024, acc: 0.9999
22:38:13 valid - loss: 0.7737, acc: 0.8261
Epoch 295/300
22:38:41 train - loss: 0.0027, acc: 0.9997
22:38:42 valid - loss: 0.7737, acc: 0.8267
Epoch 296/300
22:39:10 train - loss: 0.0026, acc: 0.9998
22:39:11 valid - loss: 0.7752, acc: 0.8256
Epoch 297/300
22:39:39 train - loss: 0.0025, acc: 0.9998
22:39:40 valid - loss: 0.7751, acc: 0.8260
Epoch 298/300
22:40:08 train - loss: 0.0025, acc: 0.9998
22:40:09 valid - loss: 0.7723, acc: 0.8257
Epoch 299/300
22:40:37 train - loss: 0.0026, acc: 0.9997
22:40:39 valid - loss: 0.7762, acc: 0.8258
Epoch 300/300
22:41:07 train - loss: 0.0024, acc: 0.9999
22:41:08 valid - loss: 0.7723, acc: 0.8266