22:44:46 Start training
Epoch 1/300
WARNING:tensorflow:From /usr/local/lib/python3.6/dist-packages/tensorflow/python/data/ops/multi_device_iterator_ops.py:601: get_next_as_optional (from tensorflow.python.data.ops.iterator_ops) is deprecated and will be removed in a future version.
Instructions for updating:
Use `tf.data.Iterator.get_next_as_optional()` instead.
WARNING:tensorflow:From /usr/local/lib/python3.6/dist-packages/tensorflow/python/data/ops/multi_device_iterator_ops.py:601: get_next_as_optional (from tensorflow.python.data.ops.iterator_ops) is deprecated and will be removed in a future version.
Instructions for updating:
Use `tf.data.Iterator.get_next_as_optional()` instead.
22:52:32 train - loss: 4.3254, acc: 0.0442
22:54:02 valid - loss: 3.9559, acc: 0.0872
Epoch 2/300
22:54:29 train - loss: 3.6696, acc: 0.1335
22:54:31 valid - loss: 3.4663, acc: 0.1747
Epoch 3/300
22:54:59 train - loss: 3.0427, acc: 0.2446
22:55:00 valid - loss: 3.3265, acc: 0.2278
Epoch 4/300
22:55:28 train - loss: 2.5750, acc: 0.3358
22:55:29 valid - loss: 2.5217, acc: 0.3648
Epoch 5/300
22:55:57 train - loss: 2.2381, acc: 0.4058
22:55:58 valid - loss: 2.1774, acc: 0.4324
Epoch 6/300
22:56:26 train - loss: 1.9731, acc: 0.4656
22:56:27 valid - loss: 2.1420, acc: 0.4451
Epoch 7/300
22:56:55 train - loss: 1.7727, acc: 0.5127
22:56:57 valid - loss: 1.8812, acc: 0.5027
Epoch 8/300
22:57:25 train - loss: 1.6401, acc: 0.5449
22:57:26 valid - loss: 1.9028, acc: 0.5023
Epoch 9/300
22:57:54 train - loss: 1.5365, acc: 0.5699
22:57:55 valid - loss: 1.6175, acc: 0.5564
Epoch 10/300
22:58:23 train - loss: 1.4632, acc: 0.5900
22:58:24 valid - loss: 1.7515, acc: 0.5408
Epoch 11/300
22:58:52 train - loss: 1.4014, acc: 0.6046
22:58:53 valid - loss: 1.7061, acc: 0.5512
Epoch 12/300
22:59:21 train - loss: 1.3606, acc: 0.6149
22:59:23 valid - loss: 1.7436, acc: 0.5403
Epoch 13/300
22:59:51 train - loss: 1.3164, acc: 0.6271
22:59:52 valid - loss: 1.5662, acc: 0.5850
Epoch 14/300
23:00:20 train - loss: 1.2818, acc: 0.6333
23:00:21 valid - loss: 1.6525, acc: 0.5752
Epoch 15/300
23:00:49 train - loss: 1.2531, acc: 0.6420
23:00:50 valid - loss: 1.4766, acc: 0.6071
Epoch 16/300
23:01:18 train - loss: 1.2228, acc: 0.6517
23:01:19 valid - loss: 1.4325, acc: 0.6136
Epoch 17/300
23:01:47 train - loss: 1.2004, acc: 0.6529
23:01:49 valid - loss: 1.5989, acc: 0.5894
Epoch 18/300
23:02:16 train - loss: 1.1740, acc: 0.6631
23:02:18 valid - loss: 1.5626, acc: 0.6037
Epoch 19/300
23:02:46 train - loss: 1.1598, acc: 0.6674
23:02:47 valid - loss: 1.7772, acc: 0.5551
Epoch 20/300
23:03:15 train - loss: 1.1324, acc: 0.6728
23:03:16 valid - loss: 1.4396, acc: 0.6252
Epoch 21/300
23:03:44 train - loss: 1.1188, acc: 0.6760
23:03:45 valid - loss: 1.4678, acc: 0.6176
Epoch 22/300
23:04:13 train - loss: 1.1006, acc: 0.6834
23:04:14 valid - loss: 1.5051, acc: 0.6078
Epoch 23/300
23:04:42 train - loss: 1.0890, acc: 0.6844
23:04:44 valid - loss: 1.5501, acc: 0.6086
Epoch 24/300
23:05:11 train - loss: 1.0804, acc: 0.6851
23:05:13 valid - loss: 1.4995, acc: 0.6144
Epoch 25/300
23:05:41 train - loss: 1.0620, acc: 0.6913
23:05:42 valid - loss: 1.4975, acc: 0.6126
Epoch 26/300
23:06:10 train - loss: 1.0541, acc: 0.6930
23:06:11 valid - loss: 1.4142, acc: 0.6245
Epoch 27/300
23:06:39 train - loss: 1.0422, acc: 0.6980
23:06:40 valid - loss: 1.4282, acc: 0.6291
Epoch 28/300
23:07:08 train - loss: 1.0316, acc: 0.6997
23:07:09 valid - loss: 1.3968, acc: 0.6359
Epoch 29/300
23:07:37 train - loss: 1.0196, acc: 0.7019
23:07:38 valid - loss: 1.4686, acc: 0.6176
Epoch 30/300
23:08:06 train - loss: 1.0153, acc: 0.7035
23:08:08 valid - loss: 1.5054, acc: 0.6111
Epoch 31/300
23:08:35 train - loss: 1.0041, acc: 0.7047
23:08:37 valid - loss: 1.5845, acc: 0.6068
Epoch 32/300
23:09:04 train - loss: 0.9942, acc: 0.7097
23:09:06 valid - loss: 1.4092, acc: 0.6331
Epoch 33/300
23:09:34 train - loss: 0.9903, acc: 0.7109
23:09:35 valid - loss: 1.5981, acc: 0.5938
Epoch 34/300
23:10:03 train - loss: 0.9783, acc: 0.7120
23:10:04 valid - loss: 1.3633, acc: 0.6370
Epoch 35/300
23:10:32 train - loss: 0.9744, acc: 0.7151
23:10:33 valid - loss: 1.4116, acc: 0.6303
Epoch 36/300
23:11:01 train - loss: 0.9691, acc: 0.7166
23:11:02 valid - loss: 1.4556, acc: 0.6218
Epoch 37/300
23:11:30 train - loss: 0.9610, acc: 0.7168
23:11:31 valid - loss: 1.3870, acc: 0.6366
Epoch 38/300
23:11:59 train - loss: 0.9462, acc: 0.7237
23:12:01 valid - loss: 1.5580, acc: 0.6091
Epoch 39/300
23:12:29 train - loss: 0.9448, acc: 0.7222
23:12:30 valid - loss: 1.2766, acc: 0.6565
Epoch 40/300
23:12:58 train - loss: 0.9420, acc: 0.7210
23:12:59 valid - loss: 1.4104, acc: 0.6388
Epoch 41/300
23:13:27 train - loss: 0.9288, acc: 0.7255
23:13:28 valid - loss: 1.6146, acc: 0.6073
Epoch 42/300
23:13:56 train - loss: 0.9332, acc: 0.7262
23:13:57 valid - loss: 1.3850, acc: 0.6423
Epoch 43/300
23:14:25 train - loss: 0.9278, acc: 0.7267
23:14:26 valid - loss: 1.5290, acc: 0.6152
Epoch 44/300
23:14:54 train - loss: 0.9142, acc: 0.7303
23:14:56 valid - loss: 1.4007, acc: 0.6494
Epoch 45/300
23:15:23 train - loss: 0.9131, acc: 0.7311
23:15:25 valid - loss: 1.5975, acc: 0.6149
Epoch 46/300
23:15:53 train - loss: 0.9110, acc: 0.7327
23:15:54 valid - loss: 1.4828, acc: 0.6308
Epoch 47/300
23:16:22 train - loss: 0.9062, acc: 0.7343
23:16:23 valid - loss: 1.4807, acc: 0.6144
Epoch 48/300
23:16:51 train - loss: 0.9007, acc: 0.7328
23:16:52 valid - loss: 1.2238, acc: 0.6668
Epoch 49/300
23:17:20 train - loss: 0.8910, acc: 0.7393
23:17:21 valid - loss: 1.2618, acc: 0.6679
Epoch 50/300
23:17:49 train - loss: 0.8950, acc: 0.7337
23:17:50 valid - loss: 1.3371, acc: 0.6502
Epoch 51/300
23:18:18 train - loss: 0.8880, acc: 0.7365
23:18:19 valid - loss: 1.4060, acc: 0.6463
Epoch 52/300
23:18:47 train - loss: 0.8855, acc: 0.7370
23:18:49 valid - loss: 1.4807, acc: 0.6313
Epoch 53/300
23:19:16 train - loss: 0.8679, acc: 0.7425
23:19:18 valid - loss: 1.3881, acc: 0.6594
Epoch 54/300
23:19:45 train - loss: 0.8756, acc: 0.7404
23:19:47 valid - loss: 1.2304, acc: 0.6756
Epoch 55/300
23:20:15 train - loss: 0.8647, acc: 0.7444
23:20:16 valid - loss: 1.4166, acc: 0.6334
Epoch 56/300
23:20:44 train - loss: 0.8610, acc: 0.7463
23:20:45 valid - loss: 1.2168, acc: 0.6791
Epoch 57/300
23:21:13 train - loss: 0.8577, acc: 0.7457
23:21:14 valid - loss: 1.3243, acc: 0.6597
Epoch 58/300
23:21:42 train - loss: 0.8527, acc: 0.7465
23:21:43 valid - loss: 1.3008, acc: 0.6727
Epoch 59/300
23:22:11 train - loss: 0.8535, acc: 0.7464
23:22:12 valid - loss: 1.5155, acc: 0.6400
Epoch 60/300
23:22:40 train - loss: 0.8471, acc: 0.7498
23:22:41 valid - loss: 1.5043, acc: 0.6338
Epoch 61/300
23:23:09 train - loss: 0.8452, acc: 0.7484
23:23:10 valid - loss: 1.6230, acc: 0.6047
Epoch 62/300
23:23:38 train - loss: 0.8501, acc: 0.7476
23:23:40 valid - loss: 1.5814, acc: 0.6230
Epoch 63/300
23:24:07 train - loss: 0.8356, acc: 0.7512
23:24:09 valid - loss: 1.2916, acc: 0.6604
Epoch 64/300
23:24:37 train - loss: 0.8374, acc: 0.7500
23:24:38 valid - loss: 1.5034, acc: 0.6332
Epoch 65/300
23:25:06 train - loss: 0.8267, acc: 0.7557
23:25:07 valid - loss: 1.4331, acc: 0.6406
Epoch 66/300
23:25:35 train - loss: 0.8209, acc: 0.7566
23:25:36 valid - loss: 1.4693, acc: 0.6358
Epoch 67/300
23:26:04 train - loss: 0.8170, acc: 0.7561
23:26:05 valid - loss: 1.3835, acc: 0.6529
Epoch 68/300
23:26:33 train - loss: 0.8195, acc: 0.7552
23:26:34 valid - loss: 1.4481, acc: 0.6350
Epoch 69/300
23:27:02 train - loss: 0.8169, acc: 0.7579
23:27:03 valid - loss: 1.3769, acc: 0.6523
Epoch 70/300
23:27:31 train - loss: 0.8193, acc: 0.7576
23:27:32 valid - loss: 1.4049, acc: 0.6424
Epoch 71/300
23:28:00 train - loss: 0.7931, acc: 0.7638
23:28:02 valid - loss: 1.2130, acc: 0.6853
Epoch 72/300
23:28:30 train - loss: 0.7976, acc: 0.7616
23:28:31 valid - loss: 1.4654, acc: 0.6465
Epoch 73/300
23:28:59 train - loss: 0.7936, acc: 0.7654
23:29:00 valid - loss: 1.5888, acc: 0.6238
Epoch 74/300
23:29:28 train - loss: 0.7932, acc: 0.7627
23:29:29 valid - loss: 1.3823, acc: 0.6594
Epoch 75/300
23:29:57 train - loss: 0.7860, acc: 0.7644
23:29:58 valid - loss: 1.3511, acc: 0.6653
Epoch 76/300
23:30:26 train - loss: 0.7832, acc: 0.7652
23:30:28 valid - loss: 1.3986, acc: 0.6528
Epoch 77/300
23:30:55 train - loss: 0.7822, acc: 0.7667
23:30:57 valid - loss: 1.3830, acc: 0.6488
Epoch 78/300
23:31:25 train - loss: 0.7808, acc: 0.7648
23:31:26 valid - loss: 1.4392, acc: 0.6458
Epoch 79/300
23:31:54 train - loss: 0.7725, acc: 0.7684
23:31:55 valid - loss: 1.4768, acc: 0.6346
Epoch 80/300
23:32:23 train - loss: 0.7616, acc: 0.7708
23:32:24 valid - loss: 1.2624, acc: 0.6706
Epoch 81/300
23:32:52 train - loss: 0.7726, acc: 0.7676
23:32:53 valid - loss: 1.4291, acc: 0.6489
Epoch 82/300
23:33:21 train - loss: 0.7596, acc: 0.7715
23:33:22 valid - loss: 1.6522, acc: 0.6234
Epoch 83/300
23:33:50 train - loss: 0.7523, acc: 0.7741
23:33:52 valid - loss: 1.7236, acc: 0.6075
Epoch 84/300
23:34:19 train - loss: 0.7552, acc: 0.7732
23:34:21 valid - loss: 1.3337, acc: 0.6600
Epoch 85/300
23:34:49 train - loss: 0.7529, acc: 0.7746
23:34:50 valid - loss: 1.4555, acc: 0.6501
Epoch 86/300
23:35:18 train - loss: 0.7440, acc: 0.7754
23:35:19 valid - loss: 1.4654, acc: 0.6598
Epoch 87/300
23:35:47 train - loss: 0.7350, acc: 0.7791
23:35:48 valid - loss: 1.3389, acc: 0.6604
Epoch 88/300
23:36:16 train - loss: 0.7399, acc: 0.7751
23:36:17 valid - loss: 1.5207, acc: 0.6211
Epoch 89/300
23:36:45 train - loss: 0.7284, acc: 0.7837
23:36:46 valid - loss: 1.3118, acc: 0.6706
Epoch 90/300
23:37:14 train - loss: 0.7350, acc: 0.7781
23:37:16 valid - loss: 1.5076, acc: 0.6377
Epoch 91/300
23:37:44 train - loss: 0.7215, acc: 0.7837
23:37:45 valid - loss: 1.4702, acc: 0.6582
Epoch 92/300
23:38:13 train - loss: 0.7205, acc: 0.7826
23:38:14 valid - loss: 1.2166, acc: 0.6883
Epoch 93/300
23:38:42 train - loss: 0.7154, acc: 0.7845
23:38:43 valid - loss: 1.3294, acc: 0.6734
Epoch 94/300
23:39:11 train - loss: 0.7032, acc: 0.7880
23:39:12 valid - loss: 1.4106, acc: 0.6525
Epoch 95/300
23:39:40 train - loss: 0.7108, acc: 0.7861
23:39:41 valid - loss: 1.2866, acc: 0.6785
Epoch 96/300
23:40:09 train - loss: 0.7021, acc: 0.7882
23:40:10 valid - loss: 1.2919, acc: 0.6795
Epoch 97/300
23:40:38 train - loss: 0.6916, acc: 0.7911
23:40:40 valid - loss: 1.2936, acc: 0.6724
Epoch 98/300
23:41:08 train - loss: 0.7035, acc: 0.7863
23:41:09 valid - loss: 1.3869, acc: 0.6587
Epoch 99/300
23:41:37 train - loss: 0.6838, acc: 0.7921
23:41:38 valid - loss: 1.4226, acc: 0.6584
Epoch 100/300
23:42:06 train - loss: 0.6891, acc: 0.7916
23:42:07 valid - loss: 1.2631, acc: 0.6757
Epoch 101/300
23:42:35 train - loss: 0.6775, acc: 0.7950
23:42:36 valid - loss: 1.5233, acc: 0.6465
Epoch 102/300
23:43:04 train - loss: 0.6859, acc: 0.7915
23:43:06 valid - loss: 1.2848, acc: 0.6704
Epoch 103/300
23:43:34 train - loss: 0.6694, acc: 0.7964
23:43:35 valid - loss: 1.6391, acc: 0.6305
Epoch 104/300
23:44:03 train - loss: 0.6706, acc: 0.7981
23:44:04 valid - loss: 1.5662, acc: 0.6372
Epoch 105/300
23:44:32 train - loss: 0.6659, acc: 0.7974
23:44:33 valid - loss: 1.2505, acc: 0.6948
Epoch 106/300
23:45:01 train - loss: 0.6557, acc: 0.8010
23:45:02 valid - loss: 1.2773, acc: 0.6833
Epoch 107/300
23:45:30 train - loss: 0.6531, acc: 0.8012
23:45:31 valid - loss: 1.3259, acc: 0.6731
Epoch 108/300
23:45:59 train - loss: 0.6527, acc: 0.8009
23:46:01 valid - loss: 1.2853, acc: 0.6827
Epoch 109/300
23:46:28 train - loss: 0.6446, acc: 0.8042
23:46:30 valid - loss: 1.6019, acc: 0.6471
Epoch 110/300
23:46:58 train - loss: 0.6426, acc: 0.8034
23:46:59 valid - loss: 1.5077, acc: 0.6500
Epoch 111/300
23:47:27 train - loss: 0.6373, acc: 0.8045
23:47:28 valid - loss: 1.3377, acc: 0.6707
Epoch 112/300
23:47:56 train - loss: 0.6330, acc: 0.8063
23:47:57 valid - loss: 1.3420, acc: 0.6799
Epoch 113/300
23:48:25 train - loss: 0.6258, acc: 0.8103
23:48:26 valid - loss: 1.4582, acc: 0.6607
Epoch 114/300
23:48:54 train - loss: 0.6283, acc: 0.8086
23:48:56 valid - loss: 1.4686, acc: 0.6603
Epoch 115/300
23:49:23 train - loss: 0.6225, acc: 0.8091
23:49:25 valid - loss: 1.2695, acc: 0.6834
Epoch 116/300
23:49:53 train - loss: 0.6092, acc: 0.8143
23:49:54 valid - loss: 1.4013, acc: 0.6833
Epoch 117/300
23:50:22 train - loss: 0.6037, acc: 0.8166
23:50:23 valid - loss: 1.5657, acc: 0.6576
Epoch 118/300
23:50:51 train - loss: 0.6024, acc: 0.8171
23:50:52 valid - loss: 1.3243, acc: 0.6791
Epoch 119/300
23:51:20 train - loss: 0.5982, acc: 0.8175
23:51:21 valid - loss: 1.3145, acc: 0.6850
Epoch 120/300
23:51:49 train - loss: 0.5954, acc: 0.8182
23:51:50 valid - loss: 1.2633, acc: 0.6938
Epoch 121/300
23:52:18 train - loss: 0.5918, acc: 0.8186
23:52:20 valid - loss: 1.3197, acc: 0.6830
Epoch 122/300
23:52:47 train - loss: 0.5833, acc: 0.8228
23:52:49 valid - loss: 1.3367, acc: 0.6830
Epoch 123/300
23:53:17 train - loss: 0.5778, acc: 0.8231
23:53:18 valid - loss: 1.1639, acc: 0.7084
Epoch 124/300
23:53:46 train - loss: 0.5695, acc: 0.8247
23:53:47 valid - loss: 1.2242, acc: 0.7007
Epoch 125/300
23:54:15 train - loss: 0.5669, acc: 0.8256
23:54:16 valid - loss: 1.2637, acc: 0.6948
Epoch 126/300
23:54:44 train - loss: 0.5638, acc: 0.8271
23:54:45 valid - loss: 1.2808, acc: 0.6916
Epoch 127/300
23:55:13 train - loss: 0.5577, acc: 0.8270
23:55:15 valid - loss: 1.2654, acc: 0.6940
Epoch 128/300
23:55:43 train - loss: 0.5555, acc: 0.8295
23:55:44 valid - loss: 1.2199, acc: 0.7077
Epoch 129/300
23:56:12 train - loss: 0.5434, acc: 0.8321
23:56:13 valid - loss: 1.2601, acc: 0.7031
Epoch 130/300
23:56:41 train - loss: 0.5482, acc: 0.8290
23:56:42 valid - loss: 1.3073, acc: 0.6842
Epoch 131/300
23:57:10 train - loss: 0.5408, acc: 0.8328
23:57:11 valid - loss: 1.5613, acc: 0.6453
Epoch 132/300
23:57:39 train - loss: 0.5330, acc: 0.8354
23:57:41 valid - loss: 1.3161, acc: 0.6819
Epoch 133/300
23:58:08 train - loss: 0.5289, acc: 0.8366
23:58:10 valid - loss: 1.3074, acc: 0.6869
Epoch 134/300
23:58:38 train - loss: 0.5196, acc: 0.8399
23:58:39 valid - loss: 1.2056, acc: 0.7103
Epoch 135/300
23:59:07 train - loss: 0.5144, acc: 0.8410
23:59:08 valid - loss: 1.2715, acc: 0.6960
Epoch 136/300
23:59:36 train - loss: 0.5122, acc: 0.8428
23:59:37 valid - loss: 1.3063, acc: 0.6826
Epoch 137/300
00:00:05 train - loss: 0.5047, acc: 0.8440
00:00:06 valid - loss: 1.2202, acc: 0.7030
Epoch 138/300
00:00:34 train - loss: 0.5111, acc: 0.8415
00:00:35 valid - loss: 1.1872, acc: 0.7097
Epoch 139/300
00:01:03 train - loss: 0.4973, acc: 0.8478
00:01:04 valid - loss: 1.4195, acc: 0.6800
Epoch 140/300
00:01:32 train - loss: 0.4915, acc: 0.8484
00:01:34 valid - loss: 1.3731, acc: 0.6837
Epoch 141/300
00:02:01 train - loss: 0.4829, acc: 0.8511
00:02:03 valid - loss: 1.5174, acc: 0.6708
Epoch 142/300
00:02:31 train - loss: 0.4840, acc: 0.8483
00:02:32 valid - loss: 1.2937, acc: 0.7062
Epoch 143/300
00:03:00 train - loss: 0.4719, acc: 0.8532
00:03:01 valid - loss: 1.2883, acc: 0.6950
Epoch 144/300
00:03:29 train - loss: 0.4691, acc: 0.8560
00:03:30 valid - loss: 1.2996, acc: 0.6919
Epoch 145/300
00:03:58 train - loss: 0.4595, acc: 0.8583
00:03:59 valid - loss: 1.3172, acc: 0.6916
Epoch 146/300
00:04:27 train - loss: 0.4584, acc: 0.8570
00:04:28 valid - loss: 1.3383, acc: 0.6882
Epoch 147/300
00:04:56 train - loss: 0.4519, acc: 0.8594
00:04:58 valid - loss: 1.3967, acc: 0.6845
Epoch 148/300
00:05:26 train - loss: 0.4511, acc: 0.8594
00:05:27 valid - loss: 1.1781, acc: 0.7230
Epoch 149/300
00:05:55 train - loss: 0.4494, acc: 0.8625
00:05:56 valid - loss: 1.2858, acc: 0.7061
Epoch 150/300
00:06:24 train - loss: 0.4372, acc: 0.8632
00:06:25 valid - loss: 1.5823, acc: 0.6642
Epoch 151/300
00:06:53 train - loss: 0.4308, acc: 0.8654
00:06:54 valid - loss: 1.3196, acc: 0.6907
Epoch 152/300
00:07:22 train - loss: 0.4223, acc: 0.8682
00:07:24 valid - loss: 1.2571, acc: 0.7091
Epoch 153/300
00:07:51 train - loss: 0.4243, acc: 0.8683
00:07:53 valid - loss: 1.3352, acc: 0.6935
Epoch 154/300
00:08:21 train - loss: 0.4143, acc: 0.8717
00:08:22 valid - loss: 1.3264, acc: 0.6888
Epoch 155/300
00:08:50 train - loss: 0.4107, acc: 0.8712
00:08:51 valid - loss: 1.4572, acc: 0.6912
Epoch 156/300
00:09:19 train - loss: 0.4005, acc: 0.8752
00:09:20 valid - loss: 1.3224, acc: 0.6971
Epoch 157/300
00:09:48 train - loss: 0.3964, acc: 0.8769
00:09:50 valid - loss: 1.4341, acc: 0.6976
Epoch 158/300
00:10:18 train - loss: 0.3911, acc: 0.8790
00:10:19 valid - loss: 1.2195, acc: 0.7231
Epoch 159/300
00:10:47 train - loss: 0.3896, acc: 0.8794
00:10:48 valid - loss: 1.2249, acc: 0.7101
Epoch 160/300
00:11:16 train - loss: 0.3828, acc: 0.8803
00:11:17 valid - loss: 1.3392, acc: 0.6994
Epoch 161/300
00:11:45 train - loss: 0.3764, acc: 0.8814
00:11:47 valid - loss: 1.3359, acc: 0.6966
Epoch 162/300
00:12:14 train - loss: 0.3682, acc: 0.8839
00:12:16 valid - loss: 1.1809, acc: 0.7276
Epoch 163/300
00:12:44 train - loss: 0.3632, acc: 0.8866
00:12:45 valid - loss: 1.3715, acc: 0.6973
Epoch 164/300
00:13:13 train - loss: 0.3513, acc: 0.8886
00:13:14 valid - loss: 1.1956, acc: 0.7189
Epoch 165/300
00:13:42 train - loss: 0.3576, acc: 0.8874
00:13:43 valid - loss: 1.3119, acc: 0.7203
Epoch 166/300
00:14:11 train - loss: 0.3484, acc: 0.8905
00:14:12 valid - loss: 1.4100, acc: 0.6962
Epoch 167/300
00:14:40 train - loss: 0.3396, acc: 0.8956
00:14:42 valid - loss: 1.3754, acc: 0.6964
Epoch 168/300
00:15:09 train - loss: 0.3355, acc: 0.8940
00:15:11 valid - loss: 1.4350, acc: 0.6940
Epoch 169/300
00:15:39 train - loss: 0.3362, acc: 0.8949
00:15:40 valid - loss: 1.3057, acc: 0.7050
Epoch 170/300
00:16:08 train - loss: 0.3335, acc: 0.8948
00:16:09 valid - loss: 1.3350, acc: 0.7026
Epoch 171/300
00:16:37 train - loss: 0.3215, acc: 0.8993
00:16:38 valid - loss: 1.2213, acc: 0.7299
Epoch 172/300
00:17:06 train - loss: 0.3017, acc: 0.9055
00:17:07 valid - loss: 1.2569, acc: 0.7183
Epoch 173/300
00:17:35 train - loss: 0.3137, acc: 0.9004
00:17:36 valid - loss: 1.3161, acc: 0.7163
Epoch 174/300
00:18:04 train - loss: 0.3051, acc: 0.9038
00:18:05 valid - loss: 1.3999, acc: 0.7061
Epoch 175/300
00:18:33 train - loss: 0.2885, acc: 0.9098
00:18:35 valid - loss: 1.3063, acc: 0.7137
Epoch 176/300
00:19:02 train - loss: 0.2888, acc: 0.9097
00:19:04 valid - loss: 1.2033, acc: 0.7275
Epoch 177/300
00:19:32 train - loss: 0.2870, acc: 0.9106
00:19:33 valid - loss: 1.3200, acc: 0.7190
Epoch 178/300
00:20:01 train - loss: 0.2854, acc: 0.9100
00:20:02 valid - loss: 1.2684, acc: 0.7328
Epoch 179/300
00:20:30 train - loss: 0.2702, acc: 0.9160
00:20:31 valid - loss: 1.3759, acc: 0.6946
Epoch 180/300
00:20:59 train - loss: 0.2703, acc: 0.9156
00:21:00 valid - loss: 1.3336, acc: 0.7185
Epoch 181/300
00:21:28 train - loss: 0.2648, acc: 0.9172
00:21:29 valid - loss: 1.1655, acc: 0.7438
Epoch 182/300
00:21:57 train - loss: 0.2692, acc: 0.9156
00:21:59 valid - loss: 1.3090, acc: 0.7175
Epoch 183/300
00:22:26 train - loss: 0.2422, acc: 0.9248
00:22:28 valid - loss: 1.4109, acc: 0.7156
Epoch 184/300
00:22:56 train - loss: 0.2569, acc: 0.9200
00:22:57 valid - loss: 1.3106, acc: 0.7190
Epoch 185/300
00:23:25 train - loss: 0.2455, acc: 0.9226
00:23:26 valid - loss: 1.2383, acc: 0.7315
Epoch 186/300
00:23:54 train - loss: 0.2330, acc: 0.9280
00:23:55 valid - loss: 1.2521, acc: 0.7337
Epoch 187/300
00:24:23 train - loss: 0.2387, acc: 0.9257
00:24:24 valid - loss: 1.2670, acc: 0.7296
Epoch 188/300
00:24:52 train - loss: 0.2249, acc: 0.9316
00:24:53 valid - loss: 1.3335, acc: 0.7088
Epoch 189/300
00:25:21 train - loss: 0.2236, acc: 0.9313
00:25:22 valid - loss: 1.2806, acc: 0.7266
Epoch 190/300
00:25:50 train - loss: 0.2283, acc: 0.9286
00:25:52 valid - loss: 1.2762, acc: 0.7206
Epoch 191/300
00:26:19 train - loss: 0.2241, acc: 0.9304
00:26:21 valid - loss: 1.1832, acc: 0.7345
Epoch 192/300
00:26:48 train - loss: 0.1987, acc: 0.9397
00:26:50 valid - loss: 1.3695, acc: 0.7152
Epoch 193/300
00:27:18 train - loss: 0.1972, acc: 0.9400
00:27:19 valid - loss: 1.2288, acc: 0.7456
Epoch 194/300
00:27:47 train - loss: 0.1882, acc: 0.9419
00:27:48 valid - loss: 1.3393, acc: 0.7222
Epoch 195/300
00:28:16 train - loss: 0.2110, acc: 0.9354
00:28:17 valid - loss: 1.2240, acc: 0.7351
Epoch 196/300
00:28:45 train - loss: 0.1758, acc: 0.9467
00:28:46 valid - loss: 1.2063, acc: 0.7439
Epoch 197/300
00:29:14 train - loss: 0.1799, acc: 0.9449
00:29:15 valid - loss: 1.2448, acc: 0.7396
Epoch 198/300
00:29:43 train - loss: 0.1795, acc: 0.9455
00:29:44 valid - loss: 1.3027, acc: 0.7248
Epoch 199/300
00:30:12 train - loss: 0.1661, acc: 0.9496
00:30:14 valid - loss: 1.2672, acc: 0.7370
Epoch 200/300
00:30:41 train - loss: 0.1825, acc: 0.9442
00:30:43 valid - loss: 1.2772, acc: 0.7309
Epoch 201/300
00:31:11 train - loss: 0.1542, acc: 0.9537
00:31:12 valid - loss: 1.1332, acc: 0.7516
Epoch 202/300
00:31:40 train - loss: 0.1628, acc: 0.9495
00:31:41 valid - loss: 1.3144, acc: 0.7331
Epoch 203/300
00:32:09 train - loss: 0.1530, acc: 0.9537
00:32:10 valid - loss: 1.3023, acc: 0.7284
Epoch 204/300
00:32:38 train - loss: 0.1430, acc: 0.9592
00:32:39 valid - loss: 1.1440, acc: 0.7559
Epoch 205/300
00:33:07 train - loss: 0.1406, acc: 0.9576
00:33:08 valid - loss: 1.3245, acc: 0.7303
Epoch 206/300
00:33:36 train - loss: 0.1403, acc: 0.9576
00:33:37 valid - loss: 1.3102, acc: 0.7360
Epoch 207/300
00:34:05 train - loss: 0.1295, acc: 0.9625
00:34:07 valid - loss: 1.1844, acc: 0.7474
Epoch 208/300
00:34:34 train - loss: 0.1268, acc: 0.9628
00:34:36 valid - loss: 1.2226, acc: 0.7426
Epoch 209/300
00:35:04 train - loss: 0.1186, acc: 0.9657
00:35:05 valid - loss: 1.1080, acc: 0.7590
Epoch 210/300
00:35:33 train - loss: 0.1134, acc: 0.9664
00:35:34 valid - loss: 1.1099, acc: 0.7638
Epoch 211/300
00:36:02 train - loss: 0.1106, acc: 0.9682
00:36:03 valid - loss: 1.2860, acc: 0.7371
Epoch 212/300
00:36:31 train - loss: 0.1031, acc: 0.9713
00:36:32 valid - loss: 1.2098, acc: 0.7472
Epoch 213/300
00:37:00 train - loss: 0.1038, acc: 0.9705
00:37:01 valid - loss: 1.2112, acc: 0.7486
Epoch 214/300
00:37:29 train - loss: 0.1041, acc: 0.9710
00:37:30 valid - loss: 1.0938, acc: 0.7679
Epoch 215/300
00:37:58 train - loss: 0.0963, acc: 0.9735
00:38:00 valid - loss: 1.0543, acc: 0.7682
Epoch 216/300
00:38:27 train - loss: 0.0980, acc: 0.9728
00:38:29 valid - loss: 1.1196, acc: 0.7627
Epoch 217/300
00:38:57 train - loss: 0.0839, acc: 0.9777
00:38:58 valid - loss: 1.0966, acc: 0.7680
Epoch 218/300
00:39:26 train - loss: 0.0819, acc: 0.9779
00:39:27 valid - loss: 1.1551, acc: 0.7582
Epoch 219/300
00:39:55 train - loss: 0.0784, acc: 0.9791
00:39:56 valid - loss: 1.1019, acc: 0.7610
Epoch 220/300
00:40:24 train - loss: 0.0766, acc: 0.9801
00:40:25 valid - loss: 1.0936, acc: 0.7678
Epoch 221/300
00:40:53 train - loss: 0.0769, acc: 0.9795
00:40:54 valid - loss: 1.0965, acc: 0.7599
Epoch 222/300
00:41:22 train - loss: 0.0688, acc: 0.9826
00:41:24 valid - loss: 1.0845, acc: 0.7726
Epoch 223/300
00:41:51 train - loss: 0.0674, acc: 0.9830
00:41:53 valid - loss: 1.1381, acc: 0.7554
Epoch 224/300
00:42:21 train - loss: 0.0641, acc: 0.9842
00:42:22 valid - loss: 0.9897, acc: 0.7830
Epoch 225/300
00:42:50 train - loss: 0.0506, acc: 0.9883
00:42:51 valid - loss: 1.0463, acc: 0.7812
Epoch 226/300
00:43:19 train - loss: 0.0437, acc: 0.9905
00:43:20 valid - loss: 1.0046, acc: 0.7862
Epoch 227/300
00:43:48 train - loss: 0.0460, acc: 0.9895
00:43:49 valid - loss: 1.0288, acc: 0.7795
Epoch 228/300
00:44:17 train - loss: 0.0461, acc: 0.9895
00:44:18 valid - loss: 1.0005, acc: 0.7840
Epoch 229/300
00:44:46 train - loss: 0.0403, acc: 0.9908
00:44:47 valid - loss: 1.0279, acc: 0.7782
Epoch 230/300
00:45:15 train - loss: 0.0394, acc: 0.9916
00:45:17 valid - loss: 0.9596, acc: 0.7920
Epoch 231/300
00:45:45 train - loss: 0.0309, acc: 0.9949
00:45:46 valid - loss: 0.9302, acc: 0.7964
Epoch 232/300
00:46:14 train - loss: 0.0270, acc: 0.9953
00:46:15 valid - loss: 0.9666, acc: 0.7952
Epoch 233/300
00:46:43 train - loss: 0.0218, acc: 0.9965
00:46:44 valid - loss: 0.9559, acc: 0.7965
Epoch 234/300
00:47:12 train - loss: 0.0262, acc: 0.9950
00:47:14 valid - loss: 0.9115, acc: 0.8029
Epoch 235/300
00:47:42 train - loss: 0.0253, acc: 0.9957
00:47:43 valid - loss: 0.8624, acc: 0.8069
Epoch 236/300
00:48:11 train - loss: 0.0227, acc: 0.9964
00:48:12 valid - loss: 0.9074, acc: 0.8018
Epoch 237/300
00:48:40 train - loss: 0.0201, acc: 0.9967
00:48:41 valid - loss: 0.8576, acc: 0.8082
Epoch 238/300
00:49:09 train - loss: 0.0166, acc: 0.9977
00:49:10 valid - loss: 0.8685, acc: 0.8094
Epoch 239/300
00:49:38 train - loss: 0.0150, acc: 0.9978
00:49:40 valid - loss: 0.8787, acc: 0.8069
Epoch 240/300
00:50:07 train - loss: 0.0176, acc: 0.9970
00:50:09 valid - loss: 0.8678, acc: 0.8131
Epoch 241/300
00:50:37 train - loss: 0.0148, acc: 0.9980
00:50:38 valid - loss: 0.8544, acc: 0.8148
Epoch 242/300
00:51:06 train - loss: 0.0134, acc: 0.9983
00:51:07 valid - loss: 0.8364, acc: 0.8147
Epoch 243/300
00:51:35 train - loss: 0.0112, acc: 0.9989
00:51:36 valid - loss: 0.8051, acc: 0.8178
Epoch 244/300
00:52:04 train - loss: 0.0108, acc: 0.9987
00:52:05 valid - loss: 0.8409, acc: 0.8166
Epoch 245/300
00:52:33 train - loss: 0.0092, acc: 0.9991
00:52:34 valid - loss: 0.8142, acc: 0.8200
Epoch 246/300
00:53:02 train - loss: 0.0091, acc: 0.9989
00:53:03 valid - loss: 0.7931, acc: 0.8267
Epoch 247/300
00:53:31 train - loss: 0.0086, acc: 0.9990
00:53:33 valid - loss: 0.8113, acc: 0.8210
Epoch 248/300
00:54:00 train - loss: 0.0081, acc: 0.9990
00:54:02 valid - loss: 0.7998, acc: 0.8215
Epoch 249/300
00:54:30 train - loss: 0.0079, acc: 0.9992
00:54:31 valid - loss: 0.7956, acc: 0.8234
Epoch 250/300
00:54:59 train - loss: 0.0074, acc: 0.9993
00:55:00 valid - loss: 0.7999, acc: 0.8251
Epoch 251/300
00:55:28 train - loss: 0.0075, acc: 0.9991
00:55:29 valid - loss: 0.7787, acc: 0.8246
Epoch 252/300
00:55:57 train - loss: 0.0070, acc: 0.9993
00:55:58 valid - loss: 0.8102, acc: 0.8216
Epoch 253/300
00:56:26 train - loss: 0.0066, acc: 0.9994
00:56:27 valid - loss: 0.7863, acc: 0.8299
Epoch 254/300
00:56:55 train - loss: 0.0059, acc: 0.9994
00:56:57 valid - loss: 0.7894, acc: 0.8243
Epoch 255/300
00:57:24 train - loss: 0.0055, acc: 0.9995
00:57:26 valid - loss: 0.7852, acc: 0.8273
Epoch 256/300
00:57:54 train - loss: 0.0055, acc: 0.9995
00:57:55 valid - loss: 0.7725, acc: 0.8265
Epoch 257/300
00:58:23 train - loss: 0.0047, acc: 0.9996
00:58:24 valid - loss: 0.7729, acc: 0.8255
Epoch 258/300
00:58:52 train - loss: 0.0049, acc: 0.9997
00:58:53 valid - loss: 0.7714, acc: 0.8281
Epoch 259/300
00:59:21 train - loss: 0.0048, acc: 0.9996
00:59:22 valid - loss: 0.7795, acc: 0.8289
Epoch 260/300
00:59:50 train - loss: 0.0044, acc: 0.9996
00:59:51 valid - loss: 0.7695, acc: 0.8302
Epoch 261/300
01:00:19 train - loss: 0.0048, acc: 0.9995
01:00:21 valid - loss: 0.7863, acc: 0.8304
Epoch 262/300
01:00:49 train - loss: 0.0045, acc: 0.9995
01:00:50 valid - loss: 0.7719, acc: 0.8315
Epoch 263/300
01:01:18 train - loss: 0.0042, acc: 0.9997
01:01:19 valid - loss: 0.7600, acc: 0.8325
Epoch 264/300
01:01:47 train - loss: 0.0039, acc: 0.9997
01:01:48 valid - loss: 0.7621, acc: 0.8314
Epoch 265/300
01:02:16 train - loss: 0.0039, acc: 0.9997
01:02:17 valid - loss: 0.7826, acc: 0.8271
Epoch 266/300
01:02:45 train - loss: 0.0037, acc: 0.9996
01:02:47 valid - loss: 0.7612, acc: 0.8313
Epoch 267/300
01:03:14 train - loss: 0.0039, acc: 0.9996
01:03:16 valid - loss: 0.7698, acc: 0.8308
Epoch 268/300
01:03:44 train - loss: 0.0037, acc: 0.9997
01:03:45 valid - loss: 0.7640, acc: 0.8323
Epoch 269/300
01:04:13 train - loss: 0.0037, acc: 0.9997
01:04:14 valid - loss: 0.7700, acc: 0.8314
Epoch 270/300
01:04:42 train - loss: 0.0037, acc: 0.9996
01:04:43 valid - loss: 0.7690, acc: 0.8314
Epoch 271/300
01:05:11 train - loss: 0.0035, acc: 0.9995
01:05:12 valid - loss: 0.7731, acc: 0.8308
Epoch 272/300
01:05:40 train - loss: 0.0030, acc: 0.9997
01:05:41 valid - loss: 0.7704, acc: 0.8309
Epoch 273/300
01:06:09 train - loss: 0.0035, acc: 0.9997
01:06:10 valid - loss: 0.7723, acc: 0.8313
Epoch 274/300
01:06:38 train - loss: 0.0032, acc: 0.9997
01:06:40 valid - loss: 0.7780, acc: 0.8301
Epoch 275/300
01:07:08 train - loss: 0.0034, acc: 0.9997
01:07:09 valid - loss: 0.7889, acc: 0.8295
Epoch 276/300
01:07:37 train - loss: 0.0030, acc: 0.9997
01:07:38 valid - loss: 0.7726, acc: 0.8314
Epoch 277/300
01:08:06 train - loss: 0.0030, acc: 0.9997
01:08:07 valid - loss: 0.7762, acc: 0.8315
Epoch 278/300
01:08:35 train - loss: 0.0031, acc: 0.9997
01:08:36 valid - loss: 0.7789, acc: 0.8308
Epoch 279/300
01:09:04 train - loss: 0.0028, acc: 0.9997
01:09:05 valid - loss: 0.7754, acc: 0.8313
Epoch 280/300
01:09:33 train - loss: 0.0030, acc: 0.9997
01:09:34 valid - loss: 0.7857, acc: 0.8303
Epoch 281/300
01:10:02 train - loss: 0.0027, acc: 0.9998
01:10:04 valid - loss: 0.7832, acc: 0.8312
Epoch 282/300
01:10:32 train - loss: 0.0028, acc: 0.9997
01:10:33 valid - loss: 0.7782, acc: 0.8318
Epoch 283/300
01:11:01 train - loss: 0.0025, acc: 0.9997
01:11:02 valid - loss: 0.7785, acc: 0.8300
Epoch 284/300
01:11:30 train - loss: 0.0025, acc: 0.9998
01:11:31 valid - loss: 0.7801, acc: 0.8312
Epoch 285/300
01:11:59 train - loss: 0.0025, acc: 0.9998
01:12:00 valid - loss: 0.7804, acc: 0.8315
Epoch 286/300
01:12:28 train - loss: 0.0025, acc: 0.9998
01:12:29 valid - loss: 0.7787, acc: 0.8319
Epoch 287/300
01:12:57 train - loss: 0.0026, acc: 0.9998
01:12:59 valid - loss: 0.7785, acc: 0.8285
Epoch 288/300
01:13:27 train - loss: 0.0025, acc: 0.9999
01:13:28 valid - loss: 0.7805, acc: 0.8316
Epoch 289/300
01:13:56 train - loss: 0.0024, acc: 0.9998
01:13:57 valid - loss: 0.7770, acc: 0.8319
Epoch 290/300
01:14:25 train - loss: 0.0025, acc: 0.9998
01:14:27 valid - loss: 0.7801, acc: 0.8308
Epoch 291/300
01:14:55 train - loss: 0.0025, acc: 0.9998
01:14:56 valid - loss: 0.7819, acc: 0.8322
Epoch 292/300
01:15:24 train - loss: 0.0024, acc: 0.9998
01:15:25 valid - loss: 0.7761, acc: 0.8314
Epoch 293/300
01:15:53 train - loss: 0.0024, acc: 0.9998
01:15:54 valid - loss: 0.7793, acc: 0.8330
Epoch 294/300
01:16:22 train - loss: 0.0025, acc: 0.9998
01:16:24 valid - loss: 0.7799, acc: 0.8324
Epoch 295/300
01:16:52 train - loss: 0.0026, acc: 0.9998
01:16:53 valid - loss: 0.7789, acc: 0.8307
Epoch 296/300
01:17:21 train - loss: 0.0024, acc: 0.9998
01:17:22 valid - loss: 0.7765, acc: 0.8332
Epoch 297/300
01:17:50 train - loss: 0.0025, acc: 0.9997
01:17:52 valid - loss: 0.7795, acc: 0.8333
Epoch 298/300
01:18:19 train - loss: 0.0023, acc: 0.9998
01:18:21 valid - loss: 0.7737, acc: 0.8324
Epoch 299/300
01:18:49 train - loss: 0.0025, acc: 0.9997
01:18:50 valid - loss: 0.7800, acc: 0.8326
Epoch 300/300
01:19:18 train - loss: 0.0022, acc: 0.9999
01:19:19 valid - loss: 0.7761, acc: 0.8309