20:10:17 Start training
Epoch 1/300
WARNING:tensorflow:From /usr/local/lib/python3.6/dist-packages/tensorflow/python/data/ops/multi_device_iterator_ops.py:601: get_next_as_optional (from tensorflow.python.data.ops.iterator_ops) is deprecated and will be removed in a future version.
Instructions for updating:
Use `tf.data.Iterator.get_next_as_optional()` instead.
WARNING:tensorflow:From /usr/local/lib/python3.6/dist-packages/tensorflow/python/data/ops/multi_device_iterator_ops.py:601: get_next_as_optional (from tensorflow.python.data.ops.iterator_ops) is deprecated and will be removed in a future version.
Instructions for updating:
Use `tf.data.Iterator.get_next_as_optional()` instead.
20:12:14 train - loss: 4.6405, acc: 0.0137
20:12:37 valid - loss: 4.5453, acc: 0.0192
Epoch 2/300
20:12:48 train - loss: 4.4716, acc: 0.0245
20:12:49 valid - loss: 4.2416, acc: 0.0521
Epoch 3/300
20:12:59 train - loss: 4.0617, acc: 0.0679
20:13:00 valid - loss: 3.8713, acc: 0.0930
Epoch 4/300
20:13:10 train - loss: 3.6929, acc: 0.1256
20:13:11 valid - loss: 3.4460, acc: 0.1717
Epoch 5/300
20:13:21 train - loss: 3.3263, acc: 0.1927
20:13:22 valid - loss: 3.0981, acc: 0.2341
Epoch 6/300
20:13:32 train - loss: 2.9619, acc: 0.2590
20:13:33 valid - loss: 2.7580, acc: 0.3018
Epoch 7/300
20:13:44 train - loss: 2.6587, acc: 0.3189
20:13:44 valid - loss: 2.5127, acc: 0.3518
Epoch 8/300
20:13:55 train - loss: 2.4337, acc: 0.3655
20:13:55 valid - loss: 2.3257, acc: 0.3986
Epoch 9/300
20:14:06 train - loss: 2.2605, acc: 0.4034
20:14:06 valid - loss: 2.1801, acc: 0.4262
Epoch 10/300
20:14:17 train - loss: 2.1280, acc: 0.4328
20:14:17 valid - loss: 2.1830, acc: 0.4312
Epoch 11/300
20:14:28 train - loss: 2.0093, acc: 0.4573
20:14:28 valid - loss: 1.9900, acc: 0.4681
Epoch 12/300
20:14:39 train - loss: 1.9068, acc: 0.4800
20:14:39 valid - loss: 2.0017, acc: 0.4720
Epoch 13/300
20:14:50 train - loss: 1.8164, acc: 0.5026
20:14:50 valid - loss: 1.9231, acc: 0.4877
Epoch 14/300
20:15:01 train - loss: 1.7434, acc: 0.5202
20:15:01 valid - loss: 1.8899, acc: 0.5081
Epoch 15/300
20:15:12 train - loss: 1.6664, acc: 0.5386
20:15:12 valid - loss: 1.7849, acc: 0.5202
Epoch 16/300
20:15:23 train - loss: 1.6093, acc: 0.5505
20:15:23 valid - loss: 1.7227, acc: 0.5329
Epoch 17/300
20:15:34 train - loss: 1.5521, acc: 0.5653
20:15:34 valid - loss: 1.7289, acc: 0.5336
Epoch 18/300
20:15:45 train - loss: 1.5072, acc: 0.5769
20:15:45 valid - loss: 1.7834, acc: 0.5291
Epoch 19/300
20:15:56 train - loss: 1.4540, acc: 0.5866
20:15:56 valid - loss: 1.8280, acc: 0.5280
Epoch 20/300
20:16:07 train - loss: 1.4173, acc: 0.5961
20:16:08 valid - loss: 1.7371, acc: 0.5443
Epoch 21/300
20:16:18 train - loss: 1.3680, acc: 0.6090
20:16:19 valid - loss: 1.6528, acc: 0.5580
Epoch 22/300
20:16:29 train - loss: 1.3379, acc: 0.6171
20:16:30 valid - loss: 1.6327, acc: 0.5704
Epoch 23/300
20:16:40 train - loss: 1.3095, acc: 0.6238
20:16:41 valid - loss: 1.5858, acc: 0.5722
Epoch 24/300
20:16:51 train - loss: 1.2693, acc: 0.6366
20:16:52 valid - loss: 1.6110, acc: 0.5791
Epoch 25/300
20:17:02 train - loss: 1.2336, acc: 0.6449
20:17:03 valid - loss: 1.6653, acc: 0.5620
Epoch 26/300
20:17:14 train - loss: 1.2168, acc: 0.6478
20:17:14 valid - loss: 1.6025, acc: 0.5822
Epoch 27/300
20:17:25 train - loss: 1.1926, acc: 0.6561
20:17:25 valid - loss: 1.5971, acc: 0.5793
Epoch 28/300
20:17:36 train - loss: 1.1618, acc: 0.6616
20:17:36 valid - loss: 1.6340, acc: 0.5817
Epoch 29/300
20:17:47 train - loss: 1.1377, acc: 0.6664
20:17:47 valid - loss: 1.6487, acc: 0.5809
Epoch 30/300
20:17:58 train - loss: 1.1201, acc: 0.6729
20:17:58 valid - loss: 1.6569, acc: 0.5695
Epoch 31/300
20:18:09 train - loss: 1.1031, acc: 0.6768
20:18:09 valid - loss: 1.6872, acc: 0.5746
Epoch 32/300
20:18:20 train - loss: 1.0762, acc: 0.6838
20:18:20 valid - loss: 1.5457, acc: 0.5938
Epoch 33/300
20:18:31 train - loss: 1.0611, acc: 0.6868
20:18:31 valid - loss: 1.5568, acc: 0.5935
Epoch 34/300
20:18:42 train - loss: 1.0348, acc: 0.6946
20:18:42 valid - loss: 1.5521, acc: 0.5968
Epoch 35/300
20:18:53 train - loss: 1.0199, acc: 0.6980
20:18:53 valid - loss: 1.5985, acc: 0.5922
Epoch 36/300
20:19:04 train - loss: 1.0093, acc: 0.7012
20:19:04 valid - loss: 1.5860, acc: 0.5940
Epoch 37/300
20:19:15 train - loss: 0.9910, acc: 0.7071
20:19:15 valid - loss: 1.5801, acc: 0.5985
Epoch 38/300
20:19:26 train - loss: 0.9693, acc: 0.7119
20:19:26 valid - loss: 1.6676, acc: 0.5835
Epoch 39/300
20:19:37 train - loss: 0.9655, acc: 0.7101
20:19:37 valid - loss: 1.5758, acc: 0.6027
Epoch 40/300
20:19:48 train - loss: 0.9425, acc: 0.7170
20:19:49 valid - loss: 1.5970, acc: 0.5981
Epoch 41/300
20:19:59 train - loss: 0.9279, acc: 0.7237
20:20:00 valid - loss: 1.5490, acc: 0.6072
Epoch 42/300
20:20:10 train - loss: 0.9253, acc: 0.7249
20:20:11 valid - loss: 1.5767, acc: 0.6068
Epoch 43/300
20:20:21 train - loss: 0.9076, acc: 0.7297
20:20:22 valid - loss: 1.5958, acc: 0.5998
Epoch 44/300
20:20:33 train - loss: 0.8887, acc: 0.7312
20:20:33 valid - loss: 1.5939, acc: 0.6051
Epoch 45/300
20:20:44 train - loss: 0.8848, acc: 0.7343
20:20:44 valid - loss: 1.5200, acc: 0.6190
Epoch 46/300
20:20:55 train - loss: 0.8759, acc: 0.7362
20:20:55 valid - loss: 1.5662, acc: 0.6126
Epoch 47/300
20:21:06 train - loss: 0.8569, acc: 0.7424
20:21:06 valid - loss: 1.6105, acc: 0.6033
Epoch 48/300
20:21:17 train - loss: 0.8518, acc: 0.7442
20:21:17 valid - loss: 1.5667, acc: 0.6092
Epoch 49/300
20:21:28 train - loss: 0.8375, acc: 0.7459
20:21:28 valid - loss: 1.6092, acc: 0.6061
Epoch 50/300
20:21:39 train - loss: 0.8406, acc: 0.7464
20:21:39 valid - loss: 1.6123, acc: 0.6030
Epoch 51/300
20:21:50 train - loss: 0.8315, acc: 0.7472
20:21:50 valid - loss: 1.5091, acc: 0.6185
Epoch 52/300
20:22:01 train - loss: 0.8202, acc: 0.7515
20:22:01 valid - loss: 1.6782, acc: 0.5916
Epoch 53/300
20:22:12 train - loss: 0.8068, acc: 0.7550
20:22:12 valid - loss: 1.5003, acc: 0.6319
Epoch 54/300
20:22:23 train - loss: 0.8018, acc: 0.7553
20:22:23 valid - loss: 1.5611, acc: 0.6156
Epoch 55/300
20:22:34 train - loss: 0.7891, acc: 0.7597
20:22:35 valid - loss: 1.5870, acc: 0.6185
Epoch 56/300
20:22:45 train - loss: 0.7779, acc: 0.7620
20:22:46 valid - loss: 1.5393, acc: 0.6238
Epoch 57/300
20:22:56 train - loss: 0.7733, acc: 0.7637
20:22:57 valid - loss: 1.5835, acc: 0.6221
Epoch 58/300
20:23:07 train - loss: 0.7609, acc: 0.7663
20:23:08 valid - loss: 1.5234, acc: 0.6280
Epoch 59/300
20:23:18 train - loss: 0.7633, acc: 0.7663
20:23:19 valid - loss: 1.5565, acc: 0.6206
Epoch 60/300
20:23:29 train - loss: 0.7560, acc: 0.7674
20:23:30 valid - loss: 1.5339, acc: 0.6245
Epoch 61/300
20:23:40 train - loss: 0.7464, acc: 0.7714
20:23:41 valid - loss: 1.5874, acc: 0.6126
Epoch 62/300
20:23:52 train - loss: 0.7347, acc: 0.7732
20:23:52 valid - loss: 1.4716, acc: 0.6342
Epoch 63/300
20:24:03 train - loss: 0.7334, acc: 0.7732
20:24:03 valid - loss: 1.5401, acc: 0.6300
Epoch 64/300
20:24:14 train - loss: 0.7261, acc: 0.7777
20:24:14 valid - loss: 1.5301, acc: 0.6243
Epoch 65/300
20:24:25 train - loss: 0.7126, acc: 0.7801
20:24:25 valid - loss: 1.7112, acc: 0.6028
Epoch 66/300
20:24:36 train - loss: 0.7093, acc: 0.7823
20:24:36 valid - loss: 1.5696, acc: 0.6275
Epoch 67/300
20:24:47 train - loss: 0.7039, acc: 0.7809
20:24:47 valid - loss: 1.5429, acc: 0.6250
Epoch 68/300
20:24:58 train - loss: 0.7068, acc: 0.7827
20:24:58 valid - loss: 1.6217, acc: 0.6242
Epoch 69/300
20:25:09 train - loss: 0.6938, acc: 0.7874
20:25:09 valid - loss: 1.6120, acc: 0.6243
Epoch 70/300
20:25:20 train - loss: 0.6881, acc: 0.7865
20:25:20 valid - loss: 1.6588, acc: 0.6051
Epoch 71/300
20:25:31 train - loss: 0.6757, acc: 0.7898
20:25:31 valid - loss: 1.6165, acc: 0.6247
Epoch 72/300
20:25:42 train - loss: 0.6771, acc: 0.7889
20:25:42 valid - loss: 1.6372, acc: 0.6144
Epoch 73/300
20:25:53 train - loss: 0.6695, acc: 0.7925
20:25:53 valid - loss: 1.5883, acc: 0.6281
Epoch 74/300
20:26:04 train - loss: 0.6685, acc: 0.7937
20:26:04 valid - loss: 1.5810, acc: 0.6222
Epoch 75/300
20:26:15 train - loss: 0.6644, acc: 0.7927
20:26:16 valid - loss: 1.5344, acc: 0.6309
Epoch 76/300
20:26:26 train - loss: 0.6538, acc: 0.7974
20:26:27 valid - loss: 1.5352, acc: 0.6275
Epoch 77/300
20:26:37 train - loss: 0.6431, acc: 0.8008
20:26:38 valid - loss: 1.5701, acc: 0.6274
Epoch 78/300
20:26:48 train - loss: 0.6465, acc: 0.7995
20:26:49 valid - loss: 1.8231, acc: 0.5927
Epoch 79/300
20:26:59 train - loss: 0.6386, acc: 0.7997
20:27:00 valid - loss: 1.5394, acc: 0.6303
Epoch 80/300
20:27:10 train - loss: 0.6352, acc: 0.8013
20:27:11 valid - loss: 1.6297, acc: 0.6202
Epoch 81/300
20:27:22 train - loss: 0.6314, acc: 0.8026
20:27:22 valid - loss: 1.6450, acc: 0.6237
Epoch 82/300
20:27:33 train - loss: 0.6321, acc: 0.8036
20:27:33 valid - loss: 1.6188, acc: 0.6270
Epoch 83/300
20:27:44 train - loss: 0.6213, acc: 0.8069
20:27:44 valid - loss: 1.5371, acc: 0.6361
Epoch 84/300
20:27:55 train - loss: 0.6153, acc: 0.8087
20:27:55 valid - loss: 1.5458, acc: 0.6350
Epoch 85/300
20:28:06 train - loss: 0.6172, acc: 0.8068
20:28:06 valid - loss: 1.5653, acc: 0.6307
Epoch 86/300
20:28:17 train - loss: 0.6065, acc: 0.8120
20:28:17 valid - loss: 1.5775, acc: 0.6336
Epoch 87/300
20:28:28 train - loss: 0.5992, acc: 0.8124
20:28:28 valid - loss: 1.5665, acc: 0.6419
Epoch 88/300
20:28:39 train - loss: 0.6003, acc: 0.8140
20:28:39 valid - loss: 1.5781, acc: 0.6292
Epoch 89/300
20:28:50 train - loss: 0.5895, acc: 0.8166
20:28:50 valid - loss: 1.6056, acc: 0.6255
Epoch 90/300
20:29:01 train - loss: 0.5938, acc: 0.8130
20:29:01 valid - loss: 1.5767, acc: 0.6335
Epoch 91/300
20:29:12 train - loss: 0.5806, acc: 0.8165
20:29:12 valid - loss: 1.6905, acc: 0.6256
Epoch 92/300
20:29:23 train - loss: 0.5779, acc: 0.8172
20:29:24 valid - loss: 1.5677, acc: 0.6405
Epoch 93/300
20:29:34 train - loss: 0.5708, acc: 0.8208
20:29:35 valid - loss: 1.6507, acc: 0.6183
Epoch 94/300
20:29:45 train - loss: 0.5573, acc: 0.8238
20:29:46 valid - loss: 1.5523, acc: 0.6387
Epoch 95/300
20:29:56 train - loss: 0.5600, acc: 0.8246
20:29:57 valid - loss: 1.5615, acc: 0.6368
Epoch 96/300
20:30:07 train - loss: 0.5636, acc: 0.8226
20:30:08 valid - loss: 1.5235, acc: 0.6457
Epoch 97/300
20:30:18 train - loss: 0.5608, acc: 0.8227
20:30:19 valid - loss: 1.5879, acc: 0.6397
Epoch 98/300
20:30:30 train - loss: 0.5514, acc: 0.8269
20:30:30 valid - loss: 1.5798, acc: 0.6317
Epoch 99/300
20:30:41 train - loss: 0.5433, acc: 0.8273
20:30:41 valid - loss: 1.6226, acc: 0.6236
Epoch 100/300
20:30:52 train - loss: 0.5437, acc: 0.8289
20:30:52 valid - loss: 1.4988, acc: 0.6479
Epoch 101/300
20:31:03 train - loss: 0.5423, acc: 0.8284
20:31:03 valid - loss: 1.5602, acc: 0.6452
Epoch 102/300
20:31:14 train - loss: 0.5353, acc: 0.8298
20:31:14 valid - loss: 1.5370, acc: 0.6385
Epoch 103/300
20:31:25 train - loss: 0.5251, acc: 0.8333
20:31:25 valid - loss: 1.6470, acc: 0.6318
Epoch 104/300
20:31:36 train - loss: 0.5245, acc: 0.8343
20:31:36 valid - loss: 1.6578, acc: 0.6341
Epoch 105/300
20:31:47 train - loss: 0.5218, acc: 0.8340
20:31:47 valid - loss: 1.5245, acc: 0.6538
Epoch 106/300
20:31:58 train - loss: 0.5139, acc: 0.8380
20:31:58 valid - loss: 1.6145, acc: 0.6441
Epoch 107/300
20:32:09 train - loss: 0.5134, acc: 0.8380
20:32:09 valid - loss: 1.5455, acc: 0.6520
Epoch 108/300
20:32:20 train - loss: 0.5172, acc: 0.8363
20:32:20 valid - loss: 1.6485, acc: 0.6374
Epoch 109/300
20:32:31 train - loss: 0.5056, acc: 0.8400
20:32:31 valid - loss: 1.5985, acc: 0.6397
Epoch 110/300
20:32:42 train - loss: 0.5026, acc: 0.8413
20:32:42 valid - loss: 1.5176, acc: 0.6546
Epoch 111/300
20:32:53 train - loss: 0.4895, acc: 0.8442
20:32:54 valid - loss: 1.6655, acc: 0.6359
Epoch 112/300
20:33:04 train - loss: 0.4972, acc: 0.8426
20:33:05 valid - loss: 1.5337, acc: 0.6495
Epoch 113/300
20:33:15 train - loss: 0.4829, acc: 0.8483
20:33:16 valid - loss: 1.6184, acc: 0.6458
Epoch 114/300
20:33:26 train - loss: 0.4925, acc: 0.8448
20:33:27 valid - loss: 1.6046, acc: 0.6368
Epoch 115/300
20:33:37 train - loss: 0.4759, acc: 0.8488
20:33:38 valid - loss: 1.7272, acc: 0.6178
Epoch 116/300
20:33:49 train - loss: 0.4860, acc: 0.8472
20:33:49 valid - loss: 1.6119, acc: 0.6466
Epoch 117/300
20:34:00 train - loss: 0.4725, acc: 0.8501
20:34:00 valid - loss: 1.5993, acc: 0.6493
Epoch 118/300
20:34:11 train - loss: 0.4705, acc: 0.8501
20:34:11 valid - loss: 1.6053, acc: 0.6445
Epoch 119/300
20:34:22 train - loss: 0.4589, acc: 0.8542
20:34:22 valid - loss: 1.6481, acc: 0.6425
Epoch 120/300
20:34:33 train - loss: 0.4572, acc: 0.8529
20:34:33 valid - loss: 1.6071, acc: 0.6463
Epoch 121/300
20:34:44 train - loss: 0.4622, acc: 0.8520
20:34:44 valid - loss: 1.5976, acc: 0.6451
Epoch 122/300
20:34:55 train - loss: 0.4445, acc: 0.8572
20:34:55 valid - loss: 1.5594, acc: 0.6471
Epoch 123/300
20:35:06 train - loss: 0.4446, acc: 0.8607
20:35:06 valid - loss: 1.5581, acc: 0.6513
Epoch 124/300
20:35:17 train - loss: 0.4418, acc: 0.8599
20:35:17 valid - loss: 1.6174, acc: 0.6407
Epoch 125/300
20:35:28 train - loss: 0.4598, acc: 0.8532
20:35:28 valid - loss: 1.5404, acc: 0.6579
Epoch 126/300
20:35:39 train - loss: 0.4345, acc: 0.8623
20:35:39 valid - loss: 1.5850, acc: 0.6481
Epoch 127/300
20:35:50 train - loss: 0.4334, acc: 0.8606
20:35:51 valid - loss: 1.5929, acc: 0.6536
Epoch 128/300
20:36:01 train - loss: 0.4323, acc: 0.8625
20:36:02 valid - loss: 1.5706, acc: 0.6525
Epoch 129/300
20:36:12 train - loss: 0.4256, acc: 0.8654
20:36:13 valid - loss: 1.5855, acc: 0.6571
Epoch 130/300
20:36:23 train - loss: 0.4265, acc: 0.8644
20:36:24 valid - loss: 1.6779, acc: 0.6418
Epoch 131/300
20:36:34 train - loss: 0.4166, acc: 0.8667
20:36:35 valid - loss: 1.6164, acc: 0.6457
Epoch 132/300
20:36:45 train - loss: 0.4118, acc: 0.8690
20:36:46 valid - loss: 1.5957, acc: 0.6576
Epoch 133/300
20:36:57 train - loss: 0.4093, acc: 0.8684
20:36:57 valid - loss: 1.5851, acc: 0.6626
Epoch 134/300
20:37:08 train - loss: 0.4118, acc: 0.8684
20:37:08 valid - loss: 1.5792, acc: 0.6554
Epoch 135/300
20:37:19 train - loss: 0.3945, acc: 0.8743
20:37:19 valid - loss: 1.7079, acc: 0.6338
Epoch 136/300
20:37:30 train - loss: 0.3990, acc: 0.8718
20:37:30 valid - loss: 1.6453, acc: 0.6446
Epoch 137/300
20:37:41 train - loss: 0.4030, acc: 0.8696
20:37:41 valid - loss: 1.5720, acc: 0.6559
Epoch 138/300
20:37:52 train - loss: 0.3963, acc: 0.8733
20:37:52 valid - loss: 1.6841, acc: 0.6538
Epoch 139/300
20:38:03 train - loss: 0.3849, acc: 0.8772
20:38:03 valid - loss: 1.7539, acc: 0.6376
Epoch 140/300
20:38:14 train - loss: 0.3742, acc: 0.8791
20:38:14 valid - loss: 1.6950, acc: 0.6428
Epoch 141/300
20:38:25 train - loss: 0.3887, acc: 0.8753
20:38:25 valid - loss: 1.6442, acc: 0.6517
Epoch 142/300
20:38:36 train - loss: 0.3703, acc: 0.8825
20:38:36 valid - loss: 1.7451, acc: 0.6305
Epoch 143/300
20:38:47 train - loss: 0.3794, acc: 0.8789
20:38:47 valid - loss: 1.6309, acc: 0.6574
Epoch 144/300
20:38:58 train - loss: 0.3721, acc: 0.8806
20:38:59 valid - loss: 1.7868, acc: 0.6362
Epoch 145/300
20:39:09 train - loss: 0.3583, acc: 0.8855
20:39:10 valid - loss: 1.7289, acc: 0.6350
Epoch 146/300
20:39:20 train - loss: 0.3563, acc: 0.8863
20:39:21 valid - loss: 1.6140, acc: 0.6627
Epoch 147/300
20:39:31 train - loss: 0.3532, acc: 0.8871
20:39:32 valid - loss: 1.6614, acc: 0.6540
Epoch 148/300
20:39:42 train - loss: 0.3439, acc: 0.8903
20:39:43 valid - loss: 1.6456, acc: 0.6509
Epoch 149/300
20:39:53 train - loss: 0.3335, acc: 0.8945
20:39:54 valid - loss: 1.6610, acc: 0.6589
Epoch 150/300
20:40:05 train - loss: 0.3422, acc: 0.8908
20:40:05 valid - loss: 1.6571, acc: 0.6551
Epoch 151/300
20:40:16 train - loss: 0.3394, acc: 0.8915
20:40:16 valid - loss: 1.6756, acc: 0.6474
Epoch 152/300
20:40:27 train - loss: 0.3385, acc: 0.8905
20:40:27 valid - loss: 1.6588, acc: 0.6550
Epoch 153/300
20:40:38 train - loss: 0.3310, acc: 0.8948
20:40:38 valid - loss: 1.7283, acc: 0.6528
Epoch 154/300
20:40:49 train - loss: 0.3232, acc: 0.8970
20:40:49 valid - loss: 1.6352, acc: 0.6586
Epoch 155/300
20:41:00 train - loss: 0.3237, acc: 0.8951
20:41:00 valid - loss: 1.6095, acc: 0.6599
Epoch 156/300
20:41:11 train - loss: 0.3153, acc: 0.8984
20:41:11 valid - loss: 1.7702, acc: 0.6452
Epoch 157/300
20:41:22 train - loss: 0.3225, acc: 0.8954
20:41:22 valid - loss: 1.6330, acc: 0.6560
Epoch 158/300
20:41:33 train - loss: 0.3090, acc: 0.9017
20:41:33 valid - loss: 1.5864, acc: 0.6683
Epoch 159/300
20:41:44 train - loss: 0.3014, acc: 0.9035
20:41:44 valid - loss: 1.6895, acc: 0.6546
Epoch 160/300
20:41:55 train - loss: 0.3063, acc: 0.9026
20:41:55 valid - loss: 1.6697, acc: 0.6584
Epoch 161/300
20:42:06 train - loss: 0.3001, acc: 0.9038
20:42:07 valid - loss: 1.6996, acc: 0.6533
Epoch 162/300
20:42:17 train - loss: 0.2935, acc: 0.9051
20:42:18 valid - loss: 1.5468, acc: 0.6742
Epoch 163/300
20:42:28 train - loss: 0.2815, acc: 0.9093
20:42:29 valid - loss: 1.6417, acc: 0.6644
Epoch 164/300
20:42:39 train - loss: 0.2844, acc: 0.9081
20:42:40 valid - loss: 1.6473, acc: 0.6693
Epoch 165/300
20:42:50 train - loss: 0.2899, acc: 0.9055
20:42:51 valid - loss: 1.7188, acc: 0.6623
Epoch 166/300
20:43:02 train - loss: 0.2758, acc: 0.9109
20:43:02 valid - loss: 1.6905, acc: 0.6603
Epoch 167/300
20:43:13 train - loss: 0.2741, acc: 0.9119
20:43:13 valid - loss: 1.7281, acc: 0.6605
Epoch 168/300
20:43:24 train - loss: 0.2707, acc: 0.9132
20:43:24 valid - loss: 1.6941, acc: 0.6649
Epoch 169/300
20:43:35 train - loss: 0.2670, acc: 0.9135
20:43:35 valid - loss: 1.7061, acc: 0.6621
Epoch 170/300
20:43:46 train - loss: 0.2607, acc: 0.9168
20:43:46 valid - loss: 1.6361, acc: 0.6693
Epoch 171/300
20:43:57 train - loss: 0.2534, acc: 0.9191
20:43:57 valid - loss: 1.7060, acc: 0.6609
Epoch 172/300
20:44:08 train - loss: 0.2549, acc: 0.9177
20:44:08 valid - loss: 1.7506, acc: 0.6524
Epoch 173/300
20:44:19 train - loss: 0.2486, acc: 0.9208
20:44:19 valid - loss: 1.6681, acc: 0.6638
Epoch 174/300
20:44:30 train - loss: 0.2380, acc: 0.9240
20:44:30 valid - loss: 1.6706, acc: 0.6700
Epoch 175/300
20:44:41 train - loss: 0.2399, acc: 0.9242
20:44:41 valid - loss: 1.6365, acc: 0.6651
Epoch 176/300
20:44:52 train - loss: 0.2277, acc: 0.9277
20:44:53 valid - loss: 1.6231, acc: 0.6727
Epoch 177/300
20:45:03 train - loss: 0.2283, acc: 0.9271
20:45:04 valid - loss: 1.6897, acc: 0.6718
Epoch 178/300
20:45:14 train - loss: 0.2275, acc: 0.9269
20:45:15 valid - loss: 1.7787, acc: 0.6606
Epoch 179/300
20:45:25 train - loss: 0.2183, acc: 0.9309
20:45:26 valid - loss: 1.7526, acc: 0.6597
Epoch 180/300
20:45:36 train - loss: 0.2225, acc: 0.9297
20:45:37 valid - loss: 1.7284, acc: 0.6667
Epoch 181/300
20:45:48 train - loss: 0.2147, acc: 0.9318
20:45:48 valid - loss: 1.6402, acc: 0.6757
Epoch 182/300
20:45:59 train - loss: 0.2142, acc: 0.9309
20:45:59 valid - loss: 1.6188, acc: 0.6819
Epoch 183/300
20:46:10 train - loss: 0.2062, acc: 0.9340
20:46:10 valid - loss: 1.6400, acc: 0.6734
Epoch 184/300
20:46:21 train - loss: 0.2029, acc: 0.9360
20:46:21 valid - loss: 1.7635, acc: 0.6619
Epoch 185/300
20:46:32 train - loss: 0.2017, acc: 0.9362
20:46:32 valid - loss: 1.6758, acc: 0.6665
Epoch 186/300
20:46:43 train - loss: 0.1997, acc: 0.9363
20:46:43 valid - loss: 1.7131, acc: 0.6740
Epoch 187/300
20:46:54 train - loss: 0.1982, acc: 0.9373
20:46:54 valid - loss: 1.7140, acc: 0.6696
Epoch 188/300
20:47:05 train - loss: 0.1850, acc: 0.9406
20:47:05 valid - loss: 1.7005, acc: 0.6739
Epoch 189/300
20:47:16 train - loss: 0.1798, acc: 0.9434
20:47:16 valid - loss: 1.8218, acc: 0.6674
Epoch 190/300
20:47:27 train - loss: 0.1787, acc: 0.9423
20:47:27 valid - loss: 1.6815, acc: 0.6770
Epoch 191/300
20:47:38 train - loss: 0.1792, acc: 0.9435
20:47:38 valid - loss: 1.7367, acc: 0.6732
Epoch 192/300
20:47:49 train - loss: 0.1813, acc: 0.9427
20:47:49 valid - loss: 1.6086, acc: 0.6825
Epoch 193/300
20:48:00 train - loss: 0.1657, acc: 0.9480
20:48:00 valid - loss: 1.7778, acc: 0.6700
Epoch 194/300
20:48:11 train - loss: 0.1661, acc: 0.9478
20:48:12 valid - loss: 1.6561, acc: 0.6859
Epoch 195/300
20:48:22 train - loss: 0.1549, acc: 0.9515
20:48:23 valid - loss: 1.6786, acc: 0.6789
Epoch 196/300
20:48:33 train - loss: 0.1662, acc: 0.9469
20:48:34 valid - loss: 1.7965, acc: 0.6713
Epoch 197/300
20:48:44 train - loss: 0.1507, acc: 0.9538
20:48:45 valid - loss: 1.6861, acc: 0.6821
Epoch 198/300
20:48:55 train - loss: 0.1525, acc: 0.9522
20:48:56 valid - loss: 1.7126, acc: 0.6782
Epoch 199/300
20:49:07 train - loss: 0.1430, acc: 0.9557
20:49:07 valid - loss: 1.7069, acc: 0.6772
Epoch 200/300
20:49:18 train - loss: 0.1378, acc: 0.9568
20:49:18 valid - loss: 1.6706, acc: 0.6823
Epoch 201/300
20:49:29 train - loss: 0.1341, acc: 0.9596
20:49:29 valid - loss: 1.6976, acc: 0.6774
Epoch 202/300
20:49:40 train - loss: 0.1389, acc: 0.9573
20:49:40 valid - loss: 1.7162, acc: 0.6794
Epoch 203/300
20:49:51 train - loss: 0.1313, acc: 0.9583
20:49:51 valid - loss: 1.7352, acc: 0.6862
Epoch 204/300
20:50:02 train - loss: 0.1250, acc: 0.9626
20:50:02 valid - loss: 1.7216, acc: 0.6789
Epoch 205/300
20:50:13 train - loss: 0.1293, acc: 0.9596
20:50:13 valid - loss: 1.6589, acc: 0.6887
Epoch 206/300
20:50:24 train - loss: 0.1169, acc: 0.9647
20:50:24 valid - loss: 1.7121, acc: 0.6883
Epoch 207/300
20:50:35 train - loss: 0.1184, acc: 0.9632
20:50:35 valid - loss: 1.7255, acc: 0.6839
Epoch 208/300
20:50:46 train - loss: 0.1149, acc: 0.9649
20:50:46 valid - loss: 1.6387, acc: 0.6931
Epoch 209/300
20:50:57 train - loss: 0.1046, acc: 0.9680
20:50:57 valid - loss: 1.6569, acc: 0.6954
Epoch 210/300
20:51:08 train - loss: 0.1063, acc: 0.9684
20:51:08 valid - loss: 1.7204, acc: 0.6836
Epoch 211/300
20:51:19 train - loss: 0.1010, acc: 0.9693
20:51:19 valid - loss: 1.6792, acc: 0.6953
Epoch 212/300
20:51:30 train - loss: 0.0942, acc: 0.9726
20:51:31 valid - loss: 1.6645, acc: 0.6929
Epoch 213/300
20:51:41 train - loss: 0.0912, acc: 0.9728
20:51:42 valid - loss: 1.7145, acc: 0.6946
Epoch 214/300
20:51:52 train - loss: 0.0946, acc: 0.9713
20:51:53 valid - loss: 1.6330, acc: 0.7009
Epoch 215/300
20:52:03 train - loss: 0.0872, acc: 0.9747
20:52:04 valid - loss: 1.7147, acc: 0.6863
Epoch 216/300
20:52:14 train - loss: 0.0860, acc: 0.9736
20:52:15 valid - loss: 1.7044, acc: 0.6943
Epoch 217/300
20:52:26 train - loss: 0.0828, acc: 0.9753
20:52:26 valid - loss: 1.6446, acc: 0.6986
Epoch 218/300
20:52:37 train - loss: 0.0803, acc: 0.9760
20:52:37 valid - loss: 1.6707, acc: 0.7008
Epoch 219/300
20:52:48 train - loss: 0.0755, acc: 0.9783
20:52:48 valid - loss: 1.6662, acc: 0.7025
Epoch 220/300
20:52:59 train - loss: 0.0716, acc: 0.9791
20:52:59 valid - loss: 1.6967, acc: 0.6999
Epoch 221/300
20:53:10 train - loss: 0.0698, acc: 0.9802
20:53:10 valid - loss: 1.6313, acc: 0.7031
Epoch 222/300
20:53:21 train - loss: 0.0684, acc: 0.9807
20:53:21 valid - loss: 1.6385, acc: 0.7043
Epoch 223/300
20:53:32 train - loss: 0.0632, acc: 0.9824
20:53:32 valid - loss: 1.6751, acc: 0.7044
Epoch 224/300
20:53:43 train - loss: 0.0582, acc: 0.9841
20:53:43 valid - loss: 1.6470, acc: 0.7036
Epoch 225/300
20:53:54 train - loss: 0.0601, acc: 0.9827
20:53:54 valid - loss: 1.6996, acc: 0.7046
Epoch 226/300
20:54:05 train - loss: 0.0535, acc: 0.9858
20:54:05 valid - loss: 1.6541, acc: 0.7056
Epoch 227/300
20:54:16 train - loss: 0.0530, acc: 0.9859
20:54:16 valid - loss: 1.6867, acc: 0.7059
Epoch 228/300
20:54:27 train - loss: 0.0500, acc: 0.9865
20:54:27 valid - loss: 1.6713, acc: 0.7060
Epoch 229/300
20:54:38 train - loss: 0.0479, acc: 0.9872
20:54:39 valid - loss: 1.6739, acc: 0.7051
Epoch 230/300
20:54:49 train - loss: 0.0442, acc: 0.9884
20:54:50 valid - loss: 1.6906, acc: 0.7046
Epoch 231/300
20:55:00 train - loss: 0.0432, acc: 0.9890
20:55:01 valid - loss: 1.6582, acc: 0.7095
Epoch 232/300
20:55:11 train - loss: 0.0424, acc: 0.9893
20:55:12 valid - loss: 1.7006, acc: 0.7080
Epoch 233/300
20:55:22 train - loss: 0.0403, acc: 0.9899
20:55:23 valid - loss: 1.6648, acc: 0.7075
Epoch 234/300
20:55:33 train - loss: 0.0379, acc: 0.9909
20:55:34 valid - loss: 1.6580, acc: 0.7097
Epoch 235/300
20:55:45 train - loss: 0.0359, acc: 0.9911
20:55:45 valid - loss: 1.6786, acc: 0.7103
Epoch 236/300
20:55:56 train - loss: 0.0338, acc: 0.9918
20:55:56 valid - loss: 1.6683, acc: 0.7070
Epoch 237/300
20:56:07 train - loss: 0.0344, acc: 0.9917
20:56:07 valid - loss: 1.6701, acc: 0.7079
Epoch 238/300
20:56:18 train - loss: 0.0323, acc: 0.9923
20:56:18 valid - loss: 1.6249, acc: 0.7146
Epoch 239/300
20:56:29 train - loss: 0.0303, acc: 0.9934
20:56:29 valid - loss: 1.6158, acc: 0.7154
Epoch 240/300
20:56:40 train - loss: 0.0278, acc: 0.9937
20:56:40 valid - loss: 1.6388, acc: 0.7168
Epoch 241/300
20:56:51 train - loss: 0.0275, acc: 0.9939
20:56:51 valid - loss: 1.6261, acc: 0.7157
Epoch 242/300
20:57:02 train - loss: 0.0264, acc: 0.9947
20:57:02 valid - loss: 1.6480, acc: 0.7128
Epoch 243/300
20:57:13 train - loss: 0.0263, acc: 0.9942
20:57:13 valid - loss: 1.6290, acc: 0.7152
Epoch 244/300
20:57:24 train - loss: 0.0248, acc: 0.9947
20:57:24 valid - loss: 1.6501, acc: 0.7120
Epoch 245/300
20:57:35 train - loss: 0.0235, acc: 0.9953
20:57:35 valid - loss: 1.6145, acc: 0.7129
Epoch 246/300
20:57:46 train - loss: 0.0226, acc: 0.9949
20:57:47 valid - loss: 1.6182, acc: 0.7119
Epoch 247/300
20:57:57 train - loss: 0.0212, acc: 0.9955
20:57:58 valid - loss: 1.6013, acc: 0.7192
Epoch 248/300
20:58:08 train - loss: 0.0211, acc: 0.9958
20:58:09 valid - loss: 1.6138, acc: 0.7151
Epoch 249/300
20:58:19 train - loss: 0.0190, acc: 0.9965
20:58:20 valid - loss: 1.6117, acc: 0.7162
Epoch 250/300
20:58:31 train - loss: 0.0185, acc: 0.9966
20:58:31 valid - loss: 1.6334, acc: 0.7162
Epoch 251/300
20:58:42 train - loss: 0.0179, acc: 0.9966
20:58:42 valid - loss: 1.6156, acc: 0.7165
Epoch 252/300
20:58:53 train - loss: 0.0180, acc: 0.9965
20:58:53 valid - loss: 1.6252, acc: 0.7184
Epoch 253/300
20:59:04 train - loss: 0.0172, acc: 0.9967
20:59:04 valid - loss: 1.6250, acc: 0.7185
Epoch 254/300
20:59:15 train - loss: 0.0179, acc: 0.9965
20:59:15 valid - loss: 1.6131, acc: 0.7200
Epoch 255/300
20:59:26 train - loss: 0.0159, acc: 0.9972
20:59:26 valid - loss: 1.6252, acc: 0.7178
Epoch 256/300
20:59:37 train - loss: 0.0164, acc: 0.9967
20:59:37 valid - loss: 1.6171, acc: 0.7225
Epoch 257/300
20:59:48 train - loss: 0.0151, acc: 0.9974
20:59:48 valid - loss: 1.6103, acc: 0.7195
Epoch 258/300
20:59:59 train - loss: 0.0150, acc: 0.9976
20:59:59 valid - loss: 1.5903, acc: 0.7209
Epoch 259/300
21:00:10 train - loss: 0.0142, acc: 0.9976
21:00:10 valid - loss: 1.6108, acc: 0.7189
Epoch 260/300
21:00:21 train - loss: 0.0142, acc: 0.9977
21:00:21 valid - loss: 1.5991, acc: 0.7213
Epoch 261/300
21:00:32 train - loss: 0.0147, acc: 0.9973
21:00:32 valid - loss: 1.5981, acc: 0.7219
Epoch 262/300
21:00:43 train - loss: 0.0139, acc: 0.9977
21:00:43 valid - loss: 1.5879, acc: 0.7235
Epoch 263/300
21:00:54 train - loss: 0.0134, acc: 0.9979
21:00:54 valid - loss: 1.6054, acc: 0.7202
Epoch 264/300
21:01:05 train - loss: 0.0126, acc: 0.9980
21:01:05 valid - loss: 1.5945, acc: 0.7229
Epoch 265/300
21:01:16 train - loss: 0.0131, acc: 0.9977
21:01:17 valid - loss: 1.6041, acc: 0.7221
Epoch 266/300
21:01:27 train - loss: 0.0120, acc: 0.9983
21:01:28 valid - loss: 1.5958, acc: 0.7236
Epoch 267/300
21:01:38 train - loss: 0.0126, acc: 0.9981
21:01:39 valid - loss: 1.5996, acc: 0.7213
Epoch 268/300
21:01:49 train - loss: 0.0120, acc: 0.9983
21:01:50 valid - loss: 1.6017, acc: 0.7235
Epoch 269/300
21:02:00 train - loss: 0.0119, acc: 0.9982
21:02:01 valid - loss: 1.5965, acc: 0.7220
Epoch 270/300
21:02:11 train - loss: 0.0121, acc: 0.9982
21:02:12 valid - loss: 1.5908, acc: 0.7228
Epoch 271/300
21:02:23 train - loss: 0.0114, acc: 0.9984
21:02:23 valid - loss: 1.5921, acc: 0.7231
Epoch 272/300
21:02:34 train - loss: 0.0117, acc: 0.9983
21:02:34 valid - loss: 1.5972, acc: 0.7231
Epoch 273/300
21:02:45 train - loss: 0.0116, acc: 0.9980
21:02:45 valid - loss: 1.5911, acc: 0.7229
Epoch 274/300
21:02:56 train - loss: 0.0109, acc: 0.9985
21:02:56 valid - loss: 1.5871, acc: 0.7218
Epoch 275/300
21:03:07 train - loss: 0.0111, acc: 0.9983
21:03:07 valid - loss: 1.5969, acc: 0.7235
Epoch 276/300
21:03:18 train - loss: 0.0113, acc: 0.9984
21:03:18 valid - loss: 1.5869, acc: 0.7241
Epoch 277/300
21:03:29 train - loss: 0.0113, acc: 0.9981
21:03:29 valid - loss: 1.5900, acc: 0.7222
Epoch 278/300
21:03:40 train - loss: 0.0108, acc: 0.9984
21:03:40 valid - loss: 1.5872, acc: 0.7235
Epoch 279/300
21:03:51 train - loss: 0.0101, acc: 0.9987
21:03:51 valid - loss: 1.5861, acc: 0.7239
Epoch 280/300
21:04:02 train - loss: 0.0103, acc: 0.9987
21:04:02 valid - loss: 1.5808, acc: 0.7224
Epoch 281/300
21:04:13 train - loss: 0.0109, acc: 0.9985
21:04:13 valid - loss: 1.5855, acc: 0.7243
Epoch 282/300
21:04:24 train - loss: 0.0103, acc: 0.9986
21:04:24 valid - loss: 1.5890, acc: 0.7234
Epoch 283/300
21:04:35 train - loss: 0.0099, acc: 0.9987
21:04:35 valid - loss: 1.5842, acc: 0.7256
Epoch 284/300
21:04:46 train - loss: 0.0093, acc: 0.9989
21:04:47 valid - loss: 1.5878, acc: 0.7244
Epoch 285/300
21:04:57 train - loss: 0.0102, acc: 0.9988
21:04:58 valid - loss: 1.5862, acc: 0.7230
Epoch 286/300
21:05:08 train - loss: 0.0105, acc: 0.9985
21:05:09 valid - loss: 1.5898, acc: 0.7218
Epoch 287/300
21:05:19 train - loss: 0.0102, acc: 0.9986
21:05:20 valid - loss: 1.5823, acc: 0.7240
Epoch 288/300
21:05:30 train - loss: 0.0105, acc: 0.9984
21:05:31 valid - loss: 1.5823, acc: 0.7231
Epoch 289/300
21:05:41 train - loss: 0.0100, acc: 0.9987
21:05:42 valid - loss: 1.5785, acc: 0.7229
Epoch 290/300
21:05:52 train - loss: 0.0102, acc: 0.9986
21:05:53 valid - loss: 1.5797, acc: 0.7261
Epoch 291/300
21:06:04 train - loss: 0.0096, acc: 0.9989
21:06:04 valid - loss: 1.5859, acc: 0.7252
Epoch 292/300
21:06:15 train - loss: 0.0097, acc: 0.9988
21:06:15 valid - loss: 1.5854, acc: 0.7233
Epoch 293/300
21:06:26 train - loss: 0.0096, acc: 0.9988
21:06:26 valid - loss: 1.5810, acc: 0.7258
Epoch 294/300
21:06:37 train - loss: 0.0100, acc: 0.9986
21:06:37 valid - loss: 1.5812, acc: 0.7250
Epoch 295/300
21:06:48 train - loss: 0.0103, acc: 0.9985
21:06:48 valid - loss: 1.5802, acc: 0.7247
Epoch 296/300
21:06:59 train - loss: 0.0096, acc: 0.9987
21:06:59 valid - loss: 1.5863, acc: 0.7247
Epoch 297/300
21:07:10 train - loss: 0.0097, acc: 0.9988
21:07:10 valid - loss: 1.5898, acc: 0.7231
Epoch 298/300
21:07:21 train - loss: 0.0097, acc: 0.9985
21:07:21 valid - loss: 1.5802, acc: 0.7246
Epoch 299/300
21:07:32 train - loss: 0.0099, acc: 0.9986
21:07:32 valid - loss: 1.5835, acc: 0.7252
Epoch 300/300
21:07:43 train - loss: 0.0094, acc: 0.9990
21:07:43 valid - loss: 1.5795, acc: 0.7263