20:28:09 Start training
Epoch 1/300
WARNING:tensorflow:From /usr/local/lib/python3.6/dist-packages/tensorflow/python/data/ops/multi_device_iterator_ops.py:601: get_next_as_optional (from tensorflow.python.data.ops.iterator_ops) is deprecated and will be removed in a future version.
Instructions for updating:
Use `tf.data.Iterator.get_next_as_optional()` instead.
WARNING:tensorflow:From /usr/local/lib/python3.6/dist-packages/tensorflow/python/data/ops/multi_device_iterator_ops.py:601: get_next_as_optional (from tensorflow.python.data.ops.iterator_ops) is deprecated and will be removed in a future version.
Instructions for updating:
Use `tf.data.Iterator.get_next_as_optional()` instead.
20:30:02 train - loss: 4.1325, acc: 0.0760
20:30:26 valid - loss: 3.7051, acc: 0.1310
Epoch 2/300
20:30:37 train - loss: 3.5616, acc: 0.1557
20:30:37 valid - loss: 3.4443, acc: 0.1816
Epoch 3/300
20:30:48 train - loss: 3.2066, acc: 0.2201
20:30:48 valid - loss: 3.1542, acc: 0.2334
Epoch 4/300
20:30:59 train - loss: 2.8777, acc: 0.2802
20:30:59 valid - loss: 2.7307, acc: 0.3231
Epoch 5/300
20:31:10 train - loss: 2.6266, acc: 0.3250
20:31:10 valid - loss: 2.4509, acc: 0.3711
Epoch 6/300
20:31:21 train - loss: 2.4245, acc: 0.3704
20:31:21 valid - loss: 2.3267, acc: 0.4032
Epoch 7/300
20:31:32 train - loss: 2.2684, acc: 0.4033
20:31:32 valid - loss: 2.1789, acc: 0.4391
Epoch 8/300
20:31:43 train - loss: 2.1322, acc: 0.4319
20:31:43 valid - loss: 2.0260, acc: 0.4747
Epoch 9/300
20:31:54 train - loss: 2.0104, acc: 0.4576
20:31:54 valid - loss: 2.0082, acc: 0.4715
Epoch 10/300
20:32:05 train - loss: 1.9073, acc: 0.4836
20:32:05 valid - loss: 1.9235, acc: 0.4932
Epoch 11/300
20:32:16 train - loss: 1.8075, acc: 0.5073
20:32:16 valid - loss: 1.8238, acc: 0.5256
Epoch 12/300
20:32:26 train - loss: 1.7341, acc: 0.5227
20:32:27 valid - loss: 1.7985, acc: 0.5208
Epoch 13/300
20:32:37 train - loss: 1.6527, acc: 0.5448
20:32:38 valid - loss: 1.7594, acc: 0.5280
Epoch 14/300
20:32:48 train - loss: 1.5868, acc: 0.5577
20:32:49 valid - loss: 1.6150, acc: 0.5676
Epoch 15/300
20:32:59 train - loss: 1.5195, acc: 0.5751
20:33:00 valid - loss: 1.5873, acc: 0.5772
Epoch 16/300
20:33:10 train - loss: 1.4738, acc: 0.5851
20:33:11 valid - loss: 1.6156, acc: 0.5744
Epoch 17/300
20:33:21 train - loss: 1.4243, acc: 0.5974
20:33:22 valid - loss: 1.6104, acc: 0.5730
Epoch 18/300
20:33:32 train - loss: 1.3721, acc: 0.6109
20:33:33 valid - loss: 1.5427, acc: 0.5868
Epoch 19/300
20:33:43 train - loss: 1.3378, acc: 0.6180
20:33:44 valid - loss: 1.5940, acc: 0.5849
Epoch 20/300
20:33:54 train - loss: 1.2991, acc: 0.6287
20:33:55 valid - loss: 1.5201, acc: 0.5951
Epoch 21/300
20:34:05 train - loss: 1.2655, acc: 0.6349
20:34:05 valid - loss: 1.4416, acc: 0.6090
Epoch 22/300
20:34:16 train - loss: 1.2339, acc: 0.6465
20:34:16 valid - loss: 1.5132, acc: 0.5937
Epoch 23/300
20:34:27 train - loss: 1.2032, acc: 0.6534
20:34:27 valid - loss: 1.5269, acc: 0.5971
Epoch 24/300
20:34:38 train - loss: 1.1766, acc: 0.6597
20:34:38 valid - loss: 1.5416, acc: 0.5943
Epoch 25/300
20:34:49 train - loss: 1.1451, acc: 0.6683
20:34:49 valid - loss: 1.4338, acc: 0.6216
Epoch 26/300
20:35:00 train - loss: 1.1340, acc: 0.6682
20:35:00 valid - loss: 1.4821, acc: 0.6127
Epoch 27/300
20:35:11 train - loss: 1.1126, acc: 0.6754
20:35:11 valid - loss: 1.5103, acc: 0.6176
Epoch 28/300
20:35:22 train - loss: 1.0864, acc: 0.6817
20:35:22 valid - loss: 1.4444, acc: 0.6225
Epoch 29/300
20:35:33 train - loss: 1.0731, acc: 0.6859
20:35:33 valid - loss: 1.4520, acc: 0.6239
Epoch 30/300
20:35:44 train - loss: 1.0463, acc: 0.6909
20:35:44 valid - loss: 1.5354, acc: 0.6065
Epoch 31/300
20:35:55 train - loss: 1.0243, acc: 0.6975
20:35:55 valid - loss: 1.4882, acc: 0.6141
Epoch 32/300
20:36:06 train - loss: 1.0079, acc: 0.7017
20:36:06 valid - loss: 1.4401, acc: 0.6312
Epoch 33/300
20:36:17 train - loss: 0.9871, acc: 0.7079
20:36:17 valid - loss: 1.4441, acc: 0.6361
Epoch 34/300
20:36:28 train - loss: 0.9847, acc: 0.7075
20:36:28 valid - loss: 1.4162, acc: 0.6308
Epoch 35/300
20:36:39 train - loss: 0.9623, acc: 0.7152
20:36:39 valid - loss: 1.4277, acc: 0.6403
Epoch 36/300
20:36:50 train - loss: 0.9482, acc: 0.7184
20:36:50 valid - loss: 1.4169, acc: 0.6429
Epoch 37/300
20:37:01 train - loss: 0.9350, acc: 0.7215
20:37:01 valid - loss: 1.4320, acc: 0.6373
Epoch 38/300
20:37:12 train - loss: 0.9189, acc: 0.7256
20:37:12 valid - loss: 1.4194, acc: 0.6420
Epoch 39/300
20:37:22 train - loss: 0.9070, acc: 0.7288
20:37:23 valid - loss: 1.4658, acc: 0.6359
Epoch 40/300
20:37:33 train - loss: 0.8959, acc: 0.7330
20:37:34 valid - loss: 1.3990, acc: 0.6473
Epoch 41/300
20:37:44 train - loss: 0.8836, acc: 0.7341
20:37:45 valid - loss: 1.4347, acc: 0.6426
Epoch 42/300
20:37:55 train - loss: 0.8712, acc: 0.7363
20:37:56 valid - loss: 1.4212, acc: 0.6438
Epoch 43/300
20:38:06 train - loss: 0.8634, acc: 0.7406
20:38:07 valid - loss: 1.4694, acc: 0.6394
Epoch 44/300
20:38:17 train - loss: 0.8414, acc: 0.7483
20:38:18 valid - loss: 1.4456, acc: 0.6449
Epoch 45/300
20:38:28 train - loss: 0.8396, acc: 0.7446
20:38:29 valid - loss: 1.4253, acc: 0.6494
Epoch 46/300
20:38:39 train - loss: 0.8344, acc: 0.7473
20:38:40 valid - loss: 1.4800, acc: 0.6364
Epoch 47/300
20:38:50 train - loss: 0.8334, acc: 0.7483
20:38:50 valid - loss: 1.4135, acc: 0.6487
Epoch 48/300
20:39:01 train - loss: 0.8115, acc: 0.7517
20:39:01 valid - loss: 1.4472, acc: 0.6504
Epoch 49/300
20:39:12 train - loss: 0.8036, acc: 0.7587
20:39:12 valid - loss: 1.3928, acc: 0.6615
Epoch 50/300
20:39:23 train - loss: 0.7895, acc: 0.7598
20:39:23 valid - loss: 1.4737, acc: 0.6453
Epoch 51/300
20:39:34 train - loss: 0.7904, acc: 0.7590
20:39:34 valid - loss: 1.4643, acc: 0.6473
Epoch 52/300
20:39:45 train - loss: 0.7824, acc: 0.7612
20:39:45 valid - loss: 1.4304, acc: 0.6531
Epoch 53/300
20:39:56 train - loss: 0.7703, acc: 0.7645
20:39:56 valid - loss: 1.4943, acc: 0.6446
Epoch 54/300
20:40:07 train - loss: 0.7669, acc: 0.7652
20:40:07 valid - loss: 1.3851, acc: 0.6643
Epoch 55/300
20:40:18 train - loss: 0.7598, acc: 0.7693
20:40:18 valid - loss: 1.4691, acc: 0.6493
Epoch 56/300
20:40:29 train - loss: 0.7449, acc: 0.7731
20:40:29 valid - loss: 1.3989, acc: 0.6634
Epoch 57/300
20:40:40 train - loss: 0.7422, acc: 0.7732
20:40:40 valid - loss: 1.4194, acc: 0.6553
Epoch 58/300
20:40:51 train - loss: 0.7355, acc: 0.7732
20:40:51 valid - loss: 1.4704, acc: 0.6587
Epoch 59/300
20:41:02 train - loss: 0.7228, acc: 0.7765
20:41:02 valid - loss: 1.4634, acc: 0.6526
Epoch 60/300
20:41:13 train - loss: 0.7311, acc: 0.7749
20:41:13 valid - loss: 1.4890, acc: 0.6581
Epoch 61/300
20:41:24 train - loss: 0.7173, acc: 0.7800
20:41:24 valid - loss: 1.5298, acc: 0.6409
Epoch 62/300
20:41:35 train - loss: 0.7054, acc: 0.7837
20:41:35 valid - loss: 1.4746, acc: 0.6583
Epoch 63/300
20:41:45 train - loss: 0.6983, acc: 0.7855
20:41:46 valid - loss: 1.4967, acc: 0.6489
Epoch 64/300
20:41:56 train - loss: 0.7031, acc: 0.7833
20:41:57 valid - loss: 1.4001, acc: 0.6621
Epoch 65/300
20:42:07 train - loss: 0.6929, acc: 0.7865
20:42:08 valid - loss: 1.4623, acc: 0.6561
Epoch 66/300
20:42:18 train - loss: 0.6808, acc: 0.7890
20:42:19 valid - loss: 1.5283, acc: 0.6514
Epoch 67/300
20:42:29 train - loss: 0.6772, acc: 0.7903
20:42:30 valid - loss: 1.5368, acc: 0.6569
Epoch 68/300
20:42:40 train - loss: 0.6744, acc: 0.7913
20:42:41 valid - loss: 1.4738, acc: 0.6517
Epoch 69/300
20:42:51 train - loss: 0.6738, acc: 0.7891
20:42:52 valid - loss: 1.4677, acc: 0.6591
Epoch 70/300
20:43:02 train - loss: 0.6627, acc: 0.7944
20:43:03 valid - loss: 1.5434, acc: 0.6464
Epoch 71/300
20:43:13 train - loss: 0.6562, acc: 0.7953
20:43:14 valid - loss: 1.4417, acc: 0.6674
Epoch 72/300
20:43:24 train - loss: 0.6482, acc: 0.7985
20:43:25 valid - loss: 1.5573, acc: 0.6512
Epoch 73/300
20:43:35 train - loss: 0.6399, acc: 0.8010
20:43:35 valid - loss: 1.5419, acc: 0.6535
Epoch 74/300
20:43:46 train - loss: 0.6256, acc: 0.8057
20:43:46 valid - loss: 1.4975, acc: 0.6496
Epoch 75/300
20:43:57 train - loss: 0.6275, acc: 0.8051
20:43:57 valid - loss: 1.5281, acc: 0.6520
Epoch 76/300
20:44:08 train - loss: 0.6181, acc: 0.8094
20:44:08 valid - loss: 1.5125, acc: 0.6625
Epoch 77/300
20:44:19 train - loss: 0.6224, acc: 0.8059
20:44:19 valid - loss: 1.5231, acc: 0.6558
Epoch 78/300
20:44:30 train - loss: 0.6227, acc: 0.8060
20:44:30 valid - loss: 1.4623, acc: 0.6597
Epoch 79/300
20:44:41 train - loss: 0.5993, acc: 0.8122
20:44:41 valid - loss: 1.4173, acc: 0.6699
Epoch 80/300
20:44:52 train - loss: 0.6091, acc: 0.8090
20:44:52 valid - loss: 1.4368, acc: 0.6609
Epoch 81/300
20:45:03 train - loss: 0.6048, acc: 0.8114
20:45:03 valid - loss: 1.4086, acc: 0.6759
Epoch 82/300
20:45:14 train - loss: 0.5918, acc: 0.8144
20:45:14 valid - loss: 1.4651, acc: 0.6614
Epoch 83/300
20:45:25 train - loss: 0.5899, acc: 0.8155
20:45:25 valid - loss: 1.4224, acc: 0.6734
Epoch 84/300
20:45:36 train - loss: 0.5794, acc: 0.8180
20:45:36 valid - loss: 1.4929, acc: 0.6561
Epoch 85/300
20:45:47 train - loss: 0.5912, acc: 0.8155
20:45:47 valid - loss: 1.4988, acc: 0.6608
Epoch 86/300
20:45:58 train - loss: 0.5764, acc: 0.8190
20:45:58 valid - loss: 1.4787, acc: 0.6667
Epoch 87/300
20:46:09 train - loss: 0.5613, acc: 0.8232
20:46:09 valid - loss: 1.4838, acc: 0.6592
Epoch 88/300
20:46:20 train - loss: 0.5628, acc: 0.8210
20:46:20 valid - loss: 1.5363, acc: 0.6555
Epoch 89/300
20:46:31 train - loss: 0.5670, acc: 0.8214
20:46:31 valid - loss: 1.4028, acc: 0.6725
Epoch 90/300
20:46:42 train - loss: 0.5683, acc: 0.8226
20:46:42 valid - loss: 1.4578, acc: 0.6697
Epoch 91/300
20:46:53 train - loss: 0.5488, acc: 0.8271
20:46:53 valid - loss: 1.4954, acc: 0.6746
Epoch 92/300
20:47:04 train - loss: 0.5515, acc: 0.8252
20:47:04 valid - loss: 1.5821, acc: 0.6554
Epoch 93/300
20:47:14 train - loss: 0.5308, acc: 0.8328
20:47:15 valid - loss: 1.5750, acc: 0.6575
Epoch 94/300
20:47:25 train - loss: 0.5425, acc: 0.8293
20:47:26 valid - loss: 1.4951, acc: 0.6728
Epoch 95/300
20:47:36 train - loss: 0.5382, acc: 0.8318
20:47:37 valid - loss: 1.4492, acc: 0.6715
Epoch 96/300
20:47:47 train - loss: 0.5323, acc: 0.8329
20:47:48 valid - loss: 1.5114, acc: 0.6654
Epoch 97/300
20:47:58 train - loss: 0.5227, acc: 0.8342
20:47:59 valid - loss: 1.4878, acc: 0.6704
Epoch 98/300
20:48:09 train - loss: 0.5265, acc: 0.8332
20:48:10 valid - loss: 1.4719, acc: 0.6668
Epoch 99/300
20:48:20 train - loss: 0.5184, acc: 0.8370
20:48:21 valid - loss: 1.4989, acc: 0.6686
Epoch 100/300
20:48:31 train - loss: 0.5105, acc: 0.8376
20:48:32 valid - loss: 1.4963, acc: 0.6691
Epoch 101/300
20:48:42 train - loss: 0.5086, acc: 0.8381
20:48:43 valid - loss: 1.5074, acc: 0.6665
Epoch 102/300
20:48:53 train - loss: 0.5078, acc: 0.8386
20:48:53 valid - loss: 1.4768, acc: 0.6750
Epoch 103/300
20:49:04 train - loss: 0.4837, acc: 0.8472
20:49:04 valid - loss: 1.5696, acc: 0.6667
Epoch 104/300
20:49:15 train - loss: 0.4943, acc: 0.8435
20:49:15 valid - loss: 1.6130, acc: 0.6551
Epoch 105/300
20:49:26 train - loss: 0.4911, acc: 0.8439
20:49:26 valid - loss: 1.5559, acc: 0.6650
Epoch 106/300
20:49:37 train - loss: 0.4782, acc: 0.8465
20:49:37 valid - loss: 1.4690, acc: 0.6768
Epoch 107/300
20:49:48 train - loss: 0.4816, acc: 0.8470
20:49:48 valid - loss: 1.5679, acc: 0.6669
Epoch 108/300
20:49:59 train - loss: 0.4795, acc: 0.8471
20:49:59 valid - loss: 1.5253, acc: 0.6762
Epoch 109/300
20:50:10 train - loss: 0.4734, acc: 0.8489
20:50:10 valid - loss: 1.4835, acc: 0.6732
Epoch 110/300
20:50:21 train - loss: 0.4768, acc: 0.8480
20:50:21 valid - loss: 1.4774, acc: 0.6758
Epoch 111/300
20:50:32 train - loss: 0.4661, acc: 0.8517
20:50:32 valid - loss: 1.5138, acc: 0.6709
Epoch 112/300
20:50:43 train - loss: 0.4561, acc: 0.8539
20:50:43 valid - loss: 1.5033, acc: 0.6683
Epoch 113/300
20:50:54 train - loss: 0.4590, acc: 0.8533
20:50:54 valid - loss: 1.5252, acc: 0.6761
Epoch 114/300
20:51:05 train - loss: 0.4416, acc: 0.8580
20:51:05 valid - loss: 1.6414, acc: 0.6594
Epoch 115/300
20:51:16 train - loss: 0.4483, acc: 0.8556
20:51:16 valid - loss: 1.5928, acc: 0.6704
Epoch 116/300
20:51:27 train - loss: 0.4464, acc: 0.8554
20:51:27 valid - loss: 1.5290, acc: 0.6769
Epoch 117/300
20:51:38 train - loss: 0.4382, acc: 0.8604
20:51:38 valid - loss: 1.4663, acc: 0.6777
Epoch 118/300
20:51:49 train - loss: 0.4298, acc: 0.8616
20:51:49 valid - loss: 1.5372, acc: 0.6757
Epoch 119/300
20:52:00 train - loss: 0.4343, acc: 0.8605
20:52:00 valid - loss: 1.5137, acc: 0.6792
Epoch 120/300
20:52:11 train - loss: 0.4244, acc: 0.8630
20:52:11 valid - loss: 1.4526, acc: 0.6763
Epoch 121/300
20:52:22 train - loss: 0.4207, acc: 0.8656
20:52:22 valid - loss: 1.5360, acc: 0.6750
Epoch 122/300
20:52:32 train - loss: 0.4101, acc: 0.8680
20:52:33 valid - loss: 1.5171, acc: 0.6836
Epoch 123/300
20:52:43 train - loss: 0.4131, acc: 0.8675
20:52:44 valid - loss: 1.5777, acc: 0.6701
Epoch 124/300
20:52:54 train - loss: 0.4009, acc: 0.8725
20:52:55 valid - loss: 1.5196, acc: 0.6752
Epoch 125/300
20:53:05 train - loss: 0.4071, acc: 0.8698
20:53:06 valid - loss: 1.5546, acc: 0.6745
Epoch 126/300
20:53:16 train - loss: 0.4092, acc: 0.8689
20:53:17 valid - loss: 1.5343, acc: 0.6835
Epoch 127/300
20:53:27 train - loss: 0.3900, acc: 0.8734
20:53:28 valid - loss: 1.5789, acc: 0.6720
Epoch 128/300
20:53:38 train - loss: 0.3916, acc: 0.8742
20:53:39 valid - loss: 1.6171, acc: 0.6640
Epoch 129/300
20:53:49 train - loss: 0.3938, acc: 0.8729
20:53:50 valid - loss: 1.5819, acc: 0.6693
Epoch 130/300
20:54:00 train - loss: 0.3845, acc: 0.8763
20:54:01 valid - loss: 1.5959, acc: 0.6696
Epoch 131/300
20:54:11 train - loss: 0.3799, acc: 0.8764
20:54:12 valid - loss: 1.6339, acc: 0.6692
Epoch 132/300
20:54:22 train - loss: 0.3741, acc: 0.8778
20:54:22 valid - loss: 1.5453, acc: 0.6744
Epoch 133/300
20:54:33 train - loss: 0.3675, acc: 0.8820
20:54:33 valid - loss: 1.5635, acc: 0.6835
Epoch 134/300
20:54:44 train - loss: 0.3593, acc: 0.8852
20:54:44 valid - loss: 1.6206, acc: 0.6734
Epoch 135/300
20:54:55 train - loss: 0.3580, acc: 0.8857
20:54:55 valid - loss: 1.6551, acc: 0.6699
Epoch 136/300
20:55:06 train - loss: 0.3706, acc: 0.8798
20:55:06 valid - loss: 1.5330, acc: 0.6832
Epoch 137/300
20:55:17 train - loss: 0.3492, acc: 0.8864
20:55:17 valid - loss: 1.6424, acc: 0.6693
Epoch 138/300
20:55:28 train - loss: 0.3529, acc: 0.8861
20:55:28 valid - loss: 1.6232, acc: 0.6757
Epoch 139/300
20:55:39 train - loss: 0.3417, acc: 0.8895
20:55:39 valid - loss: 1.5068, acc: 0.6856
Epoch 140/300
20:55:50 train - loss: 0.3405, acc: 0.8894
20:55:50 valid - loss: 1.6320, acc: 0.6729
Epoch 141/300
20:56:01 train - loss: 0.3299, acc: 0.8930
20:56:01 valid - loss: 1.6143, acc: 0.6809
Epoch 142/300
20:56:12 train - loss: 0.3375, acc: 0.8908
20:56:12 valid - loss: 1.5610, acc: 0.6871
Epoch 143/300
20:56:23 train - loss: 0.3262, acc: 0.8948
20:56:23 valid - loss: 1.5348, acc: 0.6828
Epoch 144/300
20:56:34 train - loss: 0.3245, acc: 0.8962
20:56:34 valid - loss: 1.5200, acc: 0.6845
Epoch 145/300
20:56:45 train - loss: 0.3107, acc: 0.8996
20:56:45 valid - loss: 1.5899, acc: 0.6830
Epoch 146/300
20:56:56 train - loss: 0.3223, acc: 0.8960
20:56:56 valid - loss: 1.5833, acc: 0.6839
Epoch 147/300
20:57:07 train - loss: 0.3069, acc: 0.9005
20:57:07 valid - loss: 1.5794, acc: 0.6756
Epoch 148/300
20:57:18 train - loss: 0.3015, acc: 0.9019
20:57:18 valid - loss: 1.5552, acc: 0.6830
Epoch 149/300
20:57:29 train - loss: 0.2980, acc: 0.9035
20:57:29 valid - loss: 1.6250, acc: 0.6794
Epoch 150/300
20:57:39 train - loss: 0.3015, acc: 0.9019
20:57:40 valid - loss: 1.5416, acc: 0.6880
Epoch 151/300
20:57:50 train - loss: 0.2874, acc: 0.9069
20:57:51 valid - loss: 1.5108, acc: 0.6913
Epoch 152/300
20:58:01 train - loss: 0.2961, acc: 0.9042
20:58:02 valid - loss: 1.6018, acc: 0.6772
Epoch 153/300
20:58:12 train - loss: 0.2924, acc: 0.9050
20:58:13 valid - loss: 1.5889, acc: 0.6804
Epoch 154/300
20:58:23 train - loss: 0.2824, acc: 0.9089
20:58:24 valid - loss: 1.6491, acc: 0.6733
Epoch 155/300
20:58:34 train - loss: 0.2826, acc: 0.9082
20:58:35 valid - loss: 1.5645, acc: 0.6849
Epoch 156/300
20:58:45 train - loss: 0.2635, acc: 0.9146
20:58:46 valid - loss: 1.5461, acc: 0.6903
Epoch 157/300
20:58:56 train - loss: 0.2625, acc: 0.9150
20:58:57 valid - loss: 1.6396, acc: 0.6753
Epoch 158/300
20:59:07 train - loss: 0.2705, acc: 0.9123
20:59:08 valid - loss: 1.5961, acc: 0.6845
Epoch 159/300
20:59:18 train - loss: 0.2529, acc: 0.9187
20:59:19 valid - loss: 1.5403, acc: 0.6878
Epoch 160/300
20:59:29 train - loss: 0.2604, acc: 0.9158
20:59:30 valid - loss: 1.6066, acc: 0.6825
Epoch 161/300
20:59:40 train - loss: 0.2486, acc: 0.9187
20:59:40 valid - loss: 1.6107, acc: 0.6838
Epoch 162/300
20:59:51 train - loss: 0.2449, acc: 0.9202
20:59:51 valid - loss: 1.5805, acc: 0.6771
Epoch 163/300
21:00:02 train - loss: 0.2509, acc: 0.9188
21:00:02 valid - loss: 1.5566, acc: 0.6881
Epoch 164/300
21:00:13 train - loss: 0.2394, acc: 0.9226
21:00:13 valid - loss: 1.5763, acc: 0.6904
Epoch 165/300
21:00:24 train - loss: 0.2366, acc: 0.9230
21:00:24 valid - loss: 1.5984, acc: 0.6913
Epoch 166/300
21:00:35 train - loss: 0.2380, acc: 0.9220
21:00:35 valid - loss: 1.5897, acc: 0.6900
Epoch 167/300
21:00:46 train - loss: 0.2288, acc: 0.9255
21:00:46 valid - loss: 1.5846, acc: 0.6865
Epoch 168/300
21:00:57 train - loss: 0.2246, acc: 0.9274
21:00:57 valid - loss: 1.6348, acc: 0.6834
Epoch 169/300
21:01:08 train - loss: 0.2220, acc: 0.9279
21:01:08 valid - loss: 1.5931, acc: 0.6931
Epoch 170/300
21:01:19 train - loss: 0.2106, acc: 0.9334
21:01:19 valid - loss: 1.6096, acc: 0.6911
Epoch 171/300
21:01:30 train - loss: 0.2079, acc: 0.9324
21:01:30 valid - loss: 1.5886, acc: 0.6956
Epoch 172/300
21:01:41 train - loss: 0.2032, acc: 0.9333
21:01:41 valid - loss: 1.5992, acc: 0.6930
Epoch 173/300
21:01:52 train - loss: 0.1994, acc: 0.9357
21:01:52 valid - loss: 1.5948, acc: 0.6901
Epoch 174/300
21:02:03 train - loss: 0.2022, acc: 0.9346
21:02:03 valid - loss: 1.6288, acc: 0.6909
Epoch 175/300
21:02:14 train - loss: 0.1982, acc: 0.9364
21:02:14 valid - loss: 1.5874, acc: 0.6862
Epoch 176/300
21:02:25 train - loss: 0.1878, acc: 0.9393
21:02:25 valid - loss: 1.6236, acc: 0.6929
Epoch 177/300
21:02:35 train - loss: 0.1848, acc: 0.9409
21:02:36 valid - loss: 1.6514, acc: 0.6914
Epoch 178/300
21:02:46 train - loss: 0.1932, acc: 0.9377
21:02:47 valid - loss: 1.6038, acc: 0.6925
Epoch 179/300
21:02:57 train - loss: 0.1787, acc: 0.9421
21:02:58 valid - loss: 1.6189, acc: 0.6952
Epoch 180/300
21:03:08 train - loss: 0.1757, acc: 0.9434
21:03:09 valid - loss: 1.5934, acc: 0.6958
Epoch 181/300
21:03:19 train - loss: 0.1773, acc: 0.9418
21:03:20 valid - loss: 1.5785, acc: 0.6992
Epoch 182/300
21:03:30 train - loss: 0.1674, acc: 0.9459
21:03:31 valid - loss: 1.6596, acc: 0.6894
Epoch 183/300
21:03:41 train - loss: 0.1667, acc: 0.9465
21:03:42 valid - loss: 1.6336, acc: 0.6910
Epoch 184/300
21:03:52 train - loss: 0.1670, acc: 0.9467
21:03:53 valid - loss: 1.6024, acc: 0.6955
Epoch 185/300
21:04:03 train - loss: 0.1642, acc: 0.9460
21:04:04 valid - loss: 1.5773, acc: 0.6959
Epoch 186/300
21:04:14 train - loss: 0.1589, acc: 0.9494
21:04:15 valid - loss: 1.6106, acc: 0.6969
Epoch 187/300
21:04:25 train - loss: 0.1552, acc: 0.9509
21:04:25 valid - loss: 1.5339, acc: 0.7008
Epoch 188/300
21:04:36 train - loss: 0.1436, acc: 0.9534
21:04:36 valid - loss: 1.6440, acc: 0.6966
Epoch 189/300
21:04:47 train - loss: 0.1416, acc: 0.9544
21:04:47 valid - loss: 1.5757, acc: 0.6979
Epoch 190/300
21:04:58 train - loss: 0.1384, acc: 0.9552
21:04:58 valid - loss: 1.6117, acc: 0.6959
Epoch 191/300
21:05:09 train - loss: 0.1390, acc: 0.9551
21:05:09 valid - loss: 1.6701, acc: 0.6913
Epoch 192/300
21:05:20 train - loss: 0.1329, acc: 0.9571
21:05:20 valid - loss: 1.5463, acc: 0.7087
Epoch 193/300
21:05:31 train - loss: 0.1282, acc: 0.9591
21:05:31 valid - loss: 1.5667, acc: 0.7065
Epoch 194/300
21:05:42 train - loss: 0.1229, acc: 0.9620
21:05:42 valid - loss: 1.5561, acc: 0.7056
Epoch 195/300
21:05:53 train - loss: 0.1235, acc: 0.9617
21:05:53 valid - loss: 1.5323, acc: 0.7083
Epoch 196/300
21:06:04 train - loss: 0.1081, acc: 0.9665
21:06:04 valid - loss: 1.5669, acc: 0.7103
Epoch 197/300
21:06:15 train - loss: 0.1149, acc: 0.9635
21:06:15 valid - loss: 1.6101, acc: 0.7078
Epoch 198/300
21:06:26 train - loss: 0.1136, acc: 0.9643
21:06:26 valid - loss: 1.5877, acc: 0.7066
Epoch 199/300
21:06:37 train - loss: 0.1083, acc: 0.9656
21:06:37 valid - loss: 1.5629, acc: 0.7082
Epoch 200/300
21:06:48 train - loss: 0.1051, acc: 0.9673
21:06:48 valid - loss: 1.5964, acc: 0.7092
Epoch 201/300
21:06:59 train - loss: 0.0984, acc: 0.9703
21:06:59 valid - loss: 1.5878, acc: 0.7089
Epoch 202/300
21:07:10 train - loss: 0.0995, acc: 0.9692
21:07:10 valid - loss: 1.5678, acc: 0.7097
Epoch 203/300
21:07:20 train - loss: 0.0936, acc: 0.9710
21:07:21 valid - loss: 1.5663, acc: 0.7081
Epoch 204/300
21:07:31 train - loss: 0.0902, acc: 0.9729
21:07:32 valid - loss: 1.5306, acc: 0.7197
Epoch 205/300
21:07:42 train - loss: 0.0824, acc: 0.9750
21:07:43 valid - loss: 1.5906, acc: 0.7118
Epoch 206/300
21:07:53 train - loss: 0.0856, acc: 0.9737
21:07:54 valid - loss: 1.5339, acc: 0.7188
Epoch 207/300
21:08:04 train - loss: 0.0742, acc: 0.9779
21:08:05 valid - loss: 1.5482, acc: 0.7173
Epoch 208/300
21:08:15 train - loss: 0.0741, acc: 0.9780
21:08:16 valid - loss: 1.5503, acc: 0.7187
Epoch 209/300
21:08:26 train - loss: 0.0724, acc: 0.9779
21:08:27 valid - loss: 1.5645, acc: 0.7138
Epoch 210/300
21:08:37 train - loss: 0.0699, acc: 0.9793
21:08:38 valid - loss: 1.5788, acc: 0.7171
Epoch 211/300
21:08:48 train - loss: 0.0668, acc: 0.9807
21:08:49 valid - loss: 1.5400, acc: 0.7212
Epoch 212/300
21:08:59 train - loss: 0.0637, acc: 0.9813
21:09:00 valid - loss: 1.5768, acc: 0.7175
Epoch 213/300
21:09:10 train - loss: 0.0652, acc: 0.9811
21:09:11 valid - loss: 1.5908, acc: 0.7210
Epoch 214/300
21:09:21 train - loss: 0.0617, acc: 0.9819
21:09:22 valid - loss: 1.5648, acc: 0.7246
Epoch 215/300
21:09:32 train - loss: 0.0591, acc: 0.9819
21:09:33 valid - loss: 1.5590, acc: 0.7222
Epoch 216/300
21:09:43 train - loss: 0.0575, acc: 0.9834
21:09:44 valid - loss: 1.4968, acc: 0.7273
Epoch 217/300
21:09:54 train - loss: 0.0507, acc: 0.9860
21:09:55 valid - loss: 1.5843, acc: 0.7187
Epoch 218/300
21:10:05 train - loss: 0.0522, acc: 0.9845
21:10:06 valid - loss: 1.5336, acc: 0.7243
Epoch 219/300
21:10:16 train - loss: 0.0473, acc: 0.9868
21:10:17 valid - loss: 1.5345, acc: 0.7243
Epoch 220/300
21:10:27 train - loss: 0.0442, acc: 0.9875
21:10:28 valid - loss: 1.5591, acc: 0.7252
Epoch 221/300
21:10:38 train - loss: 0.0423, acc: 0.9884
21:10:38 valid - loss: 1.5208, acc: 0.7255
Epoch 222/300
21:10:49 train - loss: 0.0401, acc: 0.9895
21:10:50 valid - loss: 1.5467, acc: 0.7245
Epoch 223/300
21:11:00 train - loss: 0.0386, acc: 0.9897
21:11:01 valid - loss: 1.5458, acc: 0.7285
Epoch 224/300
21:11:11 train - loss: 0.0337, acc: 0.9916
21:11:11 valid - loss: 1.5060, acc: 0.7299
Epoch 225/300
21:11:22 train - loss: 0.0339, acc: 0.9914
21:11:22 valid - loss: 1.4980, acc: 0.7308
Epoch 226/300
21:11:33 train - loss: 0.0307, acc: 0.9927
21:11:33 valid - loss: 1.5039, acc: 0.7326
Epoch 227/300
21:11:44 train - loss: 0.0299, acc: 0.9922
21:11:44 valid - loss: 1.5161, acc: 0.7339
Epoch 228/300
21:11:55 train - loss: 0.0293, acc: 0.9926
21:11:55 valid - loss: 1.5023, acc: 0.7325
Epoch 229/300
21:12:06 train - loss: 0.0272, acc: 0.9934
21:12:06 valid - loss: 1.5132, acc: 0.7311
Epoch 230/300
21:12:17 train - loss: 0.0277, acc: 0.9935
21:12:17 valid - loss: 1.4913, acc: 0.7303
Epoch 231/300
21:12:28 train - loss: 0.0260, acc: 0.9938
21:12:28 valid - loss: 1.5050, acc: 0.7334
Epoch 232/300
21:12:39 train - loss: 0.0252, acc: 0.9936
21:12:39 valid - loss: 1.4856, acc: 0.7359
Epoch 233/300
21:12:50 train - loss: 0.0248, acc: 0.9940
21:12:50 valid - loss: 1.4905, acc: 0.7345
Epoch 234/300
21:13:01 train - loss: 0.0230, acc: 0.9948
21:13:01 valid - loss: 1.5008, acc: 0.7352
Epoch 235/300
21:13:12 train - loss: 0.0215, acc: 0.9951
21:13:12 valid - loss: 1.5012, acc: 0.7369
Epoch 236/300
21:13:23 train - loss: 0.0205, acc: 0.9955
21:13:23 valid - loss: 1.4846, acc: 0.7363
Epoch 237/300
21:13:34 train - loss: 0.0200, acc: 0.9956
21:13:34 valid - loss: 1.4686, acc: 0.7370
Epoch 238/300
21:13:45 train - loss: 0.0191, acc: 0.9958
21:13:45 valid - loss: 1.4816, acc: 0.7411
Epoch 239/300
21:13:56 train - loss: 0.0173, acc: 0.9966
21:13:56 valid - loss: 1.5052, acc: 0.7370
Epoch 240/300
21:14:07 train - loss: 0.0173, acc: 0.9963
21:14:07 valid - loss: 1.5023, acc: 0.7379
Epoch 241/300
21:14:18 train - loss: 0.0158, acc: 0.9964
21:14:18 valid - loss: 1.4886, acc: 0.7407
Epoch 242/300
21:14:29 train - loss: 0.0157, acc: 0.9970
21:14:29 valid - loss: 1.4801, acc: 0.7397
Epoch 243/300
21:14:40 train - loss: 0.0146, acc: 0.9972
21:14:40 valid - loss: 1.4838, acc: 0.7358
Epoch 244/300
21:14:50 train - loss: 0.0141, acc: 0.9974
21:14:51 valid - loss: 1.4604, acc: 0.7392
Epoch 245/300
21:15:01 train - loss: 0.0139, acc: 0.9974
21:15:02 valid - loss: 1.4836, acc: 0.7386
Epoch 246/300
21:15:12 train - loss: 0.0136, acc: 0.9976
21:15:13 valid - loss: 1.4764, acc: 0.7396
Epoch 247/300
21:15:23 train - loss: 0.0135, acc: 0.9976
21:15:24 valid - loss: 1.4597, acc: 0.7414
Epoch 248/300
21:15:34 train - loss: 0.0136, acc: 0.9975
21:15:35 valid - loss: 1.4621, acc: 0.7392
Epoch 249/300
21:15:45 train - loss: 0.0126, acc: 0.9979
21:15:46 valid - loss: 1.4527, acc: 0.7400
Epoch 250/300
21:15:56 train - loss: 0.0120, acc: 0.9982
21:15:57 valid - loss: 1.4707, acc: 0.7431
Epoch 251/300
21:16:07 train - loss: 0.0117, acc: 0.9980
21:16:08 valid - loss: 1.4468, acc: 0.7398
Epoch 252/300
21:16:18 train - loss: 0.0114, acc: 0.9980
21:16:19 valid - loss: 1.4481, acc: 0.7417
Epoch 253/300
21:16:29 train - loss: 0.0108, acc: 0.9983
21:16:29 valid - loss: 1.4686, acc: 0.7417
Epoch 254/300
21:16:40 train - loss: 0.0104, acc: 0.9983
21:16:40 valid - loss: 1.4485, acc: 0.7391
Epoch 255/300
21:16:51 train - loss: 0.0108, acc: 0.9983
21:16:51 valid - loss: 1.4515, acc: 0.7405
Epoch 256/300
21:17:02 train - loss: 0.0105, acc: 0.9983
21:17:02 valid - loss: 1.4449, acc: 0.7426
Epoch 257/300
21:17:13 train - loss: 0.0095, acc: 0.9989
21:17:13 valid - loss: 1.4539, acc: 0.7429
Epoch 258/300
21:17:24 train - loss: 0.0103, acc: 0.9985
21:17:24 valid - loss: 1.4672, acc: 0.7427
Epoch 259/300
21:17:35 train - loss: 0.0091, acc: 0.9988
21:17:35 valid - loss: 1.4503, acc: 0.7430
Epoch 260/300
21:17:46 train - loss: 0.0092, acc: 0.9985
21:17:46 valid - loss: 1.4483, acc: 0.7406
Epoch 261/300
21:17:57 train - loss: 0.0091, acc: 0.9986
21:17:57 valid - loss: 1.4391, acc: 0.7436
Epoch 262/300
21:18:08 train - loss: 0.0087, acc: 0.9988
21:18:08 valid - loss: 1.4472, acc: 0.7448
Epoch 263/300
21:18:19 train - loss: 0.0087, acc: 0.9988
21:18:19 valid - loss: 1.4456, acc: 0.7441
Epoch 264/300
21:18:30 train - loss: 0.0085, acc: 0.9989
21:18:30 valid - loss: 1.4418, acc: 0.7437
Epoch 265/300
21:18:41 train - loss: 0.0085, acc: 0.9988
21:18:41 valid - loss: 1.4351, acc: 0.7448
Epoch 266/300
21:18:52 train - loss: 0.0081, acc: 0.9987
21:18:52 valid - loss: 1.4368, acc: 0.7438
Epoch 267/300
21:19:03 train - loss: 0.0089, acc: 0.9986
21:19:03 valid - loss: 1.4338, acc: 0.7433
Epoch 268/300
21:19:14 train - loss: 0.0081, acc: 0.9990
21:19:14 valid - loss: 1.4405, acc: 0.7440
Epoch 269/300
21:19:24 train - loss: 0.0081, acc: 0.9989
21:19:25 valid - loss: 1.4319, acc: 0.7445
Epoch 270/300
21:19:35 train - loss: 0.0082, acc: 0.9987
21:19:36 valid - loss: 1.4270, acc: 0.7453
Epoch 271/300
21:19:46 train - loss: 0.0080, acc: 0.9991
21:19:47 valid - loss: 1.4231, acc: 0.7462
Epoch 272/300
21:19:57 train - loss: 0.0076, acc: 0.9990
21:19:58 valid - loss: 1.4322, acc: 0.7451
Epoch 273/300
21:20:08 train - loss: 0.0076, acc: 0.9990
21:20:09 valid - loss: 1.4271, acc: 0.7469
Epoch 274/300
21:20:19 train - loss: 0.0075, acc: 0.9990
21:20:20 valid - loss: 1.4320, acc: 0.7457
Epoch 275/300
21:20:30 train - loss: 0.0077, acc: 0.9988
21:20:31 valid - loss: 1.4321, acc: 0.7468
Epoch 276/300
21:20:41 train - loss: 0.0078, acc: 0.9987
21:20:42 valid - loss: 1.4267, acc: 0.7456
Epoch 277/300
21:20:52 train - loss: 0.0071, acc: 0.9993
21:20:53 valid - loss: 1.4286, acc: 0.7456
Epoch 278/300
21:21:03 train - loss: 0.0071, acc: 0.9991
21:21:04 valid - loss: 1.4374, acc: 0.7452
Epoch 279/300
21:21:14 train - loss: 0.0071, acc: 0.9991
21:21:14 valid - loss: 1.4270, acc: 0.7467
Epoch 280/300
21:21:25 train - loss: 0.0077, acc: 0.9989
21:21:25 valid - loss: 1.4276, acc: 0.7463
Epoch 281/300
21:21:36 train - loss: 0.0072, acc: 0.9991
21:21:36 valid - loss: 1.4329, acc: 0.7453
Epoch 282/300
21:21:47 train - loss: 0.0071, acc: 0.9990
21:21:47 valid - loss: 1.4305, acc: 0.7465
Epoch 283/300
21:21:58 train - loss: 0.0068, acc: 0.9992
21:21:58 valid - loss: 1.4239, acc: 0.7474
Epoch 284/300
21:22:09 train - loss: 0.0068, acc: 0.9991
21:22:09 valid - loss: 1.4280, acc: 0.7471
Epoch 285/300
21:22:20 train - loss: 0.0069, acc: 0.9990
21:22:20 valid - loss: 1.4273, acc: 0.7452
Epoch 286/300
21:22:31 train - loss: 0.0070, acc: 0.9991
21:22:31 valid - loss: 1.4244, acc: 0.7468
Epoch 287/300
21:22:42 train - loss: 0.0071, acc: 0.9993
21:22:42 valid - loss: 1.4281, acc: 0.7474
Epoch 288/300
21:22:53 train - loss: 0.0071, acc: 0.9990
21:22:53 valid - loss: 1.4261, acc: 0.7466
Epoch 289/300
21:23:04 train - loss: 0.0072, acc: 0.9990
21:23:04 valid - loss: 1.4226, acc: 0.7459
Epoch 290/300
21:23:15 train - loss: 0.0065, acc: 0.9993
21:23:15 valid - loss: 1.4255, acc: 0.7488
Epoch 291/300
21:23:26 train - loss: 0.0067, acc: 0.9992
21:23:26 valid - loss: 1.4274, acc: 0.7488
Epoch 292/300
21:23:37 train - loss: 0.0071, acc: 0.9991
21:23:37 valid - loss: 1.4278, acc: 0.7461
Epoch 293/300
21:23:48 train - loss: 0.0067, acc: 0.9992
21:23:48 valid - loss: 1.4278, acc: 0.7471
Epoch 294/300
21:23:59 train - loss: 0.0067, acc: 0.9992
21:23:59 valid - loss: 1.4274, acc: 0.7456
Epoch 295/300
21:24:10 train - loss: 0.0066, acc: 0.9992
21:24:10 valid - loss: 1.4226, acc: 0.7468
Epoch 296/300
21:24:20 train - loss: 0.0065, acc: 0.9993
21:24:21 valid - loss: 1.4289, acc: 0.7476
Epoch 297/300
21:24:31 train - loss: 0.0068, acc: 0.9991
21:24:32 valid - loss: 1.4298, acc: 0.7470
Epoch 298/300
21:24:42 train - loss: 0.0067, acc: 0.9992
21:24:43 valid - loss: 1.4357, acc: 0.7467
Epoch 299/300
21:24:53 train - loss: 0.0067, acc: 0.9991
21:24:54 valid - loss: 1.4272, acc: 0.7483
Epoch 300/300
21:25:04 train - loss: 0.0065, acc: 0.9993
21:25:05 valid - loss: 1.4253, acc: 0.7481