21:18:37 Start training
Epoch 1/300
21:21:11 train - loss: 4.3359, acc: 0.0412
21:21:33 valid - loss: 3.9996, acc: 0.0736
Epoch 2/300
21:23:19 train - loss: 3.8457, acc: 0.1061
21:23:25 valid - loss: 3.5718, acc: 0.1430
Epoch 3/300
21:25:11 train - loss: 3.4990, acc: 0.1642
21:25:17 valid - loss: 3.2910, acc: 0.1993
Epoch 4/300
21:27:04 train - loss: 3.2160, acc: 0.2157
21:27:10 valid - loss: 3.0358, acc: 0.2518
Epoch 5/300
21:28:56 train - loss: 2.9482, acc: 0.2668
21:29:02 valid - loss: 2.6089, acc: 0.3403
Epoch 6/300
21:30:48 train - loss: 2.6904, acc: 0.3173
21:30:54 valid - loss: 2.3933, acc: 0.3814
Epoch 7/300
21:32:41 train - loss: 2.4627, acc: 0.3663
21:32:47 valid - loss: 2.2647, acc: 0.4105
Epoch 8/300
21:34:34 train - loss: 2.2898, acc: 0.4008
21:34:40 valid - loss: 2.1212, acc: 0.4445
Epoch 9/300
21:36:26 train - loss: 2.1739, acc: 0.4285
21:36:32 valid - loss: 1.9264, acc: 0.4846
Epoch 10/300
21:38:19 train - loss: 2.0804, acc: 0.4506
Save trainer to /content/drive/My Drive/models/CIFAR100-1/ckpt
21:38:27 valid - loss: 1.9677, acc: 0.4748
Epoch 11/300
21:40:14 train - loss: 2.0041, acc: 0.4662
21:40:20 valid - loss: 1.8857, acc: 0.5021
Epoch 12/300
21:42:07 train - loss: 1.9436, acc: 0.4791
21:42:13 valid - loss: 1.6532, acc: 0.5487
Epoch 13/300
21:44:00 train - loss: 1.8882, acc: 0.4953
21:44:06 valid - loss: 1.7134, acc: 0.5377
Epoch 14/300
21:45:53 train - loss: 1.8654, acc: 0.4985
21:45:59 valid - loss: 1.7203, acc: 0.5321
Epoch 15/300
21:47:45 train - loss: 1.8425, acc: 0.5047
21:47:51 valid - loss: 1.5946, acc: 0.5583
Epoch 16/300
21:49:38 train - loss: 1.8325, acc: 0.5082
21:49:44 valid - loss: 1.6281, acc: 0.5452
Epoch 17/300
21:51:31 train - loss: 1.7993, acc: 0.5127
21:51:37 valid - loss: 1.6479, acc: 0.5468
Epoch 18/300
21:53:24 train - loss: 1.7782, acc: 0.5205
21:53:30 valid - loss: 1.5399, acc: 0.5758
Epoch 19/300
21:55:17 train - loss: 1.7622, acc: 0.5235
21:55:23 valid - loss: 1.6563, acc: 0.5491
Epoch 20/300
21:57:10 train - loss: 1.7422, acc: 0.5278
Save trainer to /content/drive/My Drive/models/CIFAR100-1/ckpt
21:57:17 valid - loss: 1.6721, acc: 0.5492
Epoch 21/300
21:59:05 train - loss: 1.7384, acc: 0.5286
21:59:11 valid - loss: 1.4427, acc: 0.5957
Epoch 22/300
22:00:58 train - loss: 1.7252, acc: 0.5335
22:01:04 valid - loss: 1.5479, acc: 0.5728
Epoch 23/300
22:02:50 train - loss: 1.7394, acc: 0.5320
22:02:56 valid - loss: 1.5373, acc: 0.5738
Epoch 24/300
22:04:42 train - loss: 1.7305, acc: 0.5339
22:04:48 valid - loss: 1.5955, acc: 0.5703
Epoch 25/300
22:06:33 train - loss: 1.7116, acc: 0.5365
22:06:39 valid - loss: 1.5191, acc: 0.5793
Epoch 26/300
22:08:25 train - loss: 1.7221, acc: 0.5352
22:08:31 valid - loss: 1.4634, acc: 0.5986
Epoch 27/300
22:10:16 train - loss: 1.7112, acc: 0.5387
22:10:22 valid - loss: 1.5216, acc: 0.5828
Epoch 28/300
22:12:07 train - loss: 1.7037, acc: 0.5409
22:12:12 valid - loss: 1.5006, acc: 0.5896
Epoch 29/300
22:13:57 train - loss: 1.7018, acc: 0.5354
22:14:03 valid - loss: 1.5634, acc: 0.5750
Epoch 30/300
22:15:48 train - loss: 1.6930, acc: 0.5449
Save trainer to /content/drive/My Drive/models/CIFAR100-1/ckpt
22:15:55 valid - loss: 1.5958, acc: 0.5657
Epoch 31/300
22:17:41 train - loss: 1.6932, acc: 0.5417
22:17:46 valid - loss: 1.5551, acc: 0.5706
Epoch 32/300
22:19:32 train - loss: 1.6923, acc: 0.5412
22:19:37 valid - loss: 1.5759, acc: 0.5691
Epoch 33/300
22:21:23 train - loss: 1.6960, acc: 0.5423
22:21:29 valid - loss: 1.4671, acc: 0.5993
Epoch 34/300
22:23:17 train - loss: 1.6840, acc: 0.5434
22:23:23 valid - loss: 1.4635, acc: 0.5985
Epoch 35/300
22:25:09 train - loss: 1.6888, acc: 0.5429
22:25:15 valid - loss: 1.4847, acc: 0.5945
Epoch 36/300
22:27:02 train - loss: 1.6935, acc: 0.5417
22:27:08 valid - loss: 1.5520, acc: 0.5775
Epoch 37/300
22:28:55 train - loss: 1.6877, acc: 0.5446
22:29:01 valid - loss: 1.6144, acc: 0.5722
Epoch 38/300
22:30:47 train - loss: 1.6879, acc: 0.5471
22:30:54 valid - loss: 1.4628, acc: 0.5936
Epoch 39/300
22:32:41 train - loss: 1.6860, acc: 0.5456
22:32:47 valid - loss: 1.5110, acc: 0.5872
Epoch 40/300
22:34:34 train - loss: 1.6807, acc: 0.5437
Save trainer to /content/drive/My Drive/models/CIFAR100-1/ckpt
22:34:42 valid - loss: 1.4750, acc: 0.5940
Epoch 41/300
22:36:29 train - loss: 1.6661, acc: 0.5479
22:36:35 valid - loss: 1.5434, acc: 0.5757
Epoch 42/300
22:38:22 train - loss: 1.6616, acc: 0.5503
22:38:28 valid - loss: 1.4352, acc: 0.6041
Epoch 43/300
22:40:16 train - loss: 1.6573, acc: 0.5511
22:40:22 valid - loss: 1.4667, acc: 0.6004
Epoch 44/300
22:42:09 train - loss: 1.6559, acc: 0.5523
22:42:15 valid - loss: 1.4159, acc: 0.6031
Epoch 45/300
22:44:02 train - loss: 1.6669, acc: 0.5459
22:44:08 valid - loss: 1.5715, acc: 0.5697
Epoch 46/300
22:45:55 train - loss: 1.6564, acc: 0.5518
22:46:01 valid - loss: 1.4863, acc: 0.5923
Epoch 47/300
22:47:48 train - loss: 1.6516, acc: 0.5492
22:47:54 valid - loss: 1.4059, acc: 0.6039
Epoch 48/300
22:49:41 train - loss: 1.6437, acc: 0.5515
22:49:47 valid - loss: 1.4194, acc: 0.6057
Epoch 49/300
22:51:34 train - loss: 1.6426, acc: 0.5540
22:51:40 valid - loss: 1.5256, acc: 0.5829
Epoch 50/300
22:53:26 train - loss: 1.6430, acc: 0.5548
Save trainer to /content/drive/My Drive/models/CIFAR100-1/ckpt
22:53:34 valid - loss: 1.4807, acc: 0.5874
Epoch 51/300
22:55:20 train - loss: 1.6509, acc: 0.5507
22:55:26 valid - loss: 1.6164, acc: 0.5788
Epoch 52/300
22:57:12 train - loss: 1.6486, acc: 0.5541
22:57:18 valid - loss: 1.4477, acc: 0.6007
Epoch 53/300
22:59:03 train - loss: 1.6480, acc: 0.5525
22:59:09 valid - loss: 1.3229, acc: 0.6293
Epoch 54/300
23:00:54 train - loss: 1.6332, acc: 0.5580
23:01:00 valid - loss: 1.3738, acc: 0.6123
Epoch 55/300
23:02:45 train - loss: 1.6340, acc: 0.5565
23:02:51 valid - loss: 1.4547, acc: 0.6061
Epoch 56/300
23:04:36 train - loss: 1.6249, acc: 0.5580
23:04:42 valid - loss: 1.5036, acc: 0.5901
Epoch 57/300
23:06:27 train - loss: 1.6498, acc: 0.5535
23:06:32 valid - loss: 1.5378, acc: 0.5797
Epoch 58/300
23:08:17 train - loss: 1.6222, acc: 0.5583
23:08:23 valid - loss: 1.5454, acc: 0.5820
Epoch 59/300
23:10:08 train - loss: 1.6249, acc: 0.5599
23:10:14 valid - loss: 1.4870, acc: 0.5909
Epoch 60/300
23:11:59 train - loss: 1.6225, acc: 0.5564
Save trainer to /content/drive/My Drive/models/CIFAR100-1/ckpt
23:12:06 valid - loss: 1.3589, acc: 0.6212
Epoch 61/300
23:13:51 train - loss: 1.6273, acc: 0.5580
23:13:57 valid - loss: 1.6031, acc: 0.5746
Epoch 62/300
23:15:42 train - loss: 1.6218, acc: 0.5599
23:15:48 valid - loss: 1.4289, acc: 0.6049
Epoch 63/300
23:17:34 train - loss: 1.6237, acc: 0.5586
23:17:40 valid - loss: 1.4022, acc: 0.6107
Epoch 64/300
23:19:25 train - loss: 1.6159, acc: 0.5603
23:19:31 valid - loss: 1.4959, acc: 0.5850
Epoch 65/300
23:21:18 train - loss: 1.6138, acc: 0.5608
23:21:24 valid - loss: 1.3908, acc: 0.6131
Epoch 66/300
23:23:10 train - loss: 1.6078, acc: 0.5621
23:23:16 valid - loss: 1.4064, acc: 0.6098
Epoch 67/300
23:25:02 train - loss: 1.6121, acc: 0.5609
23:25:08 valid - loss: 1.4844, acc: 0.5959
Epoch 68/300
23:26:55 train - loss: 1.6069, acc: 0.5616
23:27:01 valid - loss: 1.3936, acc: 0.6235
Epoch 69/300
23:28:47 train - loss: 1.6078, acc: 0.5636
23:28:53 valid - loss: 1.3563, acc: 0.6178
Epoch 70/300
23:30:40 train - loss: 1.5995, acc: 0.5654
Save trainer to /content/drive/My Drive/models/CIFAR100-1/ckpt
23:30:47 valid - loss: 1.4557, acc: 0.5998
Epoch 71/300
23:32:35 train - loss: 1.5944, acc: 0.5666
23:32:41 valid - loss: 1.3776, acc: 0.6125
Epoch 72/300
23:34:28 train - loss: 1.6043, acc: 0.5661
23:34:34 valid - loss: 1.5659, acc: 0.5809
Epoch 73/300
23:36:22 train - loss: 1.5936, acc: 0.5642
23:36:28 valid - loss: 1.3704, acc: 0.6140
Epoch 74/300
23:38:17 train - loss: 1.6012, acc: 0.5653
23:38:23 valid - loss: 1.3935, acc: 0.6171
Epoch 75/300
23:40:12 train - loss: 1.5931, acc: 0.5672
23:40:18 valid - loss: 1.6349, acc: 0.5648
Epoch 76/300
23:42:06 train - loss: 1.5956, acc: 0.5663
23:42:12 valid - loss: 1.4227, acc: 0.6119
Epoch 77/300
23:44:01 train - loss: 1.6058, acc: 0.5610
23:44:07 valid - loss: 1.3749, acc: 0.6195
Epoch 78/300
23:45:55 train - loss: 1.5988, acc: 0.5674
23:46:02 valid - loss: 1.3879, acc: 0.6135
Epoch 79/300
23:47:50 train - loss: 1.5889, acc: 0.5662
23:47:56 valid - loss: 1.3857, acc: 0.6139
Epoch 80/300
23:49:44 train - loss: 1.5947, acc: 0.5658
Save trainer to /content/drive/My Drive/models/CIFAR100-1/ckpt
23:49:52 valid - loss: 1.4090, acc: 0.6097
Epoch 81/300
23:51:41 train - loss: 1.5894, acc: 0.5666
23:51:47 valid - loss: 1.5225, acc: 0.5928
Epoch 82/300
23:53:35 train - loss: 1.5858, acc: 0.5665
23:53:41 valid - loss: 1.4004, acc: 0.6121
Epoch 83/300
23:55:30 train - loss: 1.5732, acc: 0.5715
23:55:36 valid - loss: 1.5495, acc: 0.5866
Epoch 84/300
23:57:24 train - loss: 1.5715, acc: 0.5697
23:57:30 valid - loss: 1.3013, acc: 0.6353
Epoch 85/300
23:59:18 train - loss: 1.5757, acc: 0.5701
23:59:25 valid - loss: 1.4454, acc: 0.5997
Epoch 86/300
00:01:13 train - loss: 1.5619, acc: 0.5727
00:01:19 valid - loss: 1.3273, acc: 0.6263
Epoch 87/300
00:03:08 train - loss: 1.5609, acc: 0.5753
00:03:14 valid - loss: 1.3291, acc: 0.6219
Epoch 88/300
00:05:04 train - loss: 1.5795, acc: 0.5727
00:05:10 valid - loss: 1.3989, acc: 0.6158
Epoch 89/300
00:06:58 train - loss: 1.5639, acc: 0.5739
00:07:04 valid - loss: 1.2796, acc: 0.6374
Epoch 90/300
00:08:53 train - loss: 1.5746, acc: 0.5729
Save trainer to /content/drive/My Drive/models/CIFAR100-1/ckpt
00:09:00 valid - loss: 1.2861, acc: 0.6310
Epoch 91/300
00:10:49 train - loss: 1.5733, acc: 0.5710
00:10:55 valid - loss: 1.3626, acc: 0.6198
Epoch 92/300
00:12:44 train - loss: 1.5613, acc: 0.5732
00:12:50 valid - loss: 1.3852, acc: 0.6156
Epoch 93/300
00:14:38 train - loss: 1.5626, acc: 0.5738
00:14:44 valid - loss: 1.3505, acc: 0.6199
Epoch 94/300
00:16:33 train - loss: 1.5612, acc: 0.5741
00:16:39 valid - loss: 1.3098, acc: 0.6315
Epoch 95/300
00:18:27 train - loss: 1.5671, acc: 0.5731
00:18:33 valid - loss: 1.2877, acc: 0.6354
Epoch 96/300
00:20:22 train - loss: 1.5649, acc: 0.5722
00:20:28 valid - loss: 1.3508, acc: 0.6275
Epoch 97/300
00:22:17 train - loss: 1.5577, acc: 0.5735
00:22:23 valid - loss: 1.3316, acc: 0.6333
Epoch 98/300
00:24:12 train - loss: 1.5587, acc: 0.5726
00:24:18 valid - loss: 1.3763, acc: 0.6128
Epoch 99/300
00:26:07 train - loss: 1.5502, acc: 0.5751
00:26:13 valid - loss: 1.5915, acc: 0.5871
Epoch 100/300
00:28:02 train - loss: 1.5552, acc: 0.5785
Save trainer to /content/drive/My Drive/models/CIFAR100-1/ckpt
00:28:10 valid - loss: 1.3747, acc: 0.6252
Epoch 101/300
00:29:59 train - loss: 1.5577, acc: 0.5766
00:30:05 valid - loss: 1.4525, acc: 0.6028
Epoch 102/300
00:31:53 train - loss: 1.5608, acc: 0.5749
00:32:00 valid - loss: 1.4456, acc: 0.6062
Epoch 103/300
00:33:48 train - loss: 1.5525, acc: 0.5767
00:33:54 valid - loss: 1.3474, acc: 0.6226
Epoch 104/300
00:35:43 train - loss: 1.5404, acc: 0.5758
00:35:49 valid - loss: 1.3088, acc: 0.6419
Epoch 105/300
00:37:38 train - loss: 1.5303, acc: 0.5830
00:37:44 valid - loss: 1.3876, acc: 0.6163
Epoch 106/300
00:39:32 train - loss: 1.5399, acc: 0.5786
00:39:38 valid - loss: 1.4014, acc: 0.6093
Epoch 107/300
00:41:27 train - loss: 1.5324, acc: 0.5811
00:41:33 valid - loss: 1.4989, acc: 0.6053
Epoch 108/300
00:43:22 train - loss: 1.5324, acc: 0.5818
00:43:28 valid - loss: 1.4184, acc: 0.6219
Epoch 109/300
00:45:16 train - loss: 1.5277, acc: 0.5817
00:45:22 valid - loss: 1.3039, acc: 0.6305
Epoch 110/300
00:47:11 train - loss: 1.5178, acc: 0.5861
Save trainer to /content/drive/My Drive/models/CIFAR100-1/ckpt
00:47:18 valid - loss: 1.6555, acc: 0.5785
Epoch 111/300
00:49:08 train - loss: 1.5218, acc: 0.5840
00:49:14 valid - loss: 1.4797, acc: 0.6000
Epoch 112/300
00:51:03 train - loss: 1.5274, acc: 0.5814
00:51:09 valid - loss: 1.2188, acc: 0.6503
Epoch 113/300
00:52:58 train - loss: 1.5154, acc: 0.5826
00:53:04 valid - loss: 1.3172, acc: 0.6340
Epoch 114/300
00:54:52 train - loss: 1.5092, acc: 0.5883
00:54:59 valid - loss: 1.3320, acc: 0.6289
Epoch 115/300
00:56:47 train - loss: 1.5097, acc: 0.5879
00:56:53 valid - loss: 1.3290, acc: 0.6294
Epoch 116/300
00:58:42 train - loss: 1.5108, acc: 0.5865
00:58:48 valid - loss: 1.3296, acc: 0.6296
Epoch 117/300
01:00:37 train - loss: 1.5016, acc: 0.5883
01:00:43 valid - loss: 1.5491, acc: 0.5963
Epoch 118/300
01:02:31 train - loss: 1.5058, acc: 0.5870
01:02:37 valid - loss: 1.2925, acc: 0.6319
Epoch 119/300
01:04:26 train - loss: 1.4984, acc: 0.5894
01:04:32 valid - loss: 1.4393, acc: 0.6052
Epoch 120/300
01:06:20 train - loss: 1.5015, acc: 0.5901
Save trainer to /content/drive/My Drive/models/CIFAR100-1/ckpt
01:06:28 valid - loss: 1.2155, acc: 0.6521
Epoch 121/300
01:08:17 train - loss: 1.5024, acc: 0.5883
01:08:23 valid - loss: 1.3308, acc: 0.6296
Epoch 122/300
01:10:12 train - loss: 1.4919, acc: 0.5908
01:10:18 valid - loss: 1.3656, acc: 0.6236
Epoch 123/300
01:12:07 train - loss: 1.4905, acc: 0.5916
01:12:13 valid - loss: 1.2982, acc: 0.6406
Epoch 124/300
01:14:03 train - loss: 1.4948, acc: 0.5904
01:14:09 valid - loss: 1.2846, acc: 0.6448
Epoch 125/300
01:15:58 train - loss: 1.4886, acc: 0.5905
01:16:04 valid - loss: 1.3425, acc: 0.6274
Epoch 126/300
01:17:52 train - loss: 1.4856, acc: 0.5938
01:17:58 valid - loss: 1.3406, acc: 0.6387
Epoch 127/300
01:19:46 train - loss: 1.4897, acc: 0.5917
01:19:52 valid - loss: 1.5039, acc: 0.5984
Epoch 128/300
01:21:40 train - loss: 1.4832, acc: 0.5931
01:21:46 valid - loss: 1.3434, acc: 0.6267
Epoch 129/300
01:23:34 train - loss: 1.4762, acc: 0.5947
01:23:40 valid - loss: 1.3736, acc: 0.6330
Epoch 130/300
01:25:28 train - loss: 1.4724, acc: 0.5943
Save trainer to /content/drive/My Drive/models/CIFAR100-1/ckpt
01:25:36 valid - loss: 1.4589, acc: 0.5994
Epoch 131/300
01:27:24 train - loss: 1.4608, acc: 0.6003
01:27:30 valid - loss: 1.2173, acc: 0.6509
Epoch 132/300
01:29:18 train - loss: 1.4700, acc: 0.5965
01:29:24 valid - loss: 1.3705, acc: 0.6196
Epoch 133/300
01:31:12 train - loss: 1.4676, acc: 0.5994
01:31:18 valid - loss: 1.1739, acc: 0.6681
Epoch 134/300
01:33:06 train - loss: 1.4613, acc: 0.5986
01:33:12 valid - loss: 1.2302, acc: 0.6539
Epoch 135/300
01:35:00 train - loss: 1.4573, acc: 0.5986
01:35:07 valid - loss: 1.2589, acc: 0.6512
Epoch 136/300
01:36:55 train - loss: 1.4595, acc: 0.5985
01:37:01 valid - loss: 1.3099, acc: 0.6307
Epoch 137/300
01:38:49 train - loss: 1.4445, acc: 0.6021
01:38:55 valid - loss: 1.2173, acc: 0.6622
Epoch 138/300
01:40:43 train - loss: 1.4427, acc: 0.6045
01:40:49 valid - loss: 1.1820, acc: 0.6613
Epoch 139/300
01:42:37 train - loss: 1.4420, acc: 0.6048
01:42:43 valid - loss: 1.2517, acc: 0.6500
Epoch 140/300
01:44:31 train - loss: 1.4330, acc: 0.6045
Save trainer to /content/drive/My Drive/models/CIFAR100-1/ckpt
01:44:38 valid - loss: 1.2197, acc: 0.6587
Epoch 141/300
01:46:26 train - loss: 1.4350, acc: 0.6024
01:46:32 valid - loss: 1.2739, acc: 0.6465
Epoch 142/300
01:48:21 train - loss: 1.4213, acc: 0.6092
01:48:27 valid - loss: 1.3785, acc: 0.6216
Epoch 143/300
01:50:14 train - loss: 1.4348, acc: 0.6066
01:50:20 valid - loss: 1.2302, acc: 0.6525
Epoch 144/300
01:52:08 train - loss: 1.4182, acc: 0.6105
01:52:14 valid - loss: 1.2033, acc: 0.6592
Epoch 145/300
01:54:02 train - loss: 1.4386, acc: 0.6033
01:54:08 valid - loss: 1.2828, acc: 0.6358
Epoch 146/300
01:55:56 train - loss: 1.4253, acc: 0.6088
01:56:02 valid - loss: 1.1818, acc: 0.6690
Epoch 147/300
01:57:50 train - loss: 1.4194, acc: 0.6084
01:57:56 valid - loss: 1.1855, acc: 0.6593
Epoch 148/300
01:59:44 train - loss: 1.4264, acc: 0.6085
01:59:50 valid - loss: 1.2133, acc: 0.6568
Epoch 149/300
02:01:39 train - loss: 1.4283, acc: 0.6071
02:01:45 valid - loss: 1.2367, acc: 0.6561
Epoch 150/300
02:03:33 train - loss: 1.4224, acc: 0.6095
Save trainer to /content/drive/My Drive/models/CIFAR100-1/ckpt
02:03:41 valid - loss: 1.2486, acc: 0.6534
Epoch 151/300
02:05:29 train - loss: 1.4264, acc: 0.6080
02:05:35 valid - loss: 1.2437, acc: 0.6486
Epoch 152/300
02:07:23 train - loss: 1.4285, acc: 0.6066
02:07:29 valid - loss: 1.2080, acc: 0.6573
Epoch 153/300
02:09:17 train - loss: 1.4302, acc: 0.6085
02:09:23 valid - loss: 1.2244, acc: 0.6547
Epoch 154/300
02:11:11 train - loss: 1.4241, acc: 0.6100
02:11:17 valid - loss: 1.1881, acc: 0.6631
Epoch 155/300
02:13:06 train - loss: 1.4132, acc: 0.6081
02:13:12 valid - loss: 1.1989, acc: 0.6580
Epoch 156/300
02:15:00 train - loss: 1.4062, acc: 0.6129
02:15:06 valid - loss: 1.2754, acc: 0.6478
Epoch 157/300
02:16:54 train - loss: 1.4236, acc: 0.6091
02:17:00 valid - loss: 1.2742, acc: 0.6432
Epoch 158/300
02:18:49 train - loss: 1.4105, acc: 0.6113
02:18:55 valid - loss: 1.2118, acc: 0.6633
Epoch 159/300
02:20:43 train - loss: 1.4054, acc: 0.6124
02:20:49 valid - loss: 1.1668, acc: 0.6698
Epoch 160/300
02:22:36 train - loss: 1.3901, acc: 0.6185
Save trainer to /content/drive/My Drive/models/CIFAR100-1/ckpt
02:22:44 valid - loss: 1.1041, acc: 0.6846
Epoch 161/300
02:24:33 train - loss: 1.3879, acc: 0.6186
02:24:39 valid - loss: 1.2358, acc: 0.6498
Epoch 162/300
02:26:28 train - loss: 1.3856, acc: 0.6197
02:26:35 valid - loss: 1.2062, acc: 0.6632
Epoch 163/300
02:28:24 train - loss: 1.3790, acc: 0.6222
02:28:30 valid - loss: 1.1209, acc: 0.6817
Epoch 164/300
02:30:20 train - loss: 1.3792, acc: 0.6227
02:30:26 valid - loss: 1.2096, acc: 0.6632
Epoch 165/300
02:32:15 train - loss: 1.3701, acc: 0.6201
02:32:21 valid - loss: 1.1574, acc: 0.6717
Epoch 166/300
02:34:10 train - loss: 1.3699, acc: 0.6224
02:34:16 valid - loss: 1.1695, acc: 0.6713
Epoch 167/300
02:36:05 train - loss: 1.3607, acc: 0.6256
02:36:11 valid - loss: 1.2113, acc: 0.6600
Epoch 168/300
02:38:00 train - loss: 1.3594, acc: 0.6261
02:38:07 valid - loss: 1.1528, acc: 0.6738
Epoch 169/300
02:39:56 train - loss: 1.3444, acc: 0.6269
02:40:02 valid - loss: 1.1554, acc: 0.6772
Epoch 170/300
02:41:51 train - loss: 1.3427, acc: 0.6290
Save trainer to /content/drive/My Drive/models/CIFAR100-1/ckpt
02:41:59 valid - loss: 1.1596, acc: 0.6688
Epoch 171/300
02:43:49 train - loss: 1.3367, acc: 0.6308
02:43:55 valid - loss: 1.1012, acc: 0.6818
Epoch 172/300
02:45:44 train - loss: 1.3338, acc: 0.6289
02:45:50 valid - loss: 1.1227, acc: 0.6810
Epoch 173/300
02:47:39 train - loss: 1.3304, acc: 0.6308
02:47:45 valid - loss: 1.1311, acc: 0.6803
Epoch 174/300
02:49:34 train - loss: 1.3129, acc: 0.6360
02:49:40 valid - loss: 1.1203, acc: 0.6802
Epoch 175/300
02:51:29 train - loss: 1.3017, acc: 0.6393
02:51:35 valid - loss: 1.1610, acc: 0.6732
Epoch 176/300
02:53:24 train - loss: 1.2963, acc: 0.6392
02:53:30 valid - loss: 1.2346, acc: 0.6593
Epoch 177/300
02:55:19 train - loss: 1.2833, acc: 0.6415
02:55:25 valid - loss: 1.1535, acc: 0.6746
Epoch 178/300
02:57:14 train - loss: 1.2809, acc: 0.6441
02:57:20 valid - loss: 1.1311, acc: 0.6803
Epoch 179/300
02:59:08 train - loss: 1.2747, acc: 0.6456
02:59:15 valid - loss: 1.1120, acc: 0.6787
Epoch 180/300
03:01:04 train - loss: 1.2779, acc: 0.6457
Save trainer to /content/drive/My Drive/models/CIFAR100-1/ckpt
03:01:11 valid - loss: 1.1366, acc: 0.6835
Epoch 181/300
03:03:00 train - loss: 1.2677, acc: 0.6481
03:03:06 valid - loss: 1.0825, acc: 0.6860
Epoch 182/300
03:04:55 train - loss: 1.2600, acc: 0.6496
03:05:01 valid - loss: 1.0772, acc: 0.6935
Epoch 183/300
03:06:50 train - loss: 1.2569, acc: 0.6507
03:06:56 valid - loss: 1.0328, acc: 0.7031
Epoch 184/300
03:08:45 train - loss: 1.2346, acc: 0.6562
03:08:51 valid - loss: 1.1120, acc: 0.6854
Epoch 185/300
03:10:40 train - loss: 1.2225, acc: 0.6604
03:10:46 valid - loss: 1.0380, acc: 0.7022
Epoch 186/300
03:12:34 train - loss: 1.2196, acc: 0.6610
03:12:41 valid - loss: 1.0256, acc: 0.7052
Epoch 187/300
03:14:29 train - loss: 1.2253, acc: 0.6582
03:14:36 valid - loss: 1.0831, acc: 0.6864
Epoch 188/300
03:16:24 train - loss: 1.2248, acc: 0.6587
03:16:30 valid - loss: 1.0586, acc: 0.6951
Epoch 189/300
03:18:19 train - loss: 1.2166, acc: 0.6645
03:18:25 valid - loss: 1.0520, acc: 0.6975
Epoch 190/300
03:20:14 train - loss: 1.2048, acc: 0.6649
Save trainer to /content/drive/My Drive/models/CIFAR100-1/ckpt
03:20:21 valid - loss: 1.0697, acc: 0.6959
Epoch 191/300
03:22:11 train - loss: 1.2012, acc: 0.6666
03:22:17 valid - loss: 1.0505, acc: 0.6972
Epoch 192/300
03:24:05 train - loss: 1.1948, acc: 0.6671
03:24:11 valid - loss: 1.0407, acc: 0.7053
Epoch 193/300
03:26:00 train - loss: 1.1944, acc: 0.6665
03:26:06 valid - loss: 1.0831, acc: 0.6966
Epoch 194/300
03:27:54 train - loss: 1.1849, acc: 0.6716
03:28:00 valid - loss: 1.0719, acc: 0.7001
Epoch 195/300
03:29:48 train - loss: 1.1798, acc: 0.6695
03:29:54 valid - loss: 1.0267, acc: 0.7041
Epoch 196/300
03:31:42 train - loss: 1.1591, acc: 0.6768
03:31:48 valid - loss: 1.1488, acc: 0.6876
Epoch 197/300
03:33:37 train - loss: 1.1694, acc: 0.6750
03:33:43 valid - loss: 1.0320, acc: 0.7075
Epoch 198/300
03:35:31 train - loss: 1.1526, acc: 0.6767
03:35:37 valid - loss: 0.9871, acc: 0.7173
Epoch 199/300
03:37:25 train - loss: 1.1545, acc: 0.6777
03:37:31 valid - loss: 1.0414, acc: 0.7066
Epoch 200/300
03:39:19 train - loss: 1.1464, acc: 0.6778
Save trainer to /content/drive/My Drive/models/CIFAR100-1/ckpt
03:39:27 valid - loss: 1.0219, acc: 0.7128
Epoch 201/300
03:41:16 train - loss: 1.1485, acc: 0.6808
03:41:22 valid - loss: 1.0984, acc: 0.6906
Epoch 202/300
03:43:09 train - loss: 1.1424, acc: 0.6817
03:43:15 valid - loss: 0.9535, acc: 0.7256
Epoch 203/300
03:45:04 train - loss: 1.1355, acc: 0.6840
03:45:10 valid - loss: 1.0376, acc: 0.7016
Epoch 204/300
03:46:57 train - loss: 1.1289, acc: 0.6834
03:47:03 valid - loss: 0.9460, acc: 0.7247
Epoch 205/300
03:48:50 train - loss: 1.1230, acc: 0.6847
03:48:56 valid - loss: 1.0983, acc: 0.6924
Epoch 206/300
03:50:43 train - loss: 1.1145, acc: 0.6885
03:50:49 valid - loss: 1.0554, acc: 0.7045
Epoch 207/300
03:52:35 train - loss: 1.1161, acc: 0.6880
03:52:41 valid - loss: 0.9628, acc: 0.7231
Epoch 208/300
03:54:28 train - loss: 1.1043, acc: 0.6899
03:54:34 valid - loss: 0.9918, acc: 0.7196
Epoch 209/300
03:56:20 train - loss: 1.1008, acc: 0.6892
03:56:26 valid - loss: 0.9984, acc: 0.7151
Epoch 210/300
03:58:12 train - loss: 1.0945, acc: 0.6942
Save trainer to /content/drive/My Drive/models/CIFAR100-1/ckpt
03:58:20 valid - loss: 0.9731, acc: 0.7181
Epoch 211/300
04:00:06 train - loss: 1.0902, acc: 0.6936
04:00:12 valid - loss: 0.9361, acc: 0.7280
Epoch 212/300
04:01:57 train - loss: 1.0774, acc: 0.6981
04:02:03 valid - loss: 0.9604, acc: 0.7229
Epoch 213/300
04:03:48 train - loss: 1.0647, acc: 0.7026
04:03:54 valid - loss: 0.9257, acc: 0.7277
Epoch 214/300
04:05:39 train - loss: 1.0644, acc: 0.7015
04:05:45 valid - loss: 0.9921, acc: 0.7159
Epoch 215/300
04:07:30 train - loss: 1.0526, acc: 0.7057
04:07:36 valid - loss: 0.8864, acc: 0.7404
Epoch 216/300
04:09:21 train - loss: 1.0473, acc: 0.7069
04:09:27 valid - loss: 0.8913, acc: 0.7412
Epoch 217/300
04:11:12 train - loss: 1.0364, acc: 0.7092
04:11:18 valid - loss: 0.8934, acc: 0.7362
Epoch 218/300
04:13:03 train - loss: 1.0276, acc: 0.7124
04:13:09 valid - loss: 0.9729, acc: 0.7220
Epoch 219/300
04:14:53 train - loss: 1.0257, acc: 0.7105
04:14:59 valid - loss: 0.9242, acc: 0.7293
Epoch 220/300
04:16:44 train - loss: 1.0195, acc: 0.7145
Save trainer to /content/drive/My Drive/models/CIFAR100-1/ckpt
04:16:51 valid - loss: 0.9315, acc: 0.7320
Epoch 221/300
04:18:37 train - loss: 1.0198, acc: 0.7132
04:18:43 valid - loss: 0.9018, acc: 0.7341
Epoch 251/300
11:23:26 train - loss: 0.7692, acc: 0.7829
11:23:49 valid - loss: 0.7936, acc: 0.7721
Epoch 252/300
11:25:36 train - loss: 0.7593, acc: 0.7881
11:25:42 valid - loss: 0.7859, acc: 0.7770
Epoch 253/300
11:27:30 train - loss: 0.7553, acc: 0.7861
11:27:36 valid - loss: 0.7854, acc: 0.7752
Epoch 254/300
11:29:24 train - loss: 0.7553, acc: 0.7907
11:29:30 valid - loss: 0.7724, acc: 0.7770
Epoch 255/300
11:31:18 train - loss: 0.7371, acc: 0.7954
11:31:24 valid - loss: 0.7568, acc: 0.7830
Epoch 256/300
11:33:12 train - loss: 0.7369, acc: 0.7960
11:33:18 valid - loss: 0.7665, acc: 0.7830
Epoch 257/300
11:35:05 train - loss: 0.7223, acc: 0.7979
11:35:11 valid - loss: 0.7793, acc: 0.7796
Epoch 258/300
11:36:58 train - loss: 0.7129, acc: 0.8007
11:37:04 valid - loss: 0.7769, acc: 0.7790
Epoch 259/300
11:38:52 train - loss: 0.7011, acc: 0.8044
11:38:58 valid - loss: 0.7505, acc: 0.7846
Epoch 260/300
11:40:45 train - loss: 0.6993, acc: 0.8052
Save trainer to /content/drive/My Drive/models/CIFAR100-1/ckpt
11:40:53 valid - loss: 0.7674, acc: 0.7847
Epoch 261/300
11:42:40 train - loss: 0.6914, acc: 0.8085
11:42:46 valid - loss: 0.7586, acc: 0.7836
Epoch 262/300
11:44:33 train - loss: 0.6803, acc: 0.8121
11:44:40 valid - loss: 0.7465, acc: 0.7886
Epoch 263/300
11:46:27 train - loss: 0.6711, acc: 0.8154
11:46:32 valid - loss: 0.7527, acc: 0.7881
Epoch 264/300
11:48:19 train - loss: 0.6592, acc: 0.8164
11:48:25 valid - loss: 0.7311, acc: 0.7902
Epoch 265/300
11:50:12 train - loss: 0.6648, acc: 0.8140
11:50:18 valid - loss: 0.7382, acc: 0.7919
Epoch 266/300
11:52:06 train - loss: 0.6426, acc: 0.8221
11:52:12 valid - loss: 0.7665, acc: 0.7838
Epoch 267/300
11:54:00 train - loss: 0.6401, acc: 0.8236
11:54:06 valid - loss: 0.7392, acc: 0.7913
Epoch 268/300
11:55:54 train - loss: 0.6326, acc: 0.8259
11:56:00 valid - loss: 0.7566, acc: 0.7890
Epoch 269/300
11:57:48 train - loss: 0.6239, acc: 0.8273
11:57:54 valid - loss: 0.7466, acc: 0.7915
Epoch 270/300
11:59:41 train - loss: 0.6128, acc: 0.8333
Save trainer to /content/drive/My Drive/models/CIFAR100-1/ckpt
11:59:49 valid - loss: 0.7415, acc: 0.7907
Epoch 271/300
12:01:36 train - loss: 0.6077, acc: 0.8320
12:01:42 valid - loss: 0.7274, acc: 0.7979
Epoch 272/300
12:03:29 train - loss: 0.6001, acc: 0.8357
12:03:35 valid - loss: 0.7193, acc: 0.7968
Epoch 273/300
12:05:22 train - loss: 0.5936, acc: 0.8372
12:05:28 valid - loss: 0.7215, acc: 0.7985
Epoch 274/300
12:07:15 train - loss: 0.5880, acc: 0.8391
12:07:21 valid - loss: 0.7291, acc: 0.7972
Epoch 275/300
12:09:08 train - loss: 0.5708, acc: 0.8432
12:09:14 valid - loss: 0.7227, acc: 0.7977
Epoch 281/300
14:03:25 train - loss: 0.4825, acc: 0.8714
14:03:47 valid - loss: 0.7061, acc: 0.8037
Epoch 282/300
14:05:33 train - loss: 0.4790, acc: 0.8709
14:05:38 valid - loss: 0.7058, acc: 0.8025
Epoch 283/300
14:07:24 train - loss: 0.4726, acc: 0.8731
14:07:30 valid - loss: 0.6990, acc: 0.8009
Epoch 284/300
14:09:15 train - loss: 0.4673, acc: 0.8757
14:09:21 valid - loss: 0.6950, acc: 0.8027
Epoch 285/300
14:11:06 train - loss: 0.4614, acc: 0.8782
14:11:12 valid - loss: 0.6975, acc: 0.8056
Epoch 286/300
14:12:57 train - loss: 0.4576, acc: 0.8789
14:13:03 valid - loss: 0.7046, acc: 0.8038
Epoch 287/300
14:14:48 train - loss: 0.4412, acc: 0.8851
14:14:54 valid - loss: 0.6963, acc: 0.8059
Epoch 288/300
14:16:38 train - loss: 0.4441, acc: 0.8812
14:16:44 valid - loss: 0.6992, acc: 0.8052
Epoch 289/300
14:18:29 train - loss: 0.4394, acc: 0.8846
14:18:35 valid - loss: 0.6949, acc: 0.8065
Epoch 290/300
14:20:20 train - loss: 0.4388, acc: 0.8837
Save trainer to /content/drive/My Drive/models/CIFAR100-1/ckpt
14:20:27 valid - loss: 0.6973, acc: 0.8063
Epoch 291/300
14:22:13 train - loss: 0.4341, acc: 0.8855
14:22:19 valid - loss: 0.6930, acc: 0.8074
Epoch 292/300
14:24:05 train - loss: 0.4249, acc: 0.8899
14:24:11 valid - loss: 0.6954, acc: 0.8065
Epoch 293/300
14:25:57 train - loss: 0.4318, acc: 0.8873
14:26:03 valid - loss: 0.6946, acc: 0.8069
Epoch 294/300
14:27:48 train - loss: 0.4248, acc: 0.8899
14:27:54 valid - loss: 0.6954, acc: 0.8060
Epoch 295/300
14:29:40 train - loss: 0.4159, acc: 0.8914
14:29:45 valid - loss: 0.6926, acc: 0.8062
Epoch 296/300
14:31:31 train - loss: 0.4249, acc: 0.8901
14:31:37 valid - loss: 0.6939, acc: 0.8057
Epoch 297/300
14:33:22 train - loss: 0.4179, acc: 0.8919
14:33:28 valid - loss: 0.6931, acc: 0.8065
Epoch 298/300
14:35:14 train - loss: 0.4143, acc: 0.8918
14:35:19 valid - loss: 0.6929, acc: 0.8065
Epoch 299/300
14:37:05 train - loss: 0.4109, acc: 0.8942
14:37:11 valid - loss: 0.6930, acc: 0.8079
Epoch 300/300
14:38:56 train - loss: 0.4069, acc: 0.8943
Save trainer to /content/drive/My Drive/models/CIFAR100-1/ckpt
14:39:04 valid - loss: 0.6914, acc: 0.8063