21:23:10 Start training
Epoch 1/300
21:25:46 train - loss: 4.2300, acc: 0.0526
21:26:08 valid - loss: 3.8730, acc: 0.0955
Epoch 2/300
21:27:55 train - loss: 3.7738, acc: 0.1167
21:28:01 valid - loss: 3.4681, acc: 0.1651
Epoch 3/300
21:29:49 train - loss: 3.4329, acc: 0.1775
21:29:55 valid - loss: 3.2119, acc: 0.2094
Epoch 4/300
21:31:43 train - loss: 3.1392, acc: 0.2290
21:31:49 valid - loss: 2.9594, acc: 0.2690
Epoch 5/300
21:33:37 train - loss: 2.8503, acc: 0.2847
21:33:43 valid - loss: 2.5835, acc: 0.3444
Epoch 6/300
21:35:30 train - loss: 2.5955, acc: 0.3356
21:35:36 valid - loss: 2.3136, acc: 0.3974
Epoch 7/300
21:37:24 train - loss: 2.3966, acc: 0.3805
21:37:30 valid - loss: 2.1524, acc: 0.4329
Epoch 8/300
21:39:18 train - loss: 2.2414, acc: 0.4126
21:39:24 valid - loss: 1.9463, acc: 0.4730
Epoch 9/300
21:41:12 train - loss: 2.1298, acc: 0.4361
21:41:18 valid - loss: 1.8718, acc: 0.4948
Epoch 10/300
21:43:06 train - loss: 2.0490, acc: 0.4557
Save trainer to /content/drive/My Drive/models/CIFAR100-2/ckpt
21:43:14 valid - loss: 1.8170, acc: 0.5076
Epoch 11/300
21:45:02 train - loss: 1.9659, acc: 0.4757
21:45:08 valid - loss: 1.7905, acc: 0.5083
Epoch 12/300
21:46:56 train - loss: 1.9244, acc: 0.4861
21:47:02 valid - loss: 1.7625, acc: 0.5183
Epoch 13/300
21:48:50 train - loss: 1.8695, acc: 0.4992
21:48:56 valid - loss: 1.7981, acc: 0.5183
Epoch 14/300
21:50:44 train - loss: 1.8434, acc: 0.5046
21:50:50 valid - loss: 1.6821, acc: 0.5465
Epoch 15/300
21:52:38 train - loss: 1.8080, acc: 0.5109
21:52:44 valid - loss: 1.6284, acc: 0.5591
Epoch 16/300
21:54:32 train - loss: 1.7947, acc: 0.5164
21:54:39 valid - loss: 1.6283, acc: 0.5598
Epoch 17/300
21:56:26 train - loss: 1.7717, acc: 0.5199
21:56:32 valid - loss: 1.6407, acc: 0.5516
Epoch 18/300
21:58:20 train - loss: 1.7621, acc: 0.5227
21:58:27 valid - loss: 1.5947, acc: 0.5643
Epoch 19/300
22:00:15 train - loss: 1.7482, acc: 0.5263
22:00:21 valid - loss: 1.6162, acc: 0.5678
Epoch 20/300
22:02:09 train - loss: 1.7381, acc: 0.5282
Save trainer to /content/drive/My Drive/models/CIFAR100-2/ckpt
22:02:17 valid - loss: 1.6212, acc: 0.5661
Epoch 21/300
22:04:06 train - loss: 1.7329, acc: 0.5300
22:04:12 valid - loss: 1.5426, acc: 0.5769
Epoch 22/300
22:06:01 train - loss: 1.7186, acc: 0.5358
22:06:07 valid - loss: 1.5989, acc: 0.5671
Epoch 23/300
22:07:55 train - loss: 1.7268, acc: 0.5308
22:08:01 valid - loss: 1.5683, acc: 0.5782
Epoch 24/300
22:09:50 train - loss: 1.7159, acc: 0.5368
22:09:56 valid - loss: 1.5548, acc: 0.5767
Epoch 25/300
22:11:45 train - loss: 1.7053, acc: 0.5411
22:11:51 valid - loss: 1.4086, acc: 0.6082
Epoch 26/300
22:13:39 train - loss: 1.6914, acc: 0.5418
22:13:45 valid - loss: 1.4394, acc: 0.6001
Epoch 27/300
22:15:35 train - loss: 1.6763, acc: 0.5436
22:15:41 valid - loss: 1.4269, acc: 0.6039
Epoch 28/300
22:17:30 train - loss: 1.6677, acc: 0.5487
22:17:36 valid - loss: 1.4967, acc: 0.5899
Epoch 29/300
22:19:24 train - loss: 1.6581, acc: 0.5499
22:19:30 valid - loss: 1.5408, acc: 0.5750
Epoch 30/300
22:21:19 train - loss: 1.6656, acc: 0.5477
Save trainer to /content/drive/My Drive/models/CIFAR100-2/ckpt
22:21:26 valid - loss: 1.5617, acc: 0.5763
Epoch 31/300
22:23:16 train - loss: 1.6557, acc: 0.5497
22:23:22 valid - loss: 1.4529, acc: 0.5939
Epoch 32/300
22:25:11 train - loss: 1.6569, acc: 0.5500
22:25:17 valid - loss: 1.5719, acc: 0.5691
Epoch 33/300
22:27:07 train - loss: 1.6626, acc: 0.5480
22:27:13 valid - loss: 1.7222, acc: 0.5474
Epoch 34/300
22:29:03 train - loss: 1.6601, acc: 0.5511
22:29:09 valid - loss: 1.4891, acc: 0.5924
Epoch 35/300
22:30:58 train - loss: 1.6616, acc: 0.5473
22:31:04 valid - loss: 1.4878, acc: 0.5884
Epoch 36/300
22:32:52 train - loss: 1.6699, acc: 0.5479
22:32:59 valid - loss: 1.4877, acc: 0.5948
Epoch 37/300
22:34:47 train - loss: 1.6586, acc: 0.5505
22:34:53 valid - loss: 1.4662, acc: 0.5956
Epoch 38/300
22:36:42 train - loss: 1.6487, acc: 0.5526
22:36:49 valid - loss: 1.5083, acc: 0.5910
Epoch 39/300
22:38:37 train - loss: 1.6592, acc: 0.5530
22:38:43 valid - loss: 1.4671, acc: 0.5978
Epoch 40/300
22:40:31 train - loss: 1.6426, acc: 0.5549
Save trainer to /content/drive/My Drive/models/CIFAR100-2/ckpt
22:40:39 valid - loss: 1.4714, acc: 0.5896
Epoch 41/300
22:42:29 train - loss: 1.6386, acc: 0.5575
22:42:35 valid - loss: 1.7271, acc: 0.5455
Epoch 42/300
22:44:24 train - loss: 1.6521, acc: 0.5527
22:44:30 valid - loss: 1.3685, acc: 0.6157
Epoch 43/300
22:46:19 train - loss: 1.6389, acc: 0.5526
22:46:25 valid - loss: 1.5175, acc: 0.5980
Epoch 44/300
22:48:15 train - loss: 1.6462, acc: 0.5576
22:48:21 valid - loss: 1.4238, acc: 0.6048
Epoch 45/300
22:50:09 train - loss: 1.6573, acc: 0.5513
22:50:16 valid - loss: 1.3971, acc: 0.6057
Epoch 46/300
22:52:05 train - loss: 1.6523, acc: 0.5543
22:52:11 valid - loss: 1.3620, acc: 0.6158
Epoch 47/300
22:54:01 train - loss: 1.6410, acc: 0.5549
22:54:07 valid - loss: 1.5573, acc: 0.5798
Epoch 48/300
22:55:56 train - loss: 1.6343, acc: 0.5552
22:56:02 valid - loss: 1.4219, acc: 0.6059
Epoch 49/300
22:57:51 train - loss: 1.6443, acc: 0.5562
22:57:57 valid - loss: 1.5474, acc: 0.5760
Epoch 50/300
22:59:46 train - loss: 1.6339, acc: 0.5579
Save trainer to /content/drive/My Drive/models/CIFAR100-2/ckpt
22:59:55 valid - loss: 1.7514, acc: 0.5440
Epoch 51/300
23:01:44 train - loss: 1.6500, acc: 0.5526
23:01:50 valid - loss: 1.4190, acc: 0.6017
Epoch 52/300
23:03:39 train - loss: 1.6372, acc: 0.5564
23:03:45 valid - loss: 1.4560, acc: 0.6013
Epoch 53/300
23:05:34 train - loss: 1.6390, acc: 0.5570
23:05:40 valid - loss: 1.4742, acc: 0.5964
Epoch 54/300
23:07:29 train - loss: 1.6232, acc: 0.5617
23:07:35 valid - loss: 1.4838, acc: 0.5952
Epoch 55/300
23:09:25 train - loss: 1.6249, acc: 0.5587
23:09:31 valid - loss: 1.6361, acc: 0.5629
Epoch 56/300
23:11:19 train - loss: 1.6318, acc: 0.5551
23:11:25 valid - loss: 1.5082, acc: 0.5858
Epoch 57/300
23:13:14 train - loss: 1.6345, acc: 0.5538
23:13:21 valid - loss: 1.4112, acc: 0.6107
Epoch 58/300
23:15:09 train - loss: 1.6237, acc: 0.5605
23:15:16 valid - loss: 1.6756, acc: 0.5608
Epoch 59/300
23:17:05 train - loss: 1.6318, acc: 0.5599
23:17:11 valid - loss: 1.5462, acc: 0.5857
Epoch 60/300
23:19:00 train - loss: 1.6173, acc: 0.5590
Save trainer to /content/drive/My Drive/models/CIFAR100-2/ckpt
23:19:08 valid - loss: 1.5005, acc: 0.5914
Epoch 61/300
23:20:58 train - loss: 1.6227, acc: 0.5605
23:21:04 valid - loss: 1.7166, acc: 0.5594
Epoch 62/300
23:22:54 train - loss: 1.6283, acc: 0.5601
23:23:00 valid - loss: 1.3552, acc: 0.6175
Epoch 63/300
23:24:49 train - loss: 1.6168, acc: 0.5621
23:24:56 valid - loss: 1.3737, acc: 0.6126
Epoch 64/300
23:26:45 train - loss: 1.6257, acc: 0.5578
23:26:51 valid - loss: 1.4532, acc: 0.5970
Epoch 65/300
23:28:40 train - loss: 1.6199, acc: 0.5589
23:28:46 valid - loss: 1.3753, acc: 0.6151
Epoch 66/300
23:30:35 train - loss: 1.6172, acc: 0.5603
23:30:41 valid - loss: 1.3920, acc: 0.6172
Epoch 67/300
23:32:31 train - loss: 1.5992, acc: 0.5637
23:32:37 valid - loss: 1.4610, acc: 0.6030
Epoch 68/300
23:34:26 train - loss: 1.5795, acc: 0.5681
23:34:32 valid - loss: 1.4417, acc: 0.6123
Epoch 69/300
23:36:21 train - loss: 1.5797, acc: 0.5707
23:36:27 valid - loss: 1.4333, acc: 0.6074
Epoch 70/300
23:38:17 train - loss: 1.5545, acc: 0.5766
Save trainer to /content/drive/My Drive/models/CIFAR100-2/ckpt
23:38:25 valid - loss: 1.5509, acc: 0.5948
Epoch 71/300
23:40:15 train - loss: 1.5397, acc: 0.5779
23:40:21 valid - loss: 1.3968, acc: 0.6073
Epoch 72/300
23:42:11 train - loss: 1.5438, acc: 0.5796
23:42:17 valid - loss: 1.4214, acc: 0.6110
Epoch 73/300
23:44:07 train - loss: 1.5444, acc: 0.5757
23:44:13 valid - loss: 1.3214, acc: 0.6265
Epoch 74/300
23:46:02 train - loss: 1.5463, acc: 0.5787
23:46:09 valid - loss: 1.4465, acc: 0.6024
Epoch 75/300
23:47:58 train - loss: 1.5485, acc: 0.5764
23:48:04 valid - loss: 1.4106, acc: 0.6139
Epoch 76/300
23:49:53 train - loss: 1.5484, acc: 0.5747
23:49:59 valid - loss: 1.3792, acc: 0.6176
Epoch 77/300
23:51:49 train - loss: 1.5717, acc: 0.5709
23:51:55 valid - loss: 1.4245, acc: 0.6034
Epoch 78/300
23:53:44 train - loss: 1.5677, acc: 0.5724
23:53:50 valid - loss: 1.4012, acc: 0.6211
Epoch 79/300
23:55:39 train - loss: 1.5781, acc: 0.5709
23:55:45 valid - loss: 1.5277, acc: 0.5855
Epoch 80/300
23:57:34 train - loss: 1.5784, acc: 0.5694
Save trainer to /content/drive/My Drive/models/CIFAR100-2/ckpt
23:57:42 valid - loss: 1.4665, acc: 0.5949
Epoch 81/300
23:59:32 train - loss: 1.5722, acc: 0.5716
23:59:39 valid - loss: 1.4085, acc: 0.6112
Epoch 82/300
00:01:28 train - loss: 1.5806, acc: 0.5680
00:01:34 valid - loss: 1.3872, acc: 0.6176
Epoch 83/300
00:03:23 train - loss: 1.5785, acc: 0.5708
00:03:29 valid - loss: 1.4767, acc: 0.5986
Epoch 84/300
00:05:17 train - loss: 1.5796, acc: 0.5701
00:05:24 valid - loss: 1.3798, acc: 0.6114
Epoch 85/300
00:07:13 train - loss: 1.5884, acc: 0.5689
00:07:19 valid - loss: 1.3673, acc: 0.6155
Epoch 86/300
00:09:08 train - loss: 1.5837, acc: 0.5692
00:09:14 valid - loss: 1.3689, acc: 0.6148
Epoch 87/300
00:11:03 train - loss: 1.6024, acc: 0.5648
00:11:09 valid - loss: 1.3725, acc: 0.6175
Epoch 88/300
00:12:58 train - loss: 1.6052, acc: 0.5633
00:13:05 valid - loss: 1.4016, acc: 0.6132
Epoch 89/300
00:14:54 train - loss: 1.6097, acc: 0.5631
00:15:00 valid - loss: 1.3991, acc: 0.6067
Epoch 90/300
00:16:49 train - loss: 1.6031, acc: 0.5640
Save trainer to /content/drive/My Drive/models/CIFAR100-2/ckpt
00:16:57 valid - loss: 1.3560, acc: 0.6186
Epoch 91/300
00:18:47 train - loss: 1.5969, acc: 0.5666
00:18:53 valid - loss: 1.3004, acc: 0.6318
Epoch 92/300
00:20:42 train - loss: 1.5744, acc: 0.5725
00:20:48 valid - loss: 1.4909, acc: 0.6011
Epoch 93/300
00:22:38 train - loss: 1.5690, acc: 0.5723
00:22:44 valid - loss: 1.3135, acc: 0.6360
Epoch 94/300
00:24:33 train - loss: 1.5628, acc: 0.5761
00:24:39 valid - loss: 1.2672, acc: 0.6421
Epoch 95/300
00:26:29 train - loss: 1.5639, acc: 0.5739
00:26:35 valid - loss: 1.3619, acc: 0.6260
Epoch 96/300
00:28:24 train - loss: 1.5543, acc: 0.5755
00:28:30 valid - loss: 1.4957, acc: 0.6045
Epoch 97/300
00:30:20 train - loss: 1.5527, acc: 0.5760
00:30:26 valid - loss: 1.3453, acc: 0.6214
Epoch 98/300
00:32:15 train - loss: 1.5524, acc: 0.5766
00:32:21 valid - loss: 1.3591, acc: 0.6221
Epoch 99/300
00:34:11 train - loss: 1.5418, acc: 0.5799
00:34:17 valid - loss: 1.4836, acc: 0.5932
Epoch 100/300
00:36:06 train - loss: 1.5444, acc: 0.5793
Save trainer to /content/drive/My Drive/models/CIFAR100-2/ckpt
00:36:14 valid - loss: 1.5133, acc: 0.5916
Epoch 101/300
00:38:04 train - loss: 1.5352, acc: 0.5811
00:38:10 valid - loss: 1.3195, acc: 0.6263
Epoch 102/300
00:39:59 train - loss: 1.5339, acc: 0.5794
00:40:05 valid - loss: 1.4216, acc: 0.6010
Epoch 103/300
00:41:54 train - loss: 1.5282, acc: 0.5818
00:42:00 valid - loss: 1.3879, acc: 0.6270
Epoch 104/300
00:43:49 train - loss: 1.5201, acc: 0.5834
00:43:56 valid - loss: 1.3432, acc: 0.6260
Epoch 105/300
00:45:45 train - loss: 1.5252, acc: 0.5850
00:45:51 valid - loss: 1.5240, acc: 0.5937
Epoch 106/300
00:47:40 train - loss: 1.5305, acc: 0.5824
00:47:46 valid - loss: 1.3202, acc: 0.6332
Epoch 107/300
00:49:36 train - loss: 1.5287, acc: 0.5841
00:49:42 valid - loss: 1.4733, acc: 0.6056
Epoch 108/300
00:51:31 train - loss: 1.5204, acc: 0.5856
00:51:37 valid - loss: 1.4168, acc: 0.6173
Epoch 109/300
00:53:27 train - loss: 1.5163, acc: 0.5866
00:53:33 valid - loss: 1.3689, acc: 0.6150
Epoch 110/300
00:55:23 train - loss: 1.5128, acc: 0.5856
Save trainer to /content/drive/My Drive/models/CIFAR100-2/ckpt
00:55:31 valid - loss: 1.3498, acc: 0.6271
Epoch 111/300
00:57:21 train - loss: 1.4991, acc: 0.5906
00:57:27 valid - loss: 1.3868, acc: 0.6153
Epoch 112/300
00:59:17 train - loss: 1.5157, acc: 0.5865
00:59:23 valid - loss: 1.3372, acc: 0.6282
Epoch 113/300
01:01:13 train - loss: 1.5052, acc: 0.5871
01:01:19 valid - loss: 1.2997, acc: 0.6419
Epoch 114/300
01:03:08 train - loss: 1.5119, acc: 0.5882
01:03:14 valid - loss: 1.4727, acc: 0.6040
Epoch 115/300
01:05:04 train - loss: 1.5010, acc: 0.5881
01:05:10 valid - loss: 1.2790, acc: 0.6410
Epoch 116/300
01:06:59 train - loss: 1.5051, acc: 0.5888
01:07:05 valid - loss: 1.3653, acc: 0.6254
Epoch 117/300
01:08:55 train - loss: 1.5129, acc: 0.5882
01:09:01 valid - loss: 1.3597, acc: 0.6199
Epoch 118/300
01:10:50 train - loss: 1.5044, acc: 0.5889
01:10:57 valid - loss: 1.2808, acc: 0.6395
Epoch 119/300
01:12:46 train - loss: 1.4939, acc: 0.5921
01:12:52 valid - loss: 1.3602, acc: 0.6252
Epoch 120/300
01:14:41 train - loss: 1.4953, acc: 0.5916
Save trainer to /content/drive/My Drive/models/CIFAR100-2/ckpt
01:14:49 valid - loss: 1.3889, acc: 0.6181
Epoch 121/300
01:16:39 train - loss: 1.4960, acc: 0.5913
01:16:45 valid - loss: 1.3165, acc: 0.6378
Epoch 122/300
01:18:35 train - loss: 1.4803, acc: 0.5967
01:18:41 valid - loss: 1.3525, acc: 0.6261
Epoch 123/300
01:20:30 train - loss: 1.4767, acc: 0.5937
01:20:36 valid - loss: 1.2886, acc: 0.6392
Epoch 124/300
01:22:25 train - loss: 1.4812, acc: 0.5957
01:22:32 valid - loss: 1.3682, acc: 0.6209
Epoch 125/300
01:24:21 train - loss: 1.4693, acc: 0.5957
01:24:27 valid - loss: 1.2651, acc: 0.6392
Epoch 126/300
01:26:15 train - loss: 1.4674, acc: 0.5961
01:26:22 valid - loss: 1.2793, acc: 0.6486
Epoch 127/300
01:28:11 train - loss: 1.4722, acc: 0.5994
01:28:17 valid - loss: 1.2529, acc: 0.6475
Epoch 128/300
01:30:06 train - loss: 1.4612, acc: 0.5983
01:30:12 valid - loss: 1.2910, acc: 0.6349
Epoch 129/300
01:32:01 train - loss: 1.4631, acc: 0.5986
01:32:07 valid - loss: 1.3030, acc: 0.6388
Epoch 130/300
01:33:56 train - loss: 1.4662, acc: 0.6004
Save trainer to /content/drive/My Drive/models/CIFAR100-2/ckpt
01:34:04 valid - loss: 1.2736, acc: 0.6461
Epoch 131/300
01:35:53 train - loss: 1.4600, acc: 0.5996
01:36:00 valid - loss: 1.2248, acc: 0.6577
Epoch 132/300
01:37:49 train - loss: 1.4673, acc: 0.6015
01:37:55 valid - loss: 1.3242, acc: 0.6334
Epoch 133/300
01:39:44 train - loss: 1.4628, acc: 0.5984
01:39:51 valid - loss: 1.2370, acc: 0.6510
Epoch 134/300
01:41:39 train - loss: 1.4508, acc: 0.6042
01:41:46 valid - loss: 1.2945, acc: 0.6394
Epoch 135/300
01:43:33 train - loss: 1.4614, acc: 0.6003
01:43:39 valid - loss: 1.2785, acc: 0.6439
Epoch 136/300
01:45:28 train - loss: 1.4432, acc: 0.6042
01:45:34 valid - loss: 1.2738, acc: 0.6483
Epoch 137/300
01:47:22 train - loss: 1.4366, acc: 0.6063
01:47:28 valid - loss: 1.1950, acc: 0.6646
Epoch 138/300
01:49:17 train - loss: 1.4374, acc: 0.6067
01:49:23 valid - loss: 1.3033, acc: 0.6367
Epoch 139/300
01:51:11 train - loss: 1.4333, acc: 0.6064
01:51:17 valid - loss: 1.3377, acc: 0.6322
Epoch 140/300
01:53:06 train - loss: 1.4172, acc: 0.6093
Save trainer to /content/drive/My Drive/models/CIFAR100-2/ckpt
01:53:14 valid - loss: 1.2449, acc: 0.6445
Epoch 141/300
01:55:03 train - loss: 1.4165, acc: 0.6107
01:55:09 valid - loss: 1.2914, acc: 0.6463
Epoch 142/300
01:56:58 train - loss: 1.4240, acc: 0.6095
01:57:04 valid - loss: 1.3841, acc: 0.6207
Epoch 143/300
01:58:52 train - loss: 1.4074, acc: 0.6104
01:58:58 valid - loss: 1.2975, acc: 0.6418
Epoch 144/300
02:00:47 train - loss: 1.4152, acc: 0.6120
02:00:53 valid - loss: 1.3263, acc: 0.6251
Epoch 145/300
02:02:42 train - loss: 1.4249, acc: 0.6076
02:02:48 valid - loss: 1.2338, acc: 0.6526
Epoch 146/300
02:04:37 train - loss: 1.4118, acc: 0.6108
02:04:43 valid - loss: 1.2392, acc: 0.6436
Epoch 147/300
02:06:31 train - loss: 1.4122, acc: 0.6111
02:06:37 valid - loss: 1.3311, acc: 0.6394
Epoch 148/300
02:08:25 train - loss: 1.4150, acc: 0.6104
02:08:31 valid - loss: 1.2444, acc: 0.6531
Epoch 149/300
02:10:19 train - loss: 1.4036, acc: 0.6114
02:10:25 valid - loss: 1.1725, acc: 0.6652
Epoch 150/300
02:12:12 train - loss: 1.3987, acc: 0.6135
Save trainer to /content/drive/My Drive/models/CIFAR100-2/ckpt
02:12:20 valid - loss: 1.2166, acc: 0.6581
Epoch 151/300
02:14:09 train - loss: 1.3994, acc: 0.6173
02:14:15 valid - loss: 1.1609, acc: 0.6671
Epoch 152/300
02:16:03 train - loss: 1.4056, acc: 0.6136
02:16:09 valid - loss: 1.1741, acc: 0.6700
Epoch 153/300
02:17:58 train - loss: 1.3944, acc: 0.6179
02:18:04 valid - loss: 1.2258, acc: 0.6552
Epoch 154/300
02:19:53 train - loss: 1.3873, acc: 0.6188
02:19:59 valid - loss: 1.2338, acc: 0.6555
Epoch 155/300
02:21:47 train - loss: 1.3818, acc: 0.6202
02:21:53 valid - loss: 1.1757, acc: 0.6661
Epoch 156/300
02:23:42 train - loss: 1.3705, acc: 0.6215
02:23:48 valid - loss: 1.2468, acc: 0.6536
Epoch 157/300
02:25:36 train - loss: 1.3643, acc: 0.6245
02:25:43 valid - loss: 1.2317, acc: 0.6517
Epoch 158/300
02:27:32 train - loss: 1.3701, acc: 0.6228
02:27:38 valid - loss: 1.2345, acc: 0.6583
Epoch 159/300
02:29:27 train - loss: 1.3620, acc: 0.6254
02:29:33 valid - loss: 1.1036, acc: 0.6833
Epoch 160/300
02:31:22 train - loss: 1.3518, acc: 0.6257
Save trainer to /content/drive/My Drive/models/CIFAR100-2/ckpt
02:31:30 valid - loss: 1.1437, acc: 0.6755
Epoch 161/300
02:33:19 train - loss: 1.3581, acc: 0.6231
02:33:25 valid - loss: 1.2592, acc: 0.6543
Epoch 162/300
02:35:15 train - loss: 1.3561, acc: 0.6274
02:35:21 valid - loss: 1.1161, acc: 0.6836
Epoch 163/300
02:37:10 train - loss: 1.3530, acc: 0.6247
02:37:16 valid - loss: 1.2364, acc: 0.6534
Epoch 164/300
02:39:05 train - loss: 1.3296, acc: 0.6319
02:39:12 valid - loss: 1.1781, acc: 0.6695
Epoch 165/300
02:41:01 train - loss: 1.3375, acc: 0.6294
02:41:07 valid - loss: 1.1866, acc: 0.6666
Epoch 166/300
02:42:56 train - loss: 1.3308, acc: 0.6317
02:43:02 valid - loss: 1.2685, acc: 0.6475
Epoch 167/300
02:44:51 train - loss: 1.3184, acc: 0.6344
02:44:58 valid - loss: 1.2066, acc: 0.6602
Epoch 168/300
02:46:47 train - loss: 1.3113, acc: 0.6362
02:46:53 valid - loss: 1.0906, acc: 0.6954
Epoch 169/300
02:48:42 train - loss: 1.3220, acc: 0.6316
02:48:49 valid - loss: 1.1719, acc: 0.6727
Epoch 170/300
02:50:37 train - loss: 1.3153, acc: 0.6370
Save trainer to /content/drive/My Drive/models/CIFAR100-2/ckpt
02:50:46 valid - loss: 1.1939, acc: 0.6665
Epoch 171/300
02:52:35 train - loss: 1.3104, acc: 0.6367
02:52:41 valid - loss: 1.1147, acc: 0.6821
Epoch 172/300
02:54:30 train - loss: 1.3031, acc: 0.6393
02:54:36 valid - loss: 1.1314, acc: 0.6771
Epoch 173/300
02:56:24 train - loss: 1.3066, acc: 0.6382
02:56:31 valid - loss: 1.1747, acc: 0.6707
Epoch 174/300
02:58:20 train - loss: 1.2945, acc: 0.6413
02:58:26 valid - loss: 1.1040, acc: 0.6803
Epoch 175/300
03:00:15 train - loss: 1.2862, acc: 0.6436
03:00:21 valid - loss: 1.1072, acc: 0.6834
Epoch 176/300
03:02:10 train - loss: 1.2749, acc: 0.6440
03:02:16 valid - loss: 1.1615, acc: 0.6725
Epoch 177/300
03:04:04 train - loss: 1.2776, acc: 0.6451
03:04:11 valid - loss: 1.1147, acc: 0.6820
Epoch 178/300
03:06:00 train - loss: 1.2823, acc: 0.6467
03:06:06 valid - loss: 1.1125, acc: 0.6877
Epoch 179/300
03:07:55 train - loss: 1.2714, acc: 0.6470
03:08:01 valid - loss: 1.1773, acc: 0.6701
Epoch 180/300
03:09:49 train - loss: 1.2771, acc: 0.6451
Save trainer to /content/drive/My Drive/models/CIFAR100-2/ckpt
03:09:57 valid - loss: 1.1157, acc: 0.6826
Epoch 181/300
03:11:47 train - loss: 1.2721, acc: 0.6475
03:11:53 valid - loss: 1.1962, acc: 0.6699
Epoch 182/300
03:13:42 train - loss: 1.2671, acc: 0.6478
03:13:48 valid - loss: 1.1495, acc: 0.6773
Epoch 183/300
03:15:36 train - loss: 1.2676, acc: 0.6482
03:15:42 valid - loss: 1.0625, acc: 0.6916
Epoch 184/300
03:17:31 train - loss: 1.2666, acc: 0.6486
03:17:37 valid - loss: 1.1955, acc: 0.6698
Epoch 185/300
03:19:26 train - loss: 1.2494, acc: 0.6520
03:19:33 valid - loss: 1.1116, acc: 0.6852
Epoch 186/300
03:21:22 train - loss: 1.2420, acc: 0.6550
03:21:28 valid - loss: 1.1135, acc: 0.6906
Epoch 187/300
03:23:17 train - loss: 1.2457, acc: 0.6554
03:23:23 valid - loss: 1.1379, acc: 0.6782
Epoch 188/300
03:25:12 train - loss: 1.2361, acc: 0.6569
03:25:19 valid - loss: 1.1262, acc: 0.6849
Epoch 189/300
03:27:08 train - loss: 1.2302, acc: 0.6594
03:27:14 valid - loss: 1.0434, acc: 0.6987
Epoch 190/300
03:29:03 train - loss: 1.2291, acc: 0.6586
Save trainer to /content/drive/My Drive/models/CIFAR100-2/ckpt
03:29:11 valid - loss: 1.2249, acc: 0.6712
Epoch 191/300
03:31:01 train - loss: 1.2182, acc: 0.6625
03:31:07 valid - loss: 1.0644, acc: 0.7040
Epoch 192/300
03:32:57 train - loss: 1.2167, acc: 0.6612
03:33:03 valid - loss: 1.1168, acc: 0.6892
Epoch 193/300
03:34:52 train - loss: 1.2073, acc: 0.6662
03:34:58 valid - loss: 1.0992, acc: 0.6960
Epoch 194/300
03:36:48 train - loss: 1.2020, acc: 0.6646
03:36:54 valid - loss: 1.0437, acc: 0.6986
Epoch 195/300
03:38:43 train - loss: 1.1959, acc: 0.6679
03:38:49 valid - loss: 1.1174, acc: 0.6897
Epoch 196/300
03:40:39 train - loss: 1.1956, acc: 0.6654
03:40:45 valid - loss: 1.1253, acc: 0.6847
Epoch 197/300
03:42:34 train - loss: 1.1902, acc: 0.6653
03:42:40 valid - loss: 1.0211, acc: 0.7128
Epoch 198/300
03:44:29 train - loss: 1.1866, acc: 0.6674
03:44:36 valid - loss: 1.0178, acc: 0.7088
Epoch 199/300
03:46:25 train - loss: 1.1650, acc: 0.6761
03:46:31 valid - loss: 1.0276, acc: 0.7093
Epoch 200/300
03:48:20 train - loss: 1.1740, acc: 0.6739
Save trainer to /content/drive/My Drive/models/CIFAR100-2/ckpt
03:48:28 valid - loss: 1.0253, acc: 0.7066
Epoch 201/300
03:50:17 train - loss: 1.1709, acc: 0.6742
03:50:23 valid - loss: 1.1079, acc: 0.6863
Epoch 202/300
03:52:12 train - loss: 1.1613, acc: 0.6776
03:52:18 valid - loss: 1.0345, acc: 0.7075
Epoch 203/300
03:54:07 train - loss: 1.1550, acc: 0.6791
03:54:13 valid - loss: 0.9695, acc: 0.7234
Epoch 204/300
03:56:02 train - loss: 1.1405, acc: 0.6805
03:56:08 valid - loss: 1.0158, acc: 0.7151
Epoch 205/300
03:57:57 train - loss: 1.1433, acc: 0.6802
03:58:04 valid - loss: 1.0799, acc: 0.6979
Epoch 206/300
03:59:53 train - loss: 1.1274, acc: 0.6836
03:59:59 valid - loss: 1.0432, acc: 0.7111
Epoch 207/300
04:01:48 train - loss: 1.1222, acc: 0.6854
04:01:54 valid - loss: 1.0342, acc: 0.7140
Epoch 208/300
04:03:44 train - loss: 1.1161, acc: 0.6875
04:03:50 valid - loss: 0.9821, acc: 0.7239
Epoch 209/300
04:05:39 train - loss: 1.1063, acc: 0.6901
04:05:45 valid - loss: 0.9872, acc: 0.7223
Epoch 210/300
04:07:34 train - loss: 1.1083, acc: 0.6912
Save trainer to /content/drive/My Drive/models/CIFAR100-2/ckpt
04:07:42 valid - loss: 1.0256, acc: 0.7105
Epoch 211/300
04:09:32 train - loss: 1.0984, acc: 0.6917
04:09:38 valid - loss: 0.9670, acc: 0.7219
Epoch 212/300
04:11:27 train - loss: 1.0996, acc: 0.6938
04:11:33 valid - loss: 0.9959, acc: 0.7166
Epoch 213/300
04:13:22 train - loss: 1.0843, acc: 0.6962
04:13:29 valid - loss: 0.9715, acc: 0.7195
Epoch 214/300
04:15:18 train - loss: 1.0783, acc: 0.6983
04:15:24 valid - loss: 0.9995, acc: 0.7163
Epoch 215/300
04:17:13 train - loss: 1.0693, acc: 0.7017
04:17:19 valid - loss: 0.9330, acc: 0.7268
Epoch 216/300
04:19:08 train - loss: 1.0731, acc: 0.7005
04:19:14 valid - loss: 0.9441, acc: 0.7298
Epoch 241/300
11:24:39 train - loss: 0.8697, acc: 0.7566
11:25:01 valid - loss: 0.8729, acc: 0.7486
Epoch 242/300
11:26:48 train - loss: 0.8644, acc: 0.7573
11:26:54 valid - loss: 0.8779, acc: 0.7522
Epoch 243/300
11:28:41 train - loss: 0.8535, acc: 0.7596
11:28:47 valid - loss: 0.8507, acc: 0.7575
Epoch 244/300
11:30:34 train - loss: 0.8461, acc: 0.7624
11:30:40 valid - loss: 0.8466, acc: 0.7612
Epoch 245/300
11:32:27 train - loss: 0.8360, acc: 0.7668
11:32:33 valid - loss: 0.8320, acc: 0.7597
Epoch 246/300
11:34:20 train - loss: 0.8216, acc: 0.7710
11:34:26 valid - loss: 0.8506, acc: 0.7614
Epoch 247/300
11:36:14 train - loss: 0.8079, acc: 0.7738
11:36:20 valid - loss: 0.8362, acc: 0.7645
Epoch 248/300
11:38:07 train - loss: 0.8053, acc: 0.7740
11:38:13 valid - loss: 0.8346, acc: 0.7668
Epoch 249/300
11:40:01 train - loss: 0.8050, acc: 0.7743
11:40:07 valid - loss: 0.7809, acc: 0.7700
Epoch 250/300
11:41:54 train - loss: 0.7934, acc: 0.7795
Save trainer to /content/drive/My Drive/models/CIFAR100-2/ckpt
11:42:02 valid - loss: 0.8399, acc: 0.7602
Epoch 251/300
11:43:49 train - loss: 0.7888, acc: 0.7797
11:43:55 valid - loss: 0.8544, acc: 0.7652
Epoch 252/300
11:45:42 train - loss: 0.7811, acc: 0.7818
11:45:48 valid - loss: 0.8032, acc: 0.7744
Epoch 253/300
11:47:36 train - loss: 0.7757, acc: 0.7840
11:47:42 valid - loss: 0.7903, acc: 0.7717
Epoch 254/300
11:49:29 train - loss: 0.7635, acc: 0.7873
11:49:35 valid - loss: 0.7817, acc: 0.7778
Epoch 255/300
11:51:22 train - loss: 0.7494, acc: 0.7921
11:51:29 valid - loss: 0.7878, acc: 0.7779
Epoch 256/300
11:53:16 train - loss: 0.7460, acc: 0.7910
11:53:22 valid - loss: 0.7949, acc: 0.7742
Epoch 257/300
11:55:10 train - loss: 0.7352, acc: 0.7952
11:55:16 valid - loss: 0.7898, acc: 0.7696
Epoch 258/300
11:57:03 train - loss: 0.7188, acc: 0.7993
11:57:09 valid - loss: 0.8000, acc: 0.7768
Epoch 259/300
11:58:58 train - loss: 0.7157, acc: 0.8011
11:59:04 valid - loss: 0.7748, acc: 0.7818
Epoch 260/300
12:00:53 train - loss: 0.7009, acc: 0.8046
Save trainer to /content/drive/My Drive/models/CIFAR100-2/ckpt
12:01:01 valid - loss: 0.7905, acc: 0.7796
Epoch 261/300
12:02:49 train - loss: 0.7020, acc: 0.8041
12:02:56 valid - loss: 0.7670, acc: 0.7851
Epoch 262/300
12:04:44 train - loss: 0.6959, acc: 0.8080
12:04:50 valid - loss: 0.7698, acc: 0.7847
Epoch 263/300
12:06:38 train - loss: 0.6893, acc: 0.8095
12:06:45 valid - loss: 0.7810, acc: 0.7789
Epoch 264/300
12:08:33 train - loss: 0.6758, acc: 0.8147
12:08:39 valid - loss: 0.7448, acc: 0.7904
Epoch 265/300
