19:55:15 Start training
Epoch 1/300
19:57:56 train - loss: 4.1142, acc: 0.0647
19:58:20 valid - loss: 3.9646, acc: 0.0788
Epoch 2/300
20:00:09 train - loss: 3.6952, acc: 0.1314
20:00:16 valid - loss: 3.4236, acc: 0.1718
Epoch 3/300
20:02:06 train - loss: 3.3062, acc: 0.1980
20:02:13 valid - loss: 3.1597, acc: 0.2279
Epoch 4/300
20:04:02 train - loss: 2.9380, acc: 0.2651
20:04:08 valid - loss: 2.7954, acc: 0.3007
Epoch 5/300
20:05:57 train - loss: 2.5307, acc: 0.3451
20:06:03 valid - loss: 2.3757, acc: 0.3893
Epoch 6/300
20:07:52 train - loss: 2.2267, acc: 0.4099
20:07:59 valid - loss: 2.1265, acc: 0.4443
Epoch 7/300
20:09:48 train - loss: 1.9934, acc: 0.4627
20:09:54 valid - loss: 2.0172, acc: 0.4763
Epoch 8/300
20:11:45 train - loss: 1.8261, acc: 0.5021
20:11:51 valid - loss: 1.8190, acc: 0.5166
Epoch 9/300
20:13:40 train - loss: 1.7121, acc: 0.5284
20:13:47 valid - loss: 1.7726, acc: 0.5247
Epoch 10/300
20:15:35 train - loss: 1.6103, acc: 0.5517
Save trainer to /content/drive/My Drive/models/CIFAR100-3/ckpt
20:15:44 valid - loss: 1.6051, acc: 0.5605
Epoch 11/300
20:17:33 train - loss: 1.5294, acc: 0.5734
20:17:40 valid - loss: 1.5987, acc: 0.5643
Epoch 12/300
20:19:31 train - loss: 1.4813, acc: 0.5849
20:19:38 valid - loss: 1.5928, acc: 0.5699
Epoch 13/300
20:21:28 train - loss: 1.4278, acc: 0.5977
20:21:35 valid - loss: 1.4825, acc: 0.5922
Epoch 14/300
20:23:24 train - loss: 1.3953, acc: 0.6056
20:23:31 valid - loss: 1.5724, acc: 0.5736
Epoch 15/300
20:25:21 train - loss: 1.3570, acc: 0.6140
20:25:28 valid - loss: 1.5360, acc: 0.5915
Epoch 16/300
20:27:18 train - loss: 1.3331, acc: 0.6217
20:27:25 valid - loss: 1.4421, acc: 0.6090
Epoch 17/300
20:29:15 train - loss: 1.3052, acc: 0.6289
20:29:21 valid - loss: 1.4997, acc: 0.5930
Epoch 18/300
20:31:12 train - loss: 1.2759, acc: 0.6336
20:31:19 valid - loss: 1.5024, acc: 0.5902
Epoch 19/300
20:33:09 train - loss: 1.2694, acc: 0.6377
20:33:15 valid - loss: 1.4471, acc: 0.5990
Epoch 20/300
20:35:04 train - loss: 1.2532, acc: 0.6418
Save trainer to /content/drive/My Drive/models/CIFAR100-3/ckpt
20:35:12 valid - loss: 1.4975, acc: 0.6057
Epoch 21/300
20:37:02 train - loss: 1.2356, acc: 0.6466
20:37:09 valid - loss: 1.4527, acc: 0.6016
Epoch 22/300
20:38:58 train - loss: 1.2135, acc: 0.6527
20:39:04 valid - loss: 1.3460, acc: 0.6225
Epoch 23/300
20:40:55 train - loss: 1.2110, acc: 0.6541
20:41:02 valid - loss: 1.4833, acc: 0.6127
Epoch 24/300
20:42:52 train - loss: 1.1896, acc: 0.6571
20:42:59 valid - loss: 1.4259, acc: 0.6202
Epoch 25/300
20:44:48 train - loss: 1.1808, acc: 0.6619
20:44:55 valid - loss: 1.2968, acc: 0.6360
Epoch 26/300
20:46:44 train - loss: 1.1790, acc: 0.6599
20:46:51 valid - loss: 1.2884, acc: 0.6452
Epoch 27/300
20:48:40 train - loss: 1.1682, acc: 0.6620
20:48:46 valid - loss: 1.4820, acc: 0.6128
Epoch 28/300
20:50:36 train - loss: 1.1576, acc: 0.6666
20:50:42 valid - loss: 1.3315, acc: 0.6410
Epoch 29/300
20:52:31 train - loss: 1.1471, acc: 0.6681
20:52:38 valid - loss: 1.4300, acc: 0.6110
Epoch 30/300
20:54:27 train - loss: 1.1514, acc: 0.6659
Save trainer to /content/drive/My Drive/models/CIFAR100-3/ckpt
20:54:35 valid - loss: 1.3579, acc: 0.6274
Epoch 31/300
20:56:24 train - loss: 1.1432, acc: 0.6706
20:56:31 valid - loss: 1.3775, acc: 0.6325
Epoch 32/300
20:58:20 train - loss: 1.1302, acc: 0.6744
20:58:27 valid - loss: 1.3445, acc: 0.6356
Epoch 33/300
21:00:16 train - loss: 1.1248, acc: 0.6721
21:00:23 valid - loss: 1.3696, acc: 0.6337
Epoch 34/300
21:02:13 train - loss: 1.1198, acc: 0.6748
21:02:20 valid - loss: 1.2624, acc: 0.6454
Epoch 35/300
21:04:10 train - loss: 1.1130, acc: 0.6778
21:04:17 valid - loss: 1.3658, acc: 0.6301
Epoch 36/300
21:06:06 train - loss: 1.1192, acc: 0.6753
21:06:13 valid - loss: 1.2934, acc: 0.6440
Epoch 37/300
21:08:02 train - loss: 1.1048, acc: 0.6788
21:08:09 valid - loss: 1.4607, acc: 0.6234
Epoch 38/300
21:09:58 train - loss: 1.1064, acc: 0.6805
21:10:05 valid - loss: 1.3731, acc: 0.6269
Epoch 39/300
21:11:54 train - loss: 1.0943, acc: 0.6829
21:12:01 valid - loss: 1.2602, acc: 0.6606
Epoch 40/300
21:13:51 train - loss: 1.0938, acc: 0.6802
Save trainer to /content/drive/My Drive/models/CIFAR100-3/ckpt
21:14:00 valid - loss: 1.3403, acc: 0.6407
Epoch 41/300
21:15:51 train - loss: 1.0888, acc: 0.6862
21:15:58 valid - loss: 1.4622, acc: 0.6152
Epoch 42/300
21:17:47 train - loss: 1.0888, acc: 0.6860
21:17:54 valid - loss: 1.2893, acc: 0.6612
Epoch 43/300
21:19:43 train - loss: 1.0834, acc: 0.6865
21:19:50 valid - loss: 1.4662, acc: 0.6214
Epoch 44/300
21:21:39 train - loss: 1.0820, acc: 0.6863
21:21:45 valid - loss: 1.3782, acc: 0.6396
Epoch 45/300
21:23:35 train - loss: 1.0723, acc: 0.6902
21:23:42 valid - loss: 1.3344, acc: 0.6442
Epoch 46/300
21:25:31 train - loss: 1.0679, acc: 0.6894
21:25:38 valid - loss: 1.3075, acc: 0.6498
Epoch 47/300
21:27:28 train - loss: 1.0765, acc: 0.6877
21:27:34 valid - loss: 1.3391, acc: 0.6394
Epoch 48/300
21:29:23 train - loss: 1.0660, acc: 0.6888
21:29:31 valid - loss: 1.2945, acc: 0.6451
Epoch 49/300
21:31:21 train - loss: 1.0563, acc: 0.6951
21:31:28 valid - loss: 1.2926, acc: 0.6471
Epoch 50/300
21:33:19 train - loss: 1.0563, acc: 0.6913
Save trainer to /content/drive/My Drive/models/CIFAR100-3/ckpt
21:33:27 valid - loss: 1.2417, acc: 0.6576
Epoch 51/300
21:35:18 train - loss: 1.0573, acc: 0.6903
21:35:25 valid - loss: 1.4595, acc: 0.6271
Epoch 52/300
21:37:15 train - loss: 1.0548, acc: 0.6910
21:37:22 valid - loss: 1.2268, acc: 0.6709
Epoch 53/300
21:39:13 train - loss: 1.0451, acc: 0.6941
21:39:20 valid - loss: 1.2436, acc: 0.6605
Epoch 54/300
21:41:10 train - loss: 1.0398, acc: 0.6982
21:41:16 valid - loss: 1.2703, acc: 0.6539
Epoch 55/300
21:43:07 train - loss: 1.0389, acc: 0.6979
21:43:14 valid - loss: 1.2639, acc: 0.6574
Epoch 56/300
21:45:03 train - loss: 1.0463, acc: 0.6953
21:45:10 valid - loss: 1.3157, acc: 0.6519
Epoch 57/300
21:47:00 train - loss: 1.0335, acc: 0.6986
21:47:06 valid - loss: 1.1588, acc: 0.6805
Epoch 58/300
21:48:56 train - loss: 1.0298, acc: 0.6992
21:49:02 valid - loss: 1.3874, acc: 0.6308
Epoch 59/300
21:50:52 train - loss: 1.0315, acc: 0.6989
21:50:59 valid - loss: 1.5907, acc: 0.6058
Epoch 60/300
21:52:49 train - loss: 1.0241, acc: 0.6994
Save trainer to /content/drive/My Drive/models/CIFAR100-3/ckpt
21:52:57 valid - loss: 1.2335, acc: 0.6627
Epoch 61/300
21:54:47 train - loss: 1.0144, acc: 0.7042
21:54:54 valid - loss: 1.4402, acc: 0.6153
Epoch 62/300
21:56:44 train - loss: 1.0143, acc: 0.7050
21:56:50 valid - loss: 1.2502, acc: 0.6647
Epoch 63/300
21:58:39 train - loss: 1.0136, acc: 0.7055
21:58:45 valid - loss: 1.2304, acc: 0.6611
Epoch 64/300
22:00:34 train - loss: 1.0154, acc: 0.7033
22:00:41 valid - loss: 1.2993, acc: 0.6518
Epoch 65/300
22:02:29 train - loss: 1.0134, acc: 0.7045
22:02:36 valid - loss: 1.2007, acc: 0.6722
Epoch 66/300
22:04:27 train - loss: 1.0016, acc: 0.7041
22:04:34 valid - loss: 1.2635, acc: 0.6586
Epoch 67/300
22:06:24 train - loss: 1.0063, acc: 0.7048
22:06:31 valid - loss: 1.2512, acc: 0.6618
Epoch 68/300
22:08:21 train - loss: 0.9977, acc: 0.7072
22:08:28 valid - loss: 1.3457, acc: 0.6424
Epoch 69/300
22:10:19 train - loss: 1.0042, acc: 0.7065
22:10:26 valid - loss: 1.2087, acc: 0.6704
Epoch 70/300
22:12:16 train - loss: 0.9883, acc: 0.7094
Save trainer to /content/drive/My Drive/models/CIFAR100-3/ckpt
22:12:25 valid - loss: 1.2128, acc: 0.6742
Epoch 71/300
22:14:16 train - loss: 0.9857, acc: 0.7093
22:14:22 valid - loss: 1.1913, acc: 0.6731
Epoch 72/300
22:16:13 train - loss: 0.9905, acc: 0.7093
22:16:20 valid - loss: 1.3576, acc: 0.6538
Epoch 73/300
22:18:11 train - loss: 0.9791, acc: 0.7120
22:18:17 valid - loss: 1.2067, acc: 0.6726
Epoch 74/300
22:20:06 train - loss: 0.9834, acc: 0.7117
22:20:13 valid - loss: 1.3648, acc: 0.6392
Epoch 75/300
22:22:03 train - loss: 0.9807, acc: 0.7116
22:22:10 valid - loss: 1.2688, acc: 0.6578
Epoch 76/300
22:24:00 train - loss: 0.9720, acc: 0.7155
22:24:06 valid - loss: 1.2384, acc: 0.6719
Epoch 77/300
22:25:55 train - loss: 0.9795, acc: 0.7149
22:26:01 valid - loss: 1.2789, acc: 0.6600
Epoch 78/300
22:27:50 train - loss: 0.9699, acc: 0.7165
22:27:57 valid - loss: 1.1649, acc: 0.6788
Epoch 79/300
22:29:46 train - loss: 0.9657, acc: 0.7167
22:29:52 valid - loss: 1.2471, acc: 0.6659
Epoch 80/300
22:31:41 train - loss: 0.9653, acc: 0.7142
Save trainer to /content/drive/My Drive/models/CIFAR100-3/ckpt
22:31:49 valid - loss: 1.1706, acc: 0.6796
Epoch 81/300
22:33:40 train - loss: 0.9648, acc: 0.7178
22:33:47 valid - loss: 1.2601, acc: 0.6633
Epoch 82/300
22:35:38 train - loss: 0.9588, acc: 0.7166
22:35:45 valid - loss: 1.2391, acc: 0.6622
Epoch 83/300
22:37:35 train - loss: 0.9559, acc: 0.7169
22:37:42 valid - loss: 1.2021, acc: 0.6730
Epoch 84/300
22:39:32 train - loss: 0.9573, acc: 0.7182
22:39:39 valid - loss: 1.2256, acc: 0.6696
Epoch 85/300
22:41:28 train - loss: 0.9470, acc: 0.7212
22:41:34 valid - loss: 1.2989, acc: 0.6614
Epoch 86/300
22:43:23 train - loss: 0.9563, acc: 0.7206
22:43:30 valid - loss: 1.1177, acc: 0.6849
Epoch 87/300
22:45:19 train - loss: 0.9467, acc: 0.7216
22:45:25 valid - loss: 1.1756, acc: 0.6824
Epoch 88/300
22:47:15 train - loss: 0.9440, acc: 0.7225
22:47:22 valid - loss: 1.1185, acc: 0.6854
Epoch 89/300
22:49:12 train - loss: 0.9376, acc: 0.7239
22:49:19 valid - loss: 1.2361, acc: 0.6659
Epoch 90/300
22:51:08 train - loss: 0.9381, acc: 0.7228
Save trainer to /content/drive/My Drive/models/CIFAR100-3/ckpt
22:51:16 valid - loss: 1.2106, acc: 0.6713
Epoch 91/300
22:53:05 train - loss: 0.9360, acc: 0.7249
22:53:12 valid - loss: 1.2005, acc: 0.6823
Epoch 92/300
22:55:00 train - loss: 0.9317, acc: 0.7245
22:55:07 valid - loss: 1.3122, acc: 0.6516
Epoch 93/300
22:56:58 train - loss: 0.9214, acc: 0.7285
22:57:05 valid - loss: 1.2195, acc: 0.6721
Epoch 94/300
22:58:55 train - loss: 0.9306, acc: 0.7240
22:59:02 valid - loss: 1.3052, acc: 0.6584
Epoch 95/300
23:00:52 train - loss: 0.9285, acc: 0.7248
23:00:59 valid - loss: 1.1513, acc: 0.6881
Epoch 96/300
23:02:48 train - loss: 0.9209, acc: 0.7264
23:02:55 valid - loss: 1.2397, acc: 0.6715
Epoch 97/300
23:04:45 train - loss: 0.9145, acc: 0.7321
23:04:51 valid - loss: 1.2009, acc: 0.6768
Epoch 98/300
23:06:40 train - loss: 0.9158, acc: 0.7282
23:06:47 valid - loss: 1.1371, acc: 0.6930
Epoch 99/300
23:08:38 train - loss: 0.9094, acc: 0.7291
23:08:44 valid - loss: 1.1970, acc: 0.6778
Epoch 100/300
23:10:33 train - loss: 0.9065, acc: 0.7316
Save trainer to /content/drive/My Drive/models/CIFAR100-3/ckpt
23:10:41 valid - loss: 1.0752, acc: 0.7004
Epoch 101/300
23:12:30 train - loss: 0.9011, acc: 0.7325
23:12:37 valid - loss: 1.1314, acc: 0.6960
Epoch 102/300
23:14:26 train - loss: 0.9075, acc: 0.7321
23:14:33 valid - loss: 1.2496, acc: 0.6628
Epoch 103/300
23:16:23 train - loss: 0.8918, acc: 0.7337
23:16:29 valid - loss: 1.1778, acc: 0.6921
Epoch 104/300
23:18:19 train - loss: 0.8934, acc: 0.7366
23:18:26 valid - loss: 1.1076, acc: 0.6912
Epoch 105/300
23:20:16 train - loss: 0.8874, acc: 0.7367
23:20:22 valid - loss: 1.1279, acc: 0.6911
Epoch 106/300
23:22:11 train - loss: 0.8857, acc: 0.7366
23:22:17 valid - loss: 1.1543, acc: 0.6962
Epoch 107/300
23:24:06 train - loss: 0.8779, acc: 0.7429
23:24:12 valid - loss: 1.0814, acc: 0.7069
Epoch 108/300
23:26:00 train - loss: 0.8742, acc: 0.7399
23:26:07 valid - loss: 1.2042, acc: 0.6772
Epoch 109/300
23:27:58 train - loss: 0.8770, acc: 0.7394
23:28:05 valid - loss: 1.1470, acc: 0.6918
Epoch 110/300
23:29:55 train - loss: 0.8695, acc: 0.7426
Save trainer to /content/drive/My Drive/models/CIFAR100-3/ckpt
23:30:03 valid - loss: 1.1962, acc: 0.6876
Epoch 111/300
23:31:52 train - loss: 0.8689, acc: 0.7408
23:31:58 valid - loss: 1.1388, acc: 0.6963
Epoch 112/300
23:33:47 train - loss: 0.8678, acc: 0.7420
23:33:54 valid - loss: 1.0719, acc: 0.7050
Epoch 113/300
23:35:44 train - loss: 0.8594, acc: 0.7444
23:35:51 valid - loss: 1.1687, acc: 0.6918
Epoch 114/300
23:37:41 train - loss: 0.8580, acc: 0.7456
23:37:47 valid - loss: 1.0852, acc: 0.7055
Epoch 115/300
23:39:36 train - loss: 0.8450, acc: 0.7495
23:39:43 valid - loss: 1.0496, acc: 0.7075
Epoch 116/300
23:41:31 train - loss: 0.8426, acc: 0.7498
23:41:37 valid - loss: 1.1971, acc: 0.6873
Epoch 117/300
23:43:26 train - loss: 0.8497, acc: 0.7481
23:43:32 valid - loss: 1.1507, acc: 0.6962
Epoch 118/300
23:45:21 train - loss: 0.8387, acc: 0.7498
23:45:28 valid - loss: 1.0564, acc: 0.7036
Epoch 119/300
23:47:16 train - loss: 0.8368, acc: 0.7478
23:47:22 valid - loss: 1.0997, acc: 0.7009
Epoch 120/300
23:49:11 train - loss: 0.8287, acc: 0.7534
Save trainer to /content/drive/My Drive/models/CIFAR100-3/ckpt
23:49:19 valid - loss: 1.1297, acc: 0.6988
Epoch 121/300
23:51:09 train - loss: 0.8263, acc: 0.7544
23:51:15 valid - loss: 1.0884, acc: 0.7119
Epoch 122/300
23:53:04 train - loss: 0.8291, acc: 0.7517
23:53:11 valid - loss: 1.2409, acc: 0.6738
Epoch 123/300
23:55:00 train - loss: 0.8148, acc: 0.7555
23:55:06 valid - loss: 1.1235, acc: 0.6984
Epoch 124/300
23:56:54 train - loss: 0.8165, acc: 0.7556
23:57:01 valid - loss: 1.0831, acc: 0.7085
Epoch 125/300
23:58:49 train - loss: 0.8207, acc: 0.7558
23:58:56 valid - loss: 1.1958, acc: 0.6890
Epoch 126/300
00:00:44 train - loss: 0.8078, acc: 0.7592
00:00:50 valid - loss: 1.1556, acc: 0.6993
Epoch 127/300
00:02:39 train - loss: 0.8096, acc: 0.7586
00:02:46 valid - loss: 1.1693, acc: 0.6951
Epoch 128/300
00:04:36 train - loss: 0.7999, acc: 0.7621
00:04:43 valid - loss: 1.0487, acc: 0.7105
Epoch 129/300
00:06:33 train - loss: 0.8015, acc: 0.7607
00:06:40 valid - loss: 1.0877, acc: 0.7101
Epoch 130/300
00:08:29 train - loss: 0.7932, acc: 0.7631
Save trainer to /content/drive/My Drive/models/CIFAR100-3/ckpt
00:08:38 valid - loss: 1.0541, acc: 0.7065
Epoch 131/300
00:10:28 train - loss: 0.7866, acc: 0.7646
00:10:35 valid - loss: 1.0713, acc: 0.7074
Epoch 132/300
00:12:24 train - loss: 0.7840, acc: 0.7639
00:12:31 valid - loss: 1.0623, acc: 0.7137
Epoch 133/300
00:14:21 train - loss: 0.7773, acc: 0.7669
00:14:28 valid - loss: 1.0655, acc: 0.7168
Epoch 134/300
00:16:16 train - loss: 0.7848, acc: 0.7664
00:16:23 valid - loss: 1.1362, acc: 0.6962
Epoch 135/300
00:18:11 train - loss: 0.7678, acc: 0.7698
00:18:17 valid - loss: 1.0486, acc: 0.7184
Epoch 136/300
00:20:06 train - loss: 0.7610, acc: 0.7719
00:20:12 valid - loss: 1.0793, acc: 0.7157
Epoch 137/300
00:22:01 train - loss: 0.7643, acc: 0.7695
00:22:07 valid - loss: 1.0600, acc: 0.7128
Epoch 138/300
00:23:55 train - loss: 0.7581, acc: 0.7709
00:24:02 valid - loss: 1.0867, acc: 0.7174
Epoch 139/300
00:25:51 train - loss: 0.7527, acc: 0.7753
00:25:58 valid - loss: 1.0263, acc: 0.7240
Epoch 140/300
00:27:48 train - loss: 0.7440, acc: 0.7748
Save trainer to /content/drive/My Drive/models/CIFAR100-3/ckpt
00:27:56 valid - loss: 1.2039, acc: 0.6848
Epoch 141/300
00:29:46 train - loss: 0.7456, acc: 0.7770
00:29:53 valid - loss: 1.0619, acc: 0.7179
Epoch 142/300
00:31:43 train - loss: 0.7409, acc: 0.7778
00:31:50 valid - loss: 1.2219, acc: 0.6855
Epoch 143/300
00:33:41 train - loss: 0.7350, acc: 0.7780
00:33:48 valid - loss: 1.0366, acc: 0.7227
Epoch 144/300
00:35:38 train - loss: 0.7246, acc: 0.7811
00:35:45 valid - loss: 1.1752, acc: 0.6934
Epoch 145/300
00:37:35 train - loss: 0.7278, acc: 0.7807
00:37:42 valid - loss: 1.2025, acc: 0.6991
Epoch 146/300
00:39:30 train - loss: 0.7214, acc: 0.7812
00:39:37 valid - loss: 1.0145, acc: 0.7244
Epoch 147/300
00:41:26 train - loss: 0.7136, acc: 0.7840
00:41:32 valid - loss: 0.9974, acc: 0.7265
Epoch 148/300
00:43:21 train - loss: 0.7038, acc: 0.7871
00:43:27 valid - loss: 1.0280, acc: 0.7260
Epoch 149/300
00:45:17 train - loss: 0.7064, acc: 0.7848
00:45:23 valid - loss: 1.0959, acc: 0.7245
Epoch 150/300
00:47:14 train - loss: 0.7039, acc: 0.7865
Save trainer to /content/drive/My Drive/models/CIFAR100-3/ckpt
00:47:23 valid - loss: 1.0930, acc: 0.7203
Epoch 151/300
00:49:13 train - loss: 0.6984, acc: 0.7875
00:49:20 valid - loss: 1.1061, acc: 0.7147
Epoch 152/300
00:51:09 train - loss: 0.6850, acc: 0.7923
00:51:15 valid - loss: 1.0390, acc: 0.7201
Epoch 153/300
00:53:04 train - loss: 0.6879, acc: 0.7902
00:53:11 valid - loss: 0.9416, acc: 0.7455
Epoch 154/300
00:55:00 train - loss: 0.6741, acc: 0.7957
00:55:07 valid - loss: 0.9888, acc: 0.7312
Epoch 155/300
00:56:57 train - loss: 0.6731, acc: 0.7957
00:57:04 valid - loss: 1.0079, acc: 0.7282
Epoch 156/300
00:58:55 train - loss: 0.6724, acc: 0.7932
00:59:02 valid - loss: 0.9935, acc: 0.7326
Epoch 157/300
01:00:51 train - loss: 0.6652, acc: 0.7990
01:00:58 valid - loss: 1.0273, acc: 0.7281
Epoch 158/300
01:02:47 train - loss: 0.6608, acc: 0.7982
01:02:53 valid - loss: 1.0796, acc: 0.7252
Epoch 159/300
01:04:42 train - loss: 0.6526, acc: 0.8011
01:04:49 valid - loss: 0.9612, acc: 0.7436
Epoch 160/300
01:06:39 train - loss: 0.6494, acc: 0.8008
Save trainer to /content/drive/My Drive/models/CIFAR100-3/ckpt
01:06:48 valid - loss: 1.0352, acc: 0.7250
Epoch 161/300
01:08:39 train - loss: 0.6488, acc: 0.8022
01:08:45 valid - loss: 1.1169, acc: 0.7095
Epoch 162/300
01:10:34 train - loss: 0.6393, acc: 0.8062
01:10:40 valid - loss: 1.0232, acc: 0.7297
Epoch 163/300
01:12:29 train - loss: 0.6260, acc: 0.8071
01:12:35 valid - loss: 1.0751, acc: 0.7242
Epoch 164/300
01:14:24 train - loss: 0.6300, acc: 0.8104
01:14:31 valid - loss: 1.0980, acc: 0.7225
Epoch 165/300
01:16:21 train - loss: 0.6245, acc: 0.8099
01:16:28 valid - loss: 1.0255, acc: 0.7325
Epoch 166/300
01:18:16 train - loss: 0.6197, acc: 0.8104
01:18:22 valid - loss: 1.0338, acc: 0.7286
Epoch 167/300
01:20:11 train - loss: 0.6166, acc: 0.8116
01:20:17 valid - loss: 1.0194, acc: 0.7296
Epoch 168/300
01:22:06 train - loss: 0.6027, acc: 0.8153
01:22:12 valid - loss: 0.9911, acc: 0.7395
Epoch 169/300
01:24:01 train - loss: 0.6017, acc: 0.8160
01:24:07 valid - loss: 1.0291, acc: 0.7346
Epoch 170/300
01:25:55 train - loss: 0.5915, acc: 0.8169
Save trainer to /content/drive/My Drive/models/CIFAR100-3/ckpt
01:26:04 valid - loss: 0.9798, acc: 0.7438
Epoch 171/300
01:27:53 train - loss: 0.5870, acc: 0.8199
01:27:59 valid - loss: 1.0437, acc: 0.7368
Epoch 172/300
01:29:48 train - loss: 0.5812, acc: 0.8211
01:29:54 valid - loss: 1.0144, acc: 0.7335
Epoch 173/300
01:31:43 train - loss: 0.5804, acc: 0.8222
01:31:50 valid - loss: 1.1126, acc: 0.7182
Epoch 174/300
01:33:40 train - loss: 0.5774, acc: 0.8225
01:33:46 valid - loss: 0.9393, acc: 0.7505
Epoch 175/300
01:35:35 train - loss: 0.5611, acc: 0.8267
01:35:42 valid - loss: 1.0018, acc: 0.7435
Epoch 176/300
01:37:30 train - loss: 0.5640, acc: 0.8251
01:37:36 valid - loss: 1.0014, acc: 0.7466
Epoch 177/300
01:39:25 train - loss: 0.5580, acc: 0.8279
01:39:32 valid - loss: 0.9701, acc: 0.7510
Epoch 178/300
01:41:23 train - loss: 0.5547, acc: 0.8306
01:41:29 valid - loss: 1.0460, acc: 0.7336
Epoch 179/300
01:43:18 train - loss: 0.5473, acc: 0.8302
01:43:24 valid - loss: 1.0093, acc: 0.7405
Epoch 180/300
01:45:13 train - loss: 0.5402, acc: 0.8333
Save trainer to /content/drive/My Drive/models/CIFAR100-3/ckpt
01:45:21 valid - loss: 1.0479, acc: 0.7346
Epoch 181/300
01:47:10 train - loss: 0.5304, acc: 0.8343
01:47:16 valid - loss: 0.9540, acc: 0.7545
Epoch 182/300
01:49:05 train - loss: 0.5251, acc: 0.8368
01:49:12 valid - loss: 0.9909, acc: 0.7498
Epoch 183/300
01:51:01 train - loss: 0.5326, acc: 0.8347
01:51:07 valid - loss: 0.9705, acc: 0.7440
Epoch 184/300
01:52:56 train - loss: 0.5126, acc: 0.8410
01:53:03 valid - loss: 0.9311, acc: 0.7505
Epoch 185/300
01:54:53 train - loss: 0.5079, acc: 0.8411
01:54:59 valid - loss: 0.9257, acc: 0.7582
Epoch 186/300
01:56:49 train - loss: 0.5040, acc: 0.8437
01:56:55 valid - loss: 0.9987, acc: 0.7479
Epoch 187/300
01:58:45 train - loss: 0.4990, acc: 0.8464
01:58:52 valid - loss: 0.9511, acc: 0.7596
Epoch 188/300
02:00:41 train - loss: 0.4983, acc: 0.8449
02:00:48 valid - loss: 0.9509, acc: 0.7582
Epoch 189/300
02:02:37 train - loss: 0.4883, acc: 0.8476
02:02:44 valid - loss: 0.9729, acc: 0.7566
Epoch 190/300
02:04:33 train - loss: 0.4795, acc: 0.8512
Save trainer to /content/drive/My Drive/models/CIFAR100-3/ckpt
02:04:41 valid - loss: 0.9481, acc: 0.7555
Epoch 191/300
02:06:31 train - loss: 0.4702, acc: 0.8544
02:06:37 valid - loss: 0.9848, acc: 0.7540
Epoch 192/300
02:08:26 train - loss: 0.4695, acc: 0.8550
02:08:33 valid - loss: 1.0893, acc: 0.7399
Epoch 193/300
02:10:22 train - loss: 0.4706, acc: 0.8533
02:10:29 valid - loss: 0.9808, acc: 0.7565
Epoch 194/300
02:12:19 train - loss: 0.4539, acc: 0.8597
02:12:26 valid - loss: 0.9774, acc: 0.7460
Epoch 195/300
02:14:17 train - loss: 0.4511, acc: 0.8609
02:14:23 valid - loss: 0.9312, acc: 0.7666
Epoch 196/300
02:16:12 train - loss: 0.4427, acc: 0.8626
02:16:19 valid - loss: 0.9892, acc: 0.7542
Epoch 197/300
02:18:07 train - loss: 0.4446, acc: 0.8629
02:18:14 valid - loss: 0.9865, acc: 0.7469
Epoch 198/300
02:20:03 train - loss: 0.4296, acc: 0.8664
02:20:10 valid - loss: 0.8790, acc: 0.7754
Epoch 199/300
02:21:59 train - loss: 0.4210, acc: 0.8683
02:22:05 valid - loss: 0.9518, acc: 0.7608
Epoch 200/300
02:23:55 train - loss: 0.4215, acc: 0.8687
Save trainer to /content/drive/My Drive/models/CIFAR100-3/ckpt
02:24:03 valid - loss: 0.9843, acc: 0.7521
Epoch 201/300
02:25:53 train - loss: 0.4218, acc: 0.8682
02:26:00 valid - loss: 0.9106, acc: 0.7723
Epoch 202/300
02:27:49 train - loss: 0.4091, acc: 0.8723
02:27:56 valid - loss: 0.9203, acc: 0.7701
Epoch 203/300
02:29:45 train - loss: 0.4048, acc: 0.8731
02:29:51 valid - loss: 0.9208, acc: 0.7673
Epoch 204/300
02:31:40 train - loss: 0.3954, acc: 0.8755
02:31:47 valid - loss: 0.9383, acc: 0.7703
Epoch 205/300
02:33:35 train - loss: 0.3944, acc: 0.8760
02:33:42 valid - loss: 0.9009, acc: 0.7756
Epoch 206/300
02:35:32 train - loss: 0.3895, acc: 0.8779
02:35:39 valid - loss: 0.9124, acc: 0.7761
Epoch 207/300
02:37:30 train - loss: 0.3870, acc: 0.8792
02:37:36 valid - loss: 0.9106, acc: 0.7712
Epoch 208/300
02:39:25 train - loss: 0.3701, acc: 0.8836
02:39:32 valid - loss: 0.9096, acc: 0.7734
Epoch 209/300
02:41:20 train - loss: 0.3824, acc: 0.8810
02:41:27 valid - loss: 0.9381, acc: 0.7670
Epoch 210/300
02:43:16 train - loss: 0.3699, acc: 0.8862
Save trainer to /content/drive/My Drive/models/CIFAR100-3/ckpt
02:43:24 valid - loss: 0.8672, acc: 0.7816
Epoch 211/300
02:45:13 train - loss: 0.3479, acc: 0.8903
02:45:20 valid - loss: 0.8881, acc: 0.7759
Epoch 212/300
02:47:08 train - loss: 0.3516, acc: 0.8895
02:47:15 valid - loss: 0.8559, acc: 0.7847
Epoch 213/300
02:49:04 train - loss: 0.3426, acc: 0.8928
02:49:10 valid - loss: 0.9176, acc: 0.7775
Epoch 214/300
02:50:59 train - loss: 0.3361, acc: 0.8955
02:51:06 valid - loss: 0.9118, acc: 0.7724
Epoch 215/300
02:52:56 train - loss: 0.3316, acc: 0.8980
02:53:02 valid - loss: 0.9230, acc: 0.7725
Epoch 216/300
02:54:52 train - loss: 0.3289, acc: 0.8973
02:54:58 valid - loss: 0.9160, acc: 0.7749
Epoch 217/300
02:56:47 train - loss: 0.3178, acc: 0.9010
02:56:54 valid - loss: 0.9357, acc: 0.7765
Epoch 218/300
02:58:43 train - loss: 0.3118, acc: 0.9031
02:58:50 valid - loss: 0.8366, acc: 0.7918
Epoch 219/300
03:00:38 train - loss: 0.3079, acc: 0.9042
03:00:45 valid - loss: 0.9403, acc: 0.7742
Epoch 220/300
03:02:34 train - loss: 0.3061, acc: 0.9050
Save trainer to /content/drive/My Drive/models/CIFAR100-3/ckpt
03:02:42 valid - loss: 0.8612, acc: 0.7851
Epoch 221/300
03:04:32 train - loss: 0.3008, acc: 0.9086
03:04:38 valid - loss: 0.8597, acc: 0.7881
Epoch 222/300
03:06:27 train - loss: 0.2901, acc: 0.9093
03:06:34 valid - loss: 0.8702, acc: 0.7899
Epoch 223/300
03:08:23 train - loss: 0.2902, acc: 0.9103
03:08:30 valid - loss: 0.9656, acc: 0.7742
Epoch 224/300
03:10:19 train - loss: 0.2836, acc: 0.9127
03:10:26 valid - loss: 0.8670, acc: 0.7885
Epoch 225/300
03:12:15 train - loss: 0.2747, acc: 0.9160
03:12:21 valid - loss: 0.8658, acc: 0.7931
Epoch 226/300
03:14:10 train - loss: 0.2701, acc: 0.9149
03:14:17 valid - loss: 0.8807, acc: 0.7862
Epoch 227/300
03:16:06 train - loss: 0.2615, acc: 0.9194
03:16:12 valid - loss: 0.8510, acc: 0.7910
Epoch 228/300
03:18:01 train - loss: 0.2569, acc: 0.9201
03:18:08 valid - loss: 0.8608, acc: 0.7952
Epoch 229/300
03:19:57 train - loss: 0.2524, acc: 0.9221
03:20:03 valid - loss: 0.8889, acc: 0.7894
Epoch 230/300
03:21:52 train - loss: 0.2386, acc: 0.9267
Save trainer to /content/drive/My Drive/models/CIFAR100-3/ckpt
03:22:00 valid - loss: 0.8548, acc: 0.7975
Epoch 231/300
03:23:49 train - loss: 0.2443, acc: 0.9243
03:23:55 valid - loss: 0.8145, acc: 0.8017
Epoch 232/300
03:25:44 train - loss: 0.2341, acc: 0.9281
03:25:51 valid - loss: 0.8563, acc: 0.7959
Epoch 233/300
03:27:40 train - loss: 0.2332, acc: 0.9292
03:27:46 valid - loss: 0.8675, acc: 0.7904
Epoch 234/300
03:29:35 train - loss: 0.2247, acc: 0.9312
03:29:41 valid - loss: 0.8538, acc: 0.7978
Epoch 235/300
03:31:30 train - loss: 0.2145, acc: 0.9349
03:31:36 valid - loss: 0.8383, acc: 0.8001
Epoch 236/300
03:33:25 train - loss: 0.2103, acc: 0.9356
03:33:32 valid - loss: 0.8179, acc: 0.8012
Epoch 237/300
03:35:23 train - loss: 0.2085, acc: 0.9362
03:35:30 valid - loss: 0.8807, acc: 0.7983
Epoch 238/300
03:37:20 train - loss: 0.2025, acc: 0.9381
03:37:26 valid - loss: 0.8090, acc: 0.8063
Epoch 239/300
03:39:15 train - loss: 0.1973, acc: 0.9407
03:39:21 valid - loss: 0.8172, acc: 0.8043
Epoch 240/300
03:41:09 train - loss: 0.1900, acc: 0.9421
Save trainer to /content/drive/My Drive/models/CIFAR100-3/ckpt
03:41:18 valid - loss: 0.8112, acc: 0.8036
Epoch 241/300
03:43:07 train - loss: 0.1840, acc: 0.9449
03:43:13 valid - loss: 0.8118, acc: 0.8025
Epoch 242/300
03:45:02 train - loss: 0.1838, acc: 0.9452
03:45:09 valid - loss: 0.8105, acc: 0.8065
Epoch 243/300
03:46:58 train - loss: 0.1738, acc: 0.9485
03:47:04 valid - loss: 0.8337, acc: 0.8016
Epoch 244/300
03:48:53 train - loss: 0.1779, acc: 0.9481
03:48:59 valid - loss: 0.8451, acc: 0.8011
Epoch 245/300
03:50:48 train - loss: 0.1691, acc: 0.9501
03:50:54 valid - loss: 0.8313, acc: 0.8072
Epoch 246/300
03:52:43 train - loss: 0.1620, acc: 0.9516
03:52:50 valid - loss: 0.8244, acc: 0.8096
Epoch 247/300
03:54:39 train - loss: 0.1594, acc: 0.9546
03:54:46 valid - loss: 0.8441, acc: 0.8060
Epoch 248/300
03:56:35 train - loss: 0.1550, acc: 0.9543
03:56:41 valid - loss: 0.8094, acc: 0.8075
Epoch 249/300
03:58:31 train - loss: 0.1519, acc: 0.9561
03:58:37 valid - loss: 0.7699, acc: 0.8160
Epoch 250/300
04:00:26 train - loss: 0.1453, acc: 0.9580
Save trainer to /content/drive/My Drive/models/CIFAR100-3/ckpt
04:00:35 valid - loss: 0.7996, acc: 0.8121
Epoch 251/300
04:02:24 train - loss: 0.1387, acc: 0.9598
04:02:30 valid - loss: 0.8065, acc: 0.8132
Epoch 252/300
04:04:19 train - loss: 0.1346, acc: 0.9619
04:04:26 valid - loss: 0.7921, acc: 0.8152
Epoch 253/300
04:06:15 train - loss: 0.1340, acc: 0.9620
04:06:21 valid - loss: 0.7833, acc: 0.8153
Epoch 254/300
04:08:10 train - loss: 0.1279, acc: 0.9640
04:08:17 valid - loss: 0.7823, acc: 0.8204
Epoch 255/300
04:10:06 train - loss: 0.1258, acc: 0.9643
04:10:12 valid - loss: 0.7681, acc: 0.8208
Epoch 256/300
04:12:01 train - loss: 0.1194, acc: 0.9661
04:12:08 valid - loss: 0.7839, acc: 0.8175
Epoch 257/300
04:13:56 train - loss: 0.1156, acc: 0.9678
04:14:03 valid - loss: 0.7639, acc: 0.8200
Epoch 258/300
04:15:52 train - loss: 0.1165, acc: 0.9677
04:15:59 valid - loss: 0.7659, acc: 0.8226
Epoch 259/300
04:17:49 train - loss: 0.1104, acc: 0.9702
04:17:56 valid - loss: 0.7396, acc: 0.8257
Epoch 260/300
04:19:45 train - loss: 0.1056, acc: 0.9708
Save trainer to /content/drive/My Drive/models/CIFAR100-3/ckpt
04:19:53 valid - loss: 0.7513, acc: 0.8249
Epoch 261/300
04:21:44 train - loss: 0.1065, acc: 0.9707
04:21:51 valid - loss: 0.7603, acc: 0.8262
Epoch 262/300
04:23:41 train - loss: 0.0994, acc: 0.9742
04:23:47 valid - loss: 0.7575, acc: 0.8225
Epoch 263/300
04:25:35 train - loss: 0.0998, acc: 0.9735
04:25:42 valid - loss: 0.7514, acc: 0.8269
Epoch 264/300
04:27:31 train - loss: 0.0954, acc: 0.9741
04:27:38 valid - loss: 0.7730, acc: 0.8228
Epoch 265/300
04:29:29 train - loss: 0.0904, acc: 0.9760
04:29:35 valid - loss: 0.7405, acc: 0.8309
Epoch 266/300
04:31:24 train - loss: 0.0869, acc: 0.9774
04:31:31 valid - loss: 0.7454, acc: 0.8294
Epoch 267/300
04:33:20 train - loss: 0.0848, acc: 0.9785
04:33:27 valid - loss: 0.7299, acc: 0.8300
Epoch 268/300
04:35:17 train - loss: 0.0838, acc: 0.9789
04:35:24 valid - loss: 0.7269, acc: 0.8333
Epoch 269/300
04:37:13 train - loss: 0.0817, acc: 0.9788
04:37:20 valid - loss: 0.7406, acc: 0.8297
Epoch 270/300
04:39:09 train - loss: 0.0813, acc: 0.9786
Save trainer to /content/drive/My Drive/models/CIFAR100-3/ckpt
04:39:17 valid - loss: 0.7298, acc: 0.8330
Epoch 271/300
04:41:08 train - loss: 0.0786, acc: 0.9802
04:41:15 valid - loss: 0.7148, acc: 0.8341
Epoch 272/300
04:43:05 train - loss: 0.0725, acc: 0.9811
04:43:12 valid - loss: 0.7229, acc: 0.8336
Epoch 273/300
04:45:01 train - loss: 0.0706, acc: 0.9822
04:45:07 valid - loss: 0.7247, acc: 0.8331
Epoch 274/300
04:46:56 train - loss: 0.0688, acc: 0.9830
04:47:03 valid - loss: 0.7148, acc: 0.8347
Epoch 275/300
04:48:52 train - loss: 0.0671, acc: 0.9835
04:48:59 valid - loss: 0.7103, acc: 0.8381
Epoch 276/300
04:50:49 train - loss: 0.0669, acc: 0.9839
04:50:56 valid - loss: 0.7137, acc: 0.8366
Epoch 277/300
04:52:46 train - loss: 0.0632, acc: 0.9837
04:52:53 valid - loss: 0.7164, acc: 0.8360
Epoch 278/300
04:54:42 train - loss: 0.0638, acc: 0.9844
04:54:48 valid - loss: 0.7162, acc: 0.8369
Epoch 279/300
04:56:37 train - loss: 0.0648, acc: 0.9846
04:56:44 valid - loss: 0.7091, acc: 0.8393
Epoch 280/300
04:58:34 train - loss: 0.0615, acc: 0.9846
Save trainer to /content/drive/My Drive/models/CIFAR100-3/ckpt
04:58:43 valid - loss: 0.7106, acc: 0.8371
Epoch 281/300
05:00:32 train - loss: 0.0628, acc: 0.9847
05:00:39 valid - loss: 0.7110, acc: 0.8401
Epoch 282/300
05:02:28 train - loss: 0.0584, acc: 0.9862
05:02:34 valid - loss: 0.7136, acc: 0.8373
Epoch 283/300
05:04:24 train - loss: 0.0619, acc: 0.9849
05:04:30 valid - loss: 0.7094, acc: 0.8385
Epoch 284/300
05:06:19 train - loss: 0.0613, acc: 0.9859
05:06:25 valid - loss: 0.7056, acc: 0.8406
Epoch 285/300
05:08:14 train - loss: 0.0566, acc: 0.9864
05:08:21 valid - loss: 0.7008, acc: 0.8398
Epoch 286/300
05:10:10 train - loss: 0.0564, acc: 0.9858
05:10:17 valid - loss: 0.6988, acc: 0.8415
Epoch 287/300
05:12:07 train - loss: 0.0569, acc: 0.9860
05:12:14 valid - loss: 0.6925, acc: 0.8428
Epoch 288/300
05:14:02 train - loss: 0.0566, acc: 0.9863
05:14:09 valid - loss: 0.7031, acc: 0.8397
Epoch 289/300
05:15:58 train - loss: 0.0575, acc: 0.9865
05:16:04 valid - loss: 0.6938, acc: 0.8433
Epoch 290/300
05:17:53 train - loss: 0.0528, acc: 0.9878
Save trainer to /content/drive/My Drive/models/CIFAR100-3/ckpt
05:18:02 valid - loss: 0.6986, acc: 0.8412
Epoch 291/300
05:19:53 train - loss: 0.0537, acc: 0.9863
05:20:00 valid - loss: 0.6996, acc: 0.8416
Epoch 292/300
05:21:50 train - loss: 0.0523, acc: 0.9876
05:21:57 valid - loss: 0.6953, acc: 0.8420
Epoch 293/300
05:23:46 train - loss: 0.0544, acc: 0.9871
05:23:52 valid - loss: 0.6971, acc: 0.8421
Epoch 294/300
05:25:41 train - loss: 0.0509, acc: 0.9881
05:25:48 valid - loss: 0.6973, acc: 0.8416
Epoch 295/300
05:27:37 train - loss: 0.0519, acc: 0.9873
05:27:44 valid - loss: 0.6971, acc: 0.8413
Epoch 296/300
05:29:34 train - loss: 0.0526, acc: 0.9881
05:29:41 valid - loss: 0.6977, acc: 0.8411
Epoch 297/300
05:31:30 train - loss: 0.0542, acc: 0.9867
05:31:36 valid - loss: 0.6957, acc: 0.8423
Epoch 298/300
05:33:25 train - loss: 0.0514, acc: 0.9881
05:33:32 valid - loss: 0.6958, acc: 0.8413
Epoch 299/300
05:35:22 train - loss: 0.0530, acc: 0.9875
05:35:29 valid - loss: 0.6961, acc: 0.8407
Epoch 300/300
05:37:18 train - loss: 0.0536, acc: 0.9869
Save trainer to /content/drive/My Drive/models/CIFAR100-3/ckpt
05:37:26 valid - loss: 0.6970, acc: 0.8418