23:32:31 Start training
Epoch 1/300
WARNING:tensorflow:From /usr/local/lib/python3.6/dist-packages/tensorflow/python/data/ops/multi_device_iterator_ops.py:601: get_next_as_optional (from tensorflow.python.data.ops.iterator_ops) is deprecated and will be removed in a future version.
Instructions for updating:
Use `tf.data.Iterator.get_next_as_optional()` instead.
WARNING:tensorflow:From /usr/local/lib/python3.6/dist-packages/tensorflow/python/data/ops/multi_device_iterator_ops.py:601: get_next_as_optional (from tensorflow.python.data.ops.iterator_ops) is deprecated and will be removed in a future version.
Instructions for updating:
Use `tf.data.Iterator.get_next_as_optional()` instead.
23:44:39 train - loss: 4.5734, acc: 0.0208
23:46:37 valid - loss: 4.3236, acc: 0.0425
Epoch 2/300
23:47:19 train - loss: 4.4079, acc: 0.0335
23:47:21 valid - loss: 4.1382, acc: 0.0610
Epoch 3/300
23:48:03 train - loss: 4.2573, acc: 0.0500
23:48:04 valid - loss: 3.8903, acc: 0.0896
Epoch 4/300
23:48:46 train - loss: 4.0840, acc: 0.0763
23:48:48 valid - loss: 3.8181, acc: 0.1280
Epoch 5/300
23:49:30 train - loss: 3.8307, acc: 0.1120
23:49:31 valid - loss: 3.2731, acc: 0.1997
Epoch 6/300
23:50:13 train - loss: 3.5167, acc: 0.1614
23:50:14 valid - loss: 2.8020, acc: 0.2869
Epoch 7/300
23:50:56 train - loss: 3.2412, acc: 0.2112
23:50:58 valid - loss: 2.8745, acc: 0.3105
Epoch 8/300
23:51:40 train - loss: 3.0444, acc: 0.2483
23:51:41 valid - loss: 2.3644, acc: 0.3843
Epoch 9/300
23:52:23 train - loss: 2.9037, acc: 0.2782
23:52:25 valid - loss: 2.3587, acc: 0.3990
Epoch 10/300
23:53:07 train - loss: 2.8025, acc: 0.3005
Save trainer to /content/drive/My Drive/models/CIFAR100-1/ckpt
23:53:20 valid - loss: 2.4721, acc: 0.3894
Epoch 11/300
23:54:02 train - loss: 2.7032, acc: 0.3194
23:54:04 valid - loss: 2.0932, acc: 0.4483
Epoch 12/300
23:54:46 train - loss: 2.6335, acc: 0.3348
23:54:47 valid - loss: 2.4489, acc: 0.3973
Epoch 13/300
23:55:29 train - loss: 2.5662, acc: 0.3469
23:55:30 valid - loss: 2.0187, acc: 0.4783
Epoch 14/300
23:56:12 train - loss: 2.5201, acc: 0.3590
23:56:14 valid - loss: 2.2738, acc: 0.4305
Epoch 15/300
23:56:56 train - loss: 2.4778, acc: 0.3671
23:56:57 valid - loss: 1.7313, acc: 0.5289
Epoch 16/300
23:57:39 train - loss: 2.4286, acc: 0.3757
23:57:40 valid - loss: 1.9254, acc: 0.4943
Epoch 17/300
23:58:22 train - loss: 2.4017, acc: 0.3822
23:58:24 valid - loss: 1.8052, acc: 0.5116
Epoch 18/300
23:59:06 train - loss: 2.3707, acc: 0.3888
23:59:07 valid - loss: 1.7993, acc: 0.5334
Epoch 19/300
23:59:49 train - loss: 2.3512, acc: 0.3937
23:59:51 valid - loss: 1.9680, acc: 0.5050
Epoch 20/300
00:00:33 train - loss: 2.3326, acc: 0.3978
Save trainer to /content/drive/My Drive/models/CIFAR100-1/ckpt
00:00:46 valid - loss: 1.7273, acc: 0.5349
Epoch 21/300
00:01:28 train - loss: 2.3030, acc: 0.4053
00:01:29 valid - loss: 1.6213, acc: 0.5626
Epoch 22/300
00:02:11 train - loss: 2.2730, acc: 0.4118
00:02:12 valid - loss: 1.6675, acc: 0.5430
Epoch 23/300
00:02:54 train - loss: 2.2641, acc: 0.4134
00:02:56 valid - loss: 1.7528, acc: 0.5403
Epoch 24/300
00:03:38 train - loss: 2.2454, acc: 0.4180
00:03:39 valid - loss: 1.5706, acc: 0.5790
Epoch 25/300
00:04:21 train - loss: 2.2277, acc: 0.4234
00:04:22 valid - loss: 1.7770, acc: 0.5333
Epoch 26/300
00:05:04 train - loss: 2.2160, acc: 0.4269
00:05:06 valid - loss: 1.5279, acc: 0.5790
Epoch 27/300
00:05:48 train - loss: 2.2041, acc: 0.4273
00:05:49 valid - loss: 1.8259, acc: 0.5244
Epoch 28/300
00:06:31 train - loss: 2.1900, acc: 0.4294
00:06:33 valid - loss: 1.7093, acc: 0.5476
Epoch 29/300
00:07:15 train - loss: 2.1770, acc: 0.4333
00:07:16 valid - loss: 1.5324, acc: 0.5822
Epoch 30/300
00:07:58 train - loss: 2.1842, acc: 0.4317
Save trainer to /content/drive/My Drive/models/CIFAR100-1/ckpt
00:08:12 valid - loss: 1.5467, acc: 0.5798
Epoch 31/300
00:08:54 train - loss: 2.1646, acc: 0.4341
00:08:55 valid - loss: 1.7036, acc: 0.5588
Epoch 32/300
00:09:37 train - loss: 2.1494, acc: 0.4400
00:09:38 valid - loss: 1.6403, acc: 0.5730
Epoch 33/300
00:10:20 train - loss: 2.1541, acc: 0.4377
00:10:22 valid - loss: 1.5796, acc: 0.5811
Epoch 34/300
00:11:04 train - loss: 2.1502, acc: 0.4399
00:11:05 valid - loss: 1.5815, acc: 0.5805
Epoch 35/300
00:11:47 train - loss: 2.1416, acc: 0.4410
00:11:49 valid - loss: 1.6895, acc: 0.5588
Epoch 36/300
00:12:31 train - loss: 2.1292, acc: 0.4448
00:12:32 valid - loss: 1.6967, acc: 0.5690
Epoch 37/300
00:13:14 train - loss: 2.1204, acc: 0.4443
00:13:15 valid - loss: 1.4502, acc: 0.5949
Epoch 38/300
00:13:57 train - loss: 2.1116, acc: 0.4497
00:13:59 valid - loss: 1.6621, acc: 0.5612
Epoch 39/300
00:14:41 train - loss: 2.1065, acc: 0.4476
00:14:42 valid - loss: 1.4485, acc: 0.5983
Epoch 40/300
00:15:24 train - loss: 2.1042, acc: 0.4504
Save trainer to /content/drive/My Drive/models/CIFAR100-1/ckpt
00:15:37 valid - loss: 1.4815, acc: 0.5994
Epoch 41/300
00:16:19 train - loss: 2.1028, acc: 0.4488
00:16:20 valid - loss: 1.7424, acc: 0.5558
Epoch 42/300
00:17:03 train - loss: 2.0868, acc: 0.4517
00:17:04 valid - loss: 1.3975, acc: 0.6094
Epoch 43/300
00:17:46 train - loss: 2.0870, acc: 0.4560
00:17:47 valid - loss: 1.5819, acc: 0.5856
Epoch 44/300
00:18:29 train - loss: 2.0763, acc: 0.4572
00:18:31 valid - loss: 1.4221, acc: 0.6059
Epoch 45/300
00:19:13 train - loss: 2.0840, acc: 0.4531
00:19:14 valid - loss: 1.5623, acc: 0.5915
Epoch 46/300
00:19:56 train - loss: 2.0666, acc: 0.4590
00:19:57 valid - loss: 1.4950, acc: 0.5985
Epoch 47/300
00:20:39 train - loss: 2.0688, acc: 0.4562
00:20:41 valid - loss: 1.5372, acc: 0.5896
Epoch 48/300
00:21:23 train - loss: 2.0718, acc: 0.4567
00:21:24 valid - loss: 1.4634, acc: 0.5882
Epoch 49/300
00:22:06 train - loss: 2.0570, acc: 0.4607
00:22:08 valid - loss: 1.5473, acc: 0.5953
Epoch 50/300
00:22:50 train - loss: 2.0534, acc: 0.4597
Save trainer to /content/drive/My Drive/models/CIFAR100-1/ckpt
00:23:03 valid - loss: 1.4679, acc: 0.6088
Epoch 51/300
00:23:45 train - loss: 2.0520, acc: 0.4596
00:23:46 valid - loss: 1.5622, acc: 0.5902
Epoch 52/300
00:24:28 train - loss: 2.0572, acc: 0.4619
00:24:30 valid - loss: 1.4358, acc: 0.6140
Epoch 53/300
00:25:12 train - loss: 2.0442, acc: 0.4656
00:25:13 valid - loss: 1.4195, acc: 0.6185
Epoch 54/300
00:25:55 train - loss: 2.0396, acc: 0.4669
00:25:57 valid - loss: 1.5933, acc: 0.5798
Epoch 55/300
00:26:39 train - loss: 2.0235, acc: 0.4699
00:26:40 valid - loss: 1.4410, acc: 0.6111
Epoch 56/300
00:27:22 train - loss: 2.0278, acc: 0.4674
00:27:23 valid - loss: 1.5236, acc: 0.6009
Epoch 57/300
00:28:05 train - loss: 2.0233, acc: 0.4658
00:28:07 valid - loss: 1.4514, acc: 0.6158
Epoch 58/300
00:28:49 train - loss: 2.0283, acc: 0.4656
00:28:50 valid - loss: 1.4827, acc: 0.6068
Epoch 59/300
00:29:32 train - loss: 2.0086, acc: 0.4712
00:29:33 valid - loss: 1.5178, acc: 0.6067
Epoch 60/300
00:30:15 train - loss: 2.0183, acc: 0.4698
Save trainer to /content/drive/My Drive/models/CIFAR100-1/ckpt
00:30:29 valid - loss: 1.4924, acc: 0.6167
Epoch 61/300
00:31:11 train - loss: 2.0192, acc: 0.4714
00:31:12 valid - loss: 1.4134, acc: 0.6148
Epoch 62/300
00:31:54 train - loss: 2.0097, acc: 0.4711
00:31:56 valid - loss: 1.4609, acc: 0.6123
Epoch 63/300
00:32:38 train - loss: 2.0015, acc: 0.4719
00:32:39 valid - loss: 1.5449, acc: 0.6006
Epoch 64/300
00:33:21 train - loss: 2.0053, acc: 0.4731
00:33:22 valid - loss: 1.4010, acc: 0.6197
Epoch 65/300
00:34:04 train - loss: 2.0038, acc: 0.4739
00:34:06 valid - loss: 1.4221, acc: 0.6220
Epoch 66/300
00:34:48 train - loss: 1.9963, acc: 0.4751
00:34:49 valid - loss: 1.5558, acc: 0.6107
Epoch 67/300
00:35:31 train - loss: 1.9920, acc: 0.4778
00:35:33 valid - loss: 1.4907, acc: 0.6052
Epoch 68/300
00:36:15 train - loss: 1.9907, acc: 0.4785
00:36:16 valid - loss: 1.5678, acc: 0.5941
Epoch 69/300
00:36:58 train - loss: 1.9865, acc: 0.4779
00:37:00 valid - loss: 1.3569, acc: 0.6252
Epoch 70/300
00:37:42 train - loss: 1.9895, acc: 0.4762
Save trainer to /content/drive/My Drive/models/CIFAR100-1/ckpt
00:37:55 valid - loss: 1.6178, acc: 0.5905
Epoch 71/300
00:38:37 train - loss: 1.9676, acc: 0.4801
00:38:38 valid - loss: 1.4431, acc: 0.6189
Epoch 72/300
00:39:20 train - loss: 1.9712, acc: 0.4788
00:39:22 valid - loss: 1.6834, acc: 0.5778
Epoch 73/300
00:40:04 train - loss: 1.9690, acc: 0.4810
00:40:05 valid - loss: 1.3438, acc: 0.6303
Epoch 74/300
00:40:47 train - loss: 1.9739, acc: 0.4798
00:40:48 valid - loss: 1.5159, acc: 0.5941
Epoch 75/300
00:41:30 train - loss: 1.9723, acc: 0.4819
00:41:32 valid - loss: 1.3766, acc: 0.6295
Epoch 76/300
00:42:14 train - loss: 1.9586, acc: 0.4824
00:42:15 valid - loss: 1.4030, acc: 0.6287
Epoch 77/300
00:42:57 train - loss: 1.9594, acc: 0.4872
00:42:59 valid - loss: 1.4176, acc: 0.6238
Epoch 78/300
00:43:41 train - loss: 1.9607, acc: 0.4818
00:43:42 valid - loss: 1.5856, acc: 0.5829
Epoch 79/300
00:44:24 train - loss: 1.9411, acc: 0.4898
00:44:25 valid - loss: 1.3587, acc: 0.6256
Epoch 80/300
00:45:07 train - loss: 1.9461, acc: 0.4840
Save trainer to /content/drive/My Drive/models/CIFAR100-1/ckpt
00:45:20 valid - loss: 1.2541, acc: 0.6490
Epoch 81/300
00:46:02 train - loss: 1.9397, acc: 0.4856
00:46:03 valid - loss: 1.5166, acc: 0.6098
Epoch 82/300
00:46:46 train - loss: 1.9344, acc: 0.4906
00:46:47 valid - loss: 1.4725, acc: 0.6107
Epoch 83/300
00:47:29 train - loss: 1.9338, acc: 0.4906
00:47:30 valid - loss: 1.3215, acc: 0.6405
Epoch 84/300
00:48:12 train - loss: 1.9275, acc: 0.4895
00:48:14 valid - loss: 1.2557, acc: 0.6501
Epoch 85/300
00:48:56 train - loss: 1.9295, acc: 0.4906
00:48:57 valid - loss: 1.3639, acc: 0.6372
Epoch 86/300
00:49:39 train - loss: 1.9370, acc: 0.4861
00:49:40 valid - loss: 1.2544, acc: 0.6454
Epoch 87/300
00:50:22 train - loss: 1.9123, acc: 0.4925
00:50:24 valid - loss: 1.2542, acc: 0.6508
Epoch 88/300
00:51:06 train - loss: 1.9214, acc: 0.4904
00:51:07 valid - loss: 1.3327, acc: 0.6324
Epoch 89/300
00:51:49 train - loss: 1.9295, acc: 0.4901
00:51:51 valid - loss: 1.4330, acc: 0.6215
Epoch 90/300
00:52:33 train - loss: 1.9129, acc: 0.4930
Save trainer to /content/drive/My Drive/models/CIFAR100-1/ckpt
00:52:46 valid - loss: 1.2440, acc: 0.6494
Epoch 91/300
00:53:28 train - loss: 1.9092, acc: 0.4953
00:53:29 valid - loss: 1.4167, acc: 0.6328
Epoch 92/300
00:54:11 train - loss: 1.8995, acc: 0.4949
00:54:13 valid - loss: 1.3560, acc: 0.6340
Epoch 93/300
00:54:55 train - loss: 1.9121, acc: 0.4920
00:54:56 valid - loss: 1.3097, acc: 0.6350
Epoch 94/300
00:55:38 train - loss: 1.8985, acc: 0.4985
00:55:39 valid - loss: 1.3580, acc: 0.6391
Epoch 95/300
00:56:21 train - loss: 1.9069, acc: 0.4972
00:56:23 valid - loss: 1.2861, acc: 0.6362
Epoch 96/300
00:57:05 train - loss: 1.8864, acc: 0.4994
00:57:06 valid - loss: 1.2606, acc: 0.6528
Epoch 97/300
00:57:48 train - loss: 1.8897, acc: 0.5008
00:57:49 valid - loss: 1.3532, acc: 0.6335
Epoch 98/300
00:58:31 train - loss: 1.8902, acc: 0.4983
00:58:33 valid - loss: 1.2947, acc: 0.6434
Epoch 99/300
00:59:15 train - loss: 1.8790, acc: 0.5025
00:59:16 valid - loss: 1.3879, acc: 0.6361
Epoch 100/300
00:59:58 train - loss: 1.8744, acc: 0.5050
Save trainer to /content/drive/My Drive/models/CIFAR100-1/ckpt
01:00:11 valid - loss: 1.4788, acc: 0.6096
Epoch 101/300
01:00:53 train - loss: 1.8814, acc: 0.5001
01:00:55 valid - loss: 1.2672, acc: 0.6542
Epoch 102/300
01:01:37 train - loss: 1.8692, acc: 0.5034
01:01:38 valid - loss: 1.1717, acc: 0.6644
Epoch 103/300
01:02:20 train - loss: 1.8717, acc: 0.5018
01:02:21 valid - loss: 1.3099, acc: 0.6503
Epoch 104/300
01:03:03 train - loss: 1.8662, acc: 0.5039
01:03:05 valid - loss: 1.3300, acc: 0.6468
Epoch 105/300
01:03:47 train - loss: 1.8565, acc: 0.5096
01:03:48 valid - loss: 1.3834, acc: 0.6373
Epoch 106/300
01:04:30 train - loss: 1.8622, acc: 0.5049
01:04:31 valid - loss: 1.3076, acc: 0.6459
Epoch 107/300
01:05:13 train - loss: 1.8588, acc: 0.5088
01:05:15 valid - loss: 1.5169, acc: 0.6276
Epoch 108/300
01:05:57 train - loss: 1.8591, acc: 0.5065
01:05:58 valid - loss: 1.3362, acc: 0.6390
Epoch 109/300
01:06:40 train - loss: 1.8516, acc: 0.5094
01:06:42 valid - loss: 1.6183, acc: 0.5872
Epoch 110/300
01:07:24 train - loss: 1.8325, acc: 0.5136
Save trainer to /content/drive/My Drive/models/CIFAR100-1/ckpt
01:07:37 valid - loss: 1.1748, acc: 0.6788
Epoch 111/300
01:08:19 train - loss: 1.8409, acc: 0.5107
01:08:20 valid - loss: 1.2309, acc: 0.6593
Epoch 112/300
01:09:02 train - loss: 1.8337, acc: 0.5118
01:09:04 valid - loss: 1.3043, acc: 0.6482
Epoch 113/300
01:09:46 train - loss: 1.8228, acc: 0.5167
01:09:47 valid - loss: 1.2385, acc: 0.6689
Epoch 114/300
01:10:29 train - loss: 1.8254, acc: 0.5136
01:10:31 valid - loss: 1.1812, acc: 0.6786
Epoch 115/300
01:11:13 train - loss: 1.8246, acc: 0.5121
01:11:14 valid - loss: 1.1181, acc: 0.6767
Epoch 116/300
01:11:56 train - loss: 1.8180, acc: 0.5163
01:11:57 valid - loss: 1.3958, acc: 0.6288
Epoch 117/300
01:12:39 train - loss: 1.8143, acc: 0.5157
01:12:41 valid - loss: 1.2215, acc: 0.6692
Epoch 118/300
01:13:23 train - loss: 1.8002, acc: 0.5203
01:13:24 valid - loss: 1.3052, acc: 0.6482
Epoch 119/300
01:14:06 train - loss: 1.8068, acc: 0.5203
01:14:07 valid - loss: 1.1305, acc: 0.6773
Epoch 120/300
01:14:50 train - loss: 1.7992, acc: 0.5196
Save trainer to /content/drive/My Drive/models/CIFAR100-1/ckpt
01:15:03 valid - loss: 1.1929, acc: 0.6712
Epoch 121/300
01:15:45 train - loss: 1.7997, acc: 0.5182
01:15:46 valid - loss: 1.1565, acc: 0.6809
Epoch 122/300
01:16:28 train - loss: 1.7915, acc: 0.5216
01:16:29 valid - loss: 1.3459, acc: 0.6470
Epoch 123/300
01:17:11 train - loss: 1.7807, acc: 0.5265
01:17:13 valid - loss: 1.0755, acc: 0.6944
Epoch 124/300
01:17:55 train - loss: 1.7827, acc: 0.5264
01:17:56 valid - loss: 1.2165, acc: 0.6738
Epoch 125/300
01:18:38 train - loss: 1.7826, acc: 0.5253
01:18:39 valid - loss: 1.1561, acc: 0.6817
Epoch 126/300
01:19:21 train - loss: 1.7758, acc: 0.5264
01:19:23 valid - loss: 1.1664, acc: 0.6759
Epoch 127/300
01:20:05 train - loss: 1.7779, acc: 0.5262
01:20:06 valid - loss: 1.0993, acc: 0.6841
Epoch 128/300
01:20:48 train - loss: 1.7672, acc: 0.5285
01:20:49 valid - loss: 1.2795, acc: 0.6573
Epoch 129/300
01:21:32 train - loss: 1.7539, acc: 0.5328
01:21:33 valid - loss: 1.1190, acc: 0.6928
Epoch 130/300
01:22:15 train - loss: 1.7719, acc: 0.5269
Save trainer to /content/drive/My Drive/models/CIFAR100-1/ckpt
01:22:29 valid - loss: 1.1308, acc: 0.6849
Epoch 131/300
01:23:10 train - loss: 1.7542, acc: 0.5319
01:23:12 valid - loss: 1.2783, acc: 0.6522
Epoch 132/300
01:23:54 train - loss: 1.7529, acc: 0.5301
01:23:55 valid - loss: 1.1039, acc: 0.6850
Epoch 133/300
01:24:37 train - loss: 1.7487, acc: 0.5311
01:24:39 valid - loss: 1.1416, acc: 0.6829
Epoch 134/300
01:25:21 train - loss: 1.7379, acc: 0.5329
01:25:22 valid - loss: 1.2075, acc: 0.6701
Epoch 135/300
01:26:04 train - loss: 1.7351, acc: 0.5365
01:26:05 valid - loss: 1.1287, acc: 0.6887
Epoch 136/300
01:26:47 train - loss: 1.7291, acc: 0.5359
01:26:49 valid - loss: 1.1731, acc: 0.6791
Epoch 137/300
01:27:31 train - loss: 1.7293, acc: 0.5370
01:27:32 valid - loss: 1.1439, acc: 0.6925
Epoch 138/300
01:28:14 train - loss: 1.7338, acc: 0.5358
01:28:15 valid - loss: 1.1914, acc: 0.6787
Epoch 139/300
01:28:57 train - loss: 1.7151, acc: 0.5397
01:28:59 valid - loss: 1.0983, acc: 0.6962
Epoch 140/300
01:29:41 train - loss: 1.7037, acc: 0.5440
Save trainer to /content/drive/My Drive/models/CIFAR100-1/ckpt
01:29:54 valid - loss: 1.1271, acc: 0.6844
Epoch 141/300
01:30:36 train - loss: 1.7086, acc: 0.5396
01:30:37 valid - loss: 1.1713, acc: 0.6862
Epoch 142/300
01:31:19 train - loss: 1.6932, acc: 0.5423
01:31:20 valid - loss: 1.1552, acc: 0.6863
Epoch 143/300
01:32:02 train - loss: 1.6900, acc: 0.5457
01:32:04 valid - loss: 1.1661, acc: 0.6883
Epoch 144/300
01:32:46 train - loss: 1.6988, acc: 0.5430
01:32:47 valid - loss: 1.1649, acc: 0.6758
Epoch 145/300
01:33:29 train - loss: 1.6947, acc: 0.5448
01:33:30 valid - loss: 1.1615, acc: 0.6813
Epoch 146/300
01:34:12 train - loss: 1.6757, acc: 0.5502
01:34:14 valid - loss: 1.1425, acc: 0.6841
Epoch 147/300
01:34:56 train - loss: 1.6866, acc: 0.5481
01:34:57 valid - loss: 1.1328, acc: 0.6865
Epoch 148/300
01:35:39 train - loss: 1.6738, acc: 0.5483
01:35:40 valid - loss: 1.1465, acc: 0.6935
Epoch 149/300
01:36:22 train - loss: 1.6659, acc: 0.5505
01:36:24 valid - loss: 1.1112, acc: 0.6963
Epoch 150/300
01:37:06 train - loss: 1.6589, acc: 0.5521
Save trainer to /content/drive/My Drive/models/CIFAR100-1/ckpt
01:37:19 valid - loss: 1.0788, acc: 0.6967
Epoch 151/300
01:38:01 train - loss: 1.6654, acc: 0.5533
01:38:02 valid - loss: 1.1418, acc: 0.6971
Epoch 152/300
01:38:44 train - loss: 1.6617, acc: 0.5517
01:38:46 valid - loss: 1.0088, acc: 0.7116
Epoch 153/300
01:39:28 train - loss: 1.6626, acc: 0.5544
01:39:29 valid - loss: 1.0258, acc: 0.7120
Epoch 154/300
01:40:11 train - loss: 1.6228, acc: 0.5639
01:40:12 valid - loss: 1.1310, acc: 0.6918
Epoch 155/300
01:40:54 train - loss: 1.6377, acc: 0.5602
01:40:56 valid - loss: 0.9736, acc: 0.7233
Epoch 156/300
01:41:38 train - loss: 1.6289, acc: 0.5632
01:41:39 valid - loss: 1.0172, acc: 0.7174
Epoch 157/300
01:42:21 train - loss: 1.6238, acc: 0.5627
01:42:22 valid - loss: 1.0230, acc: 0.7089
Epoch 158/300
01:43:04 train - loss: 1.6231, acc: 0.5646
01:43:06 valid - loss: 1.0828, acc: 0.6956
Epoch 159/300
01:43:48 train - loss: 1.6165, acc: 0.5653
01:43:49 valid - loss: 1.0422, acc: 0.7057
Epoch 160/300
01:44:31 train - loss: 1.6065, acc: 0.5661
Save trainer to /content/drive/My Drive/models/CIFAR100-1/ckpt
01:44:43 valid - loss: 1.0658, acc: 0.7076
Epoch 161/300
01:45:25 train - loss: 1.6053, acc: 0.5645
01:45:27 valid - loss: 1.0442, acc: 0.7071
Epoch 162/300
01:46:08 train - loss: 1.5938, acc: 0.5686
01:46:10 valid - loss: 1.0115, acc: 0.7173
Epoch 163/300
01:46:52 train - loss: 1.5958, acc: 0.5684
01:46:53 valid - loss: 0.9955, acc: 0.7176
Epoch 164/300
01:47:35 train - loss: 1.5959, acc: 0.5703
01:47:37 valid - loss: 1.0708, acc: 0.7036
Epoch 165/300
01:48:19 train - loss: 1.5907, acc: 0.5716
01:48:20 valid - loss: 0.9879, acc: 0.7248
Epoch 166/300
01:49:02 train - loss: 1.5712, acc: 0.5748
01:49:03 valid - loss: 1.0905, acc: 0.7083
Epoch 167/300
01:49:45 train - loss: 1.5747, acc: 0.5747
01:49:47 valid - loss: 1.0135, acc: 0.7145
Epoch 168/300
01:50:29 train - loss: 1.5728, acc: 0.5742
01:50:30 valid - loss: 1.0191, acc: 0.7134
Epoch 169/300
01:51:12 train - loss: 1.5493, acc: 0.5821
01:51:13 valid - loss: 1.0471, acc: 0.7132
Epoch 170/300
01:51:55 train - loss: 1.5490, acc: 0.5815
Save trainer to /content/drive/My Drive/models/CIFAR100-1/ckpt
01:52:11 valid - loss: 0.9483, acc: 0.7335
Epoch 171/300
01:52:53 train - loss: 1.5534, acc: 0.5800
01:52:54 valid - loss: 1.0138, acc: 0.7178
Epoch 172/300
01:53:36 train - loss: 1.5442, acc: 0.5807
01:53:37 valid - loss: 0.9676, acc: 0.7277
Epoch 173/300
01:54:19 train - loss: 1.5412, acc: 0.5835
01:54:21 valid - loss: 1.0331, acc: 0.7111
Epoch 174/300
01:55:03 train - loss: 1.5315, acc: 0.5847
01:55:04 valid - loss: 1.0062, acc: 0.7211
Epoch 175/300
01:55:46 train - loss: 1.5195, acc: 0.5872
01:55:47 valid - loss: 1.0178, acc: 0.7218
Epoch 176/300
01:56:29 train - loss: 1.5199, acc: 0.5864
01:56:31 valid - loss: 0.9122, acc: 0.7433
Epoch 177/300
01:57:13 train - loss: 1.5129, acc: 0.5893
01:57:14 valid - loss: 1.0644, acc: 0.7095
Epoch 178/300
01:57:56 train - loss: 1.5176, acc: 0.5910
01:57:57 valid - loss: 1.0023, acc: 0.7227
Epoch 179/300
01:58:39 train - loss: 1.4930, acc: 0.5953
01:58:41 valid - loss: 1.0658, acc: 0.7109
Epoch 180/300
01:59:23 train - loss: 1.4917, acc: 0.5941
Save trainer to /content/drive/My Drive/models/CIFAR100-1/ckpt
01:59:36 valid - loss: 1.0014, acc: 0.7237
Epoch 181/300
02:00:18 train - loss: 1.4921, acc: 0.5904
02:00:19 valid - loss: 0.9461, acc: 0.7353
Epoch 182/300
02:01:01 train - loss: 1.4918, acc: 0.5946
02:01:02 valid - loss: 0.9381, acc: 0.7409
Epoch 183/300
02:01:44 train - loss: 1.4900, acc: 0.5954
02:01:46 valid - loss: 0.9280, acc: 0.7426
Epoch 184/300
02:02:28 train - loss: 1.4674, acc: 0.6024
02:02:29 valid - loss: 0.9340, acc: 0.7487
Epoch 185/300
02:03:11 train - loss: 1.4684, acc: 0.5995
02:03:12 valid - loss: 0.9339, acc: 0.7402
Epoch 186/300
02:03:54 train - loss: 1.4528, acc: 0.6046
02:03:56 valid - loss: 0.9183, acc: 0.7461
Epoch 187/300
02:04:38 train - loss: 1.4460, acc: 0.6026
02:04:39 valid - loss: 0.9296, acc: 0.7450
Epoch 188/300
02:05:21 train - loss: 1.4466, acc: 0.6037
02:05:22 valid - loss: 0.8675, acc: 0.7560
Epoch 189/300
02:06:04 train - loss: 1.4380, acc: 0.6077
02:06:06 valid - loss: 0.8879, acc: 0.7491
Epoch 190/300
02:06:48 train - loss: 1.4281, acc: 0.6088
Save trainer to /content/drive/My Drive/models/CIFAR100-1/ckpt
02:07:00 valid - loss: 0.8697, acc: 0.7588
Epoch 191/300
02:07:42 train - loss: 1.4204, acc: 0.6115
02:07:44 valid - loss: 0.9052, acc: 0.7498
Epoch 192/300
02:08:26 train - loss: 1.4136, acc: 0.6137
02:08:27 valid - loss: 0.9295, acc: 0.7462
Epoch 193/300
02:09:09 train - loss: 1.4067, acc: 0.6148
02:09:11 valid - loss: 0.8495, acc: 0.7599
Epoch 194/300
02:09:53 train - loss: 1.4107, acc: 0.6144
02:09:54 valid - loss: 0.8438, acc: 0.7595
Epoch 195/300
02:10:36 train - loss: 1.4034, acc: 0.6141
02:10:37 valid - loss: 0.8785, acc: 0.7561
Epoch 196/300
02:11:19 train - loss: 1.3815, acc: 0.6231
02:11:21 valid - loss: 0.9555, acc: 0.7338
Epoch 197/300
02:12:02 train - loss: 1.3915, acc: 0.6186
02:12:04 valid - loss: 0.8145, acc: 0.7654
Epoch 198/300
02:12:46 train - loss: 1.3630, acc: 0.6238
02:12:47 valid - loss: 0.8671, acc: 0.7588
Epoch 199/300
02:13:29 train - loss: 1.3727, acc: 0.6230
02:13:31 valid - loss: 0.8231, acc: 0.7681
Epoch 200/300
02:14:13 train - loss: 1.3544, acc: 0.6283
Save trainer to /content/drive/My Drive/models/CIFAR100-1/ckpt
02:14:26 valid - loss: 0.8109, acc: 0.7680
Epoch 201/300
02:15:08 train - loss: 1.3471, acc: 0.6284
02:15:09 valid - loss: 0.8148, acc: 0.7737
Epoch 202/300
02:15:51 train - loss: 1.3437, acc: 0.6316
02:15:53 valid - loss: 0.9092, acc: 0.7461
Epoch 203/300
02:16:35 train - loss: 1.3376, acc: 0.6336
02:16:36 valid - loss: 0.8639, acc: 0.7616
Epoch 204/300
02:17:18 train - loss: 1.3353, acc: 0.6327
02:17:19 valid - loss: 0.8368, acc: 0.7706
Epoch 205/300
02:18:01 train - loss: 1.3226, acc: 0.6343
02:18:03 valid - loss: 0.8376, acc: 0.7677
Epoch 206/300
02:18:45 train - loss: 1.3092, acc: 0.6389
02:18:46 valid - loss: 0.9262, acc: 0.7557
Epoch 207/300
02:19:28 train - loss: 1.3134, acc: 0.6385
02:19:29 valid - loss: 0.7920, acc: 0.7813
Epoch 208/300
02:20:11 train - loss: 1.3020, acc: 0.6425
02:20:13 valid - loss: 0.8053, acc: 0.7769
Epoch 209/300
02:20:55 train - loss: 1.2975, acc: 0.6410
02:20:56 valid - loss: 0.7667, acc: 0.7840
Epoch 210/300
02:21:38 train - loss: 1.2890, acc: 0.6452
Save trainer to /content/drive/My Drive/models/CIFAR100-1/ckpt
02:21:51 valid - loss: 0.8341, acc: 0.7679
Epoch 211/300
02:22:33 train - loss: 1.2887, acc: 0.6434
02:22:34 valid - loss: 0.7766, acc: 0.7774
Epoch 212/300
02:23:17 train - loss: 1.2587, acc: 0.6524
02:23:18 valid - loss: 0.8426, acc: 0.7703
Epoch 213/300
02:24:00 train - loss: 1.2602, acc: 0.6536
02:24:01 valid - loss: 0.7970, acc: 0.7798
Epoch 214/300
02:24:43 train - loss: 1.2558, acc: 0.6521
02:24:45 valid - loss: 0.7909, acc: 0.7807
Epoch 215/300
02:25:26 train - loss: 1.2459, acc: 0.6567
02:25:28 valid - loss: 0.7797, acc: 0.7799
Epoch 216/300
02:26:10 train - loss: 1.2428, acc: 0.6565
02:26:11 valid - loss: 0.7771, acc: 0.7853
Epoch 217/300
02:26:53 train - loss: 1.2303, acc: 0.6598
02:26:55 valid - loss: 0.8128, acc: 0.7822
Epoch 218/300
02:27:37 train - loss: 1.2109, acc: 0.6652
02:27:38 valid - loss: 0.7692, acc: 0.7896
Epoch 219/300
02:28:20 train - loss: 1.2096, acc: 0.6630
02:28:21 valid - loss: 0.7469, acc: 0.7877
Epoch 220/300
02:29:03 train - loss: 1.2112, acc: 0.6637
Save trainer to /content/drive/My Drive/models/CIFAR100-1/ckpt
02:29:17 valid - loss: 0.7360, acc: 0.7963
Epoch 221/300
02:29:59 train - loss: 1.1999, acc: 0.6671
02:30:00 valid - loss: 0.7558, acc: 0.7908
Epoch 222/300
02:30:42 train - loss: 1.1906, acc: 0.6694
02:30:43 valid - loss: 0.7728, acc: 0.7876
Epoch 223/300
02:31:25 train - loss: 1.1716, acc: 0.6722
02:31:27 valid - loss: 0.6930, acc: 0.8048
Epoch 224/300
02:32:09 train - loss: 1.1611, acc: 0.6757
02:32:10 valid - loss: 0.7822, acc: 0.7865
Epoch 225/300
02:32:52 train - loss: 1.1666, acc: 0.6771
02:32:53 valid - loss: 0.7564, acc: 0.7903
Epoch 226/300
02:33:35 train - loss: 1.1554, acc: 0.6795
02:33:37 valid - loss: 0.7178, acc: 0.8022
Epoch 227/300
02:34:18 train - loss: 1.1398, acc: 0.6819
02:34:20 valid - loss: 0.7283, acc: 0.8014
Epoch 228/300
02:35:02 train - loss: 1.1386, acc: 0.6830
02:35:03 valid - loss: 0.6994, acc: 0.8040
Epoch 229/300
02:35:45 train - loss: 1.1293, acc: 0.6854
02:35:47 valid - loss: 0.6915, acc: 0.8074
Epoch 230/300
02:36:28 train - loss: 1.1066, acc: 0.6898
Save trainer to /content/drive/My Drive/models/CIFAR100-1/ckpt
02:36:41 valid - loss: 0.7086, acc: 0.8067
Epoch 231/300
02:37:23 train - loss: 1.1174, acc: 0.6874
02:37:25 valid - loss: 0.7169, acc: 0.8033
Epoch 232/300
02:38:07 train - loss: 1.0955, acc: 0.6930
02:38:08 valid - loss: 0.6627, acc: 0.8151
Epoch 233/300
02:38:50 train - loss: 1.0990, acc: 0.6948
02:38:51 valid - loss: 0.6978, acc: 0.8044
Epoch 234/300
02:39:33 train - loss: 1.0781, acc: 0.6986
02:39:35 valid - loss: 0.6709, acc: 0.8124
Epoch 235/300
02:40:17 train - loss: 1.0718, acc: 0.7002
02:40:18 valid - loss: 0.6627, acc: 0.8132
Epoch 236/300
02:41:00 train - loss: 1.0546, acc: 0.7027
02:41:01 valid - loss: 0.6695, acc: 0.8163
Epoch 237/300
02:41:43 train - loss: 1.0473, acc: 0.7072
02:41:44 valid - loss: 0.6804, acc: 0.8151
Epoch 238/300
02:42:26 train - loss: 1.0480, acc: 0.7067
02:42:28 valid - loss: 0.6936, acc: 0.8078
Epoch 239/300
02:43:10 train - loss: 1.0307, acc: 0.7110
02:43:11 valid - loss: 0.6506, acc: 0.8188
Epoch 240/300
02:43:53 train - loss: 1.0275, acc: 0.7122
Save trainer to /content/drive/My Drive/models/CIFAR100-1/ckpt
02:44:06 valid - loss: 0.6643, acc: 0.8142
Epoch 241/300
02:44:48 train - loss: 1.0124, acc: 0.7146
02:44:50 valid - loss: 0.6694, acc: 0.8164
Epoch 242/300
02:45:32 train - loss: 0.9999, acc: 0.7207
02:45:33 valid - loss: 0.6139, acc: 0.8201
Epoch 243/300
02:46:15 train - loss: 1.0000, acc: 0.7185
02:46:16 valid - loss: 0.6328, acc: 0.8272
Epoch 244/300
02:46:58 train - loss: 0.9830, acc: 0.7230
02:47:00 valid - loss: 0.6354, acc: 0.8278
Epoch 245/300
02:47:42 train - loss: 0.9767, acc: 0.7243
02:47:43 valid - loss: 0.6420, acc: 0.8198
Epoch 246/300
02:48:25 train - loss: 0.9524, acc: 0.7307
02:48:26 valid - loss: 0.6185, acc: 0.8270
Epoch 247/300
02:49:08 train - loss: 0.9476, acc: 0.7333
02:49:10 valid - loss: 0.6049, acc: 0.8276
Epoch 248/300
02:49:51 train - loss: 0.9413, acc: 0.7375
02:49:53 valid - loss: 0.6139, acc: 0.8295
Epoch 249/300
02:50:35 train - loss: 0.9268, acc: 0.7397
02:50:36 valid - loss: 0.5880, acc: 0.8360
Epoch 250/300
02:51:18 train - loss: 0.9309, acc: 0.7350
Save trainer to /content/drive/My Drive/models/CIFAR100-1/ckpt
02:51:31 valid - loss: 0.6004, acc: 0.8343
Epoch 251/300
02:52:13 train - loss: 0.9197, acc: 0.7411
02:52:14 valid - loss: 0.5913, acc: 0.8333
Epoch 252/300
02:52:56 train - loss: 0.9089, acc: 0.7449
02:52:58 valid - loss: 0.5975, acc: 0.8361
Epoch 253/300
02:53:40 train - loss: 0.8951, acc: 0.7487
02:53:41 valid - loss: 0.5948, acc: 0.8376
Epoch 254/300
02:54:23 train - loss: 0.8726, acc: 0.7533
02:54:24 valid - loss: 0.5822, acc: 0.8366
Epoch 255/300
02:55:06 train - loss: 0.8726, acc: 0.7529
02:55:08 valid - loss: 0.5749, acc: 0.8424
Epoch 256/300
02:55:50 train - loss: 0.8585, acc: 0.7570
02:55:51 valid - loss: 0.5598, acc: 0.8405
Epoch 257/300
02:56:33 train - loss: 0.8473, acc: 0.7595
02:56:34 valid - loss: 0.5758, acc: 0.8419
Epoch 258/300
02:57:16 train - loss: 0.8385, acc: 0.7619
02:57:17 valid - loss: 0.5777, acc: 0.8450
Epoch 259/300
02:57:59 train - loss: 0.8198, acc: 0.7679
02:58:01 valid - loss: 0.5736, acc: 0.8445
Epoch 260/300
02:58:43 train - loss: 0.8057, acc: 0.7721
Save trainer to /content/drive/My Drive/models/CIFAR100-1/ckpt
02:58:56 valid - loss: 0.5653, acc: 0.8425
Epoch 261/300
02:59:38 train - loss: 0.8051, acc: 0.7712
02:59:39 valid - loss: 0.5525, acc: 0.8484
Epoch 262/300
03:00:21 train - loss: 0.7816, acc: 0.7782
03:00:22 valid - loss: 0.5562, acc: 0.8456
Epoch 263/300
03:01:04 train - loss: 0.7843, acc: 0.7772
03:01:06 valid - loss: 0.5470, acc: 0.8514
Epoch 264/300
03:01:48 train - loss: 0.7776, acc: 0.7795
03:01:49 valid - loss: 0.5348, acc: 0.8510
Epoch 265/300
03:02:31 train - loss: 0.7551, acc: 0.7859
03:02:32 valid - loss: 0.5404, acc: 0.8509
Epoch 266/300
03:03:14 train - loss: 0.7453, acc: 0.7880
03:03:16 valid - loss: 0.5348, acc: 0.8531
Epoch 267/300
03:03:57 train - loss: 0.7414, acc: 0.7899
03:03:59 valid - loss: 0.5188, acc: 0.8577
Epoch 268/300
03:04:41 train - loss: 0.7353, acc: 0.7905
03:04:42 valid - loss: 0.5270, acc: 0.8546
Epoch 269/300
03:05:24 train - loss: 0.7217, acc: 0.7961
03:05:25 valid - loss: 0.5230, acc: 0.8562
Epoch 270/300
03:06:07 train - loss: 0.7073, acc: 0.7973
Save trainer to /content/drive/My Drive/models/CIFAR100-1/ckpt
03:06:20 valid - loss: 0.5151, acc: 0.8606
Epoch 271/300
03:07:02 train - loss: 0.6935, acc: 0.8027
03:07:04 valid - loss: 0.5151, acc: 0.8593
Epoch 272/300
03:07:45 train - loss: 0.6952, acc: 0.8007
03:07:47 valid - loss: 0.5090, acc: 0.8597
Epoch 273/300
03:08:29 train - loss: 0.6760, acc: 0.8078
03:08:30 valid - loss: 0.5112, acc: 0.8598
Epoch 274/300
03:09:12 train - loss: 0.6777, acc: 0.8090
03:09:13 valid - loss: 0.4994, acc: 0.8602
Epoch 275/300
03:09:55 train - loss: 0.6556, acc: 0.8147
03:09:57 valid - loss: 0.5183, acc: 0.8611
Epoch 276/300
03:10:39 train - loss: 0.6382, acc: 0.8171
03:10:40 valid - loss: 0.5029, acc: 0.8619
Epoch 277/300
03:11:22 train - loss: 0.6343, acc: 0.8186
03:11:23 valid - loss: 0.4896, acc: 0.8632
Epoch 278/300
03:12:05 train - loss: 0.6347, acc: 0.8183
03:12:07 valid - loss: 0.4989, acc: 0.8631
Epoch 279/300
03:12:49 train - loss: 0.6189, acc: 0.8223
03:12:50 valid - loss: 0.4869, acc: 0.8622
Epoch 280/300
03:13:32 train - loss: 0.6112, acc: 0.8265
Save trainer to /content/drive/My Drive/models/CIFAR100-1/ckpt
03:13:45 valid - loss: 0.4892, acc: 0.8656
Epoch 281/300
03:14:27 train - loss: 0.6085, acc: 0.8258
03:14:28 valid - loss: 0.4888, acc: 0.8670
Epoch 282/300
03:15:10 train - loss: 0.6034, acc: 0.8272
03:15:12 valid - loss: 0.4826, acc: 0.8679
Epoch 283/300
03:15:54 train - loss: 0.5975, acc: 0.8309
03:15:55 valid - loss: 0.4854, acc: 0.8673
Epoch 284/300
03:16:37 train - loss: 0.5885, acc: 0.8335
03:16:38 valid - loss: 0.4788, acc: 0.8697
Epoch 285/300
03:17:20 train - loss: 0.5791, acc: 0.8369
03:17:22 valid - loss: 0.4727, acc: 0.8711
Epoch 286/300
03:18:03 train - loss: 0.5758, acc: 0.8344
03:18:05 valid - loss: 0.4746, acc: 0.8727
Epoch 287/300
03:18:47 train - loss: 0.5741, acc: 0.8360
03:18:48 valid - loss: 0.4736, acc: 0.8716
Epoch 288/300
03:19:30 train - loss: 0.5693, acc: 0.8374
03:19:31 valid - loss: 0.4679, acc: 0.8727
Epoch 289/300
03:20:13 train - loss: 0.5580, acc: 0.8429
03:20:15 valid - loss: 0.4708, acc: 0.8709
Epoch 290/300
03:20:57 train - loss: 0.5600, acc: 0.8412
Save trainer to /content/drive/My Drive/models/CIFAR100-1/ckpt
03:21:10 valid - loss: 0.4651, acc: 0.8725
Epoch 291/300
03:21:52 train - loss: 0.5532, acc: 0.8424
03:21:53 valid - loss: 0.4697, acc: 0.8723
Epoch 292/300
03:22:35 train - loss: 0.5557, acc: 0.8422
03:22:36 valid - loss: 0.4669, acc: 0.8724
Epoch 293/300
03:23:18 train - loss: 0.5499, acc: 0.8452
03:23:20 valid - loss: 0.4652, acc: 0.8735
Epoch 294/300
03:24:02 train - loss: 0.5550, acc: 0.8435
03:24:03 valid - loss: 0.4671, acc: 0.8739
Epoch 295/300
03:24:45 train - loss: 0.5495, acc: 0.8454
03:24:46 valid - loss: 0.4629, acc: 0.8733
Epoch 296/300
03:25:28 train - loss: 0.5416, acc: 0.8458
03:25:30 valid - loss: 0.4633, acc: 0.8719
Epoch 297/300
03:26:12 train - loss: 0.5390, acc: 0.8458
03:26:13 valid - loss: 0.4626, acc: 0.8741
Epoch 298/300
03:26:55 train - loss: 0.5426, acc: 0.8462
03:26:56 valid - loss: 0.4628, acc: 0.8727
Epoch 299/300
03:27:38 train - loss: 0.5494, acc: 0.8447
03:27:39 valid - loss: 0.4631, acc: 0.8742
Epoch 300/300
03:28:21 train - loss: 0.5371, acc: 0.8477
Save trainer to /content/drive/My Drive/models/CIFAR100-1/ckpt
03:28:35 valid - loss: 0.4655, acc: 0.8737