20:56:20 Start training
Epoch 1/300
WARNING:tensorflow:From /usr/local/lib/python3.6/dist-packages/tensorflow/python/data/ops/multi_device_iterator_ops.py:601: get_next_as_optional (from tensorflow.python.data.ops.iterator_ops) is deprecated and will be removed in a future version.
Instructions for updating:
Use `tf.data.Iterator.get_next_as_optional()` instead.
WARNING:tensorflow:From /usr/local/lib/python3.6/dist-packages/tensorflow/python/data/ops/multi_device_iterator_ops.py:601: get_next_as_optional (from tensorflow.python.data.ops.iterator_ops) is deprecated and will be removed in a future version.
Instructions for updating:
Use `tf.data.Iterator.get_next_as_optional()` instead.
21:08:31 train - loss: 4.6356, acc: 0.0145
21:10:30 valid - loss: 4.5391, acc: 0.0230
Epoch 2/300
21:11:12 train - loss: 4.5208, acc: 0.0237
21:11:13 valid - loss: 4.2156, acc: 0.0494
Epoch 3/300
21:11:55 train - loss: 4.3331, acc: 0.0410
21:11:57 valid - loss: 3.9921, acc: 0.0812
Epoch 4/300
21:12:39 train - loss: 4.0703, acc: 0.0770
21:12:40 valid - loss: 3.5145, acc: 0.1564
Epoch 5/300
21:13:22 train - loss: 3.7350, acc: 0.1246
21:13:23 valid - loss: 3.2597, acc: 0.2032
Epoch 6/300
21:14:06 train - loss: 3.4096, acc: 0.1816
21:14:07 valid - loss: 3.0178, acc: 0.2751
Epoch 7/300
21:14:49 train - loss: 3.1681, acc: 0.2264
21:14:50 valid - loss: 2.5447, acc: 0.3574
Epoch 8/300
21:15:32 train - loss: 2.9957, acc: 0.2589
21:15:33 valid - loss: 2.4641, acc: 0.3615
Epoch 9/300
21:16:16 train - loss: 2.8492, acc: 0.2864
21:16:17 valid - loss: 2.4546, acc: 0.3844
Epoch 10/300
21:16:59 train - loss: 2.7609, acc: 0.3083
Save trainer to /content/drive/My Drive/models/CIFAR100-2/ckpt
21:17:12 valid - loss: 2.6184, acc: 0.3617
Epoch 11/300
21:17:54 train - loss: 2.6695, acc: 0.3244
21:17:55 valid - loss: 2.0765, acc: 0.4699
Epoch 12/300
21:18:37 train - loss: 2.6051, acc: 0.3392
21:18:38 valid - loss: 2.2901, acc: 0.4260
Epoch 13/300
21:19:21 train - loss: 2.5601, acc: 0.3481
21:19:22 valid - loss: 1.9550, acc: 0.4859
Epoch 14/300
21:20:04 train - loss: 2.5097, acc: 0.3619
21:20:05 valid - loss: 1.9551, acc: 0.4924
Epoch 15/300
21:20:48 train - loss: 2.4677, acc: 0.3694
21:20:49 valid - loss: 2.0049, acc: 0.4789
Epoch 16/300
21:21:31 train - loss: 2.4319, acc: 0.3772
21:21:32 valid - loss: 1.8261, acc: 0.5126
Epoch 17/300
21:22:14 train - loss: 2.4062, acc: 0.3812
21:22:16 valid - loss: 1.8369, acc: 0.5076
Epoch 18/300
21:22:58 train - loss: 2.3630, acc: 0.3933
21:22:59 valid - loss: 1.8987, acc: 0.5073
Epoch 19/300
21:23:41 train - loss: 2.3503, acc: 0.3944
21:23:43 valid - loss: 1.7772, acc: 0.5273
Epoch 20/300
21:24:25 train - loss: 2.3184, acc: 0.4020
Save trainer to /content/drive/My Drive/models/CIFAR100-2/ckpt
21:24:37 valid - loss: 1.9245, acc: 0.5200
Epoch 21/300
21:25:19 train - loss: 2.2960, acc: 0.4076
21:25:21 valid - loss: 1.7275, acc: 0.5330
Epoch 22/300
21:26:03 train - loss: 2.2847, acc: 0.4096
21:26:04 valid - loss: 1.6863, acc: 0.5430
Epoch 23/300
21:26:46 train - loss: 2.2641, acc: 0.4149
21:26:48 valid - loss: 1.6563, acc: 0.5629
Epoch 24/300
21:27:30 train - loss: 2.2494, acc: 0.4190
21:27:31 valid - loss: 1.7978, acc: 0.5283
Epoch 25/300
21:28:13 train - loss: 2.2315, acc: 0.4195
21:28:15 valid - loss: 1.5582, acc: 0.5826
Epoch 26/300
21:28:57 train - loss: 2.2245, acc: 0.4227
21:28:58 valid - loss: 1.4705, acc: 0.5918
Epoch 27/300
21:29:40 train - loss: 2.1973, acc: 0.4267
21:29:41 valid - loss: 1.7256, acc: 0.5478
Epoch 28/300
21:30:24 train - loss: 2.1958, acc: 0.4267
21:30:25 valid - loss: 1.6067, acc: 0.5722
Epoch 29/300
21:31:07 train - loss: 2.1851, acc: 0.4303
21:31:08 valid - loss: 1.6239, acc: 0.5733
Epoch 30/300
21:31:50 train - loss: 2.1823, acc: 0.4335
Save trainer to /content/drive/My Drive/models/CIFAR100-2/ckpt
21:32:03 valid - loss: 1.6193, acc: 0.5638
Epoch 31/300
21:32:45 train - loss: 2.1720, acc: 0.4344
21:32:46 valid - loss: 1.7270, acc: 0.5554
Epoch 32/300
21:33:28 train - loss: 2.1612, acc: 0.4378
21:33:30 valid - loss: 1.6945, acc: 0.5569
Epoch 33/300
21:34:12 train - loss: 2.1580, acc: 0.4346
21:34:13 valid - loss: 1.5500, acc: 0.5841
Epoch 34/300
21:34:55 train - loss: 2.1500, acc: 0.4403
21:34:56 valid - loss: 1.6000, acc: 0.5724
Epoch 35/300
21:35:38 train - loss: 2.1388, acc: 0.4418
21:35:40 valid - loss: 1.6656, acc: 0.5585
Epoch 36/300
21:36:22 train - loss: 2.1374, acc: 0.4445
21:36:23 valid - loss: 1.7137, acc: 0.5643
Epoch 37/300
21:37:05 train - loss: 2.1290, acc: 0.4443
21:37:06 valid - loss: 1.5953, acc: 0.5697
Epoch 38/300
21:37:48 train - loss: 2.1118, acc: 0.4473
21:37:50 valid - loss: 1.7208, acc: 0.5537
Epoch 39/300
21:38:32 train - loss: 2.1030, acc: 0.4505
21:38:33 valid - loss: 1.6754, acc: 0.5624
Epoch 40/300
21:39:15 train - loss: 2.1034, acc: 0.4493
Save trainer to /content/drive/My Drive/models/CIFAR100-2/ckpt
21:39:27 valid - loss: 1.5164, acc: 0.5871
Epoch 41/300
21:40:10 train - loss: 2.0972, acc: 0.4519
21:40:11 valid - loss: 1.7711, acc: 0.5446
Epoch 42/300
21:40:53 train - loss: 2.0889, acc: 0.4534
21:40:54 valid - loss: 1.4594, acc: 0.6037
Epoch 43/300
21:41:36 train - loss: 2.0758, acc: 0.4563
21:41:38 valid - loss: 1.9018, acc: 0.5384
Epoch 44/300
21:42:20 train - loss: 2.0742, acc: 0.4564
21:42:21 valid - loss: 1.3513, acc: 0.6241
Epoch 45/300
21:43:03 train - loss: 2.0818, acc: 0.4560
21:43:04 valid - loss: 1.4499, acc: 0.6094
Epoch 46/300
21:43:47 train - loss: 2.0746, acc: 0.4581
21:43:48 valid - loss: 1.4555, acc: 0.6043
Epoch 47/300
21:44:30 train - loss: 2.0701, acc: 0.4571
21:44:31 valid - loss: 1.6249, acc: 0.5831
Epoch 48/300
21:45:13 train - loss: 2.0637, acc: 0.4599
21:45:14 valid - loss: 1.5614, acc: 0.5793
Epoch 49/300
21:45:57 train - loss: 2.0520, acc: 0.4609
21:45:58 valid - loss: 1.4870, acc: 0.6152
Epoch 50/300
21:46:40 train - loss: 2.0561, acc: 0.4629
Save trainer to /content/drive/My Drive/models/CIFAR100-2/ckpt
21:46:52 valid - loss: 1.3878, acc: 0.6198
Epoch 51/300
21:47:34 train - loss: 2.0505, acc: 0.4616
21:47:36 valid - loss: 1.6184, acc: 0.5710
Epoch 52/300
21:48:18 train - loss: 2.0536, acc: 0.4625
21:48:19 valid - loss: 1.4933, acc: 0.6050
Epoch 53/300
21:49:01 train - loss: 2.0426, acc: 0.4646
21:49:03 valid - loss: 1.4422, acc: 0.6182
Epoch 54/300
21:49:45 train - loss: 2.0490, acc: 0.4625
21:49:46 valid - loss: 1.4129, acc: 0.6090
Epoch 55/300
21:50:28 train - loss: 2.0290, acc: 0.4701
21:50:30 valid - loss: 1.4317, acc: 0.6217
Epoch 56/300
21:51:12 train - loss: 2.0415, acc: 0.4641
21:51:13 valid - loss: 1.3649, acc: 0.6287
Epoch 57/300
21:51:55 train - loss: 2.0276, acc: 0.4677
21:51:57 valid - loss: 1.4507, acc: 0.6132
Epoch 58/300
21:52:39 train - loss: 2.0279, acc: 0.4669
21:52:40 valid - loss: 1.5007, acc: 0.6082
Epoch 59/300
21:53:22 train - loss: 2.0175, acc: 0.4703
21:53:23 valid - loss: 1.4457, acc: 0.6133
Epoch 60/300
21:54:05 train - loss: 2.0324, acc: 0.4683
Save trainer to /content/drive/My Drive/models/CIFAR100-2/ckpt
21:54:18 valid - loss: 1.7139, acc: 0.5635
Epoch 61/300
21:55:00 train - loss: 2.0218, acc: 0.4717
21:55:01 valid - loss: 1.4880, acc: 0.6021
Epoch 62/300
21:55:43 train - loss: 2.0111, acc: 0.4731
21:55:45 valid - loss: 1.5116, acc: 0.5963
Epoch 63/300
21:56:27 train - loss: 2.0031, acc: 0.4733
21:56:28 valid - loss: 1.4579, acc: 0.6107
Epoch 64/300
21:57:10 train - loss: 1.9955, acc: 0.4753
21:57:11 valid - loss: 1.7000, acc: 0.5715
Epoch 65/300
21:57:53 train - loss: 2.0052, acc: 0.4747
21:57:55 valid - loss: 1.3198, acc: 0.6314
Epoch 66/300
21:58:37 train - loss: 2.0039, acc: 0.4732
21:58:38 valid - loss: 1.4383, acc: 0.6120
Epoch 67/300
21:59:20 train - loss: 1.9853, acc: 0.4775
21:59:22 valid - loss: 1.4967, acc: 0.6082
Epoch 68/300
22:00:04 train - loss: 1.9854, acc: 0.4773
22:00:05 valid - loss: 1.5181, acc: 0.6022
Epoch 69/300
22:00:47 train - loss: 1.9818, acc: 0.4781
22:00:49 valid - loss: 1.4439, acc: 0.6159
Epoch 70/300
22:01:31 train - loss: 1.9838, acc: 0.4770
Save trainer to /content/drive/My Drive/models/CIFAR100-2/ckpt
22:01:43 valid - loss: 1.5161, acc: 0.6009
Epoch 71/300
22:02:25 train - loss: 1.9604, acc: 0.4839
22:02:26 valid - loss: 1.3085, acc: 0.6375
Epoch 72/300
22:03:08 train - loss: 1.9785, acc: 0.4794
22:03:09 valid - loss: 1.4901, acc: 0.6032
Epoch 73/300
22:03:51 train - loss: 1.9746, acc: 0.4795
22:03:53 valid - loss: 1.4288, acc: 0.6178
Epoch 74/300
22:04:35 train - loss: 1.9687, acc: 0.4830
22:04:36 valid - loss: 1.5916, acc: 0.5923
Epoch 75/300
22:05:18 train - loss: 1.9645, acc: 0.4824
22:05:19 valid - loss: 1.3441, acc: 0.6437
Epoch 76/300
22:06:02 train - loss: 1.9644, acc: 0.4813
22:06:03 valid - loss: 1.3618, acc: 0.6296
Epoch 77/300
22:06:45 train - loss: 1.9718, acc: 0.4836
22:06:46 valid - loss: 1.3593, acc: 0.6266
Epoch 78/300
22:07:28 train - loss: 1.9595, acc: 0.4843
22:07:30 valid - loss: 1.4855, acc: 0.6065
Epoch 79/300
22:08:12 train - loss: 1.9491, acc: 0.4862
22:08:13 valid - loss: 1.2609, acc: 0.6485
Epoch 80/300
22:08:55 train - loss: 1.9456, acc: 0.4877
Save trainer to /content/drive/My Drive/models/CIFAR100-2/ckpt
22:09:07 valid - loss: 1.2175, acc: 0.6532
Epoch 81/300
22:09:49 train - loss: 1.9369, acc: 0.4900
22:09:51 valid - loss: 1.2647, acc: 0.6432
Epoch 82/300
22:10:33 train - loss: 1.9392, acc: 0.4912
22:10:34 valid - loss: 1.3490, acc: 0.6319
Epoch 83/300
22:11:16 train - loss: 1.9422, acc: 0.4868
22:11:17 valid - loss: 1.2791, acc: 0.6515
Epoch 84/300
22:11:59 train - loss: 1.9418, acc: 0.4871
22:12:01 valid - loss: 1.3574, acc: 0.6275
Epoch 85/300
22:12:43 train - loss: 1.9366, acc: 0.4874
22:12:44 valid - loss: 1.4247, acc: 0.6253
Epoch 86/300
22:13:26 train - loss: 1.9321, acc: 0.4906
22:13:28 valid - loss: 1.3750, acc: 0.6257
Epoch 87/300
22:14:10 train - loss: 1.9278, acc: 0.4888
22:14:11 valid - loss: 1.3305, acc: 0.6364
Epoch 88/300
22:14:53 train - loss: 1.9205, acc: 0.4925
22:14:54 valid - loss: 1.3942, acc: 0.6197
Epoch 89/300
22:15:36 train - loss: 1.9178, acc: 0.4940
22:15:38 valid - loss: 1.3927, acc: 0.6197
Epoch 90/300
22:16:20 train - loss: 1.9176, acc: 0.4916
Save trainer to /content/drive/My Drive/models/CIFAR100-2/ckpt
22:16:32 valid - loss: 1.2150, acc: 0.6604
Epoch 91/300
22:17:14 train - loss: 1.9071, acc: 0.4949
22:17:16 valid - loss: 1.4776, acc: 0.6238
Epoch 92/300
22:17:58 train - loss: 1.9029, acc: 0.4949
22:17:59 valid - loss: 1.4620, acc: 0.6207
Epoch 93/300
22:18:41 train - loss: 1.8973, acc: 0.4990
22:18:43 valid - loss: 1.4544, acc: 0.6140
Epoch 94/300
22:19:25 train - loss: 1.9009, acc: 0.4998
22:19:26 valid - loss: 1.3921, acc: 0.6269
Epoch 95/300
22:20:08 train - loss: 1.9152, acc: 0.4915
22:20:09 valid - loss: 1.2851, acc: 0.6496
Epoch 96/300
22:20:51 train - loss: 1.8923, acc: 0.4988
22:20:53 valid - loss: 1.2436, acc: 0.6546
Epoch 97/300
22:21:35 train - loss: 1.8935, acc: 0.4985
22:21:36 valid - loss: 1.2760, acc: 0.6507
Epoch 98/300
22:22:18 train - loss: 1.8935, acc: 0.4976
22:22:19 valid - loss: 1.3028, acc: 0.6391
Epoch 99/300
22:23:01 train - loss: 1.8791, acc: 0.5016
22:23:02 valid - loss: 1.4498, acc: 0.6349
Epoch 100/300
22:23:44 train - loss: 1.8809, acc: 0.5020
Save trainer to /content/drive/My Drive/models/CIFAR100-2/ckpt
22:23:57 valid - loss: 1.3918, acc: 0.6209
Epoch 101/300
22:24:39 train - loss: 1.8847, acc: 0.5013
22:24:40 valid - loss: 1.2934, acc: 0.6520
Epoch 102/300
22:25:22 train - loss: 1.8840, acc: 0.5017
22:25:23 valid - loss: 1.2964, acc: 0.6451
Epoch 103/300
22:26:05 train - loss: 1.8721, acc: 0.5043
22:26:06 valid - loss: 1.3042, acc: 0.6514
Epoch 104/300
22:26:48 train - loss: 1.8674, acc: 0.5030
22:26:50 valid - loss: 1.3462, acc: 0.6407
Epoch 105/300
22:27:32 train - loss: 1.8631, acc: 0.5068
22:27:33 valid - loss: 1.4268, acc: 0.6358
Epoch 106/300
22:28:15 train - loss: 1.8613, acc: 0.5081
22:28:17 valid - loss: 1.3229, acc: 0.6394
Epoch 107/300
22:28:59 train - loss: 1.8623, acc: 0.5070
22:29:00 valid - loss: 1.1697, acc: 0.6714
Epoch 108/300
22:29:42 train - loss: 1.8510, acc: 0.5098
22:29:43 valid - loss: 1.4037, acc: 0.6305
Epoch 109/300
22:30:26 train - loss: 1.8506, acc: 0.5091
22:30:27 valid - loss: 1.2605, acc: 0.6539
Epoch 110/300
22:31:09 train - loss: 1.8364, acc: 0.5136
Save trainer to /content/drive/My Drive/models/CIFAR100-2/ckpt
22:31:21 valid - loss: 1.4131, acc: 0.6387
Epoch 111/300
22:32:03 train - loss: 1.8440, acc: 0.5133
22:32:04 valid - loss: 1.2944, acc: 0.6546
Epoch 112/300
22:32:47 train - loss: 1.8343, acc: 0.5134
22:32:48 valid - loss: 1.2482, acc: 0.6614
Epoch 113/300
22:33:30 train - loss: 1.8294, acc: 0.5134
22:33:31 valid - loss: 1.2556, acc: 0.6590
Epoch 114/300
22:34:13 train - loss: 1.8374, acc: 0.5125
22:34:15 valid - loss: 1.2573, acc: 0.6573
Epoch 115/300
22:34:57 train - loss: 1.8244, acc: 0.5132
22:34:58 valid - loss: 1.3770, acc: 0.6333
Epoch 116/300
22:35:40 train - loss: 1.8228, acc: 0.5143
22:35:42 valid - loss: 1.2978, acc: 0.6547
Epoch 117/300
22:36:23 train - loss: 1.8219, acc: 0.5151
22:36:25 valid - loss: 1.3287, acc: 0.6463
Epoch 118/300
22:37:07 train - loss: 1.8089, acc: 0.5210
22:37:08 valid - loss: 1.3496, acc: 0.6500
Epoch 119/300
22:37:50 train - loss: 1.8065, acc: 0.5219
22:37:52 valid - loss: 1.2435, acc: 0.6690
Epoch 120/300
22:38:33 train - loss: 1.7940, acc: 0.5243
Save trainer to /content/drive/My Drive/models/CIFAR100-2/ckpt
22:38:46 valid - loss: 1.2167, acc: 0.6663
Epoch 121/300
22:39:28 train - loss: 1.8083, acc: 0.5157
22:39:29 valid - loss: 1.1546, acc: 0.6811
Epoch 122/300
22:40:11 train - loss: 1.7978, acc: 0.5203
22:40:12 valid - loss: 1.3505, acc: 0.6447
Epoch 123/300
22:40:54 train - loss: 1.7882, acc: 0.5250
22:40:56 valid - loss: 1.1892, acc: 0.6714
Epoch 124/300
22:41:38 train - loss: 1.7881, acc: 0.5230
22:41:39 valid - loss: 1.2265, acc: 0.6728
Epoch 125/300
22:42:21 train - loss: 1.7967, acc: 0.5228
22:42:22 valid - loss: 1.2444, acc: 0.6635
Epoch 126/300
22:43:05 train - loss: 1.7770, acc: 0.5266
22:43:06 valid - loss: 1.2554, acc: 0.6660
Epoch 127/300
22:43:48 train - loss: 1.7783, acc: 0.5256
22:43:49 valid - loss: 1.1981, acc: 0.6650
Epoch 128/300
22:44:31 train - loss: 1.7733, acc: 0.5280
22:44:33 valid - loss: 1.1766, acc: 0.6751
Epoch 129/300
22:45:15 train - loss: 1.7569, acc: 0.5314
22:45:16 valid - loss: 1.2119, acc: 0.6770
Epoch 130/300
22:45:58 train - loss: 1.7789, acc: 0.5284
Save trainer to /content/drive/My Drive/models/CIFAR100-2/ckpt
22:46:10 valid - loss: 1.1493, acc: 0.6841
Epoch 131/300
22:46:52 train - loss: 1.7631, acc: 0.5322
22:46:53 valid - loss: 1.1919, acc: 0.6720
Epoch 132/300
22:47:36 train - loss: 1.7548, acc: 0.5318
22:47:37 valid - loss: 1.1597, acc: 0.6791
Epoch 133/300
22:48:19 train - loss: 1.7528, acc: 0.5326
22:48:20 valid - loss: 1.2014, acc: 0.6692
Epoch 134/300
22:49:02 train - loss: 1.7514, acc: 0.5294
22:49:03 valid - loss: 1.1628, acc: 0.6831
Epoch 135/300
22:49:45 train - loss: 1.7421, acc: 0.5346
22:49:47 valid - loss: 1.1232, acc: 0.6896
Epoch 136/300
22:50:29 train - loss: 1.7317, acc: 0.5377
22:50:30 valid - loss: 1.1974, acc: 0.6693
Epoch 137/300
22:51:12 train - loss: 1.7363, acc: 0.5336
22:51:13 valid - loss: 1.1769, acc: 0.6818
Epoch 138/300
22:51:55 train - loss: 1.7323, acc: 0.5345
22:51:57 valid - loss: 1.0895, acc: 0.6883
Epoch 139/300
22:52:39 train - loss: 1.7176, acc: 0.5398
22:52:40 valid - loss: 1.1545, acc: 0.6819
Epoch 140/300
22:53:22 train - loss: 1.7147, acc: 0.5429
Save trainer to /content/drive/My Drive/models/CIFAR100-2/ckpt
22:53:34 valid - loss: 1.2233, acc: 0.6665
Epoch 141/300
22:54:16 train - loss: 1.7102, acc: 0.5403
22:54:18 valid - loss: 1.1493, acc: 0.6889
Epoch 142/300
22:55:00 train - loss: 1.6986, acc: 0.5440
22:55:01 valid - loss: 1.2233, acc: 0.6830
Epoch 143/300
22:55:43 train - loss: 1.7100, acc: 0.5411
22:55:45 valid - loss: 1.0922, acc: 0.6980
Epoch 144/300
22:56:26 train - loss: 1.7002, acc: 0.5451
22:56:28 valid - loss: 1.1130, acc: 0.6866
Epoch 145/300
22:57:10 train - loss: 1.6950, acc: 0.5469
22:57:11 valid - loss: 1.1224, acc: 0.6914
Epoch 146/300
22:57:53 train - loss: 1.6857, acc: 0.5469
22:57:55 valid - loss: 1.1339, acc: 0.6965
Epoch 147/300
22:58:37 train - loss: 1.6792, acc: 0.5509
22:58:38 valid - loss: 1.1457, acc: 0.6965
Epoch 148/300
22:59:20 train - loss: 1.6782, acc: 0.5496
22:59:22 valid - loss: 1.2035, acc: 0.6757
Epoch 149/300
23:00:04 train - loss: 1.6749, acc: 0.5497
23:00:05 valid - loss: 1.3967, acc: 0.6537
Epoch 150/300
23:00:47 train - loss: 1.6619, acc: 0.5530
Save trainer to /content/drive/My Drive/models/CIFAR100-2/ckpt
23:00:59 valid - loss: 1.1796, acc: 0.6918
Epoch 151/300
23:01:41 train - loss: 1.6714, acc: 0.5542
23:01:42 valid - loss: 1.0501, acc: 0.7105
Epoch 152/300
23:02:25 train - loss: 1.6651, acc: 0.5521
23:02:26 valid - loss: 1.1683, acc: 0.6937
Epoch 153/300
23:03:08 train - loss: 1.6685, acc: 0.5520
23:03:09 valid - loss: 1.0604, acc: 0.7057
Epoch 154/300
23:03:51 train - loss: 1.6428, acc: 0.5579
23:03:52 valid - loss: 1.1400, acc: 0.6842
Epoch 155/300
23:04:34 train - loss: 1.6336, acc: 0.5611
23:04:36 valid - loss: 1.0554, acc: 0.7067
Epoch 156/300
23:05:18 train - loss: 1.6281, acc: 0.5597
23:05:19 valid - loss: 1.0627, acc: 0.7072
Epoch 157/300
23:06:01 train - loss: 1.6331, acc: 0.5611
23:06:03 valid - loss: 1.0756, acc: 0.7090
Epoch 158/300
23:06:45 train - loss: 1.6197, acc: 0.5646
23:06:46 valid - loss: 1.0565, acc: 0.7103
Epoch 159/300
23:07:28 train - loss: 1.6311, acc: 0.5614
23:07:29 valid - loss: 1.0139, acc: 0.7145
Epoch 160/300
23:08:11 train - loss: 1.6088, acc: 0.5674
Save trainer to /content/drive/My Drive/models/CIFAR100-2/ckpt
23:08:24 valid - loss: 1.0226, acc: 0.7098
Epoch 161/300
23:09:05 train - loss: 1.6098, acc: 0.5647
23:09:07 valid - loss: 1.0903, acc: 0.7057
Epoch 162/300
23:09:49 train - loss: 1.6039, acc: 0.5675
23:09:50 valid - loss: 0.9894, acc: 0.7189
Epoch 163/300
23:10:32 train - loss: 1.6018, acc: 0.5676
23:10:34 valid - loss: 0.9984, acc: 0.7240
Epoch 164/300
23:11:16 train - loss: 1.5950, acc: 0.5683
23:11:17 valid - loss: 1.0777, acc: 0.7078
Epoch 165/300
23:11:59 train - loss: 1.5874, acc: 0.5711
23:12:00 valid - loss: 1.0556, acc: 0.7056
Epoch 166/300
23:12:42 train - loss: 1.5867, acc: 0.5710
23:12:43 valid - loss: 1.0602, acc: 0.7067
Epoch 167/300
23:13:25 train - loss: 1.5812, acc: 0.5735
23:13:27 valid - loss: 1.0715, acc: 0.7015
Epoch 168/300
23:14:09 train - loss: 1.5713, acc: 0.5755
23:14:10 valid - loss: 1.0710, acc: 0.7058
Epoch 169/300
23:14:52 train - loss: 1.5798, acc: 0.5718
23:14:53 valid - loss: 1.0079, acc: 0.7178
Epoch 170/300
23:15:35 train - loss: 1.5576, acc: 0.5783
Save trainer to /content/drive/My Drive/models/CIFAR100-2/ckpt
23:15:51 valid - loss: 1.0249, acc: 0.7200
Epoch 171/300
23:16:33 train - loss: 1.5506, acc: 0.5816
23:16:34 valid - loss: 1.0029, acc: 0.7268
Epoch 172/300
23:17:16 train - loss: 1.5519, acc: 0.5810
23:17:18 valid - loss: 1.0701, acc: 0.7153
Epoch 173/300
23:18:00 train - loss: 1.5395, acc: 0.5822
23:18:01 valid - loss: 0.9989, acc: 0.7171
Epoch 174/300
23:18:43 train - loss: 1.5382, acc: 0.5837
23:18:44 valid - loss: 0.9425, acc: 0.7288
Epoch 175/300
23:19:26 train - loss: 1.5241, acc: 0.5899
23:19:27 valid - loss: 1.0274, acc: 0.7233
Epoch 176/300
23:20:10 train - loss: 1.5171, acc: 0.5870
23:20:11 valid - loss: 0.9635, acc: 0.7321
Epoch 177/300
23:20:53 train - loss: 1.5283, acc: 0.5831
23:20:54 valid - loss: 1.0905, acc: 0.7063
Epoch 178/300
23:21:36 train - loss: 1.5091, acc: 0.5925
23:21:37 valid - loss: 0.9819, acc: 0.7256
Epoch 179/300
23:22:19 train - loss: 1.5084, acc: 0.5909
23:22:21 valid - loss: 0.9624, acc: 0.7307
Epoch 180/300
23:23:03 train - loss: 1.5007, acc: 0.5936
Save trainer to /content/drive/My Drive/models/CIFAR100-2/ckpt
23:23:15 valid - loss: 1.0219, acc: 0.7275
Epoch 181/300
23:23:57 train - loss: 1.4988, acc: 0.5920
23:23:58 valid - loss: 1.0360, acc: 0.7220
Epoch 182/300
23:24:40 train - loss: 1.4847, acc: 0.5966
23:24:42 valid - loss: 0.9783, acc: 0.7298
Epoch 183/300
23:25:24 train - loss: 1.4836, acc: 0.5968
23:25:25 valid - loss: 0.9058, acc: 0.7472
Epoch 184/300
23:26:07 train - loss: 1.4622, acc: 0.6031
23:26:09 valid - loss: 0.9651, acc: 0.7346
Epoch 185/300
23:26:51 train - loss: 1.4733, acc: 0.5984
23:26:52 valid - loss: 0.9606, acc: 0.7293
Epoch 186/300
23:27:34 train - loss: 1.4624, acc: 0.6022
23:27:35 valid - loss: 0.9083, acc: 0.7482
Epoch 187/300
23:28:17 train - loss: 1.4514, acc: 0.6050
23:28:19 valid - loss: 0.9148, acc: 0.7498
Epoch 188/300
23:29:01 train - loss: 1.4457, acc: 0.6067
23:29:02 valid - loss: 0.9284, acc: 0.7432
Epoch 189/300
23:29:44 train - loss: 1.4436, acc: 0.6055
23:29:45 valid - loss: 0.9182, acc: 0.7450
Epoch 190/300
23:30:27 train - loss: 1.4258, acc: 0.6107
Save trainer to /content/drive/My Drive/models/CIFAR100-2/ckpt
23:30:40 valid - loss: 0.9224, acc: 0.7507
Epoch 191/300
23:31:22 train - loss: 1.4256, acc: 0.6100
23:31:23 valid - loss: 0.8827, acc: 0.7561
Epoch 192/300
23:32:06 train - loss: 1.4184, acc: 0.6109
23:32:07 valid - loss: 0.9268, acc: 0.7442
Epoch 193/300
23:32:49 train - loss: 1.4073, acc: 0.6152
23:32:50 valid - loss: 0.9301, acc: 0.7420
Epoch 194/300
23:33:32 train - loss: 1.4047, acc: 0.6175
23:33:33 valid - loss: 0.8457, acc: 0.7593
Epoch 195/300
23:34:15 train - loss: 1.4050, acc: 0.6174
23:34:17 valid - loss: 0.8293, acc: 0.7681
Epoch 196/300
23:34:58 train - loss: 1.3868, acc: 0.6207
23:35:00 valid - loss: 0.8806, acc: 0.7537
Epoch 197/300
23:35:42 train - loss: 1.3924, acc: 0.6190
23:35:43 valid - loss: 0.8564, acc: 0.7566
Epoch 198/300
23:36:25 train - loss: 1.3723, acc: 0.6233
23:36:26 valid - loss: 0.8985, acc: 0.7606
Epoch 199/300
23:37:08 train - loss: 1.3739, acc: 0.6237
23:37:10 valid - loss: 0.8208, acc: 0.7726
Epoch 200/300
23:37:52 train - loss: 1.3650, acc: 0.6263
Save trainer to /content/drive/My Drive/models/CIFAR100-2/ckpt
23:38:04 valid - loss: 0.8240, acc: 0.7700
Epoch 201/300
23:38:46 train - loss: 1.3575, acc: 0.6274
23:38:47 valid - loss: 0.7961, acc: 0.7722
Epoch 202/300
23:39:29 train - loss: 1.3556, acc: 0.6282
23:39:31 valid - loss: 0.8855, acc: 0.7556
Epoch 203/300
23:40:13 train - loss: 1.3373, acc: 0.6332
23:40:14 valid - loss: 0.8355, acc: 0.7664
Epoch 204/300
23:40:56 train - loss: 1.3328, acc: 0.6345
23:40:57 valid - loss: 0.8018, acc: 0.7761
Epoch 205/300
23:41:39 train - loss: 1.3248, acc: 0.6377
23:41:41 valid - loss: 0.8465, acc: 0.7663
Epoch 206/300
23:42:23 train - loss: 1.3163, acc: 0.6376
23:42:24 valid - loss: 0.9001, acc: 0.7565
Epoch 207/300
23:43:06 train - loss: 1.3256, acc: 0.6359
23:43:07 valid - loss: 0.8275, acc: 0.7762
Epoch 208/300
23:43:49 train - loss: 1.2925, acc: 0.6430
23:43:51 valid - loss: 0.7982, acc: 0.7721
Epoch 209/300
23:44:33 train - loss: 1.3067, acc: 0.6396
23:44:34 valid - loss: 0.7806, acc: 0.7769
Epoch 210/300
23:45:16 train - loss: 1.2919, acc: 0.6435
Save trainer to /content/drive/My Drive/models/CIFAR100-2/ckpt
23:45:28 valid - loss: 0.8211, acc: 0.7735
Epoch 211/300
23:46:10 train - loss: 1.2808, acc: 0.6461
23:46:11 valid - loss: 0.7838, acc: 0.7773
Epoch 212/300
23:46:53 train - loss: 1.2689, acc: 0.6480
23:46:55 valid - loss: 0.7825, acc: 0.7812
Epoch 213/300
23:47:37 train - loss: 1.2649, acc: 0.6501
23:47:38 valid - loss: 0.7494, acc: 0.7899
Epoch 214/300
23:48:20 train - loss: 1.2581, acc: 0.6520
23:48:21 valid - loss: 0.7664, acc: 0.7841
Epoch 215/300
23:49:03 train - loss: 1.2536, acc: 0.6524
23:49:05 valid - loss: 0.7843, acc: 0.7794
Epoch 216/300
23:49:47 train - loss: 1.2392, acc: 0.6570
23:49:48 valid - loss: 0.7473, acc: 0.7851
Epoch 217/300
23:50:30 train - loss: 1.2237, acc: 0.6612
23:50:31 valid - loss: 0.7732, acc: 0.7833
Epoch 218/300
23:51:13 train - loss: 1.2221, acc: 0.6601
23:51:14 valid - loss: 0.8001, acc: 0.7806
Epoch 219/300
23:51:56 train - loss: 1.2142, acc: 0.6641
23:51:58 valid - loss: 0.7508, acc: 0.7922
Epoch 220/300
23:52:40 train - loss: 1.2062, acc: 0.6642
Save trainer to /content/drive/My Drive/models/CIFAR100-2/ckpt
23:52:52 valid - loss: 0.7387, acc: 0.7913
Epoch 221/300
23:53:34 train - loss: 1.2018, acc: 0.6676
23:53:35 valid - loss: 0.7573, acc: 0.7887
Epoch 222/300
23:54:17 train - loss: 1.1786, acc: 0.6743
23:54:19 valid - loss: 0.7445, acc: 0.7944
Epoch 223/300
23:55:01 train - loss: 1.1721, acc: 0.6738
23:55:02 valid - loss: 0.7553, acc: 0.7912
Epoch 224/300
23:55:44 train - loss: 1.1693, acc: 0.6757
23:55:45 valid - loss: 0.7466, acc: 0.7985
Epoch 225/300
23:56:27 train - loss: 1.1644, acc: 0.6740
23:56:29 valid - loss: 0.7145, acc: 0.8013
Epoch 226/300
23:57:11 train - loss: 1.1569, acc: 0.6768
23:57:12 valid - loss: 0.7452, acc: 0.7950
Epoch 227/300
23:57:54 train - loss: 1.1451, acc: 0.6826
23:57:56 valid - loss: 0.6856, acc: 0.8065
Epoch 228/300
23:58:37 train - loss: 1.1303, acc: 0.6848
23:58:39 valid - loss: 0.6841, acc: 0.8065
Epoch 229/300
23:59:21 train - loss: 1.1290, acc: 0.6862
23:59:22 valid - loss: 0.7081, acc: 0.8034
Epoch 230/300
00:00:04 train - loss: 1.1237, acc: 0.6867
Save trainer to /content/drive/My Drive/models/CIFAR100-2/ckpt
00:00:16 valid - loss: 0.7233, acc: 0.8042
Epoch 231/300
00:00:58 train - loss: 1.1066, acc: 0.6902
00:00:59 valid - loss: 0.6855, acc: 0.8079
Epoch 232/300
00:01:41 train - loss: 1.0905, acc: 0.6964
00:01:43 valid - loss: 0.6844, acc: 0.8102
Epoch 233/300
00:02:25 train - loss: 1.0946, acc: 0.6936
00:02:26 valid - loss: 0.6872, acc: 0.8151
Epoch 234/300
00:03:08 train - loss: 1.0849, acc: 0.6977
00:03:09 valid - loss: 0.6851, acc: 0.8111
Epoch 235/300
00:03:51 train - loss: 1.0733, acc: 0.7003
00:03:52 valid - loss: 0.6586, acc: 0.8129
Epoch 236/300
00:04:34 train - loss: 1.0596, acc: 0.7033
00:04:36 valid - loss: 0.6867, acc: 0.8109
Epoch 237/300
00:05:18 train - loss: 1.0592, acc: 0.7057
00:05:19 valid - loss: 0.6766, acc: 0.8165
Epoch 238/300
00:06:01 train - loss: 1.0430, acc: 0.7067
00:06:03 valid - loss: 0.6764, acc: 0.8111
Epoch 239/300
00:06:45 train - loss: 1.0273, acc: 0.7112
00:06:46 valid - loss: 0.6816, acc: 0.8127
Epoch 240/300
00:07:28 train - loss: 1.0275, acc: 0.7098
Save trainer to /content/drive/My Drive/models/CIFAR100-2/ckpt
00:07:40 valid - loss: 0.6504, acc: 0.8127
Epoch 241/300
00:08:22 train - loss: 1.0146, acc: 0.7146
00:08:24 valid - loss: 0.6952, acc: 0.8091
Epoch 242/300
00:09:05 train - loss: 1.0000, acc: 0.7174
00:09:07 valid - loss: 0.6266, acc: 0.8259
Epoch 243/300
00:09:48 train - loss: 0.9921, acc: 0.7205
00:09:50 valid - loss: 0.6587, acc: 0.8243
Epoch 244/300
00:10:32 train - loss: 0.9904, acc: 0.7216
00:10:33 valid - loss: 0.6725, acc: 0.8179
Epoch 245/300
00:11:15 train - loss: 0.9770, acc: 0.7252
00:11:16 valid - loss: 0.6620, acc: 0.8198
Epoch 246/300
00:11:59 train - loss: 0.9708, acc: 0.7268
00:12:00 valid - loss: 0.6028, acc: 0.8294
Epoch 247/300
00:12:42 train - loss: 0.9364, acc: 0.7355
00:12:43 valid - loss: 0.6180, acc: 0.8291
Epoch 248/300
00:13:25 train - loss: 0.9410, acc: 0.7340
00:13:26 valid - loss: 0.6341, acc: 0.8245
Epoch 249/300
00:14:08 train - loss: 0.9251, acc: 0.7374
00:14:10 valid - loss: 0.5931, acc: 0.8362
Epoch 250/300
00:14:52 train - loss: 0.9266, acc: 0.7391
Save trainer to /content/drive/My Drive/models/CIFAR100-2/ckpt
00:15:04 valid - loss: 0.5932, acc: 0.8391
Epoch 251/300
00:15:46 train - loss: 0.9077, acc: 0.7441
00:15:47 valid - loss: 0.6059, acc: 0.8310
Epoch 252/300
00:16:29 train - loss: 0.9001, acc: 0.7468
00:16:31 valid - loss: 0.5904, acc: 0.8376
Epoch 253/300
00:17:13 train - loss: 0.8840, acc: 0.7523
00:17:14 valid - loss: 0.5760, acc: 0.8395
Epoch 254/300
00:17:56 train - loss: 0.8746, acc: 0.7536
00:17:57 valid - loss: 0.5975, acc: 0.8386
Epoch 255/300
00:18:39 train - loss: 0.8653, acc: 0.7553
00:18:40 valid - loss: 0.5690, acc: 0.8457
Epoch 256/300
00:19:22 train - loss: 0.8641, acc: 0.7555
00:19:24 valid - loss: 0.5753, acc: 0.8414
Epoch 257/300
00:20:06 train - loss: 0.8485, acc: 0.7601
00:20:07 valid - loss: 0.5948, acc: 0.8417
Epoch 258/300
00:20:49 train - loss: 0.8388, acc: 0.7608
00:20:50 valid - loss: 0.5699, acc: 0.8430
Epoch 259/300
00:21:33 train - loss: 0.8188, acc: 0.7687
00:21:34 valid - loss: 0.5911, acc: 0.8370
Epoch 260/300
00:22:16 train - loss: 0.8116, acc: 0.7704
Save trainer to /content/drive/My Drive/models/CIFAR100-2/ckpt
00:22:28 valid - loss: 0.5836, acc: 0.8407
Epoch 261/300
00:23:10 train - loss: 0.8096, acc: 0.7719
00:23:11 valid - loss: 0.5563, acc: 0.8478
Epoch 262/300
00:23:53 train - loss: 0.7833, acc: 0.7765
00:23:55 valid - loss: 0.5479, acc: 0.8465
Epoch 263/300
00:24:37 train - loss: 0.7775, acc: 0.7787
00:24:38 valid - loss: 0.5426, acc: 0.8497
Epoch 264/300
00:25:20 train - loss: 0.7618, acc: 0.7825
00:25:21 valid - loss: 0.5410, acc: 0.8497
Epoch 265/300
00:26:03 train - loss: 0.7670, acc: 0.7839
00:26:05 valid - loss: 0.5561, acc: 0.8494
Epoch 266/300
00:26:47 train - loss: 0.7561, acc: 0.7843
00:26:48 valid - loss: 0.5340, acc: 0.8540
Epoch 267/300
00:27:30 train - loss: 0.7455, acc: 0.7905
00:27:31 valid - loss: 0.5349, acc: 0.8565
Epoch 268/300
00:28:13 train - loss: 0.7264, acc: 0.7931
00:28:15 valid - loss: 0.5300, acc: 0.8574
Epoch 269/300
00:28:57 train - loss: 0.7107, acc: 0.7979
00:28:58 valid - loss: 0.5399, acc: 0.8590
Epoch 270/300
00:29:40 train - loss: 0.7037, acc: 0.8016
Save trainer to /content/drive/My Drive/models/CIFAR100-2/ckpt
00:29:52 valid - loss: 0.5402, acc: 0.8563
Epoch 271/300
00:30:34 train - loss: 0.6949, acc: 0.8022
00:30:36 valid - loss: 0.5185, acc: 0.8583
Epoch 272/300
00:31:17 train - loss: 0.6886, acc: 0.8045
00:31:19 valid - loss: 0.5069, acc: 0.8597
Epoch 273/300
00:32:01 train - loss: 0.6742, acc: 0.8092
00:32:02 valid - loss: 0.5181, acc: 0.8583
Epoch 274/300
00:32:44 train - loss: 0.6623, acc: 0.8133
00:32:46 valid - loss: 0.5193, acc: 0.8597
Epoch 275/300
00:33:28 train - loss: 0.6526, acc: 0.8162
00:33:29 valid - loss: 0.5131, acc: 0.8607
Epoch 276/300
00:34:11 train - loss: 0.6407, acc: 0.8171
00:34:12 valid - loss: 0.5091, acc: 0.8608
Epoch 277/300
00:34:54 train - loss: 0.6345, acc: 0.8190
00:34:55 valid - loss: 0.4981, acc: 0.8633
Epoch 278/300
00:35:37 train - loss: 0.6256, acc: 0.8226
00:35:39 valid - loss: 0.4950, acc: 0.8632
Epoch 279/300
00:36:20 train - loss: 0.6292, acc: 0.8212
00:36:22 valid - loss: 0.5026, acc: 0.8620
Epoch 280/300
00:37:04 train - loss: 0.6100, acc: 0.8271
Save trainer to /content/drive/My Drive/models/CIFAR100-2/ckpt
00:37:16 valid - loss: 0.4881, acc: 0.8666
Epoch 281/300
00:37:58 train - loss: 0.6157, acc: 0.8251
00:38:00 valid - loss: 0.4902, acc: 0.8650
Epoch 282/300
00:38:42 train - loss: 0.6052, acc: 0.8273
00:38:43 valid - loss: 0.4881, acc: 0.8660
Epoch 283/300
00:39:25 train - loss: 0.5968, acc: 0.8306
00:39:26 valid - loss: 0.4945, acc: 0.8651
Epoch 284/300
00:40:08 train - loss: 0.5877, acc: 0.8324
00:40:10 valid - loss: 0.4849, acc: 0.8684
Epoch 285/300
00:40:51 train - loss: 0.5772, acc: 0.8372
00:40:53 valid - loss: 0.4818, acc: 0.8703
Epoch 286/300
00:41:35 train - loss: 0.5674, acc: 0.8381
00:41:36 valid - loss: 0.4835, acc: 0.8713
Epoch 287/300
00:42:18 train - loss: 0.5643, acc: 0.8419
00:42:19 valid - loss: 0.4841, acc: 0.8694
Epoch 288/300
00:43:01 train - loss: 0.5574, acc: 0.8419
00:43:03 valid - loss: 0.4763, acc: 0.8694
Epoch 289/300
00:43:45 train - loss: 0.5592, acc: 0.8422
00:43:46 valid - loss: 0.4804, acc: 0.8702
Epoch 290/300
00:44:28 train - loss: 0.5583, acc: 0.8405
Save trainer to /content/drive/My Drive/models/CIFAR100-2/ckpt
00:44:40 valid - loss: 0.4799, acc: 0.8729
Epoch 291/300
00:45:22 train - loss: 0.5560, acc: 0.8399
00:45:24 valid - loss: 0.4826, acc: 0.8701
Epoch 292/300
00:46:06 train - loss: 0.5478, acc: 0.8442
00:46:07 valid - loss: 0.4756, acc: 0.8722
Epoch 293/300
00:46:49 train - loss: 0.5441, acc: 0.8452
00:46:50 valid - loss: 0.4742, acc: 0.8707
Epoch 294/300
00:47:32 train - loss: 0.5526, acc: 0.8444
00:47:34 valid - loss: 0.4730, acc: 0.8730
Epoch 295/300
00:48:16 train - loss: 0.5468, acc: 0.8467
00:48:17 valid - loss: 0.4707, acc: 0.8734
Epoch 296/300
00:48:59 train - loss: 0.5390, acc: 0.8481
00:49:00 valid - loss: 0.4694, acc: 0.8732
Epoch 297/300
00:49:42 train - loss: 0.5405, acc: 0.8474
00:49:44 valid - loss: 0.4710, acc: 0.8743
Epoch 298/300
00:50:25 train - loss: 0.5476, acc: 0.8455
00:50:27 valid - loss: 0.4714, acc: 0.8732
Epoch 299/300
00:51:09 train - loss: 0.5483, acc: 0.8450
00:51:10 valid - loss: 0.4739, acc: 0.8738
Epoch 300/300
00:51:52 train - loss: 0.5386, acc: 0.8466
Save trainer to /content/drive/My Drive/models/CIFAR100-2/ckpt
00:52:04 valid - loss: 0.4723, acc: 0.8733