14:52:22 Start training
Epoch 1/600
WARNING:tensorflow:From /usr/local/lib/python3.6/dist-packages/tensorflow/python/data/ops/multi_device_iterator_ops.py:601: get_next_as_optional (from tensorflow.python.data.ops.iterator_ops) is deprecated and will be removed in a future version.
Instructions for updating:
Use `tf.data.Iterator.get_next_as_optional()` instead.
WARNING:tensorflow:From /usr/local/lib/python3.6/dist-packages/tensorflow/python/data/ops/multi_device_iterator_ops.py:601: get_next_as_optional (from tensorflow.python.data.ops.iterator_ops) is deprecated and will be removed in a future version.
Instructions for updating:
Use `tf.data.Iterator.get_next_as_optional()` instead.
14:53:28 train - loss: 4.3426
14:53:41 valid - loss: 4.0270, acc: 0.0895
Epoch 2/600
14:53:51 train - loss: 3.7601
14:53:52 valid - loss: 4.0155, acc: 0.1141
Epoch 3/600
14:54:02 train - loss: 3.5762
14:54:02 valid - loss: 3.3071, acc: 0.2316
Epoch 4/600
14:54:12 train - loss: 2.9959
14:54:12 valid - loss: 3.1547, acc: 0.2698
Epoch 5/600
14:54:22 train - loss: 2.4706
14:54:23 valid - loss: 2.6492, acc: 0.3636
Epoch 6/600
14:54:32 train - loss: 2.1210
14:54:33 valid - loss: 2.5452, acc: 0.3891
Epoch 7/600
14:54:43 train - loss: 1.8707
14:54:43 valid - loss: 2.4694, acc: 0.4226
Epoch 8/600
14:54:53 train - loss: 1.6605
14:54:53 valid - loss: 2.1154, acc: 0.4685
Epoch 9/600
14:55:03 train - loss: 1.5057
14:55:04 valid - loss: 2.1916, acc: 0.4652
Epoch 10/600
14:55:13 train - loss: 1.3821
14:55:14 valid - loss: 2.0235, acc: 0.4920
Epoch 11/600
14:55:24 train - loss: 1.2648
14:55:24 valid - loss: 3.0713, acc: 0.4081
Epoch 12/600
14:55:34 train - loss: 1.1768
14:55:34 valid - loss: 2.1377, acc: 0.5099
Epoch 13/600
14:55:44 train - loss: 1.0826
14:55:45 valid - loss: 1.9194, acc: 0.5377
Epoch 14/600
14:55:54 train - loss: 1.0200
14:55:55 valid - loss: 2.3152, acc: 0.4973
Epoch 15/600
14:56:05 train - loss: 0.9499
14:56:05 valid - loss: 2.0746, acc: 0.5378
Epoch 16/600
14:56:15 train - loss: 0.8939
14:56:15 valid - loss: 1.8583, acc: 0.5676
Epoch 17/600
14:56:25 train - loss: 0.8231
14:56:26 valid - loss: 1.6617, acc: 0.5827
Epoch 18/600
14:56:35 train - loss: 0.7800
14:56:36 valid - loss: 2.0255, acc: 0.5458
Epoch 19/600
14:56:46 train - loss: 0.7327
14:56:46 valid - loss: 2.2259, acc: 0.5477
Epoch 20/600
14:56:56 train - loss: 0.6978
14:56:57 valid - loss: 1.7209, acc: 0.5983
Epoch 21/600
14:57:06 train - loss: 0.6444
14:57:07 valid - loss: 1.9760, acc: 0.5742
Epoch 22/600
14:57:17 train - loss: 0.5839
14:57:17 valid - loss: 1.7328, acc: 0.6060
Epoch 23/600
14:57:27 train - loss: 0.5366
14:57:27 valid - loss: 1.8911, acc: 0.6081
Epoch 24/600
14:57:37 train - loss: 0.4864
14:57:38 valid - loss: 1.9559, acc: 0.5685
Epoch 25/600
14:57:47 train - loss: 0.4416
14:57:48 valid - loss: 2.0289, acc: 0.5989
Epoch 26/600
14:57:58 train - loss: 0.3962
14:57:58 valid - loss: 1.6327, acc: 0.6448
Epoch 27/600
14:58:08 train - loss: 0.3673
14:58:08 valid - loss: 1.7340, acc: 0.6354
Epoch 28/600
14:58:18 train - loss: 0.3462
14:58:19 valid - loss: 1.8612, acc: 0.6211
Epoch 29/600
14:58:28 train - loss: 0.3219
14:58:29 valid - loss: 1.6170, acc: 0.6466
Epoch 30/600
14:58:39 train - loss: 0.3016
14:58:39 valid - loss: 1.8940, acc: 0.6479
Epoch 31/600
14:58:49 train - loss: 0.2827
14:58:49 valid - loss: 1.5664, acc: 0.6714
Epoch 32/600
14:58:59 train - loss: 0.2588
14:59:00 valid - loss: 1.7235, acc: 0.6400
Epoch 33/600
14:59:10 train - loss: 0.2347
14:59:10 valid - loss: 1.6618, acc: 0.6704
Epoch 34/600
14:59:20 train - loss: 0.2331
14:59:20 valid - loss: 1.7023, acc: 0.6509
Epoch 35/600
14:59:30 train - loss: 0.2137
14:59:31 valid - loss: 1.7275, acc: 0.6576
Epoch 36/600
14:59:40 train - loss: 0.1920
14:59:41 valid - loss: 1.5857, acc: 0.6742
Epoch 37/600
14:59:51 train - loss: 0.1893
14:59:51 valid - loss: 1.7458, acc: 0.6629
Epoch 38/600
15:00:01 train - loss: 0.1858
15:00:01 valid - loss: 1.8051, acc: 0.6647
Epoch 39/600
15:00:11 train - loss: 0.1725
15:00:12 valid - loss: 1.6893, acc: 0.6577
Epoch 40/600
15:00:21 train - loss: 0.1656
15:00:22 valid - loss: 2.0658, acc: 0.6403
Epoch 41/600
15:00:32 train - loss: 0.1636
15:00:32 valid - loss: 1.7338, acc: 0.6683
Epoch 42/600
15:00:42 train - loss: 0.1536
15:00:43 valid - loss: 1.6144, acc: 0.6760
Epoch 43/600
15:00:52 train - loss: 0.1464
15:00:53 valid - loss: 1.6447, acc: 0.6839
Epoch 44/600
15:01:03 train - loss: 0.1480
15:01:03 valid - loss: 1.8416, acc: 0.6711
Epoch 45/600
15:01:13 train - loss: 0.1487
15:01:13 valid - loss: 1.8609, acc: 0.6598
Epoch 46/600
15:01:23 train - loss: 0.1483
15:01:24 valid - loss: 1.6464, acc: 0.6837
Epoch 47/600
15:01:33 train - loss: 0.1370
15:01:34 valid - loss: 1.7839, acc: 0.6632
Epoch 48/600
15:01:44 train - loss: 0.1387
15:01:44 valid - loss: 1.8079, acc: 0.6672
Epoch 49/600
15:01:54 train - loss: 0.1372
15:01:54 valid - loss: 1.6517, acc: 0.6858
Epoch 50/600
15:02:04 train - loss: 0.1308
15:02:05 valid - loss: 1.7111, acc: 0.6755
Epoch 51/600
15:02:14 train - loss: 0.1255
15:02:15 valid - loss: 1.9337, acc: 0.6545
Epoch 52/600
15:02:25 train - loss: 0.1420
15:02:25 valid - loss: 1.9178, acc: 0.6576
Epoch 53/600
15:02:35 train - loss: 0.1255
15:02:36 valid - loss: 1.8560, acc: 0.6719
Epoch 54/600
15:02:45 train - loss: 0.1167
15:02:46 valid - loss: 1.7733, acc: 0.6873
Epoch 55/600
15:02:56 train - loss: 0.1244
15:02:56 valid - loss: 2.0152, acc: 0.6451
Epoch 56/600
15:03:06 train - loss: 0.1246
15:03:06 valid - loss: 1.8576, acc: 0.6606
Epoch 57/600
15:03:16 train - loss: 0.1272
15:03:17 valid - loss: 1.5632, acc: 0.6921
Epoch 58/600
15:03:26 train - loss: 0.1158
15:03:27 valid - loss: 1.8793, acc: 0.6568
Epoch 59/600
15:03:37 train - loss: 0.1155
15:03:37 valid - loss: 1.7620, acc: 0.6727
Epoch 60/600
15:03:47 train - loss: 0.1165
15:03:47 valid - loss: 1.5696, acc: 0.6984
Epoch 61/600
15:03:57 train - loss: 0.1138
15:03:58 valid - loss: 1.7765, acc: 0.6759
Epoch 62/600
15:04:07 train - loss: 0.1105
15:04:08 valid - loss: 1.6017, acc: 0.6831
Epoch 63/600
15:04:18 train - loss: 0.1233
15:04:18 valid - loss: 1.7897, acc: 0.6718
Epoch 64/600
15:04:28 train - loss: 0.1210
15:04:28 valid - loss: 1.6463, acc: 0.6846
Epoch 65/600
15:04:38 train - loss: 0.1189
15:04:39 valid - loss: 1.7613, acc: 0.6781
Epoch 66/600
15:04:48 train - loss: 0.1199
15:04:49 valid - loss: 1.6724, acc: 0.6849
Epoch 67/600
15:04:59 train - loss: 0.1224
15:04:59 valid - loss: 1.8225, acc: 0.6686
Epoch 68/600
15:05:09 train - loss: 0.1267
15:05:10 valid - loss: 1.9233, acc: 0.6557
Epoch 69/600
15:05:19 train - loss: 0.1160
15:05:20 valid - loss: 1.8416, acc: 0.6636
Epoch 70/600
15:05:30 train - loss: 0.1224
15:05:30 valid - loss: 1.9243, acc: 0.6526
Epoch 71/600
15:05:40 train - loss: 0.1157
15:05:40 valid - loss: 1.7765, acc: 0.6728
Epoch 72/600
15:05:50 train - loss: 0.1140
15:05:51 valid - loss: 1.7804, acc: 0.6791
Epoch 73/600
15:06:01 train - loss: 0.1104
15:06:01 valid - loss: 1.6331, acc: 0.6824
Epoch 74/600
15:06:11 train - loss: 0.1137
15:06:11 valid - loss: 1.7439, acc: 0.6672
Epoch 75/600
15:06:21 train - loss: 0.1172
15:06:22 valid - loss: 1.8305, acc: 0.6638
Epoch 76/600
15:06:31 train - loss: 0.1087
15:06:32 valid - loss: 1.6852, acc: 0.6788
Epoch 77/600
15:06:42 train - loss: 0.1120
15:06:42 valid - loss: 1.7793, acc: 0.6712
Epoch 78/600
15:06:52 train - loss: 0.1055
15:06:52 valid - loss: 1.8420, acc: 0.6721
Epoch 79/600
15:07:02 train - loss: 0.1025
15:07:03 valid - loss: 1.7439, acc: 0.6807
Epoch 80/600
15:07:12 train - loss: 0.0978
15:07:13 valid - loss: 1.5850, acc: 0.6950
Epoch 81/600
15:07:23 train - loss: 0.0950
15:07:23 valid - loss: 1.7153, acc: 0.6822
Epoch 82/600
15:07:33 train - loss: 0.0969
15:07:34 valid - loss: 1.8256, acc: 0.6771
Epoch 83/600
15:07:43 train - loss: 0.1058
15:07:44 valid - loss: 1.9274, acc: 0.6668
Epoch 84/600
15:07:54 train - loss: 0.1084
15:07:54 valid - loss: 1.8612, acc: 0.6711
Epoch 85/600
15:08:04 train - loss: 0.1201
15:08:04 valid - loss: 1.8847, acc: 0.6620
Epoch 86/600
15:08:14 train - loss: 0.1258
15:08:15 valid - loss: 1.9327, acc: 0.6629
Epoch 87/600
15:08:24 train - loss: 0.1095
15:08:25 valid - loss: 1.6619, acc: 0.6807
Epoch 88/600
15:08:35 train - loss: 0.1037
15:08:35 valid - loss: 1.5772, acc: 0.6973
Epoch 89/600
15:08:45 train - loss: 0.0944
15:08:46 valid - loss: 1.7049, acc: 0.6829
Epoch 90/600
15:08:55 train - loss: 0.1032
15:08:56 valid - loss: 1.8056, acc: 0.6700
Epoch 91/600
15:09:06 train - loss: 0.1043
15:09:06 valid - loss: 1.7440, acc: 0.6737
Epoch 92/600
15:09:16 train - loss: 0.1105
15:09:16 valid - loss: 1.9193, acc: 0.6607
Epoch 93/600
15:09:26 train - loss: 0.1116
15:09:27 valid - loss: 1.5697, acc: 0.6994
Epoch 94/600
15:09:36 train - loss: 0.1063
15:09:37 valid - loss: 1.7542, acc: 0.6834
Epoch 95/600
15:09:47 train - loss: 0.1031
15:09:47 valid - loss: 1.7364, acc: 0.6815
Epoch 96/600
15:09:57 train - loss: 0.0957
15:09:58 valid - loss: 1.7910, acc: 0.6637
Epoch 97/600
15:10:07 train - loss: 0.1119
15:10:08 valid - loss: 1.8411, acc: 0.6669
Epoch 98/600
15:10:18 train - loss: 0.1101
15:10:18 valid - loss: 1.6452, acc: 0.6784
Epoch 99/600
15:10:28 train - loss: 0.1065
15:10:28 valid - loss: 1.8306, acc: 0.6734
Epoch 100/600
15:10:38 train - loss: 0.0941
15:10:39 valid - loss: 1.6578, acc: 0.6808
Epoch 101/600
15:10:48 train - loss: 0.0960
15:10:49 valid - loss: 1.8959, acc: 0.6787
Epoch 102/600
15:10:59 train - loss: 0.1043
15:10:59 valid - loss: 1.7797, acc: 0.6728
Epoch 103/600
15:11:09 train - loss: 0.1081
15:11:10 valid - loss: 1.8631, acc: 0.6703
Epoch 104/600
15:11:19 train - loss: 0.1040
15:11:20 valid - loss: 2.0851, acc: 0.6363
Epoch 105/600
15:11:30 train - loss: 0.1038
15:11:30 valid - loss: 1.7504, acc: 0.6771
Epoch 106/600
15:11:40 train - loss: 0.0971
15:11:40 valid - loss: 1.7851, acc: 0.6686
Epoch 107/600
15:11:50 train - loss: 0.0910
15:11:51 valid - loss: 1.6398, acc: 0.6910
Epoch 108/600
15:12:01 train - loss: 0.0988
15:12:01 valid - loss: 1.7862, acc: 0.6692
Epoch 109/600
15:12:11 train - loss: 0.0966
15:12:11 valid - loss: 1.8439, acc: 0.6753
Epoch 110/600
15:12:21 train - loss: 0.0898
15:12:22 valid - loss: 1.8257, acc: 0.6685
Epoch 111/600
15:12:31 train - loss: 0.0874
15:12:32 valid - loss: 1.5834, acc: 0.7042
Epoch 112/600
15:12:42 train - loss: 0.0887
15:12:42 valid - loss: 1.8229, acc: 0.6639
Epoch 113/600
15:12:52 train - loss: 0.1011
15:12:53 valid - loss: 1.7876, acc: 0.6751
Epoch 114/600
15:13:02 train - loss: 0.1051
15:13:03 valid - loss: 1.6876, acc: 0.6746
Epoch 115/600
15:13:13 train - loss: 0.1061
15:13:13 valid - loss: 1.9159, acc: 0.6665
Epoch 116/600
15:13:23 train - loss: 0.1147
15:13:23 valid - loss: 1.7399, acc: 0.6734
Epoch 117/600
15:13:33 train - loss: 0.1131
15:13:34 valid - loss: 1.7381, acc: 0.6717
Epoch 118/600
15:13:43 train - loss: 0.1010
15:13:44 valid - loss: 2.0985, acc: 0.6490
Epoch 119/600
15:13:54 train - loss: 0.1086
15:13:54 valid - loss: 1.7026, acc: 0.6736
Epoch 120/600
15:14:04 train - loss: 0.0938
15:14:04 valid - loss: 1.8349, acc: 0.6703
Epoch 121/600
15:14:14 train - loss: 0.1020
15:14:15 valid - loss: 1.8657, acc: 0.6645
Epoch 122/600
15:14:25 train - loss: 0.0942
15:14:25 valid - loss: 1.7141, acc: 0.6877
Epoch 123/600
15:14:35 train - loss: 0.0915
15:14:35 valid - loss: 1.7438, acc: 0.6721
Epoch 124/600
15:14:45 train - loss: 0.0916
15:14:46 valid - loss: 2.0203, acc: 0.6513
Epoch 125/600
15:14:55 train - loss: 0.0980
15:14:56 valid - loss: 1.6407, acc: 0.6987
Epoch 126/600
15:15:06 train - loss: 0.0855
15:15:06 valid - loss: 1.7335, acc: 0.6753
Epoch 127/600
15:15:16 train - loss: 0.0855
15:15:16 valid - loss: 1.6818, acc: 0.6865
Epoch 128/600
15:15:26 train - loss: 0.0930
15:15:27 valid - loss: 1.9232, acc: 0.6658
Epoch 129/600
15:15:36 train - loss: 0.0892
15:15:37 valid - loss: 1.9789, acc: 0.6514
Epoch 130/600
15:15:47 train - loss: 0.1049
15:15:47 valid - loss: 1.8760, acc: 0.6689
Epoch 131/600
15:15:57 train - loss: 0.1083
15:15:58 valid - loss: 1.7909, acc: 0.6651
Epoch 132/600
15:16:07 train - loss: 0.0941
15:16:08 valid - loss: 1.9076, acc: 0.6563
Epoch 133/600
15:16:18 train - loss: 0.0960
15:16:18 valid - loss: 1.7412, acc: 0.6811
Epoch 134/600
15:16:28 train - loss: 0.0983
15:16:28 valid - loss: 1.8754, acc: 0.6763
Epoch 135/600
15:16:38 train - loss: 0.0916
15:16:39 valid - loss: 1.7785, acc: 0.6683
Epoch 136/600
15:16:48 train - loss: 0.0919
15:16:49 valid - loss: 1.7958, acc: 0.6713
Epoch 137/600
15:16:59 train - loss: 0.1006
15:16:59 valid - loss: 1.7242, acc: 0.6815
Epoch 138/600
15:17:09 train - loss: 0.0967
15:17:09 valid - loss: 1.6962, acc: 0.6806
Epoch 139/600
15:17:19 train - loss: 0.0889
15:17:20 valid - loss: 1.7787, acc: 0.6614
Epoch 140/600
15:17:30 train - loss: 0.0856
15:17:30 valid - loss: 1.8171, acc: 0.6740
Epoch 141/600
15:17:40 train - loss: 0.0837
15:17:40 valid - loss: 1.7975, acc: 0.6666
Epoch 142/600
15:17:50 train - loss: 0.0774
15:17:51 valid - loss: 1.7238, acc: 0.6899
Epoch 143/600
15:18:00 train - loss: 0.0843
15:18:01 valid - loss: 1.8617, acc: 0.6687
Epoch 144/600
15:18:11 train - loss: 0.0835
15:18:11 valid - loss: 1.6779, acc: 0.6950
Epoch 145/600
15:18:21 train - loss: 0.0855
15:18:22 valid - loss: 1.6601, acc: 0.6831
Epoch 146/600
15:18:31 train - loss: 0.0897
15:18:32 valid - loss: 1.7691, acc: 0.6713
Epoch 147/600
15:18:42 train - loss: 0.0904
15:18:42 valid - loss: 1.8045, acc: 0.6738
Epoch 148/600
15:18:52 train - loss: 0.0987
15:18:52 valid - loss: 1.8442, acc: 0.6640
Epoch 149/600
15:19:02 train - loss: 0.0920
15:19:03 valid - loss: 1.9058, acc: 0.6598
Epoch 150/600
15:19:13 train - loss: 0.0941
15:19:13 valid - loss: 1.9071, acc: 0.6584
Epoch 151/600
15:19:23 train - loss: 0.0873
15:19:23 valid - loss: 1.8947, acc: 0.6752
Epoch 152/600
15:19:33 train - loss: 0.0912
15:19:34 valid - loss: 1.7637, acc: 0.6810
Epoch 153/600
15:19:43 train - loss: 0.0916
15:19:44 valid - loss: 1.7868, acc: 0.6846
Epoch 154/600
15:19:54 train - loss: 0.0895
15:19:54 valid - loss: 1.8103, acc: 0.6621
Epoch 155/600
15:20:04 train - loss: 0.0893
15:20:04 valid - loss: 1.7098, acc: 0.6789
Epoch 156/600
15:20:14 train - loss: 0.0842
15:20:15 valid - loss: 1.6115, acc: 0.6864
Epoch 157/600
15:20:25 train - loss: 0.0787
15:20:25 valid - loss: 1.6866, acc: 0.6831
Epoch 158/600
15:20:35 train - loss: 0.0789
15:20:35 valid - loss: 1.6029, acc: 0.6941
Epoch 159/600
15:20:45 train - loss: 0.0887
15:20:46 valid - loss: 1.7519, acc: 0.6754
Epoch 160/600
15:20:55 train - loss: 0.0970
15:20:56 valid - loss: 1.9225, acc: 0.6552
Epoch 161/600
15:21:06 train - loss: 0.1002
15:21:06 valid - loss: 1.8000, acc: 0.6502
Epoch 162/600
15:21:16 train - loss: 0.0992
15:21:17 valid - loss: 1.9352, acc: 0.6583
Epoch 163/600
15:21:26 train - loss: 0.0973
15:21:27 valid - loss: 1.8603, acc: 0.6625
Epoch 164/600
15:21:37 train - loss: 0.0893
15:21:37 valid - loss: 1.6613, acc: 0.6837
Epoch 165/600
15:21:47 train - loss: 0.0812
15:21:47 valid - loss: 1.7628, acc: 0.6727
Epoch 166/600
15:21:57 train - loss: 0.0751
15:21:58 valid - loss: 1.7483, acc: 0.6772
Epoch 167/600
15:22:07 train - loss: 0.0833
15:22:08 valid - loss: 1.7629, acc: 0.6718
Epoch 168/600
15:22:18 train - loss: 0.0832
15:22:18 valid - loss: 1.7593, acc: 0.6765
Epoch 169/600
15:22:28 train - loss: 0.0780
15:22:29 valid - loss: 1.6472, acc: 0.6876
Epoch 170/600
15:22:38 train - loss: 0.0890
15:22:39 valid - loss: 1.7034, acc: 0.6774
Epoch 171/600
15:22:49 train - loss: 0.0892
15:22:49 valid - loss: 1.6423, acc: 0.6864
Epoch 172/600
15:22:59 train - loss: 0.0868
15:22:59 valid - loss: 1.6435, acc: 0.6885
Epoch 173/600
15:23:09 train - loss: 0.0864
15:23:10 valid - loss: 1.6896, acc: 0.6786
Epoch 174/600
15:23:19 train - loss: 0.0823
15:23:20 valid - loss: 1.7791, acc: 0.6764
Epoch 175/600
15:23:30 train - loss: 0.0806
15:23:30 valid - loss: 1.9530, acc: 0.6619
Epoch 176/600
15:23:40 train - loss: 0.0798
15:23:40 valid - loss: 1.7672, acc: 0.6756
Epoch 177/600
15:23:50 train - loss: 0.0885
15:23:51 valid - loss: 1.9552, acc: 0.6545
Epoch 178/600
15:24:01 train - loss: 0.0959
15:24:01 valid - loss: 1.7693, acc: 0.6698
Epoch 179/600
15:24:11 train - loss: 0.0832
15:24:11 valid - loss: 1.8087, acc: 0.6771
Epoch 180/600
15:24:21 train - loss: 0.0818
15:24:22 valid - loss: 1.8585, acc: 0.6764
Epoch 181/600
15:24:31 train - loss: 0.0840
15:24:32 valid - loss: 1.8350, acc: 0.6687
Epoch 182/600
15:24:42 train - loss: 0.0833
15:24:42 valid - loss: 1.7416, acc: 0.6769
Epoch 183/600
15:24:52 train - loss: 0.0865
15:24:53 valid - loss: 1.6970, acc: 0.6873
Epoch 184/600
15:25:02 train - loss: 0.0838
15:25:03 valid - loss: 1.6935, acc: 0.6637
Epoch 185/600
15:25:13 train - loss: 0.0873
15:25:13 valid - loss: 1.8484, acc: 0.6607
Epoch 186/600
15:25:23 train - loss: 0.0823
15:25:23 valid - loss: 1.7147, acc: 0.6929
Epoch 187/600
15:25:33 train - loss: 0.0743
15:25:34 valid - loss: 1.7840, acc: 0.6707
Epoch 188/600
15:25:44 train - loss: 0.0758
15:25:44 valid - loss: 1.6894, acc: 0.6807
Epoch 189/600
15:25:54 train - loss: 0.0759
15:25:54 valid - loss: 1.6759, acc: 0.6931
Epoch 190/600
15:26:04 train - loss: 0.0751
15:26:05 valid - loss: 1.8982, acc: 0.6449
Epoch 191/600
15:26:14 train - loss: 0.0867
15:26:15 valid - loss: 1.8336, acc: 0.6681
Epoch 192/600
15:26:25 train - loss: 0.0906
15:26:25 valid - loss: 1.7331, acc: 0.6719
Epoch 193/600
15:26:35 train - loss: 0.0863
15:26:36 valid - loss: 1.7821, acc: 0.6745
Epoch 194/600
15:26:45 train - loss: 0.0947
15:26:46 valid - loss: 1.8504, acc: 0.6607
Epoch 195/600
15:26:56 train - loss: 0.0968
15:26:56 valid - loss: 1.7194, acc: 0.6702
Epoch 196/600
15:27:06 train - loss: 0.0833
15:27:06 valid - loss: 1.6637, acc: 0.6867
Epoch 197/600
15:27:16 train - loss: 0.0792
15:27:17 valid - loss: 1.7761, acc: 0.6761
Epoch 198/600
15:27:26 train - loss: 0.0795
15:27:27 valid - loss: 1.7280, acc: 0.6807
Epoch 199/600
15:27:37 train - loss: 0.0862
15:27:37 valid - loss: 1.7648, acc: 0.6804
Epoch 200/600
15:27:47 train - loss: 0.0773
15:27:47 valid - loss: 1.7459, acc: 0.6945
Epoch 201/600
15:27:57 train - loss: 0.0811
15:27:58 valid - loss: 2.1300, acc: 0.6235
Epoch 202/600
15:28:08 train - loss: 0.0905
15:28:08 valid - loss: 1.8156, acc: 0.6538
Epoch 203/600
15:28:18 train - loss: 0.0870
15:28:18 valid - loss: 1.7758, acc: 0.6784
Epoch 204/600
15:28:28 train - loss: 0.0735
15:28:29 valid - loss: 1.7049, acc: 0.6871
Epoch 205/600
15:28:38 train - loss: 0.0856
15:28:39 valid - loss: 1.9187, acc: 0.6630
Epoch 206/600
15:28:49 train - loss: 0.0913
15:28:49 valid - loss: 1.8222, acc: 0.6659
Epoch 207/600
15:28:59 train - loss: 0.0822
15:28:59 valid - loss: 1.5868, acc: 0.6934
Epoch 208/600
15:29:09 train - loss: 0.0798
15:29:10 valid - loss: 1.7807, acc: 0.6782
Epoch 209/600
15:29:20 train - loss: 0.0786
15:29:20 valid - loss: 1.6739, acc: 0.6872
Epoch 210/600
15:29:30 train - loss: 0.0795
15:29:30 valid - loss: 1.8613, acc: 0.6737
Epoch 211/600
15:29:40 train - loss: 0.0764
15:29:41 valid - loss: 1.6966, acc: 0.6898
Epoch 212/600
15:29:50 train - loss: 0.0744
15:29:51 valid - loss: 1.6612, acc: 0.7053
Epoch 213/600
15:30:01 train - loss: 0.0703
15:30:01 valid - loss: 1.7223, acc: 0.6890
Epoch 214/600
15:30:11 train - loss: 0.0677
15:30:12 valid - loss: 1.6777, acc: 0.6944
Epoch 215/600
15:30:21 train - loss: 0.0839
15:30:22 valid - loss: 1.7687, acc: 0.6772
Epoch 216/600
15:30:32 train - loss: 0.0811
15:30:32 valid - loss: 1.9208, acc: 0.6608
Epoch 217/600
15:30:42 train - loss: 0.0824
15:30:42 valid - loss: 1.6918, acc: 0.6858
Epoch 218/600
15:30:52 train - loss: 0.0809
15:30:53 valid - loss: 1.9276, acc: 0.6697
Epoch 219/600
15:31:03 train - loss: 0.0718
15:31:03 valid - loss: 1.7019, acc: 0.6841
Epoch 220/600
15:31:13 train - loss: 0.0733
15:31:14 valid - loss: 1.7371, acc: 0.6779
Epoch 221/600
15:31:23 train - loss: 0.0811
15:31:24 valid - loss: 1.6420, acc: 0.6936
Epoch 222/600
15:31:34 train - loss: 0.0747
15:31:34 valid - loss: 1.9083, acc: 0.6499
Epoch 223/600
15:31:44 train - loss: 0.0859
15:31:45 valid - loss: 1.7396, acc: 0.6729
Epoch 224/600
15:31:54 train - loss: 0.0953
15:31:55 valid - loss: 1.8296, acc: 0.6624
Epoch 225/600
15:32:05 train - loss: 0.0973
15:32:05 valid - loss: 1.9389, acc: 0.6558
Epoch 226/600
15:32:15 train - loss: 0.0931
15:32:15 valid - loss: 1.7089, acc: 0.6840
Epoch 227/600
15:32:25 train - loss: 0.0898
15:32:26 valid - loss: 1.7898, acc: 0.6714
Epoch 228/600
15:32:36 train - loss: 0.0845
15:32:36 valid - loss: 1.8338, acc: 0.6727
Epoch 229/600
15:32:46 train - loss: 0.0739
15:32:46 valid - loss: 1.8629, acc: 0.6633
Epoch 230/600
15:32:56 train - loss: 0.0682
15:32:57 valid - loss: 1.6213, acc: 0.6864
Epoch 231/600
15:33:06 train - loss: 0.0737
15:33:07 valid - loss: 1.6483, acc: 0.6910
Epoch 232/600
15:33:17 train - loss: 0.0707
15:33:17 valid - loss: 1.7270, acc: 0.6894
Epoch 233/600
15:33:27 train - loss: 0.0694
15:33:27 valid - loss: 1.7489, acc: 0.6842
Epoch 234/600
15:33:37 train - loss: 0.0678
15:33:38 valid - loss: 1.5832, acc: 0.6971
Epoch 235/600
15:33:47 train - loss: 0.0675
15:33:48 valid - loss: 1.6645, acc: 0.6868
Epoch 236/600
15:33:58 train - loss: 0.0685
15:33:58 valid - loss: 1.5740, acc: 0.6894
Epoch 237/600
15:34:08 train - loss: 0.0803
15:34:09 valid - loss: 1.9294, acc: 0.6572
Epoch 238/600
15:34:18 train - loss: 0.0780
15:34:19 valid - loss: 1.6190, acc: 0.6922
Epoch 239/600
15:34:29 train - loss: 0.0727
15:34:29 valid - loss: 1.7190, acc: 0.6760
Epoch 240/600
15:34:39 train - loss: 0.0769
15:34:40 valid - loss: 1.8841, acc: 0.6605
Epoch 241/600
15:34:49 train - loss: 0.0833
15:34:50 valid - loss: 1.6693, acc: 0.6821
Epoch 242/600
15:35:00 train - loss: 0.0842
15:35:00 valid - loss: 1.9015, acc: 0.6639
Epoch 243/600
15:35:10 train - loss: 0.1035
15:35:10 valid - loss: 1.8993, acc: 0.6729
Epoch 244/600
15:35:20 train - loss: 0.0878
15:35:21 valid - loss: 1.6955, acc: 0.6742
Epoch 245/600
15:35:31 train - loss: 0.0744
15:35:31 valid - loss: 1.6052, acc: 0.6954
Epoch 246/600
15:35:41 train - loss: 0.0723
15:35:41 valid - loss: 1.6465, acc: 0.6999
Epoch 247/600
15:35:51 train - loss: 0.0623
15:35:52 valid - loss: 1.8500, acc: 0.6759
Epoch 248/600
15:36:01 train - loss: 0.0703
15:36:02 valid - loss: 1.5666, acc: 0.6989
Epoch 249/600
15:36:12 train - loss: 0.0660
15:36:12 valid - loss: 1.8979, acc: 0.6697
Epoch 250/600
15:36:22 train - loss: 0.0801
15:36:23 valid - loss: 1.6931, acc: 0.6798
Epoch 251/600
15:36:32 train - loss: 0.0769
15:36:33 valid - loss: 1.6833, acc: 0.6910
Epoch 252/600
15:36:43 train - loss: 0.0819
15:36:43 valid - loss: 2.0640, acc: 0.6619
Epoch 253/600
15:36:53 train - loss: 0.0944
15:36:53 valid - loss: 1.5625, acc: 0.6933
Epoch 254/600
15:37:03 train - loss: 0.0877
15:37:04 valid - loss: 1.6948, acc: 0.6883
Epoch 255/600
15:37:13 train - loss: 0.0789
15:37:14 valid - loss: 1.6531, acc: 0.6920
Epoch 256/600
15:37:24 train - loss: 0.0805
15:37:24 valid - loss: 1.7166, acc: 0.6734
Epoch 257/600
15:37:34 train - loss: 0.0707
15:37:35 valid - loss: 1.6609, acc: 0.6876
Epoch 258/600
15:37:44 train - loss: 0.0675
15:37:45 valid - loss: 1.6346, acc: 0.6898
Epoch 259/600
15:37:55 train - loss: 0.0679
15:37:55 valid - loss: 1.6139, acc: 0.6940
Epoch 260/600
15:38:05 train - loss: 0.0718
15:38:06 valid - loss: 1.5434, acc: 0.6979
Epoch 261/600
15:38:15 train - loss: 0.0636
15:38:16 valid - loss: 1.6701, acc: 0.6886
Epoch 262/600
15:38:26 train - loss: 0.0685
15:38:26 valid - loss: 1.6792, acc: 0.6812
Epoch 263/600
15:38:36 train - loss: 0.0842
15:38:36 valid - loss: 1.7192, acc: 0.6792
Epoch 264/600
15:38:46 train - loss: 0.0941
15:38:47 valid - loss: 1.6570, acc: 0.6829
Epoch 265/600
15:38:56 train - loss: 0.0876
15:38:57 valid - loss: 1.8748, acc: 0.6687
Epoch 266/600
15:39:07 train - loss: 0.0826
15:39:07 valid - loss: 1.6745, acc: 0.6882
Epoch 267/600
15:39:17 train - loss: 0.0858
15:39:17 valid - loss: 1.7987, acc: 0.6748
Epoch 268/600
15:39:27 train - loss: 0.0835
15:39:28 valid - loss: 1.7986, acc: 0.6648
Epoch 269/600
15:39:38 train - loss: 0.0722
15:39:38 valid - loss: 1.6009, acc: 0.6972
Epoch 270/600
15:39:48 train - loss: 0.0664
15:39:48 valid - loss: 1.5775, acc: 0.6955
Epoch 271/600
15:39:58 train - loss: 0.0694
15:39:59 valid - loss: 1.7163, acc: 0.6809
Epoch 272/600
15:40:08 train - loss: 0.0679
15:40:09 valid - loss: 1.7249, acc: 0.6828
Epoch 273/600
15:40:19 train - loss: 0.0626
15:40:19 valid - loss: 1.6240, acc: 0.6921
Epoch 274/600
15:40:29 train - loss: 0.0677
15:40:29 valid - loss: 1.6252, acc: 0.6957
Epoch 275/600
15:40:39 train - loss: 0.0671
15:40:40 valid - loss: 1.5806, acc: 0.6960
Epoch 276/600
15:40:50 train - loss: 0.0703
15:40:50 valid - loss: 1.5653, acc: 0.7016
Epoch 277/600
15:41:00 train - loss: 0.0756
15:41:00 valid - loss: 1.7508, acc: 0.6807
Epoch 278/600
15:41:10 train - loss: 0.0806
15:41:11 valid - loss: 1.8481, acc: 0.6745
Epoch 279/600
15:41:20 train - loss: 0.0810
15:41:21 valid - loss: 1.4664, acc: 0.7021
Epoch 280/600
15:41:31 train - loss: 0.0848
15:41:31 valid - loss: 1.7040, acc: 0.6715
Epoch 281/600
15:41:41 train - loss: 0.0884
15:41:42 valid - loss: 1.7654, acc: 0.6775
Epoch 282/600
15:41:51 train - loss: 0.0816
15:41:52 valid - loss: 1.5395, acc: 0.6964
Epoch 283/600
15:42:02 train - loss: 0.0814
15:42:02 valid - loss: 1.7119, acc: 0.6791
Epoch 284/600
15:42:12 train - loss: 0.0803
15:42:12 valid - loss: 1.6811, acc: 0.6856
Epoch 285/600
15:42:22 train - loss: 0.0772
15:42:23 valid - loss: 1.6894, acc: 0.6855
Epoch 286/600
15:42:32 train - loss: 0.0766
15:42:33 valid - loss: 1.7375, acc: 0.6866
Epoch 287/600
15:42:43 train - loss: 0.0786
15:42:43 valid - loss: 1.6953, acc: 0.6668
Epoch 288/600
15:42:53 train - loss: 0.0799
15:42:54 valid - loss: 1.7229, acc: 0.6865
Epoch 289/600
15:43:03 train - loss: 0.0743
15:43:04 valid - loss: 1.5856, acc: 0.6956
Epoch 290/600
15:43:14 train - loss: 0.0623
15:43:14 valid - loss: 1.6440, acc: 0.6910
Epoch 291/600
15:43:24 train - loss: 0.0640
15:43:24 valid - loss: 1.5770, acc: 0.7026
Epoch 292/600
15:43:34 train - loss: 0.0580
15:43:35 valid - loss: 1.6584, acc: 0.6902
Epoch 293/600
15:43:44 train - loss: 0.0639
15:43:45 valid - loss: 1.7964, acc: 0.6709
Epoch 294/600
15:43:55 train - loss: 0.0783
15:43:55 valid - loss: 1.7880, acc: 0.6632
Epoch 295/600
15:44:05 train - loss: 0.0774
15:44:05 valid - loss: 1.6065, acc: 0.7009
Epoch 296/600
15:44:15 train - loss: 0.0755
15:44:16 valid - loss: 1.7950, acc: 0.6659
Epoch 297/600
15:44:26 train - loss: 0.0822
15:44:26 valid - loss: 1.6575, acc: 0.6793
Epoch 298/600
15:44:36 train - loss: 0.0820
15:44:36 valid - loss: 1.7383, acc: 0.6876
Epoch 299/600
15:44:46 train - loss: 0.0750
15:44:47 valid - loss: 1.6012, acc: 0.6965
Epoch 300/600
15:44:56 train - loss: 0.0710
15:44:57 valid - loss: 1.5960, acc: 0.6985
Epoch 301/600
15:45:07 train - loss: 0.0775
15:45:07 valid - loss: 1.7334, acc: 0.6702
Epoch 302/600
15:45:17 train - loss: 0.0759
15:45:17 valid - loss: 1.6692, acc: 0.6932
Epoch 303/600
15:45:27 train - loss: 0.0668
15:45:28 valid - loss: 1.6522, acc: 0.6913
Epoch 304/600
15:45:37 train - loss: 0.0706
15:45:38 valid - loss: 1.7476, acc: 0.6821
Epoch 305/600
15:45:48 train - loss: 0.0725
15:45:48 valid - loss: 1.6675, acc: 0.6929
Epoch 306/600
15:45:58 train - loss: 0.0771
15:45:59 valid - loss: 1.6047, acc: 0.6862
Epoch 307/600
15:46:08 train - loss: 0.0743
15:46:09 valid - loss: 1.7568, acc: 0.6716
Epoch 308/600
15:46:19 train - loss: 0.0681
15:46:19 valid - loss: 1.7531, acc: 0.6826
Epoch 309/600
15:46:29 train - loss: 0.0637
15:46:30 valid - loss: 1.5640, acc: 0.6946
Epoch 310/600
15:46:39 train - loss: 0.0653
15:46:40 valid - loss: 1.6300, acc: 0.6978
Epoch 311/600
15:46:50 train - loss: 0.0741
15:46:50 valid - loss: 1.4705, acc: 0.6943
Epoch 312/600
15:47:00 train - loss: 0.0791
15:47:01 valid - loss: 1.6650, acc: 0.6866
Epoch 313/600
15:47:10 train - loss: 0.0786
15:47:11 valid - loss: 1.7319, acc: 0.6792
Epoch 314/600
15:47:21 train - loss: 0.0807
15:47:21 valid - loss: 1.8126, acc: 0.6698
Epoch 315/600
15:47:31 train - loss: 0.0797
15:47:32 valid - loss: 1.7345, acc: 0.6820
Epoch 316/600
15:47:41 train - loss: 0.0832
15:47:42 valid - loss: 1.9436, acc: 0.6531
Epoch 317/600
15:47:52 train - loss: 0.0763
15:47:52 valid - loss: 1.6475, acc: 0.6786
Epoch 318/600
15:48:02 train - loss: 0.0801
15:48:02 valid - loss: 1.7132, acc: 0.6760
Epoch 319/600
15:48:12 train - loss: 0.0759
15:48:13 valid - loss: 1.6173, acc: 0.6971
Epoch 320/600
15:48:22 train - loss: 0.0753
15:48:23 valid - loss: 1.7042, acc: 0.6807
Epoch 321/600
15:48:33 train - loss: 0.0300
15:48:33 valid - loss: 1.1962, acc: 0.7645
Epoch 322/600
15:48:43 train - loss: 0.0114
15:48:44 valid - loss: 1.1668, acc: 0.7671
Epoch 323/600
15:48:53 train - loss: 0.0082
15:48:54 valid - loss: 1.1563, acc: 0.7714
Epoch 324/600
15:49:04 train - loss: 0.0066
15:49:04 valid - loss: 1.1511, acc: 0.7699
Epoch 325/600
15:49:14 train - loss: 0.0060
15:49:14 valid - loss: 1.1445, acc: 0.7718
Epoch 326/600
15:49:24 train - loss: 0.0049
15:49:25 valid - loss: 1.1428, acc: 0.7730
Epoch 327/600
15:49:35 train - loss: 0.0045
15:49:35 valid - loss: 1.1352, acc: 0.7730
Epoch 328/600
15:49:45 train - loss: 0.0042
15:49:45 valid - loss: 1.1314, acc: 0.7723
Epoch 329/600
15:49:55 train - loss: 0.0039
15:49:56 valid - loss: 1.1318, acc: 0.7730
Epoch 330/600
15:50:05 train - loss: 0.0038
15:50:06 valid - loss: 1.1274, acc: 0.7744
Epoch 331/600
15:50:16 train - loss: 0.0035
15:50:16 valid - loss: 1.1241, acc: 0.7743
Epoch 332/600
15:50:26 train - loss: 0.0035
15:50:27 valid - loss: 1.1240, acc: 0.7739
Epoch 333/600
15:50:36 train - loss: 0.0033
15:50:37 valid - loss: 1.1177, acc: 0.7734
Epoch 334/600
15:50:47 train - loss: 0.0032
15:50:47 valid - loss: 1.1193, acc: 0.7750
Epoch 335/600
15:50:57 train - loss: 0.0030
15:50:57 valid - loss: 1.1153, acc: 0.7737
Epoch 336/600
15:51:07 train - loss: 0.0030
15:51:08 valid - loss: 1.1099, acc: 0.7743
Epoch 337/600
15:51:18 train - loss: 0.0029
15:51:18 valid - loss: 1.1071, acc: 0.7753
Epoch 338/600
15:51:28 train - loss: 0.0028
15:51:28 valid - loss: 1.1064, acc: 0.7751
Epoch 339/600
15:51:38 train - loss: 0.0027
15:51:39 valid - loss: 1.1049, acc: 0.7765
Epoch 340/600
15:51:48 train - loss: 0.0026
15:51:49 valid - loss: 1.0995, acc: 0.7759
Epoch 341/600
15:51:59 train - loss: 0.0026
15:51:59 valid - loss: 1.0945, acc: 0.7771
Epoch 342/600
15:52:09 train - loss: 0.0027
15:52:10 valid - loss: 1.0976, acc: 0.7772
Epoch 343/600
15:52:19 train - loss: 0.0027
15:52:20 valid - loss: 1.0936, acc: 0.7759
Epoch 344/600
15:52:30 train - loss: 0.0024
15:52:30 valid - loss: 1.0908, acc: 0.7760
Epoch 345/600
15:52:40 train - loss: 0.0026
15:52:41 valid - loss: 1.0935, acc: 0.7767
Epoch 346/600
15:52:50 train - loss: 0.0023
15:52:51 valid - loss: 1.0916, acc: 0.7765
Epoch 347/600
15:53:01 train - loss: 0.0024
15:53:01 valid - loss: 1.0863, acc: 0.7783
Epoch 348/600
15:53:11 train - loss: 0.0024
15:53:11 valid - loss: 1.0810, acc: 0.7803
Epoch 349/600
15:53:21 train - loss: 0.0023
15:53:22 valid - loss: 1.0805, acc: 0.7772
Epoch 350/600
15:53:31 train - loss: 0.0024
15:53:32 valid - loss: 1.0770, acc: 0.7770
Epoch 351/600
15:53:42 train - loss: 0.0025
15:53:42 valid - loss: 1.0733, acc: 0.7786
Epoch 352/600
15:53:52 train - loss: 0.0022
15:53:53 valid - loss: 1.0753, acc: 0.7783
Epoch 353/600
15:54:02 train - loss: 0.0023
15:54:03 valid - loss: 1.0705, acc: 0.7772
Epoch 354/600
15:54:13 train - loss: 0.0023
15:54:13 valid - loss: 1.0678, acc: 0.7795
Epoch 355/600
15:54:23 train - loss: 0.0023
15:54:23 valid - loss: 1.0649, acc: 0.7782
Epoch 356/600
15:54:33 train - loss: 0.0022
15:54:34 valid - loss: 1.0631, acc: 0.7790
Epoch 357/600
15:54:43 train - loss: 0.0023
15:54:44 valid - loss: 1.0607, acc: 0.7778
Epoch 358/600
15:54:54 train - loss: 0.0024
15:54:54 valid - loss: 1.0573, acc: 0.7786
Epoch 359/600
15:55:04 train - loss: 0.0024
15:55:05 valid - loss: 1.0565, acc: 0.7801
Epoch 360/600
15:55:14 train - loss: 0.0022
15:55:15 valid - loss: 1.0511, acc: 0.7797
Epoch 361/600
15:55:25 train - loss: 0.0021
15:55:25 valid - loss: 1.0510, acc: 0.7807
Epoch 362/600
15:55:35 train - loss: 0.0022
15:55:35 valid - loss: 1.0471, acc: 0.7793
Epoch 363/600
15:55:45 train - loss: 0.0021
15:55:46 valid - loss: 1.0481, acc: 0.7795
Epoch 364/600
15:55:55 train - loss: 0.0022
15:55:56 valid - loss: 1.0474, acc: 0.7797
Epoch 365/600
15:56:06 train - loss: 0.0023
15:56:06 valid - loss: 1.0457, acc: 0.7804
Epoch 366/600
15:56:16 train - loss: 0.0022
15:56:17 valid - loss: 1.0416, acc: 0.7802
Epoch 367/600
15:56:26 train - loss: 0.0022
15:56:27 valid - loss: 1.0429, acc: 0.7792
Epoch 368/600
15:56:37 train - loss: 0.0022
15:56:37 valid - loss: 1.0370, acc: 0.7799
Epoch 369/600
15:56:47 train - loss: 0.0023
15:56:47 valid - loss: 1.0373, acc: 0.7801
Epoch 370/600
15:56:57 train - loss: 0.0021
15:56:58 valid - loss: 1.0356, acc: 0.7783
Epoch 371/600
15:57:08 train - loss: 0.0021
15:57:08 valid - loss: 1.0294, acc: 0.7804
Epoch 372/600
15:57:18 train - loss: 0.0021
15:57:18 valid - loss: 1.0313, acc: 0.7797
Epoch 373/600
15:57:28 train - loss: 0.0020
15:57:29 valid - loss: 1.0266, acc: 0.7813
Epoch 374/600
15:57:39 train - loss: 0.0022
15:57:39 valid - loss: 1.0266, acc: 0.7791
Epoch 375/600
15:57:49 train - loss: 0.0022
15:57:49 valid - loss: 1.0243, acc: 0.7819
Epoch 376/600
15:57:59 train - loss: 0.0022
15:58:00 valid - loss: 1.0223, acc: 0.7819
Epoch 377/600
15:58:09 train - loss: 0.0022
15:58:10 valid - loss: 1.0230, acc: 0.7817
Epoch 378/600
15:58:20 train - loss: 0.0021
15:58:20 valid - loss: 1.0190, acc: 0.7828
Epoch 379/600
15:58:30 train - loss: 0.0021
15:58:31 valid - loss: 1.0192, acc: 0.7813
Epoch 380/600
15:58:40 train - loss: 0.0021
15:58:41 valid - loss: 1.0167, acc: 0.7825
Epoch 381/600
15:58:51 train - loss: 0.0022
15:58:51 valid - loss: 1.0150, acc: 0.7812
Epoch 382/600
15:59:01 train - loss: 0.0021
15:59:01 valid - loss: 1.0123, acc: 0.7829
Epoch 383/600
15:59:11 train - loss: 0.0022
15:59:12 valid - loss: 1.0117, acc: 0.7807
Epoch 384/600
15:59:22 train - loss: 0.0021
15:59:22 valid - loss: 1.0107, acc: 0.7828
Epoch 385/600
15:59:32 train - loss: 0.0022
15:59:32 valid - loss: 1.0085, acc: 0.7805
Epoch 386/600
15:59:42 train - loss: 0.0021
15:59:43 valid - loss: 1.0065, acc: 0.7819
Epoch 387/600
15:59:52 train - loss: 0.0021
15:59:53 valid - loss: 1.0042, acc: 0.7834
Epoch 388/600
16:00:03 train - loss: 0.0021
16:00:03 valid - loss: 1.0037, acc: 0.7826
Epoch 389/600
16:00:13 train - loss: 0.0021
16:00:14 valid - loss: 0.9965, acc: 0.7833
Epoch 390/600
16:00:23 train - loss: 0.0021
16:00:24 valid - loss: 0.9983, acc: 0.7844
Epoch 391/600
16:00:34 train - loss: 0.0022
16:00:34 valid - loss: 0.9930, acc: 0.7838
Epoch 392/600
16:00:44 train - loss: 0.0021
16:00:44 valid - loss: 0.9954, acc: 0.7820
Epoch 393/600
16:00:54 train - loss: 0.0022
16:00:55 valid - loss: 0.9955, acc: 0.7832
Epoch 394/600
16:01:04 train - loss: 0.0022
16:01:05 valid - loss: 0.9919, acc: 0.7833
Epoch 395/600
16:01:15 train - loss: 0.0022
16:01:15 valid - loss: 0.9909, acc: 0.7841
Epoch 396/600
16:01:25 train - loss: 0.0022
16:01:25 valid - loss: 0.9904, acc: 0.7839
Epoch 397/600
16:01:35 train - loss: 0.0022
16:01:36 valid - loss: 0.9869, acc: 0.7828
Epoch 398/600
16:01:45 train - loss: 0.0022
16:01:46 valid - loss: 0.9886, acc: 0.7830
Epoch 399/600
16:01:56 train - loss: 0.0023
16:01:56 valid - loss: 0.9846, acc: 0.7835
Epoch 400/600
16:02:06 train - loss: 0.0022
16:02:07 valid - loss: 0.9824, acc: 0.7836
Epoch 401/600
16:02:16 train - loss: 0.0022
16:02:17 valid - loss: 0.9834, acc: 0.7819
Epoch 402/600
16:02:27 train - loss: 0.0023
16:02:27 valid - loss: 0.9797, acc: 0.7834
Epoch 403/600
16:02:37 train - loss: 0.0022
16:02:37 valid - loss: 0.9793, acc: 0.7831
Epoch 404/600
16:02:47 train - loss: 0.0022
16:02:48 valid - loss: 0.9764, acc: 0.7820
Epoch 405/600
16:02:58 train - loss: 0.0021
16:02:58 valid - loss: 0.9734, acc: 0.7839
Epoch 406/600
16:03:08 train - loss: 0.0022
16:03:08 valid - loss: 0.9718, acc: 0.7826
Epoch 407/600
16:03:18 train - loss: 0.0023
16:03:19 valid - loss: 0.9726, acc: 0.7843
Epoch 408/600
16:03:29 train - loss: 0.0023
16:03:29 valid - loss: 0.9709, acc: 0.7851
Epoch 409/600
16:03:39 train - loss: 0.0023
16:03:39 valid - loss: 0.9722, acc: 0.7825
Epoch 410/600
16:03:49 train - loss: 0.0023
16:03:50 valid - loss: 0.9682, acc: 0.7841
Epoch 411/600
16:03:59 train - loss: 0.0024
16:04:00 valid - loss: 0.9681, acc: 0.7842
Epoch 412/600
16:04:10 train - loss: 0.0024
16:04:10 valid - loss: 0.9650, acc: 0.7832
Epoch 413/600
16:04:20 train - loss: 0.0023
16:04:21 valid - loss: 0.9676, acc: 0.7853
Epoch 414/600
16:04:30 train - loss: 0.0024
16:04:31 valid - loss: 0.9700, acc: 0.7836
Epoch 415/600
16:04:41 train - loss: 0.0023
16:04:41 valid - loss: 0.9627, acc: 0.7826
Epoch 416/600
16:04:51 train - loss: 0.0024
16:04:52 valid - loss: 0.9609, acc: 0.7835
Epoch 417/600
16:05:01 train - loss: 0.0023
16:05:02 valid - loss: 0.9621, acc: 0.7837
Epoch 418/600
16:05:12 train - loss: 0.0023
16:05:12 valid - loss: 0.9645, acc: 0.7836
Epoch 419/600
16:05:22 train - loss: 0.0024
16:05:22 valid - loss: 0.9598, acc: 0.7843
Epoch 420/600
16:05:32 train - loss: 0.0024
16:05:33 valid - loss: 0.9582, acc: 0.7840
Epoch 421/600
16:05:42 train - loss: 0.0023
16:05:43 valid - loss: 0.9615, acc: 0.7838
Epoch 422/600
16:05:53 train - loss: 0.0023
16:05:53 valid - loss: 0.9541, acc: 0.7839
Epoch 423/600
16:06:03 train - loss: 0.0024
16:06:04 valid - loss: 0.9551, acc: 0.7844
Epoch 424/600
16:06:13 train - loss: 0.0025
16:06:14 valid - loss: 0.9545, acc: 0.7846
Epoch 425/600
16:06:24 train - loss: 0.0023
16:06:24 valid - loss: 0.9515, acc: 0.7857
Epoch 426/600
16:06:34 train - loss: 0.0023
16:06:35 valid - loss: 0.9499, acc: 0.7850
Epoch 427/600
16:06:44 train - loss: 0.0024
16:06:45 valid - loss: 0.9501, acc: 0.7834
Epoch 428/600
16:06:55 train - loss: 0.0024
16:06:55 valid - loss: 0.9475, acc: 0.7860
Epoch 429/600
16:07:05 train - loss: 0.0024
16:07:05 valid - loss: 0.9496, acc: 0.7845
Epoch 430/600
16:07:15 train - loss: 0.0023
16:07:16 valid - loss: 0.9475, acc: 0.7852
Epoch 431/600
16:07:26 train - loss: 0.0024
16:07:26 valid - loss: 0.9474, acc: 0.7847
Epoch 432/600
16:07:36 train - loss: 0.0024
16:07:36 valid - loss: 0.9462, acc: 0.7834
Epoch 433/600
16:07:46 train - loss: 0.0024
16:07:47 valid - loss: 0.9459, acc: 0.7872
Epoch 434/600
16:07:56 train - loss: 0.0024
16:07:57 valid - loss: 0.9419, acc: 0.7868
Epoch 435/600
16:08:07 train - loss: 0.0024
16:08:07 valid - loss: 0.9416, acc: 0.7849
Epoch 436/600
16:08:17 train - loss: 0.0024
16:08:17 valid - loss: 0.9394, acc: 0.7835
Epoch 437/600
16:08:27 train - loss: 0.0025
16:08:28 valid - loss: 0.9384, acc: 0.7869
Epoch 438/600
16:08:37 train - loss: 0.0024
16:08:38 valid - loss: 0.9389, acc: 0.7849
Epoch 439/600
16:08:48 train - loss: 0.0024
16:08:48 valid - loss: 0.9393, acc: 0.7859
Epoch 440/600
16:08:58 train - loss: 0.0024
16:08:58 valid - loss: 0.9390, acc: 0.7844
Epoch 441/600
16:09:08 train - loss: 0.0025
16:09:09 valid - loss: 0.9351, acc: 0.7841
Epoch 442/600
16:09:18 train - loss: 0.0024
16:09:19 valid - loss: 0.9368, acc: 0.7858
Epoch 443/600
16:09:29 train - loss: 0.0024
16:09:29 valid - loss: 0.9336, acc: 0.7848
Epoch 444/600
16:09:39 train - loss: 0.0024
16:09:40 valid - loss: 0.9336, acc: 0.7842
Epoch 445/600
16:09:49 train - loss: 0.0024
16:09:50 valid - loss: 0.9335, acc: 0.7839
Epoch 446/600
16:10:00 train - loss: 0.0026
16:10:00 valid - loss: 0.9315, acc: 0.7871
Epoch 447/600
16:10:10 train - loss: 0.0026
16:10:10 valid - loss: 0.9280, acc: 0.7852
Epoch 448/600
16:10:20 train - loss: 0.0026
16:10:21 valid - loss: 0.9282, acc: 0.7862
Epoch 449/600
16:10:30 train - loss: 0.0025
16:10:31 valid - loss: 0.9267, acc: 0.7863
Epoch 450/600
16:10:41 train - loss: 0.0025
16:10:41 valid - loss: 0.9292, acc: 0.7850
Epoch 451/600
16:10:51 train - loss: 0.0026
16:10:52 valid - loss: 0.9296, acc: 0.7841
Epoch 452/600
16:11:01 train - loss: 0.0025
16:11:02 valid - loss: 0.9263, acc: 0.7861
Epoch 453/600
16:11:12 train - loss: 0.0026
16:11:12 valid - loss: 0.9268, acc: 0.7866
Epoch 454/600
16:11:22 train - loss: 0.0026
16:11:22 valid - loss: 0.9237, acc: 0.7857
Epoch 455/600
16:11:32 train - loss: 0.0026
16:11:33 valid - loss: 0.9253, acc: 0.7840
Epoch 456/600
16:11:42 train - loss: 0.0025
16:11:43 valid - loss: 0.9224, acc: 0.7864
Epoch 457/600
16:11:53 train - loss: 0.0025
16:11:53 valid - loss: 0.9152, acc: 0.7869
Epoch 458/600
16:12:03 train - loss: 0.0026
16:12:04 valid - loss: 0.9199, acc: 0.7860
Epoch 459/600
16:12:13 train - loss: 0.0026
16:12:14 valid - loss: 0.9150, acc: 0.7855
Epoch 460/600
16:12:24 train - loss: 0.0026
16:12:24 valid - loss: 0.9206, acc: 0.7860
Epoch 461/600
16:12:34 train - loss: 0.0025
16:12:35 valid - loss: 0.9171, acc: 0.7862
Epoch 462/600
16:12:44 train - loss: 0.0026
16:12:45 valid - loss: 0.9124, acc: 0.7872
Epoch 463/600
16:12:55 train - loss: 0.0027
16:12:55 valid - loss: 0.9139, acc: 0.7877
Epoch 464/600
16:13:05 train - loss: 0.0025
16:13:05 valid - loss: 0.9157, acc: 0.7869
Epoch 465/600
16:13:15 train - loss: 0.0026
16:13:16 valid - loss: 0.9133, acc: 0.7871
Epoch 466/600
16:13:26 train - loss: 0.0026
16:13:26 valid - loss: 0.9133, acc: 0.7867
Epoch 467/600
16:13:36 train - loss: 0.0026
16:13:36 valid - loss: 0.9116, acc: 0.7882
Epoch 468/600
16:13:46 train - loss: 0.0026
16:13:47 valid - loss: 0.9111, acc: 0.7872
Epoch 469/600
16:13:56 train - loss: 0.0027
16:13:57 valid - loss: 0.9086, acc: 0.7874
Epoch 470/600
16:14:07 train - loss: 0.0027
16:14:07 valid - loss: 0.9099, acc: 0.7871
Epoch 471/600
16:14:17 train - loss: 0.0026
16:14:18 valid - loss: 0.9094, acc: 0.7880
Epoch 472/600
16:14:27 train - loss: 0.0026
16:14:28 valid - loss: 0.9108, acc: 0.7877
Epoch 473/600
16:14:38 train - loss: 0.0027
16:14:38 valid - loss: 0.9091, acc: 0.7854
Epoch 474/600
16:14:48 train - loss: 0.0025
16:14:48 valid - loss: 0.9097, acc: 0.7868
Epoch 475/600
16:14:58 train - loss: 0.0026
16:14:59 valid - loss: 0.9102, acc: 0.7860
Epoch 476/600
16:15:09 train - loss: 0.0026
16:15:09 valid - loss: 0.9116, acc: 0.7854
Epoch 477/600
16:15:19 train - loss: 0.0026
16:15:19 valid - loss: 0.9097, acc: 0.7874
Epoch 478/600
16:15:29 train - loss: 0.0026
16:15:30 valid - loss: 0.9095, acc: 0.7868
Epoch 479/600
16:15:39 train - loss: 0.0026
16:15:40 valid - loss: 0.9055, acc: 0.7873
Epoch 480/600
16:15:50 train - loss: 0.0025
16:15:50 valid - loss: 0.9109, acc: 0.7872
Epoch 481/600
16:16:00 train - loss: 0.0025
16:16:00 valid - loss: 0.9082, acc: 0.7873
Epoch 482/600
16:16:10 train - loss: 0.0026
16:16:11 valid - loss: 0.9090, acc: 0.7856
Epoch 483/600
16:16:21 train - loss: 0.0026
16:16:21 valid - loss: 0.9115, acc: 0.7881
Epoch 484/600
16:16:31 train - loss: 0.0026
16:16:31 valid - loss: 0.9090, acc: 0.7885
Epoch 485/600
16:16:41 train - loss: 0.0026
16:16:42 valid - loss: 0.9102, acc: 0.7873
Epoch 486/600
16:16:51 train - loss: 0.0026
16:16:52 valid - loss: 0.9094, acc: 0.7874
Epoch 487/600
16:17:02 train - loss: 0.0026
16:17:02 valid - loss: 0.9097, acc: 0.7870
Epoch 488/600
16:17:12 train - loss: 0.0026
16:17:12 valid - loss: 0.9099, acc: 0.7894
Epoch 489/600
16:17:22 train - loss: 0.0026
16:17:23 valid - loss: 0.9084, acc: 0.7876
Epoch 490/600
16:17:33 train - loss: 0.0026
16:17:33 valid - loss: 0.9117, acc: 0.7869
Epoch 491/600
16:17:43 train - loss: 0.0026
16:17:43 valid - loss: 0.9089, acc: 0.7877
Epoch 492/600
16:17:53 train - loss: 0.0026
16:17:54 valid - loss: 0.9083, acc: 0.7867
Epoch 493/600
16:18:03 train - loss: 0.0026
16:18:04 valid - loss: 0.9071, acc: 0.7872
Epoch 494/600
16:18:14 train - loss: 0.0026
16:18:14 valid - loss: 0.9080, acc: 0.7861
Epoch 495/600
16:18:24 train - loss: 0.0026
16:18:24 valid - loss: 0.9097, acc: 0.7856
Epoch 496/600
16:18:34 train - loss: 0.0026
16:18:35 valid - loss: 0.9070, acc: 0.7880
Epoch 497/600
16:18:45 train - loss: 0.0026
16:18:45 valid - loss: 0.9093, acc: 0.7879
Epoch 498/600
16:18:55 train - loss: 0.0026
16:18:55 valid - loss: 0.9074, acc: 0.7879
Epoch 499/600
16:19:05 train - loss: 0.0026
16:19:06 valid - loss: 0.9058, acc: 0.7866
Epoch 500/600
16:19:15 train - loss: 0.0026
16:19:16 valid - loss: 0.9102, acc: 0.7871
Epoch 501/600
16:19:26 train - loss: 0.0026
16:19:26 valid - loss: 0.9088, acc: 0.7858
Epoch 502/600
16:19:36 train - loss: 0.0026
16:19:37 valid - loss: 0.9062, acc: 0.7873
Epoch 503/600
16:19:46 train - loss: 0.0025
16:19:47 valid - loss: 0.9061, acc: 0.7874
Epoch 504/600
16:19:57 train - loss: 0.0026
16:19:57 valid - loss: 0.9078, acc: 0.7866
Epoch 505/600
16:20:07 train - loss: 0.0026
16:20:08 valid - loss: 0.9072, acc: 0.7867
Epoch 506/600
16:20:17 train - loss: 0.0025
16:20:18 valid - loss: 0.9083, acc: 0.7871
Epoch 507/600
16:20:28 train - loss: 0.0025
16:20:28 valid - loss: 0.9068, acc: 0.7869
Epoch 508/600
16:20:38 train - loss: 0.0026
16:20:38 valid - loss: 0.9047, acc: 0.7866
Epoch 509/600
16:20:48 train - loss: 0.0026
16:20:49 valid - loss: 0.9078, acc: 0.7869
Epoch 510/600
16:20:58 train - loss: 0.0026
16:20:59 valid - loss: 0.9067, acc: 0.7880
Epoch 511/600
16:21:09 train - loss: 0.0026
16:21:09 valid - loss: 0.9054, acc: 0.7887
Epoch 512/600
16:21:19 train - loss: 0.0026
16:21:20 valid - loss: 0.9062, acc: 0.7881
Epoch 513/600
16:21:29 train - loss: 0.0026
16:21:30 valid - loss: 0.9068, acc: 0.7861
Epoch 514/600
16:21:40 train - loss: 0.0026
16:21:40 valid - loss: 0.9065, acc: 0.7866
Epoch 515/600
16:21:50 train - loss: 0.0026
16:21:50 valid - loss: 0.9069, acc: 0.7871
Epoch 516/600
16:22:00 train - loss: 0.0026
16:22:01 valid - loss: 0.9068, acc: 0.7879
Epoch 517/600
16:22:10 train - loss: 0.0025
16:22:11 valid - loss: 0.9046, acc: 0.7869
Epoch 518/600
16:22:21 train - loss: 0.0026
16:22:21 valid - loss: 0.9083, acc: 0.7872
Epoch 519/600
16:22:31 train - loss: 0.0025
16:22:32 valid - loss: 0.9060, acc: 0.7864
Epoch 520/600
16:22:41 train - loss: 0.0026
16:22:42 valid - loss: 0.9044, acc: 0.7876
Epoch 521/600
16:22:52 train - loss: 0.0025
16:22:52 valid - loss: 0.9044, acc: 0.7872
Epoch 522/600
16:23:02 train - loss: 0.0025
16:23:02 valid - loss: 0.9076, acc: 0.7874
Epoch 523/600
16:23:12 train - loss: 0.0026
16:23:13 valid - loss: 0.9051, acc: 0.7857
Epoch 524/600
16:23:23 train - loss: 0.0025
16:23:23 valid - loss: 0.9070, acc: 0.7878
Epoch 525/600
16:23:33 train - loss: 0.0026
16:23:33 valid - loss: 0.9064, acc: 0.7865
Epoch 526/600
16:23:43 train - loss: 0.0026
16:23:44 valid - loss: 0.9044, acc: 0.7879
Epoch 527/600
16:23:53 train - loss: 0.0026
16:23:54 valid - loss: 0.9064, acc: 0.7886
Epoch 528/600
16:24:04 train - loss: 0.0027
16:24:04 valid - loss: 0.9050, acc: 0.7868
Epoch 529/600
16:24:14 train - loss: 0.0026
16:24:15 valid - loss: 0.9055, acc: 0.7891
Epoch 530/600
16:24:24 train - loss: 0.0025
16:24:25 valid - loss: 0.9036, acc: 0.7898
Epoch 531/600
16:24:35 train - loss: 0.0026
16:24:35 valid - loss: 0.9060, acc: 0.7858
Epoch 532/600
16:24:45 train - loss: 0.0026
16:24:46 valid - loss: 0.9048, acc: 0.7876
Epoch 533/600
16:24:55 train - loss: 0.0026
16:24:56 valid - loss: 0.9096, acc: 0.7881
Epoch 534/600
16:25:06 train - loss: 0.0026
16:25:06 valid - loss: 0.9038, acc: 0.7887
Epoch 535/600
16:25:16 train - loss: 0.0026
16:25:16 valid - loss: 0.9054, acc: 0.7867
Epoch 536/600
16:25:26 train - loss: 0.0026
16:25:27 valid - loss: 0.9065, acc: 0.7873
Epoch 537/600
16:25:37 train - loss: 0.0027
16:25:37 valid - loss: 0.9032, acc: 0.7882
Epoch 538/600
16:25:47 train - loss: 0.0025
16:25:47 valid - loss: 0.9033, acc: 0.7869
Epoch 539/600
16:25:57 train - loss: 0.0026
16:25:58 valid - loss: 0.9053, acc: 0.7870
Epoch 540/600
16:26:07 train - loss: 0.0026
16:26:08 valid - loss: 0.9038, acc: 0.7877
Epoch 541/600
16:26:18 train - loss: 0.0026
16:26:18 valid - loss: 0.9030, acc: 0.7878
Epoch 542/600
16:26:28 train - loss: 0.0026
16:26:29 valid - loss: 0.9000, acc: 0.7874
Epoch 543/600
16:26:38 train - loss: 0.0027
16:26:39 valid - loss: 0.9052, acc: 0.7876
Epoch 544/600
16:26:49 train - loss: 0.0026
16:26:49 valid - loss: 0.9048, acc: 0.7868
Epoch 545/600
16:26:59 train - loss: 0.0025
16:26:59 valid - loss: 0.9025, acc: 0.7885
Epoch 546/600
16:27:09 train - loss: 0.0026
16:27:10 valid - loss: 0.9060, acc: 0.7874
Epoch 547/600
16:27:20 train - loss: 0.0026
16:27:20 valid - loss: 0.9051, acc: 0.7867
Epoch 548/600
16:27:30 train - loss: 0.0026
16:27:30 valid - loss: 0.9038, acc: 0.7875
Epoch 549/600
16:27:40 train - loss: 0.0026
16:27:41 valid - loss: 0.9026, acc: 0.7870
Epoch 550/600
16:27:50 train - loss: 0.0026
16:27:51 valid - loss: 0.9052, acc: 0.7866
Epoch 551/600
16:28:01 train - loss: 0.0026
16:28:01 valid - loss: 0.9040, acc: 0.7877
Epoch 552/600
16:28:11 train - loss: 0.0026
16:28:11 valid - loss: 0.9021, acc: 0.7873
Epoch 553/600
16:28:21 train - loss: 0.0026
16:28:22 valid - loss: 0.9055, acc: 0.7869
Epoch 554/600
16:28:32 train - loss: 0.0026
16:28:32 valid - loss: 0.9046, acc: 0.7874
Epoch 555/600
16:28:42 train - loss: 0.0026
16:28:42 valid - loss: 0.9051, acc: 0.7877
Epoch 556/600
16:28:52 train - loss: 0.0026
16:28:53 valid - loss: 0.9042, acc: 0.7869
Epoch 557/600
16:29:02 train - loss: 0.0027
16:29:03 valid - loss: 0.9050, acc: 0.7878
Epoch 558/600
16:29:13 train - loss: 0.0026
16:29:13 valid - loss: 0.9038, acc: 0.7871
Epoch 559/600
16:29:23 train - loss: 0.0025
16:29:23 valid - loss: 0.9014, acc: 0.7887
Epoch 560/600
16:29:33 train - loss: 0.0026
16:29:34 valid - loss: 0.9025, acc: 0.7885
Epoch 561/600
16:29:44 train - loss: 0.0026
16:29:44 valid - loss: 0.9028, acc: 0.7877
Epoch 562/600
16:29:54 train - loss: 0.0026
16:29:54 valid - loss: 0.9029, acc: 0.7875
Epoch 563/600
16:30:04 train - loss: 0.0026
16:30:05 valid - loss: 0.9039, acc: 0.7885
Epoch 564/600
16:30:14 train - loss: 0.0027
16:30:15 valid - loss: 0.9051, acc: 0.7861
Epoch 565/600
16:30:25 train - loss: 0.0026
16:30:25 valid - loss: 0.9040, acc: 0.7863
Epoch 566/600
16:30:35 train - loss: 0.0026
16:30:36 valid - loss: 0.9015, acc: 0.7880
Epoch 567/600
16:30:45 train - loss: 0.0026
16:30:46 valid - loss: 0.9035, acc: 0.7881
Epoch 568/600
16:30:56 train - loss: 0.0026
16:30:56 valid - loss: 0.8995, acc: 0.7875
Epoch 569/600
16:31:06 train - loss: 0.0026
16:31:07 valid - loss: 0.9023, acc: 0.7873
Epoch 570/600
16:31:16 train - loss: 0.0026
16:31:17 valid - loss: 0.9058, acc: 0.7876
Epoch 571/600
16:31:27 train - loss: 0.0026
16:31:27 valid - loss: 0.9054, acc: 0.7887
Epoch 572/600
16:31:37 train - loss: 0.0025
16:31:37 valid - loss: 0.9030, acc: 0.7863
Epoch 573/600
16:31:47 train - loss: 0.0026
16:31:48 valid - loss: 0.8999, acc: 0.7886
Epoch 574/600
16:31:58 train - loss: 0.0027
16:31:58 valid - loss: 0.9051, acc: 0.7875
Epoch 575/600
16:32:08 train - loss: 0.0025
16:32:08 valid - loss: 0.9019, acc: 0.7869
Epoch 576/600
16:32:18 train - loss: 0.0027
16:32:19 valid - loss: 0.9016, acc: 0.7875
Epoch 577/600
16:32:28 train - loss: 0.0025
16:32:29 valid - loss: 0.9023, acc: 0.7885
Epoch 578/600
16:32:39 train - loss: 0.0027
16:32:39 valid - loss: 0.9029, acc: 0.7891
Epoch 579/600
16:32:49 train - loss: 0.0026
16:32:50 valid - loss: 0.9011, acc: 0.7874
Epoch 580/600
16:32:59 train - loss: 0.0026
16:33:00 valid - loss: 0.8999, acc: 0.7878
Epoch 581/600
16:33:10 train - loss: 0.0026
16:33:10 valid - loss: 0.9022, acc: 0.7874
Epoch 582/600
16:33:20 train - loss: 0.0026
16:33:20 valid - loss: 0.9040, acc: 0.7864
Epoch 583/600
16:33:30 train - loss: 0.0026
16:33:31 valid - loss: 0.9003, acc: 0.7879
Epoch 584/600
16:33:41 train - loss: 0.0025
16:33:41 valid - loss: 0.8999, acc: 0.7869
Epoch 585/600
16:33:51 train - loss: 0.0026
16:33:51 valid - loss: 0.8999, acc: 0.7867
Epoch 586/600
16:34:01 train - loss: 0.0026
16:34:02 valid - loss: 0.9034, acc: 0.7865
Epoch 587/600
16:34:12 train - loss: 0.0026
16:34:12 valid - loss: 0.9025, acc: 0.7866
Epoch 588/600
16:34:22 train - loss: 0.0026
16:34:22 valid - loss: 0.9011, acc: 0.7873
Epoch 589/600
16:34:32 train - loss: 0.0025
16:34:33 valid - loss: 0.9030, acc: 0.7856
Epoch 590/600
16:34:42 train - loss: 0.0026
16:34:43 valid - loss: 0.9022, acc: 0.7875
Epoch 591/600
16:34:53 train - loss: 0.0026
16:34:53 valid - loss: 0.9046, acc: 0.7857
Epoch 592/600
16:35:03 train - loss: 0.0027
16:35:03 valid - loss: 0.9049, acc: 0.7867
Epoch 593/600
16:35:13 train - loss: 0.0025
16:35:14 valid - loss: 0.9024, acc: 0.7856
Epoch 594/600
16:35:24 train - loss: 0.0026
16:35:24 valid - loss: 0.9031, acc: 0.7871
Epoch 595/600
16:35:34 train - loss: 0.0026
16:35:34 valid - loss: 0.9002, acc: 0.7876
Epoch 596/600
16:35:44 train - loss: 0.0027
16:35:45 valid - loss: 0.9037, acc: 0.7862
Epoch 597/600
16:35:55 train - loss: 0.0027
16:35:55 valid - loss: 0.9002, acc: 0.7876
Epoch 598/600
16:36:05 train - loss: 0.0027
16:36:05 valid - loss: 0.9022, acc: 0.7877
Epoch 599/600
16:36:15 train - loss: 0.0026
16:36:16 valid - loss: 0.9022, acc: 0.7865
Epoch 600/600
16:36:25 train - loss: 0.0027
16:36:26 valid - loss: 0.9039, acc: 0.7849