23:11:33 Start training
Epoch 1/300
WARNING:tensorflow:From /usr/local/lib/python3.6/dist-packages/tensorflow/python/data/ops/multi_device_iterator_ops.py:601: get_next_as_optional (from tensorflow.python.data.ops.iterator_ops) is deprecated and will be removed in a future version.
Instructions for updating:
Use `tf.data.Iterator.get_next_as_optional()` instead.
WARNING:tensorflow:From /usr/local/lib/python3.6/dist-packages/tensorflow/python/data/ops/multi_device_iterator_ops.py:601: get_next_as_optional (from tensorflow.python.data.ops.iterator_ops) is deprecated and will be removed in a future version.
Instructions for updating:
Use `tf.data.Iterator.get_next_as_optional()` instead.
23:13:03 train - loss: 4.5022, acc: 0.0359
23:13:18 valid - loss: 3.9710, acc: 0.0741
Epoch 2/300
23:14:09 train - loss: 3.7067, acc: 0.1211
23:14:11 valid - loss: 3.3980, acc: 0.1810
Epoch 3/300
23:15:03 train - loss: 3.0614, acc: 0.2330
23:15:05 valid - loss: 3.0226, acc: 0.2547
Epoch 4/300
23:15:57 train - loss: 2.5122, acc: 0.3443
23:15:59 valid - loss: 2.6322, acc: 0.3444
Epoch 5/300
23:16:50 train - loss: 2.1608, acc: 0.4195
23:16:53 valid - loss: 2.2370, acc: 0.4177
Epoch 6/300
23:17:44 train - loss: 1.9183, acc: 0.4739
23:17:47 valid - loss: 1.9668, acc: 0.4660
Epoch 7/300
23:18:38 train - loss: 1.7500, acc: 0.5179
23:18:41 valid - loss: 1.8555, acc: 0.5059
Epoch 8/300
23:19:32 train - loss: 1.6258, acc: 0.5477
23:19:35 valid - loss: 1.8916, acc: 0.5149
Epoch 9/300
23:20:26 train - loss: 1.5388, acc: 0.5696
23:20:29 valid - loss: 1.9257, acc: 0.4985
Epoch 10/300
23:21:20 train - loss: 1.4643, acc: 0.5892
Save trainer to /content/drive/My Drive/models/CIFAR100-2/ckpt
23:21:29 valid - loss: 1.8027, acc: 0.5295
Epoch 11/300
23:22:20 train - loss: 1.4122, acc: 0.6011
23:22:22 valid - loss: 1.5581, acc: 0.5729
Epoch 12/300
23:23:14 train - loss: 1.3698, acc: 0.6140
23:23:16 valid - loss: 1.6256, acc: 0.5618
Epoch 13/300
23:24:07 train - loss: 1.3281, acc: 0.6243
23:24:10 valid - loss: 1.6336, acc: 0.5673
Epoch 14/300
23:25:01 train - loss: 1.3006, acc: 0.6318
23:25:04 valid - loss: 1.8505, acc: 0.5335
Epoch 15/300
23:25:55 train - loss: 1.2645, acc: 0.6408
23:25:58 valid - loss: 1.8432, acc: 0.5420
Epoch 16/300
23:26:49 train - loss: 1.2326, acc: 0.6482
23:26:52 valid - loss: 1.8479, acc: 0.5445
Epoch 17/300
23:27:43 train - loss: 1.2178, acc: 0.6522
23:27:46 valid - loss: 1.5644, acc: 0.5836
Epoch 18/300
23:28:37 train - loss: 1.1919, acc: 0.6595
23:28:40 valid - loss: 1.5482, acc: 0.5999
Epoch 19/300
23:29:31 train - loss: 1.1745, acc: 0.6650
23:29:33 valid - loss: 1.8283, acc: 0.5519
Epoch 20/300
23:30:25 train - loss: 1.1515, acc: 0.6671
Save trainer to /content/drive/My Drive/models/CIFAR100-2/ckpt
23:30:32 valid - loss: 1.5849, acc: 0.5939
Epoch 21/300
23:31:23 train - loss: 1.1304, acc: 0.6753
23:31:26 valid - loss: 1.5996, acc: 0.5859
Epoch 22/300
23:32:17 train - loss: 1.1053, acc: 0.6825
23:32:20 valid - loss: 1.5421, acc: 0.6011
Epoch 23/300
23:33:11 train - loss: 1.0981, acc: 0.6845
23:33:14 valid - loss: 1.7297, acc: 0.5661
Epoch 24/300
23:34:05 train - loss: 1.0852, acc: 0.6874
23:34:07 valid - loss: 1.8389, acc: 0.5633
Epoch 25/300
23:34:59 train - loss: 1.0653, acc: 0.6920
23:35:01 valid - loss: 1.5008, acc: 0.6074
Epoch 26/300
23:35:53 train - loss: 1.0496, acc: 0.6971
23:35:55 valid - loss: 1.4624, acc: 0.6173
Epoch 27/300
23:36:46 train - loss: 1.0479, acc: 0.6976
23:36:49 valid - loss: 1.5128, acc: 0.6045
Epoch 28/300
23:37:40 train - loss: 1.0287, acc: 0.7017
23:37:43 valid - loss: 1.4219, acc: 0.6244
Epoch 29/300
23:38:34 train - loss: 1.0162, acc: 0.7034
23:38:37 valid - loss: 1.4419, acc: 0.6203
Epoch 30/300
23:39:28 train - loss: 1.0063, acc: 0.7093
Save trainer to /content/drive/My Drive/models/CIFAR100-2/ckpt
23:39:35 valid - loss: 1.4413, acc: 0.6230
Epoch 31/300
23:40:26 train - loss: 0.9995, acc: 0.7096
23:40:29 valid - loss: 1.5529, acc: 0.6059
Epoch 32/300
23:41:20 train - loss: 0.9884, acc: 0.7159
23:41:23 valid - loss: 1.4078, acc: 0.6285
Epoch 33/300
23:42:14 train - loss: 0.9760, acc: 0.7167
23:42:17 valid - loss: 1.5146, acc: 0.6109
Epoch 34/300
23:43:08 train - loss: 0.9678, acc: 0.7191
23:43:11 valid - loss: 1.4234, acc: 0.6275
Epoch 35/300
23:44:02 train - loss: 0.9622, acc: 0.7207
23:44:05 valid - loss: 1.4449, acc: 0.6213
Epoch 36/300
23:44:56 train - loss: 0.9547, acc: 0.7215
23:44:58 valid - loss: 1.5591, acc: 0.5896
Epoch 37/300
23:45:50 train - loss: 0.9469, acc: 0.7243
23:45:52 valid - loss: 1.4479, acc: 0.6241
Epoch 38/300
23:46:44 train - loss: 0.9298, acc: 0.7316
23:46:46 valid - loss: 1.5760, acc: 0.6109
Epoch 39/300
23:47:37 train - loss: 0.9336, acc: 0.7279
23:47:40 valid - loss: 1.5110, acc: 0.6206
Epoch 40/300
23:48:31 train - loss: 0.9171, acc: 0.7340
Save trainer to /content/drive/My Drive/models/CIFAR100-2/ckpt
23:48:38 valid - loss: 1.6384, acc: 0.6005
Epoch 41/300
23:49:29 train - loss: 0.9077, acc: 0.7348
23:49:32 valid - loss: 1.5246, acc: 0.6191
Epoch 42/300
23:50:23 train - loss: 0.9058, acc: 0.7374
23:50:26 valid - loss: 1.3910, acc: 0.6411
Epoch 43/300
23:51:17 train - loss: 0.9014, acc: 0.7367
23:51:20 valid - loss: 1.5932, acc: 0.6150
Epoch 44/300
23:52:11 train - loss: 0.8861, acc: 0.7415
23:52:14 valid - loss: 1.5162, acc: 0.6207
Epoch 45/300
23:53:05 train - loss: 0.8784, acc: 0.7461
23:53:07 valid - loss: 1.3986, acc: 0.6420
Epoch 46/300
23:53:59 train - loss: 0.8738, acc: 0.7458
23:54:01 valid - loss: 1.4449, acc: 0.6320
Epoch 47/300
23:54:53 train - loss: 0.8726, acc: 0.7457
23:54:55 valid - loss: 1.6155, acc: 0.6061
Epoch 48/300
23:55:46 train - loss: 0.8696, acc: 0.7465
23:55:49 valid - loss: 1.4052, acc: 0.6313
Epoch 49/300
23:56:40 train - loss: 0.8568, acc: 0.7512
23:56:43 valid - loss: 1.3457, acc: 0.6524
Epoch 50/300
23:57:34 train - loss: 0.8580, acc: 0.7470
Save trainer to /content/drive/My Drive/models/CIFAR100-2/ckpt
23:57:41 valid - loss: 1.3239, acc: 0.6489
Epoch 51/300
23:58:32 train - loss: 0.8527, acc: 0.7516
23:58:35 valid - loss: 1.3969, acc: 0.6402
Epoch 52/300
23:59:26 train - loss: 0.8441, acc: 0.7517
23:59:29 valid - loss: 1.3392, acc: 0.6574
Epoch 53/300
00:00:20 train - loss: 0.8341, acc: 0.7569
00:00:23 valid - loss: 1.3845, acc: 0.6497
Epoch 54/300
00:01:14 train - loss: 0.8400, acc: 0.7556
00:01:17 valid - loss: 1.3767, acc: 0.6462
Epoch 55/300
00:02:08 train - loss: 0.8210, acc: 0.7597
00:02:11 valid - loss: 1.5205, acc: 0.6243
Epoch 56/300
00:03:02 train - loss: 0.8173, acc: 0.7619
00:03:05 valid - loss: 1.5375, acc: 0.6298
Epoch 57/300
00:03:56 train - loss: 0.8180, acc: 0.7625
00:03:59 valid - loss: 1.2626, acc: 0.6768
Epoch 58/300
00:04:50 train - loss: 0.8161, acc: 0.7609
00:04:52 valid - loss: 1.2869, acc: 0.6595
Epoch 59/300
00:05:44 train - loss: 0.8065, acc: 0.7656
00:05:46 valid - loss: 1.5888, acc: 0.6223
Epoch 60/300
00:06:37 train - loss: 0.8080, acc: 0.7636
Save trainer to /content/drive/My Drive/models/CIFAR100-2/ckpt
00:06:45 valid - loss: 1.5967, acc: 0.6160
Epoch 61/300
00:07:36 train - loss: 0.7986, acc: 0.7668
00:07:39 valid - loss: 1.3858, acc: 0.6556
Epoch 62/300
00:08:30 train - loss: 0.7817, acc: 0.7707
00:08:32 valid - loss: 1.4980, acc: 0.6376
Epoch 63/300
00:09:24 train - loss: 0.7928, acc: 0.7676
00:09:26 valid - loss: 1.6218, acc: 0.6087
Epoch 64/300
00:10:17 train - loss: 0.7864, acc: 0.7696
00:10:20 valid - loss: 1.4692, acc: 0.6311
Epoch 65/300
00:11:11 train - loss: 0.7772, acc: 0.7724
00:11:14 valid - loss: 1.3350, acc: 0.6566
Epoch 66/300
00:12:05 train - loss: 0.7728, acc: 0.7733
00:12:08 valid - loss: 1.3947, acc: 0.6439
Epoch 67/300
00:12:59 train - loss: 0.7653, acc: 0.7758
00:13:02 valid - loss: 1.4404, acc: 0.6514
Epoch 68/300
00:13:53 train - loss: 0.7592, acc: 0.7765
00:13:56 valid - loss: 1.4078, acc: 0.6452
Epoch 69/300
00:14:47 train - loss: 0.7558, acc: 0.7789
00:14:50 valid - loss: 1.4784, acc: 0.6458
Epoch 70/300
00:15:41 train - loss: 0.7631, acc: 0.7753
Save trainer to /content/drive/My Drive/models/CIFAR100-2/ckpt
00:15:48 valid - loss: 1.3513, acc: 0.6618
Epoch 71/300
00:16:39 train - loss: 0.7419, acc: 0.7819
00:16:42 valid - loss: 1.3801, acc: 0.6579
Epoch 72/300
00:17:33 train - loss: 0.7504, acc: 0.7786
00:17:36 valid - loss: 1.5106, acc: 0.6397
Epoch 73/300
00:18:27 train - loss: 0.7368, acc: 0.7843
00:18:30 valid - loss: 1.3032, acc: 0.6658
Epoch 74/300
00:19:21 train - loss: 0.7380, acc: 0.7837
00:19:23 valid - loss: 1.4797, acc: 0.6410
Epoch 75/300
00:20:15 train - loss: 0.7225, acc: 0.7888
00:20:17 valid - loss: 1.5353, acc: 0.6316
Epoch 76/300
00:21:09 train - loss: 0.7195, acc: 0.7886
00:21:11 valid - loss: 1.3719, acc: 0.6566
Epoch 77/300
00:22:02 train - loss: 0.7152, acc: 0.7898
00:22:05 valid - loss: 1.4079, acc: 0.6446
Epoch 78/300
00:22:56 train - loss: 0.7240, acc: 0.7879
00:22:59 valid - loss: 1.2983, acc: 0.6686
Epoch 79/300
00:23:50 train - loss: 0.7098, acc: 0.7913
00:23:53 valid - loss: 1.2568, acc: 0.6697
Epoch 80/300
00:24:44 train - loss: 0.7010, acc: 0.7930
Save trainer to /content/drive/My Drive/models/CIFAR100-2/ckpt
00:24:51 valid - loss: 1.2762, acc: 0.6600
Epoch 81/300
00:25:42 train - loss: 0.7113, acc: 0.7889
00:25:45 valid - loss: 1.4517, acc: 0.6525
Epoch 82/300
00:26:36 train - loss: 0.6904, acc: 0.7980
00:26:39 valid - loss: 1.4499, acc: 0.6404
Epoch 83/300
00:27:30 train - loss: 0.6862, acc: 0.7969
00:27:33 valid - loss: 1.8266, acc: 0.6110
Epoch 84/300
00:28:24 train - loss: 0.6928, acc: 0.7975
00:28:27 valid - loss: 1.4289, acc: 0.6468
Epoch 85/300
00:29:18 train - loss: 0.6920, acc: 0.7968
00:29:21 valid - loss: 1.2960, acc: 0.6726
Epoch 86/300
00:30:12 train - loss: 0.6746, acc: 0.8006
00:30:15 valid - loss: 1.4126, acc: 0.6511
Epoch 87/300
00:31:06 train - loss: 0.6673, acc: 0.8027
00:31:09 valid - loss: 1.3911, acc: 0.6603
Epoch 88/300
00:32:00 train - loss: 0.6644, acc: 0.8036
00:32:02 valid - loss: 1.3565, acc: 0.6561
Epoch 89/300
00:32:54 train - loss: 0.6654, acc: 0.8042
00:32:56 valid - loss: 1.4862, acc: 0.6337
Epoch 90/300
00:33:47 train - loss: 0.6560, acc: 0.8058
Save trainer to /content/drive/My Drive/models/CIFAR100-2/ckpt
00:33:54 valid - loss: 1.4053, acc: 0.6666
Epoch 91/300
00:34:45 train - loss: 0.6498, acc: 0.8078
00:34:48 valid - loss: 1.3146, acc: 0.6715
Epoch 92/300
00:35:39 train - loss: 0.6568, acc: 0.8063
00:35:42 valid - loss: 1.3843, acc: 0.6621
Epoch 93/300
00:36:33 train - loss: 0.6401, acc: 0.8112
00:36:36 valid - loss: 1.5011, acc: 0.6458
Epoch 94/300
00:37:27 train - loss: 0.6420, acc: 0.8083
00:37:30 valid - loss: 1.3024, acc: 0.6871
Epoch 95/300
00:38:21 train - loss: 0.6288, acc: 0.8140
00:38:24 valid - loss: 1.3894, acc: 0.6585
Epoch 96/300
00:39:15 train - loss: 0.6271, acc: 0.8144
00:39:18 valid - loss: 1.5273, acc: 0.6493
Epoch 97/300
00:40:09 train - loss: 0.6217, acc: 0.8166
00:40:11 valid - loss: 1.2792, acc: 0.6786
Epoch 98/300
00:41:03 train - loss: 0.6217, acc: 0.8157
00:41:05 valid - loss: 1.3284, acc: 0.6716
Epoch 99/300
00:41:56 train - loss: 0.6045, acc: 0.8204
00:41:59 valid - loss: 1.4005, acc: 0.6628
Epoch 100/300
00:42:50 train - loss: 0.6071, acc: 0.8203
Save trainer to /content/drive/My Drive/models/CIFAR100-2/ckpt
00:42:57 valid - loss: 1.4235, acc: 0.6465
Epoch 101/300
00:43:48 train - loss: 0.6043, acc: 0.8217
00:43:51 valid - loss: 1.4870, acc: 0.6472
Epoch 102/300
00:44:42 train - loss: 0.6052, acc: 0.8203
00:44:45 valid - loss: 1.4562, acc: 0.6481
Epoch 103/300
00:45:36 train - loss: 0.5834, acc: 0.8270
00:45:39 valid - loss: 1.3996, acc: 0.6633
Epoch 104/300
00:46:30 train - loss: 0.5992, acc: 0.8246
00:46:33 valid - loss: 1.4030, acc: 0.6568
Epoch 105/300
00:47:24 train - loss: 0.5770, acc: 0.8293
00:47:27 valid - loss: 1.3785, acc: 0.6656
Epoch 106/300
00:48:18 train - loss: 0.5732, acc: 0.8312
00:48:21 valid - loss: 1.5255, acc: 0.6321
Epoch 107/300
00:49:12 train - loss: 0.5760, acc: 0.8301
00:49:15 valid - loss: 1.4185, acc: 0.6660
Epoch 108/300
00:50:06 train - loss: 0.5756, acc: 0.8290
00:50:08 valid - loss: 1.3121, acc: 0.6800
Epoch 109/300
00:51:00 train - loss: 0.5633, acc: 0.8344
00:51:02 valid - loss: 1.2010, acc: 0.6898
Epoch 110/300
00:51:53 train - loss: 0.5483, acc: 0.8383
Save trainer to /content/drive/My Drive/models/CIFAR100-2/ckpt
00:52:00 valid - loss: 1.2832, acc: 0.6881
Epoch 111/300
00:52:51 train - loss: 0.5534, acc: 0.8359
00:52:54 valid - loss: 1.4400, acc: 0.6551
Epoch 112/300
00:53:45 train - loss: 0.5616, acc: 0.8333
00:53:48 valid - loss: 1.3011, acc: 0.6782
Epoch 113/300
00:54:39 train - loss: 0.5461, acc: 0.8381
00:54:42 valid - loss: 1.4040, acc: 0.6666
Epoch 114/300
00:55:33 train - loss: 0.5359, acc: 0.8425
00:55:36 valid - loss: 1.3542, acc: 0.6751
Epoch 115/300
00:56:27 train - loss: 0.5330, acc: 0.8407
00:56:30 valid - loss: 1.2741, acc: 0.6862
Epoch 116/300
00:57:21 train - loss: 0.5257, acc: 0.8445
00:57:24 valid - loss: 1.4873, acc: 0.6573
Epoch 117/300
00:58:15 train - loss: 0.5241, acc: 0.8438
00:58:17 valid - loss: 1.3232, acc: 0.6768
Epoch 118/300
00:59:09 train - loss: 0.5148, acc: 0.8471
00:59:11 valid - loss: 1.4307, acc: 0.6530
Epoch 119/300
01:00:03 train - loss: 0.5207, acc: 0.8460
01:00:05 valid - loss: 1.3598, acc: 0.6709
Epoch 120/300
01:00:56 train - loss: 0.5091, acc: 0.8515
Save trainer to /content/drive/My Drive/models/CIFAR100-2/ckpt
01:01:03 valid - loss: 1.3417, acc: 0.6718
Epoch 121/300
01:01:55 train - loss: 0.4985, acc: 0.8519
01:01:57 valid - loss: 1.3018, acc: 0.6881
Epoch 122/300
01:02:48 train - loss: 0.4927, acc: 0.8537
01:02:51 valid - loss: 1.4161, acc: 0.6603
Epoch 123/300
01:03:42 train - loss: 0.4862, acc: 0.8563
01:03:45 valid - loss: 1.4100, acc: 0.6625
Epoch 124/300
01:04:36 train - loss: 0.4875, acc: 0.8562
01:04:39 valid - loss: 1.3562, acc: 0.6651
Epoch 125/300
01:05:30 train - loss: 0.4824, acc: 0.8569
01:05:33 valid - loss: 1.5732, acc: 0.6339
Epoch 126/300
01:06:24 train - loss: 0.4777, acc: 0.8614
01:06:27 valid - loss: 1.4498, acc: 0.6686
Epoch 127/300
01:07:18 train - loss: 0.4687, acc: 0.8627
01:07:21 valid - loss: 1.4388, acc: 0.6636
Epoch 128/300
01:08:12 train - loss: 0.4572, acc: 0.8651
01:08:14 valid - loss: 1.3222, acc: 0.6895
Epoch 129/300
01:09:06 train - loss: 0.4609, acc: 0.8663
01:09:08 valid - loss: 1.3816, acc: 0.6808
Epoch 130/300
01:09:59 train - loss: 0.4528, acc: 0.8675
Save trainer to /content/drive/My Drive/models/CIFAR100-2/ckpt
01:10:07 valid - loss: 1.4160, acc: 0.6632
Epoch 131/300
01:10:58 train - loss: 0.4539, acc: 0.8664
01:11:00 valid - loss: 1.3334, acc: 0.6772
Epoch 132/300
01:11:52 train - loss: 0.4451, acc: 0.8680
01:11:54 valid - loss: 1.2502, acc: 0.6950
Epoch 133/300
01:12:45 train - loss: 0.4365, acc: 0.8704
01:12:48 valid - loss: 1.3768, acc: 0.6747
Epoch 134/300
01:13:39 train - loss: 0.4269, acc: 0.8739
01:13:42 valid - loss: 1.3018, acc: 0.6764
Epoch 135/300
01:14:33 train - loss: 0.4267, acc: 0.8762
01:14:36 valid - loss: 1.3004, acc: 0.6860
Epoch 136/300
01:15:27 train - loss: 0.4174, acc: 0.8770
01:15:30 valid - loss: 1.3395, acc: 0.6808
Epoch 137/300
01:16:21 train - loss: 0.4239, acc: 0.8760
01:16:24 valid - loss: 1.2957, acc: 0.6828
Epoch 138/300
01:17:15 train - loss: 0.4151, acc: 0.8779
01:17:18 valid - loss: 1.2595, acc: 0.6949
Epoch 139/300
01:18:09 train - loss: 0.4088, acc: 0.8802
01:18:12 valid - loss: 1.2560, acc: 0.7051
Epoch 140/300
01:19:03 train - loss: 0.3973, acc: 0.8831
Save trainer to /content/drive/My Drive/models/CIFAR100-2/ckpt
01:19:10 valid - loss: 1.4100, acc: 0.6790
Epoch 141/300
01:20:01 train - loss: 0.3867, acc: 0.8871
01:20:04 valid - loss: 1.3704, acc: 0.6757
Epoch 142/300
01:20:55 train - loss: 0.3884, acc: 0.8880
01:20:58 valid - loss: 1.3104, acc: 0.6886
Epoch 143/300
01:21:49 train - loss: 0.3872, acc: 0.8870
01:21:52 valid - loss: 1.2937, acc: 0.6918
Epoch 144/300
01:22:43 train - loss: 0.3727, acc: 0.8933
01:22:45 valid - loss: 1.3252, acc: 0.6884
Epoch 145/300
01:23:37 train - loss: 0.3672, acc: 0.8946
01:23:39 valid - loss: 1.2700, acc: 0.6891
Epoch 146/300
01:24:31 train - loss: 0.3755, acc: 0.8902
01:24:33 valid - loss: 1.1849, acc: 0.7092
Epoch 147/300
01:25:24 train - loss: 0.3581, acc: 0.8978
01:25:27 valid - loss: 1.3831, acc: 0.6691
Epoch 148/300
01:26:18 train - loss: 0.3458, acc: 0.9027
01:26:21 valid - loss: 1.2207, acc: 0.7048
Epoch 149/300
01:27:12 train - loss: 0.3453, acc: 0.9010
01:27:15 valid - loss: 1.1936, acc: 0.7137
Epoch 150/300
01:28:06 train - loss: 0.3451, acc: 0.8999
Save trainer to /content/drive/My Drive/models/CIFAR100-2/ckpt
01:28:14 valid - loss: 1.2696, acc: 0.7048
Epoch 151/300
01:29:05 train - loss: 0.3326, acc: 0.9052
01:29:08 valid - loss: 1.2786, acc: 0.6959
Epoch 152/300
01:29:59 train - loss: 0.3296, acc: 0.9067
01:30:02 valid - loss: 1.3090, acc: 0.6848
Epoch 153/300
01:30:53 train - loss: 0.3265, acc: 0.9080
01:30:56 valid - loss: 1.3936, acc: 0.6779
Epoch 154/300
01:31:47 train - loss: 0.3303, acc: 0.9046
01:31:50 valid - loss: 1.2230, acc: 0.7126
Epoch 155/300
01:32:41 train - loss: 0.3118, acc: 0.9118
01:32:43 valid - loss: 1.4036, acc: 0.6870
Epoch 156/300
01:33:35 train - loss: 0.3149, acc: 0.9102
01:33:37 valid - loss: 1.2404, acc: 0.7030
Epoch 157/300
01:34:29 train - loss: 0.3074, acc: 0.9127
01:34:31 valid - loss: 1.1899, acc: 0.7180
Epoch 158/300
01:35:22 train - loss: 0.2927, acc: 0.9173
01:35:25 valid - loss: 1.2737, acc: 0.7016
Epoch 159/300
01:36:16 train - loss: 0.2954, acc: 0.9163
01:36:19 valid - loss: 1.2419, acc: 0.7014
Epoch 160/300
01:37:10 train - loss: 0.2879, acc: 0.9197
Save trainer to /content/drive/My Drive/models/CIFAR100-2/ckpt
01:37:17 valid - loss: 1.3568, acc: 0.6877
Epoch 161/300
01:38:08 train - loss: 0.2825, acc: 0.9206
01:38:11 valid - loss: 1.3361, acc: 0.6866
Epoch 162/300
01:39:02 train - loss: 0.2741, acc: 0.9250
01:39:05 valid - loss: 1.2067, acc: 0.7127
Epoch 163/300
01:39:56 train - loss: 0.2698, acc: 0.9256
01:39:59 valid - loss: 1.2645, acc: 0.7038
Epoch 164/300
01:40:50 train - loss: 0.2666, acc: 0.9266
01:40:52 valid - loss: 1.3565, acc: 0.6960
Epoch 165/300
01:41:44 train - loss: 0.2725, acc: 0.9245
01:41:46 valid - loss: 1.2730, acc: 0.6991
Epoch 166/300
01:42:37 train - loss: 0.2688, acc: 0.9251
01:42:40 valid - loss: 1.2257, acc: 0.7047
Epoch 167/300
01:43:31 train - loss: 0.2604, acc: 0.9281
01:43:34 valid - loss: 1.3630, acc: 0.6915
Epoch 168/300
01:44:25 train - loss: 0.2431, acc: 0.9345
01:44:28 valid - loss: 1.2460, acc: 0.7091
Epoch 169/300
01:45:19 train - loss: 0.2323, acc: 0.9383
01:45:22 valid - loss: 1.4329, acc: 0.6864
Epoch 170/300
01:46:13 train - loss: 0.2362, acc: 0.9362
Save trainer to /content/drive/My Drive/models/CIFAR100-2/ckpt
01:46:21 valid - loss: 1.4524, acc: 0.6929
Epoch 171/300
01:47:12 train - loss: 0.2453, acc: 0.9335
01:47:15 valid - loss: 1.2508, acc: 0.7053
Epoch 172/300
01:48:06 train - loss: 0.2299, acc: 0.9390
01:48:08 valid - loss: 1.2299, acc: 0.7139
Epoch 173/300
01:49:00 train - loss: 0.2169, acc: 0.9426
01:49:02 valid - loss: 1.1822, acc: 0.7184
Epoch 174/300
01:49:54 train - loss: 0.2154, acc: 0.9423
01:49:56 valid - loss: 1.2229, acc: 0.7186
Epoch 175/300
01:50:47 train - loss: 0.2010, acc: 0.9474
01:50:50 valid - loss: 1.3026, acc: 0.6967
Epoch 176/300
01:51:41 train - loss: 0.2075, acc: 0.9466
01:51:44 valid - loss: 1.1581, acc: 0.7202
Epoch 177/300
01:52:35 train - loss: 0.2073, acc: 0.9452
01:52:38 valid - loss: 1.2326, acc: 0.7127
Epoch 178/300
01:53:29 train - loss: 0.2069, acc: 0.9455
01:53:32 valid - loss: 1.2429, acc: 0.7125
Epoch 179/300
01:54:23 train - loss: 0.2018, acc: 0.9480
01:54:26 valid - loss: 1.2094, acc: 0.7195
Epoch 180/300
01:55:17 train - loss: 0.1936, acc: 0.9497
Save trainer to /content/drive/My Drive/models/CIFAR100-2/ckpt
01:55:24 valid - loss: 1.2542, acc: 0.7159
Epoch 181/300
01:56:15 train - loss: 0.1940, acc: 0.9507
01:56:18 valid - loss: 1.1569, acc: 0.7305
Epoch 182/300
01:57:09 train - loss: 0.1909, acc: 0.9514
01:57:12 valid - loss: 1.2755, acc: 0.7111
Epoch 183/300
01:58:03 train - loss: 0.1775, acc: 0.9556
01:58:06 valid - loss: 1.1584, acc: 0.7364
Epoch 184/300
01:58:57 train - loss: 0.1747, acc: 0.9560
01:59:00 valid - loss: 1.3017, acc: 0.7061
Epoch 185/300
01:59:51 train - loss: 0.1672, acc: 0.9572
01:59:53 valid - loss: 1.2957, acc: 0.7107
Epoch 186/300
02:00:45 train - loss: 0.1656, acc: 0.9591
02:00:47 valid - loss: 1.1976, acc: 0.7243
Epoch 187/300
02:01:39 train - loss: 0.1564, acc: 0.9633
02:01:41 valid - loss: 1.1555, acc: 0.7319
Epoch 188/300
02:02:32 train - loss: 0.1655, acc: 0.9591
02:02:35 valid - loss: 1.2309, acc: 0.7191
Epoch 189/300
02:03:26 train - loss: 0.1539, acc: 0.9624
02:03:29 valid - loss: 1.3308, acc: 0.7081
Epoch 190/300
02:04:20 train - loss: 0.1610, acc: 0.9608
Save trainer to /content/drive/My Drive/models/CIFAR100-2/ckpt
02:04:28 valid - loss: 1.1808, acc: 0.7273
Epoch 191/300
02:05:19 train - loss: 0.1493, acc: 0.9639
02:05:22 valid - loss: 1.2322, acc: 0.7236
Epoch 192/300
02:06:13 train - loss: 0.1539, acc: 0.9637
02:06:16 valid - loss: 1.1331, acc: 0.7278
Epoch 193/300
02:07:07 train - loss: 0.1435, acc: 0.9660
02:07:09 valid - loss: 1.2586, acc: 0.7087
Epoch 194/300
02:08:01 train - loss: 0.1369, acc: 0.9673
02:08:03 valid - loss: 1.1456, acc: 0.7328
Epoch 195/300
02:08:54 train - loss: 0.1331, acc: 0.9694
02:08:57 valid - loss: 1.1500, acc: 0.7344
Epoch 196/300
02:09:48 train - loss: 0.1215, acc: 0.9731
02:09:51 valid - loss: 1.0442, acc: 0.7616
Epoch 197/300
02:10:42 train - loss: 0.1211, acc: 0.9724
02:10:45 valid - loss: 1.1724, acc: 0.7338
Epoch 198/300
02:11:36 train - loss: 0.1220, acc: 0.9736
02:11:39 valid - loss: 1.2422, acc: 0.7186
Epoch 199/300
02:12:30 train - loss: 0.1166, acc: 0.9749
02:12:33 valid - loss: 1.1325, acc: 0.7428
Epoch 200/300
02:13:24 train - loss: 0.1119, acc: 0.9765
Save trainer to /content/drive/My Drive/models/CIFAR100-2/ckpt
02:13:31 valid - loss: 1.0981, acc: 0.7422
Epoch 201/300
02:14:22 train - loss: 0.1161, acc: 0.9750
02:14:25 valid - loss: 1.0825, acc: 0.7479
Epoch 202/300
02:15:16 train - loss: 0.1062, acc: 0.9784
02:15:19 valid - loss: 1.0628, acc: 0.7552
Epoch 203/300
02:16:10 train - loss: 0.1044, acc: 0.9783
02:16:13 valid - loss: 1.0832, acc: 0.7484
Epoch 204/300
02:17:04 train - loss: 0.0962, acc: 0.9811
02:17:07 valid - loss: 1.0538, acc: 0.7576
Epoch 205/300
02:17:58 train - loss: 0.0971, acc: 0.9803
02:18:00 valid - loss: 1.1400, acc: 0.7361
Epoch 206/300
02:18:52 train - loss: 0.0890, acc: 0.9827
02:18:54 valid - loss: 1.0987, acc: 0.7453
Epoch 207/300
02:19:46 train - loss: 0.0876, acc: 0.9832
02:19:48 valid - loss: 1.1772, acc: 0.7308
Epoch 208/300
02:20:39 train - loss: 0.0886, acc: 0.9832
02:20:42 valid - loss: 1.0841, acc: 0.7467
Epoch 209/300
02:21:33 train - loss: 0.0818, acc: 0.9849
02:21:36 valid - loss: 1.0240, acc: 0.7596
Epoch 210/300
02:22:27 train - loss: 0.0785, acc: 0.9861
Save trainer to /content/drive/My Drive/models/CIFAR100-2/ckpt
02:22:34 valid - loss: 1.0460, acc: 0.7545
Epoch 211/300
02:23:26 train - loss: 0.0897, acc: 0.9836
02:23:28 valid - loss: 1.0578, acc: 0.7508
Epoch 212/300
02:24:19 train - loss: 0.0794, acc: 0.9856
02:24:22 valid - loss: 1.0722, acc: 0.7533
Epoch 213/300
02:25:13 train - loss: 0.0697, acc: 0.9879
02:25:16 valid - loss: 1.0757, acc: 0.7530
Epoch 214/300
02:26:07 train - loss: 0.0702, acc: 0.9880
02:26:10 valid - loss: 1.0612, acc: 0.7555
Epoch 215/300
02:27:01 train - loss: 0.0731, acc: 0.9866
02:27:04 valid - loss: 1.0435, acc: 0.7511
Epoch 216/300
02:27:55 train - loss: 0.0650, acc: 0.9896
02:27:58 valid - loss: 0.9726, acc: 0.7637
Epoch 217/300
02:28:49 train - loss: 0.0572, acc: 0.9911
02:28:52 valid - loss: 1.0356, acc: 0.7557
Epoch 218/300
02:29:43 train - loss: 0.0594, acc: 0.9909
02:29:45 valid - loss: 0.9662, acc: 0.7728
Epoch 219/300
02:30:37 train - loss: 0.0538, acc: 0.9915
02:30:39 valid - loss: 1.0262, acc: 0.7554
Epoch 220/300
02:31:30 train - loss: 0.0547, acc: 0.9928
Save trainer to /content/drive/My Drive/models/CIFAR100-2/ckpt
02:31:38 valid - loss: 0.9762, acc: 0.7682
Epoch 221/300
02:32:29 train - loss: 0.0550, acc: 0.9922
02:32:32 valid - loss: 0.9602, acc: 0.7717
Epoch 222/300
02:33:23 train - loss: 0.0492, acc: 0.9935
02:33:26 valid - loss: 0.9670, acc: 0.7690
Epoch 223/300
02:34:17 train - loss: 0.0485, acc: 0.9934
02:34:20 valid - loss: 0.9300, acc: 0.7780
Epoch 224/300
02:35:11 train - loss: 0.0411, acc: 0.9953
02:35:13 valid - loss: 0.9796, acc: 0.7710
Epoch 225/300
02:36:05 train - loss: 0.0390, acc: 0.9953
02:36:07 valid - loss: 0.9567, acc: 0.7737
Epoch 226/300
02:36:59 train - loss: 0.0357, acc: 0.9961
02:37:01 valid - loss: 0.8545, acc: 0.7952
Epoch 227/300
02:37:52 train - loss: 0.0324, acc: 0.9969
02:37:55 valid - loss: 0.8719, acc: 0.7880
Epoch 228/300
02:38:46 train - loss: 0.0318, acc: 0.9969
02:38:49 valid - loss: 0.8583, acc: 0.7922
Epoch 229/300
02:39:40 train - loss: 0.0303, acc: 0.9972
02:39:43 valid - loss: 0.8397, acc: 0.7971
Epoch 230/300
02:40:34 train - loss: 0.0266, acc: 0.9980
Save trainer to /content/drive/My Drive/models/CIFAR100-2/ckpt
02:40:40 valid - loss: 0.8053, acc: 0.8010
Epoch 231/300
02:41:32 train - loss: 0.0254, acc: 0.9982
02:41:34 valid - loss: 0.8153, acc: 0.8001
Epoch 232/300
02:42:26 train - loss: 0.0255, acc: 0.9980
02:42:28 valid - loss: 0.8427, acc: 0.7958
Epoch 233/300
02:43:19 train - loss: 0.0254, acc: 0.9981
02:43:22 valid - loss: 0.8337, acc: 0.8008
Epoch 234/300
02:44:13 train - loss: 0.0241, acc: 0.9982
02:44:16 valid - loss: 0.8510, acc: 0.7964
Epoch 235/300
02:45:07 train - loss: 0.0224, acc: 0.9987
02:45:10 valid - loss: 0.7795, acc: 0.8094
Epoch 236/300
02:46:01 train - loss: 0.0208, acc: 0.9987
02:46:04 valid - loss: 0.7762, acc: 0.8094
Epoch 237/300
02:46:55 train - loss: 0.0193, acc: 0.9991
02:46:58 valid - loss: 0.7806, acc: 0.8089
Epoch 238/300
02:47:49 train - loss: 0.0189, acc: 0.9990
02:47:52 valid - loss: 0.7518, acc: 0.8134
Epoch 239/300
02:48:43 train - loss: 0.0185, acc: 0.9990
02:48:45 valid - loss: 0.7684, acc: 0.8129
Epoch 240/300
02:49:37 train - loss: 0.0201, acc: 0.9989
Save trainer to /content/drive/My Drive/models/CIFAR100-2/ckpt
02:49:44 valid - loss: 0.7573, acc: 0.8146
Epoch 241/300
02:50:35 train - loss: 0.0169, acc: 0.9994
02:50:38 valid - loss: 0.7560, acc: 0.8127
Epoch 242/300
02:51:29 train - loss: 0.0170, acc: 0.9993
02:51:31 valid - loss: 0.7380, acc: 0.8200
Epoch 243/300
02:52:23 train - loss: 0.0175, acc: 0.9995
02:52:25 valid - loss: 0.7491, acc: 0.8129
Epoch 244/300
02:53:16 train - loss: 0.0158, acc: 0.9994
02:53:19 valid - loss: 0.7341, acc: 0.8229
Epoch 245/300
02:54:10 train - loss: 0.0151, acc: 0.9995
02:54:13 valid - loss: 0.7348, acc: 0.8193
Epoch 246/300
02:55:04 train - loss: 0.0153, acc: 0.9994
02:55:07 valid - loss: 0.7290, acc: 0.8207
Epoch 247/300
02:55:58 train - loss: 0.0157, acc: 0.9995
02:56:01 valid - loss: 0.7206, acc: 0.8256
Epoch 248/300
02:56:52 train - loss: 0.0152, acc: 0.9996
02:56:55 valid - loss: 0.7282, acc: 0.8189
Epoch 249/300
02:57:46 train - loss: 0.0153, acc: 0.9995
02:57:49 valid - loss: 0.7266, acc: 0.8221
Epoch 250/300
02:58:40 train - loss: 0.0154, acc: 0.9994
Save trainer to /content/drive/My Drive/models/CIFAR100-2/ckpt
02:58:47 valid - loss: 0.7426, acc: 0.8214
Epoch 251/300
02:59:38 train - loss: 0.0141, acc: 0.9995
02:59:41 valid - loss: 0.7146, acc: 0.8277
Epoch 252/300
03:00:32 train - loss: 0.0144, acc: 0.9995
03:00:34 valid - loss: 0.7214, acc: 0.8246
Epoch 253/300
03:01:26 train - loss: 0.0146, acc: 0.9997
03:01:28 valid - loss: 0.7187, acc: 0.8258
Epoch 254/300
03:02:20 train - loss: 0.0139, acc: 0.9996
03:02:22 valid - loss: 0.7191, acc: 0.8226
Epoch 255/300
03:03:13 train - loss: 0.0132, acc: 0.9997
03:03:16 valid - loss: 0.7106, acc: 0.8245
Epoch 256/300
03:04:07 train - loss: 0.0131, acc: 0.9997
03:04:10 valid - loss: 0.7123, acc: 0.8274
Epoch 257/300
03:05:01 train - loss: 0.0119, acc: 0.9997
03:05:04 valid - loss: 0.6954, acc: 0.8304
Epoch 258/300
03:05:55 train - loss: 0.0121, acc: 0.9997
03:05:58 valid - loss: 0.7187, acc: 0.8246
Epoch 259/300
03:06:49 train - loss: 0.0119, acc: 0.9997
03:06:52 valid - loss: 0.6973, acc: 0.8305
Epoch 260/300
03:07:43 train - loss: 0.0117, acc: 0.9997
Save trainer to /content/drive/My Drive/models/CIFAR100-2/ckpt
03:07:49 valid - loss: 0.7081, acc: 0.8289
Epoch 261/300
03:08:41 train - loss: 0.0120, acc: 0.9997
03:08:43 valid - loss: 0.6913, acc: 0.8325
Epoch 262/300
03:09:35 train - loss: 0.0117, acc: 0.9997
03:09:37 valid - loss: 0.6923, acc: 0.8288
Epoch 263/300
03:10:28 train - loss: 0.0120, acc: 0.9997
03:10:31 valid - loss: 0.6954, acc: 0.8318
Epoch 264/300
03:11:22 train - loss: 0.0114, acc: 0.9997
03:11:25 valid - loss: 0.6931, acc: 0.8330
Epoch 265/300
03:12:16 train - loss: 0.0118, acc: 0.9996
03:12:19 valid - loss: 0.7004, acc: 0.8327
Epoch 266/300
03:13:10 train - loss: 0.0112, acc: 0.9997
03:13:13 valid - loss: 0.6902, acc: 0.8337
Epoch 267/300
03:14:04 train - loss: 0.0115, acc: 0.9997
03:14:07 valid - loss: 0.6943, acc: 0.8337
Epoch 268/300
03:14:58 train - loss: 0.0109, acc: 0.9998
03:15:01 valid - loss: 0.6912, acc: 0.8337
Epoch 269/300
03:15:52 train - loss: 0.0108, acc: 0.9997
03:15:54 valid - loss: 0.6924, acc: 0.8318
Epoch 270/300
03:16:46 train - loss: 0.0110, acc: 0.9998
Save trainer to /content/drive/My Drive/models/CIFAR100-2/ckpt
03:16:53 valid - loss: 0.6952, acc: 0.8338
Epoch 271/300
03:17:44 train - loss: 0.0105, acc: 0.9997
03:17:47 valid - loss: 0.6896, acc: 0.8343
Epoch 272/300
03:18:38 train - loss: 0.0105, acc: 0.9997
03:18:41 valid - loss: 0.6866, acc: 0.8325
Epoch 273/300
03:19:32 train - loss: 0.0106, acc: 0.9998
03:19:35 valid - loss: 0.6869, acc: 0.8350
Epoch 274/300
03:20:26 train - loss: 0.0102, acc: 0.9998
03:20:29 valid - loss: 0.6877, acc: 0.8351
Epoch 275/300
03:21:20 train - loss: 0.0100, acc: 0.9998
03:21:22 valid - loss: 0.6894, acc: 0.8379
Epoch 276/300
03:22:14 train - loss: 0.0104, acc: 0.9997
03:22:16 valid - loss: 0.6891, acc: 0.8371
Epoch 277/300
03:23:07 train - loss: 0.0103, acc: 0.9997
03:23:10 valid - loss: 0.6879, acc: 0.8339
Epoch 278/300
03:24:01 train - loss: 0.0102, acc: 0.9998
03:24:04 valid - loss: 0.6885, acc: 0.8360
Epoch 279/300
03:24:55 train - loss: 0.0097, acc: 0.9999
03:24:58 valid - loss: 0.6860, acc: 0.8367
Epoch 280/300
03:25:49 train - loss: 0.0104, acc: 0.9997
Save trainer to /content/drive/My Drive/models/CIFAR100-2/ckpt
03:25:56 valid - loss: 0.6898, acc: 0.8360
Epoch 281/300
03:26:47 train - loss: 0.0099, acc: 0.9998
03:26:50 valid - loss: 0.6924, acc: 0.8366
Epoch 282/300
03:27:41 train - loss: 0.0098, acc: 0.9997
03:27:44 valid - loss: 0.6884, acc: 0.8373
Epoch 283/300
03:28:35 train - loss: 0.0096, acc: 0.9998
03:28:38 valid - loss: 0.6870, acc: 0.8350
Epoch 284/300
03:29:29 train - loss: 0.0095, acc: 0.9999
03:29:32 valid - loss: 0.6881, acc: 0.8366
Epoch 285/300
03:30:23 train - loss: 0.0095, acc: 0.9998
03:30:26 valid - loss: 0.6857, acc: 0.8345
Epoch 286/300
03:31:17 train - loss: 0.0094, acc: 0.9998
03:31:20 valid - loss: 0.6891, acc: 0.8346
Epoch 287/300
03:32:11 train - loss: 0.0099, acc: 0.9998
03:32:14 valid - loss: 0.6882, acc: 0.8364
Epoch 288/300
03:33:05 train - loss: 0.0096, acc: 0.9998
03:33:07 valid - loss: 0.6887, acc: 0.8355
Epoch 289/300
03:33:59 train - loss: 0.0095, acc: 0.9998
03:34:01 valid - loss: 0.6883, acc: 0.8381
Epoch 290/300
03:34:53 train - loss: 0.0094, acc: 0.9998
Save trainer to /content/drive/My Drive/models/CIFAR100-2/ckpt
03:34:59 valid - loss: 0.6879, acc: 0.8358
Epoch 291/300
03:35:50 train - loss: 0.0094, acc: 0.9999
03:35:53 valid - loss: 0.6887, acc: 0.8377
Epoch 292/300
03:36:44 train - loss: 0.0096, acc: 0.9998
03:36:47 valid - loss: 0.6887, acc: 0.8364
Epoch 293/300
03:37:38 train - loss: 0.0095, acc: 0.9998
03:37:41 valid - loss: 0.6876, acc: 0.8368
Epoch 294/300
03:38:32 train - loss: 0.0095, acc: 0.9998
03:38:35 valid - loss: 0.6890, acc: 0.8374
Epoch 295/300
03:39:26 train - loss: 0.0097, acc: 0.9998
03:39:29 valid - loss: 0.6872, acc: 0.8367
Epoch 296/300
03:40:20 train - loss: 0.0095, acc: 0.9999
03:40:23 valid - loss: 0.6880, acc: 0.8367
Epoch 297/300
03:41:14 train - loss: 0.0097, acc: 0.9998
03:41:17 valid - loss: 0.6876, acc: 0.8374
Epoch 298/300
03:42:08 train - loss: 0.0095, acc: 0.9998
03:42:10 valid - loss: 0.6852, acc: 0.8368
Epoch 299/300
03:43:02 train - loss: 0.0095, acc: 0.9998
03:43:04 valid - loss: 0.6874, acc: 0.8363
Epoch 300/300
03:43:56 train - loss: 0.0091, acc: 0.9998
Save trainer to /content/drive/My Drive/models/CIFAR100-2/ckpt
03:44:03 valid - loss: 0.6873, acc: 0.8359