12:10:15 Start training
Epoch 1/200
WARNING:tensorflow:From /usr/local/lib/python3.6/dist-packages/tensorflow/python/data/ops/multi_device_iterator_ops.py:601: get_next_as_optional (from tensorflow.python.data.ops.iterator_ops) is deprecated and will be removed in a future version.
Instructions for updating:
Use `tf.data.Iterator.get_next_as_optional()` instead.
WARNING:tensorflow:From /usr/local/lib/python3.6/dist-packages/tensorflow/python/data/ops/multi_device_iterator_ops.py:601: get_next_as_optional (from tensorflow.python.data.ops.iterator_ops) is deprecated and will be removed in a future version.
Instructions for updating:
Use `tf.data.Iterator.get_next_as_optional()` instead.
12:10:53 train - loss: 3.7212, acc: 0.1266
12:11:13 valid - loss: 3.2433, acc: 0.1999
Epoch 2/200
12:11:17 train - loss: 2.8387, acc: 0.2756
12:11:17 valid - loss: 2.6705, acc: 0.3166
Epoch 3/200
12:11:22 train - loss: 2.3748, acc: 0.3748
12:11:22 valid - loss: 2.7039, acc: 0.3246
Epoch 4/200
12:11:27 train - loss: 2.0878, acc: 0.4350
12:11:27 valid - loss: 2.2708, acc: 0.4053
Epoch 5/200
12:11:32 train - loss: 1.8813, acc: 0.4839
12:11:32 valid - loss: 2.0472, acc: 0.4506
Epoch 6/200
12:11:37 train - loss: 1.7281, acc: 0.5184
12:11:37 valid - loss: 1.8260, acc: 0.5000
Epoch 7/200
12:11:41 train - loss: 1.6044, acc: 0.5520
12:11:42 valid - loss: 1.7132, acc: 0.5301
Epoch 8/200
12:11:46 train - loss: 1.5117, acc: 0.5742
12:11:47 valid - loss: 1.7216, acc: 0.5355
Epoch 9/200
12:11:51 train - loss: 1.4432, acc: 0.5921
12:11:51 valid - loss: 1.6561, acc: 0.5563
Epoch 10/200
12:11:56 train - loss: 1.3892, acc: 0.6072
12:11:56 valid - loss: 1.8548, acc: 0.5239
Epoch 11/200
12:12:01 train - loss: 1.3370, acc: 0.6209
12:12:01 valid - loss: 1.6764, acc: 0.5516
Epoch 12/200
12:12:05 train - loss: 1.2974, acc: 0.6337
12:12:06 valid - loss: 1.6483, acc: 0.5581
Epoch 13/200
12:12:10 train - loss: 1.2599, acc: 0.6392
12:12:11 valid - loss: 1.4988, acc: 0.5892
Epoch 14/200
12:12:15 train - loss: 1.2230, acc: 0.6495
12:12:15 valid - loss: 1.5758, acc: 0.5780
Epoch 15/200
12:12:20 train - loss: 1.1921, acc: 0.6592
12:12:20 valid - loss: 1.4934, acc: 0.5980
Epoch 16/200
12:12:25 train - loss: 1.1648, acc: 0.6662
12:12:25 valid - loss: 1.4841, acc: 0.5966
Epoch 17/200
12:12:29 train - loss: 1.1513, acc: 0.6705
12:12:30 valid - loss: 1.5235, acc: 0.5825
Epoch 18/200
12:12:34 train - loss: 1.1254, acc: 0.6758
12:12:34 valid - loss: 1.5515, acc: 0.5931
Epoch 19/200
12:12:39 train - loss: 1.1052, acc: 0.6821
12:12:39 valid - loss: 1.5512, acc: 0.5905
Epoch 20/200
12:12:44 train - loss: 1.0889, acc: 0.6841
12:12:44 valid - loss: 1.3888, acc: 0.6290
Epoch 21/200
12:12:49 train - loss: 1.0698, acc: 0.6918
12:12:49 valid - loss: 1.3584, acc: 0.6256
Epoch 22/200
12:12:53 train - loss: 1.0504, acc: 0.6981
12:12:54 valid - loss: 1.5441, acc: 0.5953
Epoch 23/200
12:12:58 train - loss: 1.0423, acc: 0.6986
12:12:59 valid - loss: 1.5059, acc: 0.6074
Epoch 24/200
12:13:03 train - loss: 1.0263, acc: 0.7043
12:13:03 valid - loss: 1.4519, acc: 0.6174
Epoch 25/200
12:13:08 train - loss: 1.0140, acc: 0.7049
12:13:08 valid - loss: 1.4778, acc: 0.6083
Epoch 26/200
12:13:13 train - loss: 0.9989, acc: 0.7112
12:13:13 valid - loss: 1.3811, acc: 0.6273
Epoch 27/200
12:13:17 train - loss: 1.0039, acc: 0.7064
12:13:18 valid - loss: 1.4892, acc: 0.6068
Epoch 28/200
12:13:22 train - loss: 0.9781, acc: 0.7176
12:13:22 valid - loss: 1.4680, acc: 0.6126
Epoch 29/200
12:13:27 train - loss: 0.9742, acc: 0.7169
12:13:27 valid - loss: 1.4947, acc: 0.6016
Epoch 30/200
12:13:32 train - loss: 0.9600, acc: 0.7203
12:13:32 valid - loss: 1.6937, acc: 0.5591
Epoch 31/200
12:13:37 train - loss: 0.9521, acc: 0.7241
12:13:37 valid - loss: 1.4808, acc: 0.6127
Epoch 32/200
12:13:41 train - loss: 0.9472, acc: 0.7244
12:13:42 valid - loss: 1.3184, acc: 0.6321
Epoch 33/200
12:13:46 train - loss: 0.9333, acc: 0.7256
12:13:46 valid - loss: 1.4825, acc: 0.6136
Epoch 34/200
12:13:51 train - loss: 0.9241, acc: 0.7316
12:13:51 valid - loss: 1.3295, acc: 0.6400
Epoch 35/200
12:13:56 train - loss: 0.9190, acc: 0.7328
12:13:56 valid - loss: 1.3096, acc: 0.6408
Epoch 36/200
12:14:00 train - loss: 0.9127, acc: 0.7352
12:14:01 valid - loss: 1.5021, acc: 0.5998
Epoch 37/200
12:14:05 train - loss: 0.9068, acc: 0.7368
12:14:06 valid - loss: 1.3854, acc: 0.6297
Epoch 38/200
12:14:10 train - loss: 0.9019, acc: 0.7387
12:14:11 valid - loss: 1.3607, acc: 0.6252
Epoch 39/200
12:14:15 train - loss: 0.8905, acc: 0.7401
12:14:15 valid - loss: 1.4405, acc: 0.6171
Epoch 40/200
12:14:20 train - loss: 0.8809, acc: 0.7413
12:14:20 valid - loss: 1.3428, acc: 0.6319
Epoch 41/200
12:14:25 train - loss: 0.8696, acc: 0.7456
12:14:25 valid - loss: 1.4275, acc: 0.6212
Epoch 42/200
12:14:29 train - loss: 0.8772, acc: 0.7438
12:14:30 valid - loss: 1.2620, acc: 0.6556
Epoch 43/200
12:14:34 train - loss: 0.8670, acc: 0.7471
12:14:34 valid - loss: 1.3510, acc: 0.6378
Epoch 44/200
12:14:39 train - loss: 0.8500, acc: 0.7533
12:14:39 valid - loss: 1.5235, acc: 0.6067
Epoch 45/200
12:14:44 train - loss: 0.8507, acc: 0.7520
12:14:44 valid - loss: 1.3004, acc: 0.6501
Epoch 46/200
12:14:49 train - loss: 0.8392, acc: 0.7541
12:14:49 valid - loss: 1.5785, acc: 0.6033
Epoch 47/200
12:14:53 train - loss: 0.8408, acc: 0.7533
12:14:54 valid - loss: 1.3566, acc: 0.6517
Epoch 48/200
12:14:58 train - loss: 0.8230, acc: 0.7584
12:14:59 valid - loss: 1.2823, acc: 0.6553
Epoch 49/200
12:15:03 train - loss: 0.8185, acc: 0.7586
12:15:03 valid - loss: 1.5199, acc: 0.6204
Epoch 50/200
12:15:08 train - loss: 0.8203, acc: 0.7603
12:15:08 valid - loss: 1.5057, acc: 0.6202
Epoch 51/200
12:15:13 train - loss: 0.8140, acc: 0.7590
12:15:13 valid - loss: 1.5328, acc: 0.6130
Epoch 52/200
12:15:18 train - loss: 0.8042, acc: 0.7617
12:15:18 valid - loss: 1.3610, acc: 0.6517
Epoch 53/200
12:15:22 train - loss: 0.7942, acc: 0.7657
12:15:23 valid - loss: 1.3438, acc: 0.6571
Epoch 54/200
12:15:27 train - loss: 0.7916, acc: 0.7668
12:15:28 valid - loss: 1.4369, acc: 0.6456
Epoch 55/200
12:15:32 train - loss: 0.7861, acc: 0.7690
12:15:32 valid - loss: 1.3934, acc: 0.6225
Epoch 56/200
12:15:37 train - loss: 0.7755, acc: 0.7714
12:15:37 valid - loss: 1.2155, acc: 0.6675
Epoch 57/200
12:15:42 train - loss: 0.7712, acc: 0.7744
12:15:42 valid - loss: 1.4816, acc: 0.6322
Epoch 58/200
12:15:47 train - loss: 0.7682, acc: 0.7732
12:15:47 valid - loss: 1.3118, acc: 0.6575
Epoch 59/200
12:15:51 train - loss: 0.7580, acc: 0.7751
12:15:52 valid - loss: 1.5178, acc: 0.6247
Epoch 60/200
12:15:56 train - loss: 0.7572, acc: 0.7768
12:15:57 valid - loss: 1.2651, acc: 0.6651
Epoch 61/200
12:16:01 train - loss: 0.7471, acc: 0.7776
12:16:01 valid - loss: 1.3538, acc: 0.6456
Epoch 62/200
12:16:06 train - loss: 0.7323, acc: 0.7828
12:16:06 valid - loss: 1.2513, acc: 0.6652
Epoch 63/200
12:16:11 train - loss: 0.7341, acc: 0.7844
12:16:11 valid - loss: 1.3698, acc: 0.6426
Epoch 64/200
12:16:15 train - loss: 0.7315, acc: 0.7844
12:16:16 valid - loss: 1.4176, acc: 0.6262
Epoch 65/200
12:16:20 train - loss: 0.7151, acc: 0.7894
12:16:20 valid - loss: 1.2882, acc: 0.6624
Epoch 66/200
12:16:25 train - loss: 0.7178, acc: 0.7858
12:16:25 valid - loss: 1.2148, acc: 0.6766
Epoch 67/200
12:16:30 train - loss: 0.6981, acc: 0.7926
12:16:30 valid - loss: 1.3670, acc: 0.6432
Epoch 68/200
12:16:35 train - loss: 0.7012, acc: 0.7940
12:16:35 valid - loss: 1.3304, acc: 0.6559
Epoch 69/200
12:16:39 train - loss: 0.6943, acc: 0.7951
12:16:40 valid - loss: 1.4713, acc: 0.6365
Epoch 70/200
12:16:44 train - loss: 0.6888, acc: 0.7957
12:16:45 valid - loss: 1.3737, acc: 0.6437
Epoch 71/200
12:16:49 train - loss: 0.6693, acc: 0.8006
12:16:50 valid - loss: 1.2700, acc: 0.6656
Epoch 72/200
12:16:54 train - loss: 0.6762, acc: 0.7982
12:16:54 valid - loss: 1.5532, acc: 0.6205
Epoch 73/200
12:16:59 train - loss: 0.6576, acc: 0.8066
12:16:59 valid - loss: 1.5150, acc: 0.6246
Epoch 74/200
12:17:04 train - loss: 0.6531, acc: 0.8047
12:17:04 valid - loss: 1.2714, acc: 0.6685
Epoch 75/200
12:17:09 train - loss: 0.6471, acc: 0.8086
12:17:09 valid - loss: 1.2153, acc: 0.6765
Epoch 76/200
12:17:13 train - loss: 0.6418, acc: 0.8098
12:17:14 valid - loss: 1.2373, acc: 0.6776
Epoch 77/200
12:17:18 train - loss: 0.6378, acc: 0.8118
12:17:18 valid - loss: 1.2671, acc: 0.6672
Epoch 78/200
12:17:23 train - loss: 0.6342, acc: 0.8111
12:17:23 valid - loss: 1.4565, acc: 0.6424
Epoch 79/200
12:17:28 train - loss: 0.6146, acc: 0.8178
12:17:28 valid - loss: 1.3631, acc: 0.6435
Epoch 80/200
12:17:32 train - loss: 0.6118, acc: 0.8166
12:17:33 valid - loss: 1.3662, acc: 0.6405
Epoch 81/200
12:17:37 train - loss: 0.6037, acc: 0.8193
12:17:38 valid - loss: 1.2888, acc: 0.6670
Epoch 82/200
12:17:42 train - loss: 0.5935, acc: 0.8242
12:17:42 valid - loss: 1.3837, acc: 0.6506
Epoch 83/200
12:17:47 train - loss: 0.5953, acc: 0.8228
12:17:47 valid - loss: 1.2057, acc: 0.6819
Epoch 84/200
12:17:52 train - loss: 0.5849, acc: 0.8256
12:17:52 valid - loss: 1.3035, acc: 0.6685
Epoch 85/200
12:17:56 train - loss: 0.5735, acc: 0.8289
12:17:57 valid - loss: 1.4302, acc: 0.6462
Epoch 86/200
12:18:01 train - loss: 0.5657, acc: 0.8314
12:18:02 valid - loss: 1.2275, acc: 0.6772
Epoch 87/200
12:18:06 train - loss: 0.5513, acc: 0.8348
12:18:06 valid - loss: 1.2876, acc: 0.6706
Epoch 88/200
12:18:11 train - loss: 0.5566, acc: 0.8352
12:18:11 valid - loss: 1.2292, acc: 0.6791
Epoch 89/200
12:18:16 train - loss: 0.5310, acc: 0.8414
12:18:16 valid - loss: 1.3246, acc: 0.6790
Epoch 90/200
12:18:21 train - loss: 0.5426, acc: 0.8386
12:18:21 valid - loss: 1.2510, acc: 0.6778
Epoch 91/200
12:18:25 train - loss: 0.5234, acc: 0.8455
12:18:26 valid - loss: 1.1738, acc: 0.6912
Epoch 92/200
12:18:30 train - loss: 0.5111, acc: 0.8464
12:18:31 valid - loss: 1.2459, acc: 0.6801
Epoch 93/200
12:18:35 train - loss: 0.5005, acc: 0.8521
12:18:35 valid - loss: 1.2220, acc: 0.6849
Epoch 94/200
12:18:40 train - loss: 0.4956, acc: 0.8538
12:18:40 valid - loss: 1.1409, acc: 0.7070
Epoch 95/200
12:18:45 train - loss: 0.4977, acc: 0.8535
12:18:45 valid - loss: 1.3097, acc: 0.6761
Epoch 96/200
12:18:50 train - loss: 0.4888, acc: 0.8544
12:18:50 valid - loss: 1.2038, acc: 0.6917
Epoch 97/200
12:18:54 train - loss: 0.4700, acc: 0.8613
12:18:55 valid - loss: 1.2930, acc: 0.6831
Epoch 98/200
12:18:59 train - loss: 0.4716, acc: 0.8602
12:19:00 valid - loss: 1.3348, acc: 0.6743
Epoch 99/200
12:19:04 train - loss: 0.4563, acc: 0.8657
12:19:04 valid - loss: 1.1310, acc: 0.7063
Epoch 100/200
12:19:09 train - loss: 0.4485, acc: 0.8668
12:19:09 valid - loss: 1.2040, acc: 0.6931
Epoch 101/200
12:19:14 train - loss: 0.4372, acc: 0.8705
12:19:14 valid - loss: 1.1920, acc: 0.6972
Epoch 102/200
12:19:19 train - loss: 0.4340, acc: 0.8720
12:19:19 valid - loss: 1.3194, acc: 0.6739
Epoch 103/200
12:19:23 train - loss: 0.4203, acc: 0.8753
12:19:24 valid - loss: 1.2550, acc: 0.6861
Epoch 104/200
12:19:28 train - loss: 0.4202, acc: 0.8753
12:19:29 valid - loss: 1.1426, acc: 0.7046
Epoch 105/200
12:19:33 train - loss: 0.4085, acc: 0.8796
12:19:33 valid - loss: 1.2548, acc: 0.6907
Epoch 106/200
12:19:38 train - loss: 0.4005, acc: 0.8833
12:19:38 valid - loss: 1.3152, acc: 0.6689
Epoch 107/200
12:19:43 train - loss: 0.3891, acc: 0.8860
12:19:43 valid - loss: 1.2540, acc: 0.6869
Epoch 108/200
12:19:48 train - loss: 0.3767, acc: 0.8890
12:19:48 valid - loss: 1.1913, acc: 0.7086
Epoch 109/200
12:19:52 train - loss: 0.3703, acc: 0.8919
12:19:53 valid - loss: 1.1965, acc: 0.6945
Epoch 110/200
12:19:57 train - loss: 0.3704, acc: 0.8914
12:19:57 valid - loss: 1.3087, acc: 0.6829
Epoch 111/200
12:20:02 train - loss: 0.3380, acc: 0.9036
12:20:02 valid - loss: 1.1842, acc: 0.7047
Epoch 112/200
12:20:07 train - loss: 0.3417, acc: 0.9007
12:20:07 valid - loss: 1.3160, acc: 0.6870
Epoch 113/200
12:20:12 train - loss: 0.3340, acc: 0.9044
12:20:12 valid - loss: 1.2935, acc: 0.6838
Epoch 114/200
12:20:17 train - loss: 0.3362, acc: 0.9031
12:20:17 valid - loss: 1.3043, acc: 0.6760
Epoch 115/200
12:20:21 train - loss: 0.3186, acc: 0.9081
12:20:22 valid - loss: 1.1505, acc: 0.7074
Epoch 116/200
12:20:26 train - loss: 0.3108, acc: 0.9105
12:20:26 valid - loss: 1.2617, acc: 0.7034
Epoch 117/200
12:20:31 train - loss: 0.2949, acc: 0.9160
12:20:31 valid - loss: 1.1527, acc: 0.7106
Epoch 118/200
12:20:36 train - loss: 0.2865, acc: 0.9187
12:20:36 valid - loss: 1.2047, acc: 0.6997
Epoch 119/200
12:20:40 train - loss: 0.2725, acc: 0.9231
12:20:41 valid - loss: 1.1214, acc: 0.7154
Epoch 120/200
12:20:45 train - loss: 0.2739, acc: 0.9223
12:20:46 valid - loss: 1.1608, acc: 0.7068
Epoch 121/200
12:20:50 train - loss: 0.2675, acc: 0.9255
12:20:50 valid - loss: 1.2487, acc: 0.6950
Epoch 122/200
12:20:55 train - loss: 0.2585, acc: 0.9277
12:20:55 valid - loss: 1.1981, acc: 0.7007
Epoch 123/200
12:21:00 train - loss: 0.2511, acc: 0.9298
12:21:00 valid - loss: 1.1718, acc: 0.7075
Epoch 124/200
12:21:05 train - loss: 0.2430, acc: 0.9332
12:21:05 valid - loss: 1.1427, acc: 0.7178
Epoch 125/200
12:21:09 train - loss: 0.2323, acc: 0.9372
12:21:10 valid - loss: 1.1757, acc: 0.7098
Epoch 126/200
12:21:14 train - loss: 0.2270, acc: 0.9380
12:21:15 valid - loss: 1.1106, acc: 0.7251
Epoch 127/200
12:21:19 train - loss: 0.2135, acc: 0.9428
12:21:20 valid - loss: 1.1584, acc: 0.7147
Epoch 128/200
12:21:24 train - loss: 0.2062, acc: 0.9453
12:21:24 valid - loss: 1.0820, acc: 0.7276
Epoch 129/200
12:21:29 train - loss: 0.1944, acc: 0.9498
12:21:29 valid - loss: 1.0813, acc: 0.7303
Epoch 130/200
12:21:34 train - loss: 0.1906, acc: 0.9512
12:21:34 valid - loss: 1.1129, acc: 0.7305
Epoch 131/200
12:21:38 train - loss: 0.1958, acc: 0.9489
12:21:39 valid - loss: 1.1330, acc: 0.7195
Epoch 132/200
12:21:43 train - loss: 0.1793, acc: 0.9543
12:21:44 valid - loss: 1.0802, acc: 0.7221
Epoch 133/200
12:21:48 train - loss: 0.1745, acc: 0.9569
12:21:48 valid - loss: 1.0219, acc: 0.7426
Epoch 134/200
12:21:53 train - loss: 0.1633, acc: 0.9598
12:21:53 valid - loss: 1.0525, acc: 0.7385
Epoch 135/200
12:21:58 train - loss: 0.1605, acc: 0.9613
12:21:58 valid - loss: 1.0739, acc: 0.7345
Epoch 136/200
12:22:02 train - loss: 0.1484, acc: 0.9645
12:22:03 valid - loss: 1.0449, acc: 0.7406
Epoch 137/200
12:22:07 train - loss: 0.1505, acc: 0.9643
12:22:08 valid - loss: 1.0918, acc: 0.7269
Epoch 138/200
12:22:12 train - loss: 0.1302, acc: 0.9705
12:22:12 valid - loss: 1.0951, acc: 0.7284
Epoch 139/200
12:22:17 train - loss: 0.1341, acc: 0.9694
12:22:17 valid - loss: 1.0231, acc: 0.7399
Epoch 140/200
12:22:22 train - loss: 0.1169, acc: 0.9753
12:22:22 valid - loss: 1.0286, acc: 0.7424
Epoch 141/200
12:22:27 train - loss: 0.1112, acc: 0.9766
12:22:27 valid - loss: 1.0975, acc: 0.7328
Epoch 142/200
12:22:31 train - loss: 0.1119, acc: 0.9761
12:22:32 valid - loss: 1.0436, acc: 0.7481
Epoch 143/200
12:22:36 train - loss: 0.1060, acc: 0.9785
12:22:36 valid - loss: 1.0263, acc: 0.7503
Epoch 144/200
12:22:41 train - loss: 0.0921, acc: 0.9828
12:22:41 valid - loss: 0.9573, acc: 0.7648
Epoch 145/200
12:22:46 train - loss: 0.0839, acc: 0.9844
12:22:46 valid - loss: 0.9707, acc: 0.7599
Epoch 146/200
12:22:51 train - loss: 0.0815, acc: 0.9851
12:22:51 valid - loss: 0.9673, acc: 0.7580
Epoch 147/200
12:22:55 train - loss: 0.0755, acc: 0.9863
12:22:56 valid - loss: 0.9642, acc: 0.7597
Epoch 148/200
12:23:00 train - loss: 0.0716, acc: 0.9881
12:23:00 valid - loss: 0.9636, acc: 0.7644
Epoch 149/200
12:23:05 train - loss: 0.0629, acc: 0.9905
12:23:05 valid - loss: 0.9348, acc: 0.7659
Epoch 150/200
12:23:10 train - loss: 0.0676, acc: 0.9889
12:23:10 valid - loss: 0.9342, acc: 0.7639
Epoch 151/200
12:23:14 train - loss: 0.0625, acc: 0.9908
12:23:15 valid - loss: 0.9623, acc: 0.7597
Epoch 152/200
12:23:19 train - loss: 0.0569, acc: 0.9923
12:23:20 valid - loss: 0.9312, acc: 0.7746
Epoch 153/200
12:23:24 train - loss: 0.0521, acc: 0.9932
12:23:25 valid - loss: 0.8843, acc: 0.7779
Epoch 154/200
12:23:29 train - loss: 0.0471, acc: 0.9945
12:23:29 valid - loss: 0.8631, acc: 0.7773
Epoch 155/200
12:23:34 train - loss: 0.0412, acc: 0.9957
12:23:34 valid - loss: 0.8636, acc: 0.7863
Epoch 156/200
12:23:39 train - loss: 0.0404, acc: 0.9959
12:23:39 valid - loss: 0.8532, acc: 0.7876
Epoch 157/200
12:23:43 train - loss: 0.0402, acc: 0.9960
12:23:44 valid - loss: 0.8781, acc: 0.7802
Epoch 158/200
12:23:48 train - loss: 0.0365, acc: 0.9968
12:23:49 valid - loss: 0.8597, acc: 0.7846
Epoch 159/200
12:23:53 train - loss: 0.0338, acc: 0.9970
12:23:53 valid - loss: 0.8673, acc: 0.7855
Epoch 160/200
12:23:58 train - loss: 0.0320, acc: 0.9977
12:23:58 valid - loss: 0.8385, acc: 0.7917
Epoch 161/200
12:24:03 train - loss: 0.0305, acc: 0.9978
12:24:03 valid - loss: 0.8280, acc: 0.7923
Epoch 162/200
12:24:07 train - loss: 0.0281, acc: 0.9982
12:24:08 valid - loss: 0.8289, acc: 0.7928
Epoch 163/200
12:24:12 train - loss: 0.0262, acc: 0.9983
12:24:13 valid - loss: 0.8048, acc: 0.7959
Epoch 164/200
12:24:17 train - loss: 0.0246, acc: 0.9987
12:24:17 valid - loss: 0.8093, acc: 0.8005
Epoch 165/200
12:24:22 train - loss: 0.0234, acc: 0.9988
12:24:22 valid - loss: 0.8062, acc: 0.7950
Epoch 166/200
12:24:27 train - loss: 0.0217, acc: 0.9990
12:24:27 valid - loss: 0.8012, acc: 0.7993
Epoch 167/200
12:24:32 train - loss: 0.0213, acc: 0.9991
12:24:32 valid - loss: 0.7930, acc: 0.8007
Epoch 168/200
12:24:36 train - loss: 0.0196, acc: 0.9994
12:24:37 valid - loss: 0.7967, acc: 0.8003
Epoch 169/200
12:24:41 train - loss: 0.0194, acc: 0.9993
12:24:42 valid - loss: 0.7933, acc: 0.8037
Epoch 170/200
12:24:46 train - loss: 0.0198, acc: 0.9992
12:24:46 valid - loss: 0.7982, acc: 0.8015
Epoch 171/200
12:24:51 train - loss: 0.0182, acc: 0.9994
12:24:51 valid - loss: 0.7897, acc: 0.8045
Epoch 172/200
12:24:56 train - loss: 0.0179, acc: 0.9995
12:24:56 valid - loss: 0.7872, acc: 0.8020
Epoch 173/200
12:25:00 train - loss: 0.0187, acc: 0.9994
12:25:01 valid - loss: 0.7876, acc: 0.8037
Epoch 174/200
12:25:05 train - loss: 0.0171, acc: 0.9995
12:25:06 valid - loss: 0.7834, acc: 0.8044
Epoch 175/200
12:25:10 train - loss: 0.0165, acc: 0.9996
12:25:10 valid - loss: 0.7824, acc: 0.8053
Epoch 176/200
12:25:15 train - loss: 0.0158, acc: 0.9996
12:25:15 valid - loss: 0.7839, acc: 0.8077
Epoch 177/200
12:25:20 train - loss: 0.0164, acc: 0.9996
12:25:20 valid - loss: 0.7835, acc: 0.8054
Epoch 178/200
12:25:24 train - loss: 0.0157, acc: 0.9996
12:25:25 valid - loss: 0.7808, acc: 0.8051
Epoch 179/200
12:25:29 train - loss: 0.0164, acc: 0.9996
12:25:30 valid - loss: 0.7785, acc: 0.8072
Epoch 180/200
12:25:34 train - loss: 0.0155, acc: 0.9996
12:25:35 valid - loss: 0.7767, acc: 0.8073
Epoch 181/200
12:25:39 train - loss: 0.0150, acc: 0.9996
12:25:39 valid - loss: 0.7746, acc: 0.8074
Epoch 182/200
12:25:44 train - loss: 0.0150, acc: 0.9996
12:25:44 valid - loss: 0.7723, acc: 0.8077
Epoch 183/200
12:25:49 train - loss: 0.0147, acc: 0.9995
12:25:49 valid - loss: 0.7744, acc: 0.8080
Epoch 184/200
12:25:53 train - loss: 0.0146, acc: 0.9996
12:25:54 valid - loss: 0.7707, acc: 0.8053
Epoch 185/200
12:25:58 train - loss: 0.0144, acc: 0.9996
12:25:59 valid - loss: 0.7766, acc: 0.8061
Epoch 186/200
12:26:03 train - loss: 0.0139, acc: 0.9997
12:26:03 valid - loss: 0.7723, acc: 0.8088
Epoch 187/200
12:26:32 train - loss: 0.0133, acc: 0.9997
12:26:32 valid - loss: 0.7693, acc: 0.8072
Epoch 193/200
12:26:37 train - loss: 0.0130, acc: 0.9998
12:26:37 valid - loss: 0.7662, acc: 0.8091
Epoch 194/200
12:26:42 train - loss: 0.0132, acc: 0.9998
12:26:42 valid - loss: 0.7712, acc: 0.8094
Epoch 195/200
12:26:46 train - loss: 0.0137, acc: 0.9997
12:26:47 valid - loss: 0.7727, acc: 0.8082
Epoch 196/200
12:26:51 train - loss: 0.0129, acc: 0.9998
12:26:52 valid - loss: 0.7709, acc: 0.8102
Epoch 197/200
12:26:56 train - loss: 0.0129, acc: 0.9998
12:26:56 valid - loss: 0.7724, acc: 0.8099
Epoch 198/200
12:27:01 train - loss: 0.0132, acc: 0.9997
12:27:01 valid - loss: 0.7700, acc: 0.8073
Epoch 199/200
12:27:06 train - loss: 0.0130, acc: 0.9997
12:27:06 valid - loss: 0.7692, acc: 0.8081
Epoch 200/200
12:27:11 train - loss: 0.0129, acc: 0.9997
12:27:11 valid - loss: 0.7683, acc: 0.8099