12:29:15 Start training
Epoch 1/200
WARNING:tensorflow:From /usr/local/lib/python3.6/dist-packages/tensorflow/python/data/ops/multi_device_iterator_ops.py:601: get_next_as_optional (from tensorflow.python.data.ops.iterator_ops) is deprecated and will be removed in a future version.
Instructions for updating:
Use `tf.data.Iterator.get_next_as_optional()` instead.
WARNING:tensorflow:From /usr/local/lib/python3.6/dist-packages/tensorflow/python/data/ops/multi_device_iterator_ops.py:601: get_next_as_optional (from tensorflow.python.data.ops.iterator_ops) is deprecated and will be removed in a future version.
Instructions for updating:
Use `tf.data.Iterator.get_next_as_optional()` instead.
12:29:50 train - loss: 3.7475, acc: 0.1246
12:30:08 valid - loss: 3.4893, acc: 0.1602
Epoch 2/200
12:30:13 train - loss: 2.8913, acc: 0.2687
12:30:13 valid - loss: 2.6782, acc: 0.3146
Epoch 3/200
12:30:18 train - loss: 2.3841, acc: 0.3699
12:30:18 valid - loss: 2.9198, acc: 0.2989
Epoch 4/200
12:30:22 train - loss: 2.0863, acc: 0.4366
12:30:23 valid - loss: 2.1207, acc: 0.4318
Epoch 5/200
12:30:27 train - loss: 1.8744, acc: 0.4833
12:30:28 valid - loss: 1.9016, acc: 0.4840
Epoch 6/200
12:30:32 train - loss: 1.7256, acc: 0.5220
12:30:32 valid - loss: 1.9004, acc: 0.4812
Epoch 7/200
12:30:37 train - loss: 1.6088, acc: 0.5504
12:30:37 valid - loss: 1.8034, acc: 0.5107
Epoch 8/200
12:30:42 train - loss: 1.5154, acc: 0.5756
12:30:42 valid - loss: 1.7052, acc: 0.5392
Epoch 9/200
12:30:46 train - loss: 1.4435, acc: 0.5908
12:30:47 valid - loss: 1.8242, acc: 0.5205
Epoch 10/200
12:30:51 train - loss: 1.3857, acc: 0.6093
12:30:51 valid - loss: 1.5631, acc: 0.5694
Epoch 11/200
12:30:56 train - loss: 1.3405, acc: 0.6194
12:30:56 valid - loss: 1.5357, acc: 0.5709
Epoch 12/200
12:31:01 train - loss: 1.2998, acc: 0.6320
12:31:01 valid - loss: 1.5737, acc: 0.5727
Epoch 13/200
12:31:05 train - loss: 1.2648, acc: 0.6387
12:31:06 valid - loss: 1.4407, acc: 0.6013
Epoch 14/200
12:31:10 train - loss: 1.2258, acc: 0.6503
12:31:11 valid - loss: 1.6523, acc: 0.5501
Epoch 15/200
12:31:15 train - loss: 1.1996, acc: 0.6556
12:31:15 valid - loss: 1.5556, acc: 0.5854
Epoch 16/200
12:31:20 train - loss: 1.1741, acc: 0.6609
12:31:20 valid - loss: 1.7825, acc: 0.5458
Epoch 17/200
12:31:25 train - loss: 1.1494, acc: 0.6705
12:31:25 valid - loss: 1.6634, acc: 0.5465
Epoch 18/200
12:31:29 train - loss: 1.1271, acc: 0.6771
12:31:30 valid - loss: 1.6169, acc: 0.5743
Epoch 19/200
12:31:34 train - loss: 1.1132, acc: 0.6786
12:31:35 valid - loss: 1.5878, acc: 0.5822
Epoch 20/200
12:31:39 train - loss: 1.0914, acc: 0.6864
12:31:39 valid - loss: 1.4587, acc: 0.6100
Epoch 21/200
12:31:44 train - loss: 1.0708, acc: 0.6895
12:31:44 valid - loss: 1.6365, acc: 0.5799
Epoch 22/200
12:31:48 train - loss: 1.0579, acc: 0.6941
12:31:49 valid - loss: 1.4687, acc: 0.6085
Epoch 23/200
12:31:53 train - loss: 1.0512, acc: 0.6961
12:31:54 valid - loss: 1.4975, acc: 0.5999
Epoch 24/200
12:31:58 train - loss: 1.0348, acc: 0.6982
12:31:58 valid - loss: 1.5116, acc: 0.5989
Epoch 25/200
12:32:03 train - loss: 1.0232, acc: 0.7028
12:32:03 valid - loss: 1.4379, acc: 0.6105
Epoch 26/200
12:32:08 train - loss: 1.0108, acc: 0.7079
12:32:08 valid - loss: 1.4882, acc: 0.5945
Epoch 27/200
12:32:12 train - loss: 1.0048, acc: 0.7065
12:32:13 valid - loss: 1.3475, acc: 0.6317
Epoch 28/200
12:32:17 train - loss: 0.9836, acc: 0.7144
12:32:18 valid - loss: 1.4051, acc: 0.6168
Epoch 29/200
12:32:22 train - loss: 0.9746, acc: 0.7179
12:32:22 valid - loss: 1.5864, acc: 0.5916
Epoch 30/200
12:32:27 train - loss: 0.9712, acc: 0.7158
12:32:27 valid - loss: 1.4464, acc: 0.6159
Epoch 31/200
12:32:32 train - loss: 0.9579, acc: 0.7223
12:32:32 valid - loss: 1.3627, acc: 0.6301
Epoch 32/200
12:32:36 train - loss: 0.9502, acc: 0.7226
12:32:37 valid - loss: 1.6435, acc: 0.5831
Epoch 33/200
12:32:41 train - loss: 0.9388, acc: 0.7272
12:32:42 valid - loss: 1.5044, acc: 0.6028
Epoch 34/200
12:32:46 train - loss: 0.9296, acc: 0.7294
12:32:46 valid - loss: 1.4382, acc: 0.6189
Epoch 35/200
12:32:51 train - loss: 0.9318, acc: 0.7277
12:32:51 valid - loss: 1.5110, acc: 0.6082
Epoch 36/200
12:32:56 train - loss: 0.9209, acc: 0.7300
12:32:56 valid - loss: 1.3039, acc: 0.6470
Epoch 37/200
12:33:00 train - loss: 0.9113, acc: 0.7322
12:33:01 valid - loss: 1.4879, acc: 0.6189
Epoch 38/200
12:33:05 train - loss: 0.9110, acc: 0.7351
12:33:06 valid - loss: 1.6085, acc: 0.5937
Epoch 39/200
12:33:10 train - loss: 0.8957, acc: 0.7370
12:33:10 valid - loss: 1.3433, acc: 0.6346
Epoch 40/200
12:33:15 train - loss: 0.8925, acc: 0.7376
12:33:15 valid - loss: 1.4446, acc: 0.6168
Epoch 41/200
12:33:20 train - loss: 0.8797, acc: 0.7422
12:33:20 valid - loss: 1.4400, acc: 0.6299
Epoch 42/200
12:33:24 train - loss: 0.8806, acc: 0.7410
12:33:25 valid - loss: 1.4111, acc: 0.6226
Epoch 43/200
12:33:29 train - loss: 0.8691, acc: 0.7451
12:33:30 valid - loss: 1.3452, acc: 0.6385
Epoch 44/200
12:33:34 train - loss: 0.8602, acc: 0.7475
12:33:34 valid - loss: 1.4121, acc: 0.6294
Epoch 45/200
12:33:39 train - loss: 0.8626, acc: 0.7469
12:33:39 valid - loss: 1.3823, acc: 0.6357
Epoch 46/200
12:33:44 train - loss: 0.8460, acc: 0.7520
12:33:44 valid - loss: 1.5879, acc: 0.5924
Epoch 47/200
12:33:48 train - loss: 0.8428, acc: 0.7520
12:33:49 valid - loss: 1.3728, acc: 0.6274
Epoch 48/200
12:33:53 train - loss: 0.8410, acc: 0.7527
12:33:54 valid - loss: 1.4055, acc: 0.6202
Epoch 49/200
12:33:58 train - loss: 0.8353, acc: 0.7548
12:33:58 valid - loss: 1.3373, acc: 0.6486
Epoch 50/200
12:34:03 train - loss: 0.8239, acc: 0.7589
12:34:03 valid - loss: 1.4911, acc: 0.6221
Epoch 51/200
12:34:08 train - loss: 0.8266, acc: 0.7557
12:34:08 valid - loss: 1.4173, acc: 0.6342
Epoch 52/200
12:34:12 train - loss: 0.8107, acc: 0.7624
12:34:13 valid - loss: 1.3621, acc: 0.6389
Epoch 53/200
12:34:17 train - loss: 0.8072, acc: 0.7614
12:34:18 valid - loss: 1.4968, acc: 0.6181
Epoch 54/200
12:34:22 train - loss: 0.8016, acc: 0.7635
12:34:22 valid - loss: 1.3169, acc: 0.6471
Epoch 55/200
12:34:27 train - loss: 0.7907, acc: 0.7680
12:34:27 valid - loss: 1.4196, acc: 0.6304
Epoch 56/200
12:34:32 train - loss: 0.7839, acc: 0.7698
12:34:32 valid - loss: 1.3683, acc: 0.6478
Epoch 57/200
12:34:36 train - loss: 0.7733, acc: 0.7723
12:34:37 valid - loss: 1.2107, acc: 0.6798
Epoch 58/200
12:34:41 train - loss: 0.7741, acc: 0.7715
12:34:42 valid - loss: 1.4382, acc: 0.6272
Epoch 59/200
12:34:46 train - loss: 0.7645, acc: 0.7746
12:34:46 valid - loss: 1.4471, acc: 0.6336
Epoch 60/200
12:34:51 train - loss: 0.7628, acc: 0.7766
12:34:51 valid - loss: 1.3440, acc: 0.6471
Epoch 61/200
12:34:56 train - loss: 0.7573, acc: 0.7785
12:34:56 valid - loss: 1.7010, acc: 0.5938
Epoch 62/200
12:35:00 train - loss: 0.7482, acc: 0.7809
12:35:01 valid - loss: 1.5502, acc: 0.6171
Epoch 63/200
12:35:05 train - loss: 0.7426, acc: 0.7805
12:35:06 valid - loss: 1.4330, acc: 0.6298
Epoch 64/200
12:35:10 train - loss: 0.7427, acc: 0.7817
12:35:11 valid - loss: 1.2930, acc: 0.6651
Epoch 65/200
12:35:15 train - loss: 0.7239, acc: 0.7849
12:35:15 valid - loss: 1.3780, acc: 0.6531
Epoch 66/200
12:35:20 train - loss: 0.7200, acc: 0.7873
12:35:20 valid - loss: 1.2808, acc: 0.6602
Epoch 67/200
12:35:25 train - loss: 0.7155, acc: 0.7886
12:35:25 valid - loss: 1.4489, acc: 0.6252
Epoch 68/200
12:35:29 train - loss: 0.7029, acc: 0.7925
12:35:30 valid - loss: 1.4141, acc: 0.6354
Epoch 69/200
12:35:34 train - loss: 0.6949, acc: 0.7937
12:35:35 valid - loss: 1.3628, acc: 0.6507
Epoch 70/200
12:35:39 train - loss: 0.6995, acc: 0.7929
12:35:39 valid - loss: 1.5622, acc: 0.6301
Epoch 71/200
12:35:44 train - loss: 0.6797, acc: 0.7984
12:35:44 valid - loss: 1.2795, acc: 0.6712
Epoch 72/200
12:35:49 train - loss: 0.6810, acc: 0.7975
12:35:49 valid - loss: 1.3620, acc: 0.6497
Epoch 73/200
12:35:54 train - loss: 0.6673, acc: 0.8023
12:35:54 valid - loss: 1.2780, acc: 0.6650
Epoch 74/200
12:35:58 train - loss: 0.6618, acc: 0.8031
12:35:59 valid - loss: 1.4197, acc: 0.6402
Epoch 75/200
12:36:03 train - loss: 0.6589, acc: 0.8045
12:36:03 valid - loss: 1.3161, acc: 0.6586
Epoch 76/200
12:36:08 train - loss: 0.6516, acc: 0.8062
12:36:08 valid - loss: 1.2787, acc: 0.6647
Epoch 77/200
12:36:13 train - loss: 0.6371, acc: 0.8109
12:36:13 valid - loss: 1.5007, acc: 0.6340
Epoch 78/200
12:36:18 train - loss: 0.6340, acc: 0.8113
12:36:18 valid - loss: 1.5125, acc: 0.6206
Epoch 79/200
12:36:22 train - loss: 0.6246, acc: 0.8125
12:36:23 valid - loss: 1.4703, acc: 0.6226
Epoch 80/200
12:36:27 train - loss: 0.6212, acc: 0.8152
12:36:27 valid - loss: 1.2548, acc: 0.6644
Epoch 81/200
12:36:32 train - loss: 0.6053, acc: 0.8200
12:36:32 valid - loss: 1.3410, acc: 0.6601
Epoch 82/200
12:36:37 train - loss: 0.6037, acc: 0.8180
12:36:37 valid - loss: 1.2889, acc: 0.6626
Epoch 83/200
12:36:41 train - loss: 0.5954, acc: 0.8219
12:36:42 valid - loss: 1.2072, acc: 0.6771
Epoch 84/200
12:36:46 train - loss: 0.5908, acc: 0.8239
12:36:47 valid - loss: 1.2993, acc: 0.6707
Epoch 85/200
12:36:51 train - loss: 0.5878, acc: 0.8245
12:36:51 valid - loss: 1.3110, acc: 0.6620
Epoch 86/200
12:36:56 train - loss: 0.5672, acc: 0.8317
12:36:56 valid - loss: 1.3446, acc: 0.6613
Epoch 87/200
12:37:01 train - loss: 0.5653, acc: 0.8312
12:37:01 valid - loss: 1.2235, acc: 0.6805
Epoch 88/200
12:37:05 train - loss: 0.5493, acc: 0.8362
12:37:06 valid - loss: 1.3047, acc: 0.6713
Epoch 89/200
12:37:10 train - loss: 0.5485, acc: 0.8358
12:37:11 valid - loss: 1.4936, acc: 0.6432
Epoch 90/200
12:37:15 train - loss: 0.5377, acc: 0.8397
12:37:15 valid - loss: 1.3840, acc: 0.6524
Epoch 91/200
12:37:20 train - loss: 0.5363, acc: 0.8389
12:37:20 valid - loss: 1.1770, acc: 0.6888
Epoch 92/200
12:37:25 train - loss: 0.5136, acc: 0.8457
12:37:25 valid - loss: 1.3286, acc: 0.6634
Epoch 93/200
12:37:30 train - loss: 0.5081, acc: 0.8486
12:37:30 valid - loss: 1.3962, acc: 0.6536
Epoch 94/200
12:37:34 train - loss: 0.4982, acc: 0.8520
12:37:35 valid - loss: 1.3372, acc: 0.6743
Epoch 95/200
12:37:39 train - loss: 0.4982, acc: 0.8526
12:37:39 valid - loss: 1.3321, acc: 0.6664
Epoch 96/200
12:37:44 train - loss: 0.4894, acc: 0.8536
12:37:44 valid - loss: 1.2498, acc: 0.6854
Epoch 97/200
12:37:49 train - loss: 0.4734, acc: 0.8602
12:37:49 valid - loss: 1.1911, acc: 0.6923
Epoch 98/200
12:37:54 train - loss: 0.4702, acc: 0.8614
12:37:54 valid - loss: 1.1738, acc: 0.6976
Epoch 99/200
12:37:58 train - loss: 0.4662, acc: 0.8598
12:37:59 valid - loss: 1.3515, acc: 0.6674
Epoch 100/200
12:38:03 train - loss: 0.4503, acc: 0.8653
12:38:03 valid - loss: 1.2629, acc: 0.6753
Epoch 101/200
12:38:08 train - loss: 0.4444, acc: 0.8683
12:38:08 valid - loss: 1.3975, acc: 0.6569
Epoch 102/200
12:38:13 train - loss: 0.4392, acc: 0.8695
12:38:13 valid - loss: 1.2203, acc: 0.6901
Epoch 103/200
12:38:17 train - loss: 0.4203, acc: 0.8752
12:38:18 valid - loss: 1.1521, acc: 0.7107
Epoch 104/200
12:38:22 train - loss: 0.4211, acc: 0.8751
12:38:23 valid - loss: 1.3799, acc: 0.6667
Epoch 105/200
12:38:27 train - loss: 0.4072, acc: 0.8794
12:38:27 valid - loss: 1.2190, acc: 0.7032
Epoch 106/200
12:38:32 train - loss: 0.3963, acc: 0.8838
12:38:32 valid - loss: 1.3960, acc: 0.6763
Epoch 107/200
12:38:37 train - loss: 0.3854, acc: 0.8863
12:38:37 valid - loss: 1.1715, acc: 0.7011
Epoch 108/200
12:38:41 train - loss: 0.3869, acc: 0.8871
12:38:42 valid - loss: 1.2134, acc: 0.6935
Epoch 109/200
12:38:46 train - loss: 0.3721, acc: 0.8905
12:38:47 valid - loss: 1.1743, acc: 0.7035
Epoch 110/200
12:38:51 train - loss: 0.3691, acc: 0.8923
12:38:51 valid - loss: 1.3655, acc: 0.6688
Epoch 111/200
12:38:56 train - loss: 0.3565, acc: 0.8972
12:38:56 valid - loss: 1.1581, acc: 0.7048
Epoch 112/200
12:39:01 train - loss: 0.3510, acc: 0.8981
12:39:01 valid - loss: 1.2019, acc: 0.7054
Epoch 113/200
12:39:06 train - loss: 0.3389, acc: 0.9032
12:39:06 valid - loss: 1.2289, acc: 0.6937
Epoch 114/200
12:39:10 train - loss: 0.3260, acc: 0.9067
12:39:11 valid - loss: 1.2316, acc: 0.6873
Epoch 115/200
12:39:15 train - loss: 0.3182, acc: 0.9085
12:39:15 valid - loss: 1.2063, acc: 0.6970
Epoch 116/200
12:39:20 train - loss: 0.3085, acc: 0.9115
12:39:20 valid - loss: 1.2945, acc: 0.6942
Epoch 117/200
12:39:25 train - loss: 0.3032, acc: 0.9119
12:39:25 valid - loss: 1.2973, acc: 0.6816
Epoch 118/200
12:39:30 train - loss: 0.2964, acc: 0.9147
12:39:30 valid - loss: 1.2922, acc: 0.6860
Epoch 119/200
12:39:34 train - loss: 0.2848, acc: 0.9194
12:39:35 valid - loss: 1.1242, acc: 0.7130
Epoch 120/200
12:39:39 train - loss: 0.2753, acc: 0.9222
12:39:39 valid - loss: 1.1215, acc: 0.7185
Epoch 121/200
12:39:44 train - loss: 0.2732, acc: 0.9227
12:39:44 valid - loss: 1.1660, acc: 0.7162
Epoch 122/200
12:39:49 train - loss: 0.2603, acc: 0.9273
12:39:49 valid - loss: 1.1136, acc: 0.7244
Epoch 123/200
12:39:53 train - loss: 0.2478, acc: 0.9314
12:39:54 valid - loss: 1.0909, acc: 0.7203
Epoch 124/200
12:39:58 train - loss: 0.2333, acc: 0.9372
12:39:59 valid - loss: 1.1695, acc: 0.7125
Epoch 125/200
12:40:03 train - loss: 0.2342, acc: 0.9366
12:40:03 valid - loss: 1.0459, acc: 0.7369
Epoch 126/200
12:40:08 train - loss: 0.2347, acc: 0.9361
12:40:08 valid - loss: 1.3038, acc: 0.6926
Epoch 127/200
12:40:13 train - loss: 0.2260, acc: 0.9391
12:40:13 valid - loss: 1.1333, acc: 0.7194
Epoch 128/200
12:40:17 train - loss: 0.2157, acc: 0.9421
12:40:18 valid - loss: 1.0809, acc: 0.7294
Epoch 129/200
12:40:22 train - loss: 0.2018, acc: 0.9476
12:40:22 valid - loss: 1.1159, acc: 0.7251
Epoch 130/200
12:40:27 train - loss: 0.1915, acc: 0.9506
12:40:27 valid - loss: 1.1574, acc: 0.7139
Epoch 131/200
12:40:32 train - loss: 0.1919, acc: 0.9505
12:40:32 valid - loss: 1.0956, acc: 0.7287
Epoch 132/200
12:40:36 train - loss: 0.1828, acc: 0.9535
12:40:37 valid - loss: 1.0996, acc: 0.7303
Epoch 133/200
12:40:41 train - loss: 0.1663, acc: 0.9586
12:40:42 valid - loss: 1.0361, acc: 0.7448
Epoch 134/200
12:40:46 train - loss: 0.1678, acc: 0.9579
12:40:46 valid - loss: 1.0802, acc: 0.7333
Epoch 135/200
12:40:51 train - loss: 0.1578, acc: 0.9625
12:40:51 valid - loss: 1.0982, acc: 0.7321
Epoch 136/200
12:40:56 train - loss: 0.1478, acc: 0.9643
12:40:56 valid - loss: 1.0812, acc: 0.7362
Epoch 137/200
12:41:00 train - loss: 0.1493, acc: 0.9645
12:41:01 valid - loss: 1.1091, acc: 0.7231
Epoch 138/200
12:41:05 train - loss: 0.1389, acc: 0.9676
12:41:05 valid - loss: 1.1335, acc: 0.7237
Epoch 139/200
12:41:10 train - loss: 0.1301, acc: 0.9711
12:41:10 valid - loss: 1.0998, acc: 0.7343
Epoch 140/200
12:41:15 train - loss: 0.1234, acc: 0.9731
12:41:15 valid - loss: 1.1143, acc: 0.7282
Epoch 141/200
12:41:19 train - loss: 0.1179, acc: 0.9741
12:41:20 valid - loss: 1.0313, acc: 0.7418
Epoch 142/200
12:41:24 train - loss: 0.1143, acc: 0.9762
12:41:25 valid - loss: 1.1597, acc: 0.7250
Epoch 143/200
12:41:29 train - loss: 0.1081, acc: 0.9778
12:41:29 valid - loss: 1.0158, acc: 0.7493
Epoch 144/200
12:41:34 train - loss: 0.0982, acc: 0.9805
12:41:34 valid - loss: 1.0338, acc: 0.7463
Epoch 145/200
12:41:39 train - loss: 0.0900, acc: 0.9834
12:41:39 valid - loss: 0.9719, acc: 0.7566
Epoch 146/200
12:41:43 train - loss: 0.0862, acc: 0.9840
12:41:44 valid - loss: 0.9850, acc: 0.7576
Epoch 147/200
12:41:48 train - loss: 0.0791, acc: 0.9862
12:41:49 valid - loss: 0.9622, acc: 0.7603
Epoch 148/200
12:41:53 train - loss: 0.0770, acc: 0.9869
12:41:53 valid - loss: 1.0134, acc: 0.7509
Epoch 149/200
12:41:58 train - loss: 0.0716, acc: 0.9883
12:41:58 valid - loss: 0.9262, acc: 0.7649
Epoch 150/200
12:42:03 train - loss: 0.0663, acc: 0.9892
12:42:03 valid - loss: 0.9040, acc: 0.7743
Epoch 151/200
12:42:07 train - loss: 0.0568, acc: 0.9920
12:42:08 valid - loss: 0.9280, acc: 0.7703
Epoch 152/200
12:42:12 train - loss: 0.0523, acc: 0.9928
12:42:12 valid - loss: 0.9286, acc: 0.7677
Epoch 153/200
12:42:17 train - loss: 0.0537, acc: 0.9931
12:42:17 valid - loss: 0.8927, acc: 0.7779
Epoch 154/200
12:42:22 train - loss: 0.0466, acc: 0.9949
12:42:22 valid - loss: 0.8747, acc: 0.7773
Epoch 155/200
12:42:26 train - loss: 0.0443, acc: 0.9954
12:42:27 valid - loss: 0.8807, acc: 0.7775
Epoch 156/200
12:42:31 train - loss: 0.0410, acc: 0.9957
12:42:32 valid - loss: 0.8635, acc: 0.7797
Epoch 157/200
12:42:36 train - loss: 0.0350, acc: 0.9972
12:42:36 valid - loss: 0.8554, acc: 0.7854
Epoch 158/200
12:42:41 train - loss: 0.0360, acc: 0.9970
12:42:41 valid - loss: 0.8511, acc: 0.7896
Epoch 159/200
12:42:45 train - loss: 0.0339, acc: 0.9973
12:42:46 valid - loss: 0.8498, acc: 0.7881
Epoch 160/200
12:42:50 train - loss: 0.0312, acc: 0.9978
12:42:51 valid - loss: 0.8515, acc: 0.7882
Epoch 161/200
12:42:55 train - loss: 0.0303, acc: 0.9981
12:42:55 valid - loss: 0.8186, acc: 0.7931
Epoch 162/200
12:43:00 train - loss: 0.0276, acc: 0.9983
12:43:00 valid - loss: 0.8171, acc: 0.7945
Epoch 163/200
12:43:05 train - loss: 0.0261, acc: 0.9985
12:43:05 valid - loss: 0.8250, acc: 0.7897
Epoch 164/200
12:43:09 train - loss: 0.0246, acc: 0.9987
12:43:10 valid - loss: 0.8330, acc: 0.7913
Epoch 165/200
12:43:14 train - loss: 0.0236, acc: 0.9988
12:43:15 valid - loss: 0.8081, acc: 0.7965
Epoch 166/200
12:43:19 train - loss: 0.0217, acc: 0.9989
12:43:19 valid - loss: 0.8102, acc: 0.7937
Epoch 167/200
12:43:24 train - loss: 0.0221, acc: 0.9989
12:43:24 valid - loss: 0.7947, acc: 0.7999
Epoch 168/200
12:43:29 train - loss: 0.0211, acc: 0.9990
12:43:29 valid - loss: 0.8104, acc: 0.7971
Epoch 169/200
12:43:33 train - loss: 0.0223, acc: 0.9988
12:43:34 valid - loss: 0.7959, acc: 0.8017
Epoch 170/200
12:43:38 train - loss: 0.0203, acc: 0.9993
12:43:38 valid - loss: 0.7872, acc: 0.8031
Epoch 171/200
12:43:43 train - loss: 0.0190, acc: 0.9993
12:43:43 valid - loss: 0.7847, acc: 0.8005
Epoch 172/200
12:43:48 train - loss: 0.0188, acc: 0.9990
12:43:48 valid - loss: 0.7812, acc: 0.8058
Epoch 173/200
12:43:52 train - loss: 0.0182, acc: 0.9994
12:43:53 valid - loss: 0.7886, acc: 0.8019
Epoch 174/200
12:43:57 train - loss: 0.0176, acc: 0.9994
12:43:58 valid - loss: 0.7841, acc: 0.8003
Epoch 175/200
12:44:02 train - loss: 0.0166, acc: 0.9996
12:44:02 valid - loss: 0.7744, acc: 0.8033
Epoch 176/200
12:44:07 train - loss: 0.0161, acc: 0.9995
12:44:07 valid - loss: 0.7816, acc: 0.8024
Epoch 177/200
12:44:12 train - loss: 0.0170, acc: 0.9995
12:44:12 valid - loss: 0.7816, acc: 0.8031
Epoch 178/200
12:44:16 train - loss: 0.0162, acc: 0.9996
12:44:17 valid - loss: 0.7785, acc: 0.8038
Epoch 179/200
12:44:21 train - loss: 0.0159, acc: 0.9995
12:44:21 valid - loss: 0.7690, acc: 0.8042
Epoch 180/200
12:44:26 train - loss: 0.0154, acc: 0.9996
12:44:26 valid - loss: 0.7712, acc: 0.8057
Epoch 181/200
12:44:31 train - loss: 0.0153, acc: 0.9995
12:44:31 valid - loss: 0.7732, acc: 0.8055
Epoch 182/200
12:44:35 train - loss: 0.0149, acc: 0.9996
12:44:36 valid - loss: 0.7721, acc: 0.8047
Epoch 183/200
12:44:40 train - loss: 0.0148, acc: 0.9996
12:44:41 valid - loss: 0.7769, acc: 0.8038
Epoch 184/200
12:44:45 train - loss: 0.0145, acc: 0.9997
12:44:45 valid - loss: 0.7734, acc: 0.8046
Epoch 185/200
12:44:50 train - loss: 0.0148, acc: 0.9996
12:44:50 valid - loss: 0.7770, acc: 0.8063
Epoch 186/200
12:44:55 train - loss: 0.0143, acc: 0.9997
12:44:55 valid - loss: 0.7735, acc: 0.8052
Epoch 187/200
12:44:59 train - loss: 0.0144, acc: 0.9996
12:45:00 valid - loss: 0.7751, acc: 0.8055
Epoch 188/200
12:45:04 train - loss: 0.0142, acc: 0.9997
12:45:04 valid - loss: 0.7721, acc: 0.8060
Epoch 189/200
12:45:09 train - loss: 0.0137, acc: 0.9997
12:45:09 valid - loss: 0.7728, acc: 0.8057
Epoch 190/200
12:45:14 train - loss: 0.0139, acc: 0.9997
12:45:14 valid - loss: 0.7696, acc: 0.8054
Epoch 191/200
12:45:19 train - loss: 0.0139, acc: 0.9996
12:45:19 valid - loss: 0.7710, acc: 0.8051
Epoch 192/200
12:45:23 train - loss: 0.0134, acc: 0.9998
12:45:24 valid - loss: 0.7676, acc: 0.8042
Epoch 193/200
12:45:28 train - loss: 0.0132, acc: 0.9997
12:45:29 valid - loss: 0.7672, acc: 0.8064
Epoch 194/200
12:45:33 train - loss: 0.0131, acc: 0.9998
12:45:33 valid - loss: 0.7678, acc: 0.8058
Epoch 195/200
12:45:38 train - loss: 0.0138, acc: 0.9997
12:45:38 valid - loss: 0.7694, acc: 0.8059
Epoch 196/200
12:45:43 train - loss: 0.0130, acc: 0.9997
12:45:43 valid - loss: 0.7696, acc: 0.8043
Epoch 197/200
12:45:47 train - loss: 0.0132, acc: 0.9997
12:45:48 valid - loss: 0.7709, acc: 0.8038
Epoch 198/200
12:45:52 train - loss: 0.0133, acc: 0.9998
12:45:53 valid - loss: 0.7692, acc: 0.8039
Epoch 199/200
12:45:57 train - loss: 0.0132, acc: 0.9998
12:45:57 valid - loss: 0.7719, acc: 0.8058
Epoch 200/200
12:46:02 train - loss: 0.0133, acc: 0.9996
12:46:02 valid - loss: 0.7690, acc: 0.8059