19:04:35 Start training
Epoch 1/300
WARNING:tensorflow:From /usr/local/lib/python3.6/dist-packages/tensorflow/python/data/ops/multi_device_iterator_ops.py:601: get_next_as_optional (from tensorflow.python.data.ops.iterator_ops) is deprecated and will be removed in a future version.
Instructions for updating:
Use `tf.data.Iterator.get_next_as_optional()` instead.
WARNING:tensorflow:From /usr/local/lib/python3.6/dist-packages/tensorflow/python/data/ops/multi_device_iterator_ops.py:601: get_next_as_optional (from tensorflow.python.data.ops.iterator_ops) is deprecated and will be removed in a future version.
Instructions for updating:
Use `tf.data.Iterator.get_next_as_optional()` instead.
19:12:07 train - loss: 4.3411, acc: 0.0479
19:13:36 valid - loss: 4.0688, acc: 0.0726
Epoch 2/300
19:14:04 train - loss: 3.6463, acc: 0.1396
19:14:06 valid - loss: 3.5673, acc: 0.1687
Epoch 3/300
19:14:34 train - loss: 2.9440, acc: 0.2587
19:14:35 valid - loss: 2.8213, acc: 0.2991
Epoch 4/300
19:15:03 train - loss: 2.3939, acc: 0.3685
19:15:04 valid - loss: 2.1866, acc: 0.4190
Epoch 5/300
19:15:32 train - loss: 2.0744, acc: 0.4408
19:15:34 valid - loss: 2.0462, acc: 0.4653
Epoch 6/300
19:16:02 train - loss: 1.8800, acc: 0.4880
19:16:03 valid - loss: 1.8654, acc: 0.4973
Epoch 7/300
19:16:31 train - loss: 1.7405, acc: 0.5194
19:16:33 valid - loss: 1.7499, acc: 0.5239
Epoch 8/300
19:17:01 train - loss: 1.6255, acc: 0.5480
19:17:02 valid - loss: 1.6207, acc: 0.5538
Epoch 9/300
19:17:30 train - loss: 1.5596, acc: 0.5649
19:17:31 valid - loss: 1.5764, acc: 0.5701
Epoch 10/300
19:18:00 train - loss: 1.4986, acc: 0.5816
Save trainer to /content/drive/My Drive/models/CIFAR100-2/ckpt
19:18:09 valid - loss: 1.6170, acc: 0.5664
Epoch 11/300
19:18:37 train - loss: 1.4462, acc: 0.5952
19:18:39 valid - loss: 1.7322, acc: 0.5514
Epoch 12/300
19:19:07 train - loss: 1.4061, acc: 0.6043
19:19:08 valid - loss: 1.5767, acc: 0.5676
Epoch 13/300
19:19:36 train - loss: 1.3764, acc: 0.6106
19:19:37 valid - loss: 1.5223, acc: 0.5939
Epoch 14/300
19:20:06 train - loss: 1.3397, acc: 0.6202
19:20:07 valid - loss: 1.5379, acc: 0.5967
Epoch 15/300
19:20:35 train - loss: 1.3052, acc: 0.6300
19:20:36 valid - loss: 1.7877, acc: 0.5607
Epoch 16/300
19:21:04 train - loss: 1.2818, acc: 0.6362
19:21:06 valid - loss: 1.4510, acc: 0.6042
Epoch 17/300
19:21:34 train - loss: 1.2626, acc: 0.6413
19:21:35 valid - loss: 1.4745, acc: 0.6085
Epoch 18/300
19:22:03 train - loss: 1.2361, acc: 0.6466
19:22:04 valid - loss: 1.4794, acc: 0.6154
Epoch 19/300
19:22:33 train - loss: 1.2219, acc: 0.6509
19:22:34 valid - loss: 1.4787, acc: 0.6079
Epoch 20/300
19:23:02 train - loss: 1.2059, acc: 0.6534
Save trainer to /content/drive/My Drive/models/CIFAR100-2/ckpt
19:23:12 valid - loss: 1.5005, acc: 0.6063
Epoch 21/300
19:23:40 train - loss: 1.1808, acc: 0.6608
19:23:41 valid - loss: 1.3618, acc: 0.6293
Epoch 22/300
19:24:09 train - loss: 1.1671, acc: 0.6637
19:24:11 valid - loss: 1.4755, acc: 0.6111
Epoch 23/300
19:24:39 train - loss: 1.1701, acc: 0.6656
19:24:40 valid - loss: 1.4437, acc: 0.6206
Epoch 24/300
19:25:08 train - loss: 1.1492, acc: 0.6695
19:25:10 valid - loss: 1.4670, acc: 0.6232
Epoch 25/300
19:25:38 train - loss: 1.1328, acc: 0.6733
19:25:39 valid - loss: 1.4030, acc: 0.6319
Epoch 26/300
19:26:07 train - loss: 1.1267, acc: 0.6762
19:26:08 valid - loss: 1.2929, acc: 0.6487
Epoch 27/300
19:26:37 train - loss: 1.1191, acc: 0.6788
19:26:38 valid - loss: 1.5385, acc: 0.6073
Epoch 28/300
19:27:06 train - loss: 1.1082, acc: 0.6810
19:27:07 valid - loss: 1.4249, acc: 0.6194
Epoch 29/300
19:27:35 train - loss: 1.0948, acc: 0.6838
19:27:37 valid - loss: 1.6614, acc: 0.5855
Epoch 30/300
19:28:05 train - loss: 1.0901, acc: 0.6842
Save trainer to /content/drive/My Drive/models/CIFAR100-2/ckpt
19:28:16 valid - loss: 1.3357, acc: 0.6362
Epoch 31/300
19:28:44 train - loss: 1.0861, acc: 0.6816
19:28:45 valid - loss: 1.5216, acc: 0.6162
Epoch 32/300
19:29:13 train - loss: 1.0797, acc: 0.6881
19:29:14 valid - loss: 1.4419, acc: 0.6241
Epoch 33/300
19:29:42 train - loss: 1.0660, acc: 0.6920
19:29:44 valid - loss: 1.5050, acc: 0.6187
Epoch 34/300
19:30:12 train - loss: 1.0598, acc: 0.6948
19:30:13 valid - loss: 1.5711, acc: 0.6172
Epoch 35/300
19:30:41 train - loss: 1.0514, acc: 0.6956
19:30:42 valid - loss: 1.3436, acc: 0.6432
Epoch 36/300
19:31:11 train - loss: 1.0450, acc: 0.6978
19:31:12 valid - loss: 1.4330, acc: 0.6277
Epoch 37/300
19:31:40 train - loss: 1.0385, acc: 0.6979
19:31:41 valid - loss: 1.3813, acc: 0.6423
Epoch 38/300
19:32:10 train - loss: 1.0344, acc: 0.7021
19:32:11 valid - loss: 1.3477, acc: 0.6427
Epoch 39/300
19:32:39 train - loss: 1.0297, acc: 0.6995
19:32:40 valid - loss: 1.2942, acc: 0.6562
Epoch 40/300
19:33:08 train - loss: 1.0215, acc: 0.7016
Save trainer to /content/drive/My Drive/models/CIFAR100-2/ckpt
19:33:18 valid - loss: 1.3805, acc: 0.6389
Epoch 41/300
19:33:46 train - loss: 1.0115, acc: 0.7061
19:33:47 valid - loss: 1.5192, acc: 0.6127
Epoch 42/300
19:34:15 train - loss: 1.0190, acc: 0.7041
19:34:17 valid - loss: 1.4983, acc: 0.6205
Epoch 43/300
19:34:45 train - loss: 1.0051, acc: 0.7094
19:34:46 valid - loss: 1.3221, acc: 0.6545
Epoch 44/300
19:35:14 train - loss: 0.9911, acc: 0.7103
19:35:16 valid - loss: 1.4823, acc: 0.6309
Epoch 45/300
19:35:44 train - loss: 0.9997, acc: 0.7097
19:35:45 valid - loss: 1.3882, acc: 0.6466
Epoch 46/300
19:36:13 train - loss: 0.9855, acc: 0.7122
19:36:14 valid - loss: 1.5359, acc: 0.6117
Epoch 47/300
19:36:42 train - loss: 0.9859, acc: 0.7119
19:36:44 valid - loss: 1.5617, acc: 0.6095
Epoch 48/300
19:37:12 train - loss: 0.9883, acc: 0.7123
19:37:13 valid - loss: 1.2853, acc: 0.6499
Epoch 49/300
19:37:41 train - loss: 0.9726, acc: 0.7175
19:37:43 valid - loss: 1.3327, acc: 0.6571
Epoch 50/300
19:38:11 train - loss: 0.9761, acc: 0.7154
Save trainer to /content/drive/My Drive/models/CIFAR100-2/ckpt
19:38:21 valid - loss: 1.4587, acc: 0.6383
Epoch 51/300
19:38:49 train - loss: 0.9664, acc: 0.7176
19:38:50 valid - loss: 1.4478, acc: 0.6357
Epoch 52/300
19:39:18 train - loss: 0.9712, acc: 0.7156
19:39:20 valid - loss: 1.4926, acc: 0.6343
Epoch 53/300
19:39:48 train - loss: 0.9653, acc: 0.7181
19:39:49 valid - loss: 1.2162, acc: 0.6793
Epoch 54/300
19:40:17 train - loss: 0.9573, acc: 0.7197
19:40:18 valid - loss: 1.5379, acc: 0.6276
Epoch 55/300
19:40:46 train - loss: 0.9481, acc: 0.7232
19:40:48 valid - loss: 1.1633, acc: 0.6804
Epoch 56/300
19:41:16 train - loss: 0.9515, acc: 0.7223
19:41:17 valid - loss: 1.3717, acc: 0.6592
Epoch 57/300
19:41:45 train - loss: 0.9453, acc: 0.7232
19:41:46 valid - loss: 1.3338, acc: 0.6503
Epoch 58/300
19:42:15 train - loss: 0.9397, acc: 0.7252
19:42:16 valid - loss: 1.5188, acc: 0.6356
Epoch 59/300
19:42:44 train - loss: 0.9446, acc: 0.7246
19:42:45 valid - loss: 1.4233, acc: 0.6387
Epoch 60/300
19:43:14 train - loss: 0.9393, acc: 0.7247
Save trainer to /content/drive/My Drive/models/CIFAR100-2/ckpt
19:43:24 valid - loss: 1.2333, acc: 0.6745
Epoch 61/300
19:43:52 train - loss: 0.9403, acc: 0.7241
19:43:54 valid - loss: 1.4563, acc: 0.6297
Epoch 62/300
19:44:22 train - loss: 0.9230, acc: 0.7283
19:44:23 valid - loss: 1.3827, acc: 0.6526
Epoch 63/300
19:44:51 train - loss: 0.9138, acc: 0.7341
19:44:52 valid - loss: 1.3003, acc: 0.6598
Epoch 64/300
19:45:20 train - loss: 0.9190, acc: 0.7322
19:45:22 valid - loss: 1.3956, acc: 0.6435
Epoch 65/300
19:45:50 train - loss: 0.9095, acc: 0.7336
19:45:51 valid - loss: 1.1987, acc: 0.6826
Epoch 66/300
19:46:19 train - loss: 0.9040, acc: 0.7347
19:46:21 valid - loss: 1.4208, acc: 0.6469
Epoch 67/300
19:46:49 train - loss: 0.9057, acc: 0.7349
19:46:50 valid - loss: 1.2951, acc: 0.6597
Epoch 68/300
19:47:18 train - loss: 0.9028, acc: 0.7330
19:47:19 valid - loss: 1.2938, acc: 0.6658
Epoch 69/300
19:47:47 train - loss: 0.9033, acc: 0.7347
19:47:49 valid - loss: 1.2482, acc: 0.6758
Epoch 70/300
19:48:17 train - loss: 0.9091, acc: 0.7332
Save trainer to /content/drive/My Drive/models/CIFAR100-2/ckpt
19:48:27 valid - loss: 1.2989, acc: 0.6633
Epoch 71/300
19:48:55 train - loss: 0.8797, acc: 0.7412
19:48:56 valid - loss: 1.3208, acc: 0.6615
Epoch 72/300
19:49:25 train - loss: 0.8870, acc: 0.7407
19:49:26 valid - loss: 1.4943, acc: 0.6454
Epoch 73/300
19:49:54 train - loss: 0.8895, acc: 0.7389
19:49:55 valid - loss: 1.2530, acc: 0.6721
Epoch 74/300
19:50:23 train - loss: 0.8768, acc: 0.7432
19:50:25 valid - loss: 1.2629, acc: 0.6678
Epoch 75/300
19:50:53 train - loss: 0.8743, acc: 0.7431
19:50:54 valid - loss: 1.2688, acc: 0.6717
Epoch 76/300
19:51:22 train - loss: 0.8790, acc: 0.7412
19:51:24 valid - loss: 1.1616, acc: 0.6826
Epoch 77/300
19:51:52 train - loss: 0.8690, acc: 0.7441
19:51:53 valid - loss: 1.2788, acc: 0.6678
Epoch 78/300
19:52:21 train - loss: 0.8675, acc: 0.7437
19:52:23 valid - loss: 1.3020, acc: 0.6665
Epoch 79/300
19:52:51 train - loss: 0.8631, acc: 0.7454
19:52:52 valid - loss: 1.2528, acc: 0.6722
Epoch 80/300
19:53:20 train - loss: 0.8498, acc: 0.7493
Save trainer to /content/drive/My Drive/models/CIFAR100-2/ckpt
19:53:30 valid - loss: 1.2051, acc: 0.6765
Epoch 81/300
19:53:58 train - loss: 0.8556, acc: 0.7455
19:54:00 valid - loss: 1.3849, acc: 0.6584
Epoch 82/300
19:54:28 train - loss: 0.8557, acc: 0.7481
19:54:29 valid - loss: 1.2292, acc: 0.6742
Epoch 83/300
19:54:57 train - loss: 0.8456, acc: 0.7507
19:54:58 valid - loss: 1.2310, acc: 0.6782
Epoch 84/300
19:55:26 train - loss: 0.8418, acc: 0.7498
19:55:28 valid - loss: 1.2686, acc: 0.6773
Epoch 85/300
19:55:56 train - loss: 0.8405, acc: 0.7511
19:55:57 valid - loss: 1.2620, acc: 0.6704
Epoch 86/300
19:56:25 train - loss: 0.8379, acc: 0.7525
19:56:27 valid - loss: 1.2761, acc: 0.6631
Epoch 87/300
19:56:55 train - loss: 0.8304, acc: 0.7539
19:56:56 valid - loss: 1.4015, acc: 0.6523
Epoch 88/300
19:57:24 train - loss: 0.8235, acc: 0.7576
19:57:25 valid - loss: 1.2178, acc: 0.6838
Epoch 89/300
19:57:54 train - loss: 0.8312, acc: 0.7543
19:57:55 valid - loss: 1.2513, acc: 0.6799
Epoch 90/300
19:58:23 train - loss: 0.8206, acc: 0.7576
Save trainer to /content/drive/My Drive/models/CIFAR100-2/ckpt
19:58:33 valid - loss: 1.2164, acc: 0.6844
Epoch 91/300
19:59:01 train - loss: 0.8177, acc: 0.7556
19:59:03 valid - loss: 1.2921, acc: 0.6753
Epoch 92/300
19:59:31 train - loss: 0.8082, acc: 0.7588
19:59:32 valid - loss: 1.2159, acc: 0.6839
Epoch 93/300
20:00:00 train - loss: 0.8083, acc: 0.7613
20:00:01 valid - loss: 1.1770, acc: 0.6869
Epoch 94/300
20:00:30 train - loss: 0.8022, acc: 0.7611
20:00:31 valid - loss: 1.3257, acc: 0.6680
Epoch 95/300
20:00:59 train - loss: 0.8027, acc: 0.7632
20:01:00 valid - loss: 1.2695, acc: 0.6804
Epoch 96/300
20:01:28 train - loss: 0.7913, acc: 0.7679
20:01:30 valid - loss: 1.1695, acc: 0.6943
Epoch 97/300
20:01:58 train - loss: 0.7781, acc: 0.7703
20:01:59 valid - loss: 1.2237, acc: 0.6902
Epoch 98/300
20:02:27 train - loss: 0.7871, acc: 0.7651
20:02:28 valid - loss: 1.1891, acc: 0.6934
Epoch 99/300
20:02:57 train - loss: 0.7812, acc: 0.7670
20:02:58 valid - loss: 1.2154, acc: 0.6879
Epoch 100/300
20:03:26 train - loss: 0.7818, acc: 0.7675
Save trainer to /content/drive/My Drive/models/CIFAR100-2/ckpt
20:03:36 valid - loss: 1.3915, acc: 0.6630
Epoch 101/300
20:04:04 train - loss: 0.7699, acc: 0.7716
20:04:05 valid - loss: 1.3881, acc: 0.6654
Epoch 102/300
20:04:34 train - loss: 0.7796, acc: 0.7676
20:04:35 valid - loss: 1.3105, acc: 0.6621
Epoch 103/300
20:05:03 train - loss: 0.7626, acc: 0.7727
20:05:04 valid - loss: 1.2533, acc: 0.6830
Epoch 104/300
20:05:32 train - loss: 0.7598, acc: 0.7739
20:05:34 valid - loss: 1.2617, acc: 0.6885
Epoch 105/300
20:06:02 train - loss: 0.7625, acc: 0.7728
20:06:03 valid - loss: 1.3418, acc: 0.6882
Epoch 106/300
20:06:31 train - loss: 0.7564, acc: 0.7735
20:06:32 valid - loss: 1.3958, acc: 0.6591
Epoch 107/300
20:07:00 train - loss: 0.7455, acc: 0.7784
20:07:02 valid - loss: 1.3415, acc: 0.6727
Epoch 108/300
20:07:30 train - loss: 0.7562, acc: 0.7740
20:07:31 valid - loss: 1.2573, acc: 0.6862
Epoch 109/300
20:07:59 train - loss: 0.7481, acc: 0.7764
20:08:00 valid - loss: 1.3008, acc: 0.6793
Epoch 110/300
20:08:29 train - loss: 0.7411, acc: 0.7782
Save trainer to /content/drive/My Drive/models/CIFAR100-2/ckpt
20:08:39 valid - loss: 1.3418, acc: 0.6760
Epoch 111/300
20:09:07 train - loss: 0.7394, acc: 0.7812
20:09:08 valid - loss: 1.1899, acc: 0.7084
Epoch 112/300
20:09:36 train - loss: 0.7310, acc: 0.7818
20:09:38 valid - loss: 1.5409, acc: 0.6464
Epoch 113/300
20:10:06 train - loss: 0.7297, acc: 0.7835
20:10:07 valid - loss: 1.2531, acc: 0.6900
Epoch 114/300
20:10:35 train - loss: 0.7330, acc: 0.7798
20:10:36 valid - loss: 1.1667, acc: 0.6946
Epoch 115/300
20:11:05 train - loss: 0.7117, acc: 0.7865
20:11:06 valid - loss: 1.2739, acc: 0.6860
Epoch 116/300
20:11:34 train - loss: 0.7115, acc: 0.7873
20:11:35 valid - loss: 1.3796, acc: 0.6608
Epoch 117/300
20:12:03 train - loss: 0.7073, acc: 0.7883
20:12:05 valid - loss: 1.3034, acc: 0.6762
Epoch 118/300
20:12:33 train - loss: 0.7064, acc: 0.7896
20:12:34 valid - loss: 1.3015, acc: 0.6720
Epoch 119/300
20:13:02 train - loss: 0.6919, acc: 0.7926
20:13:04 valid - loss: 1.2415, acc: 0.6943
Epoch 120/300
20:13:32 train - loss: 0.6894, acc: 0.7937
Save trainer to /content/drive/My Drive/models/CIFAR100-2/ckpt
20:13:41 valid - loss: 1.2350, acc: 0.6867
Epoch 121/300
20:14:09 train - loss: 0.6956, acc: 0.7905
20:14:11 valid - loss: 1.3559, acc: 0.6812
Epoch 122/300
20:14:39 train - loss: 0.6724, acc: 0.7981
20:14:40 valid - loss: 1.1598, acc: 0.7022
Epoch 123/300
20:15:08 train - loss: 0.6822, acc: 0.7943
20:15:10 valid - loss: 1.2301, acc: 0.6899
Epoch 124/300
20:15:38 train - loss: 0.6733, acc: 0.7986
20:15:39 valid - loss: 1.2901, acc: 0.6813
Epoch 125/300
20:16:07 train - loss: 0.6714, acc: 0.7963
20:16:09 valid - loss: 1.2384, acc: 0.6872
Epoch 126/300
20:16:37 train - loss: 0.6684, acc: 0.8006
20:16:38 valid - loss: 1.1903, acc: 0.7048
Epoch 127/300
20:17:06 train - loss: 0.6564, acc: 0.8019
20:17:07 valid - loss: 1.2024, acc: 0.6955
Epoch 128/300
20:17:36 train - loss: 0.6598, acc: 0.7988
20:17:37 valid - loss: 1.0763, acc: 0.7274
Epoch 129/300
20:18:05 train - loss: 0.6413, acc: 0.8071
20:18:06 valid - loss: 1.3157, acc: 0.6897
Epoch 130/300
20:18:34 train - loss: 0.6411, acc: 0.8068
Save trainer to /content/drive/My Drive/models/CIFAR100-2/ckpt
20:18:47 valid - loss: 1.2221, acc: 0.7026
Epoch 131/300
20:19:15 train - loss: 0.6400, acc: 0.8060
20:19:16 valid - loss: 1.2432, acc: 0.6972
Epoch 132/300
20:19:45 train - loss: 0.6382, acc: 0.8072
20:19:46 valid - loss: 1.1574, acc: 0.7147
Epoch 133/300
20:20:14 train - loss: 0.6292, acc: 0.8111
20:20:15 valid - loss: 1.2084, acc: 0.7040
Epoch 134/300
20:20:43 train - loss: 0.6295, acc: 0.8116
20:20:45 valid - loss: 1.2024, acc: 0.7027
Epoch 135/300
20:21:13 train - loss: 0.6116, acc: 0.8150
20:21:14 valid - loss: 1.1846, acc: 0.7038
Epoch 136/300
20:21:42 train - loss: 0.6137, acc: 0.8147
20:21:43 valid - loss: 1.1347, acc: 0.7096
Epoch 137/300
20:22:11 train - loss: 0.6098, acc: 0.8153
20:22:13 valid - loss: 1.1047, acc: 0.7207
Epoch 138/300
20:22:41 train - loss: 0.6004, acc: 0.8177
20:22:42 valid - loss: 1.2854, acc: 0.6971
Epoch 139/300
20:23:10 train - loss: 0.6025, acc: 0.8173
20:23:12 valid - loss: 1.1359, acc: 0.7213
Epoch 140/300
20:23:40 train - loss: 0.5891, acc: 0.8226
Save trainer to /content/drive/My Drive/models/CIFAR100-2/ckpt
20:23:50 valid - loss: 1.1909, acc: 0.7122
Epoch 141/300
20:24:18 train - loss: 0.5871, acc: 0.8189
20:24:19 valid - loss: 1.1593, acc: 0.7134
Epoch 142/300
20:24:47 train - loss: 0.5758, acc: 0.8250
20:24:49 valid - loss: 1.0923, acc: 0.7283
Epoch 143/300
20:25:17 train - loss: 0.5716, acc: 0.8244
20:25:18 valid - loss: 1.2816, acc: 0.6984
Epoch 144/300
20:25:46 train - loss: 0.5652, acc: 0.8286
20:25:48 valid - loss: 1.1737, acc: 0.7182
Epoch 145/300
20:26:16 train - loss: 0.5633, acc: 0.8274
20:26:17 valid - loss: 1.3133, acc: 0.6960
Epoch 146/300
20:26:45 train - loss: 0.5573, acc: 0.8321
20:26:46 valid - loss: 1.0939, acc: 0.7240
Epoch 147/300
20:27:15 train - loss: 0.5514, acc: 0.8349
20:27:16 valid - loss: 1.1834, acc: 0.7032
Epoch 148/300
20:27:44 train - loss: 0.5547, acc: 0.8302
20:27:45 valid - loss: 1.0878, acc: 0.7249
Epoch 149/300
20:28:13 train - loss: 0.5380, acc: 0.8363
20:28:15 valid - loss: 1.2135, acc: 0.7183
Epoch 150/300
20:28:43 train - loss: 0.5313, acc: 0.8393
Save trainer to /content/drive/My Drive/models/CIFAR100-2/ckpt
20:28:53 valid - loss: 1.1595, acc: 0.7107
Epoch 151/300
20:29:21 train - loss: 0.5502, acc: 0.8330
20:29:23 valid - loss: 1.1803, acc: 0.7154
Epoch 152/300
20:29:51 train - loss: 0.5258, acc: 0.8396
20:29:52 valid - loss: 1.1373, acc: 0.7241
Epoch 153/300
20:30:20 train - loss: 0.5269, acc: 0.8376
20:30:21 valid - loss: 1.1956, acc: 0.7163
Epoch 154/300
20:30:49 train - loss: 0.5155, acc: 0.8431
20:30:51 valid - loss: 1.0880, acc: 0.7222
Epoch 155/300
20:31:19 train - loss: 0.5126, acc: 0.8440
20:31:20 valid - loss: 1.1403, acc: 0.7289
Epoch 156/300
20:31:48 train - loss: 0.5020, acc: 0.8480
20:31:49 valid - loss: 1.2644, acc: 0.7064
Epoch 157/300
20:32:17 train - loss: 0.4936, acc: 0.8486
20:32:19 valid - loss: 1.1561, acc: 0.7129
Epoch 158/300
20:32:47 train - loss: 0.5004, acc: 0.8470
20:32:48 valid - loss: 1.2472, acc: 0.7041
Epoch 159/300
20:33:16 train - loss: 0.4824, acc: 0.8524
20:33:17 valid - loss: 1.2377, acc: 0.7113
Epoch 160/300
20:33:45 train - loss: 0.4805, acc: 0.8537
Save trainer to /content/drive/My Drive/models/CIFAR100-2/ckpt
20:33:56 valid - loss: 1.1504, acc: 0.7289
Epoch 161/300
20:34:24 train - loss: 0.4755, acc: 0.8540
20:34:26 valid - loss: 1.2239, acc: 0.7126
Epoch 162/300
20:34:54 train - loss: 0.4661, acc: 0.8575
20:34:55 valid - loss: 1.0801, acc: 0.7378
Epoch 163/300
20:35:23 train - loss: 0.4536, acc: 0.8619
20:35:24 valid - loss: 1.1686, acc: 0.7222
Epoch 164/300
20:35:53 train - loss: 0.4544, acc: 0.8607
20:35:54 valid - loss: 1.2011, acc: 0.7237
Epoch 165/300
20:36:22 train - loss: 0.4576, acc: 0.8596
20:36:23 valid - loss: 1.2194, acc: 0.7174
Epoch 166/300
20:36:51 train - loss: 0.4503, acc: 0.8623
20:36:52 valid - loss: 1.2131, acc: 0.7205
Epoch 167/300
20:37:21 train - loss: 0.4397, acc: 0.8649
20:37:22 valid - loss: 1.1450, acc: 0.7269
Epoch 168/300
20:37:50 train - loss: 0.4374, acc: 0.8665
20:37:51 valid - loss: 1.2862, acc: 0.7103
Epoch 169/300
20:38:19 train - loss: 0.4303, acc: 0.8677
20:38:21 valid - loss: 1.2110, acc: 0.7266
Epoch 170/300
20:38:49 train - loss: 0.4252, acc: 0.8718
Save trainer to /content/drive/My Drive/models/CIFAR100-2/ckpt
20:38:59 valid - loss: 1.2876, acc: 0.7194
Epoch 171/300
20:39:27 train - loss: 0.4225, acc: 0.8720
20:39:28 valid - loss: 1.1118, acc: 0.7349
Epoch 172/300
20:39:56 train - loss: 0.4124, acc: 0.8729
20:39:58 valid - loss: 1.2501, acc: 0.7055
Epoch 173/300
20:40:26 train - loss: 0.4035, acc: 0.8771
20:40:27 valid - loss: 1.1790, acc: 0.7279
Epoch 174/300
20:40:55 train - loss: 0.4010, acc: 0.8778
20:40:56 valid - loss: 1.1420, acc: 0.7406
Epoch 175/300
20:41:25 train - loss: 0.3945, acc: 0.8788
20:41:26 valid - loss: 1.1074, acc: 0.7350
Epoch 176/300
20:41:54 train - loss: 0.3856, acc: 0.8819
20:41:55 valid - loss: 1.0557, acc: 0.7454
Epoch 177/300
20:42:23 train - loss: 0.3861, acc: 0.8810
20:42:25 valid - loss: 1.2367, acc: 0.7187
Epoch 178/300
20:42:53 train - loss: 0.3863, acc: 0.8814
20:42:54 valid - loss: 1.1474, acc: 0.7210
Epoch 179/300
20:43:22 train - loss: 0.3676, acc: 0.8877
20:43:23 valid - loss: 1.1072, acc: 0.7485
Epoch 180/300
20:43:51 train - loss: 0.3768, acc: 0.8829
Save trainer to /content/drive/My Drive/models/CIFAR100-2/ckpt
20:44:02 valid - loss: 1.1811, acc: 0.7339
Epoch 181/300
20:44:30 train - loss: 0.3558, acc: 0.8917
20:44:31 valid - loss: 1.0694, acc: 0.7461
Epoch 182/300
20:44:59 train - loss: 0.3468, acc: 0.8952
20:45:00 valid - loss: 1.2098, acc: 0.7211
Epoch 183/300
20:45:28 train - loss: 0.3428, acc: 0.8955
20:45:30 valid - loss: 1.0918, acc: 0.7466
Epoch 184/300
20:45:58 train - loss: 0.3409, acc: 0.8945
20:45:59 valid - loss: 1.0819, acc: 0.7486
Epoch 185/300
20:46:27 train - loss: 0.3394, acc: 0.8972
20:46:29 valid - loss: 1.0432, acc: 0.7479
Epoch 186/300
20:46:57 train - loss: 0.3425, acc: 0.8965
20:46:58 valid - loss: 1.1345, acc: 0.7435
Epoch 187/300
20:47:26 train - loss: 0.3194, acc: 0.9034
20:47:27 valid - loss: 1.0348, acc: 0.7520
Epoch 188/300
20:47:55 train - loss: 0.3056, acc: 0.9058
20:47:57 valid - loss: 1.1512, acc: 0.7453
Epoch 189/300
20:48:25 train - loss: 0.3149, acc: 0.9052
20:48:26 valid - loss: 1.1407, acc: 0.7477
Epoch 190/300
20:48:54 train - loss: 0.3062, acc: 0.9066
Save trainer to /content/drive/My Drive/models/CIFAR100-2/ckpt
20:49:05 valid - loss: 1.1546, acc: 0.7397
Epoch 191/300
20:49:33 train - loss: 0.3071, acc: 0.9062
20:49:34 valid - loss: 1.1527, acc: 0.7397
Epoch 192/300
20:50:02 train - loss: 0.2926, acc: 0.9098
20:50:04 valid - loss: 1.1781, acc: 0.7443
Epoch 193/300
20:50:32 train - loss: 0.2877, acc: 0.9130
20:50:33 valid - loss: 1.0475, acc: 0.7598
Epoch 194/300
20:51:01 train - loss: 0.2872, acc: 0.9127
20:51:02 valid - loss: 1.1298, acc: 0.7476
Epoch 195/300
20:51:31 train - loss: 0.2787, acc: 0.9151
20:51:32 valid - loss: 1.0846, acc: 0.7494
Epoch 196/300
20:52:00 train - loss: 0.2789, acc: 0.9158
20:52:01 valid - loss: 1.2597, acc: 0.7297
Epoch 197/300
20:52:29 train - loss: 0.2689, acc: 0.9192
20:52:31 valid - loss: 1.0162, acc: 0.7541
Epoch 198/300
20:52:59 train - loss: 0.2669, acc: 0.9183
20:53:00 valid - loss: 1.1583, acc: 0.7481
Epoch 199/300
20:53:28 train - loss: 0.2614, acc: 0.9219
20:53:29 valid - loss: 1.0807, acc: 0.7617
Epoch 200/300
20:53:57 train - loss: 0.2496, acc: 0.9252
Save trainer to /content/drive/My Drive/models/CIFAR100-2/ckpt
20:54:08 valid - loss: 1.0850, acc: 0.7604
Epoch 201/300
20:54:36 train - loss: 0.2388, acc: 0.9288
20:54:37 valid - loss: 1.0721, acc: 0.7620
Epoch 202/300
20:55:05 train - loss: 0.2419, acc: 0.9271
20:55:07 valid - loss: 1.0889, acc: 0.7525
Epoch 203/300
20:55:35 train - loss: 0.2442, acc: 0.9263
20:55:36 valid - loss: 1.0451, acc: 0.7576
Epoch 204/300
20:56:04 train - loss: 0.2347, acc: 0.9295
20:56:05 valid - loss: 1.0761, acc: 0.7549
Epoch 205/300
20:56:34 train - loss: 0.2209, acc: 0.9338
20:56:35 valid - loss: 1.0187, acc: 0.7718
Epoch 206/300
20:57:03 train - loss: 0.2137, acc: 0.9346
20:57:04 valid - loss: 1.1666, acc: 0.7510
Epoch 207/300
20:57:32 train - loss: 0.2228, acc: 0.9338
20:57:34 valid - loss: 1.1735, acc: 0.7497
Epoch 208/300
20:58:02 train - loss: 0.2162, acc: 0.9354
20:58:03 valid - loss: 1.0511, acc: 0.7677
Epoch 209/300
20:58:31 train - loss: 0.2031, acc: 0.9394
20:58:33 valid - loss: 1.0276, acc: 0.7748
Epoch 210/300
20:59:01 train - loss: 0.1982, acc: 0.9423
Save trainer to /content/drive/My Drive/models/CIFAR100-2/ckpt
20:59:11 valid - loss: 1.0518, acc: 0.7658
Epoch 211/300
20:59:40 train - loss: 0.1930, acc: 0.9422
20:59:41 valid - loss: 1.0470, acc: 0.7638
Epoch 212/300
21:00:09 train - loss: 0.1578, acc: 0.9540
21:00:10 valid - loss: 1.0612, acc: 0.7608
Epoch 213/300
21:00:39 train - loss: 0.1866, acc: 0.9447
21:00:40 valid - loss: 1.1054, acc: 0.7627
Epoch 214/300
21:01:08 train - loss: 0.1834, acc: 0.9451
21:01:09 valid - loss: 1.0263, acc: 0.7655
Epoch 215/300
21:01:38 train - loss: 0.1773, acc: 0.9491
21:01:39 valid - loss: 1.0257, acc: 0.7703
Epoch 216/300
21:02:07 train - loss: 0.1629, acc: 0.9538
21:02:08 valid - loss: 1.0010, acc: 0.7763
Epoch 217/300
21:02:37 train - loss: 0.1628, acc: 0.9520
21:02:38 valid - loss: 1.0509, acc: 0.7709
Epoch 218/300
21:03:06 train - loss: 0.1800, acc: 0.9466
21:03:07 valid - loss: 1.0292, acc: 0.7707
Epoch 219/300
21:03:36 train - loss: 0.1488, acc: 0.9582
21:03:37 valid - loss: 1.0074, acc: 0.7777
Epoch 220/300
21:04:05 train - loss: 0.1551, acc: 0.9554
Save trainer to /content/drive/My Drive/models/CIFAR100-2/ckpt
21:04:15 valid - loss: 0.9780, acc: 0.7842
Epoch 221/300
21:04:44 train - loss: 0.1540, acc: 0.9559
21:04:45 valid - loss: 0.9892, acc: 0.7774
Epoch 222/300
21:05:13 train - loss: 0.1499, acc: 0.9580
21:05:14 valid - loss: 0.9343, acc: 0.7817
Epoch 223/300
21:05:43 train - loss: 0.1359, acc: 0.9621
21:05:44 valid - loss: 1.0480, acc: 0.7748
Epoch 224/300
21:06:12 train - loss: 0.1298, acc: 0.9642
21:06:13 valid - loss: 0.9565, acc: 0.7838
Epoch 225/300
21:06:42 train - loss: 0.1249, acc: 0.9654
21:06:43 valid - loss: 0.9448, acc: 0.7879
Epoch 226/300
21:07:11 train - loss: 0.1215, acc: 0.9665
21:07:12 valid - loss: 0.9830, acc: 0.7817
Epoch 227/300
21:07:40 train - loss: 0.1187, acc: 0.9667
21:07:42 valid - loss: 0.9583, acc: 0.7897
Epoch 228/300
21:08:10 train - loss: 0.1160, acc: 0.9678
21:08:11 valid - loss: 0.8949, acc: 0.7953
Epoch 229/300
21:08:39 train - loss: 0.1133, acc: 0.9690
21:08:41 valid - loss: 0.9104, acc: 0.7934
Epoch 230/300
21:09:09 train - loss: 0.1084, acc: 0.9702
Save trainer to /content/drive/My Drive/models/CIFAR100-2/ckpt
21:09:19 valid - loss: 0.9409, acc: 0.7923
Epoch 231/300
21:09:47 train - loss: 0.0933, acc: 0.9750
21:09:49 valid - loss: 0.9327, acc: 0.7905
Epoch 232/300
21:10:17 train - loss: 0.0978, acc: 0.9735
21:10:18 valid - loss: 0.9105, acc: 0.7969
Epoch 233/300
21:10:46 train - loss: 0.1022, acc: 0.9720
21:10:47 valid - loss: 0.9598, acc: 0.7884
Epoch 234/300
21:11:16 train - loss: 0.0982, acc: 0.9737
21:11:17 valid - loss: 0.9801, acc: 0.7862
Epoch 235/300
21:11:45 train - loss: 0.0919, acc: 0.9755
21:11:46 valid - loss: 0.9276, acc: 0.7974
Epoch 236/300
21:12:15 train - loss: 0.0868, acc: 0.9773
21:12:16 valid - loss: 0.9067, acc: 0.7950
Epoch 237/300
21:12:44 train - loss: 0.0809, acc: 0.9792
21:12:45 valid - loss: 0.8953, acc: 0.7978
Epoch 238/300
21:13:13 train - loss: 0.0849, acc: 0.9779
21:13:15 valid - loss: 0.9043, acc: 0.7975
Epoch 239/300
21:13:43 train - loss: 0.0538, acc: 0.9872
21:13:44 valid - loss: 0.8675, acc: 0.8096
Epoch 240/300
21:14:12 train - loss: 0.0744, acc: 0.9816
Save trainer to /content/drive/My Drive/models/CIFAR100-2/ckpt
21:14:23 valid - loss: 0.8614, acc: 0.8059
Epoch 241/300
21:14:51 train - loss: 0.0723, acc: 0.9819
21:14:52 valid - loss: 0.8174, acc: 0.8115
Epoch 242/300
21:15:20 train - loss: 0.0645, acc: 0.9846
21:15:22 valid - loss: 0.8392, acc: 0.8091
Epoch 243/300
21:15:50 train - loss: 0.0654, acc: 0.9833
21:15:51 valid - loss: 0.8117, acc: 0.8142
Epoch 244/300
21:16:19 train - loss: 0.0622, acc: 0.9851
21:16:20 valid - loss: 0.8539, acc: 0.8086
Epoch 245/300
21:16:48 train - loss: 0.0637, acc: 0.9845
21:16:50 valid - loss: 0.8478, acc: 0.8094
Epoch 246/300
21:17:18 train - loss: 0.0563, acc: 0.9861
21:17:19 valid - loss: 0.8036, acc: 0.8161
Epoch 247/300
21:17:47 train - loss: 0.0588, acc: 0.9861
21:17:49 valid - loss: 0.8087, acc: 0.8113
Epoch 248/300
21:18:17 train - loss: 0.0428, acc: 0.9906
21:18:18 valid - loss: 0.7705, acc: 0.8222
Epoch 249/300
21:18:46 train - loss: 0.0467, acc: 0.9892
21:18:47 valid - loss: 0.7846, acc: 0.8197
Epoch 250/300
21:19:16 train - loss: 0.0474, acc: 0.9893
Save trainer to /content/drive/My Drive/models/CIFAR100-2/ckpt
21:19:26 valid - loss: 0.7940, acc: 0.8152
Epoch 251/300
21:19:54 train - loss: 0.0475, acc: 0.9890
21:19:56 valid - loss: 0.7927, acc: 0.8165
Epoch 252/300
21:20:24 train - loss: 0.0453, acc: 0.9898
21:20:25 valid - loss: 0.7940, acc: 0.8188
Epoch 253/300
21:20:53 train - loss: 0.0439, acc: 0.9899
21:20:55 valid - loss: 0.7709, acc: 0.8229
Epoch 254/300
21:21:23 train - loss: 0.0396, acc: 0.9912
21:21:24 valid - loss: 0.7604, acc: 0.8209
Epoch 255/300
21:21:52 train - loss: 0.0403, acc: 0.9911
21:21:54 valid - loss: 0.7408, acc: 0.8252
Epoch 256/300
21:22:22 train - loss: 0.0367, acc: 0.9916
21:22:23 valid - loss: 0.7570, acc: 0.8245
Epoch 257/300
21:22:51 train - loss: 0.0345, acc: 0.9925
21:22:53 valid - loss: 0.7630, acc: 0.8250
Epoch 258/300
21:23:21 train - loss: 0.0362, acc: 0.9917
21:23:22 valid - loss: 0.7501, acc: 0.8298
Epoch 259/300
21:23:50 train - loss: 0.0318, acc: 0.9929
21:23:52 valid - loss: 0.7342, acc: 0.8288
Epoch 260/300
21:24:20 train - loss: 0.0323, acc: 0.9927
Save trainer to /content/drive/My Drive/models/CIFAR100-2/ckpt
21:24:30 valid - loss: 0.7419, acc: 0.8254
Epoch 261/300
21:24:58 train - loss: 0.0313, acc: 0.9933
21:24:59 valid - loss: 0.7324, acc: 0.8295
Epoch 262/300
21:25:28 train - loss: 0.0297, acc: 0.9941
21:25:29 valid - loss: 0.7212, acc: 0.8301
Epoch 263/300
21:25:57 train - loss: 0.0256, acc: 0.9947
21:25:58 valid - loss: 0.7209, acc: 0.8352
Epoch 264/300
21:26:26 train - loss: 0.0278, acc: 0.9940
21:26:28 valid - loss: 0.7057, acc: 0.8325
Epoch 265/300
21:26:56 train - loss: 0.0242, acc: 0.9951
21:26:57 valid - loss: 0.7097, acc: 0.8321
Epoch 266/300
21:27:25 train - loss: 0.0244, acc: 0.9945
21:27:27 valid - loss: 0.6918, acc: 0.8314
Epoch 267/300
21:27:55 train - loss: 0.0247, acc: 0.9949
21:27:56 valid - loss: 0.6890, acc: 0.8329
Epoch 268/300
21:28:24 train - loss: 0.0218, acc: 0.9956
21:28:25 valid - loss: 0.6889, acc: 0.8317
Epoch 269/300
21:28:54 train - loss: 0.0223, acc: 0.9953
21:28:55 valid - loss: 0.6918, acc: 0.8330
Epoch 270/300
21:29:23 train - loss: 0.0219, acc: 0.9953
Save trainer to /content/drive/My Drive/models/CIFAR100-2/ckpt
21:29:33 valid - loss: 0.6806, acc: 0.8383
Epoch 271/300
21:30:02 train - loss: 0.0220, acc: 0.9954
21:30:03 valid - loss: 0.6831, acc: 0.8349
Epoch 272/300
21:30:31 train - loss: 0.0204, acc: 0.9957
21:30:33 valid - loss: 0.6737, acc: 0.8366
Epoch 273/300
21:31:01 train - loss: 0.0196, acc: 0.9958
21:31:02 valid - loss: 0.6674, acc: 0.8383
Epoch 274/300
21:31:30 train - loss: 0.0171, acc: 0.9966
21:31:32 valid - loss: 0.6772, acc: 0.8367
Epoch 275/300
21:32:00 train - loss: 0.0193, acc: 0.9962
21:32:01 valid - loss: 0.6721, acc: 0.8364
Epoch 276/300
21:32:29 train - loss: 0.0182, acc: 0.9960
21:32:31 valid - loss: 0.6705, acc: 0.8378
Epoch 277/300
21:32:59 train - loss: 0.0162, acc: 0.9968
21:33:00 valid - loss: 0.6621, acc: 0.8398
Epoch 278/300
21:33:28 train - loss: 0.0167, acc: 0.9964
21:33:30 valid - loss: 0.6584, acc: 0.8391
Epoch 279/300
21:33:58 train - loss: 0.0154, acc: 0.9969
21:33:59 valid - loss: 0.6594, acc: 0.8395
Epoch 280/300
21:34:28 train - loss: 0.0162, acc: 0.9967
Save trainer to /content/drive/My Drive/models/CIFAR100-2/ckpt
21:34:38 valid - loss: 0.6560, acc: 0.8385
Epoch 281/300
21:35:06 train - loss: 0.0149, acc: 0.9969
21:35:07 valid - loss: 0.6640, acc: 0.8371
Epoch 282/300
21:35:35 train - loss: 0.0162, acc: 0.9965
21:35:37 valid - loss: 0.6518, acc: 0.8410
Epoch 283/300
21:36:05 train - loss: 0.0158, acc: 0.9967
21:36:06 valid - loss: 0.6540, acc: 0.8399
Epoch 284/300
21:36:34 train - loss: 0.0143, acc: 0.9971
21:36:35 valid - loss: 0.6507, acc: 0.8402
Epoch 285/300
21:37:04 train - loss: 0.0144, acc: 0.9967
21:37:05 valid - loss: 0.6405, acc: 0.8411
Epoch 286/300
21:37:33 train - loss: 0.0127, acc: 0.9976
21:37:34 valid - loss: 0.6390, acc: 0.8425
Epoch 287/300
21:38:02 train - loss: 0.0132, acc: 0.9973
21:38:04 valid - loss: 0.6388, acc: 0.8416
Epoch 288/300
21:38:32 train - loss: 0.0144, acc: 0.9970
21:38:33 valid - loss: 0.6396, acc: 0.8416
Epoch 289/300
21:39:01 train - loss: 0.0121, acc: 0.9976
21:39:02 valid - loss: 0.6419, acc: 0.8400
Epoch 290/300
21:39:31 train - loss: 0.0118, acc: 0.9975
Save trainer to /content/drive/My Drive/models/CIFAR100-2/ckpt
21:39:41 valid - loss: 0.6404, acc: 0.8403
Epoch 291/300
21:40:09 train - loss: 0.0138, acc: 0.9969
21:40:10 valid - loss: 0.6407, acc: 0.8392
Epoch 292/300
21:40:39 train - loss: 0.0121, acc: 0.9974
21:40:40 valid - loss: 0.6380, acc: 0.8409
Epoch 293/300
21:41:08 train - loss: 0.0127, acc: 0.9976
21:41:09 valid - loss: 0.6388, acc: 0.8400
Epoch 294/300
21:41:37 train - loss: 0.0128, acc: 0.9976
21:41:39 valid - loss: 0.6415, acc: 0.8393
Epoch 295/300
21:42:07 train - loss: 0.0136, acc: 0.9972
21:42:08 valid - loss: 0.6380, acc: 0.8412
Epoch 296/300
21:42:36 train - loss: 0.0118, acc: 0.9977
21:42:37 valid - loss: 0.6384, acc: 0.8405
Epoch 297/300
21:43:05 train - loss: 0.0140, acc: 0.9969
21:43:07 valid - loss: 0.6397, acc: 0.8395
Epoch 298/300
21:43:35 train - loss: 0.0129, acc: 0.9973
21:43:36 valid - loss: 0.6366, acc: 0.8415
Epoch 299/300
21:44:04 train - loss: 0.0126, acc: 0.9974
21:44:05 valid - loss: 0.6354, acc: 0.8415
Epoch 300/300
21:44:34 train - loss: 0.0119, acc: 0.9976
Save trainer to /content/drive/My Drive/models/CIFAR100-2/ckpt
21:44:44 valid - loss: 0.6361, acc: 0.8404