19:04:38 Start training
Epoch 1/300
WARNING:tensorflow:From /usr/local/lib/python3.6/dist-packages/tensorflow/python/data/ops/multi_device_iterator_ops.py:601: get_next_as_optional (from tensorflow.python.data.ops.iterator_ops) is deprecated and will be removed in a future version.
Instructions for updating:
Use `tf.data.Iterator.get_next_as_optional()` instead.
WARNING:tensorflow:From /usr/local/lib/python3.6/dist-packages/tensorflow/python/data/ops/multi_device_iterator_ops.py:601: get_next_as_optional (from tensorflow.python.data.ops.iterator_ops) is deprecated and will be removed in a future version.
Instructions for updating:
Use `tf.data.Iterator.get_next_as_optional()` instead.
19:12:02 train - loss: 4.5222, acc: 0.0257
19:13:28 valid - loss: 4.1752, acc: 0.0502
Epoch 2/300
19:13:56 train - loss: 3.8349, acc: 0.1019
19:13:57 valid - loss: 3.6954, acc: 0.1582
Epoch 3/300
19:14:26 train - loss: 3.2090, acc: 0.2107
19:14:27 valid - loss: 3.1452, acc: 0.2337
Epoch 4/300
19:14:55 train - loss: 2.7338, acc: 0.3013
19:14:56 valid - loss: 2.5740, acc: 0.3545
Epoch 5/300
19:15:24 train - loss: 2.3876, acc: 0.3712
19:15:26 valid - loss: 2.2676, acc: 0.4119
Epoch 6/300
19:15:54 train - loss: 2.1351, acc: 0.4299
19:15:55 valid - loss: 2.2469, acc: 0.4263
Epoch 7/300
19:16:23 train - loss: 1.9099, acc: 0.4815
19:16:25 valid - loss: 33.1386, acc: 0.4520
Epoch 8/300
19:16:53 train - loss: 1.7539, acc: 0.5186
19:16:54 valid - loss: 1.8007, acc: 0.5256
Epoch 9/300
19:17:22 train - loss: 1.6467, acc: 0.5450
19:17:23 valid - loss: 1.7118, acc: 0.5423
Epoch 10/300
19:17:51 train - loss: 1.5727, acc: 0.5620
19:17:53 valid - loss: 1.6955, acc: 0.5544
Epoch 11/300
19:18:21 train - loss: 1.5118, acc: 0.5780
19:18:22 valid - loss: 1.5310, acc: 0.5795
Epoch 12/300
19:18:50 train - loss: 1.4601, acc: 0.5942
19:18:52 valid - loss: 1.5739, acc: 0.5802
Epoch 13/300
19:19:20 train - loss: 1.4168, acc: 0.6027
19:19:21 valid - loss: 1.6139, acc: 0.5752
Epoch 14/300
19:19:49 train - loss: 1.3825, acc: 0.6097
19:19:50 valid - loss: 1.6143, acc: 0.5781
Epoch 15/300
19:20:19 train - loss: 1.3600, acc: 0.6189
19:20:20 valid - loss: 1.4733, acc: 0.6040
Epoch 16/300
19:20:48 train - loss: 1.3174, acc: 0.6274
19:20:50 valid - loss: 1.6504, acc: 0.5809
Epoch 17/300
19:21:18 train - loss: 1.2993, acc: 0.6321
19:21:19 valid - loss: 1.5210, acc: 0.6055
Epoch 18/300
19:21:47 train - loss: 1.2713, acc: 0.6387
19:21:48 valid - loss: 1.6295, acc: 0.5887
Epoch 19/300
19:22:17 train - loss: 1.2602, acc: 0.6416
19:22:18 valid - loss: 1.7329, acc: 0.5834
Epoch 20/300
19:22:46 train - loss: 1.2425, acc: 0.6478
19:22:47 valid - loss: 1.4637, acc: 0.6227
Epoch 21/300
19:23:15 train - loss: 1.2195, acc: 0.6525
19:23:17 valid - loss: 1.4307, acc: 0.6143
Epoch 22/300
19:23:45 train - loss: 1.2060, acc: 0.6555
19:23:46 valid - loss: 1.4406, acc: 0.6196
Epoch 23/300
19:24:14 train - loss: 1.1812, acc: 0.6641
19:24:16 valid - loss: 1.4568, acc: 0.6159
Epoch 24/300
19:24:44 train - loss: 1.1779, acc: 0.6604
19:24:45 valid - loss: 1.5571, acc: 0.6061
Epoch 25/300
19:25:13 train - loss: 1.1678, acc: 0.6646
19:25:14 valid - loss: 1.4345, acc: 0.6233
Epoch 26/300
19:25:42 train - loss: 1.1609, acc: 0.6654
19:25:44 valid - loss: 1.4167, acc: 0.6229
Epoch 27/300
19:26:12 train - loss: 1.1558, acc: 0.6684
19:26:13 valid - loss: 1.3146, acc: 0.6425
Epoch 28/300
19:26:41 train - loss: 1.1324, acc: 0.6744
19:26:42 valid - loss: 1.4423, acc: 0.6223
Epoch 29/300
19:27:10 train - loss: 1.1277, acc: 0.6734
19:27:12 valid - loss: 1.5244, acc: 0.6046
Epoch 30/300
19:27:40 train - loss: 1.1260, acc: 0.6755
19:27:41 valid - loss: 1.4216, acc: 0.6163
Epoch 31/300
19:28:09 train - loss: 1.1153, acc: 0.6774
19:28:11 valid - loss: 1.5387, acc: 0.5967
Epoch 32/300
19:28:39 train - loss: 1.1075, acc: 0.6810
19:28:40 valid - loss: 1.4701, acc: 0.6209
Epoch 33/300
19:29:08 train - loss: 1.0939, acc: 0.6838
19:29:09 valid - loss: 1.6027, acc: 0.5979
Epoch 34/300
19:29:37 train - loss: 1.0903, acc: 0.6853
19:29:39 valid - loss: 1.3259, acc: 0.6447
Epoch 35/300
19:30:07 train - loss: 1.0857, acc: 0.6868
19:30:08 valid - loss: 1.4680, acc: 0.6270
Epoch 36/300
19:30:36 train - loss: 1.0814, acc: 0.6874
19:30:37 valid - loss: 1.4564, acc: 0.6120
Epoch 37/300
19:31:05 train - loss: 1.0787, acc: 0.6888
19:31:07 valid - loss: 1.3320, acc: 0.6442
Epoch 38/300
19:31:35 train - loss: 1.0686, acc: 0.6901
19:31:36 valid - loss: 1.3918, acc: 0.6280
Epoch 39/300
19:32:04 train - loss: 1.0604, acc: 0.6927
19:32:06 valid - loss: 1.3318, acc: 0.6468
Epoch 40/300
19:32:34 train - loss: 1.0562, acc: 0.6926
19:32:35 valid - loss: 1.3827, acc: 0.6412
Epoch 41/300
19:33:03 train - loss: 1.0444, acc: 0.6967
19:33:04 valid - loss: 1.3860, acc: 0.6349
Epoch 42/300
19:33:32 train - loss: 1.0454, acc: 0.6962
19:33:34 valid - loss: 1.2751, acc: 0.6549
Epoch 43/300
19:34:02 train - loss: 1.0451, acc: 0.6968
19:34:03 valid - loss: 1.4943, acc: 0.6256
Epoch 44/300
19:34:31 train - loss: 1.0289, acc: 0.7025
19:34:32 valid - loss: 1.4457, acc: 0.6325
Epoch 45/300
19:35:00 train - loss: 1.0319, acc: 0.7011
19:35:02 valid - loss: 1.3656, acc: 0.6477
Epoch 46/300
19:35:30 train - loss: 1.0292, acc: 0.7017
19:35:31 valid - loss: 1.5657, acc: 0.6206
Epoch 47/300
19:35:59 train - loss: 1.0249, acc: 0.7019
19:36:01 valid - loss: 1.4512, acc: 0.6297
Epoch 48/300
19:36:29 train - loss: 1.0214, acc: 0.7037
19:36:30 valid - loss: 1.3516, acc: 0.6443
Epoch 49/300
19:36:58 train - loss: 1.0113, acc: 0.7049
19:36:59 valid - loss: 1.2827, acc: 0.6667
Epoch 50/300
19:37:27 train - loss: 1.0117, acc: 0.7065
19:37:29 valid - loss: 1.3222, acc: 0.6535
Epoch 51/300
19:37:57 train - loss: 1.0046, acc: 0.7076
19:37:58 valid - loss: 1.3259, acc: 0.6567
Epoch 52/300
19:38:26 train - loss: 1.0063, acc: 0.7080
19:38:27 valid - loss: 1.5543, acc: 0.6144
Epoch 53/300
19:38:56 train - loss: 1.0004, acc: 0.7077
19:38:57 valid - loss: 1.2923, acc: 0.6631
Epoch 54/300
19:39:25 train - loss: 0.9774, acc: 0.7160
19:39:26 valid - loss: 1.2572, acc: 0.6683
Epoch 55/300
19:39:54 train - loss: 0.9773, acc: 0.7141
19:39:56 valid - loss: 1.3604, acc: 0.6457
Epoch 56/300
19:40:24 train - loss: 0.9838, acc: 0.7131
19:40:25 valid - loss: 1.2766, acc: 0.6634
Epoch 57/300
19:40:53 train - loss: 0.9848, acc: 0.7142
19:40:54 valid - loss: 1.2282, acc: 0.6692
Epoch 58/300
19:41:22 train - loss: 0.9799, acc: 0.7155
19:41:24 valid - loss: 1.4245, acc: 0.6412
Epoch 59/300
19:41:52 train - loss: 0.9776, acc: 0.7130
19:41:53 valid - loss: 1.4500, acc: 0.6294
Epoch 60/300
19:42:21 train - loss: 0.9755, acc: 0.7161
19:42:22 valid - loss: 1.2760, acc: 0.6693
Epoch 61/300
19:42:50 train - loss: 0.9702, acc: 0.7172
19:42:52 valid - loss: 1.2801, acc: 0.6578
Epoch 62/300
19:43:20 train - loss: 0.9596, acc: 0.7194
19:43:21 valid - loss: 1.3687, acc: 0.6530
Epoch 63/300
19:43:49 train - loss: 0.9611, acc: 0.7197
19:43:50 valid - loss: 1.2412, acc: 0.6669
Epoch 64/300
19:44:19 train - loss: 0.9504, acc: 0.7187
19:44:20 valid - loss: 1.2731, acc: 0.6687
Epoch 65/300
19:44:48 train - loss: 0.9542, acc: 0.7207
19:44:49 valid - loss: 1.3955, acc: 0.6505
Epoch 66/300
19:45:17 train - loss: 0.9445, acc: 0.7221
19:45:19 valid - loss: 1.3826, acc: 0.6507
Epoch 67/300
19:45:47 train - loss: 0.9480, acc: 0.7229
19:45:48 valid - loss: 1.3333, acc: 0.6597
Epoch 68/300
19:46:16 train - loss: 0.9422, acc: 0.7241
19:46:17 valid - loss: 1.3051, acc: 0.6605
Epoch 69/300
19:46:45 train - loss: 0.9355, acc: 0.7260
19:46:47 valid - loss: 1.3751, acc: 0.6513
Epoch 70/300
19:47:15 train - loss: 0.9405, acc: 0.7275
19:47:16 valid - loss: 1.3674, acc: 0.6581
Epoch 71/300
19:47:44 train - loss: 0.9226, acc: 0.7298
19:47:46 valid - loss: 1.3465, acc: 0.6585
Epoch 72/300
19:48:14 train - loss: 0.9298, acc: 0.7274
19:48:15 valid - loss: 1.3785, acc: 0.6522
Epoch 73/300
19:48:43 train - loss: 0.9160, acc: 0.7322
19:48:44 valid - loss: 1.2746, acc: 0.6675
Epoch 74/300
19:49:13 train - loss: 0.9189, acc: 0.7303
19:49:14 valid - loss: 1.3867, acc: 0.6457
Epoch 75/300
19:49:42 train - loss: 0.9140, acc: 0.7321
19:49:43 valid - loss: 1.3466, acc: 0.6642
Epoch 76/300
19:50:11 train - loss: 0.9102, acc: 0.7335
19:50:13 valid - loss: 1.2696, acc: 0.6752
Epoch 77/300
19:50:41 train - loss: 0.9087, acc: 0.7331
19:50:42 valid - loss: 1.4246, acc: 0.6380
Epoch 78/300
19:51:10 train - loss: 0.9043, acc: 0.7351
19:51:11 valid - loss: 1.4146, acc: 0.6451
Epoch 79/300
19:51:40 train - loss: 0.8967, acc: 0.7386
19:51:41 valid - loss: 1.3831, acc: 0.6473
Epoch 80/300
19:52:09 train - loss: 0.8868, acc: 0.7399
19:52:10 valid - loss: 1.2025, acc: 0.6697
Epoch 81/300
19:52:38 train - loss: 0.8907, acc: 0.7384
19:52:40 valid - loss: 1.4574, acc: 0.6417
Epoch 82/300
19:53:08 train - loss: 0.8914, acc: 0.7379
19:53:09 valid - loss: 1.3585, acc: 0.6601
Epoch 83/300
19:53:37 train - loss: 0.8850, acc: 0.7389
19:53:38 valid - loss: 1.4957, acc: 0.6365
Epoch 84/300
19:54:06 train - loss: 0.8767, acc: 0.7416
19:54:08 valid - loss: 1.3641, acc: 0.6598
Epoch 85/300
19:54:36 train - loss: 0.8787, acc: 0.7434
19:54:37 valid - loss: 1.4015, acc: 0.6599
Epoch 86/300
19:55:05 train - loss: 0.8720, acc: 0.7433
19:55:06 valid - loss: 1.2491, acc: 0.6769
Epoch 87/300
19:55:34 train - loss: 0.8658, acc: 0.7443
19:55:36 valid - loss: 1.2468, acc: 0.6732
Epoch 88/300
19:56:04 train - loss: 0.8617, acc: 0.7464
19:56:05 valid - loss: 1.5431, acc: 0.6211
Epoch 89/300
19:56:33 train - loss: 0.8667, acc: 0.7431
19:56:34 valid - loss: 1.2637, acc: 0.6771
Epoch 90/300
19:57:03 train - loss: 0.8604, acc: 0.7453
19:57:04 valid - loss: 1.2397, acc: 0.6833
Epoch 91/300
19:57:32 train - loss: 0.8505, acc: 0.7479
19:57:33 valid - loss: 1.3774, acc: 0.6701
Epoch 92/300
19:58:01 train - loss: 0.8428, acc: 0.7508
19:58:02 valid - loss: 1.2425, acc: 0.6717
Epoch 93/300
19:58:31 train - loss: 0.8478, acc: 0.7512
19:58:32 valid - loss: 1.2742, acc: 0.6802
Epoch 94/300
19:59:00 train - loss: 0.8356, acc: 0.7533
19:59:01 valid - loss: 1.3377, acc: 0.6637
Epoch 95/300
19:59:29 train - loss: 0.8413, acc: 0.7521
19:59:31 valid - loss: 1.2554, acc: 0.6767
Epoch 96/300
19:59:59 train - loss: 0.8322, acc: 0.7543
20:00:00 valid - loss: 1.3202, acc: 0.6767
Epoch 97/300
20:00:28 train - loss: 0.8225, acc: 0.7556
20:00:30 valid - loss: 1.3361, acc: 0.6613
Epoch 98/300
20:00:58 train - loss: 0.7940, acc: 0.7634
20:00:59 valid - loss: 1.2126, acc: 0.6872
Epoch 99/300
20:01:27 train - loss: 0.8169, acc: 0.7583
20:01:28 valid - loss: 1.3822, acc: 0.6621
Epoch 100/300
20:01:57 train - loss: 0.8130, acc: 0.7613
20:01:58 valid - loss: 1.3643, acc: 0.6577
Epoch 101/300
20:02:26 train - loss: 0.8119, acc: 0.7603
20:02:27 valid - loss: 1.4591, acc: 0.6432
Epoch 102/300
20:02:55 train - loss: 0.8180, acc: 0.7566
20:02:57 valid - loss: 1.3938, acc: 0.6641
Epoch 103/300
20:03:25 train - loss: 0.8036, acc: 0.7629
20:03:26 valid - loss: 1.3138, acc: 0.6691
Epoch 104/300
20:03:54 train - loss: 0.8047, acc: 0.7636
20:03:55 valid - loss: 1.3784, acc: 0.6565
Epoch 105/300
20:04:23 train - loss: 0.7982, acc: 0.7632
20:04:25 valid - loss: 1.2409, acc: 0.6811
Epoch 106/300
20:04:53 train - loss: 0.7927, acc: 0.7648
20:04:54 valid - loss: 1.2418, acc: 0.6940
Epoch 107/300
20:05:22 train - loss: 0.7846, acc: 0.7662
20:05:24 valid - loss: 1.2431, acc: 0.6857
Epoch 108/300
20:05:52 train - loss: 0.7797, acc: 0.7708
20:05:53 valid - loss: 1.2808, acc: 0.6755
Epoch 109/300
20:06:21 train - loss: 0.7930, acc: 0.7637
20:06:22 valid - loss: 1.1478, acc: 0.7002
Epoch 110/300
20:06:51 train - loss: 0.7721, acc: 0.7706
20:06:52 valid - loss: 1.1387, acc: 0.7047
Epoch 111/300
20:07:20 train - loss: 0.7740, acc: 0.7699
20:07:21 valid - loss: 1.3428, acc: 0.6750
Epoch 112/300
20:07:49 train - loss: 0.7653, acc: 0.7734
20:07:51 valid - loss: 1.2723, acc: 0.6857
Epoch 113/300
20:08:19 train - loss: 0.7603, acc: 0.7737
20:08:20 valid - loss: 1.3718, acc: 0.6786
Epoch 114/300
20:08:48 train - loss: 0.7576, acc: 0.7743
20:08:50 valid - loss: 1.3300, acc: 0.6668
Epoch 115/300
20:09:18 train - loss: 0.7517, acc: 0.7745
20:09:19 valid - loss: 1.1956, acc: 0.6909
Epoch 116/300
20:09:47 train - loss: 0.7432, acc: 0.7785
20:09:48 valid - loss: 1.4257, acc: 0.6643
Epoch 117/300
20:10:16 train - loss: 0.7454, acc: 0.7781
20:10:18 valid - loss: 1.2562, acc: 0.6747
Epoch 118/300
20:10:46 train - loss: 0.7288, acc: 0.7828
20:10:47 valid - loss: 1.2076, acc: 0.6876
Epoch 119/300
20:11:15 train - loss: 0.7391, acc: 0.7788
20:11:16 valid - loss: 1.1772, acc: 0.6971
Epoch 120/300
20:11:44 train - loss: 0.7327, acc: 0.7810
20:11:46 valid - loss: 1.1219, acc: 0.7048
Epoch 121/300
20:12:14 train - loss: 0.7177, acc: 0.7857
20:12:15 valid - loss: 1.2418, acc: 0.6965
Epoch 122/300
20:12:43 train - loss: 0.7174, acc: 0.7828
20:12:45 valid - loss: 1.1213, acc: 0.7040
Epoch 123/300
20:13:13 train - loss: 0.7068, acc: 0.7870
20:13:14 valid - loss: 1.3499, acc: 0.6732
Epoch 124/300
20:13:42 train - loss: 0.7074, acc: 0.7890
20:13:43 valid - loss: 1.1620, acc: 0.6928
Epoch 125/300
20:14:12 train - loss: 0.7092, acc: 0.7836
20:14:13 valid - loss: 1.2596, acc: 0.6866
Epoch 126/300
20:14:41 train - loss: 0.7001, acc: 0.7890
20:14:42 valid - loss: 1.2305, acc: 0.6883
Epoch 127/300
20:15:10 train - loss: 0.6859, acc: 0.7940
20:15:12 valid - loss: 1.2035, acc: 0.6900
Epoch 128/300
20:15:40 train - loss: 0.6828, acc: 0.7944
20:15:41 valid - loss: 1.1698, acc: 0.7080
Epoch 129/300
20:16:09 train - loss: 0.6801, acc: 0.7985
20:16:10 valid - loss: 1.2684, acc: 0.6941
Epoch 130/300
20:16:39 train - loss: 0.6812, acc: 0.7938
20:16:40 valid - loss: 1.3567, acc: 0.6711
Epoch 131/300
20:17:08 train - loss: 0.6756, acc: 0.7974
20:17:09 valid - loss: 1.3179, acc: 0.6698
Epoch 132/300
20:17:37 train - loss: 0.6679, acc: 0.8004
20:17:39 valid - loss: 1.2970, acc: 0.6887
Epoch 133/300
20:18:07 train - loss: 0.6656, acc: 0.8006
20:18:08 valid - loss: 1.1448, acc: 0.7158
Epoch 134/300
20:18:36 train - loss: 0.6601, acc: 0.8021
20:18:38 valid - loss: 1.2283, acc: 0.6998
Epoch 135/300
20:19:06 train - loss: 0.6504, acc: 0.8026
20:19:07 valid - loss: 1.1460, acc: 0.7128
Epoch 136/300
20:19:35 train - loss: 0.6483, acc: 0.8036
20:19:36 valid - loss: 1.4002, acc: 0.6705
Epoch 137/300
20:20:05 train - loss: 0.6465, acc: 0.8049
20:20:06 valid - loss: 1.2515, acc: 0.6929
Epoch 138/300
20:20:34 train - loss: 0.6431, acc: 0.8061
20:20:35 valid - loss: 1.1613, acc: 0.7133
Epoch 139/300
20:21:03 train - loss: 0.6396, acc: 0.8067
20:21:05 valid - loss: 1.1866, acc: 0.7055
Epoch 140/300
20:21:33 train - loss: 0.6196, acc: 0.8113
20:21:34 valid - loss: 1.3630, acc: 0.6772
Epoch 141/300
20:22:02 train - loss: 0.6166, acc: 0.8139
20:22:03 valid - loss: 1.2555, acc: 0.6962
Epoch 142/300
20:22:32 train - loss: 0.6130, acc: 0.8161
20:22:33 valid - loss: 1.2401, acc: 0.7029
Epoch 143/300
20:23:01 train - loss: 0.6166, acc: 0.8124
20:23:02 valid - loss: 1.1106, acc: 0.7202
Epoch 144/300
20:23:30 train - loss: 0.6059, acc: 0.8186
20:23:32 valid - loss: 1.2589, acc: 0.6930
Epoch 145/300
20:24:00 train - loss: 0.5935, acc: 0.8180
20:24:01 valid - loss: 1.4520, acc: 0.6748
Epoch 146/300
20:24:29 train - loss: 0.6023, acc: 0.8179
20:24:31 valid - loss: 1.1576, acc: 0.7141
Epoch 147/300
20:24:59 train - loss: 0.5872, acc: 0.8225
20:25:00 valid - loss: 1.2418, acc: 0.7044
Epoch 148/300
20:25:28 train - loss: 0.5803, acc: 0.8253
20:25:29 valid - loss: 1.1036, acc: 0.7216
Epoch 149/300
20:25:57 train - loss: 0.5744, acc: 0.8260
20:25:59 valid - loss: 1.2121, acc: 0.7106
Epoch 150/300
20:26:27 train - loss: 0.5671, acc: 0.8275
20:26:28 valid - loss: 1.1511, acc: 0.7169
Epoch 151/300
20:26:56 train - loss: 0.5685, acc: 0.8260
20:26:58 valid - loss: 1.1237, acc: 0.7190
Epoch 152/300
20:27:26 train - loss: 0.5645, acc: 0.8294
20:27:27 valid - loss: 1.3091, acc: 0.6990
Epoch 153/300
20:27:55 train - loss: 0.5558, acc: 0.8310
20:27:57 valid - loss: 1.2980, acc: 0.6966
Epoch 154/300
20:28:25 train - loss: 0.5478, acc: 0.8329
20:28:26 valid - loss: 1.1990, acc: 0.7102
Epoch 155/300
20:28:54 train - loss: 0.5337, acc: 0.8375
20:28:55 valid - loss: 1.1918, acc: 0.7104
Epoch 156/300
20:29:24 train - loss: 0.5322, acc: 0.8377
20:29:25 valid - loss: 1.2453, acc: 0.7003
Epoch 157/300
20:29:53 train - loss: 0.5352, acc: 0.8386
20:29:54 valid - loss: 1.1170, acc: 0.7217
Epoch 158/300
20:30:22 train - loss: 0.5245, acc: 0.8409
20:30:24 valid - loss: 1.1873, acc: 0.7153
Epoch 159/300
20:30:52 train - loss: 0.5188, acc: 0.8428
20:30:53 valid - loss: 1.1103, acc: 0.7258
Epoch 160/300
20:31:21 train - loss: 0.5222, acc: 0.8418
20:31:23 valid - loss: 1.2575, acc: 0.7074
Epoch 161/300
20:31:51 train - loss: 0.4985, acc: 0.8466
20:31:52 valid - loss: 1.2864, acc: 0.6946
Epoch 162/300
20:32:20 train - loss: 0.4921, acc: 0.8502
20:32:21 valid - loss: 1.1654, acc: 0.7216
Epoch 163/300
20:32:50 train - loss: 0.5020, acc: 0.8477
20:32:51 valid - loss: 1.1530, acc: 0.7143
Epoch 164/300
20:33:19 train - loss: 0.4793, acc: 0.8547
20:33:20 valid - loss: 1.2529, acc: 0.7205
Epoch 165/300
20:33:49 train - loss: 0.4965, acc: 0.8480
20:33:50 valid - loss: 1.2615, acc: 0.7180
Epoch 166/300
20:34:18 train - loss: 0.4785, acc: 0.8543
20:34:19 valid - loss: 1.2125, acc: 0.7155
Epoch 167/300
20:34:48 train - loss: 0.4669, acc: 0.8577
20:34:49 valid - loss: 1.0807, acc: 0.7259
Epoch 168/300
20:35:17 train - loss: 0.4673, acc: 0.8572
20:35:18 valid - loss: 1.1862, acc: 0.7287
Epoch 169/300
20:35:46 train - loss: 0.4539, acc: 0.8619
20:35:48 valid - loss: 1.1680, acc: 0.7256
Epoch 170/300
20:36:16 train - loss: 0.4563, acc: 0.8610
20:36:17 valid - loss: 1.2215, acc: 0.7242
Epoch 171/300
20:36:45 train - loss: 0.4498, acc: 0.8606
20:36:47 valid - loss: 1.2639, acc: 0.7104
Epoch 172/300
20:37:15 train - loss: 0.4325, acc: 0.8680
20:37:16 valid - loss: 1.2294, acc: 0.7105
Epoch 173/300
20:37:44 train - loss: 0.4433, acc: 0.8621
20:37:46 valid - loss: 1.2026, acc: 0.7245
Epoch 174/300
20:38:14 train - loss: 0.4298, acc: 0.8684
20:38:15 valid - loss: 1.1503, acc: 0.7313
Epoch 175/300
20:38:43 train - loss: 0.4032, acc: 0.8760
20:38:44 valid - loss: 1.2192, acc: 0.7183
Epoch 176/300
20:39:13 train - loss: 0.4153, acc: 0.8725
20:39:14 valid - loss: 1.2161, acc: 0.7230
Epoch 177/300
20:39:42 train - loss: 0.4026, acc: 0.8761
20:39:43 valid - loss: 1.1393, acc: 0.7304
Epoch 178/300
20:40:12 train - loss: 0.4103, acc: 0.8755
20:40:13 valid - loss: 1.2313, acc: 0.7187
Epoch 179/300
20:40:41 train - loss: 0.4074, acc: 0.8761
20:40:42 valid - loss: 1.1867, acc: 0.7253
Epoch 180/300
20:41:11 train - loss: 0.3886, acc: 0.8799
20:41:12 valid - loss: 1.2479, acc: 0.7185
Epoch 181/300
20:41:40 train - loss: 0.3859, acc: 0.8808
20:41:41 valid - loss: 1.1249, acc: 0.7409
Epoch 182/300
20:42:10 train - loss: 0.3892, acc: 0.8805
20:42:11 valid - loss: 1.1411, acc: 0.7317
Epoch 183/300
20:42:39 train - loss: 0.3811, acc: 0.8814
20:42:40 valid - loss: 1.0988, acc: 0.7432
Epoch 184/300
20:43:09 train - loss: 0.3624, acc: 0.8882
20:43:10 valid - loss: 1.1914, acc: 0.7284
Epoch 185/300
20:43:38 train - loss: 0.3682, acc: 0.8876
20:43:39 valid - loss: 1.1988, acc: 0.7227
Epoch 186/300
20:44:07 train - loss: 0.3583, acc: 0.8897
20:44:09 valid - loss: 1.1694, acc: 0.7317
Epoch 187/300
20:44:37 train - loss: 0.3495, acc: 0.8928
20:44:38 valid - loss: 1.1217, acc: 0.7435
Epoch 188/300
20:45:06 train - loss: 0.3475, acc: 0.8944
20:45:08 valid - loss: 1.1355, acc: 0.7390
Epoch 189/300
20:45:36 train - loss: 0.3415, acc: 0.8969
20:45:37 valid - loss: 1.1352, acc: 0.7385
Epoch 190/300
20:46:05 train - loss: 0.3249, acc: 0.9015
20:46:07 valid - loss: 1.1838, acc: 0.7352
Epoch 191/300
20:46:35 train - loss: 0.3441, acc: 0.8952
20:46:36 valid - loss: 1.1949, acc: 0.7244
Epoch 192/300
20:47:04 train - loss: 0.3145, acc: 0.9040
20:47:05 valid - loss: 1.2657, acc: 0.7242
Epoch 193/300
20:47:33 train - loss: 0.3203, acc: 0.9015
20:47:34 valid - loss: 1.0392, acc: 0.7547
Epoch 194/300
20:48:03 train - loss: 0.3077, acc: 0.9065
20:48:04 valid - loss: 1.1339, acc: 0.7437
Epoch 195/300
20:48:32 train - loss: 0.2996, acc: 0.9086
20:48:33 valid - loss: 1.1250, acc: 0.7307
Epoch 196/300
20:49:01 train - loss: 0.3019, acc: 0.9094
20:49:03 valid - loss: 1.2098, acc: 0.7420
Epoch 197/300
20:49:31 train - loss: 0.2875, acc: 0.9132
20:49:32 valid - loss: 1.2850, acc: 0.7162
Epoch 198/300
20:50:00 train - loss: 0.2817, acc: 0.9140
20:50:02 valid - loss: 1.0807, acc: 0.7539
Epoch 199/300
20:50:30 train - loss: 0.2858, acc: 0.9125
20:50:31 valid - loss: 1.1491, acc: 0.7440
Epoch 200/300
20:50:59 train - loss: 0.2698, acc: 0.9200
20:51:00 valid - loss: 1.0957, acc: 0.7455
Epoch 201/300
20:51:28 train - loss: 0.2574, acc: 0.9227
20:51:30 valid - loss: 1.1190, acc: 0.7468
Epoch 202/300
20:51:58 train - loss: 0.2448, acc: 0.9275
20:51:59 valid - loss: 1.1457, acc: 0.7400
Epoch 203/300
20:52:27 train - loss: 0.2569, acc: 0.9219
20:52:28 valid - loss: 1.0648, acc: 0.7603
Epoch 204/300
20:52:57 train - loss: 0.2246, acc: 0.9335
20:52:58 valid - loss: 1.1854, acc: 0.7374
Epoch 205/300
20:53:26 train - loss: 0.2548, acc: 0.9236
20:53:27 valid - loss: 1.1551, acc: 0.7512
Epoch 206/300
20:53:55 train - loss: 0.2430, acc: 0.9268
20:53:57 valid - loss: 1.2096, acc: 0.7427
Epoch 207/300
20:54:25 train - loss: 0.2416, acc: 0.9273
20:54:26 valid - loss: 1.1665, acc: 0.7438
Epoch 208/300
20:54:54 train - loss: 0.2398, acc: 0.9294
20:54:55 valid - loss: 1.0772, acc: 0.7611
Epoch 209/300
20:55:24 train - loss: 0.2184, acc: 0.9354
20:55:25 valid - loss: 1.1262, acc: 0.7592
Epoch 210/300
20:55:53 train - loss: 0.2178, acc: 0.9350
20:55:54 valid - loss: 1.1754, acc: 0.7448
Epoch 211/300
20:56:23 train - loss: 0.2147, acc: 0.9355
20:56:24 valid - loss: 1.1680, acc: 0.7472
Epoch 212/300
20:56:52 train - loss: 0.2116, acc: 0.9367
20:56:53 valid - loss: 1.1010, acc: 0.7576
Epoch 213/300
20:57:21 train - loss: 0.1961, acc: 0.9410
20:57:23 valid - loss: 1.0888, acc: 0.7622
Epoch 214/300
20:57:51 train - loss: 0.1837, acc: 0.9459
20:57:52 valid - loss: 1.1044, acc: 0.7589
Epoch 215/300
20:58:20 train - loss: 0.1962, acc: 0.9416
20:58:21 valid - loss: 1.0560, acc: 0.7643
Epoch 216/300
20:58:50 train - loss: 0.1836, acc: 0.9462
20:58:51 valid - loss: 1.0483, acc: 0.7691
Epoch 217/300
20:59:19 train - loss: 0.1747, acc: 0.9495
20:59:20 valid - loss: 1.1075, acc: 0.7559
Epoch 218/300
20:59:48 train - loss: 0.1814, acc: 0.9480
20:59:50 valid - loss: 1.0723, acc: 0.7644
Epoch 219/300
21:00:18 train - loss: 0.1686, acc: 0.9517
21:00:19 valid - loss: 1.0197, acc: 0.7740
Epoch 220/300
21:00:47 train - loss: 0.1609, acc: 0.9534
21:00:48 valid - loss: 0.9853, acc: 0.7760
Epoch 221/300
21:01:16 train - loss: 0.1613, acc: 0.9538
21:01:18 valid - loss: 1.1476, acc: 0.7557
Epoch 222/300
21:01:46 train - loss: 0.1604, acc: 0.9548
21:01:47 valid - loss: 1.0021, acc: 0.7758
Epoch 223/300
21:02:15 train - loss: 0.1503, acc: 0.9564
21:02:16 valid - loss: 1.1454, acc: 0.7594
Epoch 224/300
21:02:44 train - loss: 0.1415, acc: 0.9598
21:02:46 valid - loss: 1.0109, acc: 0.7813
Epoch 225/300
21:03:14 train - loss: 0.1386, acc: 0.9610
21:03:15 valid - loss: 1.0226, acc: 0.7765
Epoch 226/300
21:03:43 train - loss: 0.1369, acc: 0.9620
21:03:44 valid - loss: 1.0161, acc: 0.7814
Epoch 227/300
21:04:13 train - loss: 0.1435, acc: 0.9587
21:04:14 valid - loss: 1.0349, acc: 0.7786
Epoch 228/300
21:04:42 train - loss: 0.1297, acc: 0.9638
21:04:43 valid - loss: 1.0344, acc: 0.7723
Epoch 229/300
21:05:11 train - loss: 0.1235, acc: 0.9663
21:05:13 valid - loss: 0.9937, acc: 0.7797
Epoch 230/300
21:05:41 train - loss: 0.1189, acc: 0.9680
21:05:42 valid - loss: 0.9564, acc: 0.7839
Epoch 231/300
21:06:10 train - loss: 0.1192, acc: 0.9684
21:06:11 valid - loss: 0.9651, acc: 0.7796
Epoch 232/300
21:06:39 train - loss: 0.1124, acc: 0.9698
21:06:41 valid - loss: 0.9822, acc: 0.7840
Epoch 233/300
21:07:09 train - loss: 0.1051, acc: 0.9720
21:07:10 valid - loss: 0.9627, acc: 0.7862
Epoch 234/300
21:07:38 train - loss: 0.1046, acc: 0.9716
21:07:39 valid - loss: 0.9256, acc: 0.7882
Epoch 235/300
21:08:08 train - loss: 0.0957, acc: 0.9741
21:08:09 valid - loss: 0.9688, acc: 0.7904
Epoch 236/300
21:08:37 train - loss: 0.1019, acc: 0.9731
21:08:38 valid - loss: 0.9612, acc: 0.7861
Epoch 237/300
21:09:07 train - loss: 0.1070, acc: 0.9709
21:09:08 valid - loss: 0.9787, acc: 0.7822
Epoch 238/300
21:09:36 train - loss: 0.0871, acc: 0.9774
21:09:38 valid - loss: 0.9119, acc: 0.8006
Epoch 239/300
21:10:06 train - loss: 0.0845, acc: 0.9787
21:10:07 valid - loss: 0.9164, acc: 0.8007
Epoch 240/300
21:10:35 train - loss: 0.0788, acc: 0.9805
21:10:37 valid - loss: 0.9116, acc: 0.8012
Epoch 241/300
21:11:05 train - loss: 0.0758, acc: 0.9816
21:11:06 valid - loss: 0.9536, acc: 0.7863
Epoch 242/300
21:11:34 train - loss: 0.0777, acc: 0.9803
21:11:36 valid - loss: 0.8935, acc: 0.7972
Epoch 243/300
21:12:04 train - loss: 0.0704, acc: 0.9821
21:12:05 valid - loss: 0.8729, acc: 0.8006
Epoch 244/300
21:12:33 train - loss: 0.0694, acc: 0.9827
21:12:35 valid - loss: 0.8558, acc: 0.8019
Epoch 245/300
21:13:03 train - loss: 0.0630, acc: 0.9844
21:13:04 valid - loss: 0.8575, acc: 0.8077
Epoch 246/300
21:13:32 train - loss: 0.0645, acc: 0.9841
21:13:33 valid - loss: 0.8609, acc: 0.8046
Epoch 247/300
21:14:01 train - loss: 0.0602, acc: 0.9859
21:14:03 valid - loss: 0.8649, acc: 0.8077
Epoch 248/300
21:14:31 train - loss: 0.0586, acc: 0.9863
21:14:32 valid - loss: 0.8513, acc: 0.8079
Epoch 249/300
21:15:00 train - loss: 0.0533, acc: 0.9874
21:15:01 valid - loss: 0.8424, acc: 0.8083
Epoch 250/300
21:15:30 train - loss: 0.0530, acc: 0.9867
21:15:31 valid - loss: 0.8442, acc: 0.8054
Epoch 251/300
21:15:59 train - loss: 0.0508, acc: 0.9876
21:16:00 valid - loss: 0.8427, acc: 0.8042
Epoch 252/300
21:16:28 train - loss: 0.0487, acc: 0.9887
21:16:30 valid - loss: 0.8310, acc: 0.8095
Epoch 253/300
21:16:58 train - loss: 0.0486, acc: 0.9886
21:16:59 valid - loss: 0.8095, acc: 0.8146
Epoch 254/300
21:17:27 train - loss: 0.0484, acc: 0.9887
21:17:28 valid - loss: 0.8206, acc: 0.8147
Epoch 255/300
21:17:57 train - loss: 0.0447, acc: 0.9898
21:17:58 valid - loss: 0.8446, acc: 0.8111
Epoch 256/300
21:18:26 train - loss: 0.0399, acc: 0.9910
21:18:27 valid - loss: 0.7947, acc: 0.8168
Epoch 257/300
21:18:55 train - loss: 0.0393, acc: 0.9911
21:18:57 valid - loss: 0.7879, acc: 0.8142
Epoch 258/300
21:19:25 train - loss: 0.0377, acc: 0.9914
21:19:26 valid - loss: 0.7811, acc: 0.8160
Epoch 259/300
21:19:54 train - loss: 0.0375, acc: 0.9915
21:19:55 valid - loss: 0.7840, acc: 0.8171
Epoch 260/300
21:20:23 train - loss: 0.0365, acc: 0.9916
21:20:25 valid - loss: 0.7719, acc: 0.8219
Epoch 261/300
21:20:53 train - loss: 0.0325, acc: 0.9931
21:20:54 valid - loss: 0.7619, acc: 0.8200
Epoch 262/300
21:21:22 train - loss: 0.0324, acc: 0.9924
21:21:23 valid - loss: 0.7719, acc: 0.8196
Epoch 263/300
21:21:51 train - loss: 0.0337, acc: 0.9925
21:21:53 valid - loss: 0.7584, acc: 0.8220
Epoch 264/300
21:22:21 train - loss: 0.0303, acc: 0.9931
21:22:22 valid - loss: 0.7564, acc: 0.8227
Epoch 265/300
21:22:50 train - loss: 0.0315, acc: 0.9932
21:22:52 valid - loss: 0.7563, acc: 0.8240
Epoch 266/300
21:23:20 train - loss: 0.0273, acc: 0.9939
21:23:21 valid - loss: 0.7376, acc: 0.8273
Epoch 267/300
21:23:49 train - loss: 0.0261, acc: 0.9944
21:23:50 valid - loss: 0.7409, acc: 0.8253
Epoch 268/300
21:24:18 train - loss: 0.0270, acc: 0.9942
21:24:20 valid - loss: 0.7324, acc: 0.8258
Epoch 269/300
21:24:48 train - loss: 0.0257, acc: 0.9946
21:24:49 valid - loss: 0.7319, acc: 0.8276
Epoch 270/300
21:25:17 train - loss: 0.0249, acc: 0.9944
21:25:18 valid - loss: 0.7390, acc: 0.8258
Epoch 271/300
21:25:46 train - loss: 0.0247, acc: 0.9945
21:25:48 valid - loss: 0.7275, acc: 0.8242
Epoch 272/300
21:26:16 train - loss: 0.0230, acc: 0.9951
21:26:17 valid - loss: 0.7353, acc: 0.8234
Epoch 273/300
21:26:45 train - loss: 0.0229, acc: 0.9949
21:26:47 valid - loss: 0.7281, acc: 0.8289
Epoch 274/300
21:27:15 train - loss: 0.0212, acc: 0.9955
21:27:16 valid - loss: 0.7252, acc: 0.8254
Epoch 275/300
21:27:44 train - loss: 0.0221, acc: 0.9949
21:27:45 valid - loss: 0.7215, acc: 0.8286
Epoch 276/300
21:28:13 train - loss: 0.0204, acc: 0.9957
21:28:15 valid - loss: 0.7133, acc: 0.8284
Epoch 277/300
21:28:43 train - loss: 0.0193, acc: 0.9960
21:28:44 valid - loss: 0.7086, acc: 0.8282
Epoch 278/300
21:29:12 train - loss: 0.0205, acc: 0.9954
21:29:13 valid - loss: 0.6984, acc: 0.8308
Epoch 279/300
21:29:41 train - loss: 0.0190, acc: 0.9962
21:29:43 valid - loss: 0.6978, acc: 0.8323
Epoch 280/300
21:30:11 train - loss: 0.0183, acc: 0.9962
21:30:12 valid - loss: 0.6975, acc: 0.8298
Epoch 281/300
21:30:40 train - loss: 0.0171, acc: 0.9965
21:30:41 valid - loss: 0.6980, acc: 0.8306
Epoch 282/300
21:31:10 train - loss: 0.0170, acc: 0.9965
21:31:11 valid - loss: 0.6932, acc: 0.8322
Epoch 283/300
21:31:39 train - loss: 0.0175, acc: 0.9962
21:31:40 valid - loss: 0.6970, acc: 0.8310
Epoch 284/300
21:32:08 train - loss: 0.0177, acc: 0.9965
21:32:10 valid - loss: 0.6979, acc: 0.8313
Epoch 285/300
21:32:38 train - loss: 0.0161, acc: 0.9965
21:32:39 valid - loss: 0.6907, acc: 0.8302
Epoch 286/300
21:33:07 train - loss: 0.0172, acc: 0.9962
21:33:08 valid - loss: 0.6919, acc: 0.8315
Epoch 287/300
21:33:36 train - loss: 0.0166, acc: 0.9966
21:33:38 valid - loss: 0.6882, acc: 0.8325
Epoch 288/300
21:34:06 train - loss: 0.0155, acc: 0.9968
21:34:07 valid - loss: 0.6882, acc: 0.8338
Epoch 289/300
21:34:35 train - loss: 0.0169, acc: 0.9961
21:34:37 valid - loss: 0.6872, acc: 0.8320
Epoch 290/300
21:35:05 train - loss: 0.0165, acc: 0.9965
21:35:06 valid - loss: 0.6862, acc: 0.8320
Epoch 291/300
21:35:35 train - loss: 0.0143, acc: 0.9971
21:35:36 valid - loss: 0.6890, acc: 0.8319
Epoch 292/300
21:36:04 train - loss: 0.0160, acc: 0.9966
21:36:05 valid - loss: 0.6867, acc: 0.8332
Epoch 293/300
21:36:33 train - loss: 0.0161, acc: 0.9965
21:36:35 valid - loss: 0.6884, acc: 0.8341
Epoch 294/300
21:37:03 train - loss: 0.0153, acc: 0.9969
21:37:04 valid - loss: 0.6875, acc: 0.8323
Epoch 295/300
21:37:32 train - loss: 0.0145, acc: 0.9972
21:37:34 valid - loss: 0.6816, acc: 0.8345
Epoch 296/300
21:38:02 train - loss: 0.0153, acc: 0.9967
21:38:03 valid - loss: 0.6827, acc: 0.8334
Epoch 297/300
21:38:31 train - loss: 0.0147, acc: 0.9971
21:38:32 valid - loss: 0.6875, acc: 0.8330
Epoch 298/300
21:39:01 train - loss: 0.0153, acc: 0.9968
21:39:02 valid - loss: 0.6852, acc: 0.8332
Epoch 299/300
21:39:30 train - loss: 0.0150, acc: 0.9969
21:39:31 valid - loss: 0.6819, acc: 0.8321
Epoch 300/300
21:39:59 train - loss: 0.0151, acc: 0.9965
21:40:01 valid - loss: 0.6834, acc: 0.8352