16:43:36 Start training
Epoch 1/300
WARNING:tensorflow:From /usr/local/lib/python3.6/dist-packages/tensorflow/python/data/ops/multi_device_iterator_ops.py:601: get_next_as_optional (from tensorflow.python.data.ops.iterator_ops) is deprecated and will be removed in a future version.
Instructions for updating:
Use `tf.data.Iterator.get_next_as_optional()` instead.
WARNING:tensorflow:From /usr/local/lib/python3.6/dist-packages/tensorflow/python/data/ops/multi_device_iterator_ops.py:601: get_next_as_optional (from tensorflow.python.data.ops.iterator_ops) is deprecated and will be removed in a future version.
Instructions for updating:
Use `tf.data.Iterator.get_next_as_optional()` instead.
16:56:51 train - loss: 4.1467
16:58:47 valid - loss: 4.0572, acc: 0.0788
Epoch 2/300
16:59:24 train - loss: 3.6610
16:59:25 valid - loss: 3.6112, acc: 0.1470
Epoch 3/300
17:00:01 train - loss: 3.2190
17:00:03 valid - loss: 3.3900, acc: 0.1989
Epoch 4/300
17:00:39 train - loss: 2.7493
17:00:40 valid - loss: 3.0444, acc: 0.2438
Epoch 5/300
17:01:16 train - loss: 2.3109
17:01:18 valid - loss: 2.6688, acc: 0.3466
Epoch 6/300
17:01:54 train - loss: 2.0238
17:01:55 valid - loss: 2.2894, acc: 0.3976
Epoch 7/300
17:02:32 train - loss: 1.8119
17:02:33 valid - loss: 2.2346, acc: 0.4222
Epoch 8/300
17:03:09 train - loss: 1.6402
17:03:11 valid - loss: 2.2359, acc: 0.4303
Epoch 9/300
17:03:47 train - loss: 1.5352
17:03:48 valid - loss: 1.9166, acc: 0.4792
Epoch 10/300
17:04:25 train - loss: 1.4420
17:04:26 valid - loss: 1.8484, acc: 0.5014
Epoch 11/300
17:05:02 train - loss: 1.3627
17:05:04 valid - loss: 1.9820, acc: 0.4793
Epoch 12/300
17:05:40 train - loss: 1.3065
17:05:41 valid - loss: 1.9221, acc: 0.5115
Epoch 13/300
17:06:18 train - loss: 1.2693
17:06:19 valid - loss: 2.0263, acc: 0.4726
Epoch 14/300
17:06:55 train - loss: 1.2165
17:06:57 valid - loss: 1.8430, acc: 0.5188
Epoch 15/300
17:07:33 train - loss: 1.1923
17:07:34 valid - loss: 1.8503, acc: 0.5260
Epoch 16/300
17:08:10 train - loss: 1.1686
17:08:12 valid - loss: 1.8472, acc: 0.5322
Epoch 17/300
17:08:48 train - loss: 1.1361
17:08:49 valid - loss: 1.8898, acc: 0.5304
Epoch 18/300
17:09:26 train - loss: 1.1209
17:09:27 valid - loss: 1.7349, acc: 0.5417
Epoch 19/300
17:10:03 train - loss: 1.0908
17:10:05 valid - loss: 1.8566, acc: 0.5452
Epoch 20/300
17:10:41 train - loss: 1.0731
17:10:42 valid - loss: 1.6979, acc: 0.5506
Epoch 21/300
17:11:19 train - loss: 1.0514
17:11:20 valid - loss: 1.8126, acc: 0.5373
Epoch 22/300
17:11:56 train - loss: 1.0404
17:11:58 valid - loss: 1.6579, acc: 0.5680
Epoch 23/300
17:12:34 train - loss: 1.0412
17:12:35 valid - loss: 1.8736, acc: 0.5395
Epoch 24/300
17:13:12 train - loss: 1.0160
17:13:13 valid - loss: 1.5971, acc: 0.5790
Epoch 25/300
17:13:49 train - loss: 0.9993
17:13:51 valid - loss: 1.9386, acc: 0.5238
Epoch 26/300
17:14:27 train - loss: 1.0039
17:14:28 valid - loss: 2.2906, acc: 0.4848
Epoch 27/300
17:15:04 train - loss: 0.9846
17:15:06 valid - loss: 2.1092, acc: 0.5236
Epoch 28/300
17:15:42 train - loss: 0.9625
17:15:43 valid - loss: 1.7363, acc: 0.5566
Epoch 29/300
17:16:20 train - loss: 0.9648
17:16:21 valid - loss: 2.0389, acc: 0.5159
Epoch 30/300
17:16:57 train - loss: 0.9541
17:16:59 valid - loss: 1.8062, acc: 0.5647
Epoch 31/300
17:17:35 train - loss: 0.9522
17:17:36 valid - loss: 1.9265, acc: 0.5422
Epoch 32/300
17:18:13 train - loss: 0.9462
17:18:14 valid - loss: 1.6520, acc: 0.5521
Epoch 33/300
17:18:50 train - loss: 0.9392
17:18:52 valid - loss: 1.5913, acc: 0.5919
Epoch 34/300
17:19:28 train - loss: 0.9363
17:19:29 valid - loss: 1.9920, acc: 0.5423
Epoch 35/300
17:20:06 train - loss: 0.9321
17:20:07 valid - loss: 2.3077, acc: 0.5076
Epoch 36/300
17:20:43 train - loss: 0.9287
17:20:45 valid - loss: 1.9793, acc: 0.5325
Epoch 37/300
17:21:21 train - loss: 0.9217
17:21:22 valid - loss: 1.9798, acc: 0.5489
Epoch 38/300
17:21:58 train - loss: 0.9195
17:22:00 valid - loss: 1.6014, acc: 0.5831
Epoch 39/300
17:22:36 train - loss: 0.9140
17:22:37 valid - loss: 1.9411, acc: 0.5328
Epoch 40/300
17:23:14 train - loss: 0.9071
17:23:15 valid - loss: 1.6648, acc: 0.5688
Epoch 41/300
17:23:51 train - loss: 0.9098
17:23:53 valid - loss: 1.7857, acc: 0.5558
Epoch 42/300
17:24:29 train - loss: 0.9085
17:24:30 valid - loss: 1.8452, acc: 0.5719
Epoch 43/300
17:25:07 train - loss: 0.9124
17:25:08 valid - loss: 1.9712, acc: 0.5403
Epoch 44/300
17:25:44 train - loss: 0.8978
17:25:46 valid - loss: 1.7795, acc: 0.5541
Epoch 45/300
17:26:22 train - loss: 0.8934
17:26:23 valid - loss: 1.7546, acc: 0.5630
Epoch 46/300
17:26:59 train - loss: 0.8961
17:27:01 valid - loss: 1.8793, acc: 0.5508
Epoch 47/300
17:27:37 train - loss: 0.9007
17:27:38 valid - loss: 1.6639, acc: 0.5766
Epoch 48/300
17:28:15 train - loss: 0.8998
17:28:16 valid - loss: 1.5423, acc: 0.5894
Epoch 49/300
17:28:52 train - loss: 0.8816
17:28:54 valid - loss: 2.0267, acc: 0.5181
Epoch 50/300
17:29:30 train - loss: 0.8859
17:29:31 valid - loss: 2.0659, acc: 0.5217
Epoch 51/300
17:30:08 train - loss: 0.8849
17:30:09 valid - loss: 2.3229, acc: 0.4885
Epoch 52/300
17:30:45 train - loss: 0.9043
17:30:47 valid - loss: 1.6843, acc: 0.5822
Epoch 53/300
17:31:23 train - loss: 0.8797
17:31:24 valid - loss: 1.6623, acc: 0.5660
Epoch 54/300
17:32:01 train - loss: 0.8725
17:32:02 valid - loss: 1.9792, acc: 0.5446
Epoch 55/300
17:32:38 train - loss: 0.8718
17:32:40 valid - loss: 2.4760, acc: 0.4773
Epoch 56/300
17:33:16 train - loss: 0.8836
17:33:17 valid - loss: 2.1453, acc: 0.5075
Epoch 57/300
17:33:53 train - loss: 0.8908
17:33:55 valid - loss: 1.6283, acc: 0.5851
Epoch 58/300
17:34:31 train - loss: 0.8739
17:34:33 valid - loss: 1.8973, acc: 0.5328
Epoch 59/300
17:35:09 train - loss: 0.8690
17:35:10 valid - loss: 1.7915, acc: 0.5863
Epoch 60/300
17:35:46 train - loss: 0.8607
17:35:48 valid - loss: 2.0515, acc: 0.5336
Epoch 61/300
17:36:24 train - loss: 0.8654
17:36:25 valid - loss: 2.2086, acc: 0.5125
Epoch 62/300
17:37:02 train - loss: 0.8804
17:37:03 valid - loss: 1.9629, acc: 0.5254
Epoch 63/300
17:37:39 train - loss: 0.8599
17:37:41 valid - loss: 1.8500, acc: 0.5650
Epoch 64/300
17:38:17 train - loss: 0.8650
17:38:18 valid - loss: 1.8478, acc: 0.5443
Epoch 65/300
17:38:55 train - loss: 0.8579
17:38:56 valid - loss: 2.0436, acc: 0.5360
Epoch 66/300
17:39:32 train - loss: 0.8676
17:39:34 valid - loss: 1.6145, acc: 0.5958
Epoch 67/300
17:40:10 train - loss: 0.8626
17:40:11 valid - loss: 1.6377, acc: 0.5877
Epoch 68/300
17:40:48 train - loss: 0.8567
17:40:49 valid - loss: 1.9541, acc: 0.5311
Epoch 69/300
17:41:25 train - loss: 0.8551
17:41:27 valid - loss: 2.2105, acc: 0.5009
Epoch 70/300
17:42:03 train - loss: 0.8601
17:42:04 valid - loss: 2.0687, acc: 0.5022
Epoch 71/300
17:42:40 train - loss: 0.8537
17:42:42 valid - loss: 1.8023, acc: 0.5560
Epoch 72/300
17:43:18 train - loss: 0.8643
17:43:19 valid - loss: 1.8694, acc: 0.5557
Epoch 73/300
17:43:56 train - loss: 0.8630
17:43:57 valid - loss: 1.7292, acc: 0.5531
Epoch 74/300
17:44:33 train - loss: 0.8720
17:44:35 valid - loss: 1.6447, acc: 0.5747
Epoch 75/300
17:45:11 train - loss: 0.8684
17:45:12 valid - loss: 2.4333, acc: 0.4884
Epoch 76/300
17:45:49 train - loss: 0.8501
17:45:50 valid - loss: 1.9540, acc: 0.5299
Epoch 77/300
17:46:26 train - loss: 0.8676
17:46:28 valid - loss: 1.9645, acc: 0.5477
Epoch 78/300
17:47:04 train - loss: 0.8686
17:47:05 valid - loss: 2.8355, acc: 0.4225
Epoch 79/300
17:47:41 train - loss: 0.8556
17:47:43 valid - loss: 1.7352, acc: 0.5591
Epoch 80/300
17:48:19 train - loss: 0.8589
17:48:20 valid - loss: 2.1672, acc: 0.5064
Epoch 81/300
17:48:57 train - loss: 0.8510
17:48:58 valid - loss: 2.1356, acc: 0.5113
Epoch 82/300
17:49:34 train - loss: 0.8669
17:49:36 valid - loss: 1.8589, acc: 0.5388
Epoch 83/300
17:50:12 train - loss: 0.8446
17:50:13 valid - loss: 1.7222, acc: 0.5745
Epoch 84/300
17:50:50 train - loss: 0.8593
17:50:51 valid - loss: 1.6879, acc: 0.5761
Epoch 85/300
17:51:27 train - loss: 0.8635
17:51:29 valid - loss: 1.6485, acc: 0.5802
Epoch 86/300
17:52:05 train - loss: 0.8631
17:52:06 valid - loss: 2.3326, acc: 0.4553
Epoch 87/300
17:52:43 train - loss: 0.8614
17:52:44 valid - loss: 1.6332, acc: 0.5874
Epoch 88/300
17:53:20 train - loss: 0.8536
17:53:22 valid - loss: 1.9103, acc: 0.5664
Epoch 89/300
17:53:58 train - loss: 0.8486
17:53:59 valid - loss: 7.5409, acc: 0.1622
Epoch 90/300
17:54:35 train - loss: 0.8746
17:54:37 valid - loss: 1.6541, acc: 0.5923
Epoch 91/300
17:55:13 train - loss: 0.8595
17:55:14 valid - loss: 1.7704, acc: 0.5808
Epoch 92/300
17:55:51 train - loss: 0.8637
17:55:52 valid - loss: 1.7107, acc: 0.5737
Epoch 93/300
17:56:28 train - loss: 0.8603
17:56:30 valid - loss: 1.7158, acc: 0.5562
Epoch 94/300
17:57:06 train - loss: 0.8619
17:57:07 valid - loss: 1.8171, acc: 0.5645
Epoch 95/300
17:57:44 train - loss: 0.8571
17:57:45 valid - loss: 2.2620, acc: 0.4947
Epoch 96/300
17:58:21 train - loss: 0.8544
17:58:23 valid - loss: 2.2956, acc: 0.5108
Epoch 97/300
17:58:59 train - loss: 0.8627
17:59:00 valid - loss: 1.8458, acc: 0.5576
Epoch 98/300
17:59:36 train - loss: 0.8481
17:59:38 valid - loss: 1.9827, acc: 0.5456
Epoch 99/300
18:00:14 train - loss: 0.8636
18:00:15 valid - loss: 1.7575, acc: 0.5738
Epoch 100/300
18:00:52 train - loss: 0.8539
18:00:53 valid - loss: 1.7377, acc: 0.5691
Epoch 101/300
18:01:29 train - loss: 0.8498
18:01:31 valid - loss: 2.1875, acc: 0.5137
Epoch 102/300
18:02:07 train - loss: 0.8632
18:02:08 valid - loss: 1.7053, acc: 0.5618
Epoch 103/300
18:02:45 train - loss: 0.8434
18:02:46 valid - loss: 1.9068, acc: 0.5399
Epoch 104/300
18:03:22 train - loss: 0.8467
18:03:24 valid - loss: 1.7800, acc: 0.5631
Epoch 105/300
18:04:00 train - loss: 0.8629
18:04:01 valid - loss: 2.8991, acc: 0.4332
Epoch 106/300
18:04:38 train - loss: 0.8506
18:04:39 valid - loss: 1.9885, acc: 0.5538
Epoch 107/300
18:05:15 train - loss: 0.8513
18:05:17 valid - loss: 2.1045, acc: 0.5057
Epoch 108/300
18:05:53 train - loss: 0.8540
18:05:54 valid - loss: 1.6929, acc: 0.5655
Epoch 109/300
18:06:30 train - loss: 0.8540
18:06:32 valid - loss: 1.6693, acc: 0.5820
Epoch 110/300
18:07:08 train - loss: 0.8576
18:07:09 valid - loss: 1.9584, acc: 0.5612
Epoch 111/300
18:07:46 train - loss: 0.8527
18:07:47 valid - loss: 1.6881, acc: 0.5711
Epoch 112/300
18:08:23 train - loss: 0.8448
18:08:25 valid - loss: 1.8821, acc: 0.5507
Epoch 113/300
18:09:01 train - loss: 0.8578
18:09:02 valid - loss: 2.0224, acc: 0.5363
Epoch 114/300
18:09:39 train - loss: 0.8514
18:09:40 valid - loss: 1.5626, acc: 0.6021
Epoch 115/300
18:10:16 train - loss: 0.8561
18:10:18 valid - loss: 1.6021, acc: 0.5847
Epoch 116/300
18:10:54 train - loss: 0.8648
18:10:55 valid - loss: 2.8415, acc: 0.4641
Epoch 117/300
18:11:31 train - loss: 0.8609
18:11:33 valid - loss: 1.8845, acc: 0.5466
Epoch 118/300
18:12:09 train - loss: 0.8386
18:12:10 valid - loss: 2.1142, acc: 0.5079
Epoch 119/300
18:12:47 train - loss: 0.8668
18:12:48 valid - loss: 2.2566, acc: 0.4981
Epoch 120/300
18:13:24 train - loss: 0.8499
18:13:26 valid - loss: 1.7423, acc: 0.5576
Epoch 121/300
18:14:02 train - loss: 0.8599
18:14:03 valid - loss: 1.8992, acc: 0.5436
Epoch 122/300
18:14:40 train - loss: 0.8546
18:14:41 valid - loss: 2.1041, acc: 0.5361
Epoch 123/300
18:15:17 train - loss: 0.8657
18:15:19 valid - loss: 1.8983, acc: 0.5492
Epoch 124/300
18:15:55 train - loss: 0.8656
18:15:56 valid - loss: 1.8525, acc: 0.5640
Epoch 125/300
18:16:33 train - loss: 0.8635
18:16:34 valid - loss: 1.8711, acc: 0.5516
Epoch 126/300
18:17:10 train - loss: 0.8560
18:17:12 valid - loss: 2.0050, acc: 0.5175
Epoch 127/300
18:17:48 train - loss: 0.8585
18:17:49 valid - loss: 1.7880, acc: 0.5663
Epoch 128/300
18:18:25 train - loss: 0.8775
18:18:27 valid - loss: 1.9690, acc: 0.5477
Epoch 129/300
18:19:03 train - loss: 0.8559
18:19:04 valid - loss: 2.1961, acc: 0.5065
Epoch 130/300
18:19:41 train - loss: 0.8481
18:19:42 valid - loss: 2.4244, acc: 0.4767
Epoch 131/300
18:20:18 train - loss: 0.8639
18:20:20 valid - loss: 1.7486, acc: 0.5719
Epoch 132/300
18:20:56 train - loss: 0.8593
18:20:57 valid - loss: 2.0647, acc: 0.5201
Epoch 133/300
18:21:34 train - loss: 0.8612
18:21:35 valid - loss: 1.7694, acc: 0.5440
Epoch 134/300
18:22:11 train - loss: 0.8623
18:22:13 valid - loss: 2.2512, acc: 0.4888
Epoch 135/300
18:22:49 train - loss: 0.8635
18:22:50 valid - loss: 1.7268, acc: 0.5793
Epoch 136/300
18:23:26 train - loss: 0.8503
18:23:28 valid - loss: 1.6295, acc: 0.5780
Epoch 137/300
18:24:04 train - loss: 0.8704
18:24:05 valid - loss: 1.8851, acc: 0.5305
Epoch 138/300
18:24:42 train - loss: 0.8571
18:24:43 valid - loss: 1.6807, acc: 0.5737
Epoch 139/300
18:25:19 train - loss: 0.8695
18:25:21 valid - loss: 1.8689, acc: 0.5541
Epoch 140/300
18:25:57 train - loss: 0.8637
18:25:58 valid - loss: 2.5263, acc: 0.4717
Epoch 141/300
18:26:35 train - loss: 0.8634
18:26:36 valid - loss: 2.5164, acc: 0.4847
Epoch 142/300
18:27:12 train - loss: 0.8605
18:27:14 valid - loss: 1.7920, acc: 0.5692
Epoch 143/300
18:27:50 train - loss: 0.8608
18:27:51 valid - loss: 1.6775, acc: 0.5737
Epoch 144/300
18:28:28 train - loss: 0.8600
18:28:29 valid - loss: 2.1242, acc: 0.4918
Epoch 145/300
18:29:05 train - loss: 0.8551
18:29:07 valid - loss: 1.9206, acc: 0.5296
Epoch 146/300
18:29:43 train - loss: 0.8608
18:29:44 valid - loss: 2.2186, acc: 0.5003
Epoch 147/300
18:30:20 train - loss: 0.8640
18:30:22 valid - loss: 2.0747, acc: 0.5051
Epoch 148/300
18:30:58 train - loss: 0.8681
18:30:59 valid - loss: 1.7265, acc: 0.5670
Epoch 149/300
18:31:36 train - loss: 0.8597
18:31:37 valid - loss: 1.7236, acc: 0.5747
Epoch 150/300
18:32:13 train - loss: 0.8614
18:32:15 valid - loss: 1.5543, acc: 0.6057
Epoch 151/300
18:32:51 train - loss: 0.8659
18:32:52 valid - loss: 2.7041, acc: 0.4314
Epoch 152/300
18:33:29 train - loss: 0.8731
18:33:30 valid - loss: 2.2038, acc: 0.5200
Epoch 153/300
18:34:06 train - loss: 0.8709
18:34:08 valid - loss: 2.3991, acc: 0.4879
Epoch 154/300
18:34:44 train - loss: 0.8661
18:34:45 valid - loss: 1.6504, acc: 0.5916
Epoch 155/300
18:35:21 train - loss: 0.8708
18:35:23 valid - loss: 1.6868, acc: 0.5697
Epoch 156/300
18:35:59 train - loss: 0.8567
18:36:00 valid - loss: 1.9722, acc: 0.5366
Epoch 157/300
18:36:37 train - loss: 0.8786
18:36:38 valid - loss: 2.1303, acc: 0.5235
Epoch 158/300
18:37:14 train - loss: 0.8606
18:37:16 valid - loss: 1.6991, acc: 0.5583
Epoch 159/300
18:37:52 train - loss: 0.8638
18:37:53 valid - loss: 2.4774, acc: 0.4807
Epoch 160/300
18:38:30 train - loss: 0.8655
18:38:31 valid - loss: 2.1106, acc: 0.5150
Epoch 161/300
18:39:07 train - loss: 0.4866
18:39:09 valid - loss: 0.7398, acc: 0.7855
Epoch 162/300
18:39:45 train - loss: 0.3266
18:39:46 valid - loss: 0.7248, acc: 0.7932
Epoch 163/300
18:40:23 train - loss: 0.2666
18:40:24 valid - loss: 0.7227, acc: 0.8004
Epoch 164/300
18:41:00 train - loss: 0.2259
18:41:02 valid - loss: 0.7489, acc: 0.7955
Epoch 165/300
18:41:38 train - loss: 0.1961
18:41:39 valid - loss: 0.7466, acc: 0.8033
Epoch 166/300
18:42:15 train - loss: 0.1667
18:42:17 valid - loss: 0.7662, acc: 0.7973
Epoch 167/300
18:42:53 train - loss: 0.1454
18:42:54 valid - loss: 0.7621, acc: 0.7969
Epoch 168/300
18:43:31 train - loss: 0.1277
18:43:32 valid - loss: 0.7954, acc: 0.7978
Epoch 169/300
18:44:08 train - loss: 0.1110
18:44:10 valid - loss: 0.8168, acc: 0.7972
Epoch 170/300
18:44:46 train - loss: 0.1002
18:44:47 valid - loss: 0.8171, acc: 0.7942
Epoch 171/300
18:45:24 train - loss: 0.0887
18:45:25 valid - loss: 0.8251, acc: 0.7928
Epoch 172/300
18:46:01 train - loss: 0.0815
18:46:03 valid - loss: 0.8410, acc: 0.7931
Epoch 173/300
18:46:39 train - loss: 0.0760
18:46:40 valid - loss: 0.8409, acc: 0.7960
Epoch 174/300
18:47:17 train - loss: 0.0666
18:47:18 valid - loss: 0.8709, acc: 0.7935
Epoch 175/300
18:47:54 train - loss: 0.0599
18:47:55 valid - loss: 0.8731, acc: 0.7931
Epoch 176/300
18:48:32 train - loss: 0.0592
18:48:33 valid - loss: 0.8912, acc: 0.7885
Epoch 177/300
18:49:09 train - loss: 0.0570
18:49:11 valid - loss: 0.9055, acc: 0.7878
Epoch 178/300
18:49:47 train - loss: 0.0545
18:49:48 valid - loss: 0.9068, acc: 0.7921
Epoch 179/300
18:50:25 train - loss: 0.0503
18:50:26 valid - loss: 0.8954, acc: 0.7876
Epoch 180/300
18:51:02 train - loss: 0.0479
18:51:04 valid - loss: 0.8946, acc: 0.7893
Epoch 181/300
18:51:40 train - loss: 0.0494
18:51:41 valid - loss: 0.9123, acc: 0.7870
Epoch 182/300
18:52:18 train - loss: 0.0473
18:52:19 valid - loss: 0.8854, acc: 0.7917
Epoch 183/300
18:52:55 train - loss: 0.0497
18:52:57 valid - loss: 0.9583, acc: 0.7848
Epoch 184/300
18:53:33 train - loss: 0.0483
18:53:34 valid - loss: 0.9228, acc: 0.7880
Epoch 185/300
18:54:11 train - loss: 0.0513
18:54:12 valid - loss: 0.9272, acc: 0.7884
Epoch 186/300
18:54:48 train - loss: 0.0493
18:54:50 valid - loss: 0.9778, acc: 0.7820
Epoch 187/300
18:55:26 train - loss: 0.0555
18:55:27 valid - loss: 0.9802, acc: 0.7747
Epoch 188/300
18:56:03 train - loss: 0.0561
18:56:05 valid - loss: 0.9800, acc: 0.7795
Epoch 189/300
18:56:41 train - loss: 0.0558
18:56:42 valid - loss: 0.9688, acc: 0.7829
Epoch 190/300
18:57:19 train - loss: 0.0608
18:57:20 valid - loss: 0.9643, acc: 0.7739
Epoch 191/300
18:57:56 train - loss: 0.0649
18:57:58 valid - loss: 1.0415, acc: 0.7717
Epoch 192/300
18:58:34 train - loss: 0.0687
18:58:35 valid - loss: 0.9910, acc: 0.7743
Epoch 193/300
18:59:12 train - loss: 0.0647
18:59:13 valid - loss: 0.9883, acc: 0.7749
Epoch 194/300
18:59:49 train - loss: 0.0648
18:59:51 valid - loss: 1.1188, acc: 0.7591
Epoch 195/300
19:00:27 train - loss: 0.0668
19:00:28 valid - loss: 1.0784, acc: 0.7598
Epoch 196/300
19:01:04 train - loss: 0.0755
19:01:06 valid - loss: 1.0994, acc: 0.7503
Epoch 197/300
19:01:42 train - loss: 0.0856
19:01:43 valid - loss: 1.1388, acc: 0.7541
Epoch 198/300
19:02:20 train - loss: 0.0819
19:02:21 valid - loss: 1.1987, acc: 0.7450
Epoch 199/300
19:02:57 train - loss: 0.0824
19:02:59 valid - loss: 1.0089, acc: 0.7718
Epoch 200/300
19:03:35 train - loss: 0.0839
19:03:36 valid - loss: 1.0613, acc: 0.7591
Epoch 201/300
19:04:13 train - loss: 0.0886
19:04:14 valid - loss: 1.1290, acc: 0.7501
Epoch 202/300
19:04:50 train - loss: 0.0845
19:04:52 valid - loss: 1.1549, acc: 0.7542
Epoch 203/300
19:05:28 train - loss: 0.0863
19:05:29 valid - loss: 1.1600, acc: 0.7499
Epoch 204/300
19:06:06 train - loss: 0.0885
19:06:07 valid - loss: 1.2348, acc: 0.7387
Epoch 205/300
19:06:43 train - loss: 0.0939
19:06:45 valid - loss: 1.1118, acc: 0.7517
Epoch 206/300
19:07:21 train - loss: 0.0901
19:07:22 valid - loss: 1.0931, acc: 0.7533
Epoch 207/300
19:07:58 train - loss: 0.0939
19:08:00 valid - loss: 1.1799, acc: 0.7370
Epoch 208/300
19:08:36 train - loss: 0.1048
19:08:37 valid - loss: 1.2815, acc: 0.7217
Epoch 209/300
19:09:14 train - loss: 0.0967
19:09:15 valid - loss: 1.1414, acc: 0.7491
Epoch 210/300
19:09:51 train - loss: 0.0931
19:09:53 valid - loss: 1.2123, acc: 0.7438
Epoch 211/300
19:10:29 train - loss: 0.0976
19:10:30 valid - loss: 1.1055, acc: 0.7569
Epoch 212/300
19:11:07 train - loss: 0.0870
19:11:08 valid - loss: 1.2450, acc: 0.7281
Epoch 213/300
19:11:44 train - loss: 0.0913
19:11:46 valid - loss: 1.0647, acc: 0.7544
Epoch 214/300
19:12:22 train - loss: 0.0871
19:12:23 valid - loss: 1.2080, acc: 0.7368
Epoch 215/300
19:13:00 train - loss: 0.0988
19:13:01 valid - loss: 1.3394, acc: 0.7178
Epoch 216/300
19:13:37 train - loss: 0.0983
19:13:38 valid - loss: 1.2645, acc: 0.7291
Epoch 217/300
19:14:15 train - loss: 0.0977
19:14:16 valid - loss: 1.1796, acc: 0.7420
Epoch 218/300
19:14:52 train - loss: 0.0845
19:14:54 valid - loss: 1.1293, acc: 0.7524
Epoch 219/300
19:15:30 train - loss: 0.0744
19:15:31 valid - loss: 1.1746, acc: 0.7515
Epoch 220/300
19:16:08 train - loss: 0.0874
19:16:09 valid - loss: 1.2028, acc: 0.7389
Epoch 221/300
19:16:45 train - loss: 0.0951
19:16:47 valid - loss: 1.1829, acc: 0.7401
Epoch 222/300
19:17:23 train - loss: 0.0892
19:17:24 valid - loss: 1.1741, acc: 0.7411
Epoch 223/300
19:18:01 train - loss: 0.0880
19:18:02 valid - loss: 1.1583, acc: 0.7487
Epoch 224/300
19:18:38 train - loss: 0.0840
19:18:40 valid - loss: 1.2238, acc: 0.7292
Epoch 225/300
19:19:16 train - loss: 0.0877
19:19:17 valid - loss: 1.1311, acc: 0.7485
Epoch 226/300
19:19:53 train - loss: 0.0858
19:19:55 valid - loss: 1.1195, acc: 0.7529
Epoch 227/300
19:20:31 train - loss: 0.0964
19:20:32 valid - loss: 1.1544, acc: 0.7362
Epoch 228/300
19:21:09 train - loss: 0.1013
19:21:10 valid - loss: 1.1469, acc: 0.7491
Epoch 229/300
19:21:46 train - loss: 0.1074
19:21:48 valid - loss: 1.1860, acc: 0.7434
Epoch 230/300
19:22:24 train - loss: 0.0906
19:22:25 valid - loss: 1.3170, acc: 0.7263
Epoch 231/300
19:23:02 train - loss: 0.0942
19:23:03 valid - loss: 1.2213, acc: 0.7376
Epoch 232/300
19:23:39 train - loss: 0.0941
19:23:41 valid - loss: 1.2048, acc: 0.7372
Epoch 233/300
19:24:17 train - loss: 0.0955
19:24:18 valid - loss: 1.1534, acc: 0.7417
Epoch 234/300
19:24:55 train - loss: 0.0930
19:24:56 valid - loss: 1.3451, acc: 0.7243
Epoch 235/300
19:25:32 train - loss: 0.0836
19:25:34 valid - loss: 1.1818, acc: 0.7436
Epoch 236/300
19:26:10 train - loss: 0.0381
19:26:11 valid - loss: 0.8422, acc: 0.8053
Epoch 237/300
19:26:47 train - loss: 0.0183
19:26:49 valid - loss: 0.8310, acc: 0.8079
Epoch 238/300
19:27:25 train - loss: 0.0146
19:27:26 valid - loss: 0.8245, acc: 0.8117
Epoch 239/300
19:28:03 train - loss: 0.0125
19:28:04 valid - loss: 0.8209, acc: 0.8131
Epoch 240/300
19:28:40 train - loss: 0.0106
19:28:42 valid - loss: 0.8183, acc: 0.8122
Epoch 241/300
19:29:18 train - loss: 0.0098
19:29:19 valid - loss: 0.8183, acc: 0.8140
Epoch 242/300
19:29:56 train - loss: 0.0093
19:29:57 valid - loss: 0.8147, acc: 0.8145
Epoch 243/300
19:30:33 train - loss: 0.0086
19:30:35 valid - loss: 0.8149, acc: 0.8140
Epoch 244/300
19:31:11 train - loss: 0.0086
19:31:12 valid - loss: 0.8134, acc: 0.8134
Epoch 245/300
19:31:48 train - loss: 0.0079
19:31:50 valid - loss: 0.8129, acc: 0.8144
Epoch 246/300
19:32:26 train - loss: 0.0075
19:32:27 valid - loss: 0.8137, acc: 0.8154
Epoch 247/300
19:33:04 train - loss: 0.0072
19:33:05 valid - loss: 0.8147, acc: 0.8154
Epoch 248/300
19:33:41 train - loss: 0.0072
19:33:43 valid - loss: 0.8147, acc: 0.8144
Epoch 249/300
19:34:19 train - loss: 0.0065
19:34:20 valid - loss: 0.8112, acc: 0.8161
Epoch 250/300
19:34:57 train - loss: 0.0067
19:34:58 valid - loss: 0.8101, acc: 0.8181
Epoch 251/300
19:35:34 train - loss: 0.0062
19:35:36 valid - loss: 0.8068, acc: 0.8165
Epoch 252/300
19:36:12 train - loss: 0.0062
19:36:13 valid - loss: 0.8047, acc: 0.8178
Epoch 253/300
19:36:50 train - loss: 0.0060
19:36:51 valid - loss: 0.8081, acc: 0.8160
Epoch 254/300
19:37:27 train - loss: 0.0058
19:37:29 valid - loss: 0.8061, acc: 0.8173
Epoch 255/300
19:38:05 train - loss: 0.0058
19:38:06 valid - loss: 0.8035, acc: 0.8175
Epoch 256/300
19:38:42 train - loss: 0.0055
19:38:44 valid - loss: 0.8040, acc: 0.8172
Epoch 257/300
19:39:20 train - loss: 0.0054
19:39:21 valid - loss: 0.8023, acc: 0.8170
Epoch 258/300
19:39:58 train - loss: 0.0053
19:39:59 valid - loss: 0.8018, acc: 0.8186
Epoch 259/300
19:40:35 train - loss: 0.0053
19:40:37 valid - loss: 0.8015, acc: 0.8189
Epoch 260/300
19:41:13 train - loss: 0.0052
19:41:14 valid - loss: 0.8005, acc: 0.8189
Epoch 261/300
19:41:51 train - loss: 0.0052
19:41:52 valid - loss: 0.8019, acc: 0.8179
Epoch 262/300
19:42:28 train - loss: 0.0052
19:42:30 valid - loss: 0.8021, acc: 0.8197
Epoch 263/300
19:43:06 train - loss: 0.0052
19:43:07 valid - loss: 0.8008, acc: 0.8192
Epoch 264/300
19:43:43 train - loss: 0.0050
19:43:45 valid - loss: 0.7970, acc: 0.8206
Epoch 265/300
19:44:21 train - loss: 0.0049
19:44:22 valid - loss: 0.7963, acc: 0.8181
Epoch 266/300
19:44:59 train - loss: 0.0049
19:45:00 valid - loss: 0.7968, acc: 0.8202
Epoch 267/300
19:45:36 train - loss: 0.0047
19:45:38 valid - loss: 0.7961, acc: 0.8194
Epoch 268/300
19:46:14 train - loss: 0.0049
19:46:15 valid - loss: 0.7958, acc: 0.8203
Epoch 269/300
19:46:52 train - loss: 0.0048
19:46:53 valid - loss: 0.7953, acc: 0.8192
Epoch 270/300
19:47:29 train - loss: 0.0049
19:47:31 valid - loss: 0.7930, acc: 0.8191
Epoch 271/300
19:48:07 train - loss: 0.0048
19:48:08 valid - loss: 0.7917, acc: 0.8194
Epoch 272/300
19:48:44 train - loss: 0.0047
19:48:46 valid - loss: 0.7955, acc: 0.8190
Epoch 273/300
19:49:22 train - loss: 0.0045
19:49:23 valid - loss: 0.7941, acc: 0.8207
Epoch 274/300
19:50:00 train - loss: 0.0046
19:50:01 valid - loss: 0.7934, acc: 0.8204
Epoch 275/300
19:50:37 train - loss: 0.0046
19:50:39 valid - loss: 0.7942, acc: 0.8202
Epoch 276/300
19:51:15 train - loss: 0.0045
19:51:16 valid - loss: 0.7904, acc: 0.8201
Epoch 277/300
19:51:53 train - loss: 0.0045
19:51:54 valid - loss: 0.7914, acc: 0.8204
Epoch 278/300
19:52:30 train - loss: 0.0043
19:52:32 valid - loss: 0.7927, acc: 0.8206
Epoch 279/300
19:53:08 train - loss: 0.0045
19:53:09 valid - loss: 0.7938, acc: 0.8185
Epoch 280/300
19:53:45 train - loss: 0.0046
19:53:47 valid - loss: 0.7886, acc: 0.8208
Epoch 281/300
19:54:23 train - loss: 0.0044
19:54:24 valid - loss: 0.7913, acc: 0.8204
Epoch 282/300
19:55:01 train - loss: 0.0044
19:55:02 valid - loss: 0.7875, acc: 0.8204
Epoch 283/300
19:55:38 train - loss: 0.0043
19:55:40 valid - loss: 0.7875, acc: 0.8199
Epoch 284/300
19:56:16 train - loss: 0.0043
19:56:17 valid - loss: 0.7892, acc: 0.8192
Epoch 285/300
19:56:54 train - loss: 0.0042
19:56:55 valid - loss: 0.7875, acc: 0.8233
Epoch 286/300
19:57:31 train - loss: 0.0044
19:57:33 valid - loss: 0.7861, acc: 0.8203
Epoch 287/300
19:58:09 train - loss: 0.0044
19:58:10 valid - loss: 0.7875, acc: 0.8203
Epoch 288/300
19:58:47 train - loss: 0.0043
19:58:48 valid - loss: 0.7847, acc: 0.8216
Epoch 289/300
19:59:24 train - loss: 0.0042
19:59:25 valid - loss: 0.7858, acc: 0.8200
Epoch 290/300
20:00:02 train - loss: 0.0042
20:00:03 valid - loss: 0.7815, acc: 0.8215
Epoch 291/300
20:00:39 train - loss: 0.0043
20:00:41 valid - loss: 0.7801, acc: 0.8211
Epoch 292/300
20:01:17 train - loss: 0.0042
20:01:18 valid - loss: 0.7758, acc: 0.8221
Epoch 293/300
20:01:55 train - loss: 0.0044
20:01:56 valid - loss: 0.7803, acc: 0.8215
Epoch 294/300
20:02:32 train - loss: 0.0043
20:02:34 valid - loss: 0.7786, acc: 0.8209
Epoch 295/300
20:03:10 train - loss: 0.0041
20:03:11 valid - loss: 0.7777, acc: 0.8199
Epoch 296/300
20:03:48 train - loss: 0.0042
20:03:49 valid - loss: 0.7787, acc: 0.8218
Epoch 297/300
20:04:25 train - loss: 0.0042
20:04:27 valid - loss: 0.7791, acc: 0.8199
Epoch 298/300
20:05:03 train - loss: 0.0042
20:05:04 valid - loss: 0.7733, acc: 0.8212
Epoch 299/300
20:05:40 train - loss: 0.0043
20:05:42 valid - loss: 0.7742, acc: 0.8224
Epoch 300/300
20:06:18 train - loss: 0.0042
20:06:19 valid - loss: 0.7748, acc: 0.8212