14:36:33 Start training
Epoch 1/200
WARNING:tensorflow:From /usr/local/lib/python3.6/dist-packages/tensorflow/python/data/ops/multi_device_iterator_ops.py:601: get_next_as_optional (from tensorflow.python.data.ops.iterator_ops) is deprecated and will be removed in a future version.
Instructions for updating:
Use `tf.data.Iterator.get_next_as_optional()` instead.
WARNING:tensorflow:From /usr/local/lib/python3.6/dist-packages/tensorflow/python/data/ops/multi_device_iterator_ops.py:601: get_next_as_optional (from tensorflow.python.data.ops.iterator_ops) is deprecated and will be removed in a future version.
Instructions for updating:
Use `tf.data.Iterator.get_next_as_optional()` instead.
14:37:00 train - loss: 3.8820, acc: 0.1005
14:37:17 valid - loss: 3.5782, acc: 0.1472
Epoch 2/200
14:37:21 train - loss: 3.1348, acc: 0.2243
14:37:22 valid - loss: 3.7576, acc: 0.1946
Epoch 3/200
14:37:26 train - loss: 2.6298, acc: 0.3190
14:37:26 valid - loss: 3.0258, acc: 0.3023
Epoch 4/200
14:37:31 train - loss: 2.3035, acc: 0.3882
14:37:31 valid - loss: 2.5851, acc: 0.3602
Epoch 5/200
14:37:36 train - loss: 2.0713, acc: 0.4397
14:37:36 valid - loss: 2.5989, acc: 0.3779
Epoch 6/200
14:37:40 train - loss: 1.9058, acc: 0.4829
14:37:41 valid - loss: 2.1338, acc: 0.4592
Epoch 7/200
14:37:45 train - loss: 1.7867, acc: 0.5082
14:37:46 valid - loss: 1.7671, acc: 0.5182
Epoch 8/200
14:37:50 train - loss: 1.6975, acc: 0.5323
14:37:50 valid - loss: 1.6560, acc: 0.5399
Epoch 9/200
14:37:55 train - loss: 1.6329, acc: 0.5484
14:37:55 valid - loss: 1.6826, acc: 0.5484
Epoch 10/200
14:38:00 train - loss: 1.5574, acc: 0.5657
14:38:00 valid - loss: 1.8758, acc: 0.5049
Epoch 11/200
14:38:04 train - loss: 1.5235, acc: 0.5748
14:38:05 valid - loss: 1.8176, acc: 0.5407
Epoch 12/200
14:38:09 train - loss: 1.4684, acc: 0.5925
14:38:10 valid - loss: 1.9604, acc: 0.5182
Epoch 13/200
14:38:14 train - loss: 1.4341, acc: 0.5995
14:38:14 valid - loss: 1.6919, acc: 0.5508
Epoch 14/200
14:38:19 train - loss: 1.3955, acc: 0.6081
14:38:19 valid - loss: 1.6105, acc: 0.5786
Epoch 15/200
14:38:24 train - loss: 1.3737, acc: 0.6153
14:38:24 valid - loss: 1.5410, acc: 0.5778
Epoch 16/200
14:38:28 train - loss: 1.3580, acc: 0.6208
14:38:29 valid - loss: 1.5245, acc: 0.5864
Epoch 17/200
14:38:33 train - loss: 1.3256, acc: 0.6251
14:38:33 valid - loss: 1.7434, acc: 0.5546
Epoch 18/200
14:38:38 train - loss: 1.3072, acc: 0.6322
14:38:38 valid - loss: 1.6717, acc: 0.5619
Epoch 19/200
14:38:43 train - loss: 1.2893, acc: 0.6364
14:38:43 valid - loss: 1.4738, acc: 0.6058
Epoch 20/200
14:38:47 train - loss: 1.2737, acc: 0.6417
14:38:48 valid - loss: 1.7113, acc: 0.5669
Epoch 21/200
14:38:52 train - loss: 1.2585, acc: 0.6446
14:38:52 valid - loss: 1.5589, acc: 0.5862
Epoch 22/200
14:38:57 train - loss: 1.2430, acc: 0.6488
14:38:57 valid - loss: 1.6216, acc: 0.5807
Epoch 23/200
14:39:02 train - loss: 1.2256, acc: 0.6508
14:39:02 valid - loss: 1.4340, acc: 0.6186
Epoch 24/200
14:39:06 train - loss: 1.1970, acc: 0.6608
14:39:07 valid - loss: 1.4082, acc: 0.6138
Epoch 25/200
14:39:11 train - loss: 1.1985, acc: 0.6599
14:39:12 valid - loss: 1.3783, acc: 0.6261
Epoch 26/200
14:39:16 train - loss: 1.1875, acc: 0.6626
14:39:16 valid - loss: 1.5901, acc: 0.5909
Epoch 27/200
14:39:21 train - loss: 1.1816, acc: 0.6635
14:39:21 valid - loss: 1.5202, acc: 0.5929
Epoch 28/200
14:39:25 train - loss: 1.1684, acc: 0.6672
14:39:26 valid - loss: 1.4598, acc: 0.6128
Epoch 29/200
14:39:30 train - loss: 1.1617, acc: 0.6698
14:39:31 valid - loss: 1.5032, acc: 0.6067
Epoch 30/200
14:39:35 train - loss: 1.1613, acc: 0.6707
14:39:35 valid - loss: 1.6435, acc: 0.5839
Epoch 31/200
14:39:40 train - loss: 1.1467, acc: 0.6736
14:39:40 valid - loss: 1.5386, acc: 0.5993
Epoch 32/200
14:39:45 train - loss: 1.1377, acc: 0.6755
14:39:45 valid - loss: 1.4280, acc: 0.6265
Epoch 33/200
14:39:49 train - loss: 1.1261, acc: 0.6788
14:39:50 valid - loss: 1.5061, acc: 0.5965
Epoch 34/200
14:39:54 train - loss: 1.1229, acc: 0.6794
14:39:54 valid - loss: 1.4704, acc: 0.6185
Epoch 35/200
14:39:59 train - loss: 1.1142, acc: 0.6840
14:39:59 valid - loss: 1.5317, acc: 0.5978
Epoch 36/200
14:40:04 train - loss: 1.1032, acc: 0.6846
14:40:04 valid - loss: 1.4774, acc: 0.6179
Epoch 37/200
14:40:08 train - loss: 1.1142, acc: 0.6821
14:40:09 valid - loss: 1.5894, acc: 0.5999
Epoch 38/200
14:40:13 train - loss: 1.0946, acc: 0.6856
14:40:14 valid - loss: 1.5253, acc: 0.6066
Epoch 39/200
14:40:18 train - loss: 1.0936, acc: 0.6891
14:40:18 valid - loss: 1.3596, acc: 0.6328
Epoch 40/200
14:40:23 train - loss: 1.0747, acc: 0.6918
14:40:23 valid - loss: 1.5904, acc: 0.6086
Epoch 41/200
14:40:28 train - loss: 1.0748, acc: 0.6943
14:40:28 valid - loss: 1.4448, acc: 0.6181
Epoch 42/200
14:40:32 train - loss: 1.0766, acc: 0.6919
14:40:33 valid - loss: 1.4573, acc: 0.6213
Epoch 43/200
14:40:37 train - loss: 1.0684, acc: 0.6952
14:40:38 valid - loss: 1.5554, acc: 0.6134
Epoch 44/200
14:40:42 train - loss: 1.0638, acc: 0.6986
14:40:42 valid - loss: 1.6459, acc: 0.5879
Epoch 45/200
14:40:47 train - loss: 1.0389, acc: 0.7033
14:40:47 valid - loss: 1.4049, acc: 0.6366
Epoch 46/200
14:40:52 train - loss: 1.0444, acc: 0.6995
14:40:52 valid - loss: 1.5531, acc: 0.6117
Epoch 47/200
14:40:56 train - loss: 1.0337, acc: 0.7059
14:40:57 valid - loss: 1.3496, acc: 0.6382
Epoch 48/200
14:41:01 train - loss: 1.0314, acc: 0.7058
14:41:01 valid - loss: 1.4208, acc: 0.6300
Epoch 49/200
14:41:06 train - loss: 1.0236, acc: 0.7070
14:41:06 valid - loss: 1.4664, acc: 0.6138
Epoch 50/200
14:41:11 train - loss: 1.0164, acc: 0.7091
14:41:11 valid - loss: 1.4618, acc: 0.6148
Epoch 51/200
14:41:15 train - loss: 1.0181, acc: 0.7095
14:41:16 valid - loss: 1.4447, acc: 0.6271
Epoch 52/200
14:41:20 train - loss: 1.0027, acc: 0.7116
14:41:21 valid - loss: 1.3937, acc: 0.6259
Epoch 53/200
14:41:25 train - loss: 0.9990, acc: 0.7143
14:41:25 valid - loss: 1.5594, acc: 0.6149
Epoch 54/200
14:41:30 train - loss: 1.0002, acc: 0.7108
14:41:30 valid - loss: 1.4147, acc: 0.6296
Epoch 55/200
14:41:35 train - loss: 0.9848, acc: 0.7170
14:41:35 valid - loss: 1.3385, acc: 0.6403
Epoch 56/200
14:41:39 train - loss: 0.9793, acc: 0.7186
14:41:40 valid - loss: 1.3273, acc: 0.6487
Epoch 57/200
14:41:44 train - loss: 0.9898, acc: 0.7154
14:41:44 valid - loss: 1.2730, acc: 0.6550
Epoch 58/200
14:41:49 train - loss: 0.9677, acc: 0.7228
14:41:49 valid - loss: 1.7164, acc: 0.6018
Epoch 59/200
14:41:54 train - loss: 0.9647, acc: 0.7219
14:41:54 valid - loss: 1.3497, acc: 0.6483
Epoch 60/200
14:41:58 train - loss: 0.9700, acc: 0.7221
14:41:59 valid - loss: 1.4791, acc: 0.6200
Epoch 61/200
14:42:03 train - loss: 0.9405, acc: 0.7286
14:42:03 valid - loss: 1.3265, acc: 0.6501
Epoch 62/200
14:42:08 train - loss: 0.9447, acc: 0.7291
14:42:08 valid - loss: 1.4968, acc: 0.6284
Epoch 63/200
14:42:13 train - loss: 0.9516, acc: 0.7260
14:42:13 valid - loss: 1.7100, acc: 0.5996
Epoch 64/200
14:42:17 train - loss: 0.9324, acc: 0.7326
14:42:18 valid - loss: 1.4257, acc: 0.6377
Epoch 65/200
14:42:22 train - loss: 0.9287, acc: 0.7339
14:42:23 valid - loss: 1.4608, acc: 0.6240
Epoch 66/200
14:42:27 train - loss: 0.9287, acc: 0.7321
14:42:27 valid - loss: 1.3027, acc: 0.6572
Epoch 67/200
14:42:32 train - loss: 0.9216, acc: 0.7343
14:42:32 valid - loss: 1.5174, acc: 0.6272
Epoch 68/200
14:42:36 train - loss: 0.9125, acc: 0.7378
14:42:37 valid - loss: 1.5146, acc: 0.6162
Epoch 69/200
14:42:41 train - loss: 0.9007, acc: 0.7424
14:42:42 valid - loss: 1.3743, acc: 0.6446
Epoch 70/200
14:42:46 train - loss: 0.8935, acc: 0.7412
14:42:46 valid - loss: 1.3658, acc: 0.6522
Epoch 71/200
14:42:51 train - loss: 0.8838, acc: 0.7440
14:42:51 valid - loss: 1.3615, acc: 0.6460
Epoch 72/200
14:42:56 train - loss: 0.8844, acc: 0.7449
14:42:56 valid - loss: 1.3622, acc: 0.6547
Epoch 73/200
14:43:00 train - loss: 0.8748, acc: 0.7479
14:43:01 valid - loss: 1.2489, acc: 0.6753
Epoch 74/200
14:43:05 train - loss: 0.8732, acc: 0.7461
14:43:05 valid - loss: 1.3503, acc: 0.6510
Epoch 75/200
14:43:10 train - loss: 0.8663, acc: 0.7510
14:43:10 valid - loss: 1.3024, acc: 0.6669
Epoch 76/200
14:43:15 train - loss: 0.8480, acc: 0.7549
14:43:15 valid - loss: 1.2837, acc: 0.6656
Epoch 77/200
14:43:19 train - loss: 0.8537, acc: 0.7517
14:43:20 valid - loss: 1.1863, acc: 0.6841
Epoch 78/200
14:43:24 train - loss: 0.8324, acc: 0.7580
14:43:24 valid - loss: 1.3997, acc: 0.6465
Epoch 79/200
14:43:29 train - loss: 0.8310, acc: 0.7589
14:43:29 valid - loss: 1.3095, acc: 0.6613
Epoch 80/200
14:43:34 train - loss: 0.8297, acc: 0.7605
14:43:34 valid - loss: 1.3661, acc: 0.6543
Epoch 81/200
14:43:39 train - loss: 0.8071, acc: 0.7663
14:43:39 valid - loss: 1.3502, acc: 0.6548
Epoch 82/200
14:43:43 train - loss: 0.8138, acc: 0.7627
14:43:44 valid - loss: 1.4432, acc: 0.6344
Epoch 83/200
14:43:48 train - loss: 0.8188, acc: 0.7627
14:43:48 valid - loss: 1.2157, acc: 0.6823
Epoch 84/200
14:43:53 train - loss: 0.8017, acc: 0.7668
14:43:53 valid - loss: 1.3907, acc: 0.6437
Epoch 85/200
14:43:58 train - loss: 0.7812, acc: 0.7740
14:43:58 valid - loss: 1.2062, acc: 0.6846
Epoch 86/200
14:44:02 train - loss: 0.7867, acc: 0.7721
14:44:03 valid - loss: 1.2661, acc: 0.6684
Epoch 87/200
14:44:07 train - loss: 0.7773, acc: 0.7746
14:44:07 valid - loss: 1.2525, acc: 0.6777
Epoch 88/200
14:44:12 train - loss: 0.7557, acc: 0.7795
14:44:12 valid - loss: 1.3266, acc: 0.6648
Epoch 89/200
14:44:17 train - loss: 0.7608, acc: 0.7802
14:44:17 valid - loss: 1.2917, acc: 0.6723
Epoch 90/200
14:44:21 train - loss: 0.7505, acc: 0.7830
14:44:22 valid - loss: 1.3368, acc: 0.6561
Epoch 91/200
14:44:26 train - loss: 0.7444, acc: 0.7836
14:44:27 valid - loss: 1.3703, acc: 0.6612
Epoch 92/200
14:44:31 train - loss: 0.7266, acc: 0.7874
14:44:31 valid - loss: 1.2235, acc: 0.6849
Epoch 93/200
14:44:36 train - loss: 0.7282, acc: 0.7854
14:44:36 valid - loss: 1.2169, acc: 0.6837
Epoch 94/200
14:44:41 train - loss: 0.7059, acc: 0.7952
14:44:41 valid - loss: 1.2902, acc: 0.6733
Epoch 95/200
14:44:45 train - loss: 0.7087, acc: 0.7936
14:44:46 valid - loss: 1.1995, acc: 0.6933
Epoch 96/200
14:44:50 train - loss: 0.7054, acc: 0.7937
14:44:50 valid - loss: 1.2798, acc: 0.6790
Epoch 97/200
14:44:55 train - loss: 0.6996, acc: 0.7954
14:44:55 valid - loss: 1.1833, acc: 0.6913
Epoch 98/200
14:45:00 train - loss: 0.6913, acc: 0.7962
14:45:00 valid - loss: 1.2214, acc: 0.6868
Epoch 99/200
14:45:05 train - loss: 0.6798, acc: 0.8014
14:45:05 valid - loss: 1.2222, acc: 0.6942
Epoch 100/200
14:45:09 train - loss: 0.6595, acc: 0.8059
14:45:10 valid - loss: 1.1563, acc: 0.6975
Epoch 101/200
14:45:14 train - loss: 0.6548, acc: 0.8088
14:45:14 valid - loss: 1.1559, acc: 0.7042
Epoch 102/200
14:45:19 train - loss: 0.6499, acc: 0.8091
14:45:19 valid - loss: 1.2436, acc: 0.6901
Epoch 103/200
14:45:24 train - loss: 0.6414, acc: 0.8120
14:45:24 valid - loss: 1.2752, acc: 0.6764
Epoch 104/200
14:45:29 train - loss: 0.6313, acc: 0.8153
14:45:29 valid - loss: 1.1503, acc: 0.7033
Epoch 105/200
14:45:33 train - loss: 0.6178, acc: 0.8196
14:45:34 valid - loss: 1.1890, acc: 0.6947
Epoch 106/200
14:45:38 train - loss: 0.6190, acc: 0.8186
14:45:39 valid - loss: 1.2113, acc: 0.6918
Epoch 107/200
14:45:43 train - loss: 0.6086, acc: 0.8222
14:45:43 valid - loss: 1.2558, acc: 0.6857
Epoch 108/200
14:45:48 train - loss: 0.6003, acc: 0.8249
14:45:48 valid - loss: 1.3386, acc: 0.6709
Epoch 109/200
14:45:53 train - loss: 0.5818, acc: 0.8295
14:45:53 valid - loss: 1.1506, acc: 0.7049
Epoch 110/200
14:45:57 train - loss: 0.5783, acc: 0.8304
14:45:58 valid - loss: 1.2062, acc: 0.6997
Epoch 111/200
14:46:02 train - loss: 0.5599, acc: 0.8375
14:46:02 valid - loss: 1.2230, acc: 0.6931
Epoch 112/200
14:46:07 train - loss: 0.5628, acc: 0.8346
14:46:07 valid - loss: 1.2531, acc: 0.6943
Epoch 113/200
14:46:12 train - loss: 0.5182, acc: 0.8492
14:46:12 valid - loss: 1.2791, acc: 0.6907
Epoch 114/200
14:46:16 train - loss: 0.5330, acc: 0.8438
14:46:17 valid - loss: 1.2798, acc: 0.6829
Epoch 115/200
14:46:21 train - loss: 0.5218, acc: 0.8465
14:46:22 valid - loss: 1.1674, acc: 0.7021
Epoch 116/200
14:46:26 train - loss: 0.5158, acc: 0.8510
14:46:26 valid - loss: 1.1773, acc: 0.7027
Epoch 117/200
14:46:31 train - loss: 0.5116, acc: 0.8510
14:46:31 valid - loss: 1.1198, acc: 0.7176
Epoch 118/200
14:46:36 train - loss: 0.4954, acc: 0.8579
14:46:36 valid - loss: 1.1448, acc: 0.7094
Epoch 119/200
14:46:40 train - loss: 0.4942, acc: 0.8575
14:46:41 valid - loss: 1.1353, acc: 0.7163
Epoch 120/200
14:46:45 train - loss: 0.4719, acc: 0.8622
14:46:46 valid - loss: 1.1603, acc: 0.7052
Epoch 121/200
14:46:50 train - loss: 0.4640, acc: 0.8647
14:46:50 valid - loss: 1.0988, acc: 0.7184
Epoch 122/200
14:46:55 train - loss: 0.4556, acc: 0.8698
14:46:55 valid - loss: 1.1091, acc: 0.7183
Epoch 123/200
14:47:00 train - loss: 0.4517, acc: 0.8701
14:47:00 valid - loss: 1.2082, acc: 0.7043
Epoch 124/200
14:47:04 train - loss: 0.4470, acc: 0.8715
14:47:05 valid - loss: 1.1543, acc: 0.7141
Epoch 125/200
14:47:09 train - loss: 0.4321, acc: 0.8755
14:47:09 valid - loss: 1.1249, acc: 0.7229
Epoch 126/200
14:47:14 train - loss: 0.4293, acc: 0.8753
14:47:14 valid - loss: 1.1148, acc: 0.7227
Epoch 127/200
14:47:19 train - loss: 0.4178, acc: 0.8795
14:47:19 valid - loss: 1.1030, acc: 0.7228
Epoch 128/200
14:47:24 train - loss: 0.4051, acc: 0.8842
14:47:24 valid - loss: 1.1122, acc: 0.7194
Epoch 129/200
14:47:28 train - loss: 0.3888, acc: 0.8890
14:47:29 valid - loss: 1.1556, acc: 0.7169
Epoch 130/200
14:47:33 train - loss: 0.3816, acc: 0.8923
14:47:33 valid - loss: 1.0791, acc: 0.7334
Epoch 131/200
14:47:38 train - loss: 0.3678, acc: 0.8952
14:47:38 valid - loss: 1.0647, acc: 0.7379
Epoch 132/200
14:47:43 train - loss: 0.3562, acc: 0.8993
14:47:43 valid - loss: 1.0803, acc: 0.7341
Epoch 133/200
14:47:47 train - loss: 0.3504, acc: 0.9018
14:47:48 valid - loss: 1.1726, acc: 0.7207
Epoch 134/200
14:47:52 train - loss: 0.3438, acc: 0.9026
14:47:53 valid - loss: 1.1476, acc: 0.7249
Epoch 135/200
14:47:57 train - loss: 0.3323, acc: 0.9081
14:47:57 valid - loss: 1.1147, acc: 0.7252
Epoch 136/200
14:48:02 train - loss: 0.3102, acc: 0.9144
14:48:02 valid - loss: 1.0192, acc: 0.7444
Epoch 137/200
14:48:07 train - loss: 0.3107, acc: 0.9151
14:48:07 valid - loss: 1.1465, acc: 0.7349
Epoch 138/200
14:48:11 train - loss: 0.3075, acc: 0.9156
14:48:12 valid - loss: 1.0654, acc: 0.7413
Epoch 139/200
14:48:16 train - loss: 0.2903, acc: 0.9206
14:48:16 valid - loss: 1.0167, acc: 0.7466
Epoch 140/200
14:48:21 train - loss: 0.2553, acc: 0.9320
14:48:21 valid - loss: 1.0302, acc: 0.7495
Epoch 141/200
14:48:26 train - loss: 0.2641, acc: 0.9293
14:48:26 valid - loss: 1.0554, acc: 0.7423
Epoch 142/200
14:48:30 train - loss: 0.2743, acc: 0.9261
14:48:31 valid - loss: 1.0138, acc: 0.7494
Epoch 143/200
14:48:35 train - loss: 0.2550, acc: 0.9317
14:48:36 valid - loss: 1.0927, acc: 0.7390
Epoch 144/200
14:48:40 train - loss: 0.2441, acc: 0.9350
14:48:40 valid - loss: 1.0268, acc: 0.7463
Epoch 145/200
14:48:45 train - loss: 0.2384, acc: 0.9366
14:48:45 valid - loss: 1.0165, acc: 0.7490
Epoch 146/200
14:48:50 train - loss: 0.2286, acc: 0.9400
14:48:50 valid - loss: 1.0167, acc: 0.7515
Epoch 147/200
14:48:54 train - loss: 0.2161, acc: 0.9442
14:48:55 valid - loss: 0.9777, acc: 0.7602
Epoch 148/200
14:48:59 train - loss: 0.2175, acc: 0.9451
14:49:00 valid - loss: 1.0316, acc: 0.7517
Epoch 149/200
14:49:04 train - loss: 0.2114, acc: 0.9465
14:49:04 valid - loss: 1.0143, acc: 0.7500
Epoch 150/200
14:49:09 train - loss: 0.2024, acc: 0.9500
14:49:09 valid - loss: 0.9922, acc: 0.7612
Epoch 151/200
14:49:14 train - loss: 0.1903, acc: 0.9526
14:49:14 valid - loss: 0.9482, acc: 0.7616
Epoch 152/200
14:49:19 train - loss: 0.1808, acc: 0.9555
14:49:19 valid - loss: 0.9594, acc: 0.7636
Epoch 153/200
14:49:23 train - loss: 0.1759, acc: 0.9568
14:49:24 valid - loss: 0.9143, acc: 0.7694
Epoch 154/200
14:49:28 train - loss: 0.1709, acc: 0.9589
14:49:28 valid - loss: 0.9452, acc: 0.7628
Epoch 155/200
14:49:33 train - loss: 0.1631, acc: 0.9607
14:49:33 valid - loss: 0.9409, acc: 0.7670
Epoch 156/200
14:49:38 train - loss: 0.1560, acc: 0.9640
14:49:38 valid - loss: 0.9324, acc: 0.7700
Epoch 157/200
14:49:42 train - loss: 0.1459, acc: 0.9666
14:49:43 valid - loss: 0.9279, acc: 0.7668
Epoch 158/200
14:49:47 train - loss: 0.1438, acc: 0.9667
14:49:48 valid - loss: 0.9128, acc: 0.7764
Epoch 159/200
14:49:52 train - loss: 0.1342, acc: 0.9694
14:49:52 valid - loss: 0.8889, acc: 0.7830
Epoch 160/200
14:49:57 train - loss: 0.1322, acc: 0.9696
14:49:57 valid - loss: 0.9145, acc: 0.7713
Epoch 161/200
14:50:02 train - loss: 0.1223, acc: 0.9729
14:50:02 valid - loss: 0.8897, acc: 0.7767
Epoch 162/200
14:50:06 train - loss: 0.1154, acc: 0.9748
14:50:07 valid - loss: 0.8762, acc: 0.7821
Epoch 163/200
14:50:11 train - loss: 0.1119, acc: 0.9759
14:50:12 valid - loss: 0.8908, acc: 0.7800
Epoch 164/200
14:50:16 train - loss: 0.1035, acc: 0.9788
14:50:16 valid - loss: 0.8492, acc: 0.7895
Epoch 165/200
14:50:21 train - loss: 0.0996, acc: 0.9798
14:50:21 valid - loss: 0.8953, acc: 0.7761
Epoch 166/200
14:50:26 train - loss: 0.0997, acc: 0.9787
14:50:26 valid - loss: 0.8670, acc: 0.7830
Epoch 167/200
14:50:30 train - loss: 0.0969, acc: 0.9800
14:50:31 valid - loss: 0.8292, acc: 0.7920
Epoch 168/200
14:50:35 train - loss: 0.0901, acc: 0.9817
14:50:36 valid - loss: 0.8466, acc: 0.7877
Epoch 169/200
14:50:40 train - loss: 0.0859, acc: 0.9827
14:50:40 valid - loss: 0.8278, acc: 0.7934
Epoch 170/200
14:50:45 train - loss: 0.0800, acc: 0.9843
14:50:45 valid - loss: 0.8460, acc: 0.7935
Epoch 171/200
14:50:50 train - loss: 0.0789, acc: 0.9850
14:50:50 valid - loss: 0.8076, acc: 0.7977
Epoch 172/200
14:50:54 train - loss: 0.0777, acc: 0.9842
14:50:55 valid - loss: 0.8089, acc: 0.7984
Epoch 173/200
14:50:59 train - loss: 0.0697, acc: 0.9867
14:50:59 valid - loss: 0.8028, acc: 0.7958
Epoch 174/200
14:51:04 train - loss: 0.0650, acc: 0.9881
14:51:04 valid - loss: 0.8002, acc: 0.7961
Epoch 175/200
14:51:09 train - loss: 0.0668, acc: 0.9873
14:51:09 valid - loss: 0.7928, acc: 0.8004
Epoch 176/200
14:51:14 train - loss: 0.0643, acc: 0.9882
14:51:14 valid - loss: 0.7722, acc: 0.8010
Epoch 177/200
14:51:18 train - loss: 0.0651, acc: 0.9874
14:51:19 valid - loss: 0.7797, acc: 0.7983
Epoch 178/200
14:51:23 train - loss: 0.0574, acc: 0.9899
14:51:23 valid - loss: 0.7743, acc: 0.8036
Epoch 179/200
14:51:28 train - loss: 0.0555, acc: 0.9901
14:51:28 valid - loss: 0.7788, acc: 0.8029
Epoch 180/200
14:51:33 train - loss: 0.0557, acc: 0.9896
14:51:33 valid - loss: 0.7669, acc: 0.8069
Epoch 181/200
14:51:37 train - loss: 0.0563, acc: 0.9893
14:51:38 valid - loss: 0.7724, acc: 0.8077
Epoch 182/200
14:51:42 train - loss: 0.0523, acc: 0.9907
14:51:43 valid - loss: 0.7603, acc: 0.8054
Epoch 183/200
14:51:47 train - loss: 0.0521, acc: 0.9911
14:51:47 valid - loss: 0.7688, acc: 0.8052
Epoch 184/200
14:51:52 train - loss: 0.0420, acc: 0.9930
14:51:52 valid - loss: 0.7530, acc: 0.8078
Epoch 185/200
14:51:57 train - loss: 0.0472, acc: 0.9922
14:51:57 valid - loss: 0.7513, acc: 0.8084
Epoch 186/200
14:52:01 train - loss: 0.0449, acc: 0.9923
14:52:02 valid - loss: 0.7465, acc: 0.8124
Epoch 187/200
14:52:06 train - loss: 0.0452, acc: 0.9924
14:52:07 valid - loss: 0.7461, acc: 0.8099
Epoch 188/200
14:52:11 train - loss: 0.0439, acc: 0.9922
14:52:11 valid - loss: 0.7476, acc: 0.8103
Epoch 189/200
14:52:16 train - loss: 0.0441, acc: 0.9923
14:52:16 valid - loss: 0.7378, acc: 0.8122
Epoch 190/200
14:52:21 train - loss: 0.0417, acc: 0.9925
14:52:21 valid - loss: 0.7406, acc: 0.8104
Epoch 191/200
14:52:26 train - loss: 0.0420, acc: 0.9928
14:52:26 valid - loss: 0.7393, acc: 0.8095
Epoch 192/200
14:52:31 train - loss: 0.0426, acc: 0.9924
14:52:31 valid - loss: 0.7343, acc: 0.8113
Epoch 193/200
14:52:35 train - loss: 0.0414, acc: 0.9930
14:52:36 valid - loss: 0.7385, acc: 0.8103
Epoch 194/200
14:52:40 train - loss: 0.0413, acc: 0.9931
14:52:40 valid - loss: 0.7400, acc: 0.8102
Epoch 195/200
14:52:45 train - loss: 0.0404, acc: 0.9930
14:52:45 valid - loss: 0.7343, acc: 0.8118
Epoch 196/200
14:52:50 train - loss: 0.0423, acc: 0.9927
14:52:50 valid - loss: 0.7343, acc: 0.8107
Epoch 197/200
14:52:54 train - loss: 0.0392, acc: 0.9939
14:52:55 valid - loss: 0.7353, acc: 0.8114
Epoch 198/200
14:52:59 train - loss: 0.0412, acc: 0.9930
14:53:00 valid - loss: 0.7342, acc: 0.8127
Epoch 199/200
14:53:04 train - loss: 0.0409, acc: 0.9931
14:53:04 valid - loss: 0.7336, acc: 0.8132
Epoch 200/200
14:53:09 train - loss: 0.0391, acc: 0.9938
14:53:09 valid - loss: 0.7331, acc: 0.8117