14:43:22 Start training
Epoch 1/200
WARNING:tensorflow:From /usr/local/lib/python3.6/dist-packages/tensorflow/python/data/ops/multi_device_iterator_ops.py:601: get_next_as_optional (from tensorflow.python.data.ops.iterator_ops) is deprecated and will be removed in a future version.
Instructions for updating:
Use `tf.data.Iterator.get_next_as_optional()` instead.
WARNING:tensorflow:From /usr/local/lib/python3.6/dist-packages/tensorflow/python/data/ops/multi_device_iterator_ops.py:601: get_next_as_optional (from tensorflow.python.data.ops.iterator_ops) is deprecated and will be removed in a future version.
Instructions for updating:
Use `tf.data.Iterator.get_next_as_optional()` instead.
14:43:50 train - loss: 4.0758, acc: 0.0856
14:44:07 valid - loss: 3.5965, acc: 0.1551
Epoch 2/200
14:44:12 train - loss: 3.5454, acc: 0.1752
14:44:12 valid - loss: 3.1559, acc: 0.2421
Epoch 3/200
14:44:16 train - loss: 3.1286, acc: 0.2666
14:44:17 valid - loss: 2.5768, acc: 0.3396
Epoch 4/200
14:44:21 train - loss: 2.8497, acc: 0.3273
14:44:22 valid - loss: 2.3088, acc: 0.3965
Epoch 5/200
14:44:26 train - loss: 2.6687, acc: 0.3759
14:44:26 valid - loss: 2.0877, acc: 0.4436
Epoch 6/200
14:44:31 train - loss: 2.5252, acc: 0.4136
14:44:31 valid - loss: 2.1113, acc: 0.4494
Epoch 7/200
14:44:36 train - loss: 2.4257, acc: 0.4384
14:44:36 valid - loss: 2.0064, acc: 0.4679
Epoch 8/200
14:44:40 train - loss: 2.3483, acc: 0.4584
14:44:41 valid - loss: 1.8759, acc: 0.4998
Epoch 9/200
14:44:45 train - loss: 2.2776, acc: 0.4776
14:44:45 valid - loss: 1.8067, acc: 0.5112
Epoch 10/200
14:44:50 train - loss: 2.2329, acc: 0.4920
14:44:50 valid - loss: 1.7617, acc: 0.5323
Epoch 11/200
14:44:55 train - loss: 2.1809, acc: 0.5051
14:44:55 valid - loss: 1.9228, acc: 0.4933
Epoch 12/200
14:45:00 train - loss: 2.1576, acc: 0.5125
14:45:00 valid - loss: 2.2416, acc: 0.4708
Epoch 13/200
14:45:04 train - loss: 2.1114, acc: 0.5242
14:45:05 valid - loss: 1.6901, acc: 0.5535
Epoch 14/200
14:45:09 train - loss: 2.0822, acc: 0.5311
14:45:09 valid - loss: 1.7846, acc: 0.5421
Epoch 15/200
14:45:14 train - loss: 2.0529, acc: 0.5409
14:45:14 valid - loss: 1.5550, acc: 0.5796
Epoch 16/200
14:45:19 train - loss: 2.0424, acc: 0.5454
14:45:19 valid - loss: 1.7233, acc: 0.5437
Epoch 17/200
14:45:23 train - loss: 2.0081, acc: 0.5531
14:45:24 valid - loss: 1.6127, acc: 0.5785
Epoch 18/200
14:45:28 train - loss: 1.9948, acc: 0.5587
14:45:29 valid - loss: 1.5821, acc: 0.5798
Epoch 19/200
14:45:33 train - loss: 1.9762, acc: 0.5639
14:45:33 valid - loss: 1.3937, acc: 0.6161
Epoch 20/200
14:45:38 train - loss: 1.9655, acc: 0.5647
14:45:38 valid - loss: 1.4654, acc: 0.6015
Epoch 21/200
14:45:43 train - loss: 1.9428, acc: 0.5723
14:45:43 valid - loss: 1.7399, acc: 0.5523
Epoch 22/200
14:45:47 train - loss: 1.9398, acc: 0.5731
14:45:48 valid - loss: 1.4935, acc: 0.6055
Epoch 23/200
14:45:52 train - loss: 1.9236, acc: 0.5774
14:45:53 valid - loss: 1.5839, acc: 0.5964
Epoch 24/200
14:45:57 train - loss: 1.9156, acc: 0.5774
14:45:57 valid - loss: 1.4754, acc: 0.6076
Epoch 25/200
14:46:02 train - loss: 1.9043, acc: 0.5815
14:46:02 valid - loss: 1.6417, acc: 0.5777
Epoch 26/200
14:46:07 train - loss: 1.8945, acc: 0.5839
14:46:07 valid - loss: 1.6153, acc: 0.5766
Epoch 27/200
14:46:11 train - loss: 1.8788, acc: 0.5887
14:46:12 valid - loss: 1.4771, acc: 0.6083
Epoch 28/200
14:46:16 train - loss: 1.8795, acc: 0.5930
14:46:17 valid - loss: 1.5393, acc: 0.5907
Epoch 29/200
14:46:21 train - loss: 1.8697, acc: 0.5953
14:46:21 valid - loss: 1.3477, acc: 0.6311
Epoch 30/200
14:46:26 train - loss: 1.8586, acc: 0.5967
14:46:26 valid - loss: 1.4573, acc: 0.6101
Epoch 31/200
14:46:31 train - loss: 1.8486, acc: 0.5983
14:46:31 valid - loss: 1.3640, acc: 0.6351
Epoch 32/200
14:46:35 train - loss: 1.8582, acc: 0.5958
14:46:36 valid - loss: 1.5096, acc: 0.5966
Epoch 33/200
14:46:40 train - loss: 1.8459, acc: 0.6003
14:46:41 valid - loss: 1.4672, acc: 0.6012
Epoch 34/200
14:46:45 train - loss: 1.8348, acc: 0.6018
14:46:45 valid - loss: 1.3253, acc: 0.6325
Epoch 35/200
14:46:50 train - loss: 1.8260, acc: 0.6051
14:46:50 valid - loss: 1.4211, acc: 0.6243
Epoch 36/200
14:46:56 train - loss: 1.8248, acc: 0.6041
14:46:56 valid - loss: 1.3448, acc: 0.6383
Epoch 37/200
14:47:00 train - loss: 1.8229, acc: 0.6061
14:47:01 valid - loss: 1.3311, acc: 0.6386
Epoch 38/200
14:47:05 train - loss: 1.8096, acc: 0.6075
14:47:05 valid - loss: 1.5138, acc: 0.6031
Epoch 39/200
14:47:10 train - loss: 1.8010, acc: 0.6142
14:47:10 valid - loss: 1.4051, acc: 0.6297
Epoch 40/200
14:47:15 train - loss: 1.8175, acc: 0.6113
14:47:15 valid - loss: 1.4618, acc: 0.6092
Epoch 41/200
14:47:20 train - loss: 1.7991, acc: 0.6160
14:47:20 valid - loss: 1.6558, acc: 0.5898
Epoch 42/200
14:47:24 train - loss: 1.7871, acc: 0.6177
14:47:25 valid - loss: 1.5072, acc: 0.6120
Epoch 43/200
14:47:30 train - loss: 1.7910, acc: 0.6181
14:47:30 valid - loss: 1.3532, acc: 0.6330
Epoch 44/200
14:47:35 train - loss: 1.7765, acc: 0.6171
14:47:35 valid - loss: 1.4833, acc: 0.6217
Epoch 45/200
14:47:39 train - loss: 1.7720, acc: 0.6232
14:47:40 valid - loss: 1.4835, acc: 0.6113
Epoch 46/200
14:47:45 train - loss: 1.7711, acc: 0.6221
14:47:45 valid - loss: 1.3488, acc: 0.6428
Epoch 47/200
14:47:49 train - loss: 1.7729, acc: 0.6181
14:47:50 valid - loss: 1.3494, acc: 0.6350
Epoch 48/200
14:47:54 train - loss: 1.7627, acc: 0.6247
14:47:54 valid - loss: 1.4407, acc: 0.6215
Epoch 49/200
14:47:59 train - loss: 1.7608, acc: 0.6262
14:47:59 valid - loss: 1.3999, acc: 0.6299
Epoch 50/200
14:48:04 train - loss: 1.7486, acc: 0.6309
14:48:04 valid - loss: 1.3603, acc: 0.6269
Epoch 51/200
14:48:08 train - loss: 1.7364, acc: 0.6319
14:48:09 valid - loss: 1.3769, acc: 0.6353
Epoch 52/200
14:48:13 train - loss: 1.7459, acc: 0.6310
14:48:14 valid - loss: 1.4415, acc: 0.6251
Epoch 53/200
14:48:18 train - loss: 1.7387, acc: 0.6288
14:48:18 valid - loss: 1.3326, acc: 0.6420
Epoch 54/200
14:48:23 train - loss: 1.7351, acc: 0.6340
14:48:23 valid - loss: 1.4581, acc: 0.6312
Epoch 55/200
14:48:28 train - loss: 1.7181, acc: 0.6371
14:48:28 valid - loss: 1.3943, acc: 0.6336
Epoch 56/200
14:48:33 train - loss: 1.7126, acc: 0.6384
14:48:33 valid - loss: 1.3770, acc: 0.6380
Epoch 57/200
14:48:37 train - loss: 1.7213, acc: 0.6347
14:48:38 valid - loss: 1.3473, acc: 0.6455
Epoch 58/200
14:48:42 train - loss: 1.7095, acc: 0.6399
14:48:43 valid - loss: 1.2575, acc: 0.6601
Epoch 59/200
14:48:47 train - loss: 1.6952, acc: 0.6446
14:48:47 valid - loss: 1.4197, acc: 0.6302
Epoch 60/200
14:48:52 train - loss: 1.6992, acc: 0.6404
14:48:52 valid - loss: 1.3058, acc: 0.6534
Epoch 61/200
14:48:57 train - loss: 1.6901, acc: 0.6424
14:48:57 valid - loss: 1.2243, acc: 0.6630
Epoch 62/200
14:49:02 train - loss: 1.6897, acc: 0.6447
14:49:02 valid - loss: 1.4677, acc: 0.6125
Epoch 63/200
14:49:06 train - loss: 1.6710, acc: 0.6489
14:49:07 valid - loss: 1.2675, acc: 0.6622
Epoch 64/200
14:49:11 train - loss: 1.6713, acc: 0.6484
14:49:11 valid - loss: 1.3964, acc: 0.6316
Epoch 65/200
14:49:16 train - loss: 1.6785, acc: 0.6471
14:49:16 valid - loss: 1.3254, acc: 0.6440
Epoch 66/200
14:49:21 train - loss: 1.6621, acc: 0.6512
14:49:21 valid - loss: 1.3180, acc: 0.6558
Epoch 67/200
14:49:26 train - loss: 1.6559, acc: 0.6560
14:49:26 valid - loss: 1.3152, acc: 0.6540
Epoch 68/200
14:49:30 train - loss: 1.6494, acc: 0.6562
14:49:31 valid - loss: 1.2424, acc: 0.6730
Epoch 69/200
14:49:35 train - loss: 1.6431, acc: 0.6587
14:49:36 valid - loss: 1.3663, acc: 0.6575
Epoch 70/200
14:49:40 train - loss: 1.6386, acc: 0.6604
14:49:40 valid - loss: 1.4537, acc: 0.6233
Epoch 71/200
14:49:45 train - loss: 1.6363, acc: 0.6603
14:49:45 valid - loss: 1.2865, acc: 0.6613
Epoch 72/200
14:49:50 train - loss: 1.6316, acc: 0.6602
14:49:50 valid - loss: 1.3768, acc: 0.6363
Epoch 73/200
14:49:55 train - loss: 1.6228, acc: 0.6647
14:49:55 valid - loss: 1.2201, acc: 0.6709
Epoch 74/200
14:49:59 train - loss: 1.6283, acc: 0.6612
14:50:00 valid - loss: 1.3549, acc: 0.6448
Epoch 75/200
14:50:04 train - loss: 1.6074, acc: 0.6670
14:50:05 valid - loss: 1.4620, acc: 0.6210
Epoch 76/200
14:50:09 train - loss: 1.6061, acc: 0.6685
14:50:09 valid - loss: 1.2195, acc: 0.6699
Epoch 77/200
14:50:14 train - loss: 1.6036, acc: 0.6709
14:50:14 valid - loss: 1.2858, acc: 0.6541
Epoch 78/200
14:50:19 train - loss: 1.5917, acc: 0.6713
14:50:19 valid - loss: 1.2540, acc: 0.6690
Epoch 79/200
14:50:23 train - loss: 1.5934, acc: 0.6726
14:50:24 valid - loss: 1.1608, acc: 0.6865
Epoch 80/200
14:50:28 train - loss: 1.5839, acc: 0.6725
14:50:29 valid - loss: 1.1897, acc: 0.6811
Epoch 81/200
14:50:33 train - loss: 1.5738, acc: 0.6798
14:50:33 valid - loss: 1.2718, acc: 0.6704
Epoch 82/200
14:50:38 train - loss: 1.5757, acc: 0.6781
14:50:38 valid - loss: 1.1337, acc: 0.6908
Epoch 83/200
14:50:43 train - loss: 1.5601, acc: 0.6828
14:50:43 valid - loss: 1.3270, acc: 0.6618
Epoch 84/200
14:50:47 train - loss: 1.5715, acc: 0.6770
14:50:48 valid - loss: 1.3530, acc: 0.6513
Epoch 85/200
14:50:52 train - loss: 1.5419, acc: 0.6875
14:50:53 valid - loss: 1.2698, acc: 0.6612
Epoch 86/200
14:50:57 train - loss: 1.5510, acc: 0.6841
14:50:57 valid - loss: 1.1514, acc: 0.6921
Epoch 87/200
14:51:02 train - loss: 1.5478, acc: 0.6851
14:51:02 valid - loss: 1.3082, acc: 0.6620
Epoch 88/200
14:51:07 train - loss: 1.5360, acc: 0.6896
14:51:07 valid - loss: 1.1733, acc: 0.6848
Epoch 89/200
14:51:11 train - loss: 1.5226, acc: 0.6935
14:51:12 valid - loss: 1.2237, acc: 0.6769
Epoch 90/200
14:51:16 train - loss: 1.5099, acc: 0.6965
14:51:17 valid - loss: 1.1656, acc: 0.6880
Epoch 91/200
14:51:21 train - loss: 1.5239, acc: 0.6925
14:51:21 valid - loss: 1.3253, acc: 0.6589
Epoch 92/200
14:51:26 train - loss: 1.5074, acc: 0.6948
14:51:26 valid - loss: 1.1337, acc: 0.6978
Epoch 93/200
14:51:31 train - loss: 1.4932, acc: 0.7022
14:51:31 valid - loss: 1.2891, acc: 0.6678
Epoch 94/200
14:51:35 train - loss: 1.4848, acc: 0.7069
14:51:36 valid - loss: 1.2240, acc: 0.6759
Epoch 95/200
14:51:40 train - loss: 1.4937, acc: 0.7006
14:51:40 valid - loss: 1.2246, acc: 0.6790
Epoch 96/200
14:51:45 train - loss: 1.4776, acc: 0.7057
14:51:45 valid - loss: 1.1268, acc: 0.6942
Epoch 97/200
14:51:50 train - loss: 1.4688, acc: 0.7077
14:51:50 valid - loss: 1.1835, acc: 0.6866
Epoch 98/200
14:51:54 train - loss: 1.4577, acc: 0.7106
14:51:55 valid - loss: 1.3750, acc: 0.6583
Epoch 99/200
14:51:59 train - loss: 1.4480, acc: 0.7109
14:52:00 valid - loss: 1.1852, acc: 0.6832
Epoch 100/200
14:52:04 train - loss: 1.4379, acc: 0.7183
14:52:04 valid - loss: 1.1794, acc: 0.6858
Epoch 101/200
14:52:09 train - loss: 1.4363, acc: 0.7199
14:52:09 valid - loss: 1.1626, acc: 0.6909
Epoch 102/200
14:52:14 train - loss: 1.4409, acc: 0.7172
14:52:14 valid - loss: 1.1401, acc: 0.7041
Epoch 103/200
14:52:18 train - loss: 1.4220, acc: 0.7233
14:52:19 valid - loss: 1.2341, acc: 0.6766
Epoch 104/200
14:52:23 train - loss: 1.4173, acc: 0.7218
14:52:24 valid - loss: 1.1427, acc: 0.6980
Epoch 105/200
14:52:28 train - loss: 1.4099, acc: 0.7260
14:52:29 valid - loss: 1.1700, acc: 0.6872
Epoch 106/200
14:52:33 train - loss: 1.3972, acc: 0.7278
14:52:33 valid - loss: 1.1275, acc: 0.7000
Epoch 107/200
14:52:38 train - loss: 1.3953, acc: 0.7309
14:52:38 valid - loss: 1.1070, acc: 0.7040
Epoch 108/200
14:52:43 train - loss: 1.3884, acc: 0.7313
14:52:43 valid - loss: 1.1594, acc: 0.6996
Epoch 109/200
14:52:47 train - loss: 1.3787, acc: 0.7360
14:52:48 valid - loss: 1.0570, acc: 0.7196
Epoch 110/200
14:52:52 train - loss: 1.3636, acc: 0.7408
14:52:52 valid - loss: 1.2420, acc: 0.6851
Epoch 111/200
14:52:57 train - loss: 1.3583, acc: 0.7416
14:52:57 valid - loss: 1.1022, acc: 0.7091
Epoch 112/200
14:53:02 train - loss: 1.3569, acc: 0.7420
14:53:02 valid - loss: 1.0341, acc: 0.7240
Epoch 113/200
14:53:06 train - loss: 1.3476, acc: 0.7418
14:53:07 valid - loss: 1.0693, acc: 0.7154
Epoch 114/200
14:53:11 train - loss: 1.3360, acc: 0.7481
14:53:12 valid - loss: 1.1211, acc: 0.7027
Epoch 115/200
14:53:16 train - loss: 1.3224, acc: 0.7509
14:53:16 valid - loss: 1.0562, acc: 0.7210
Epoch 116/200
14:53:21 train - loss: 1.3162, acc: 0.7523
14:53:21 valid - loss: 1.1035, acc: 0.7089
Epoch 117/200
14:53:26 train - loss: 1.3130, acc: 0.7547
14:53:26 valid - loss: 1.1406, acc: 0.7116
Epoch 118/200
14:53:30 train - loss: 1.2941, acc: 0.7588
14:53:31 valid - loss: 1.0300, acc: 0.7223
Epoch 119/200
14:53:35 train - loss: 1.2892, acc: 0.7614
14:53:36 valid - loss: 1.1501, acc: 0.7067
Epoch 120/200
14:53:40 train - loss: 1.2815, acc: 0.7633
14:53:40 valid - loss: 1.0223, acc: 0.7215
Epoch 121/200
14:53:45 train - loss: 1.2674, acc: 0.7679
14:53:45 valid - loss: 1.0252, acc: 0.7253
Epoch 122/200
14:53:50 train - loss: 1.2659, acc: 0.7678
14:53:50 valid - loss: 1.0005, acc: 0.7353
Epoch 123/200
14:53:54 train - loss: 1.2516, acc: 0.7737
14:53:55 valid - loss: 1.0652, acc: 0.7271
Epoch 124/200
14:53:59 train - loss: 1.2332, acc: 0.7768
14:53:59 valid - loss: 1.0209, acc: 0.7321
Epoch 125/200
14:54:04 train - loss: 1.2238, acc: 0.7788
14:54:04 valid - loss: 1.0581, acc: 0.7213
Epoch 126/200
14:54:09 train - loss: 1.2214, acc: 0.7829
14:54:09 valid - loss: 1.1165, acc: 0.7171
Epoch 127/200
14:54:13 train - loss: 1.2180, acc: 0.7867
14:54:14 valid - loss: 1.1043, acc: 0.7122
Epoch 128/200
14:54:18 train - loss: 1.1983, acc: 0.7891
14:54:19 valid - loss: 1.0275, acc: 0.7351
Epoch 129/200
14:54:23 train - loss: 1.1959, acc: 0.7880
14:54:23 valid - loss: 0.9953, acc: 0.7410
Epoch 130/200
14:54:28 train - loss: 1.1854, acc: 0.7924
14:54:28 valid - loss: 1.0157, acc: 0.7345
Epoch 131/200
14:54:33 train - loss: 1.1804, acc: 0.7951
14:54:33 valid - loss: 0.9903, acc: 0.7377
Epoch 132/200
14:54:37 train - loss: 1.1698, acc: 0.7961
14:54:38 valid - loss: 0.9870, acc: 0.7398
Epoch 133/200
14:54:42 train - loss: 1.1472, acc: 0.8028
14:54:43 valid - loss: 1.0100, acc: 0.7403
Epoch 134/200
14:54:47 train - loss: 1.1486, acc: 0.8024
14:54:47 valid - loss: 1.0117, acc: 0.7353
Epoch 135/200
14:54:52 train - loss: 1.1389, acc: 0.8075
14:54:52 valid - loss: 1.0413, acc: 0.7350
Epoch 136/200
14:54:57 train - loss: 1.1350, acc: 0.8060
14:54:57 valid - loss: 0.9795, acc: 0.7442
Epoch 137/200
14:55:01 train - loss: 1.1262, acc: 0.8084
14:55:02 valid - loss: 1.0283, acc: 0.7366
Epoch 138/200
14:55:06 train - loss: 1.1081, acc: 0.8133
14:55:07 valid - loss: 0.9754, acc: 0.7453
Epoch 139/200
14:55:11 train - loss: 1.1062, acc: 0.8151
14:55:11 valid - loss: 1.0475, acc: 0.7340
Epoch 140/200
14:55:16 train - loss: 1.0817, acc: 0.8213
14:55:16 valid - loss: 0.9876, acc: 0.7475
Epoch 141/200
14:55:21 train - loss: 1.0850, acc: 0.8201
14:55:21 valid - loss: 1.0104, acc: 0.7411
Epoch 142/200
14:55:26 train - loss: 1.0713, acc: 0.8266
14:55:26 valid - loss: 0.9526, acc: 0.7533
Epoch 143/200
14:55:30 train - loss: 1.0534, acc: 0.8310
14:55:31 valid - loss: 1.0160, acc: 0.7399
Epoch 144/200
14:55:35 train - loss: 1.0513, acc: 0.8318
14:55:35 valid - loss: 0.9421, acc: 0.7552
Epoch 145/200
14:55:40 train - loss: 1.0427, acc: 0.8329
14:55:40 valid - loss: 0.9285, acc: 0.7587
Epoch 146/200
14:55:45 train - loss: 1.0309, acc: 0.8350
14:55:45 valid - loss: 0.9000, acc: 0.7660
Epoch 147/200
14:55:50 train - loss: 1.0188, acc: 0.8374
14:55:50 valid - loss: 0.8800, acc: 0.7705
Epoch 148/200
14:55:54 train - loss: 1.0140, acc: 0.8406
14:55:55 valid - loss: 0.9848, acc: 0.7482
Epoch 149/200
14:55:59 train - loss: 1.0022, acc: 0.8442
14:56:00 valid - loss: 0.9596, acc: 0.7571
Epoch 150/200
14:56:04 train - loss: 0.9918, acc: 0.8469
14:56:04 valid - loss: 0.8812, acc: 0.7662
Epoch 151/200
14:56:09 train - loss: 0.9834, acc: 0.8494
14:56:09 valid - loss: 0.8810, acc: 0.7685
Epoch 152/200
14:56:14 train - loss: 0.9708, acc: 0.8531
14:56:14 valid - loss: 0.8768, acc: 0.7740
Epoch 153/200
14:56:18 train - loss: 0.9663, acc: 0.8510
14:56:19 valid - loss: 0.8785, acc: 0.7698
Epoch 154/200
14:56:23 train - loss: 0.9561, acc: 0.8532
14:56:23 valid - loss: 0.8931, acc: 0.7703
Epoch 155/200
14:56:28 train - loss: 0.9440, acc: 0.8583
14:56:28 valid - loss: 0.8815, acc: 0.7715
Epoch 156/200
14:56:33 train - loss: 0.9382, acc: 0.8583
14:56:33 valid - loss: 0.8495, acc: 0.7777
Epoch 157/200
14:56:38 train - loss: 0.9294, acc: 0.8631
14:56:38 valid - loss: 0.8561, acc: 0.7796
Epoch 158/200
14:56:42 train - loss: 0.9189, acc: 0.8658
14:56:43 valid - loss: 0.8975, acc: 0.7718
Epoch 159/200
14:56:47 train - loss: 0.9051, acc: 0.8672
14:56:47 valid - loss: 0.8329, acc: 0.7818
Epoch 160/200
14:56:52 train - loss: 0.9033, acc: 0.8667
14:56:52 valid - loss: 0.8398, acc: 0.7807
Epoch 161/200
14:56:57 train - loss: 0.8994, acc: 0.8692
14:56:57 valid - loss: 0.8209, acc: 0.7880
Epoch 162/200
14:57:01 train - loss: 0.8898, acc: 0.8720
14:57:02 valid - loss: 0.8417, acc: 0.7809
Epoch 163/200
14:57:06 train - loss: 0.8768, acc: 0.8732
14:57:06 valid - loss: 0.8455, acc: 0.7769
Epoch 164/200
14:57:11 train - loss: 0.8736, acc: 0.8735
14:57:11 valid - loss: 0.8222, acc: 0.7872
Epoch 165/200
14:57:16 train - loss: 0.8612, acc: 0.8763
14:57:16 valid - loss: 0.8273, acc: 0.7870
Epoch 166/200
14:57:21 train - loss: 0.8582, acc: 0.8771
14:57:21 valid - loss: 0.8412, acc: 0.7827
Epoch 167/200
14:57:26 train - loss: 0.8430, acc: 0.8806
14:57:26 valid - loss: 0.8145, acc: 0.7898
Epoch 168/200
14:57:31 train - loss: 0.8462, acc: 0.8798
14:57:31 valid - loss: 0.7870, acc: 0.7966
Epoch 169/200
14:57:35 train - loss: 0.8331, acc: 0.8802
14:57:36 valid - loss: 0.8025, acc: 0.7923
Epoch 170/200
14:57:40 train - loss: 0.8201, acc: 0.8845
14:57:41 valid - loss: 0.7745, acc: 0.7965
Epoch 171/200
14:57:45 train - loss: 0.8181, acc: 0.8841
14:57:45 valid - loss: 0.7756, acc: 0.7973
Epoch 172/200
14:57:50 train - loss: 0.8144, acc: 0.8839
14:57:50 valid - loss: 0.7649, acc: 0.8018
Epoch 173/200
14:57:55 train - loss: 0.8065, acc: 0.8866
14:57:55 valid - loss: 0.7702, acc: 0.8002
Epoch 174/200
14:57:59 train - loss: 0.7953, acc: 0.8902
14:58:00 valid - loss: 0.7631, acc: 0.8022
Epoch 175/200
14:58:04 train - loss: 0.7850, acc: 0.8902
14:58:04 valid - loss: 0.7539, acc: 0.8064
Epoch 176/200
14:58:09 train - loss: 0.7870, acc: 0.8902
14:58:09 valid - loss: 0.7519, acc: 0.8074
Epoch 177/200
14:58:14 train - loss: 0.7746, acc: 0.8915
14:58:14 valid - loss: 0.7711, acc: 0.8030
Epoch 178/200
14:58:19 train - loss: 0.7705, acc: 0.8908
14:58:19 valid - loss: 0.7429, acc: 0.8064
Epoch 179/200
14:58:23 train - loss: 0.7649, acc: 0.8945
14:58:24 valid - loss: 0.7468, acc: 0.8069
Epoch 180/200
14:58:28 train - loss: 0.7589, acc: 0.8926
14:58:29 valid - loss: 0.7513, acc: 0.8040
Epoch 181/200
14:58:33 train - loss: 0.7572, acc: 0.8927
14:58:33 valid - loss: 0.7373, acc: 0.8110
Epoch 182/200
14:58:38 train - loss: 0.7536, acc: 0.8970
14:58:38 valid - loss: 0.7334, acc: 0.8086
Epoch 183/200
14:58:43 train - loss: 0.7485, acc: 0.8955
14:58:43 valid - loss: 0.7342, acc: 0.8074
Epoch 184/200
14:58:47 train - loss: 0.7401, acc: 0.8971
14:58:48 valid - loss: 0.7261, acc: 0.8108
Epoch 185/200
14:58:52 train - loss: 0.7425, acc: 0.8953
14:58:52 valid - loss: 0.7199, acc: 0.8144
Epoch 186/200
14:58:57 train - loss: 0.7389, acc: 0.8956
14:58:57 valid - loss: 0.7309, acc: 0.8108
Epoch 187/200
14:59:02 train - loss: 0.7267, acc: 0.8967
14:59:02 valid - loss: 0.7223, acc: 0.8132
Epoch 188/200
14:59:07 train - loss: 0.7267, acc: 0.8969
14:59:07 valid - loss: 0.7211, acc: 0.8140
Epoch 189/200
14:59:11 train - loss: 0.7205, acc: 0.8991
14:59:12 valid - loss: 0.7188, acc: 0.8147
Epoch 190/200
14:59:16 train - loss: 0.7281, acc: 0.8975
14:59:16 valid - loss: 0.7194, acc: 0.8146
Epoch 191/200
14:59:21 train - loss: 0.7103, acc: 0.9006
14:59:21 valid - loss: 0.7141, acc: 0.8154
Epoch 192/200
14:59:26 train - loss: 0.7172, acc: 0.8989
14:59:26 valid - loss: 0.7129, acc: 0.8169
Epoch 193/200
14:59:30 train - loss: 0.7106, acc: 0.8978
14:59:31 valid - loss: 0.7114, acc: 0.8172
Epoch 194/200
14:59:35 train - loss: 0.7057, acc: 0.9025
14:59:36 valid - loss: 0.7116, acc: 0.8183
Epoch 195/200
14:59:40 train - loss: 0.7121, acc: 0.9011
14:59:40 valid - loss: 0.7097, acc: 0.8198
Epoch 196/200
14:59:45 train - loss: 0.7136, acc: 0.8993
14:59:45 valid - loss: 0.7112, acc: 0.8189
Epoch 197/200
14:59:50 train - loss: 0.7044, acc: 0.9005
14:59:50 valid - loss: 0.7094, acc: 0.8189
Epoch 198/200
14:59:54 train - loss: 0.7080, acc: 0.8986
14:59:55 valid - loss: 0.7105, acc: 0.8185
Epoch 199/200
14:59:59 train - loss: 0.7009, acc: 0.9022
15:00:00 valid - loss: 0.7088, acc: 0.8176
Epoch 200/200
15:00:04 train - loss: 0.7019, acc: 0.9016
15:00:04 valid - loss: 0.7114, acc: 0.8180