19:00:07 Start training
Epoch 1/300
19:10:59 train - loss: 4.2019, acc: 0.0638
WARNING:tensorflow:From /usr/local/lib/python3.6/dist-packages/tensorflow/python/data/ops/multi_device_iterator_ops.py:601: get_next_as_optional (from tensorflow.python.data.ops.iterator_ops) is deprecated and will be removed in a future version.
Instructions for updating:
Use `tf.data.Iterator.get_next_as_optional()` instead.
WARNING:tensorflow:From /usr/local/lib/python3.6/dist-packages/tensorflow/python/data/ops/multi_device_iterator_ops.py:601: get_next_as_optional (from tensorflow.python.data.ops.iterator_ops) is deprecated and will be removed in a future version.
Instructions for updating:
Use `tf.data.Iterator.get_next_as_optional()` instead.
19:12:18 valid - loss: 3.7828, acc: 0.1158
Epoch 2/300
19:12:56 train - loss: 3.6910, acc: 0.1484
19:12:58 valid - loss: 3.1503, acc: 0.2227
Epoch 3/300
19:13:36 train - loss: 3.1587, acc: 0.2585
19:13:38 valid - loss: 2.5126, acc: 0.3494
Epoch 4/300
19:14:16 train - loss: 2.7385, acc: 0.3535
19:14:18 valid - loss: 2.0761, acc: 0.4469
Epoch 5/300
19:14:56 train - loss: 2.4790, acc: 0.4195
19:14:58 valid - loss: 1.9001, acc: 0.4816
Epoch 6/300
19:15:36 train - loss: 2.3219, acc: 0.4633
19:15:38 valid - loss: 1.8765, acc: 0.4921
Epoch 7/300
19:16:16 train - loss: 2.1930, acc: 0.4951
19:16:18 valid - loss: 1.5812, acc: 0.5605
Epoch 8/300
19:16:56 train - loss: 2.1151, acc: 0.5140
19:16:58 valid - loss: 1.6114, acc: 0.5580
Epoch 9/300
19:17:36 train - loss: 2.0543, acc: 0.5320
19:17:38 valid - loss: 1.5504, acc: 0.5724
Epoch 10/300
19:18:16 train - loss: 1.9922, acc: 0.5504
19:18:18 valid - loss: 1.4124, acc: 0.6014
Epoch 11/300
19:18:56 train - loss: 1.9577, acc: 0.5605
19:18:58 valid - loss: 1.5759, acc: 0.5731
Epoch 12/300
19:19:36 train - loss: 1.9241, acc: 0.5684
19:19:38 valid - loss: 1.3717, acc: 0.6199
Epoch 13/300
19:20:16 train - loss: 1.9060, acc: 0.5756
19:20:18 valid - loss: 1.5288, acc: 0.5804
Epoch 14/300
19:20:56 train - loss: 1.8727, acc: 0.5831
19:20:58 valid - loss: 1.3604, acc: 0.6221
Epoch 15/300
19:21:36 train - loss: 1.8486, acc: 0.5900
19:21:38 valid - loss: 1.4133, acc: 0.6024
Epoch 16/300
19:22:16 train - loss: 1.8127, acc: 0.5980
19:22:18 valid - loss: 1.3137, acc: 0.6381
Epoch 17/300
19:22:56 train - loss: 1.8085, acc: 0.6030
19:22:58 valid - loss: 1.5530, acc: 0.5802
Epoch 18/300
19:23:36 train - loss: 1.7878, acc: 0.6046
19:23:38 valid - loss: 1.3990, acc: 0.6152
Epoch 19/300
19:24:16 train - loss: 1.7713, acc: 0.6085
19:24:18 valid - loss: 1.4574, acc: 0.6070
Epoch 20/300
19:24:56 train - loss: 1.7555, acc: 0.6108
19:24:58 valid - loss: 1.3045, acc: 0.6337
Epoch 21/300
19:25:36 train - loss: 1.7426, acc: 0.6146
19:25:38 valid - loss: 1.2912, acc: 0.6374
Epoch 22/300
19:26:16 train - loss: 1.7255, acc: 0.6179
19:26:18 valid - loss: 1.2660, acc: 0.6512
Epoch 23/300
19:26:56 train - loss: 1.7205, acc: 0.6229
19:26:58 valid - loss: 1.3146, acc: 0.6356
Epoch 24/300
19:27:36 train - loss: 1.7022, acc: 0.6261
19:27:38 valid - loss: 1.3658, acc: 0.6291
Epoch 25/300
19:28:16 train - loss: 1.6920, acc: 0.6286
19:28:18 valid - loss: 1.2679, acc: 0.6435
Epoch 26/300
19:28:56 train - loss: 1.7015, acc: 0.6259
19:28:58 valid - loss: 1.3197, acc: 0.6341
Epoch 27/300
19:29:36 train - loss: 1.6905, acc: 0.6292
19:29:38 valid - loss: 1.4130, acc: 0.6194
Epoch 28/300
19:30:16 train - loss: 1.6713, acc: 0.6332
19:30:18 valid - loss: 1.2163, acc: 0.6598
Epoch 29/300
19:30:56 train - loss: 1.6594, acc: 0.6362
19:30:58 valid - loss: 1.2230, acc: 0.6636
Epoch 30/300
19:31:36 train - loss: 1.6571, acc: 0.6362
19:31:38 valid - loss: 1.3557, acc: 0.6440
Epoch 31/300
19:32:16 train - loss: 1.6500, acc: 0.6390
19:32:18 valid - loss: 1.3414, acc: 0.6364
Epoch 32/300
19:32:56 train - loss: 1.6488, acc: 0.6372
19:32:58 valid - loss: 1.2590, acc: 0.6547
Epoch 33/300
19:33:36 train - loss: 1.6430, acc: 0.6430
19:33:38 valid - loss: 1.3421, acc: 0.6380
Epoch 34/300
19:34:16 train - loss: 1.6249, acc: 0.6464
19:34:18 valid - loss: 1.2712, acc: 0.6449
Epoch 35/300
19:34:56 train - loss: 1.6355, acc: 0.6449
19:34:58 valid - loss: 1.3804, acc: 0.6256
Epoch 36/300
19:35:36 train - loss: 1.6143, acc: 0.6496
19:35:38 valid - loss: 1.3960, acc: 0.6300
Epoch 37/300
19:36:16 train - loss: 1.6041, acc: 0.6513
19:36:18 valid - loss: 1.2248, acc: 0.6677
Epoch 38/300
19:36:56 train - loss: 1.6180, acc: 0.6470
19:36:57 valid - loss: 1.2161, acc: 0.6612
Epoch 39/300
19:37:36 train - loss: 1.6174, acc: 0.6466
19:37:37 valid - loss: 1.2473, acc: 0.6571
Epoch 40/300
19:38:16 train - loss: 1.5966, acc: 0.6541
19:38:17 valid - loss: 1.2329, acc: 0.6592
Epoch 41/300
19:38:56 train - loss: 1.5884, acc: 0.6588
19:38:57 valid - loss: 1.3531, acc: 0.6373
Epoch 42/300
19:39:36 train - loss: 1.6073, acc: 0.6492
19:39:37 valid - loss: 1.2677, acc: 0.6600
Epoch 43/300
19:40:16 train - loss: 1.5921, acc: 0.6503
19:40:17 valid - loss: 1.2809, acc: 0.6500
Epoch 44/300
19:40:56 train - loss: 1.5875, acc: 0.6548
19:40:57 valid - loss: 1.2944, acc: 0.6514
Epoch 45/300
19:41:36 train - loss: 1.5785, acc: 0.6569
19:41:37 valid - loss: 1.1744, acc: 0.6730
Epoch 46/300
19:42:16 train - loss: 1.5878, acc: 0.6551
19:42:17 valid - loss: 1.1308, acc: 0.6843
Epoch 47/300
19:42:56 train - loss: 1.5791, acc: 0.6565
19:42:57 valid - loss: 1.1599, acc: 0.6772
Epoch 48/300
19:43:36 train - loss: 1.5718, acc: 0.6562
19:43:37 valid - loss: 1.3258, acc: 0.6449
Epoch 49/300
19:44:16 train - loss: 1.5625, acc: 0.6621
19:44:17 valid - loss: 1.2352, acc: 0.6575
Epoch 50/300
19:44:56 train - loss: 1.5638, acc: 0.6633
19:44:57 valid - loss: 1.4294, acc: 0.6279
Epoch 51/300
19:45:36 train - loss: 1.5594, acc: 0.6630
19:45:37 valid - loss: 1.3166, acc: 0.6444
Epoch 52/300
19:46:16 train - loss: 1.5577, acc: 0.6618
19:46:17 valid - loss: 1.2410, acc: 0.6590
Epoch 53/300
19:46:56 train - loss: 1.5390, acc: 0.6664
19:46:57 valid - loss: 1.2539, acc: 0.6622
Epoch 54/300
19:47:36 train - loss: 1.5478, acc: 0.6671
19:47:37 valid - loss: 1.2101, acc: 0.6702
Epoch 55/300
19:48:16 train - loss: 1.5486, acc: 0.6661
19:48:17 valid - loss: 1.2226, acc: 0.6683
Epoch 56/300
19:48:56 train - loss: 1.5447, acc: 0.6659
19:48:57 valid - loss: 1.2123, acc: 0.6711
Epoch 57/300
19:49:35 train - loss: 1.5338, acc: 0.6710
19:49:37 valid - loss: 1.3025, acc: 0.6521
Epoch 58/300
19:50:15 train - loss: 1.5365, acc: 0.6653
19:50:17 valid - loss: 1.1098, acc: 0.6959
Epoch 59/300
19:50:55 train - loss: 1.5363, acc: 0.6684
19:50:57 valid - loss: 1.1687, acc: 0.6742
Epoch 60/300
19:51:36 train - loss: 1.5199, acc: 0.6719
19:51:37 valid - loss: 1.1959, acc: 0.6765
Epoch 61/300
19:52:16 train - loss: 1.5279, acc: 0.6723
19:52:17 valid - loss: 1.2479, acc: 0.6635
Epoch 62/300
19:52:56 train - loss: 1.5179, acc: 0.6733
19:52:57 valid - loss: 1.1514, acc: 0.6866
Epoch 63/300
19:53:36 train - loss: 1.5133, acc: 0.6780
19:53:37 valid - loss: 1.1706, acc: 0.6806
Epoch 64/300
19:54:16 train - loss: 1.5171, acc: 0.6720
19:54:17 valid - loss: 1.2391, acc: 0.6686
Epoch 65/300
19:54:56 train - loss: 1.5124, acc: 0.6753
19:54:57 valid - loss: 1.0649, acc: 0.6994
Epoch 66/300
19:55:36 train - loss: 1.4986, acc: 0.6767
19:55:37 valid - loss: 1.2281, acc: 0.6769
Epoch 67/300
19:56:16 train - loss: 1.5121, acc: 0.6757
19:56:17 valid - loss: 1.1975, acc: 0.6685
Epoch 68/300
19:56:56 train - loss: 1.4930, acc: 0.6801
19:56:57 valid - loss: 1.2286, acc: 0.6813
Epoch 69/300
19:57:36 train - loss: 1.4985, acc: 0.6781
19:57:37 valid - loss: 1.1751, acc: 0.6755
Epoch 70/300
19:58:15 train - loss: 1.4909, acc: 0.6793
19:58:17 valid - loss: 1.1010, acc: 0.6925
Epoch 71/300
19:58:55 train - loss: 1.4900, acc: 0.6783
19:58:57 valid - loss: 1.3543, acc: 0.6523
Epoch 72/300
19:59:35 train - loss: 1.4899, acc: 0.6782
19:59:37 valid - loss: 1.1952, acc: 0.6870
Epoch 73/300
20:00:15 train - loss: 1.4804, acc: 0.6811
20:00:17 valid - loss: 1.2327, acc: 0.6691
Epoch 74/300
20:00:55 train - loss: 1.4792, acc: 0.6816
20:00:57 valid - loss: 1.0752, acc: 0.7010
Epoch 75/300
20:01:35 train - loss: 1.4834, acc: 0.6837
20:01:37 valid - loss: 1.2557, acc: 0.6719
Epoch 76/300
20:02:15 train - loss: 1.4705, acc: 0.6848
20:02:17 valid - loss: 1.2935, acc: 0.6584
Epoch 77/300
20:02:55 train - loss: 1.4712, acc: 0.6870
20:02:57 valid - loss: 1.1593, acc: 0.6854
Epoch 78/300
20:03:35 train - loss: 1.4623, acc: 0.6855
20:03:37 valid - loss: 1.1492, acc: 0.6817
Epoch 79/300
20:04:15 train - loss: 1.4623, acc: 0.6872
20:04:17 valid - loss: 1.2183, acc: 0.6784
Epoch 80/300
20:04:55 train - loss: 1.4544, acc: 0.6870
20:04:57 valid - loss: 1.0958, acc: 0.7020
Epoch 81/300
20:05:35 train - loss: 1.4609, acc: 0.6879
20:05:37 valid - loss: 1.1027, acc: 0.6949
Epoch 82/300
20:06:16 train - loss: 1.4445, acc: 0.6906
20:06:17 valid - loss: 1.1109, acc: 0.6951
Epoch 83/300
20:06:55 train - loss: 1.4565, acc: 0.6890
20:06:57 valid - loss: 1.1616, acc: 0.6791
Epoch 84/300
20:07:35 train - loss: 1.4511, acc: 0.6875
20:07:37 valid - loss: 1.1800, acc: 0.6761
Epoch 85/300
20:08:15 train - loss: 1.4447, acc: 0.6917
20:08:17 valid - loss: 1.0940, acc: 0.7042
Epoch 86/300
20:08:55 train - loss: 1.4389, acc: 0.6938
20:08:57 valid - loss: 1.1182, acc: 0.6984
Epoch 87/300
20:09:35 train - loss: 1.4364, acc: 0.6955
20:09:37 valid - loss: 1.1504, acc: 0.6859
Epoch 88/300
20:10:15 train - loss: 1.4418, acc: 0.6901
20:10:17 valid - loss: 1.4952, acc: 0.6321
Epoch 89/300
20:10:55 train - loss: 1.4255, acc: 0.6943
20:10:57 valid - loss: 1.1934, acc: 0.6783
Epoch 90/300
20:11:35 train - loss: 1.4229, acc: 0.6977
20:11:37 valid - loss: 1.2362, acc: 0.6781
Epoch 91/300
20:12:15 train - loss: 1.4299, acc: 0.6971
20:12:17 valid - loss: 1.1262, acc: 0.6973
Epoch 92/300
20:12:55 train - loss: 1.4218, acc: 0.6980
20:12:57 valid - loss: 1.1544, acc: 0.6857
Epoch 93/300
20:13:35 train - loss: 1.4220, acc: 0.7017
20:13:37 valid - loss: 1.1229, acc: 0.6917
Epoch 94/300
20:14:15 train - loss: 1.4127, acc: 0.6984
20:14:17 valid - loss: 1.2449, acc: 0.6727
Epoch 95/300
20:14:55 train - loss: 1.4120, acc: 0.7003
20:14:57 valid - loss: 1.0934, acc: 0.7049
Epoch 96/300
20:15:35 train - loss: 1.3954, acc: 0.7038
20:15:37 valid - loss: 1.0897, acc: 0.7078
Epoch 97/300
20:16:15 train - loss: 1.3970, acc: 0.7055
20:16:17 valid - loss: 1.0860, acc: 0.7016
Epoch 98/300
20:16:55 train - loss: 1.3957, acc: 0.7034
20:16:57 valid - loss: 1.0770, acc: 0.7150
Epoch 99/300
20:17:35 train - loss: 1.3902, acc: 0.7080
20:17:37 valid - loss: 0.9905, acc: 0.7222
Epoch 100/300
20:18:15 train - loss: 1.3876, acc: 0.7069
20:18:17 valid - loss: 1.1511, acc: 0.6979
Epoch 101/300
20:18:55 train - loss: 1.3826, acc: 0.7070
20:18:57 valid - loss: 1.0298, acc: 0.7175
Epoch 102/300
20:19:36 train - loss: 1.3881, acc: 0.7063
20:19:37 valid - loss: 1.1157, acc: 0.7000
Epoch 103/300
20:20:16 train - loss: 1.3766, acc: 0.7070
20:20:17 valid - loss: 1.0682, acc: 0.7069
Epoch 104/300
20:20:56 train - loss: 1.3698, acc: 0.7107
20:20:57 valid - loss: 1.0813, acc: 0.6999
Epoch 105/300
20:21:36 train - loss: 1.3656, acc: 0.7105
20:21:37 valid - loss: 1.0758, acc: 0.7018
Epoch 106/300
20:22:16 train - loss: 1.3499, acc: 0.7124
20:22:17 valid - loss: 1.1478, acc: 0.6951
Epoch 107/300
20:22:56 train - loss: 1.3497, acc: 0.7149
20:22:57 valid - loss: 1.0451, acc: 0.7060
Epoch 108/300
20:23:36 train - loss: 1.3566, acc: 0.7144
20:23:37 valid - loss: 1.0995, acc: 0.7104
Epoch 109/300
20:24:16 train - loss: 1.3510, acc: 0.7129
20:24:17 valid - loss: 1.1026, acc: 0.7027
Epoch 110/300
20:24:56 train - loss: 1.3492, acc: 0.7122
20:24:57 valid - loss: 1.0465, acc: 0.7158
Epoch 111/300
20:25:36 train - loss: 1.3375, acc: 0.7174
20:25:37 valid - loss: 1.0621, acc: 0.7072
Epoch 112/300
20:26:16 train - loss: 1.3450, acc: 0.7186
20:26:17 valid - loss: 1.1257, acc: 0.6951
Epoch 113/300
20:26:56 train - loss: 1.3359, acc: 0.7217
20:26:57 valid - loss: 1.0610, acc: 0.7065
Epoch 114/300
20:27:36 train - loss: 1.3244, acc: 0.7218
20:27:37 valid - loss: 1.0803, acc: 0.7107
Epoch 115/300
20:28:16 train - loss: 1.3224, acc: 0.7218
20:28:17 valid - loss: 1.0247, acc: 0.7211
Epoch 116/300
20:28:55 train - loss: 1.3076, acc: 0.7269
20:28:57 valid - loss: 1.0930, acc: 0.7090
Epoch 117/300
20:29:35 train - loss: 1.3063, acc: 0.7260
20:29:37 valid - loss: 1.1011, acc: 0.7182
Epoch 118/300
20:30:16 train - loss: 1.3133, acc: 0.7246
20:30:17 valid - loss: 1.0712, acc: 0.7096
Epoch 119/300
20:30:56 train - loss: 1.3056, acc: 0.7285
20:30:57 valid - loss: 1.1256, acc: 0.7007
Epoch 120/300
20:31:36 train - loss: 1.3094, acc: 0.7247
20:31:37 valid - loss: 0.9894, acc: 0.7175
Epoch 121/300
20:32:16 train - loss: 1.2888, acc: 0.7307
20:32:17 valid - loss: 1.0008, acc: 0.7196
Epoch 122/300
20:32:56 train - loss: 1.3027, acc: 0.7275
20:32:57 valid - loss: 1.0963, acc: 0.7022
Epoch 123/300
20:33:36 train - loss: 1.2912, acc: 0.7289
20:33:37 valid - loss: 1.0330, acc: 0.7191
Epoch 124/300
20:34:16 train - loss: 1.2822, acc: 0.7315
20:34:17 valid - loss: 1.1338, acc: 0.7008
Epoch 125/300
20:34:56 train - loss: 1.2759, acc: 0.7343
20:34:57 valid - loss: 1.0425, acc: 0.7176
Epoch 126/300
20:35:36 train - loss: 1.2661, acc: 0.7389
20:35:37 valid - loss: 1.0279, acc: 0.7239
Epoch 127/300
20:36:16 train - loss: 1.2791, acc: 0.7375
20:36:17 valid - loss: 0.9767, acc: 0.7342
Epoch 128/300
20:36:56 train - loss: 1.2596, acc: 0.7417
20:36:57 valid - loss: 1.0305, acc: 0.7176
Epoch 129/300
20:37:36 train - loss: 1.2554, acc: 0.7401
20:37:37 valid - loss: 1.0767, acc: 0.7196
Epoch 130/300
20:38:16 train - loss: 1.2480, acc: 0.7427
20:38:17 valid - loss: 1.0766, acc: 0.7173
Epoch 131/300
20:38:56 train - loss: 1.2456, acc: 0.7436
20:38:57 valid - loss: 1.1280, acc: 0.7108
Epoch 132/300
20:39:36 train - loss: 1.2470, acc: 0.7418
20:39:37 valid - loss: 1.0311, acc: 0.7180
Epoch 133/300
20:40:16 train - loss: 1.2401, acc: 0.7441
20:40:17 valid - loss: 1.0443, acc: 0.7227
Epoch 134/300
20:40:56 train - loss: 1.2252, acc: 0.7469
20:40:57 valid - loss: 1.0826, acc: 0.7115
Epoch 135/300
20:41:36 train - loss: 1.2257, acc: 0.7451
20:41:38 valid - loss: 1.0416, acc: 0.7203
Epoch 136/300
20:42:16 train - loss: 1.2290, acc: 0.7461
20:42:18 valid - loss: 1.0593, acc: 0.7164
Epoch 137/300
20:42:56 train - loss: 1.2237, acc: 0.7487
20:42:58 valid - loss: 1.0270, acc: 0.7305
Epoch 138/300
20:43:36 train - loss: 1.2071, acc: 0.7516
20:43:38 valid - loss: 0.9853, acc: 0.7381
Epoch 139/300
20:44:16 train - loss: 1.1994, acc: 0.7549
20:44:18 valid - loss: 1.0133, acc: 0.7308
Epoch 140/300
20:44:56 train - loss: 1.2011, acc: 0.7527
20:44:58 valid - loss: 1.1171, acc: 0.7118
Epoch 141/300
20:45:36 train - loss: 1.2007, acc: 0.7555
20:45:38 valid - loss: 1.0882, acc: 0.7109
Epoch 142/300
20:46:16 train - loss: 1.1974, acc: 0.7554
20:46:17 valid - loss: 1.0183, acc: 0.7289
Epoch 143/300
20:46:56 train - loss: 1.1874, acc: 0.7590
20:46:57 valid - loss: 1.0084, acc: 0.7278
Epoch 144/300
20:47:36 train - loss: 1.1853, acc: 0.7573
20:47:37 valid - loss: 1.0069, acc: 0.7341
Epoch 145/300
20:48:16 train - loss: 1.1645, acc: 0.7641
20:48:17 valid - loss: 0.9152, acc: 0.7501
Epoch 146/300
20:48:56 train - loss: 1.1710, acc: 0.7633
20:48:57 valid - loss: 1.0737, acc: 0.7115
Epoch 147/300
20:49:36 train - loss: 1.1682, acc: 0.7642
20:49:38 valid - loss: 1.0113, acc: 0.7279
Epoch 148/300
20:50:16 train - loss: 1.1601, acc: 0.7668
20:50:18 valid - loss: 0.9442, acc: 0.7448
Epoch 149/300
20:50:56 train - loss: 1.1560, acc: 0.7656
20:50:58 valid - loss: 1.0160, acc: 0.7299
Epoch 150/300
20:51:36 train - loss: 1.1571, acc: 0.7635
20:51:38 valid - loss: 1.0072, acc: 0.7330
Epoch 151/300
20:52:16 train - loss: 1.1493, acc: 0.7694
20:52:18 valid - loss: 1.1226, acc: 0.7098
Epoch 152/300
20:52:57 train - loss: 1.1329, acc: 0.7740
20:52:58 valid - loss: 1.1005, acc: 0.7147
Epoch 153/300
20:53:37 train - loss: 1.1319, acc: 0.7759
20:53:38 valid - loss: 1.0172, acc: 0.7350
Epoch 154/300
20:54:17 train - loss: 1.1266, acc: 0.7744
20:54:19 valid - loss: 0.9713, acc: 0.7460
Epoch 155/300
20:54:57 train - loss: 1.1175, acc: 0.7762
20:54:59 valid - loss: 0.9535, acc: 0.7479
Epoch 156/300
20:55:37 train - loss: 1.1256, acc: 0.7720
20:55:39 valid - loss: 1.0492, acc: 0.7277
Epoch 157/300
20:56:17 train - loss: 1.1110, acc: 0.7775
20:56:19 valid - loss: 1.0429, acc: 0.7343
Epoch 158/300
20:56:57 train - loss: 1.1138, acc: 0.7785
20:56:59 valid - loss: 0.9973, acc: 0.7381
Epoch 159/300
20:57:37 train - loss: 1.0946, acc: 0.7808
20:57:39 valid - loss: 1.0111, acc: 0.7340
Epoch 160/300
20:58:17 train - loss: 1.0939, acc: 0.7850
20:58:19 valid - loss: 0.9303, acc: 0.7553
Epoch 161/300
20:58:57 train - loss: 1.0811, acc: 0.7854
20:58:59 valid - loss: 1.0716, acc: 0.7290
Epoch 162/300
20:59:37 train - loss: 1.0857, acc: 0.7848
20:59:39 valid - loss: 0.9551, acc: 0.7483
Epoch 163/300
21:00:17 train - loss: 1.0877, acc: 0.7839
21:00:19 valid - loss: 0.9538, acc: 0.7487
Epoch 164/300
21:00:57 train - loss: 1.0756, acc: 0.7879
21:00:59 valid - loss: 0.9481, acc: 0.7529
Epoch 165/300
21:01:37 train - loss: 1.0627, acc: 0.7905
21:01:39 valid - loss: 1.0552, acc: 0.7294
Epoch 166/300
21:02:17 train - loss: 1.0587, acc: 0.7924
21:02:19 valid - loss: 1.0091, acc: 0.7402
Epoch 167/300
21:02:57 train - loss: 1.0528, acc: 0.7945
21:02:59 valid - loss: 0.9382, acc: 0.7530
Epoch 168/300
21:03:37 train - loss: 1.0449, acc: 0.7935
21:03:39 valid - loss: 0.9361, acc: 0.7585
Epoch 169/300
21:04:17 train - loss: 1.0440, acc: 0.7972
21:04:19 valid - loss: 0.9665, acc: 0.7471
Epoch 170/300
21:04:57 train - loss: 1.0305, acc: 0.8014
21:04:59 valid - loss: 0.9741, acc: 0.7465
Epoch 171/300
21:05:37 train - loss: 1.0325, acc: 0.7993
21:05:39 valid - loss: 0.9877, acc: 0.7467
Epoch 172/300
21:06:17 train - loss: 1.0176, acc: 0.8009
21:06:19 valid - loss: 1.0277, acc: 0.7465
Epoch 173/300
21:06:57 train - loss: 1.0130, acc: 0.8014
21:06:59 valid - loss: 1.0417, acc: 0.7405
Epoch 174/300
21:07:37 train - loss: 1.0148, acc: 0.8050
21:07:39 valid - loss: 0.9919, acc: 0.7470
Epoch 175/300
21:08:17 train - loss: 1.0052, acc: 0.8078
21:08:19 valid - loss: 1.0351, acc: 0.7396
Epoch 176/300
21:08:57 train - loss: 0.9886, acc: 0.8094
21:08:59 valid - loss: 1.0404, acc: 0.7373
Epoch 177/300
21:09:37 train - loss: 0.9771, acc: 0.8114
21:09:39 valid - loss: 0.9302, acc: 0.7634
Epoch 178/300
21:10:17 train - loss: 0.9858, acc: 0.8097
21:10:19 valid - loss: 1.0038, acc: 0.7639
Epoch 179/300
21:10:57 train - loss: 0.9853, acc: 0.8076
21:10:59 valid - loss: 0.9851, acc: 0.7493
Epoch 180/300
21:11:37 train - loss: 0.9647, acc: 0.8156
21:11:39 valid - loss: 1.0227, acc: 0.7541
Epoch 181/300
21:12:17 train - loss: 0.9661, acc: 0.8125
21:12:19 valid - loss: 0.9487, acc: 0.7638
Epoch 182/300
21:12:57 train - loss: 0.9588, acc: 0.8192
21:12:59 valid - loss: 0.9313, acc: 0.7625
Epoch 183/300
21:13:37 train - loss: 0.9602, acc: 0.8167
21:13:39 valid - loss: 1.0477, acc: 0.7452
Epoch 184/300
21:14:17 train - loss: 0.9463, acc: 0.8229
21:14:19 valid - loss: 0.9759, acc: 0.7560
Epoch 185/300
21:14:57 train - loss: 0.9438, acc: 0.8203
21:14:59 valid - loss: 0.9322, acc: 0.7611
Epoch 186/300
21:15:37 train - loss: 0.9413, acc: 0.8200
21:15:39 valid - loss: 0.9419, acc: 0.7568
Epoch 187/300
21:16:17 train - loss: 0.9328, acc: 0.8239
21:16:19 valid - loss: 0.9723, acc: 0.7540
Epoch 188/300
21:16:57 train - loss: 0.9368, acc: 0.8253
21:16:59 valid - loss: 0.9278, acc: 0.7644
Epoch 189/300
21:17:37 train - loss: 0.9198, acc: 0.8283
21:17:39 valid - loss: 0.9528, acc: 0.7674
Epoch 190/300
21:18:17 train - loss: 0.9124, acc: 0.8309
21:18:19 valid - loss: 0.9721, acc: 0.7636
Epoch 191/300
21:18:57 train - loss: 0.9104, acc: 0.8297
21:18:59 valid - loss: 0.8800, acc: 0.7733
Epoch 192/300
21:19:37 train - loss: 0.9043, acc: 0.8308
21:19:39 valid - loss: 1.0366, acc: 0.7521
Epoch 193/300
21:20:17 train - loss: 0.8873, acc: 0.8342
21:20:19 valid - loss: 0.9643, acc: 0.7627
Epoch 194/300
21:20:57 train - loss: 0.8838, acc: 0.8375
21:20:59 valid - loss: 0.9420, acc: 0.7737
Epoch 195/300
21:21:37 train - loss: 0.8788, acc: 0.8390
21:21:39 valid - loss: 0.8672, acc: 0.7738
Epoch 196/300
21:22:17 train - loss: 0.8837, acc: 0.8390
21:22:19 valid - loss: 0.9271, acc: 0.7756
Epoch 197/300
21:22:57 train - loss: 0.8740, acc: 0.8394
21:22:59 valid - loss: 0.8722, acc: 0.7754
Epoch 198/300
21:23:37 train - loss: 0.8710, acc: 0.8410
21:23:39 valid - loss: 0.8771, acc: 0.7838
Epoch 199/300
21:24:17 train - loss: 0.8521, acc: 0.8453
21:24:19 valid - loss: 0.9211, acc: 0.7655
Epoch 200/300
21:24:57 train - loss: 0.8443, acc: 0.8477
21:24:59 valid - loss: 0.9868, acc: 0.7612
Epoch 201/300
21:25:37 train - loss: 0.8434, acc: 0.8460
21:25:39 valid - loss: 1.0080, acc: 0.7625
Epoch 202/300
21:26:17 train - loss: 0.8425, acc: 0.8468
21:26:19 valid - loss: 0.9579, acc: 0.7673
Epoch 203/300
21:26:57 train - loss: 0.8372, acc: 0.8500
21:26:59 valid - loss: 0.9168, acc: 0.7769
Epoch 204/300
21:27:37 train - loss: 0.8209, acc: 0.8541
21:27:39 valid - loss: 0.9431, acc: 0.7707
Epoch 205/300
21:28:17 train - loss: 0.8260, acc: 0.8479
21:28:19 valid - loss: 0.8997, acc: 0.7813
Epoch 206/300
21:28:57 train - loss: 0.8246, acc: 0.8511
21:28:59 valid - loss: 0.9064, acc: 0.7766
Epoch 207/300
21:29:37 train - loss: 0.8147, acc: 0.8526
21:29:39 valid - loss: 0.9305, acc: 0.7720
Epoch 208/300
21:30:17 train - loss: 0.8082, acc: 0.8530
21:30:19 valid - loss: 0.8365, acc: 0.7911
Epoch 209/300
21:30:57 train - loss: 0.7952, acc: 0.8584
21:30:59 valid - loss: 0.8842, acc: 0.7854
Epoch 210/300
21:31:37 train - loss: 0.7870, acc: 0.8614
21:31:39 valid - loss: 0.8753, acc: 0.7813
Epoch 211/300
21:32:17 train - loss: 0.7872, acc: 0.8620
21:32:19 valid - loss: 0.8735, acc: 0.7838
Epoch 212/300
21:32:57 train - loss: 0.7869, acc: 0.8597
21:32:59 valid - loss: 0.8778, acc: 0.7895
Epoch 213/300
21:33:37 train - loss: 0.7631, acc: 0.8659
21:33:39 valid - loss: 1.0247, acc: 0.7655
Epoch 214/300
21:34:17 train - loss: 0.7702, acc: 0.8648
21:34:19 valid - loss: 0.8297, acc: 0.7945
Epoch 215/300
21:34:57 train - loss: 0.7680, acc: 0.8640
21:34:59 valid - loss: 0.8710, acc: 0.7873
Epoch 216/300
21:35:37 train - loss: 0.7630, acc: 0.8657
21:35:39 valid - loss: 0.9192, acc: 0.7828
Epoch 217/300
21:36:17 train - loss: 0.7547, acc: 0.8694
21:36:19 valid - loss: 0.9002, acc: 0.7793
Epoch 218/300
21:36:57 train - loss: 0.7478, acc: 0.8702
21:36:59 valid - loss: 0.8550, acc: 0.7937
Epoch 219/300
21:37:37 train - loss: 0.7423, acc: 0.8727
21:37:39 valid - loss: 0.8695, acc: 0.7969
Epoch 220/300
21:38:17 train - loss: 0.7272, acc: 0.8746
21:38:19 valid - loss: 0.8213, acc: 0.7991
Epoch 221/300
21:38:57 train - loss: 0.7240, acc: 0.8765
21:38:59 valid - loss: 0.8750, acc: 0.7926
Epoch 222/300
21:39:37 train - loss: 0.7233, acc: 0.8749
21:39:39 valid - loss: 0.8739, acc: 0.7993
Epoch 223/300
21:40:17 train - loss: 0.7070, acc: 0.8799
21:40:19 valid - loss: 0.8422, acc: 0.7957
Epoch 224/300
21:40:57 train - loss: 0.7124, acc: 0.8772
21:40:59 valid - loss: 0.8472, acc: 0.7984
Epoch 225/300
21:41:37 train - loss: 0.7056, acc: 0.8793
21:41:39 valid - loss: 0.8684, acc: 0.7963
Epoch 226/300
21:42:17 train - loss: 0.7111, acc: 0.8772
21:42:19 valid - loss: 0.8339, acc: 0.7920
Epoch 227/300
21:42:57 train - loss: 0.6924, acc: 0.8802
21:42:59 valid - loss: 0.9039, acc: 0.7936
Epoch 228/300
21:43:37 train - loss: 0.6951, acc: 0.8806
21:43:39 valid - loss: 0.8481, acc: 0.7991
Epoch 229/300
21:44:17 train - loss: 0.6911, acc: 0.8819
21:44:19 valid - loss: 0.8331, acc: 0.8046
Epoch 230/300
21:44:57 train - loss: 0.6809, acc: 0.8828
21:44:59 valid - loss: 0.8344, acc: 0.7972
Epoch 231/300
21:45:37 train - loss: 0.6666, acc: 0.8875
21:45:39 valid - loss: 0.8178, acc: 0.8059
Epoch 232/300
21:46:17 train - loss: 0.6621, acc: 0.8877
21:46:19 valid - loss: 0.8336, acc: 0.8019
Epoch 233/300
21:46:57 train - loss: 0.6607, acc: 0.8887
21:46:59 valid - loss: 0.8107, acc: 0.8061
Epoch 234/300
21:47:37 train - loss: 0.6675, acc: 0.8883
21:47:39 valid - loss: 0.7825, acc: 0.8066
Epoch 235/300
21:48:17 train - loss: 0.6448, acc: 0.8930
21:48:19 valid - loss: 0.8344, acc: 0.8090
Epoch 236/300
21:48:58 train - loss: 0.6424, acc: 0.8934
21:48:59 valid - loss: 0.8364, acc: 0.8068
Epoch 237/300
21:49:38 train - loss: 0.6446, acc: 0.8890
21:49:39 valid - loss: 0.8309, acc: 0.8079
Epoch 238/300
21:50:18 train - loss: 0.6300, acc: 0.8936
21:50:19 valid - loss: 0.8072, acc: 0.8086
Epoch 239/300
21:50:58 train - loss: 0.6246, acc: 0.8951
21:50:59 valid - loss: 0.7876, acc: 0.8109
Epoch 240/300
21:51:38 train - loss: 0.6164, acc: 0.8948
21:51:39 valid - loss: 0.8127, acc: 0.8060
Epoch 241/300
21:52:17 train - loss: 0.6170, acc: 0.8965
21:52:19 valid - loss: 0.7864, acc: 0.8151
Epoch 242/300
21:52:57 train - loss: 0.6096, acc: 0.8989
21:52:59 valid - loss: 0.7898, acc: 0.8150
Epoch 243/300
21:53:37 train - loss: 0.6041, acc: 0.8999
21:53:39 valid - loss: 0.7995, acc: 0.8139
Epoch 244/300
21:54:17 train - loss: 0.5970, acc: 0.9003
21:54:19 valid - loss: 0.7810, acc: 0.8151
Epoch 245/300
21:54:57 train - loss: 0.5914, acc: 0.9021
21:54:59 valid - loss: 0.8686, acc: 0.8084
Epoch 246/300
21:55:37 train - loss: 0.5910, acc: 0.9012
21:55:39 valid - loss: 0.7967, acc: 0.8125
Epoch 247/300
21:56:18 train - loss: 0.5890, acc: 0.9021
21:56:19 valid - loss: 0.7759, acc: 0.8178
Epoch 248/300
21:56:58 train - loss: 0.5791, acc: 0.9059
21:56:59 valid - loss: 0.7858, acc: 0.8173
Epoch 249/300
21:57:38 train - loss: 0.5713, acc: 0.9039
21:57:39 valid - loss: 0.7706, acc: 0.8212
Epoch 250/300
21:58:18 train - loss: 0.5627, acc: 0.9061
21:58:19 valid - loss: 0.7860, acc: 0.8187
Epoch 251/300
21:58:58 train - loss: 0.5594, acc: 0.9073
21:58:59 valid - loss: 0.7875, acc: 0.8203
Epoch 252/300
21:59:38 train - loss: 0.5552, acc: 0.9082
21:59:39 valid - loss: 0.8030, acc: 0.8176
Epoch 253/300
22:00:18 train - loss: 0.5465, acc: 0.9120
22:00:19 valid - loss: 0.7687, acc: 0.8199
Epoch 254/300
22:00:58 train - loss: 0.5417, acc: 0.9118
22:00:59 valid - loss: 0.7664, acc: 0.8226
Epoch 255/300
22:01:38 train - loss: 0.5388, acc: 0.9105
22:01:39 valid - loss: 0.7465, acc: 0.8224
Epoch 256/300
22:02:18 train - loss: 0.5364, acc: 0.9121
22:02:19 valid - loss: 0.7648, acc: 0.8226
Epoch 257/300
22:02:58 train - loss: 0.5317, acc: 0.9130
22:02:59 valid - loss: 0.7466, acc: 0.8226
Epoch 258/300
22:03:38 train - loss: 0.5275, acc: 0.9142
22:03:39 valid - loss: 0.7779, acc: 0.8197
Epoch 259/300
22:04:18 train - loss: 0.5208, acc: 0.9161
22:04:19 valid - loss: 0.7516, acc: 0.8282
Epoch 260/300
22:04:58 train - loss: 0.5149, acc: 0.9129
22:05:00 valid - loss: 0.7769, acc: 0.8197
Epoch 261/300
22:05:38 train - loss: 0.5094, acc: 0.9165
22:05:40 valid - loss: 0.7584, acc: 0.8244
Epoch 262/300
22:06:18 train - loss: 0.5071, acc: 0.9183
22:06:20 valid - loss: 0.7641, acc: 0.8228
Epoch 263/300
22:06:58 train - loss: 0.4967, acc: 0.9183
22:07:00 valid - loss: 0.7530, acc: 0.8242
Epoch 264/300
22:07:38 train - loss: 0.4984, acc: 0.9190
22:07:40 valid - loss: 0.7615, acc: 0.8248
Epoch 265/300
22:08:18 train - loss: 0.4911, acc: 0.9207
22:08:20 valid - loss: 0.7414, acc: 0.8237
Epoch 266/300
22:08:58 train - loss: 0.4855, acc: 0.9200
22:08:59 valid - loss: 0.7118, acc: 0.8295
Epoch 267/300
22:09:38 train - loss: 0.4801, acc: 0.9235
22:09:39 valid - loss: 0.7416, acc: 0.8270
Epoch 268/300
22:10:18 train - loss: 0.4747, acc: 0.9226
22:10:20 valid - loss: 0.7535, acc: 0.8267
Epoch 269/300
22:10:58 train - loss: 0.4760, acc: 0.9212
22:11:00 valid - loss: 0.7492, acc: 0.8238
Epoch 270/300
22:11:39 train - loss: 0.4648, acc: 0.9240
22:11:40 valid - loss: 0.7462, acc: 0.8272
Epoch 271/300
22:12:19 train - loss: 0.4649, acc: 0.9235
22:12:21 valid - loss: 0.7318, acc: 0.8285
Epoch 272/300
22:12:59 train - loss: 0.4597, acc: 0.9264
22:13:01 valid - loss: 0.7296, acc: 0.8310
Epoch 273/300
22:13:39 train - loss: 0.4551, acc: 0.9252
22:13:41 valid - loss: 0.7406, acc: 0.8313
Epoch 274/300
22:14:19 train - loss: 0.4518, acc: 0.9276
22:14:21 valid - loss: 0.7366, acc: 0.8268
Epoch 275/300
22:15:00 train - loss: 0.4466, acc: 0.9262
22:15:01 valid - loss: 0.7130, acc: 0.8295
Epoch 276/300
22:15:40 train - loss: 0.4464, acc: 0.9278
22:15:41 valid - loss: 0.7180, acc: 0.8295
Epoch 277/300
22:16:20 train - loss: 0.4430, acc: 0.9283
22:16:21 valid - loss: 0.7147, acc: 0.8316
Epoch 278/300
22:17:00 train - loss: 0.4422, acc: 0.9288
22:17:01 valid - loss: 0.7154, acc: 0.8287
Epoch 279/300
22:17:40 train - loss: 0.4346, acc: 0.9302
22:17:41 valid - loss: 0.7177, acc: 0.8305
Epoch 280/300
22:18:20 train - loss: 0.4363, acc: 0.9304
22:18:21 valid - loss: 0.7105, acc: 0.8295
Epoch 281/300
22:19:00 train - loss: 0.4297, acc: 0.9318
22:19:01 valid - loss: 0.7182, acc: 0.8278
Epoch 282/300
22:19:40 train - loss: 0.4242, acc: 0.9336
22:19:41 valid - loss: 0.6964, acc: 0.8315
Epoch 283/300
22:20:20 train - loss: 0.4245, acc: 0.9329
22:20:25 valid - loss: 0.6961, acc: 0.8322
Epoch 284/300
22:21:04 train - loss: 0.4224, acc: 0.9340
22:21:06 valid - loss: 0.7012, acc: 0.8336
Epoch 285/300
22:21:44 train - loss: 0.4253, acc: 0.9321
22:21:46 valid - loss: 0.6999, acc: 0.8340
Epoch 286/300
22:22:25 train - loss: 0.4200, acc: 0.9340
22:22:26 valid - loss: 0.7011, acc: 0.8327
Epoch 287/300
22:23:05 train - loss: 0.4183, acc: 0.9345
22:23:06 valid - loss: 0.7085, acc: 0.8334
Epoch 288/300
22:23:45 train - loss: 0.4131, acc: 0.9354
22:23:47 valid - loss: 0.7056, acc: 0.8338
Epoch 289/300
22:24:25 train - loss: 0.4125, acc: 0.9349
22:24:27 valid - loss: 0.7053, acc: 0.8313
Epoch 290/300
22:25:05 train - loss: 0.4098, acc: 0.9360
22:25:07 valid - loss: 0.7122, acc: 0.8323
Epoch 291/300
22:25:46 train - loss: 0.4082, acc: 0.9349
22:25:47 valid - loss: 0.7083, acc: 0.8324
Epoch 292/300
22:26:26 train - loss: 0.4071, acc: 0.9362
22:26:28 valid - loss: 0.7111, acc: 0.8317
Epoch 293/300
22:27:06 train - loss: 0.4089, acc: 0.9353
22:27:08 valid - loss: 0.7039, acc: 0.8323
Epoch 294/300
22:27:46 train - loss: 0.4095, acc: 0.9363
22:27:48 valid - loss: 0.7078, acc: 0.8341
Epoch 295/300
22:28:27 train - loss: 0.4044, acc: 0.9361
22:28:28 valid - loss: 0.7074, acc: 0.8337
Epoch 296/300
22:29:07 train - loss: 0.4072, acc: 0.9367
22:29:08 valid - loss: 0.7040, acc: 0.8327
Epoch 297/300
22:29:49 valid - loss: 0.6985, acc: 0.8358
Epoch 298/300
22:30:27 train - loss: 0.4090, acc: 0.9356
22:30:29 valid - loss: 0.6988, acc: 0.8344
Epoch 299/300
22:31:07 train - loss: 0.4072, acc: 0.9367
22:31:09 valid - loss: 0.7079, acc: 0.8342
Epoch 300/300
22:31:48 train - loss: 0.4060, acc: 0.9351
22:31:49 valid - loss: 0.7061, acc: 0.8339