/opt/conda/envs/python35-paddle120-env/lib/python3.7/site-packages/paddle/fluid/data_feeder.py:111: UserWarning: The data type of 'input' in accuracy only support float16 in GPU now. 
  (input_name, op_name, extra_message))
W0608 20:22:22.458741  2818 device_context.cc:252] Please NOTE: device: 0, CUDA Capability: 70, Driver API Version: 9.2, Runtime API Version: 9.0
W0608 20:22:22.463894  2818 device_context.cc:260] device: 0, cuDNN Version: 7.3.
Epoch 1/300
W0608 20:22:26.197821  2818 fuse_optimizer_op_pass.cc:191] Find momentum operators : 653, and 653 for dense gradients. To make the speed faster, those optimization are fused during training.
20:22:46 Train 20/49 - loss: 1.8783 - acc: 0.3146
20:23:03 Train 40/49 - loss: 1.6795 - acc: 0.3849
20:23:11 Train 49/49 - loss: 1.6155 - acc: 0.4097
Epoch 2/300, lr: 0.168571
20:23:29 Train 20/49 - loss: 1.2121 - acc: 0.5606
20:23:47 Train 40/49 - loss: 1.1269 - acc: 0.5924
20:23:55 Train 49/49 - loss: 1.1001 - acc: 0.6031
Epoch 3/300, lr: 0.238571
20:24:13 Train 20/49 - loss: 0.8627 - acc: 0.6927
20:24:30 Train 40/49 - loss: 0.8274 - acc: 0.7049
20:24:38 Train 49/49 - loss: 0.8097 - acc: 0.7124
Epoch 4/300, lr: 0.308571
20:24:56 Train 20/49 - loss: 0.6750 - acc: 0.7645
20:25:14 Train 40/49 - loss: 0.6586 - acc: 0.7702
20:25:21 Train 49/49 - loss: 0.6517 - acc: 0.7727
Epoch 5/300, lr: 0.378571
20:25:40 Train 20/49 - loss: 0.5553 - acc: 0.8080
20:25:57 Train 40/49 - loss: 0.5548 - acc: 0.8098
20:26:05 Train 49/49 - loss: 0.5535 - acc: 0.8101
20:26:10 Valid 10/10 - loss: 0.8243 - acc: 0.7258
Epoch 6/300, lr: 0.448571
20:26:28 Train 20/49 - loss: 0.5030 - acc: 0.8226
20:26:45 Train 40/49 - loss: 0.4900 - acc: 0.8276
20:26:53 Train 49/49 - loss: 0.4875 - acc: 0.8292
Epoch 7/300, lr: 0.518571
20:27:11 Train 20/49 - loss: 0.4475 - acc: 0.8415
20:27:29 Train 40/49 - loss: 0.4418 - acc: 0.8451
20:27:36 Train 49/49 - loss: 0.4424 - acc: 0.8458
Epoch 8/300, lr: 0.588571
20:27:55 Train 20/49 - loss: 0.4051 - acc: 0.8583
20:28:12 Train 40/49 - loss: 0.4097 - acc: 0.8579
20:28:20 Train 49/49 - loss: 0.4101 - acc: 0.8578
Epoch 9/300, lr: 0.658571
20:28:38 Train 20/49 - loss: 0.3683 - acc: 0.8730
20:28:56 Train 40/49 - loss: 0.3786 - acc: 0.8682
20:29:03 Train 49/49 - loss: 0.3786 - acc: 0.8686
Epoch 10/300, lr: 0.728571
20:29:22 Train 20/49 - loss: 0.3412 - acc: 0.8855
20:29:39 Train 40/49 - loss: 0.3576 - acc: 0.8776
20:29:47 Train 49/49 - loss: 0.3564 - acc: 0.8779
20:29:51 Valid 10/10 - loss: 0.6044 - acc: 0.7981
Epoch 11/300, lr: 0.798571
20:30:09 Train 20/49 - loss: 0.3214 - acc: 0.8893
20:30:27 Train 40/49 - loss: 0.3285 - acc: 0.8867
20:30:35 Train 49/49 - loss: 0.3266 - acc: 0.8879
Epoch 12/300, lr: 0.799977
20:30:53 Train 20/49 - loss: 0.2898 - acc: 0.8988
20:31:10 Train 40/49 - loss: 0.2941 - acc: 0.8976
20:31:18 Train 49/49 - loss: 0.2982 - acc: 0.8960
Epoch 13/300, lr: 0.799908
20:31:36 Train 20/49 - loss: 0.2698 - acc: 0.9068
20:31:54 Train 40/49 - loss: 0.2720 - acc: 0.9050
20:32:01 Train 49/49 - loss: 0.2743 - acc: 0.9041
Epoch 14/300, lr: 0.799792
20:32:20 Train 20/49 - loss: 0.2517 - acc: 0.9155
20:32:37 Train 40/49 - loss: 0.2565 - acc: 0.9119
20:32:45 Train 49/49 - loss: 0.2574 - acc: 0.9113
Epoch 15/300, lr: 0.799628
20:33:03 Train 20/49 - loss: 0.2390 - acc: 0.9188
20:33:21 Train 40/49 - loss: 0.2392 - acc: 0.9171
20:33:28 Train 49/49 - loss: 0.2409 - acc: 0.9170
20:33:33 Valid 10/10 - loss: 0.5389 - acc: 0.8354
Epoch 16/300, lr: 0.799418
20:33:51 Train 20/49 - loss: 0.2153 - acc: 0.9245
20:34:09 Train 40/49 - loss: 0.2246 - acc: 0.9214
20:34:16 Train 49/49 - loss: 0.2270 - acc: 0.9210
Epoch 17/300, lr: 0.799161
20:34:35 Train 20/49 - loss: 0.2063 - acc: 0.9277
20:34:52 Train 40/49 - loss: 0.2191 - acc: 0.9232
20:35:00 Train 49/49 - loss: 0.2171 - acc: 0.9240
Epoch 18/300, lr: 0.798857
20:35:18 Train 20/49 - loss: 0.1953 - acc: 0.9319
20:35:36 Train 40/49 - loss: 0.2014 - acc: 0.9309
20:35:43 Train 49/49 - loss: 0.2051 - acc: 0.9291
Epoch 19/300, lr: 0.798506
20:36:02 Train 20/49 - loss: 0.1838 - acc: 0.9370
20:36:19 Train 40/49 - loss: 0.1889 - acc: 0.9341
20:36:27 Train 49/49 - loss: 0.1919 - acc: 0.9335
Epoch 20/300, lr: 0.798109
20:36:45 Train 20/49 - loss: 0.1740 - acc: 0.9394
20:37:03 Train 40/49 - loss: 0.1823 - acc: 0.9370
20:37:10 Train 49/49 - loss: 0.1838 - acc: 0.9364
20:37:15 Valid 10/10 - loss: 0.3459 - acc: 0.8883
Epoch 21/300, lr: 0.797665
20:37:33 Train 20/49 - loss: 0.1668 - acc: 0.9428
20:37:51 Train 40/49 - loss: 0.1740 - acc: 0.9401
20:37:59 Train 49/49 - loss: 0.1742 - acc: 0.9397
Epoch 22/300, lr: 0.797174
20:38:17 Train 20/49 - loss: 0.1612 - acc: 0.9458
20:38:34 Train 40/49 - loss: 0.1683 - acc: 0.9425
20:38:42 Train 49/49 - loss: 0.1690 - acc: 0.9419
Epoch 23/300, lr: 0.796636
20:39:00 Train 20/49 - loss: 0.1620 - acc: 0.9438
20:39:18 Train 40/49 - loss: 0.1625 - acc: 0.9433
20:39:26 Train 49/49 - loss: 0.1665 - acc: 0.9417
Epoch 24/300, lr: 0.796052
20:39:44 Train 20/49 - loss: 0.1472 - acc: 0.9476
20:40:01 Train 40/49 - loss: 0.1567 - acc: 0.9448
20:40:09 Train 49/49 - loss: 0.1600 - acc: 0.9437
Epoch 25/300, lr: 0.795422
20:40:27 Train 20/49 - loss: 0.1493 - acc: 0.9484
20:40:45 Train 40/49 - loss: 0.1549 - acc: 0.9457
20:40:53 Train 49/49 - loss: 0.1569 - acc: 0.9451
20:40:57 Valid 10/10 - loss: 0.3781 - acc: 0.8824
Epoch 26/300, lr: 0.794745
20:41:15 Train 20/49 - loss: 0.1424 - acc: 0.9506
20:41:33 Train 40/49 - loss: 0.1503 - acc: 0.9483
20:41:41 Train 49/49 - loss: 0.1503 - acc: 0.9480
Epoch 27/300, lr: 0.794022
20:41:59 Train 20/49 - loss: 0.1329 - acc: 0.9545
20:42:16 Train 40/49 - loss: 0.1412 - acc: 0.9517
20:42:24 Train 49/49 - loss: 0.1456 - acc: 0.9499
Epoch 28/300, lr: 0.793252
20:42:42 Train 20/49 - loss: 0.1334 - acc: 0.9539
20:43:00 Train 40/49 - loss: 0.1420 - acc: 0.9512
20:43:08 Train 49/49 - loss: 0.1431 - acc: 0.9507
Epoch 29/300, lr: 0.792437
20:43:26 Train 20/49 - loss: 0.1255 - acc: 0.9548
20:43:43 Train 40/49 - loss: 0.1313 - acc: 0.9532
20:43:51 Train 49/49 - loss: 0.1368 - acc: 0.9516
Epoch 30/300, lr: 0.791575
20:44:09 Train 20/49 - loss: 0.1223 - acc: 0.9590
20:44:27 Train 40/49 - loss: 0.1313 - acc: 0.9552
20:44:35 Train 49/49 - loss: 0.1332 - acc: 0.9543
20:44:39 Valid 10/10 - loss: 0.4634 - acc: 0.8629
Epoch 31/300, lr: 0.790667
20:44:58 Train 20/49 - loss: 0.1187 - acc: 0.9595
20:45:15 Train 40/49 - loss: 0.1287 - acc: 0.9556
20:45:23 Train 49/49 - loss: 0.1302 - acc: 0.9546
Epoch 32/300, lr: 0.789714
20:45:41 Train 20/49 - loss: 0.1201 - acc: 0.9579
20:45:59 Train 40/49 - loss: 0.1287 - acc: 0.9546
20:46:07 Train 49/49 - loss: 0.1290 - acc: 0.9542
Epoch 33/300, lr: 0.788715
20:46:25 Train 20/49 - loss: 0.1192 - acc: 0.9594
20:46:42 Train 40/49 - loss: 0.1238 - acc: 0.9570
20:46:50 Train 49/49 - loss: 0.1273 - acc: 0.9559
Epoch 34/300, lr: 0.787670
20:47:08 Train 20/49 - loss: 0.1089 - acc: 0.9629
20:47:26 Train 40/49 - loss: 0.1201 - acc: 0.9583
20:47:33 Train 49/49 - loss: 0.1221 - acc: 0.9572
Epoch 35/300, lr: 0.786579
20:47:52 Train 20/49 - loss: 0.1167 - acc: 0.9577
20:48:09 Train 40/49 - loss: 0.1209 - acc: 0.9564
20:48:17 Train 49/49 - loss: 0.1237 - acc: 0.9556
20:48:22 Valid 10/10 - loss: 0.3537 - acc: 0.8918
Epoch 36/300, lr: 0.785444
20:48:40 Train 20/49 - loss: 0.1119 - acc: 0.9608
20:48:58 Train 40/49 - loss: 0.1198 - acc: 0.9587
20:49:05 Train 49/49 - loss: 0.1204 - acc: 0.9583
Epoch 37/300, lr: 0.784263
20:49:24 Train 20/49 - loss: 0.1091 - acc: 0.9614
20:49:41 Train 40/49 - loss: 0.1188 - acc: 0.9580
20:49:49 Train 49/49 - loss: 0.1213 - acc: 0.9571
Epoch 38/300, lr: 0.783037
20:50:07 Train 20/49 - loss: 0.1032 - acc: 0.9648
20:50:25 Train 40/49 - loss: 0.1081 - acc: 0.9621
20:50:32 Train 49/49 - loss: 0.1129 - acc: 0.9603
Epoch 39/300, lr: 0.781766
20:50:51 Train 20/49 - loss: 0.1108 - acc: 0.9612
20:51:08 Train 40/49 - loss: 0.1151 - acc: 0.9593
20:51:16 Train 49/49 - loss: 0.1158 - acc: 0.9587
Epoch 40/300, lr: 0.780450
20:51:34 Train 20/49 - loss: 0.0992 - acc: 0.9647
20:51:52 Train 40/49 - loss: 0.1053 - acc: 0.9635
20:51:59 Train 49/49 - loss: 0.1091 - acc: 0.9622
20:52:04 Valid 10/10 - loss: 0.3369 - acc: 0.8976
Epoch 41/300, lr: 0.779090
20:52:22 Train 20/49 - loss: 0.1005 - acc: 0.9648
20:52:40 Train 40/49 - loss: 0.1102 - acc: 0.9612
20:52:47 Train 49/49 - loss: 0.1139 - acc: 0.9598
Epoch 42/300, lr: 0.777685
20:53:06 Train 20/49 - loss: 0.0997 - acc: 0.9655
20:53:23 Train 40/49 - loss: 0.1089 - acc: 0.9620
20:53:31 Train 49/49 - loss: 0.1102 - acc: 0.9616
Epoch 43/300, lr: 0.776236
20:53:49 Train 20/49 - loss: 0.0963 - acc: 0.9662
20:54:07 Train 40/49 - loss: 0.1050 - acc: 0.9626
20:54:14 Train 49/49 - loss: 0.1064 - acc: 0.9622
Epoch 44/300, lr: 0.774742
20:54:33 Train 20/49 - loss: 0.1028 - acc: 0.9642
20:54:50 Train 40/49 - loss: 0.1088 - acc: 0.9617
20:54:58 Train 49/49 - loss: 0.1088 - acc: 0.9618
Epoch 45/300, lr: 0.773205
20:55:16 Train 20/49 - loss: 0.0933 - acc: 0.9675
20:55:34 Train 40/49 - loss: 0.0981 - acc: 0.9660
20:55:41 Train 49/49 - loss: 0.1014 - acc: 0.9647
20:55:46 Valid 10/10 - loss: 0.3279 - acc: 0.9003
Epoch 46/300, lr: 0.771624
20:56:04 Train 20/49 - loss: 0.0925 - acc: 0.9672
20:56:22 Train 40/49 - loss: 0.0986 - acc: 0.9655
20:56:30 Train 49/49 - loss: 0.1018 - acc: 0.9644
Epoch 47/300, lr: 0.769999
20:56:48 Train 20/49 - loss: 0.0964 - acc: 0.9659
20:57:05 Train 40/49 - loss: 0.1017 - acc: 0.9644
20:57:13 Train 49/49 - loss: 0.1038 - acc: 0.9639
Epoch 48/300, lr: 0.768331
20:57:31 Train 20/49 - loss: 0.0966 - acc: 0.9672
20:57:49 Train 40/49 - loss: 0.0999 - acc: 0.9657
20:57:56 Train 49/49 - loss: 0.1002 - acc: 0.9653
Epoch 49/300, lr: 0.766619
20:58:15 Train 20/49 - loss: 0.0976 - acc: 0.9654
20:58:32 Train 40/49 - loss: 0.1009 - acc: 0.9642
20:58:40 Train 49/49 - loss: 0.1028 - acc: 0.9636
Epoch 50/300, lr: 0.764865
20:58:58 Train 20/49 - loss: 0.0937 - acc: 0.9667
20:59:16 Train 40/49 - loss: 0.0971 - acc: 0.9663
20:59:24 Train 49/49 - loss: 0.0976 - acc: 0.9660
20:59:28 Valid 10/10 - loss: 0.3466 - acc: 0.9026
Epoch 51/300, lr: 0.763068
20:59:47 Train 20/49 - loss: 0.0865 - acc: 0.9703
21:00:04 Train 40/49 - loss: 0.0947 - acc: 0.9667
21:00:12 Train 49/49 - loss: 0.0976 - acc: 0.9657
Epoch 52/300, lr: 0.761228
21:00:30 Train 20/49 - loss: 0.0838 - acc: 0.9702
21:00:48 Train 40/49 - loss: 0.0882 - acc: 0.9683
21:00:55 Train 49/49 - loss: 0.0918 - acc: 0.9674
Epoch 53/300, lr: 0.759346
21:01:14 Train 20/49 - loss: 0.0888 - acc: 0.9695
21:01:31 Train 40/49 - loss: 0.0900 - acc: 0.9685
21:01:39 Train 49/49 - loss: 0.0908 - acc: 0.9679
Epoch 54/300, lr: 0.757421
21:01:57 Train 20/49 - loss: 0.0926 - acc: 0.9688
21:02:15 Train 40/49 - loss: 0.0981 - acc: 0.9664
21:02:22 Train 49/49 - loss: 0.1004 - acc: 0.9653
Epoch 55/300, lr: 0.755455
21:02:41 Train 20/49 - loss: 0.0920 - acc: 0.9691
21:02:58 Train 40/49 - loss: 0.0920 - acc: 0.9682
21:03:06 Train 49/49 - loss: 0.0918 - acc: 0.9682
21:03:10 Valid 10/10 - loss: 0.3676 - acc: 0.9021
Epoch 56/300, lr: 0.753447
21:03:29 Train 20/49 - loss: 0.0746 - acc: 0.9739
21:03:46 Train 40/49 - loss: 0.0817 - acc: 0.9715
21:03:54 Train 49/49 - loss: 0.0853 - acc: 0.9701
Epoch 57/300, lr: 0.751397
21:04:12 Train 20/49 - loss: 0.0845 - acc: 0.9703
21:04:30 Train 40/49 - loss: 0.0873 - acc: 0.9688
21:04:38 Train 49/49 - loss: 0.0920 - acc: 0.9672
Epoch 58/300, lr: 0.749306
21:04:56 Train 20/49 - loss: 0.0893 - acc: 0.9689
21:05:13 Train 40/49 - loss: 0.0949 - acc: 0.9665
21:05:21 Train 49/49 - loss: 0.0955 - acc: 0.9665
Epoch 59/300, lr: 0.747175
21:05:39 Train 20/49 - loss: 0.0952 - acc: 0.9665
21:05:57 Train 40/49 - loss: 0.0913 - acc: 0.9678
21:06:05 Train 49/49 - loss: 0.0902 - acc: 0.9679
Epoch 60/300, lr: 0.745002
21:06:23 Train 20/49 - loss: 0.0822 - acc: 0.9715
21:06:40 Train 40/49 - loss: 0.0880 - acc: 0.9698
21:06:48 Train 49/49 - loss: 0.0884 - acc: 0.9695
21:06:53 Valid 10/10 - loss: 0.3714 - acc: 0.8946
Epoch 61/300, lr: 0.742789
21:07:11 Train 20/49 - loss: 0.0841 - acc: 0.9701
21:07:29 Train 40/49 - loss: 0.0868 - acc: 0.9695
21:07:36 Train 49/49 - loss: 0.0884 - acc: 0.9691
Epoch 62/300, lr: 0.740536
21:07:55 Train 20/49 - loss: 0.0725 - acc: 0.9756
21:08:12 Train 40/49 - loss: 0.0785 - acc: 0.9727
21:08:20 Train 49/49 - loss: 0.0807 - acc: 0.9717
Epoch 63/300, lr: 0.738243
21:08:38 Train 20/49 - loss: 0.0734 - acc: 0.9740
21:08:56 Train 40/49 - loss: 0.0791 - acc: 0.9723
21:09:03 Train 49/49 - loss: 0.0818 - acc: 0.9710
Epoch 64/300, lr: 0.735910
21:09:22 Train 20/49 - loss: 0.0817 - acc: 0.9715
21:09:39 Train 40/49 - loss: 0.0866 - acc: 0.9696
21:09:47 Train 49/49 - loss: 0.0885 - acc: 0.9690
Epoch 65/300, lr: 0.733538
21:10:05 Train 20/49 - loss: 0.0695 - acc: 0.9758
21:10:23 Train 40/49 - loss: 0.0782 - acc: 0.9726
21:10:30 Train 49/49 - loss: 0.0824 - acc: 0.9711
21:10:35 Valid 10/10 - loss: 0.3052 - acc: 0.9145
Epoch 66/300, lr: 0.731126
21:10:53 Train 20/49 - loss: 0.0774 - acc: 0.9726
21:11:11 Train 40/49 - loss: 0.0843 - acc: 0.9702
21:11:19 Train 49/49 - loss: 0.0856 - acc: 0.9697
Epoch 67/300, lr: 0.728676
21:11:37 Train 20/49 - loss: 0.0759 - acc: 0.9748
21:11:54 Train 40/49 - loss: 0.0764 - acc: 0.9739
21:12:02 Train 49/49 - loss: 0.0777 - acc: 0.9734
Epoch 68/300, lr: 0.726187
21:12:20 Train 20/49 - loss: 0.0753 - acc: 0.9732
21:12:38 Train 40/49 - loss: 0.0770 - acc: 0.9732
21:12:46 Train 49/49 - loss: 0.0771 - acc: 0.9733
Epoch 69/300, lr: 0.723660
21:13:04 Train 20/49 - loss: 0.0743 - acc: 0.9740
21:13:21 Train 40/49 - loss: 0.0768 - acc: 0.9730
21:13:29 Train 49/49 - loss: 0.0790 - acc: 0.9723
Epoch 70/300, lr: 0.721095
21:13:47 Train 20/49 - loss: 0.0710 - acc: 0.9756
21:14:05 Train 40/49 - loss: 0.0769 - acc: 0.9729
21:14:13 Train 49/49 - loss: 0.0802 - acc: 0.9719
21:14:17 Valid 10/10 - loss: 0.3704 - acc: 0.8984
Epoch 71/300, lr: 0.718492
21:14:35 Train 20/49 - loss: 0.0696 - acc: 0.9757
21:14:53 Train 40/49 - loss: 0.0768 - acc: 0.9733
21:15:01 Train 49/49 - loss: 0.0782 - acc: 0.9727
Epoch 72/300, lr: 0.715852
21:15:19 Train 20/49 - loss: 0.0714 - acc: 0.9760
21:15:36 Train 40/49 - loss: 0.0708 - acc: 0.9757
21:15:44 Train 49/49 - loss: 0.0742 - acc: 0.9744
Epoch 73/300, lr: 0.713174
21:16:02 Train 20/49 - loss: 0.0847 - acc: 0.9703
21:16:20 Train 40/49 - loss: 0.0816 - acc: 0.9707
21:16:28 Train 49/49 - loss: 0.0826 - acc: 0.9703
Epoch 74/300, lr: 0.710460
21:16:46 Train 20/49 - loss: 0.0676 - acc: 0.9771
21:17:03 Train 40/49 - loss: 0.0723 - acc: 0.9745
21:17:11 Train 49/49 - loss: 0.0728 - acc: 0.9746
Epoch 75/300, lr: 0.707710
21:17:29 Train 20/49 - loss: 0.0732 - acc: 0.9745
21:17:47 Train 40/49 - loss: 0.0778 - acc: 0.9729
21:17:55 Train 49/49 - loss: 0.0809 - acc: 0.9717
21:17:59 Valid 10/10 - loss: 0.3588 - acc: 0.9003
Epoch 76/300, lr: 0.704923
21:18:17 Train 20/49 - loss: 0.0674 - acc: 0.9768
21:18:35 Train 40/49 - loss: 0.0681 - acc: 0.9762
21:18:43 Train 49/49 - loss: 0.0704 - acc: 0.9754
Epoch 77/300, lr: 0.702101
21:19:01 Train 20/49 - loss: 0.0728 - acc: 0.9747
21:19:19 Train 40/49 - loss: 0.0741 - acc: 0.9738
21:19:26 Train 49/49 - loss: 0.0753 - acc: 0.9735
Epoch 78/300, lr: 0.699243
21:19:44 Train 20/49 - loss: 0.0620 - acc: 0.9787
21:20:02 Train 40/49 - loss: 0.0694 - acc: 0.9758
21:20:10 Train 49/49 - loss: 0.0734 - acc: 0.9742
Epoch 79/300, lr: 0.696350
21:20:28 Train 20/49 - loss: 0.0706 - acc: 0.9747
21:20:45 Train 40/49 - loss: 0.0710 - acc: 0.9751
21:20:53 Train 49/49 - loss: 0.0727 - acc: 0.9747
Epoch 80/300, lr: 0.693422
21:21:11 Train 20/49 - loss: 0.0637 - acc: 0.9786
21:21:29 Train 40/49 - loss: 0.0692 - acc: 0.9760
21:21:37 Train 49/49 - loss: 0.0717 - acc: 0.9751
21:21:42 Valid 10/10 - loss: 0.3298 - acc: 0.9096
Epoch 81/300, lr: 0.690460
21:22:00 Train 20/49 - loss: 0.0656 - acc: 0.9784
21:22:17 Train 40/49 - loss: 0.0700 - acc: 0.9758
21:22:25 Train 49/49 - loss: 0.0716 - acc: 0.9753
Epoch 82/300, lr: 0.687464
21:22:43 Train 20/49 - loss: 0.0697 - acc: 0.9770
21:23:01 Train 40/49 - loss: 0.0717 - acc: 0.9756
21:23:09 Train 49/49 - loss: 0.0724 - acc: 0.9751
Epoch 83/300, lr: 0.684434
21:23:27 Train 20/49 - loss: 0.0639 - acc: 0.9780
21:23:44 Train 40/49 - loss: 0.0677 - acc: 0.9765
21:23:52 Train 49/49 - loss: 0.0685 - acc: 0.9762
Epoch 84/300, lr: 0.681371
21:24:10 Train 20/49 - loss: 0.0686 - acc: 0.9766
21:24:28 Train 40/49 - loss: 0.0667 - acc: 0.9768
21:24:36 Train 49/49 - loss: 0.0687 - acc: 0.9759
Epoch 85/300, lr: 0.678275
21:24:54 Train 20/49 - loss: 0.0629 - acc: 0.9774
21:25:11 Train 40/49 - loss: 0.0696 - acc: 0.9756
21:25:19 Train 49/49 - loss: 0.0719 - acc: 0.9746
21:25:24 Valid 10/10 - loss: 0.3904 - acc: 0.8981
Epoch 86/300, lr: 0.675146
21:25:42 Train 20/49 - loss: 0.0700 - acc: 0.9751
21:25:59 Train 40/49 - loss: 0.0688 - acc: 0.9759
21:26:07 Train 49/49 - loss: 0.0687 - acc: 0.9759
Epoch 87/300, lr: 0.671984
21:26:25 Train 20/49 - loss: 0.0574 - acc: 0.9805
21:26:43 Train 40/49 - loss: 0.0596 - acc: 0.9794
21:26:51 Train 49/49 - loss: 0.0608 - acc: 0.9789
Epoch 88/300, lr: 0.668791
21:27:09 Train 20/49 - loss: 0.0626 - acc: 0.9780
21:27:26 Train 40/49 - loss: 0.0659 - acc: 0.9768
21:27:34 Train 49/49 - loss: 0.0662 - acc: 0.9768
Epoch 89/300, lr: 0.665566
21:27:52 Train 20/49 - loss: 0.0621 - acc: 0.9796
21:28:10 Train 40/49 - loss: 0.0669 - acc: 0.9778
21:28:18 Train 49/49 - loss: 0.0679 - acc: 0.9773
Epoch 90/300, lr: 0.662310
21:28:36 Train 20/49 - loss: 0.0633 - acc: 0.9783
21:28:53 Train 40/49 - loss: 0.0665 - acc: 0.9768
21:29:01 Train 49/49 - loss: 0.0661 - acc: 0.9772
21:29:06 Valid 10/10 - loss: 0.3598 - acc: 0.8987
Epoch 91/300, lr: 0.659024
21:29:24 Train 20/49 - loss: 0.0603 - acc: 0.9781
21:29:42 Train 40/49 - loss: 0.0639 - acc: 0.9765
21:29:49 Train 49/49 - loss: 0.0660 - acc: 0.9761
Epoch 92/300, lr: 0.655707
21:30:08 Train 20/49 - loss: 0.0627 - acc: 0.9769
21:30:25 Train 40/49 - loss: 0.0708 - acc: 0.9742
21:30:33 Train 49/49 - loss: 0.0713 - acc: 0.9740
Epoch 93/300, lr: 0.652359
21:30:51 Train 20/49 - loss: 0.0597 - acc: 0.9799
21:31:09 Train 40/49 - loss: 0.0602 - acc: 0.9795
21:31:16 Train 49/49 - loss: 0.0607 - acc: 0.9793
Epoch 94/300, lr: 0.648983
21:31:35 Train 20/49 - loss: 0.0562 - acc: 0.9803
21:31:52 Train 40/49 - loss: 0.0613 - acc: 0.9788
21:32:00 Train 49/49 - loss: 0.0615 - acc: 0.9787
Epoch 95/300, lr: 0.645577
21:32:18 Train 20/49 - loss: 0.0553 - acc: 0.9809
21:32:36 Train 40/49 - loss: 0.0627 - acc: 0.9785
21:32:43 Train 49/49 - loss: 0.0651 - acc: 0.9774
21:32:48 Valid 10/10 - loss: 0.3273 - acc: 0.9064
Epoch 96/300, lr: 0.642142
21:33:06 Train 20/49 - loss: 0.0581 - acc: 0.9813
21:33:24 Train 40/49 - loss: 0.0573 - acc: 0.9802
21:33:32 Train 49/49 - loss: 0.0606 - acc: 0.9792
Epoch 97/300, lr: 0.638679
21:33:50 Train 20/49 - loss: 0.0655 - acc: 0.9771
21:34:07 Train 40/49 - loss: 0.0624 - acc: 0.9777
21:34:15 Train 49/49 - loss: 0.0630 - acc: 0.9777
Epoch 98/300, lr: 0.635188
21:34:33 Train 20/49 - loss: 0.0567 - acc: 0.9808
21:34:51 Train 40/49 - loss: 0.0589 - acc: 0.9795
21:34:59 Train 49/49 - loss: 0.0615 - acc: 0.9786
Epoch 99/300, lr: 0.631669
21:35:17 Train 20/49 - loss: 0.0613 - acc: 0.9785
21:35:35 Train 40/49 - loss: 0.0600 - acc: 0.9791
21:35:42 Train 49/49 - loss: 0.0610 - acc: 0.9785
Epoch 100/300, lr: 0.628123
21:36:00 Train 20/49 - loss: 0.0605 - acc: 0.9793
21:36:18 Train 40/49 - loss: 0.0585 - acc: 0.9800
21:36:26 Train 49/49 - loss: 0.0603 - acc: 0.9791
Save checkpoint at /home/aistudio/checkpoints/CIFAR10-PyramidNet/epoch_100
21:36:31 Valid 10/10 - loss: 0.3443 - acc: 0.9099
Epoch 101/300, lr: 0.624550
21:36:49 Train 20/49 - loss: 0.0544 - acc: 0.9819
21:37:06 Train 40/49 - loss: 0.0552 - acc: 0.9813
21:37:14 Train 49/49 - loss: 0.0573 - acc: 0.9803
Epoch 102/300, lr: 0.620951
21:37:32 Train 20/49 - loss: 0.0483 - acc: 0.9844
21:37:50 Train 40/49 - loss: 0.0479 - acc: 0.9837
21:37:58 Train 49/49 - loss: 0.0502 - acc: 0.9826
Epoch 103/300, lr: 0.617326
21:38:16 Train 20/49 - loss: 0.0561 - acc: 0.9809
21:38:33 Train 40/49 - loss: 0.0572 - acc: 0.9805
21:38:41 Train 49/49 - loss: 0.0587 - acc: 0.9797
Epoch 104/300, lr: 0.613676
21:38:59 Train 20/49 - loss: 0.0625 - acc: 0.9779
21:39:17 Train 40/49 - loss: 0.0630 - acc: 0.9782
21:39:25 Train 49/49 - loss: 0.0643 - acc: 0.9781
Epoch 105/300, lr: 0.610000
21:39:43 Train 20/49 - loss: 0.0581 - acc: 0.9796
21:40:00 Train 40/49 - loss: 0.0558 - acc: 0.9807
21:40:08 Train 49/49 - loss: 0.0566 - acc: 0.9806
21:40:13 Valid 10/10 - loss: 0.4241 - acc: 0.8838
Epoch 106/300, lr: 0.606300
21:40:31 Train 20/49 - loss: 0.0464 - acc: 0.9833
21:40:49 Train 40/49 - loss: 0.0520 - acc: 0.9812
21:40:56 Train 49/49 - loss: 0.0540 - acc: 0.9806
Epoch 107/300, lr: 0.602575
21:41:15 Train 20/49 - loss: 0.0562 - acc: 0.9806
21:41:32 Train 40/49 - loss: 0.0574 - acc: 0.9798
21:41:40 Train 49/49 - loss: 0.0587 - acc: 0.9794
Epoch 108/300, lr: 0.598827
21:41:58 Train 20/49 - loss: 0.0524 - acc: 0.9819
21:42:16 Train 40/49 - loss: 0.0580 - acc: 0.9802
21:42:23 Train 49/49 - loss: 0.0605 - acc: 0.9795
Epoch 109/300, lr: 0.595055
21:42:42 Train 20/49 - loss: 0.0509 - acc: 0.9831
21:42:59 Train 40/49 - loss: 0.0534 - acc: 0.9827
21:43:07 Train 49/49 - loss: 0.0554 - acc: 0.9819
Epoch 110/300, lr: 0.591261
21:43:25 Train 20/49 - loss: 0.0598 - acc: 0.9802
21:43:43 Train 40/49 - loss: 0.0568 - acc: 0.9807
21:43:50 Train 49/49 - loss: 0.0552 - acc: 0.9813
21:43:55 Valid 10/10 - loss: 0.3092 - acc: 0.9203
Epoch 111/300, lr: 0.587444
21:44:14 Train 20/49 - loss: 0.0413 - acc: 0.9851
21:44:31 Train 40/49 - loss: 0.0460 - acc: 0.9839
21:44:39 Train 49/49 - loss: 0.0477 - acc: 0.9834
Epoch 112/300, lr: 0.583605
21:44:57 Train 20/49 - loss: 0.0510 - acc: 0.9829
21:45:15 Train 40/49 - loss: 0.0506 - acc: 0.9828
21:45:22 Train 49/49 - loss: 0.0521 - acc: 0.9821
Epoch 113/300, lr: 0.579745
21:45:41 Train 20/49 - loss: 0.0498 - acc: 0.9835
21:45:58 Train 40/49 - loss: 0.0515 - acc: 0.9822
21:46:06 Train 49/49 - loss: 0.0537 - acc: 0.9814
Epoch 114/300, lr: 0.575863
21:46:24 Train 20/49 - loss: 0.0522 - acc: 0.9823
21:46:42 Train 40/49 - loss: 0.0526 - acc: 0.9814
21:46:49 Train 49/49 - loss: 0.0540 - acc: 0.9809
Epoch 115/300, lr: 0.571961
21:47:08 Train 20/49 - loss: 0.0440 - acc: 0.9854
21:47:25 Train 40/49 - loss: 0.0460 - acc: 0.9846
21:47:33 Train 49/49 - loss: 0.0480 - acc: 0.9836
21:47:37 Valid 10/10 - loss: 0.3447 - acc: 0.9112
Epoch 116/300, lr: 0.568039
21:47:56 Train 20/49 - loss: 0.0503 - acc: 0.9830
21:48:13 Train 40/49 - loss: 0.0524 - acc: 0.9823
21:48:21 Train 49/49 - loss: 0.0546 - acc: 0.9812
Epoch 117/300, lr: 0.564097
21:48:39 Train 20/49 - loss: 0.0540 - acc: 0.9815
21:48:57 Train 40/49 - loss: 0.0556 - acc: 0.9811
21:49:04 Train 49/49 - loss: 0.0555 - acc: 0.9809
Epoch 118/300, lr: 0.560135
21:49:23 Train 20/49 - loss: 0.0480 - acc: 0.9823
21:49:40 Train 40/49 - loss: 0.0487 - acc: 0.9821
21:49:48 Train 49/49 - loss: 0.0484 - acc: 0.9827
Epoch 119/300, lr: 0.556155
21:50:06 Train 20/49 - loss: 0.0458 - acc: 0.9836
21:50:24 Train 40/49 - loss: 0.0460 - acc: 0.9840
21:50:31 Train 49/49 - loss: 0.0473 - acc: 0.9834
Epoch 120/300, lr: 0.552157
21:50:50 Train 20/49 - loss: 0.0492 - acc: 0.9827
21:51:07 Train 40/49 - loss: 0.0468 - acc: 0.9836
21:51:15 Train 49/49 - loss: 0.0480 - acc: 0.9833
21:51:20 Valid 10/10 - loss: 0.3055 - acc: 0.9164
Epoch 121/300, lr: 0.548141
21:51:38 Train 20/49 - loss: 0.0451 - acc: 0.9833
21:51:56 Train 40/49 - loss: 0.0487 - acc: 0.9824
21:52:03 Train 49/49 - loss: 0.0488 - acc: 0.9827
Epoch 122/300, lr: 0.544107
21:52:22 Train 20/49 - loss: 0.0441 - acc: 0.9850
21:52:39 Train 40/49 - loss: 0.0461 - acc: 0.9842
21:52:47 Train 49/49 - loss: 0.0476 - acc: 0.9835
Epoch 123/300, lr: 0.540056
21:53:05 Train 20/49 - loss: 0.0471 - acc: 0.9830
21:53:23 Train 40/49 - loss: 0.0478 - acc: 0.9833
21:53:31 Train 49/49 - loss: 0.0489 - acc: 0.9831
Epoch 124/300, lr: 0.535989
21:53:49 Train 20/49 - loss: 0.0415 - acc: 0.9867
21:54:06 Train 40/49 - loss: 0.0426 - acc: 0.9857
21:54:14 Train 49/49 - loss: 0.0442 - acc: 0.9852
Epoch 125/300, lr: 0.531906
21:54:32 Train 20/49 - loss: 0.0481 - acc: 0.9833
21:54:50 Train 40/49 - loss: 0.0450 - acc: 0.9843
21:54:58 Train 49/49 - loss: 0.0452 - acc: 0.9841
21:55:02 Valid 10/10 - loss: 0.3184 - acc: 0.9170
Epoch 126/300, lr: 0.527808
21:55:21 Train 20/49 - loss: 0.0408 - acc: 0.9853
21:55:38 Train 40/49 - loss: 0.0444 - acc: 0.9844
21:55:46 Train 49/49 - loss: 0.0458 - acc: 0.9842
Epoch 127/300, lr: 0.523694
21:56:04 Train 20/49 - loss: 0.0508 - acc: 0.9826
21:56:22 Train 40/49 - loss: 0.0481 - acc: 0.9835
21:56:30 Train 49/49 - loss: 0.0485 - acc: 0.9832
Epoch 128/300, lr: 0.519566
21:56:48 Train 20/49 - loss: 0.0436 - acc: 0.9850
21:57:05 Train 40/49 - loss: 0.0466 - acc: 0.9840
21:57:13 Train 49/49 - loss: 0.0457 - acc: 0.9842
Epoch 129/300, lr: 0.515424
21:57:31 Train 20/49 - loss: 0.0419 - acc: 0.9865
21:57:49 Train 40/49 - loss: 0.0438 - acc: 0.9853
21:57:57 Train 49/49 - loss: 0.0445 - acc: 0.9850
Epoch 130/300, lr: 0.511269
21:58:15 Train 20/49 - loss: 0.0411 - acc: 0.9860
21:58:32 Train 40/49 - loss: 0.0414 - acc: 0.9858
21:58:40 Train 49/49 - loss: 0.0423 - acc: 0.9854
21:58:45 Valid 10/10 - loss: 0.3552 - acc: 0.9105
Epoch 131/300, lr: 0.507100
21:59:03 Train 20/49 - loss: 0.0387 - acc: 0.9866
21:59:20 Train 40/49 - loss: 0.0406 - acc: 0.9859
21:59:28 Train 49/49 - loss: 0.0421 - acc: 0.9854
Epoch 132/300, lr: 0.502919
21:59:46 Train 20/49 - loss: 0.0425 - acc: 0.9853
22:00:04 Train 40/49 - loss: 0.0420 - acc: 0.9852
22:00:12 Train 49/49 - loss: 0.0417 - acc: 0.9855
Epoch 133/300, lr: 0.498726
22:00:30 Train 20/49 - loss: 0.0380 - acc: 0.9867
22:00:47 Train 40/49 - loss: 0.0417 - acc: 0.9855
22:00:55 Train 49/49 - loss: 0.0431 - acc: 0.9854
Epoch 134/300, lr: 0.494521
22:01:14 Train 20/49 - loss: 0.0405 - acc: 0.9865
22:01:31 Train 40/49 - loss: 0.0377 - acc: 0.9870
22:01:39 Train 49/49 - loss: 0.0391 - acc: 0.9864
Epoch 135/300, lr: 0.490305
22:01:57 Train 20/49 - loss: 0.0389 - acc: 0.9865
22:02:15 Train 40/49 - loss: 0.0416 - acc: 0.9850
22:02:22 Train 49/49 - loss: 0.0411 - acc: 0.9853
22:02:27 Valid 10/10 - loss: 0.3076 - acc: 0.9207
Epoch 136/300, lr: 0.486078
22:02:45 Train 20/49 - loss: 0.0347 - acc: 0.9878
22:03:03 Train 40/49 - loss: 0.0380 - acc: 0.9871
22:03:11 Train 49/49 - loss: 0.0398 - acc: 0.9867
Epoch 137/300, lr: 0.481842
22:03:29 Train 20/49 - loss: 0.0399 - acc: 0.9867
22:03:47 Train 40/49 - loss: 0.0397 - acc: 0.9862
22:03:54 Train 49/49 - loss: 0.0407 - acc: 0.9857
Epoch 138/300, lr: 0.477596
22:04:13 Train 20/49 - loss: 0.0409 - acc: 0.9862
22:04:30 Train 40/49 - loss: 0.0420 - acc: 0.9852
22:04:38 Train 49/49 - loss: 0.0426 - acc: 0.9851
Epoch 139/300, lr: 0.473340
22:04:56 Train 20/49 - loss: 0.0393 - acc: 0.9875
22:05:14 Train 40/49 - loss: 0.0385 - acc: 0.9877
22:05:21 Train 49/49 - loss: 0.0397 - acc: 0.9871
Epoch 140/300, lr: 0.469076
22:05:40 Train 20/49 - loss: 0.0370 - acc: 0.9874
22:05:57 Train 40/49 - loss: 0.0387 - acc: 0.9870
22:06:05 Train 49/49 - loss: 0.0393 - acc: 0.9868
22:06:10 Valid 10/10 - loss: 0.3149 - acc: 0.9199
Epoch 141/300, lr: 0.464804
22:06:28 Train 20/49 - loss: 0.0342 - acc: 0.9888
22:06:45 Train 40/49 - loss: 0.0378 - acc: 0.9869
22:06:53 Train 49/49 - loss: 0.0388 - acc: 0.9868
Epoch 142/300, lr: 0.460525
22:07:11 Train 20/49 - loss: 0.0319 - acc: 0.9890
22:07:29 Train 40/49 - loss: 0.0351 - acc: 0.9879
22:07:37 Train 49/49 - loss: 0.0370 - acc: 0.9873
Epoch 143/300, lr: 0.456238
22:07:55 Train 20/49 - loss: 0.0406 - acc: 0.9855
22:08:12 Train 40/49 - loss: 0.0375 - acc: 0.9868
22:08:20 Train 49/49 - loss: 0.0385 - acc: 0.9865
Epoch 144/300, lr: 0.451944
22:08:39 Train 20/49 - loss: 0.0383 - acc: 0.9876
22:08:56 Train 40/49 - loss: 0.0379 - acc: 0.9875
22:09:04 Train 49/49 - loss: 0.0375 - acc: 0.9875
Epoch 145/300, lr: 0.447645
22:09:22 Train 20/49 - loss: 0.0320 - acc: 0.9888
22:09:40 Train 40/49 - loss: 0.0309 - acc: 0.9895
22:09:47 Train 49/49 - loss: 0.0318 - acc: 0.9892
22:09:52 Valid 10/10 - loss: 0.3028 - acc: 0.9223
Epoch 146/300, lr: 0.443340
22:10:10 Train 20/49 - loss: 0.0349 - acc: 0.9881
22:10:27 Train 40/49 - loss: 0.0359 - acc: 0.9875
22:10:35 Train 49/49 - loss: 0.0379 - acc: 0.9871
Epoch 147/300, lr: 0.439030
22:10:53 Train 20/49 - loss: 0.0364 - acc: 0.9874
22:11:11 Train 40/49 - loss: 0.0373 - acc: 0.9868
22:11:19 Train 49/49 - loss: 0.0378 - acc: 0.9867
Epoch 148/300, lr: 0.434715
22:11:37 Train 20/49 - loss: 0.0373 - acc: 0.9865
22:11:55 Train 40/49 - loss: 0.0366 - acc: 0.9872
22:12:02 Train 49/49 - loss: 0.0367 - acc: 0.9872
Epoch 149/300, lr: 0.430396
22:12:21 Train 20/49 - loss: 0.0327 - acc: 0.9892
22:12:38 Train 40/49 - loss: 0.0327 - acc: 0.9890
22:12:46 Train 49/49 - loss: 0.0331 - acc: 0.9887
Epoch 150/300, lr: 0.426074
22:13:04 Train 20/49 - loss: 0.0319 - acc: 0.9892
22:13:22 Train 40/49 - loss: 0.0332 - acc: 0.9886
22:13:29 Train 49/49 - loss: 0.0342 - acc: 0.9883
22:13:34 Valid 10/10 - loss: 0.3180 - acc: 0.9187
Epoch 151/300, lr: 0.421749
22:13:52 Train 20/49 - loss: 0.0298 - acc: 0.9904
22:14:10 Train 40/49 - loss: 0.0297 - acc: 0.9903
22:14:18 Train 49/49 - loss: 0.0316 - acc: 0.9897
Epoch 152/300, lr: 0.417421
22:14:36 Train 20/49 - loss: 0.0324 - acc: 0.9888
22:14:53 Train 40/49 - loss: 0.0331 - acc: 0.9888
22:15:01 Train 49/49 - loss: 0.0331 - acc: 0.9889
Epoch 153/300, lr: 0.413091
22:15:19 Train 20/49 - loss: 0.0284 - acc: 0.9908
22:15:37 Train 40/49 - loss: 0.0274 - acc: 0.9911
22:15:45 Train 49/49 - loss: 0.0276 - acc: 0.9911
Epoch 154/300, lr: 0.408759
22:16:03 Train 20/49 - loss: 0.0301 - acc: 0.9896
22:16:21 Train 40/49 - loss: 0.0334 - acc: 0.9887
22:16:28 Train 49/49 - loss: 0.0330 - acc: 0.9888
Epoch 155/300, lr: 0.404427
22:16:46 Train 20/49 - loss: 0.0297 - acc: 0.9903
22:17:04 Train 40/49 - loss: 0.0311 - acc: 0.9895
22:17:12 Train 49/49 - loss: 0.0307 - acc: 0.9897
22:17:16 Valid 10/10 - loss: 0.3066 - acc: 0.9219
Epoch 156/300, lr: 0.400093
22:17:35 Train 20/49 - loss: 0.0263 - acc: 0.9911
22:17:52 Train 40/49 - loss: 0.0285 - acc: 0.9903
22:18:00 Train 49/49 - loss: 0.0294 - acc: 0.9900
Epoch 157/300, lr: 0.395760
22:18:18 Train 20/49 - loss: 0.0299 - acc: 0.9897
22:18:36 Train 40/49 - loss: 0.0316 - acc: 0.9894
22:18:44 Train 49/49 - loss: 0.0320 - acc: 0.9891
Epoch 158/300, lr: 0.391428
22:19:02 Train 20/49 - loss: 0.0314 - acc: 0.9886
22:19:19 Train 40/49 - loss: 0.0317 - acc: 0.9892
22:19:27 Train 49/49 - loss: 0.0316 - acc: 0.9894
Epoch 159/300, lr: 0.387096
22:19:45 Train 20/49 - loss: 0.0281 - acc: 0.9912
22:20:03 Train 40/49 - loss: 0.0269 - acc: 0.9914
22:20:11 Train 49/49 - loss: 0.0268 - acc: 0.9913
Epoch 160/300, lr: 0.382766
22:20:29 Train 20/49 - loss: 0.0282 - acc: 0.9899
22:20:46 Train 40/49 - loss: 0.0282 - acc: 0.9900
22:20:54 Train 49/49 - loss: 0.0284 - acc: 0.9898
22:20:59 Valid 10/10 - loss: 0.3042 - acc: 0.9207
Epoch 161/300, lr: 0.378438
22:21:17 Train 20/49 - loss: 0.0281 - acc: 0.9903
22:21:34 Train 40/49 - loss: 0.0286 - acc: 0.9902
22:21:42 Train 49/49 - loss: 0.0279 - acc: 0.9906
Epoch 162/300, lr: 0.374112
22:22:00 Train 20/49 - loss: 0.0236 - acc: 0.9919
22:22:18 Train 40/49 - loss: 0.0242 - acc: 0.9917
22:22:26 Train 49/49 - loss: 0.0240 - acc: 0.9918
Epoch 163/300, lr: 0.369790
22:22:44 Train 20/49 - loss: 0.0231 - acc: 0.9923
22:23:01 Train 40/49 - loss: 0.0274 - acc: 0.9907
22:23:09 Train 49/49 - loss: 0.0284 - acc: 0.9905
Epoch 164/300, lr: 0.365471
22:23:28 Train 20/49 - loss: 0.0294 - acc: 0.9902
22:23:45 Train 40/49 - loss: 0.0272 - acc: 0.9906
22:23:53 Train 49/49 - loss: 0.0269 - acc: 0.9907
Epoch 165/300, lr: 0.361156
22:24:11 Train 20/49 - loss: 0.0235 - acc: 0.9918
22:24:29 Train 40/49 - loss: 0.0260 - acc: 0.9911
22:24:36 Train 49/49 - loss: 0.0273 - acc: 0.9908
22:24:41 Valid 10/10 - loss: 0.3251 - acc: 0.9188
Epoch 166/300, lr: 0.356846
22:25:00 Train 20/49 - loss: 0.0304 - acc: 0.9908
22:25:17 Train 40/49 - loss: 0.0266 - acc: 0.9917
22:25:25 Train 49/49 - loss: 0.0256 - acc: 0.9920
Epoch 167/300, lr: 0.352541
22:25:43 Train 20/49 - loss: 0.0215 - acc: 0.9936
22:26:01 Train 40/49 - loss: 0.0218 - acc: 0.9934
22:26:08 Train 49/49 - loss: 0.0227 - acc: 0.9931
Epoch 168/300, lr: 0.348241
22:26:27 Train 20/49 - loss: 0.0232 - acc: 0.9922
22:26:44 Train 40/49 - loss: 0.0229 - acc: 0.9923
22:26:52 Train 49/49 - loss: 0.0243 - acc: 0.9917
Epoch 169/300, lr: 0.343947
22:27:10 Train 20/49 - loss: 0.0228 - acc: 0.9930
22:27:28 Train 40/49 - loss: 0.0238 - acc: 0.9921
22:27:36 Train 49/49 - loss: 0.0239 - acc: 0.9921
Epoch 170/300, lr: 0.339660
22:27:54 Train 20/49 - loss: 0.0212 - acc: 0.9932
22:28:11 Train 40/49 - loss: 0.0217 - acc: 0.9925
22:28:19 Train 49/49 - loss: 0.0223 - acc: 0.9925
22:28:24 Valid 10/10 - loss: 0.3346 - acc: 0.9206
Epoch 171/300, lr: 0.335380
22:28:42 Train 20/49 - loss: 0.0228 - acc: 0.9923
22:29:00 Train 40/49 - loss: 0.0240 - acc: 0.9917
22:29:07 Train 49/49 - loss: 0.0248 - acc: 0.9913
Epoch 172/300, lr: 0.331108
22:29:25 Train 20/49 - loss: 0.0225 - acc: 0.9927
22:29:43 Train 40/49 - loss: 0.0229 - acc: 0.9922
22:29:51 Train 49/49 - loss: 0.0235 - acc: 0.9920
Epoch 173/300, lr: 0.326844
22:30:09 Train 20/49 - loss: 0.0206 - acc: 0.9928
22:30:27 Train 40/49 - loss: 0.0216 - acc: 0.9927
22:30:34 Train 49/49 - loss: 0.0221 - acc: 0.9926
Epoch 174/300, lr: 0.322588
22:30:52 Train 20/49 - loss: 0.0226 - acc: 0.9924
22:31:10 Train 40/49 - loss: 0.0253 - acc: 0.9911
22:31:18 Train 49/49 - loss: 0.0261 - acc: 0.9910
Epoch 175/300, lr: 0.318341
22:31:36 Train 20/49 - loss: 0.0265 - acc: 0.9912
22:31:53 Train 40/49 - loss: 0.0246 - acc: 0.9916
22:32:01 Train 49/49 - loss: 0.0247 - acc: 0.9916
22:32:06 Valid 10/10 - loss: 0.3710 - acc: 0.9142
Epoch 176/300, lr: 0.314104
22:32:24 Train 20/49 - loss: 0.0198 - acc: 0.9940
22:32:41 Train 40/49 - loss: 0.0206 - acc: 0.9935
22:32:49 Train 49/49 - loss: 0.0213 - acc: 0.9932
Epoch 177/300, lr: 0.309877
22:33:07 Train 20/49 - loss: 0.0214 - acc: 0.9930
22:33:25 Train 40/49 - loss: 0.0212 - acc: 0.9932
22:33:33 Train 49/49 - loss: 0.0219 - acc: 0.9927
Epoch 178/300, lr: 0.305661
22:33:51 Train 20/49 - loss: 0.0228 - acc: 0.9928
22:34:08 Train 40/49 - loss: 0.0215 - acc: 0.9932
22:34:16 Train 49/49 - loss: 0.0204 - acc: 0.9934
Epoch 179/300, lr: 0.301456
22:34:34 Train 20/49 - loss: 0.0209 - acc: 0.9929
22:34:52 Train 40/49 - loss: 0.0205 - acc: 0.9927
22:35:00 Train 49/49 - loss: 0.0210 - acc: 0.9925
Epoch 180/300, lr: 0.297262
22:35:18 Train 20/49 - loss: 0.0201 - acc: 0.9930
22:35:36 Train 40/49 - loss: 0.0210 - acc: 0.9929
22:35:43 Train 49/49 - loss: 0.0215 - acc: 0.9928
22:35:48 Valid 10/10 - loss: 0.2868 - acc: 0.9340
Epoch 181/300, lr: 0.293080
22:36:06 Train 20/49 - loss: 0.0179 - acc: 0.9941
22:36:24 Train 40/49 - loss: 0.0191 - acc: 0.9939
22:36:31 Train 49/49 - loss: 0.0182 - acc: 0.9943
Epoch 182/300, lr: 0.288911
22:36:50 Train 20/49 - loss: 0.0144 - acc: 0.9954
22:37:07 Train 40/49 - loss: 0.0168 - acc: 0.9945
22:37:15 Train 49/49 - loss: 0.0173 - acc: 0.9944
Epoch 183/300, lr: 0.284755
22:37:33 Train 20/49 - loss: 0.0188 - acc: 0.9933
22:37:51 Train 40/49 - loss: 0.0179 - acc: 0.9939
22:37:59 Train 49/49 - loss: 0.0174 - acc: 0.9941
Epoch 184/300, lr: 0.280612
22:38:17 Train 20/49 - loss: 0.0140 - acc: 0.9954
22:38:35 Train 40/49 - loss: 0.0171 - acc: 0.9945
22:38:42 Train 49/49 - loss: 0.0177 - acc: 0.9942
Epoch 185/300, lr: 0.276484
22:39:00 Train 20/49 - loss: 0.0195 - acc: 0.9935
22:39:18 Train 40/49 - loss: 0.0194 - acc: 0.9935
22:39:26 Train 49/49 - loss: 0.0197 - acc: 0.9935
22:39:31 Valid 10/10 - loss: 0.3003 - acc: 0.9282
Epoch 186/300, lr: 0.272370
22:39:49 Train 20/49 - loss: 0.0164 - acc: 0.9944
22:40:06 Train 40/49 - loss: 0.0156 - acc: 0.9948
22:40:14 Train 49/49 - loss: 0.0156 - acc: 0.9950
Epoch 187/300, lr: 0.268271
22:40:32 Train 20/49 - loss: 0.0147 - acc: 0.9953
22:40:50 Train 40/49 - loss: 0.0134 - acc: 0.9958
22:40:58 Train 49/49 - loss: 0.0139 - acc: 0.9956
Epoch 188/300, lr: 0.264187
22:41:16 Train 20/49 - loss: 0.0114 - acc: 0.9963
22:41:33 Train 40/49 - loss: 0.0127 - acc: 0.9959
22:41:41 Train 49/49 - loss: 0.0130 - acc: 0.9957
Epoch 189/300, lr: 0.260119
22:41:59 Train 20/49 - loss: 0.0132 - acc: 0.9957
22:42:17 Train 40/49 - loss: 0.0136 - acc: 0.9956
22:42:25 Train 49/49 - loss: 0.0137 - acc: 0.9954
Epoch 190/300, lr: 0.256068
22:42:43 Train 20/49 - loss: 0.0126 - acc: 0.9958
22:43:00 Train 40/49 - loss: 0.0149 - acc: 0.9951
22:43:08 Train 49/49 - loss: 0.0149 - acc: 0.9952
22:43:13 Valid 10/10 - loss: 0.2779 - acc: 0.9316
Epoch 191/300, lr: 0.252034
22:43:31 Train 20/49 - loss: 0.0131 - acc: 0.9953
22:43:48 Train 40/49 - loss: 0.0145 - acc: 0.9949
22:43:56 Train 49/49 - loss: 0.0146 - acc: 0.9950
Epoch 192/300, lr: 0.248017
22:44:14 Train 20/49 - loss: 0.0114 - acc: 0.9962
22:44:32 Train 40/49 - loss: 0.0122 - acc: 0.9961
22:44:40 Train 49/49 - loss: 0.0122 - acc: 0.9960
Epoch 193/300, lr: 0.244018
22:44:58 Train 20/49 - loss: 0.0131 - acc: 0.9956
22:45:16 Train 40/49 - loss: 0.0131 - acc: 0.9957
22:45:23 Train 49/49 - loss: 0.0130 - acc: 0.9957
Epoch 194/300, lr: 0.240037
22:45:41 Train 20/49 - loss: 0.0117 - acc: 0.9960
22:45:59 Train 40/49 - loss: 0.0118 - acc: 0.9961
22:46:07 Train 49/49 - loss: 0.0116 - acc: 0.9962
Epoch 195/300, lr: 0.236075
22:46:25 Train 20/49 - loss: 0.0127 - acc: 0.9960
22:46:43 Train 40/49 - loss: 0.0137 - acc: 0.9959
22:46:50 Train 49/49 - loss: 0.0146 - acc: 0.9953
22:46:55 Valid 10/10 - loss: 0.3426 - acc: 0.9231
Epoch 196/300, lr: 0.232132
22:47:13 Train 20/49 - loss: 0.0185 - acc: 0.9937
22:47:31 Train 40/49 - loss: 0.0170 - acc: 0.9943
22:47:39 Train 49/49 - loss: 0.0165 - acc: 0.9945
Epoch 197/300, lr: 0.228209
22:47:57 Train 20/49 - loss: 0.0111 - acc: 0.9965
22:48:14 Train 40/49 - loss: 0.0108 - acc: 0.9965
22:48:22 Train 49/49 - loss: 0.0115 - acc: 0.9962
Epoch 198/300, lr: 0.224306
22:48:40 Train 20/49 - loss: 0.0161 - acc: 0.9940
22:48:58 Train 40/49 - loss: 0.0168 - acc: 0.9941
22:49:06 Train 49/49 - loss: 0.0163 - acc: 0.9944
Epoch 199/300, lr: 0.220423
22:49:24 Train 20/49 - loss: 0.0101 - acc: 0.9975
22:49:41 Train 40/49 - loss: 0.0095 - acc: 0.9972
22:49:49 Train 49/49 - loss: 0.0097 - acc: 0.9973
Epoch 200/300, lr: 0.216562
22:50:07 Train 20/49 - loss: 0.0088 - acc: 0.9970
22:50:25 Train 40/49 - loss: 0.0092 - acc: 0.9972
22:50:33 Train 49/49 - loss: 0.0096 - acc: 0.9970
Save checkpoint at /home/aistudio/checkpoints/CIFAR10-PyramidNet/epoch_200
22:50:38 Valid 10/10 - loss: 0.2731 - acc: 0.9361
Epoch 201/300, lr: 0.212722
22:50:56 Train 20/49 - loss: 0.0112 - acc: 0.9966
22:51:14 Train 40/49 - loss: 0.0110 - acc: 0.9965
22:51:21 Train 49/49 - loss: 0.0113 - acc: 0.9965
Epoch 202/300, lr: 0.208904
22:51:40 Train 20/49 - loss: 0.0093 - acc: 0.9967
22:51:57 Train 40/49 - loss: 0.0112 - acc: 0.9963
22:52:05 Train 49/49 - loss: 0.0117 - acc: 0.9962
Epoch 203/300, lr: 0.205109
22:52:23 Train 20/49 - loss: 0.0113 - acc: 0.9960
22:52:41 Train 40/49 - loss: 0.0096 - acc: 0.9967
22:52:48 Train 49/49 - loss: 0.0092 - acc: 0.9969
Epoch 204/300, lr: 0.201336
22:53:07 Train 20/49 - loss: 0.0056 - acc: 0.9983
22:53:24 Train 40/49 - loss: 0.0062 - acc: 0.9980
22:53:32 Train 49/49 - loss: 0.0065 - acc: 0.9979
Epoch 205/300, lr: 0.197587
22:53:50 Train 20/49 - loss: 0.0076 - acc: 0.9975
22:54:08 Train 40/49 - loss: 0.0071 - acc: 0.9977
22:54:15 Train 49/49 - loss: 0.0074 - acc: 0.9976
22:54:20 Valid 10/10 - loss: 0.2640 - acc: 0.9397
Epoch 206/300, lr: 0.193862
22:54:38 Train 20/49 - loss: 0.0065 - acc: 0.9979
22:54:56 Train 40/49 - loss: 0.0065 - acc: 0.9979
22:55:03 Train 49/49 - loss: 0.0069 - acc: 0.9977
Epoch 207/300, lr: 0.190161
22:55:22 Train 20/49 - loss: 0.0091 - acc: 0.9974
22:55:39 Train 40/49 - loss: 0.0090 - acc: 0.9972
22:55:47 Train 49/49 - loss: 0.0091 - acc: 0.9971
Epoch 208/300, lr: 0.186484
22:56:05 Train 20/49 - loss: 0.0067 - acc: 0.9980
22:56:23 Train 40/49 - loss: 0.0067 - acc: 0.9979
22:56:30 Train 49/49 - loss: 0.0069 - acc: 0.9979
Epoch 209/300, lr: 0.182832
22:56:49 Train 20/49 - loss: 0.0060 - acc: 0.9982
22:57:06 Train 40/49 - loss: 0.0067 - acc: 0.9980
22:57:14 Train 49/49 - loss: 0.0065 - acc: 0.9981
Epoch 210/300, lr: 0.179206
22:57:32 Train 20/49 - loss: 0.0063 - acc: 0.9981
22:57:50 Train 40/49 - loss: 0.0067 - acc: 0.9980
22:57:57 Train 49/49 - loss: 0.0065 - acc: 0.9981
22:58:02 Valid 10/10 - loss: 0.2679 - acc: 0.9376
Epoch 211/300, lr: 0.175606
22:58:20 Train 20/49 - loss: 0.0059 - acc: 0.9981
22:58:38 Train 40/49 - loss: 0.0061 - acc: 0.9982
22:58:46 Train 49/49 - loss: 0.0058 - acc: 0.9984
Epoch 212/300, lr: 0.172032
22:59:04 Train 20/49 - loss: 0.0048 - acc: 0.9986
22:59:22 Train 40/49 - loss: 0.0049 - acc: 0.9985
22:59:29 Train 49/49 - loss: 0.0050 - acc: 0.9984
Epoch 213/300, lr: 0.168485
22:59:48 Train 20/49 - loss: 0.0056 - acc: 0.9982
23:00:05 Train 40/49 - loss: 0.0054 - acc: 0.9984
23:00:13 Train 49/49 - loss: 0.0050 - acc: 0.9985
Epoch 214/300, lr: 0.164965
23:00:31 Train 20/49 - loss: 0.0034 - acc: 0.9993
23:00:49 Train 40/49 - loss: 0.0033 - acc: 0.9993
23:00:56 Train 49/49 - loss: 0.0032 - acc: 0.9993
Epoch 215/300, lr: 0.161473
23:01:15 Train 20/49 - loss: 0.0029 - acc: 0.9990
23:01:32 Train 40/49 - loss: 0.0036 - acc: 0.9990
23:01:40 Train 49/49 - loss: 0.0039 - acc: 0.9989
23:01:44 Valid 10/10 - loss: 0.2433 - acc: 0.9413
Epoch 216/300, lr: 0.158009
23:02:03 Train 20/49 - loss: 0.0037 - acc: 0.9990
23:02:20 Train 40/49 - loss: 0.0044 - acc: 0.9989
23:02:28 Train 49/49 - loss: 0.0043 - acc: 0.9988
Epoch 217/300, lr: 0.154573
23:02:46 Train 20/49 - loss: 0.0038 - acc: 0.9990
23:03:04 Train 40/49 - loss: 0.0041 - acc: 0.9989
23:03:11 Train 49/49 - loss: 0.0040 - acc: 0.9989
Epoch 218/300, lr: 0.151166
23:03:30 Train 20/49 - loss: 0.0038 - acc: 0.9992
23:03:47 Train 40/49 - loss: 0.0037 - acc: 0.9990
23:03:55 Train 49/49 - loss: 0.0041 - acc: 0.9989
Epoch 219/300, lr: 0.147788
23:04:13 Train 20/49 - loss: 0.0041 - acc: 0.9991
23:04:31 Train 40/49 - loss: 0.0037 - acc: 0.9992
23:04:39 Train 49/49 - loss: 0.0036 - acc: 0.9992
Epoch 220/300, lr: 0.144439
23:04:57 Train 20/49 - loss: 0.0036 - acc: 0.9989
23:05:14 Train 40/49 - loss: 0.0033 - acc: 0.9990
23:05:22 Train 49/49 - loss: 0.0034 - acc: 0.9990
23:05:27 Valid 10/10 - loss: 0.2528 - acc: 0.9434
Epoch 221/300, lr: 0.141121
23:05:45 Train 20/49 - loss: 0.0035 - acc: 0.9988
23:06:02 Train 40/49 - loss: 0.0035 - acc: 0.9990
23:06:10 Train 49/49 - loss: 0.0036 - acc: 0.9989
Epoch 222/300, lr: 0.137833
23:06:28 Train 20/49 - loss: 0.0046 - acc: 0.9988
23:06:46 Train 40/49 - loss: 0.0047 - acc: 0.9987
23:06:54 Train 49/49 - loss: 0.0046 - acc: 0.9987
Epoch 223/300, lr: 0.134576
23:07:12 Train 20/49 - loss: 0.0029 - acc: 0.9994
23:07:29 Train 40/49 - loss: 0.0028 - acc: 0.9993
23:07:37 Train 49/49 - loss: 0.0029 - acc: 0.9992
Epoch 224/300, lr: 0.131350
23:07:55 Train 20/49 - loss: 0.0023 - acc: 0.9995
23:08:13 Train 40/49 - loss: 0.0024 - acc: 0.9993
23:08:21 Train 49/49 - loss: 0.0027 - acc: 0.9992
Epoch 225/300, lr: 0.128155
23:08:39 Train 20/49 - loss: 0.0031 - acc: 0.9991
23:08:57 Train 40/49 - loss: 0.0032 - acc: 0.9990
23:09:04 Train 49/49 - loss: 0.0031 - acc: 0.9991
23:09:09 Valid 10/10 - loss: 0.2530 - acc: 0.9434
Epoch 226/300, lr: 0.124993
23:09:27 Train 20/49 - loss: 0.0017 - acc: 0.9995
23:09:45 Train 40/49 - loss: 0.0018 - acc: 0.9994
23:09:53 Train 49/49 - loss: 0.0018 - acc: 0.9995
Epoch 227/300, lr: 0.121863
23:10:11 Train 20/49 - loss: 0.0010 - acc: 0.9999
23:10:28 Train 40/49 - loss: 0.0011 - acc: 0.9998
23:10:36 Train 49/49 - loss: 0.0012 - acc: 0.9998
Epoch 228/300, lr: 0.118765
23:10:54 Train 20/49 - loss: 0.0011 - acc: 0.9998
23:11:12 Train 40/49 - loss: 0.0011 - acc: 0.9998
23:11:20 Train 49/49 - loss: 0.0010 - acc: 0.9998
Epoch 229/300, lr: 0.115700
23:11:38 Train 20/49 - loss: 0.0006 - acc: 1.0000
23:11:55 Train 40/49 - loss: 0.0008 - acc: 0.9999
23:12:03 Train 49/49 - loss: 0.0008 - acc: 0.9998
Epoch 230/300, lr: 0.112669
23:12:22 Train 20/49 - loss: 0.0010 - acc: 0.9998
23:12:39 Train 40/49 - loss: 0.0011 - acc: 0.9998
23:12:47 Train 49/49 - loss: 0.0012 - acc: 0.9997
23:12:52 Valid 10/10 - loss: 0.2480 - acc: 0.9455
Epoch 231/300, lr: 0.109671
23:13:10 Train 20/49 - loss: 0.0013 - acc: 0.9997
23:13:27 Train 40/49 - loss: 0.0010 - acc: 0.9998
23:13:35 Train 49/49 - loss: 0.0010 - acc: 0.9998
Epoch 232/300, lr: 0.106708
23:13:53 Train 20/49 - loss: 0.0011 - acc: 0.9998
23:14:11 Train 40/49 - loss: 0.0009 - acc: 0.9999
23:14:19 Train 49/49 - loss: 0.0009 - acc: 0.9999
Epoch 233/300, lr: 0.103779
23:14:37 Train 20/49 - loss: 0.0006 - acc: 0.9999
23:14:54 Train 40/49 - loss: 0.0006 - acc: 0.9999
23:15:02 Train 49/49 - loss: 0.0006 - acc: 0.9999
Epoch 234/300, lr: 0.100884
23:15:20 Train 20/49 - loss: 0.0003 - acc: 1.0000
23:15:38 Train 40/49 - loss: 0.0003 - acc: 1.0000
23:15:46 Train 49/49 - loss: 0.0003 - acc: 1.0000
Epoch 235/300, lr: 0.098025
23:16:04 Train 20/49 - loss: 0.0004 - acc: 1.0000
23:16:21 Train 40/49 - loss: 0.0004 - acc: 1.0000
23:16:29 Train 49/49 - loss: 0.0004 - acc: 1.0000
23:16:34 Valid 10/10 - loss: 0.2273 - acc: 0.9512
Epoch 236/300, lr: 0.095201
23:16:52 Train 20/49 - loss: 0.0003 - acc: 1.0000
23:17:09 Train 40/49 - loss: 0.0003 - acc: 1.0000
23:17:17 Train 49/49 - loss: 0.0003 - acc: 1.0000
Epoch 237/300, lr: 0.092413
23:17:35 Train 20/49 - loss: 0.0002 - acc: 1.0000
23:17:53 Train 40/49 - loss: 0.0002 - acc: 1.0000
23:18:01 Train 49/49 - loss: 0.0002 - acc: 1.0000
Epoch 238/300, lr: 0.089661
23:18:19 Train 20/49 - loss: 0.0002 - acc: 1.0000
23:18:36 Train 40/49 - loss: 0.0002 - acc: 1.0000
23:18:44 Train 49/49 - loss: 0.0002 - acc: 1.0000
Epoch 239/300, lr: 0.086946
23:19:02 Train 20/49 - loss: 0.0004 - acc: 0.9999
23:19:20 Train 40/49 - loss: 0.0003 - acc: 0.9999
23:19:28 Train 49/49 - loss: 0.0003 - acc: 0.9999
Epoch 240/300, lr: 0.084267
23:19:46 Train 20/49 - loss: 0.0003 - acc: 1.0000
23:20:04 Train 40/49 - loss: 0.0003 - acc: 1.0000
23:20:11 Train 49/49 - loss: 0.0003 - acc: 1.0000
23:20:16 Valid 10/10 - loss: 0.2192 - acc: 0.9528
Epoch 241/300, lr: 0.081625
23:20:34 Train 20/49 - loss: 0.0003 - acc: 1.0000
23:20:52 Train 40/49 - loss: 0.0003 - acc: 1.0000
23:21:00 Train 49/49 - loss: 0.0003 - acc: 1.0000
Epoch 242/300, lr: 0.079021
23:21:18 Train 20/49 - loss: 0.0002 - acc: 1.0000
23:21:35 Train 40/49 - loss: 0.0002 - acc: 1.0000
23:21:43 Train 49/49 - loss: 0.0002 - acc: 1.0000
Epoch 243/300, lr: 0.076454
23:22:01 Train 20/49 - loss: 0.0002 - acc: 1.0000
23:22:19 Train 40/49 - loss: 0.0002 - acc: 1.0000
23:22:27 Train 49/49 - loss: 0.0002 - acc: 1.0000
Epoch 244/300, lr: 0.073926
23:22:45 Train 20/49 - loss: 0.0003 - acc: 1.0000
23:23:02 Train 40/49 - loss: 0.0003 - acc: 1.0000
23:23:10 Train 49/49 - loss: 0.0003 - acc: 1.0000
Epoch 245/300, lr: 0.071435
23:23:29 Train 20/49 - loss: 0.0002 - acc: 1.0000
23:23:46 Train 40/49 - loss: 0.0002 - acc: 1.0000
23:23:54 Train 49/49 - loss: 0.0002 - acc: 1.0000
23:23:59 Valid 10/10 - loss: 0.2134 - acc: 0.9539
Epoch 246/300, lr: 0.068983
23:24:17 Train 20/49 - loss: 0.0002 - acc: 1.0000
