20:50:39 Start training
Epoch 1/100
WARNING:tensorflow:From /usr/local/lib/python3.6/dist-packages/tensorflow/python/data/ops/multi_device_iterator_ops.py:601: get_next_as_optional (from tensorflow.python.data.ops.iterator_ops) is deprecated and will be removed in a future version.
Instructions for updating:
Use `tf.data.Iterator.get_next_as_optional()` instead.
WARNING:tensorflow:From /usr/local/lib/python3.6/dist-packages/tensorflow/python/data/ops/multi_device_iterator_ops.py:601: get_next_as_optional (from tensorflow.python.data.ops.iterator_ops) is deprecated and will be removed in a future version.
Instructions for updating:
Use `tf.data.Iterator.get_next_as_optional()` instead.
20:51:03 train - loss: 0.6844, ber: 0.5435
20:51:08 valid - loss: 0.6515, ber: 0.6078
Epoch 2/100
20:51:25 train - loss: 0.5903, ber: 0.6705
20:51:26 valid - loss: 0.5386, ber: 0.7158
Epoch 3/100
20:51:43 train - loss: 0.5104, ber: 0.7370
20:51:43 valid - loss: 0.4908, ber: 0.7515
Epoch 4/100
20:52:00 train - loss: 0.4766, ber: 0.7612
20:52:01 valid - loss: 0.4680, ber: 0.7672
Epoch 5/100
20:52:18 train - loss: 0.4585, ber: 0.7733
20:52:19 valid - loss: 0.4539, ber: 0.7764
Epoch 6/100
20:52:36 train - loss: 0.4465, ber: 0.7810
20:52:36 valid - loss: 0.4439, ber: 0.7829
Epoch 7/100
20:52:53 train - loss: 0.4380, ber: 0.7863
20:52:54 valid - loss: 0.4362, ber: 0.7874
Epoch 8/100
20:53:11 train - loss: 0.4311, ber: 0.7904
20:53:12 valid - loss: 0.4302, ber: 0.7911
Epoch 9/100
20:53:29 train - loss: 0.4255, ber: 0.7938
20:53:29 valid - loss: 0.4249, ber: 0.7942
Epoch 10/100
20:53:46 train - loss: 0.4205, ber: 0.7967
20:53:47 valid - loss: 0.4202, ber: 0.7968
Epoch 11/100
20:54:04 train - loss: 0.4162, ber: 0.7991
20:54:05 valid - loss: 0.4164, ber: 0.7990
Epoch 12/100
20:54:21 train - loss: 0.4122, ber: 0.8014
20:54:22 valid - loss: 0.4124, ber: 0.8013
Epoch 13/100
20:54:39 train - loss: 0.4086, ber: 0.8034
20:54:40 valid - loss: 0.4088, ber: 0.8032
Epoch 14/100
20:54:57 train - loss: 0.4052, ber: 0.8053
20:54:57 valid - loss: 0.4056, ber: 0.8051
Epoch 15/100
20:55:14 train - loss: 0.4021, ber: 0.8070
20:55:15 valid - loss: 0.4026, ber: 0.8068
Epoch 16/100
20:55:32 train - loss: 0.3990, ber: 0.8087
20:55:33 valid - loss: 0.3998, ber: 0.8082
Epoch 17/100
20:55:49 train - loss: 0.3962, ber: 0.8103
20:55:50 valid - loss: 0.3966, ber: 0.8100
Epoch 18/100
20:56:07 train - loss: 0.3935, ber: 0.8117
20:56:08 valid - loss: 0.3944, ber: 0.8111
Epoch 19/100
20:56:25 train - loss: 0.3908, ber: 0.8131
20:56:26 valid - loss: 0.3914, ber: 0.8129
Epoch 20/100
20:56:42 train - loss: 0.3884, ber: 0.8144
20:56:43 valid - loss: 0.3886, ber: 0.8144
Epoch 21/100
20:57:00 train - loss: 0.3860, ber: 0.8157
20:57:01 valid - loss: 0.3866, ber: 0.8153
Epoch 22/100
20:57:18 train - loss: 0.3836, ber: 0.8170
20:57:18 valid - loss: 0.3843, ber: 0.8166
Epoch 23/100
20:57:35 train - loss: 0.3814, ber: 0.8181
20:57:36 valid - loss: 0.3821, ber: 0.8176
Epoch 24/100
20:57:53 train - loss: 0.3793, ber: 0.8192
20:57:54 valid - loss: 0.3805, ber: 0.8185
Epoch 25/100
20:58:10 train - loss: 0.3773, ber: 0.8203
20:58:11 valid - loss: 0.3782, ber: 0.8199
Epoch 26/100
20:58:28 train - loss: 0.3755, ber: 0.8213
20:58:29 valid - loss: 0.3766, ber: 0.8206
Epoch 27/100
20:58:46 train - loss: 0.3736, ber: 0.8223
20:58:46 valid - loss: 0.3746, ber: 0.8217
Epoch 28/100
20:59:03 train - loss: 0.3718, ber: 0.8232
20:59:04 valid - loss: 0.3729, ber: 0.8226
Epoch 29/100
20:59:21 train - loss: 0.3701, ber: 0.8241
20:59:22 valid - loss: 0.3711, ber: 0.8235
Epoch 30/100
20:59:38 train - loss: 0.3684, ber: 0.8250
20:59:39 valid - loss: 0.3697, ber: 0.8242
Epoch 31/100
20:59:56 train - loss: 0.3668, ber: 0.8259
20:59:57 valid - loss: 0.3681, ber: 0.8250
Epoch 32/100
21:00:14 train - loss: 0.3653, ber: 0.8266
21:00:14 valid - loss: 0.3667, ber: 0.8257
Epoch 33/100
21:00:31 train - loss: 0.3639, ber: 0.8274
21:00:32 valid - loss: 0.3654, ber: 0.8264
Epoch 34/100
21:00:49 train - loss: 0.3624, ber: 0.8281
21:00:50 valid - loss: 0.3639, ber: 0.8272
Epoch 35/100
21:01:06 train - loss: 0.3610, ber: 0.8288
21:01:07 valid - loss: 0.3622, ber: 0.8281
Epoch 36/100
21:01:24 train - loss: 0.3597, ber: 0.8295
21:01:25 valid - loss: 0.3613, ber: 0.8286
Epoch 37/100
21:01:42 train - loss: 0.3584, ber: 0.8302
21:01:43 valid - loss: 0.3600, ber: 0.8293
Epoch 38/100
21:01:59 train - loss: 0.3571, ber: 0.8308
21:02:00 valid - loss: 0.3590, ber: 0.8297
Epoch 39/100
21:02:17 train - loss: 0.3559, ber: 0.8314
21:02:18 valid - loss: 0.3573, ber: 0.8305
Epoch 40/100
21:02:35 train - loss: 0.3547, ber: 0.8321
21:02:35 valid - loss: 0.3558, ber: 0.8315
Epoch 41/100
21:02:52 train - loss: 0.3536, ber: 0.8327
21:02:53 valid - loss: 0.3552, ber: 0.8316
Epoch 42/100
21:03:10 train - loss: 0.3524, ber: 0.8333
21:03:10 valid - loss: 0.3543, ber: 0.8323
Epoch 43/100
21:03:27 train - loss: 0.3514, ber: 0.8338
21:03:28 valid - loss: 0.3527, ber: 0.8330
Epoch 44/100
21:03:45 train - loss: 0.3503, ber: 0.8343
21:03:46 valid - loss: 0.3520, ber: 0.8333
Epoch 45/100
21:04:03 train - loss: 0.3492, ber: 0.8349
21:04:03 valid - loss: 0.3509, ber: 0.8339
Epoch 46/100
21:04:20 train - loss: 0.3482, ber: 0.8354
21:04:21 valid - loss: 0.3501, ber: 0.8344
Epoch 47/100
21:04:38 train - loss: 0.3473, ber: 0.8359
21:04:39 valid - loss: 0.3490, ber: 0.8350
Epoch 48/100
21:04:55 train - loss: 0.3463, ber: 0.8364
21:04:56 valid - loss: 0.3477, ber: 0.8356
Epoch 49/100
21:05:13 train - loss: 0.3454, ber: 0.8369
21:05:14 valid - loss: 0.3472, ber: 0.8359
Epoch 50/100
21:05:30 train - loss: 0.3444, ber: 0.8373
21:05:31 valid - loss: 0.3460, ber: 0.8365
Epoch 51/100
21:05:48 train - loss: 0.3435, ber: 0.8378
21:05:49 valid - loss: 0.3455, ber: 0.8365
Epoch 52/100
21:06:06 train - loss: 0.3426, ber: 0.8383
21:06:06 valid - loss: 0.3445, ber: 0.8372
Epoch 53/100
21:06:23 train - loss: 0.3418, ber: 0.8387
21:06:24 valid - loss: 0.3438, ber: 0.8375
Epoch 54/100
21:06:41 train - loss: 0.3409, ber: 0.8392
21:06:42 valid - loss: 0.3425, ber: 0.8382
Epoch 55/100
21:06:58 train - loss: 0.3401, ber: 0.8395
21:06:59 valid - loss: 0.3420, ber: 0.8385
Epoch 56/100
21:07:16 train - loss: 0.3392, ber: 0.8400
21:07:17 valid - loss: 0.3410, ber: 0.8390
Epoch 57/100
21:07:33 train - loss: 0.3385, ber: 0.8403
21:07:34 valid - loss: 0.3403, ber: 0.8392
Epoch 58/100
21:07:51 train - loss: 0.3376, ber: 0.8408
21:07:52 valid - loss: 0.3392, ber: 0.8398
Epoch 59/100
21:08:09 train - loss: 0.3368, ber: 0.8412
21:08:09 valid - loss: 0.3387, ber: 0.8401
Epoch 60/100
21:08:26 train - loss: 0.3361, ber: 0.8415
21:08:27 valid - loss: 0.3380, ber: 0.8404
Epoch 61/100
21:08:44 train - loss: 0.3353, ber: 0.8419
21:08:45 valid - loss: 0.3373, ber: 0.8408
Epoch 62/100
21:09:02 train - loss: 0.3346, ber: 0.8423
21:09:02 valid - loss: 0.3366, ber: 0.8412
Epoch 63/100
21:09:19 train - loss: 0.3339, ber: 0.8427
21:09:20 valid - loss: 0.3359, ber: 0.8415
Epoch 64/100
21:09:37 train - loss: 0.3332, ber: 0.8430
21:09:38 valid - loss: 0.3351, ber: 0.8419
Epoch 65/100
21:09:54 train - loss: 0.3324, ber: 0.8434
21:09:55 valid - loss: 0.3342, ber: 0.8423
Epoch 66/100
21:10:12 train - loss: 0.3318, ber: 0.8437
21:10:13 valid - loss: 0.3337, ber: 0.8426
Epoch 67/100
21:10:30 train - loss: 0.3311, ber: 0.8440
21:10:30 valid - loss: 0.3331, ber: 0.8430
Epoch 68/100
21:10:47 train - loss: 0.3304, ber: 0.8443
21:10:48 valid - loss: 0.3323, ber: 0.8433
Epoch 69/100
21:11:05 train - loss: 0.3298, ber: 0.8447
21:11:06 valid - loss: 0.3316, ber: 0.8436
Epoch 70/100
21:11:22 train - loss: 0.3292, ber: 0.8450
21:11:23 valid - loss: 0.3314, ber: 0.8438
Epoch 71/100
21:11:40 train - loss: 0.3285, ber: 0.8453
21:11:41 valid - loss: 0.3303, ber: 0.8443
Epoch 72/100
21:11:58 train - loss: 0.3280, ber: 0.8456
21:11:59 valid - loss: 0.3301, ber: 0.8443
Epoch 73/100
21:12:15 train - loss: 0.3273, ber: 0.8459
21:12:16 valid - loss: 0.3295, ber: 0.8447
Epoch 74/100
21:12:33 train - loss: 0.3268, ber: 0.8461
21:12:34 valid - loss: 0.3289, ber: 0.8450
Epoch 75/100
21:12:51 train - loss: 0.3263, ber: 0.8464
21:12:51 valid - loss: 0.3285, ber: 0.8452
Epoch 76/100
21:13:08 train - loss: 0.3258, ber: 0.8467
21:13:09 valid - loss: 0.3278, ber: 0.8455
Epoch 77/100
21:13:26 train - loss: 0.3252, ber: 0.8469
21:13:27 valid - loss: 0.3273, ber: 0.8456
Epoch 78/100
21:13:43 train - loss: 0.3248, ber: 0.8472
21:13:44 valid - loss: 0.3269, ber: 0.8460
Epoch 79/100
21:14:01 train - loss: 0.3243, ber: 0.8474
21:14:02 valid - loss: 0.3262, ber: 0.8463
Epoch 80/100
21:14:19 train - loss: 0.3238, ber: 0.8477
21:14:19 valid - loss: 0.3260, ber: 0.8464
Epoch 81/100
21:14:36 train - loss: 0.3235, ber: 0.8478
21:14:37 valid - loss: 0.3255, ber: 0.8466
Epoch 82/100
21:14:54 train - loss: 0.3230, ber: 0.8480
21:14:55 valid - loss: 0.3251, ber: 0.8468
Epoch 83/100
21:15:11 train - loss: 0.3226, ber: 0.8483
21:15:12 valid - loss: 0.3249, ber: 0.8469
Epoch 84/100
21:15:29 train - loss: 0.3223, ber: 0.8484
21:15:30 valid - loss: 0.3246, ber: 0.8470
Epoch 85/100
21:15:47 train - loss: 0.3219, ber: 0.8486
21:15:47 valid - loss: 0.3239, ber: 0.8474
Epoch 86/100
21:16:04 train - loss: 0.3215, ber: 0.8488
21:16:05 valid - loss: 0.3236, ber: 0.8475
Epoch 87/100
21:16:22 train - loss: 0.3212, ber: 0.8489
21:16:23 valid - loss: 0.3237, ber: 0.8475
Epoch 88/100
21:16:39 train - loss: 0.3210, ber: 0.8490
21:16:40 valid - loss: 0.3231, ber: 0.8479
Epoch 89/100
21:16:57 train - loss: 0.3208, ber: 0.8491
21:16:58 valid - loss: 0.3229, ber: 0.8479
Epoch 90/100
21:17:15 train - loss: 0.3205, ber: 0.8493
21:17:15 valid - loss: 0.3228, ber: 0.8480
Epoch 91/100
21:17:32 train - loss: 0.3204, ber: 0.8493
21:17:33 valid - loss: 0.3225, ber: 0.8482
Epoch 92/100
21:17:50 train - loss: 0.3202, ber: 0.8494
21:17:51 valid - loss: 0.3224, ber: 0.8481
Epoch 93/100
21:18:08 train - loss: 0.3199, ber: 0.8496
21:18:08 valid - loss: 0.3223, ber: 0.8481
Epoch 94/100
21:18:25 train - loss: 0.3198, ber: 0.8496
21:18:26 valid - loss: 0.3224, ber: 0.8481
Epoch 95/100
21:18:43 train - loss: 0.3197, ber: 0.8497
21:18:43 valid - loss: 0.3219, ber: 0.8482
Epoch 96/100
21:19:00 train - loss: 0.3197, ber: 0.8497
21:19:01 valid - loss: 0.3219, ber: 0.8485
Epoch 97/100
21:19:18 train - loss: 0.3196, ber: 0.8497
21:19:19 valid - loss: 0.3219, ber: 0.8484
Epoch 98/100
21:19:36 train - loss: 0.3195, ber: 0.8498
21:19:36 valid - loss: 0.3218, ber: 0.8484
Epoch 99/100
21:19:53 train - loss: 0.3195, ber: 0.8498
21:19:54 valid - loss: 0.3218, ber: 0.8484
Epoch 100/100
21:20:11 train - loss: 0.3195, ber: 0.8497
21:20:12 valid - loss: 0.3219, ber: 0.8485