21:55:26 Start training
Epoch 1/100
WARNING:tensorflow:From /usr/local/lib/python3.6/dist-packages/tensorflow/python/data/ops/multi_device_iterator_ops.py:601: get_next_as_optional (from tensorflow.python.data.ops.iterator_ops) is deprecated and will be removed in a future version.
Instructions for updating:
Use `tf.data.Iterator.get_next_as_optional()` instead.
WARNING:tensorflow:From /usr/local/lib/python3.6/dist-packages/tensorflow/python/data/ops/multi_device_iterator_ops.py:601: get_next_as_optional (from tensorflow.python.data.ops.iterator_ops) is deprecated and will be removed in a future version.
Instructions for updating:
Use `tf.data.Iterator.get_next_as_optional()` instead.
21:55:50 train - loss: 0.7141, ber: 0.5223
21:55:55 valid - loss: 0.6900, ber: 0.5609
Epoch 2/100
21:56:11 train - loss: 0.6322, ber: 0.6299
21:56:12 valid - loss: 0.5794, ber: 0.6832
Epoch 3/100
21:56:29 train - loss: 0.5456, ber: 0.7105
21:56:30 valid - loss: 0.5205, ber: 0.7299
Epoch 4/100
21:56:46 train - loss: 0.5029, ber: 0.7426
21:56:47 valid - loss: 0.4901, ber: 0.7516
Epoch 5/100
21:57:04 train - loss: 0.4777, ber: 0.7600
21:57:05 valid - loss: 0.4690, ber: 0.7657
Epoch 6/100
21:57:22 train - loss: 0.4596, ber: 0.7718
21:57:22 valid - loss: 0.4542, ber: 0.7753
Epoch 7/100
21:57:39 train - loss: 0.4456, ber: 0.7807
21:57:40 valid - loss: 0.4406, ber: 0.7837
Epoch 8/100
21:57:57 train - loss: 0.4341, ber: 0.7877
21:57:58 valid - loss: 0.4310, ber: 0.7897
Epoch 9/100
21:58:14 train - loss: 0.4249, ber: 0.7932
21:58:15 valid - loss: 0.4225, ber: 0.7945
Epoch 10/100
21:58:32 train - loss: 0.4173, ber: 0.7978
21:58:33 valid - loss: 0.4157, ber: 0.7988
Epoch 11/100
21:58:49 train - loss: 0.4109, ber: 0.8015
21:58:50 valid - loss: 0.4100, ber: 0.8019
Epoch 12/100
21:59:07 train - loss: 0.4057, ber: 0.8045
21:59:08 valid - loss: 0.4054, ber: 0.8046
Epoch 13/100
21:59:25 train - loss: 0.4010, ber: 0.8072
21:59:25 valid - loss: 0.4009, ber: 0.8072
Epoch 14/100
21:59:42 train - loss: 0.3970, ber: 0.8094
21:59:43 valid - loss: 0.3973, ber: 0.8092
Epoch 15/100
22:00:00 train - loss: 0.3935, ber: 0.8115
22:00:00 valid - loss: 0.3938, ber: 0.8113
Epoch 16/100
22:00:17 train - loss: 0.3905, ber: 0.8131
22:00:18 valid - loss: 0.3909, ber: 0.8129
Epoch 17/100
22:00:35 train - loss: 0.3877, ber: 0.8147
22:00:35 valid - loss: 0.3878, ber: 0.8144
Epoch 18/100
22:00:52 train - loss: 0.3851, ber: 0.8161
22:00:53 valid - loss: 0.3860, ber: 0.8154
Epoch 19/100
22:01:10 train - loss: 0.3826, ber: 0.8175
22:01:10 valid - loss: 0.3840, ber: 0.8166
Epoch 20/100
22:01:27 train - loss: 0.3806, ber: 0.8186
22:01:28 valid - loss: 0.3817, ber: 0.8179
Epoch 21/100
22:01:45 train - loss: 0.3785, ber: 0.8197
22:01:46 valid - loss: 0.3796, ber: 0.8190
Epoch 22/100
22:02:02 train - loss: 0.3765, ber: 0.8208
22:02:03 valid - loss: 0.3778, ber: 0.8200
Epoch 23/100
22:02:20 train - loss: 0.3748, ber: 0.8217
22:02:21 valid - loss: 0.3762, ber: 0.8208
Epoch 24/100
22:02:37 train - loss: 0.3731, ber: 0.8226
22:02:38 valid - loss: 0.3740, ber: 0.8219
Epoch 25/100
22:02:55 train - loss: 0.3716, ber: 0.8234
22:02:56 valid - loss: 0.3730, ber: 0.8226
Epoch 26/100
22:03:13 train - loss: 0.3701, ber: 0.8242
22:03:13 valid - loss: 0.3718, ber: 0.8232
Epoch 27/100
22:03:30 train - loss: 0.3685, ber: 0.8251
22:03:31 valid - loss: 0.3702, ber: 0.8241
Epoch 28/100
22:03:48 train - loss: 0.3672, ber: 0.8258
22:03:49 valid - loss: 0.3686, ber: 0.8249
Epoch 29/100
22:04:05 train - loss: 0.3658, ber: 0.8265
22:04:06 valid - loss: 0.3677, ber: 0.8253
Epoch 30/100
22:04:23 train - loss: 0.3646, ber: 0.8271
22:04:24 valid - loss: 0.3661, ber: 0.8262
Epoch 31/100
22:04:40 train - loss: 0.3633, ber: 0.8278
22:04:41 valid - loss: 0.3648, ber: 0.8270
Epoch 32/100
22:04:58 train - loss: 0.3620, ber: 0.8285
22:04:59 valid - loss: 0.3635, ber: 0.8274
Epoch 33/100
22:05:16 train - loss: 0.3609, ber: 0.8290
22:05:16 valid - loss: 0.3625, ber: 0.8280
Epoch 34/100
22:05:33 train - loss: 0.3598, ber: 0.8296
22:05:34 valid - loss: 0.3617, ber: 0.8285
Epoch 35/100
22:05:51 train - loss: 0.3587, ber: 0.8302
22:05:51 valid - loss: 0.3598, ber: 0.8295
Epoch 36/100
22:06:08 train - loss: 0.3576, ber: 0.8308
22:06:09 valid - loss: 0.3593, ber: 0.8298
Epoch 37/100
22:06:26 train - loss: 0.3566, ber: 0.8313
22:06:26 valid - loss: 0.3583, ber: 0.8303
Epoch 38/100
22:06:43 train - loss: 0.3556, ber: 0.8318
22:06:44 valid - loss: 0.3573, ber: 0.8308
Epoch 39/100
22:07:01 train - loss: 0.3545, ber: 0.8324
22:07:02 valid - loss: 0.3559, ber: 0.8315
Epoch 40/100
22:07:18 train - loss: 0.3536, ber: 0.8328
22:07:19 valid - loss: 0.3552, ber: 0.8319
Epoch 41/100
22:07:36 train - loss: 0.3525, ber: 0.8334
22:07:37 valid - loss: 0.3543, ber: 0.8324
Epoch 42/100
22:07:53 train - loss: 0.3516, ber: 0.8338
22:07:54 valid - loss: 0.3532, ber: 0.8329
Epoch 43/100
22:08:11 train - loss: 0.3507, ber: 0.8343
22:08:12 valid - loss: 0.3523, ber: 0.8333
Epoch 44/100
22:08:29 train - loss: 0.3498, ber: 0.8348
22:08:29 valid - loss: 0.3509, ber: 0.8340
Epoch 45/100
22:08:46 train - loss: 0.3488, ber: 0.8353
22:08:47 valid - loss: 0.3502, ber: 0.8344
Epoch 46/100
22:09:04 train - loss: 0.3480, ber: 0.8357
22:09:05 valid - loss: 0.3494, ber: 0.8348
Epoch 47/100
22:09:21 train - loss: 0.3470, ber: 0.8362
22:09:22 valid - loss: 0.3488, ber: 0.8352
Epoch 48/100
22:09:39 train - loss: 0.3462, ber: 0.8366
22:09:40 valid - loss: 0.3478, ber: 0.8355
Epoch 49/100
22:09:56 train - loss: 0.3454, ber: 0.8370
22:09:57 valid - loss: 0.3474, ber: 0.8359
Epoch 50/100
22:10:14 train - loss: 0.3445, ber: 0.8374
22:10:15 valid - loss: 0.3463, ber: 0.8364
Epoch 51/100
22:10:32 train - loss: 0.3437, ber: 0.8378
22:10:32 valid - loss: 0.3455, ber: 0.8368
Epoch 52/100
22:10:49 train - loss: 0.3428, ber: 0.8383
22:10:50 valid - loss: 0.3445, ber: 0.8374
Epoch 53/100
22:11:07 train - loss: 0.3421, ber: 0.8387
22:11:08 valid - loss: 0.3438, ber: 0.8377
Epoch 54/100
22:11:24 train - loss: 0.3413, ber: 0.8390
22:11:25 valid - loss: 0.3433, ber: 0.8379
Epoch 55/100
22:11:42 train - loss: 0.3405, ber: 0.8395
22:11:43 valid - loss: 0.3423, ber: 0.8384
Epoch 56/100
22:11:59 train - loss: 0.3397, ber: 0.8398
22:12:00 valid - loss: 0.3415, ber: 0.8389
Epoch 57/100
22:12:17 train - loss: 0.3389, ber: 0.8402
22:12:18 valid - loss: 0.3408, ber: 0.8392
Epoch 58/100
22:12:35 train - loss: 0.3382, ber: 0.8406
22:12:35 valid - loss: 0.3402, ber: 0.8394
Epoch 59/100
22:12:52 train - loss: 0.3375, ber: 0.8410
22:12:53 valid - loss: 0.3390, ber: 0.8401
Epoch 60/100
22:13:10 train - loss: 0.3367, ber: 0.8414
22:13:11 valid - loss: 0.3386, ber: 0.8402
Epoch 61/100
22:13:27 train - loss: 0.3360, ber: 0.8417
22:13:28 valid - loss: 0.3378, ber: 0.8405
Epoch 62/100
22:13:45 train - loss: 0.3353, ber: 0.8421
22:13:46 valid - loss: 0.3371, ber: 0.8410
Epoch 63/100
22:14:02 train - loss: 0.3346, ber: 0.8424
22:14:03 valid - loss: 0.3363, ber: 0.8414
Epoch 64/100
22:14:20 train - loss: 0.3339, ber: 0.8428
22:14:21 valid - loss: 0.3356, ber: 0.8419
Epoch 65/100
22:14:38 train - loss: 0.3333, ber: 0.8431
22:14:38 valid - loss: 0.3351, ber: 0.8420
Epoch 66/100
22:14:55 train - loss: 0.3326, ber: 0.8434
22:14:56 valid - loss: 0.3344, ber: 0.8424
Epoch 67/100
22:15:13 train - loss: 0.3319, ber: 0.8437
22:15:14 valid - loss: 0.3340, ber: 0.8426
Epoch 68/100
22:15:30 train - loss: 0.3313, ber: 0.8440
22:15:31 valid - loss: 0.3333, ber: 0.8428
Epoch 69/100
22:15:48 train - loss: 0.3307, ber: 0.8443
22:15:49 valid - loss: 0.3326, ber: 0.8432
Epoch 70/100
22:16:06 train - loss: 0.3300, ber: 0.8447
22:16:06 valid - loss: 0.3320, ber: 0.8435
Epoch 71/100
22:16:23 train - loss: 0.3294, ber: 0.8450
22:16:24 valid - loss: 0.3315, ber: 0.8438
Epoch 72/100
22:16:41 train - loss: 0.3288, ber: 0.8453
22:16:42 valid - loss: 0.3305, ber: 0.8442
Epoch 73/100
22:16:58 train - loss: 0.3283, ber: 0.8455
22:16:59 valid - loss: 0.3304, ber: 0.8443
Epoch 74/100
22:17:16 train - loss: 0.3277, ber: 0.8458
22:17:17 valid - loss: 0.3296, ber: 0.8447
Epoch 75/100
22:17:33 train - loss: 0.3272, ber: 0.8461
22:17:34 valid - loss: 0.3291, ber: 0.8449
Epoch 76/100
22:17:51 train - loss: 0.3266, ber: 0.8463
22:17:52 valid - loss: 0.3287, ber: 0.8452
Epoch 77/100
22:18:08 train - loss: 0.3261, ber: 0.8466
22:18:09 valid - loss: 0.3282, ber: 0.8454
Epoch 78/100
22:18:26 train - loss: 0.3256, ber: 0.8469
22:18:27 valid - loss: 0.3277, ber: 0.8457
Epoch 79/100
22:18:44 train - loss: 0.3252, ber: 0.8470
22:18:44 valid - loss: 0.3271, ber: 0.8460
Epoch 80/100
22:19:01 train - loss: 0.3248, ber: 0.8472
22:19:02 valid - loss: 0.3266, ber: 0.8462
Epoch 81/100
22:19:19 train - loss: 0.3242, ber: 0.8475
22:19:19 valid - loss: 0.3263, ber: 0.8462
Epoch 82/100
22:19:36 train - loss: 0.3238, ber: 0.8477
22:19:37 valid - loss: 0.3262, ber: 0.8463
Epoch 83/100
22:19:54 train - loss: 0.3235, ber: 0.8479
22:19:55 valid - loss: 0.3254, ber: 0.8468
Epoch 84/100
22:20:11 train - loss: 0.3231, ber: 0.8481
22:20:12 valid - loss: 0.3253, ber: 0.8468
Epoch 85/100
22:20:29 train - loss: 0.3228, ber: 0.8482
22:20:30 valid - loss: 0.3248, ber: 0.8471
Epoch 86/100
22:20:47 train - loss: 0.3223, ber: 0.8484
22:20:47 valid - loss: 0.3247, ber: 0.8471
Epoch 87/100
22:21:04 train - loss: 0.3220, ber: 0.8486
22:21:05 valid - loss: 0.3243, ber: 0.8473
Epoch 88/100
22:21:22 train - loss: 0.3218, ber: 0.8487
22:21:22 valid - loss: 0.3241, ber: 0.8474
Epoch 89/100
22:21:39 train - loss: 0.3214, ber: 0.8489
22:21:40 valid - loss: 0.3237, ber: 0.8476
Epoch 90/100
22:21:57 train - loss: 0.3213, ber: 0.8489
22:21:58 valid - loss: 0.3235, ber: 0.8476
Epoch 91/100
22:22:14 train - loss: 0.3210, ber: 0.8491
22:22:15 valid - loss: 0.3234, ber: 0.8477
Epoch 92/100
22:22:32 train - loss: 0.3208, ber: 0.8492
22:22:33 valid - loss: 0.3232, ber: 0.8478
Epoch 93/100
22:22:49 train - loss: 0.3206, ber: 0.8493
22:22:50 valid - loss: 0.3230, ber: 0.8479
Epoch 94/100
22:23:07 train - loss: 0.3205, ber: 0.8493
22:23:08 valid - loss: 0.3229, ber: 0.8480
Epoch 95/100
22:23:25 train - loss: 0.3204, ber: 0.8494
22:23:25 valid - loss: 0.3225, ber: 0.8482
Epoch 96/100
22:23:42 train - loss: 0.3203, ber: 0.8494
22:23:43 valid - loss: 0.3226, ber: 0.8482
Epoch 97/100
22:24:00 train - loss: 0.3203, ber: 0.8494
22:24:01 valid - loss: 0.3226, ber: 0.8481
Epoch 98/100
22:24:17 train - loss: 0.3202, ber: 0.8495
22:24:18 valid - loss: 0.3224, ber: 0.8482
Epoch 99/100
22:24:35 train - loss: 0.3202, ber: 0.8495
22:24:36 valid - loss: 0.3225, ber: 0.8481
Epoch 100/100
22:24:53 train - loss: 0.3201, ber: 0.8495
22:24:53 valid - loss: 0.3226, ber: 0.8480