Epoch 1/300
16:43:16 Train 48/48 - loss: 1.9508 - acc: 0.2698
WARNING:tensorflow:From /usr/local/lib/python3.6/dist-packages/tensorflow/python/data/ops/multi_device_iterator_ops.py:601: get_next_as_optional (from tensorflow.python.data.ops.iterator_ops) is deprecated and will be removed in a future version.
Instructions for updating:
Use `tf.data.Iterator.get_next_as_optional()` instead.
WARNING:tensorflow:From /usr/local/lib/python3.6/dist-packages/tensorflow/python/data/ops/multi_device_iterator_ops.py:601: get_next_as_optional (from tensorflow.python.data.ops.iterator_ops) is deprecated and will be removed in a future version.
Instructions for updating:
Use `tf.data.Iterator.get_next_as_optional()` instead.
16:43:31 Valid 5/5 - loss: 1.9147 - acc: 0.3387
Epoch 2/300
16:43:44 Train 48/48 - loss: 1.5668 - acc: 0.4199
16:43:45 Valid 5/5 - loss: 1.7315 - acc: 0.4312
Epoch 3/300
16:43:58 Train 48/48 - loss: 1.2790 - acc: 0.5327
16:43:59 Valid 5/5 - loss: 1.3019 - acc: 0.5799
Epoch 4/300
16:44:12 Train 48/48 - loss: 1.0558 - acc: 0.6200
16:44:14 Valid 5/5 - loss: 1.2502 - acc: 0.6068
Epoch 5/300
16:44:26 Train 48/48 - loss: 0.9072 - acc: 0.6772
16:44:28 Valid 5/5 - loss: 0.9315 - acc: 0.7098
Epoch 6/300
16:44:41 Train 48/48 - loss: 0.7976 - acc: 0.7190
16:44:42 Valid 5/5 - loss: 0.9042 - acc: 0.7215
Epoch 7/300
16:44:55 Train 48/48 - loss: 0.7125 - acc: 0.7483
16:44:56 Valid 5/5 - loss: 0.7724 - acc: 0.7576
Epoch 8/300
16:45:09 Train 48/48 - loss: 0.6507 - acc: 0.7739
16:45:11 Valid 5/5 - loss: 0.7052 - acc: 0.7561
Epoch 9/300
16:45:24 Train 48/48 - loss: 0.6084 - acc: 0.7863
16:45:25 Valid 5/5 - loss: 0.5748 - acc: 0.8204
Epoch 10/300
16:45:38 Train 48/48 - loss: 0.5688 - acc: 0.8022
16:45:39 Valid 5/5 - loss: 0.5153 - acc: 0.8282
Epoch 11/300
16:45:52 Train 48/48 - loss: 0.5381 - acc: 0.8135
16:45:53 Valid 5/5 - loss: 0.5511 - acc: 0.8235
Epoch 12/300
16:46:06 Train 48/48 - loss: 0.5048 - acc: 0.8247
16:46:07 Valid 5/5 - loss: 0.6085 - acc: 0.8142
Epoch 13/300
16:46:20 Train 48/48 - loss: 0.4844 - acc: 0.8326
16:46:22 Valid 5/5 - loss: 0.7453 - acc: 0.7829
Epoch 14/300
16:46:35 Train 48/48 - loss: 0.4685 - acc: 0.8371
16:46:36 Valid 5/5 - loss: 0.5911 - acc: 0.8191
Epoch 15/300
16:46:49 Train 48/48 - loss: 0.4474 - acc: 0.8431
16:46:50 Valid 5/5 - loss: 0.4454 - acc: 0.8545
Epoch 16/300
16:47:03 Train 48/48 - loss: 0.4247 - acc: 0.8515
16:47:04 Valid 5/5 - loss: 0.6011 - acc: 0.8267
Epoch 17/300
16:47:17 Train 48/48 - loss: 0.4153 - acc: 0.8552
16:47:18 Valid 5/5 - loss: 0.4470 - acc: 0.8560
Epoch 18/300
16:47:31 Train 48/48 - loss: 0.3958 - acc: 0.8623
16:47:33 Valid 5/5 - loss: 0.4845 - acc: 0.8484
Epoch 19/300
16:47:45 Train 48/48 - loss: 0.3881 - acc: 0.8648
16:47:47 Valid 5/5 - loss: 0.4158 - acc: 0.8647
Epoch 20/300
16:48:00 Train 48/48 - loss: 0.3751 - acc: 0.8691
16:48:01 Valid 5/5 - loss: 0.5632 - acc: 0.8342
Epoch 21/300
16:48:14 Train 48/48 - loss: 0.3645 - acc: 0.8736
16:48:15 Valid 5/5 - loss: 0.3857 - acc: 0.8801
Epoch 22/300
16:48:28 Train 48/48 - loss: 0.3570 - acc: 0.8763
16:48:29 Valid 5/5 - loss: 0.3817 - acc: 0.8791
Epoch 23/300
16:48:42 Train 48/48 - loss: 0.3383 - acc: 0.8823
16:48:43 Valid 5/5 - loss: 0.4236 - acc: 0.8672
Epoch 24/300
16:48:56 Train 48/48 - loss: 0.3398 - acc: 0.8816
16:48:58 Valid 5/5 - loss: 0.4638 - acc: 0.8637
Epoch 25/300
16:49:11 Train 48/48 - loss: 0.3225 - acc: 0.8878
16:49:12 Valid 5/5 - loss: 0.4732 - acc: 0.8648
Epoch 26/300
16:49:25 Train 48/48 - loss: 0.3163 - acc: 0.8894
16:49:26 Valid 5/5 - loss: 0.3465 - acc: 0.8875
Epoch 27/300
16:49:39 Train 48/48 - loss: 0.3128 - acc: 0.8911
16:49:40 Valid 5/5 - loss: 0.3354 - acc: 0.8963
Epoch 28/300
16:49:53 Train 48/48 - loss: 0.2990 - acc: 0.8943
16:49:54 Valid 5/5 - loss: 0.3356 - acc: 0.8963
Epoch 29/300
16:50:07 Train 48/48 - loss: 0.2902 - acc: 0.8988
16:50:09 Valid 5/5 - loss: 0.3217 - acc: 0.8949
Epoch 30/300
16:50:22 Train 48/48 - loss: 0.2916 - acc: 0.8988
16:50:23 Valid 5/5 - loss: 0.2961 - acc: 0.9070
Epoch 31/300
16:50:36 Train 48/48 - loss: 0.2852 - acc: 0.9008
16:50:37 Valid 5/5 - loss: 0.3587 - acc: 0.8906
Epoch 32/300
16:50:50 Train 48/48 - loss: 0.2813 - acc: 0.9019
16:50:51 Valid 5/5 - loss: 0.2743 - acc: 0.9120
Epoch 33/300
16:51:04 Train 48/48 - loss: 0.2725 - acc: 0.9050
16:51:05 Valid 5/5 - loss: 0.3035 - acc: 0.9038
Epoch 34/300
16:51:18 Train 48/48 - loss: 0.2677 - acc: 0.9061
16:51:20 Valid 5/5 - loss: 0.2603 - acc: 0.9175
Epoch 35/300
16:51:33 Train 48/48 - loss: 0.2642 - acc: 0.9083
16:51:34 Valid 5/5 - loss: 0.3360 - acc: 0.8976
Epoch 36/300
16:51:47 Train 48/48 - loss: 0.2627 - acc: 0.9086
16:51:48 Valid 5/5 - loss: 0.3227 - acc: 0.9031
Epoch 37/300
16:52:01 Train 48/48 - loss: 0.2542 - acc: 0.9114
16:52:02 Valid 5/5 - loss: 0.3843 - acc: 0.8882
Epoch 38/300
16:52:15 Train 48/48 - loss: 0.2497 - acc: 0.9128
16:52:16 Valid 5/5 - loss: 0.2875 - acc: 0.9100
Epoch 39/300
16:52:29 Train 48/48 - loss: 0.2516 - acc: 0.9131
16:52:31 Valid 5/5 - loss: 0.3884 - acc: 0.8842
Epoch 40/300
16:52:44 Train 48/48 - loss: 0.2374 - acc: 0.9177
16:52:45 Valid 5/5 - loss: 0.2895 - acc: 0.9096
Epoch 41/300
16:52:58 Train 48/48 - loss: 0.2391 - acc: 0.9166
16:53:00 Valid 5/5 - loss: 0.3215 - acc: 0.9008
Epoch 42/300
16:53:13 Train 48/48 - loss: 0.2321 - acc: 0.9184
16:53:14 Valid 5/5 - loss: 0.2985 - acc: 0.9039
Epoch 43/300
16:53:27 Train 48/48 - loss: 0.2277 - acc: 0.9200
16:53:28 Valid 5/5 - loss: 0.2863 - acc: 0.9101
Epoch 44/300
16:53:41 Train 48/48 - loss: 0.2267 - acc: 0.9205
16:53:42 Valid 5/5 - loss: 0.2484 - acc: 0.9179
Epoch 45/300
16:53:55 Train 48/48 - loss: 0.2277 - acc: 0.9205
16:53:56 Valid 5/5 - loss: 0.2908 - acc: 0.9097
Epoch 46/300
16:54:09 Train 48/48 - loss: 0.2162 - acc: 0.9244
16:54:11 Valid 5/5 - loss: 0.2727 - acc: 0.9128
Epoch 47/300
16:54:23 Train 48/48 - loss: 0.2167 - acc: 0.9248
16:54:25 Valid 5/5 - loss: 0.2560 - acc: 0.9187
Epoch 48/300
16:54:38 Train 48/48 - loss: 0.2175 - acc: 0.9246
16:54:39 Valid 5/5 - loss: 0.2629 - acc: 0.9152
Epoch 49/300
16:54:52 Train 48/48 - loss: 0.2111 - acc: 0.9268
16:54:53 Valid 5/5 - loss: 0.2541 - acc: 0.9210
Epoch 50/300
16:55:06 Train 48/48 - loss: 0.2117 - acc: 0.9261
16:55:07 Valid 5/5 - loss: 0.2623 - acc: 0.9139
Epoch 51/300
16:55:20 Train 48/48 - loss: 0.2030 - acc: 0.9287
16:55:22 Valid 5/5 - loss: 0.2919 - acc: 0.9099
Epoch 52/300
16:55:34 Train 48/48 - loss: 0.1996 - acc: 0.9305
16:55:36 Valid 5/5 - loss: 0.2471 - acc: 0.9200
Epoch 53/300
16:55:49 Train 48/48 - loss: 0.1974 - acc: 0.9305
16:55:50 Valid 5/5 - loss: 0.2444 - acc: 0.9238
Epoch 54/300
16:56:03 Train 48/48 - loss: 0.1957 - acc: 0.9316
16:56:04 Valid 5/5 - loss: 0.2657 - acc: 0.9260
Epoch 55/300
16:56:17 Train 48/48 - loss: 0.1902 - acc: 0.9339
16:56:18 Valid 5/5 - loss: 0.3090 - acc: 0.9109
Epoch 56/300
16:56:31 Train 48/48 - loss: 0.1895 - acc: 0.9343
16:56:32 Valid 5/5 - loss: 0.2699 - acc: 0.9190
Epoch 57/300
16:56:45 Train 48/48 - loss: 0.1885 - acc: 0.9342
16:56:47 Valid 5/5 - loss: 0.2431 - acc: 0.9298
Epoch 58/300
16:57:00 Train 48/48 - loss: 0.1871 - acc: 0.9350
16:57:01 Valid 5/5 - loss: 0.2915 - acc: 0.9158
Epoch 59/300
16:57:14 Train 48/48 - loss: 0.1808 - acc: 0.9370
16:57:15 Valid 5/5 - loss: 0.2556 - acc: 0.9221
Epoch 60/300
16:57:28 Train 48/48 - loss: 0.1821 - acc: 0.9375
16:57:29 Valid 5/5 - loss: 0.2502 - acc: 0.9271
Epoch 61/300
16:57:42 Train 48/48 - loss: 0.1735 - acc: 0.9407
16:57:43 Valid 5/5 - loss: 0.2316 - acc: 0.9314
Epoch 62/300
16:57:56 Train 48/48 - loss: 0.1806 - acc: 0.9372
16:57:58 Valid 5/5 - loss: 0.2345 - acc: 0.9296
Epoch 63/300
16:58:10 Train 48/48 - loss: 0.1764 - acc: 0.9392
16:58:12 Valid 5/5 - loss: 0.2784 - acc: 0.9178
Epoch 64/300
16:58:25 Train 48/48 - loss: 0.1752 - acc: 0.9395
16:58:26 Valid 5/5 - loss: 0.2690 - acc: 0.9199
Epoch 65/300
16:58:39 Train 48/48 - loss: 0.1734 - acc: 0.9407
16:58:40 Valid 5/5 - loss: 0.2443 - acc: 0.9257
Epoch 66/300
16:58:53 Train 48/48 - loss: 0.1730 - acc: 0.9410
16:58:54 Valid 5/5 - loss: 0.2600 - acc: 0.9229
Epoch 67/300
16:59:07 Train 48/48 - loss: 0.1693 - acc: 0.9411
16:59:08 Valid 5/5 - loss: 0.2459 - acc: 0.9264
Epoch 68/300
16:59:21 Train 48/48 - loss: 0.1653 - acc: 0.9437
16:59:23 Valid 5/5 - loss: 0.2865 - acc: 0.9159
Epoch 69/300
16:59:36 Train 48/48 - loss: 0.1644 - acc: 0.9435
16:59:37 Valid 5/5 - loss: 0.2341 - acc: 0.9296
Epoch 70/300
16:59:50 Train 48/48 - loss: 0.1666 - acc: 0.9425
16:59:51 Valid 5/5 - loss: 0.2550 - acc: 0.9226
Epoch 71/300
17:00:04 Train 48/48 - loss: 0.1663 - acc: 0.9425
17:00:05 Valid 5/5 - loss: 0.2385 - acc: 0.9276
Epoch 72/300
17:00:18 Train 48/48 - loss: 0.1606 - acc: 0.9457
17:00:20 Valid 5/5 - loss: 0.2495 - acc: 0.9243
Epoch 73/300
17:00:33 Train 48/48 - loss: 0.1607 - acc: 0.9449
17:00:34 Valid 5/5 - loss: 0.2451 - acc: 0.9266
Epoch 74/300
17:00:47 Train 48/48 - loss: 0.1621 - acc: 0.9440
17:00:49 Valid 5/5 - loss: 0.2363 - acc: 0.9272
Epoch 75/300
17:01:02 Train 48/48 - loss: 0.1545 - acc: 0.9471
17:01:03 Valid 5/5 - loss: 0.2189 - acc: 0.9339
Epoch 76/300
17:01:16 Train 48/48 - loss: 0.1571 - acc: 0.9465
17:01:17 Valid 5/5 - loss: 0.2342 - acc: 0.9321
Epoch 77/300
17:01:30 Train 48/48 - loss: 0.1526 - acc: 0.9468
17:01:31 Valid 5/5 - loss: 0.2345 - acc: 0.9320
Epoch 78/300
17:01:44 Train 48/48 - loss: 0.1464 - acc: 0.9504
17:01:46 Valid 5/5 - loss: 0.2090 - acc: 0.9379
Epoch 79/300
17:01:58 Train 48/48 - loss: 0.1492 - acc: 0.9485
17:02:00 Valid 5/5 - loss: 0.2116 - acc: 0.9357
Epoch 80/300
17:02:13 Train 48/48 - loss: 0.1513 - acc: 0.9481
17:02:14 Valid 5/5 - loss: 0.2421 - acc: 0.9254
Epoch 81/300
17:02:27 Train 48/48 - loss: 0.1519 - acc: 0.9485
17:02:28 Valid 5/5 - loss: 0.2602 - acc: 0.9247
Epoch 82/300
17:02:41 Train 48/48 - loss: 0.1487 - acc: 0.9477
17:02:42 Valid 5/5 - loss: 0.2524 - acc: 0.9264
Epoch 83/300
17:02:55 Train 48/48 - loss: 0.1477 - acc: 0.9500
17:02:57 Valid 5/5 - loss: 0.2053 - acc: 0.9405
Epoch 84/300
17:03:09 Train 48/48 - loss: 0.1457 - acc: 0.9504
17:03:11 Valid 5/5 - loss: 0.2277 - acc: 0.9350
Epoch 85/300
17:03:24 Train 48/48 - loss: 0.1498 - acc: 0.9491
17:03:25 Valid 5/5 - loss: 0.2208 - acc: 0.9355
Epoch 86/300
17:03:38 Train 48/48 - loss: 0.1415 - acc: 0.9514
17:03:39 Valid 5/5 - loss: 0.2387 - acc: 0.9321
Epoch 87/300
17:03:52 Train 48/48 - loss: 0.1459 - acc: 0.9506
17:03:53 Valid 5/5 - loss: 0.1949 - acc: 0.9379
Epoch 88/300
17:04:06 Train 48/48 - loss: 0.1403 - acc: 0.9520
17:04:08 Valid 5/5 - loss: 0.2966 - acc: 0.9191
Epoch 89/300
17:04:20 Train 48/48 - loss: 0.1420 - acc: 0.9514
17:04:22 Valid 5/5 - loss: 0.2506 - acc: 0.9301
Epoch 90/300
17:04:35 Train 48/48 - loss: 0.1382 - acc: 0.9527
17:04:36 Valid 5/5 - loss: 0.2618 - acc: 0.9297
Epoch 91/300
17:04:49 Train 48/48 - loss: 0.1368 - acc: 0.9536
17:04:50 Valid 5/5 - loss: 0.2314 - acc: 0.9317
Epoch 92/300
17:05:03 Train 48/48 - loss: 0.1392 - acc: 0.9531
17:05:04 Valid 5/5 - loss: 0.2141 - acc: 0.9378
Epoch 93/300
17:05:17 Train 48/48 - loss: 0.1373 - acc: 0.9537
17:05:18 Valid 5/5 - loss: 0.2732 - acc: 0.9214
Epoch 94/300
17:05:31 Train 48/48 - loss: 0.1345 - acc: 0.9543
17:05:33 Valid 5/5 - loss: 0.2160 - acc: 0.9403
Epoch 95/300
17:05:46 Train 48/48 - loss: 0.1364 - acc: 0.9535
17:05:47 Valid 5/5 - loss: 0.2677 - acc: 0.9225
Epoch 96/300
17:06:00 Train 48/48 - loss: 0.1356 - acc: 0.9538
17:06:01 Valid 5/5 - loss: 0.2882 - acc: 0.9254
Epoch 97/300
17:06:14 Train 48/48 - loss: 0.1341 - acc: 0.9541
17:06:15 Valid 5/5 - loss: 0.2151 - acc: 0.9388
Epoch 98/300
17:06:28 Train 48/48 - loss: 0.1313 - acc: 0.9546
17:06:30 Valid 5/5 - loss: 0.2084 - acc: 0.9372
Epoch 99/300
17:06:42 Train 48/48 - loss: 0.1338 - acc: 0.9545
17:06:44 Valid 5/5 - loss: 0.2292 - acc: 0.9333
Epoch 100/300
17:06:57 Train 48/48 - loss: 0.1290 - acc: 0.9559
17:06:58 Valid 5/5 - loss: 0.2061 - acc: 0.9419
Epoch 101/300
17:07:11 Train 48/48 - loss: 0.1327 - acc: 0.9544
17:07:12 Valid 5/5 - loss: 0.3122 - acc: 0.9136
Epoch 102/300
17:07:25 Train 48/48 - loss: 0.1273 - acc: 0.9569
17:07:26 Valid 5/5 - loss: 0.2264 - acc: 0.9365
Epoch 103/300
17:07:39 Train 48/48 - loss: 0.1297 - acc: 0.9564
17:07:41 Valid 5/5 - loss: 0.2071 - acc: 0.9395
Epoch 104/300
17:07:54 Train 48/48 - loss: 0.1271 - acc: 0.9574
17:07:55 Valid 5/5 - loss: 0.2177 - acc: 0.9386
Epoch 105/300
17:08:08 Train 48/48 - loss: 0.1252 - acc: 0.9576
17:08:10 Valid 5/5 - loss: 0.2495 - acc: 0.9310
Epoch 106/300
17:08:23 Train 48/48 - loss: 0.1245 - acc: 0.9586
17:08:24 Valid 5/5 - loss: 0.2502 - acc: 0.9272
Epoch 107/300
17:08:37 Train 48/48 - loss: 0.1247 - acc: 0.9573
17:08:38 Valid 5/5 - loss: 0.2026 - acc: 0.9411
Epoch 108/300
17:08:51 Train 48/48 - loss: 0.1203 - acc: 0.9592
17:08:52 Valid 5/5 - loss: 0.2257 - acc: 0.9364
Epoch 109/300
17:09:05 Train 48/48 - loss: 0.1212 - acc: 0.9585
17:09:06 Valid 5/5 - loss: 0.2008 - acc: 0.9424
Epoch 110/300
17:09:19 Train 48/48 - loss: 0.1191 - acc: 0.9598
17:09:21 Valid 5/5 - loss: 0.2675 - acc: 0.9275
Epoch 111/300
17:09:34 Train 48/48 - loss: 0.1251 - acc: 0.9577
17:09:35 Valid 5/5 - loss: 0.2258 - acc: 0.9366
Epoch 112/300
17:09:48 Train 48/48 - loss: 0.1189 - acc: 0.9593
17:09:49 Valid 5/5 - loss: 0.2343 - acc: 0.9325
Epoch 113/300
17:10:02 Train 48/48 - loss: 0.1184 - acc: 0.9603
17:10:03 Valid 5/5 - loss: 0.1997 - acc: 0.9421
Epoch 114/300
17:10:16 Train 48/48 - loss: 0.1177 - acc: 0.9594
17:10:17 Valid 5/5 - loss: 0.2477 - acc: 0.9333
Epoch 115/300
17:10:30 Train 48/48 - loss: 0.1169 - acc: 0.9604
17:10:32 Valid 5/5 - loss: 0.2000 - acc: 0.9436
Epoch 116/300
17:10:45 Train 48/48 - loss: 0.1157 - acc: 0.9610
17:10:46 Valid 5/5 - loss: 0.2302 - acc: 0.9358
Epoch 117/300
17:10:59 Train 48/48 - loss: 0.1205 - acc: 0.9598
17:11:00 Valid 5/5 - loss: 0.2478 - acc: 0.9293
Epoch 118/300
17:11:13 Train 48/48 - loss: 0.1108 - acc: 0.9624
17:11:14 Valid 5/5 - loss: 0.2267 - acc: 0.9393
Epoch 119/300
17:11:27 Train 48/48 - loss: 0.1135 - acc: 0.9621
17:11:28 Valid 5/5 - loss: 0.2521 - acc: 0.9334
Epoch 120/300
17:11:41 Train 48/48 - loss: 0.1134 - acc: 0.9616
17:11:43 Valid 5/5 - loss: 0.2068 - acc: 0.9433
Epoch 121/300
17:11:56 Train 48/48 - loss: 0.1089 - acc: 0.9627
17:11:57 Valid 5/5 - loss: 0.2322 - acc: 0.9363
Epoch 122/300
17:12:10 Train 48/48 - loss: 0.1094 - acc: 0.9629
17:12:11 Valid 5/5 - loss: 0.2310 - acc: 0.9379
Epoch 123/300
17:12:24 Train 48/48 - loss: 0.1121 - acc: 0.9621
17:12:25 Valid 5/5 - loss: 0.2396 - acc: 0.9341
Epoch 124/300
17:12:38 Train 48/48 - loss: 0.1094 - acc: 0.9624
17:12:39 Valid 5/5 - loss: 0.2167 - acc: 0.9377
Epoch 125/300
17:12:52 Train 48/48 - loss: 0.1109 - acc: 0.9629
17:12:53 Valid 5/5 - loss: 0.2374 - acc: 0.9327
Epoch 126/300
17:13:06 Train 48/48 - loss: 0.1014 - acc: 0.9657
17:13:08 Valid 5/5 - loss: 0.2150 - acc: 0.9389
Epoch 127/300
17:13:21 Train 48/48 - loss: 0.1078 - acc: 0.9633
17:13:22 Valid 5/5 - loss: 0.2964 - acc: 0.9176
Epoch 128/300
17:13:35 Train 48/48 - loss: 0.1043 - acc: 0.9640
17:13:36 Valid 5/5 - loss: 0.2088 - acc: 0.9433
Epoch 129/300
17:13:49 Train 48/48 - loss: 0.1019 - acc: 0.9658
17:13:50 Valid 5/5 - loss: 0.2127 - acc: 0.9412
Epoch 130/300
17:14:03 Train 48/48 - loss: 0.1046 - acc: 0.9650
17:14:04 Valid 5/5 - loss: 0.2234 - acc: 0.9408
Epoch 131/300
17:14:17 Train 48/48 - loss: 0.1006 - acc: 0.9660
17:14:19 Valid 5/5 - loss: 0.2138 - acc: 0.9424
Epoch 132/300
17:14:31 Train 48/48 - loss: 0.1040 - acc: 0.9647
17:14:33 Valid 5/5 - loss: 0.2316 - acc: 0.9352
Epoch 133/300
17:14:46 Train 48/48 - loss: 0.1041 - acc: 0.9649
17:14:47 Valid 5/5 - loss: 0.2194 - acc: 0.9377
Epoch 134/300
17:15:00 Train 48/48 - loss: 0.1007 - acc: 0.9663
17:15:01 Valid 5/5 - loss: 0.2002 - acc: 0.9433
Epoch 135/300
17:15:14 Train 48/48 - loss: 0.0972 - acc: 0.9669
17:15:15 Valid 5/5 - loss: 0.1900 - acc: 0.9496
Epoch 136/300
17:15:28 Train 48/48 - loss: 0.0957 - acc: 0.9676
17:15:29 Valid 5/5 - loss: 0.2218 - acc: 0.9404
Epoch 137/300
17:15:42 Train 48/48 - loss: 0.0981 - acc: 0.9667
17:15:44 Valid 5/5 - loss: 0.2266 - acc: 0.9395
Epoch 138/300
17:15:57 Train 48/48 - loss: 0.0973 - acc: 0.9673
17:15:59 Valid 5/5 - loss: 0.3278 - acc: 0.9144
Epoch 139/300
17:16:11 Train 48/48 - loss: 0.0967 - acc: 0.9672
17:16:13 Valid 5/5 - loss: 0.1987 - acc: 0.9463
Epoch 140/300
17:16:26 Train 48/48 - loss: 0.0996 - acc: 0.9655
17:16:27 Valid 5/5 - loss: 0.2084 - acc: 0.9434
Epoch 141/300
17:16:40 Train 48/48 - loss: 0.0904 - acc: 0.9695
17:16:41 Valid 5/5 - loss: 0.2104 - acc: 0.9446
Epoch 142/300
17:16:54 Train 48/48 - loss: 0.0969 - acc: 0.9682
17:16:55 Valid 5/5 - loss: 0.2177 - acc: 0.9438
Epoch 143/300
17:17:08 Train 48/48 - loss: 0.0922 - acc: 0.9686
17:17:10 Valid 5/5 - loss: 0.1827 - acc: 0.9484
Epoch 144/300
17:17:23 Train 48/48 - loss: 0.0921 - acc: 0.9692
17:17:24 Valid 5/5 - loss: 0.1961 - acc: 0.9459
Epoch 145/300
17:17:37 Train 48/48 - loss: 0.0878 - acc: 0.9715
17:17:38 Valid 5/5 - loss: 0.1883 - acc: 0.9491
Epoch 146/300
17:17:51 Train 48/48 - loss: 0.0912 - acc: 0.9690
17:17:52 Valid 5/5 - loss: 0.1888 - acc: 0.9482
Epoch 147/300
17:18:05 Train 48/48 - loss: 0.0875 - acc: 0.9709
17:18:06 Valid 5/5 - loss: 0.2152 - acc: 0.9421
Epoch 148/300
17:18:19 Train 48/48 - loss: 0.0936 - acc: 0.9687
17:18:20 Valid 5/5 - loss: 0.2072 - acc: 0.9467
Epoch 149/300
17:18:33 Train 48/48 - loss: 0.0911 - acc: 0.9697
17:18:35 Valid 5/5 - loss: 0.2040 - acc: 0.9436
Epoch 150/300
17:18:48 Train 48/48 - loss: 0.0884 - acc: 0.9708
17:18:49 Valid 5/5 - loss: 0.2153 - acc: 0.9434
Epoch 151/300
17:19:02 Train 48/48 - loss: 0.0870 - acc: 0.9708
17:19:03 Valid 5/5 - loss: 0.2113 - acc: 0.9417
Epoch 152/300
17:19:16 Train 48/48 - loss: 0.0881 - acc: 0.9703
17:19:17 Valid 5/5 - loss: 0.1919 - acc: 0.9477
Epoch 153/300
17:19:30 Train 48/48 - loss: 0.0844 - acc: 0.9713
17:19:31 Valid 5/5 - loss: 0.1974 - acc: 0.9489
Epoch 154/300
17:19:44 Train 48/48 - loss: 0.0846 - acc: 0.9718
17:19:46 Valid 5/5 - loss: 0.2336 - acc: 0.9390
Epoch 155/300
17:19:59 Train 48/48 - loss: 0.0856 - acc: 0.9718
17:20:00 Valid 5/5 - loss: 0.2023 - acc: 0.9450
Epoch 156/300
17:20:13 Train 48/48 - loss: 0.0819 - acc: 0.9720
17:20:14 Valid 5/5 - loss: 0.2053 - acc: 0.9458
Epoch 157/300
17:20:27 Train 48/48 - loss: 0.0793 - acc: 0.9732
17:20:28 Valid 5/5 - loss: 0.2130 - acc: 0.9455
Epoch 158/300
17:20:41 Train 48/48 - loss: 0.0803 - acc: 0.9728
17:20:42 Valid 5/5 - loss: 0.1955 - acc: 0.9471
Epoch 159/300
17:20:55 Train 48/48 - loss: 0.0778 - acc: 0.9734
17:20:57 Valid 5/5 - loss: 0.2451 - acc: 0.9395
Epoch 160/300
17:21:09 Train 48/48 - loss: 0.0820 - acc: 0.9718
17:21:11 Valid 5/5 - loss: 0.2170 - acc: 0.9427
Epoch 161/300
17:21:24 Train 48/48 - loss: 0.0777 - acc: 0.9737
17:21:25 Valid 5/5 - loss: 0.1828 - acc: 0.9490
Epoch 162/300
17:21:38 Train 48/48 - loss: 0.0729 - acc: 0.9753
17:21:39 Valid 5/5 - loss: 0.2053 - acc: 0.9460
Epoch 163/300
17:21:52 Train 48/48 - loss: 0.0754 - acc: 0.9748
17:21:53 Valid 5/5 - loss: 0.1906 - acc: 0.9504
Epoch 164/300
17:22:06 Train 48/48 - loss: 0.0735 - acc: 0.9754
17:22:07 Valid 5/5 - loss: 0.1875 - acc: 0.9515
Epoch 165/300
17:22:20 Train 48/48 - loss: 0.0760 - acc: 0.9754
17:22:22 Valid 5/5 - loss: 0.1972 - acc: 0.9489
Epoch 166/300
17:22:35 Train 48/48 - loss: 0.0742 - acc: 0.9749
17:22:36 Valid 5/5 - loss: 0.1753 - acc: 0.9534
Epoch 167/300
17:22:49 Train 48/48 - loss: 0.0690 - acc: 0.9766
17:22:50 Valid 5/5 - loss: 0.1814 - acc: 0.9550
Epoch 168/300
17:23:03 Train 48/48 - loss: 0.0739 - acc: 0.9751
17:23:04 Valid 5/5 - loss: 0.1784 - acc: 0.9527
Epoch 169/300
17:23:17 Train 48/48 - loss: 0.0711 - acc: 0.9762
17:23:18 Valid 5/5 - loss: 0.2130 - acc: 0.9444
Epoch 170/300
17:23:31 Train 48/48 - loss: 0.0679 - acc: 0.9781
17:23:33 Valid 5/5 - loss: 0.1892 - acc: 0.9506
Epoch 171/300
17:23:46 Train 48/48 - loss: 0.0701 - acc: 0.9764
17:23:47 Valid 5/5 - loss: 0.2010 - acc: 0.9468
Epoch 172/300
17:24:00 Train 48/48 - loss: 0.0686 - acc: 0.9773
17:24:02 Valid 5/5 - loss: 0.2263 - acc: 0.9415
Epoch 173/300
17:24:15 Train 48/48 - loss: 0.0701 - acc: 0.9767
17:24:16 Valid 5/5 - loss: 0.1923 - acc: 0.9495
Epoch 174/300
17:24:29 Train 48/48 - loss: 0.0682 - acc: 0.9772
17:24:30 Valid 5/5 - loss: 0.2320 - acc: 0.9411
Epoch 175/300
17:24:43 Train 48/48 - loss: 0.0667 - acc: 0.9775
17:24:44 Valid 5/5 - loss: 0.2207 - acc: 0.9442
Epoch 176/300
17:24:57 Train 48/48 - loss: 0.0624 - acc: 0.9792
17:24:58 Valid 5/5 - loss: 0.1907 - acc: 0.9520
Epoch 177/300
17:25:11 Train 48/48 - loss: 0.0652 - acc: 0.9783
17:25:13 Valid 5/5 - loss: 0.2437 - acc: 0.9393
Epoch 178/300
17:25:26 Train 48/48 - loss: 0.0633 - acc: 0.9784
17:25:27 Valid 5/5 - loss: 0.2089 - acc: 0.9446
Epoch 179/300
17:25:40 Train 48/48 - loss: 0.0619 - acc: 0.9790
17:25:41 Valid 5/5 - loss: 0.1791 - acc: 0.9514
Epoch 180/300
17:25:54 Train 48/48 - loss: 0.0606 - acc: 0.9802
17:25:55 Valid 5/5 - loss: 0.1963 - acc: 0.9494
Epoch 181/300
17:26:08 Train 48/48 - loss: 0.0612 - acc: 0.9801
17:26:09 Valid 5/5 - loss: 0.1924 - acc: 0.9495
Epoch 182/300
17:26:22 Train 48/48 - loss: 0.0625 - acc: 0.9792
17:26:24 Valid 5/5 - loss: 0.2023 - acc: 0.9491
Epoch 183/300
17:26:37 Train 48/48 - loss: 0.0570 - acc: 0.9812
17:26:38 Valid 5/5 - loss: 0.2078 - acc: 0.9478
Epoch 184/300
17:26:51 Train 48/48 - loss: 0.0573 - acc: 0.9813
17:26:52 Valid 5/5 - loss: 0.1847 - acc: 0.9523
Epoch 185/300
17:27:05 Train 48/48 - loss: 0.0581 - acc: 0.9803
17:27:06 Valid 5/5 - loss: 0.1809 - acc: 0.9552
Epoch 186/300
17:27:19 Train 48/48 - loss: 0.0575 - acc: 0.9803
17:27:20 Valid 5/5 - loss: 0.1961 - acc: 0.9507
Epoch 187/300
17:27:33 Train 48/48 - loss: 0.0570 - acc: 0.9813
17:27:35 Valid 5/5 - loss: 0.1789 - acc: 0.9538
Epoch 188/300
17:27:48 Train 48/48 - loss: 0.0552 - acc: 0.9814
17:27:49 Valid 5/5 - loss: 0.1828 - acc: 0.9519
Epoch 189/300
17:28:02 Train 48/48 - loss: 0.0578 - acc: 0.9801
17:28:03 Valid 5/5 - loss: 0.1911 - acc: 0.9517
Epoch 190/300
17:28:16 Train 48/48 - loss: 0.0538 - acc: 0.9823
17:28:17 Valid 5/5 - loss: 0.1980 - acc: 0.9514
Epoch 191/300
17:28:30 Train 48/48 - loss: 0.0546 - acc: 0.9819
17:28:32 Valid 5/5 - loss: 0.1816 - acc: 0.9538
Epoch 192/300
17:28:44 Train 48/48 - loss: 0.0521 - acc: 0.9828
17:28:46 Valid 5/5 - loss: 0.1863 - acc: 0.9548
Epoch 193/300
17:28:59 Train 48/48 - loss: 0.0519 - acc: 0.9834
17:29:00 Valid 5/5 - loss: 0.1812 - acc: 0.9519
Epoch 194/300
17:29:13 Train 48/48 - loss: 0.0525 - acc: 0.9824
17:29:14 Valid 5/5 - loss: 0.1783 - acc: 0.9529
Epoch 195/300
17:29:27 Train 48/48 - loss: 0.0499 - acc: 0.9832
17:29:28 Valid 5/5 - loss: 0.1963 - acc: 0.9501
Epoch 196/300
17:29:41 Train 48/48 - loss: 0.0490 - acc: 0.9842
17:29:42 Valid 5/5 - loss: 0.1844 - acc: 0.9540
Epoch 197/300
17:29:55 Train 48/48 - loss: 0.0512 - acc: 0.9833
17:29:57 Valid 5/5 - loss: 0.1878 - acc: 0.9507
Epoch 198/300
17:30:10 Train 48/48 - loss: 0.0484 - acc: 0.9839
17:30:11 Valid 5/5 - loss: 0.1783 - acc: 0.9561
Epoch 199/300
17:30:24 Train 48/48 - loss: 0.0511 - acc: 0.9831
17:30:25 Valid 5/5 - loss: 0.1739 - acc: 0.9557
Epoch 200/300
17:30:38 Train 48/48 - loss: 0.0450 - acc: 0.9851
17:30:39 Valid 5/5 - loss: 0.1820 - acc: 0.9541
Epoch 201/300
17:30:52 Train 48/48 - loss: 0.0432 - acc: 0.9857
17:30:54 Valid 5/5 - loss: 0.1898 - acc: 0.9539
Epoch 202/300
17:31:06 Train 48/48 - loss: 0.0439 - acc: 0.9859
17:31:08 Valid 5/5 - loss: 0.1693 - acc: 0.9585
Epoch 203/300
17:31:21 Train 48/48 - loss: 0.0460 - acc: 0.9848
17:31:23 Valid 5/5 - loss: 0.1635 - acc: 0.9590
Epoch 204/300
17:31:36 Train 48/48 - loss: 0.0450 - acc: 0.9853
17:31:37 Valid 5/5 - loss: 0.1813 - acc: 0.9547
Epoch 205/300
17:31:50 Train 48/48 - loss: 0.0458 - acc: 0.9849
17:31:51 Valid 5/5 - loss: 0.1668 - acc: 0.9573
Epoch 206/300
17:32:04 Train 48/48 - loss: 0.0425 - acc: 0.9867
17:32:05 Valid 5/5 - loss: 0.1586 - acc: 0.9596
Epoch 207/300
17:32:18 Train 48/48 - loss: 0.0393 - acc: 0.9875
17:32:19 Valid 5/5 - loss: 0.1664 - acc: 0.9557
Epoch 208/300
17:32:32 Train 48/48 - loss: 0.0411 - acc: 0.9866
17:32:34 Valid 5/5 - loss: 0.1709 - acc: 0.9585
Epoch 209/300
17:32:47 Train 48/48 - loss: 0.0385 - acc: 0.9879
17:32:48 Valid 5/5 - loss: 0.1645 - acc: 0.9564
Epoch 210/300
17:33:01 Train 48/48 - loss: 0.0387 - acc: 0.9877
17:33:02 Valid 5/5 - loss: 0.1804 - acc: 0.9531
Epoch 211/300
17:33:15 Train 48/48 - loss: 0.0383 - acc: 0.9877
17:33:16 Valid 5/5 - loss: 0.1770 - acc: 0.9569
Epoch 212/300
17:33:29 Train 48/48 - loss: 0.0379 - acc: 0.9874
17:33:31 Valid 5/5 - loss: 0.1731 - acc: 0.9572
Epoch 213/300
17:33:43 Train 48/48 - loss: 0.0353 - acc: 0.9880
17:33:45 Valid 5/5 - loss: 0.1597 - acc: 0.9584
Epoch 214/300
17:33:58 Train 48/48 - loss: 0.0369 - acc: 0.9878
17:33:59 Valid 5/5 - loss: 0.1633 - acc: 0.9592
Epoch 215/300
17:34:12 Train 48/48 - loss: 0.0356 - acc: 0.9886
17:34:13 Valid 5/5 - loss: 0.1512 - acc: 0.9607
Epoch 216/300
17:34:26 Train 48/48 - loss: 0.0332 - acc: 0.9894
17:34:27 Valid 5/5 - loss: 0.1673 - acc: 0.9588
Epoch 217/300
17:34:40 Train 48/48 - loss: 0.0322 - acc: 0.9893
17:34:41 Valid 5/5 - loss: 0.1544 - acc: 0.9586
Epoch 218/300
17:34:54 Train 48/48 - loss: 0.0336 - acc: 0.9893
17:34:56 Valid 5/5 - loss: 0.1665 - acc: 0.9586
Epoch 219/300
17:35:09 Train 48/48 - loss: 0.0315 - acc: 0.9901
17:35:10 Valid 5/5 - loss: 0.1601 - acc: 0.9582
Epoch 220/300
17:35:23 Train 48/48 - loss: 0.0296 - acc: 0.9904
17:35:24 Valid 5/5 - loss: 0.1530 - acc: 0.9605
Epoch 221/300
17:35:37 Train 48/48 - loss: 0.0304 - acc: 0.9904
17:35:38 Valid 5/5 - loss: 0.1665 - acc: 0.9586
Epoch 222/300
17:35:51 Train 48/48 - loss: 0.0316 - acc: 0.9898
17:35:52 Valid 5/5 - loss: 0.1581 - acc: 0.9595
Epoch 223/300
17:36:05 Train 48/48 - loss: 0.0294 - acc: 0.9906
17:36:07 Valid 5/5 - loss: 0.1634 - acc: 0.9592
Epoch 224/300
17:36:20 Train 48/48 - loss: 0.0295 - acc: 0.9905
17:36:21 Valid 5/5 - loss: 0.1574 - acc: 0.9582
Epoch 225/300
17:36:34 Train 48/48 - loss: 0.0296 - acc: 0.9906
17:36:35 Valid 5/5 - loss: 0.1539 - acc: 0.9595
Epoch 226/300
17:36:48 Train 48/48 - loss: 0.0267 - acc: 0.9917
17:36:49 Valid 5/5 - loss: 0.1664 - acc: 0.9574
Epoch 227/300
17:37:02 Train 48/48 - loss: 0.0257 - acc: 0.9918
17:37:03 Valid 5/5 - loss: 0.1579 - acc: 0.9611
Epoch 228/300
17:37:16 Train 48/48 - loss: 0.0265 - acc: 0.9920
17:37:18 Valid 5/5 - loss: 0.1898 - acc: 0.9549
Epoch 229/300
17:37:30 Train 48/48 - loss: 0.0256 - acc: 0.9918
17:37:32 Valid 5/5 - loss: 0.1620 - acc: 0.9591
Epoch 230/300
17:37:45 Train 48/48 - loss: 0.0253 - acc: 0.9917
17:37:46 Valid 5/5 - loss: 0.1490 - acc: 0.9645
Epoch 231/300
17:37:59 Train 48/48 - loss: 0.0241 - acc: 0.9921
17:38:00 Valid 5/5 - loss: 0.1533 - acc: 0.9626
Epoch 232/300
17:38:13 Train 48/48 - loss: 0.0241 - acc: 0.9928
17:38:14 Valid 5/5 - loss: 0.1437 - acc: 0.9642
Epoch 233/300
17:38:27 Train 48/48 - loss: 0.0251 - acc: 0.9918
17:38:28 Valid 5/5 - loss: 0.1615 - acc: 0.9618
Epoch 234/300
17:38:41 Train 48/48 - loss: 0.0228 - acc: 0.9928
17:38:43 Valid 5/5 - loss: 0.1533 - acc: 0.9628
Epoch 235/300
17:38:56 Train 48/48 - loss: 0.0215 - acc: 0.9936
17:38:57 Valid 5/5 - loss: 0.1537 - acc: 0.9595
Epoch 236/300
17:39:10 Train 48/48 - loss: 0.0208 - acc: 0.9936
17:39:12 Valid 5/5 - loss: 0.1527 - acc: 0.9622
Epoch 237/300
17:39:25 Train 48/48 - loss: 0.0221 - acc: 0.9928
17:39:26 Valid 5/5 - loss: 0.1513 - acc: 0.9621
Epoch 238/300
17:39:39 Train 48/48 - loss: 0.0205 - acc: 0.9935
17:39:40 Valid 5/5 - loss: 0.1429 - acc: 0.9647
Epoch 239/300
17:39:53 Train 48/48 - loss: 0.0203 - acc: 0.9938
17:39:54 Valid 5/5 - loss: 0.1522 - acc: 0.9634
Epoch 240/300
17:40:07 Train 48/48 - loss: 0.0181 - acc: 0.9944
17:40:09 Valid 5/5 - loss: 0.1646 - acc: 0.9598
Epoch 241/300
17:40:22 Train 48/48 - loss: 0.0209 - acc: 0.9936
17:40:23 Valid 5/5 - loss: 0.1443 - acc: 0.9661
Epoch 242/300
17:40:36 Train 48/48 - loss: 0.0185 - acc: 0.9944
17:40:37 Valid 5/5 - loss: 0.1473 - acc: 0.9623
Epoch 243/300
17:40:50 Train 48/48 - loss: 0.0193 - acc: 0.9937
17:40:51 Valid 5/5 - loss: 0.1459 - acc: 0.9661
Epoch 244/300
17:41:04 Train 48/48 - loss: 0.0181 - acc: 0.9945
17:41:05 Valid 5/5 - loss: 0.1440 - acc: 0.9637
Epoch 245/300
17:41:18 Train 48/48 - loss: 0.0183 - acc: 0.9944
17:41:20 Valid 5/5 - loss: 0.1445 - acc: 0.9634
Epoch 246/300
17:41:32 Train 48/48 - loss: 0.0170 - acc: 0.9946
17:41:34 Valid 5/5 - loss: 0.1466 - acc: 0.9621
Epoch 247/300
17:41:47 Train 48/48 - loss: 0.0173 - acc: 0.9945
17:41:48 Valid 5/5 - loss: 0.1455 - acc: 0.9632
Epoch 248/300
17:42:01 Train 48/48 - loss: 0.0160 - acc: 0.9947
17:42:02 Valid 5/5 - loss: 0.1449 - acc: 0.9656
Epoch 249/300
17:42:15 Train 48/48 - loss: 0.0154 - acc: 0.9953
17:42:16 Valid 5/5 - loss: 0.1349 - acc: 0.9668
Epoch 250/300
17:42:29 Train 48/48 - loss: 0.0144 - acc: 0.9955
17:42:30 Valid 5/5 - loss: 0.1412 - acc: 0.9645
Epoch 251/300
17:42:43 Train 48/48 - loss: 0.0145 - acc: 0.9956
17:42:45 Valid 5/5 - loss: 0.1405 - acc: 0.9657
Epoch 252/300
17:42:57 Train 48/48 - loss: 0.0150 - acc: 0.9954
17:42:59 Valid 5/5 - loss: 0.1471 - acc: 0.9643
Epoch 253/300
17:43:12 Train 48/48 - loss: 0.0143 - acc: 0.9956
17:43:13 Valid 5/5 - loss: 0.1401 - acc: 0.9663
Epoch 254/300
17:43:26 Train 48/48 - loss: 0.0145 - acc: 0.9955
17:43:27 Valid 5/5 - loss: 0.1408 - acc: 0.9658
Epoch 255/300
17:43:40 Train 48/48 - loss: 0.0142 - acc: 0.9957
17:43:41 Valid 5/5 - loss: 0.1370 - acc: 0.9667
Epoch 256/300
17:43:54 Train 48/48 - loss: 0.0143 - acc: 0.9955
17:43:56 Valid 5/5 - loss: 0.1408 - acc: 0.9647
Epoch 257/300
17:44:09 Train 48/48 - loss: 0.0129 - acc: 0.9960
17:44:10 Valid 5/5 - loss: 0.1435 - acc: 0.9663
Epoch 258/300
17:44:23 Train 48/48 - loss: 0.0140 - acc: 0.9956
17:44:24 Valid 5/5 - loss: 0.1422 - acc: 0.9653
Epoch 259/300
17:44:37 Train 48/48 - loss: 0.0139 - acc: 0.9959
17:44:38 Valid 5/5 - loss: 0.1383 - acc: 0.9663
Epoch 260/300
17:44:51 Train 48/48 - loss: 0.0135 - acc: 0.9962
17:44:52 Valid 5/5 - loss: 0.1361 - acc: 0.9667
Epoch 261/300
17:45:05 Train 48/48 - loss: 0.0128 - acc: 0.9961
17:45:07 Valid 5/5 - loss: 0.1367 - acc: 0.9668
Epoch 262/300
17:45:19 Train 48/48 - loss: 0.0116 - acc: 0.9966
17:45:21 Valid 5/5 - loss: 0.1379 - acc: 0.9661
Epoch 263/300
17:45:34 Train 48/48 - loss: 0.0121 - acc: 0.9964
17:45:35 Valid 5/5 - loss: 0.1378 - acc: 0.9663
Epoch 264/300
17:45:48 Train 48/48 - loss: 0.0113 - acc: 0.9967
17:45:49 Valid 5/5 - loss: 0.1341 - acc: 0.9666
Epoch 265/300
17:46:02 Train 48/48 - loss: 0.0116 - acc: 0.9969
17:46:03 Valid 5/5 - loss: 0.1379 - acc: 0.9658
Epoch 266/300
17:46:16 Train 48/48 - loss: 0.0113 - acc: 0.9968
17:46:17 Valid 5/5 - loss: 0.1368 - acc: 0.9651
Epoch 267/300
17:46:30 Train 48/48 - loss: 0.0104 - acc: 0.9969
17:46:32 Valid 5/5 - loss: 0.1357 - acc: 0.9666
Epoch 268/300
17:46:45 Train 48/48 - loss: 0.0108 - acc: 0.9968
17:46:46 Valid 5/5 - loss: 0.1374 - acc: 0.9667
Epoch 269/300
17:46:59 Train 48/48 - loss: 0.0105 - acc: 0.9970
17:47:01 Valid 5/5 - loss: 0.1349 - acc: 0.9673
Epoch 270/300
17:47:14 Train 48/48 - loss: 0.0102 - acc: 0.9970
17:47:15 Valid 5/5 - loss: 0.1341 - acc: 0.9665
Epoch 271/300
17:47:28 Train 48/48 - loss: 0.0104 - acc: 0.9970
17:47:29 Valid 5/5 - loss: 0.1330 - acc: 0.9668
Epoch 272/300
17:47:42 Train 48/48 - loss: 0.0095 - acc: 0.9975
17:47:43 Valid 5/5 - loss: 0.1345 - acc: 0.9675
Epoch 273/300
17:47:56 Train 48/48 - loss: 0.0088 - acc: 0.9975
17:47:57 Valid 5/5 - loss: 0.1361 - acc: 0.9670
Epoch 274/300
17:48:10 Train 48/48 - loss: 0.0097 - acc: 0.9976
17:48:12 Valid 5/5 - loss: 0.1327 - acc: 0.9667
Epoch 275/300
17:48:25 Train 48/48 - loss: 0.0095 - acc: 0.9972
17:48:26 Valid 5/5 - loss: 0.1345 - acc: 0.9668
Epoch 276/300
17:48:39 Train 48/48 - loss: 0.0098 - acc: 0.9971
17:48:40 Valid 5/5 - loss: 0.1354 - acc: 0.9654
Epoch 277/300
17:48:53 Train 48/48 - loss: 0.0093 - acc: 0.9974
17:48:54 Valid 5/5 - loss: 0.1334 - acc: 0.9681
Epoch 278/300
17:49:07 Train 48/48 - loss: 0.0089 - acc: 0.9974
17:49:08 Valid 5/5 - loss: 0.1363 - acc: 0.9682
Epoch 279/300
17:49:21 Train 48/48 - loss: 0.0088 - acc: 0.9975
17:49:23 Valid 5/5 - loss: 0.1342 - acc: 0.9678
Epoch 280/300
17:49:35 Train 48/48 - loss: 0.0086 - acc: 0.9974
17:49:37 Valid 5/5 - loss: 0.1341 - acc: 0.9690
Epoch 281/300
17:49:50 Train 48/48 - loss: 0.0092 - acc: 0.9975
17:49:51 Valid 5/5 - loss: 0.1326 - acc: 0.9683
Epoch 282/300
17:50:04 Train 48/48 - loss: 0.0083 - acc: 0.9975
17:50:05 Valid 5/5 - loss: 0.1339 - acc: 0.9674
Epoch 283/300
17:50:18 Train 48/48 - loss: 0.0080 - acc: 0.9980
17:50:19 Valid 5/5 - loss: 0.1346 - acc: 0.9680
Epoch 284/300
17:50:32 Train 48/48 - loss: 0.0090 - acc: 0.9972
17:50:34 Valid 5/5 - loss: 0.1335 - acc: 0.9682
Epoch 285/300
17:50:46 Train 48/48 - loss: 0.0089 - acc: 0.9975
17:50:48 Valid 5/5 - loss: 0.1342 - acc: 0.9677
Epoch 286/300
17:51:01 Train 48/48 - loss: 0.0084 - acc: 0.9976
17:51:02 Valid 5/5 - loss: 0.1342 - acc: 0.9677
Epoch 287/300
17:51:15 Train 48/48 - loss: 0.0085 - acc: 0.9977
17:51:16 Valid 5/5 - loss: 0.1324 - acc: 0.9683
Epoch 288/300
17:51:29 Train 48/48 - loss: 0.0088 - acc: 0.9975
17:51:30 Valid 5/5 - loss: 0.1322 - acc: 0.9682
Epoch 289/300
17:51:43 Train 48/48 - loss: 0.0095 - acc: 0.9973
17:51:44 Valid 5/5 - loss: 0.1329 - acc: 0.9688
Epoch 290/300
17:51:57 Train 48/48 - loss: 0.0093 - acc: 0.9973
17:51:59 Valid 5/5 - loss: 0.1325 - acc: 0.9686
Epoch 291/300
17:52:12 Train 48/48 - loss: 0.0082 - acc: 0.9980
17:52:13 Valid 5/5 - loss: 0.1318 - acc: 0.9681
Epoch 292/300
17:52:26 Train 48/48 - loss: 0.0094 - acc: 0.9973
17:52:27 Valid 5/5 - loss: 0.1311 - acc: 0.9685
Epoch 293/300
17:52:40 Train 48/48 - loss: 0.0079 - acc: 0.9978
17:52:41 Valid 5/5 - loss: 0.1315 - acc: 0.9683
Epoch 294/300
17:52:54 Train 48/48 - loss: 0.0087 - acc: 0.9977
17:52:55 Valid 5/5 - loss: 0.1321 - acc: 0.9687
Epoch 295/300
17:53:08 Train 48/48 - loss: 0.0088 - acc: 0.9978
17:53:09 Valid 5/5 - loss: 0.1318 - acc: 0.9686
Epoch 296/300
17:53:22 Train 48/48 - loss: 0.0089 - acc: 0.9976
17:53:24 Valid 5/5 - loss: 0.1312 - acc: 0.9682
Epoch 297/300
17:53:37 Train 48/48 - loss: 0.0087 - acc: 0.9974
17:53:38 Valid 5/5 - loss: 0.1318 - acc: 0.9683
Epoch 298/300
17:53:51 Train 48/48 - loss: 0.0078 - acc: 0.9978
17:53:52 Valid 5/5 - loss: 0.1316 - acc: 0.9684
Epoch 299/300
17:54:05 Train 48/48 - loss: 0.0078 - acc: 0.9980
17:54:06 Valid 5/5 - loss: 0.1314 - acc: 0.9686
Epoch 300/300
17:54:19 Train 48/48 - loss: 0.0085 - acc: 0.9977
17:54:20 Valid 5/5 - loss: 0.1312 - acc: 0.9682