Files already downloaded and verified
Files already downloaded and verified
Epoch 1, lr 0.100000
/opt/conda/envs/python35-paddle120-env/lib/python3.7/site-packages/torch/optim/lr_scheduler.py:113: UserWarning: Seems like `optimizer.step()` has been overridden after learning rate scheduler initialization. Please, make sure to call `optimizer.step()` before `lr_scheduler.step()`. See more details at https://pytorch.org/docs/stable/optim.html#how-to-adjust-learning-rate
  "https://pytorch.org/docs/stable/optim.html#how-to-adjust-learning-rate", UserWarning)
23:11:54 train - loss: 2.2696, acc: 0.1537
Epoch 2, lr 0.136708
23:12:13 train - loss: 2.1807, acc: 0.2207
Epoch 3, lr 0.243237
23:12:33 train - loss: 2.1359, acc: 0.2589
Epoch 4, lr 0.409161
23:12:52 train - loss: 1.9847, acc: 0.3194
Epoch 5, lr 0.618237
23:13:11 train - loss: 1.9043, acc: 0.3714
Epoch 6, lr 0.850000
23:13:31 train - loss: 1.8445, acc: 0.4062
Epoch 7, lr 1.081763
23:13:50 train - loss: 1.7643, acc: 0.4536
Epoch 8, lr 1.290839
23:14:10 train - loss: 1.7199, acc: 0.4837
Epoch 9, lr 1.456763
23:14:29 train - loss: 1.7169, acc: 0.4867
Epoch 10, lr 1.563292
23:14:48 train - loss: 1.6634, acc: 0.5135
23:14:52 valid - loss: 1.0801, acc: 0.6857
Epoch 11, lr 1.600000
23:15:11 train - loss: 1.4898, acc: 0.6038
Epoch 12, lr 1.599989
23:15:30 train - loss: 1.5412, acc: 0.5774
Epoch 13, lr 1.599955
23:15:50 train - loss: 1.5536, acc: 0.5757
Epoch 14, lr 1.599898
23:16:09 train - loss: 1.6321, acc: 0.5521
Epoch 15, lr 1.599819
23:16:29 train - loss: 1.5480, acc: 0.5798
Epoch 16, lr 1.599717
23:16:48 train - loss: 1.5375, acc: 0.5889
Epoch 17, lr 1.599592
23:17:07 train - loss: 1.4444, acc: 0.6298
Epoch 18, lr 1.599445
23:17:27 train - loss: 1.3966, acc: 0.6508
Epoch 19, lr 1.599275
23:17:46 train - loss: 1.4920, acc: 0.5962
Epoch 20, lr 1.599082
23:18:05 train - loss: 1.4097, acc: 0.6370
23:18:08 valid - loss: 0.8054, acc: 0.8099
Epoch 21, lr 1.598867
23:18:27 train - loss: 1.3995, acc: 0.6444
Epoch 22, lr 1.598629
23:18:46 train - loss: 1.4189, acc: 0.6381
Epoch 23, lr 1.598368
23:19:06 train - loss: 1.3013, acc: 0.6981
Epoch 24, lr 1.598085
23:19:25 train - loss: 1.3847, acc: 0.6549
Epoch 25, lr 1.597780
23:19:45 train - loss: 1.4426, acc: 0.6192
Epoch 26, lr 1.597451
23:20:04 train - loss: 1.3677, acc: 0.6587
Epoch 27, lr 1.597100
23:20:23 train - loss: 1.4544, acc: 0.6090
Epoch 28, lr 1.596727
23:20:43 train - loss: 1.3413, acc: 0.6627
Epoch 29, lr 1.596331
23:21:02 train - loss: 1.2937, acc: 0.6959
Epoch 30, lr 1.595912
23:21:22 train - loss: 1.4621, acc: 0.5980
23:21:24 valid - loss: 0.7585, acc: 0.8247
Epoch 31, lr 1.595471
23:21:44 train - loss: 1.3249, acc: 0.6748
Epoch 32, lr 1.595007
23:22:03 train - loss: 1.3303, acc: 0.6700
Epoch 33, lr 1.594521
23:22:23 train - loss: 1.2882, acc: 0.6950
Epoch 34, lr 1.594012
23:22:42 train - loss: 1.3776, acc: 0.6538
Epoch 35, lr 1.593480
23:23:02 train - loss: 1.2401, acc: 0.7164
Epoch 36, lr 1.592927
23:23:21 train - loss: 1.3625, acc: 0.6572
Epoch 37, lr 1.592350
23:23:40 train - loss: 1.3426, acc: 0.6533
Epoch 38, lr 1.591752
23:24:00 train - loss: 1.3247, acc: 0.6597
Epoch 39, lr 1.591131
23:24:19 train - loss: 1.3051, acc: 0.6809
Epoch 40, lr 1.590487
23:24:39 train - loss: 1.3501, acc: 0.6573
23:24:41 valid - loss: 0.7596, acc: 0.8449
Epoch 41, lr 1.589821
23:25:01 train - loss: 1.2341, acc: 0.7178
Epoch 42, lr 1.589133
23:25:20 train - loss: 1.3273, acc: 0.6712
Epoch 43, lr 1.588422
23:25:39 train - loss: 1.3074, acc: 0.6675
Epoch 44, lr 1.587689
23:25:59 train - loss: 1.2862, acc: 0.6858
Epoch 45, lr 1.586934
23:26:18 train - loss: 1.2937, acc: 0.6908
Epoch 46, lr 1.586156
23:26:37 train - loss: 1.3097, acc: 0.6805
Epoch 47, lr 1.585356
23:26:57 train - loss: 1.2857, acc: 0.6857
Epoch 48, lr 1.584534
23:27:16 train - loss: 1.3204, acc: 0.6744
Epoch 49, lr 1.583689
23:27:36 train - loss: 1.2920, acc: 0.6717
Epoch 50, lr 1.582823
23:27:55 train - loss: 1.3183, acc: 0.6658
23:27:57 valid - loss: 0.8701, acc: 0.7892
Epoch 51, lr 1.581934
23:28:17 train - loss: 1.2608, acc: 0.6955
Epoch 52, lr 1.581023
23:28:37 train - loss: 1.2526, acc: 0.7024
Epoch 53, lr 1.580090
23:28:56 train - loss: 1.3141, acc: 0.6626
Epoch 54, lr 1.579135
23:29:15 train - loss: 1.2418, acc: 0.7133
Epoch 55, lr 1.578158
23:29:35 train - loss: 1.2443, acc: 0.7027
Epoch 56, lr 1.577158
23:29:54 train - loss: 1.2779, acc: 0.6770
Epoch 57, lr 1.576137
23:30:14 train - loss: 1.1474, acc: 0.7586
Epoch 58, lr 1.575094
23:30:34 train - loss: 1.3767, acc: 0.6422
Epoch 59, lr 1.574028
23:30:53 train - loss: 1.3001, acc: 0.6673
Epoch 60, lr 1.572941
23:31:13 train - loss: 1.3040, acc: 0.6763
23:31:15 valid - loss: 0.7290, acc: 0.8756
Epoch 61, lr 1.571832
23:31:34 train - loss: 1.3847, acc: 0.6268
Epoch 62, lr 1.570701
23:31:54 train - loss: 1.2171, acc: 0.7209
Epoch 63, lr 1.569548
23:32:13 train - loss: 1.1696, acc: 0.7418
Epoch 64, lr 1.568373
23:32:32 train - loss: 1.2791, acc: 0.6915
Epoch 65, lr 1.567177
23:32:52 train - loss: 1.2667, acc: 0.6957
Epoch 66, lr 1.565959
23:33:11 train - loss: 1.2676, acc: 0.6952
Epoch 67, lr 1.564719
23:33:31 train - loss: 1.2107, acc: 0.7231
Epoch 68, lr 1.563458
23:33:50 train - loss: 1.1812, acc: 0.7291
Epoch 69, lr 1.562174
23:34:10 train - loss: 1.2137, acc: 0.7236
Epoch 70, lr 1.560870
23:34:30 train - loss: 1.2812, acc: 0.6760
23:34:32 valid - loss: 0.7300, acc: 0.8502
Epoch 71, lr 1.559543
23:34:52 train - loss: 1.2471, acc: 0.6990
Epoch 72, lr 1.558196
23:35:11 train - loss: 1.1909, acc: 0.7350
Epoch 73, lr 1.556826
23:35:31 train - loss: 1.2446, acc: 0.7032
Epoch 74, lr 1.555436
23:35:50 train - loss: 1.2563, acc: 0.6960
Epoch 75, lr 1.554023
23:36:09 train - loss: 1.3459, acc: 0.6486
Epoch 76, lr 1.552590
23:36:29 train - loss: 1.2218, acc: 0.7050
Epoch 77, lr 1.551135
23:36:48 train - loss: 1.1810, acc: 0.7405
Epoch 78, lr 1.549659
23:37:07 train - loss: 1.2585, acc: 0.7017
Epoch 79, lr 1.548162
23:37:27 train - loss: 1.2720, acc: 0.6923
Epoch 80, lr 1.546643
23:37:46 train - loss: 1.2786, acc: 0.6841
23:37:48 valid - loss: 0.7138, acc: 0.8521
Epoch 81, lr 1.545103
23:38:08 train - loss: 1.2340, acc: 0.6965
Epoch 82, lr 1.543542
23:38:27 train - loss: 1.2555, acc: 0.6845
Epoch 83, lr 1.541961
23:38:47 train - loss: 1.1668, acc: 0.7428
Epoch 84, lr 1.540358
23:39:06 train - loss: 1.2123, acc: 0.7136
Epoch 85, lr 1.538734
23:39:26 train - loss: 1.2628, acc: 0.6852
Epoch 86, lr 1.537089
23:39:45 train - loss: 1.3358, acc: 0.6568
Epoch 87, lr 1.535423
23:40:05 train - loss: 1.2691, acc: 0.6866
Epoch 88, lr 1.533737
23:40:24 train - loss: 1.1829, acc: 0.7341
Epoch 89, lr 1.532029
23:40:44 train - loss: 1.2329, acc: 0.7015
Epoch 90, lr 1.530301
23:41:04 train - loss: 1.2259, acc: 0.7144
23:41:06 valid - loss: 0.7249, acc: 0.8622
Epoch 91, lr 1.528553
23:41:25 train - loss: 1.3124, acc: 0.6570
Epoch 92, lr 1.526783
23:41:45 train - loss: 1.2189, acc: 0.7078
Epoch 93, lr 1.524993
23:42:04 train - loss: 1.2366, acc: 0.7095
Epoch 94, lr 1.523183
23:42:23 train - loss: 1.2441, acc: 0.7013
Epoch 95, lr 1.521352
23:42:43 train - loss: 1.2954, acc: 0.6647
Epoch 96, lr 1.519500
23:43:02 train - loss: 1.2196, acc: 0.7198
Epoch 97, lr 1.517628
23:43:21 train - loss: 1.1999, acc: 0.7376
Epoch 98, lr 1.515736
23:43:40 train - loss: 1.2109, acc: 0.7229
Epoch 99, lr 1.513824
23:44:00 train - loss: 1.0867, acc: 0.7729
Epoch 100, lr 1.511891
23:44:19 train - loss: 1.2405, acc: 0.7044
23:44:21 valid - loss: 0.5549, acc: 0.9064
Epoch 101, lr 1.509938
23:44:41 train - loss: 1.1432, acc: 0.7581
Epoch 102, lr 1.507965
23:45:00 train - loss: 1.2393, acc: 0.7070
Epoch 103, lr 1.505972
23:45:19 train - loss: 1.2108, acc: 0.7119
Epoch 104, lr 1.503959
23:45:39 train - loss: 1.2429, acc: 0.6975
Epoch 105, lr 1.501926
23:45:58 train - loss: 1.2455, acc: 0.6889
Epoch 106, lr 1.499873
23:46:18 train - loss: 1.2115, acc: 0.7165
Epoch 107, lr 1.497800
23:46:37 train - loss: 1.1831, acc: 0.7348
Epoch 108, lr 1.495708
23:46:56 train - loss: 1.1300, acc: 0.7573
Epoch 109, lr 1.493596
23:47:16 train - loss: 1.1979, acc: 0.7385
Epoch 110, lr 1.491464
23:47:35 train - loss: 1.2671, acc: 0.6639
23:47:37 valid - loss: 0.6893, acc: 0.8695
Epoch 111, lr 1.489312
23:47:57 train - loss: 1.2256, acc: 0.7067
Epoch 112, lr 1.487142
23:48:16 train - loss: 1.2792, acc: 0.6747
Epoch 113, lr 1.484951
23:48:35 train - loss: 1.1784, acc: 0.7367
Epoch 114, lr 1.482741
23:48:55 train - loss: 1.2184, acc: 0.7138
Epoch 115, lr 1.480512
23:49:14 train - loss: 1.3378, acc: 0.6412
Epoch 116, lr 1.478264
23:49:33 train - loss: 1.2902, acc: 0.6668
Epoch 117, lr 1.475996
23:49:53 train - loss: 1.2584, acc: 0.6990
Epoch 118, lr 1.473709
23:50:12 train - loss: 1.2463, acc: 0.6993
Epoch 119, lr 1.471403
23:50:32 train - loss: 1.1933, acc: 0.7303
Epoch 120, lr 1.469078
23:50:51 train - loss: 1.2626, acc: 0.6937
23:50:53 valid - loss: 0.4267, acc: 0.8866
Epoch 121, lr 1.466734
23:51:13 train - loss: 1.1954, acc: 0.7274
Epoch 122, lr 1.464372
23:51:32 train - loss: 1.2766, acc: 0.6757
Epoch 123, lr 1.461990
23:51:51 train - loss: 1.2283, acc: 0.7045
Epoch 124, lr 1.459590
23:52:11 train - loss: 1.1657, acc: 0.7354
Epoch 125, lr 1.457171
23:52:30 train - loss: 1.2407, acc: 0.6936
Epoch 126, lr 1.454733
23:52:50 train - loss: 1.1980, acc: 0.7360
Epoch 127, lr 1.452277
23:53:09 train - loss: 1.2798, acc: 0.6701
Epoch 128, lr 1.449802
23:53:29 train - loss: 1.2174, acc: 0.7091
Epoch 129, lr 1.447309
23:53:48 train - loss: 1.1733, acc: 0.7333
Epoch 130, lr 1.444798
23:54:07 train - loss: 1.1981, acc: 0.7130
23:54:10 valid - loss: 0.4617, acc: 0.9077
Epoch 131, lr 1.442268
23:54:29 train - loss: 1.3012, acc: 0.6629
Epoch 132, lr 1.439720
23:54:48 train - loss: 1.2482, acc: 0.6963
Epoch 133, lr 1.437154
23:55:08 train - loss: 1.2035, acc: 0.7206
Epoch 134, lr 1.434570
23:55:27 train - loss: 1.2004, acc: 0.7150
Epoch 135, lr 1.431968
23:55:47 train - loss: 1.2879, acc: 0.6670
Epoch 136, lr 1.429348
23:56:06 train - loss: 1.1231, acc: 0.7602
Epoch 137, lr 1.426710
23:56:25 train - loss: 1.1902, acc: 0.7186
Epoch 138, lr 1.424055
23:56:45 train - loss: 1.1966, acc: 0.7210
Epoch 139, lr 1.421381
23:57:04 train - loss: 1.2594, acc: 0.6912
Epoch 140, lr 1.418691
23:57:24 train - loss: 1.1480, acc: 0.7483
23:57:26 valid - loss: 0.4478, acc: 0.9042
Epoch 141, lr 1.415982
23:57:45 train - loss: 1.2555, acc: 0.6834
Epoch 142, lr 1.413256
23:58:05 train - loss: 1.1683, acc: 0.7396
Epoch 143, lr 1.410513
23:58:24 train - loss: 1.2197, acc: 0.7087
Epoch 144, lr 1.407753
23:58:43 train - loss: 1.1775, acc: 0.7285
Epoch 145, lr 1.404975
23:59:03 train - loss: 1.2093, acc: 0.7121
Epoch 146, lr 1.402180
23:59:22 train - loss: 1.1897, acc: 0.7124
Epoch 147, lr 1.399368
23:59:42 train - loss: 1.2961, acc: 0.6693
Epoch 148, lr 1.396540
00:00:01 train - loss: 1.2535, acc: 0.6843
Epoch 149, lr 1.393694
00:00:21 train - loss: 1.2253, acc: 0.7031
Epoch 150, lr 1.390831
00:00:41 train - loss: 1.2268, acc: 0.7145
00:00:43 valid - loss: 0.7244, acc: 0.7859
Epoch 151, lr 1.387952
00:01:02 train - loss: 1.2614, acc: 0.6745
Epoch 152, lr 1.385056
00:01:22 train - loss: 1.0688, acc: 0.7867
Epoch 153, lr 1.382143
00:01:41 train - loss: 1.2537, acc: 0.6922
Epoch 154, lr 1.379214
00:02:01 train - loss: 1.2326, acc: 0.6985
Epoch 155, lr 1.376269
00:02:20 train - loss: 1.3293, acc: 0.6493
Epoch 156, lr 1.373307
00:02:40 train - loss: 1.2671, acc: 0.6675
Epoch 157, lr 1.370329
00:02:59 train - loss: 1.1883, acc: 0.7182
Epoch 158, lr 1.367335
00:03:18 train - loss: 1.1242, acc: 0.7482
Epoch 159, lr 1.364325
00:03:38 train - loss: 1.1813, acc: 0.7299
Epoch 160, lr 1.361299
00:03:57 train - loss: 1.1934, acc: 0.7182
00:04:00 valid - loss: 0.6652, acc: 0.8967
Epoch 161, lr 1.358256
00:04:19 train - loss: 1.2589, acc: 0.6855
Epoch 162, lr 1.355198
00:04:39 train - loss: 1.3016, acc: 0.6588
Epoch 163, lr 1.352125
00:04:58 train - loss: 1.1723, acc: 0.7332
Epoch 164, lr 1.349035
00:05:17 train - loss: 1.1147, acc: 0.7547
Epoch 165, lr 1.345931
00:05:36 train - loss: 1.1980, acc: 0.7125
Epoch 166, lr 1.342810
00:05:56 train - loss: 1.2326, acc: 0.7123
Epoch 167, lr 1.339675
00:06:15 train - loss: 1.2017, acc: 0.7094
Epoch 168, lr 1.336524
00:06:34 train - loss: 1.2321, acc: 0.7074
Epoch 169, lr 1.333357
00:06:54 train - loss: 1.1632, acc: 0.7372
Epoch 170, lr 1.330176
00:07:13 train - loss: 1.1869, acc: 0.7135
00:07:15 valid - loss: 0.3222, acc: 0.9277
Epoch 171, lr 1.326980
00:07:35 train - loss: 1.1280, acc: 0.7534
Epoch 172, lr 1.323769
00:07:54 train - loss: 1.1603, acc: 0.7371
Epoch 173, lr 1.320543
00:08:13 train - loss: 1.1860, acc: 0.7181
Epoch 174, lr 1.317302
00:08:33 train - loss: 1.2339, acc: 0.6966
Epoch 175, lr 1.314046
00:08:52 train - loss: 1.1634, acc: 0.7352
Epoch 176, lr 1.310776
00:09:11 train - loss: 1.2208, acc: 0.6972
Epoch 177, lr 1.307492
00:09:31 train - loss: 1.0880, acc: 0.7673
Epoch 178, lr 1.304193
00:09:50 train - loss: 1.2980, acc: 0.6571
Epoch 179, lr 1.300880
00:10:09 train - loss: 1.2044, acc: 0.6926
Epoch 180, lr 1.297552
00:10:28 train - loss: 1.2058, acc: 0.7106
00:10:30 valid - loss: 0.4310, acc: 0.8975
Epoch 181, lr 1.294211
00:10:50 train - loss: 1.2209, acc: 0.7025
Epoch 182, lr 1.290855
00:11:09 train - loss: 1.2088, acc: 0.7085
Epoch 183, lr 1.287486
00:11:28 train - loss: 1.2018, acc: 0.7094
Epoch 184, lr 1.284103
00:11:48 train - loss: 1.0798, acc: 0.7848
Epoch 185, lr 1.280706
00:12:07 train - loss: 1.2159, acc: 0.7151
Epoch 186, lr 1.277296
00:12:26 train - loss: 1.2132, acc: 0.7032
Epoch 187, lr 1.273872
00:12:46 train - loss: 1.2375, acc: 0.6921
Epoch 188, lr 1.270434
00:13:05 train - loss: 1.2137, acc: 0.6949
Epoch 189, lr 1.266984
00:13:25 train - loss: 1.0407, acc: 0.7896
Epoch 190, lr 1.263520
00:13:44 train - loss: 1.1450, acc: 0.7478
00:13:46 valid - loss: 0.3968, acc: 0.9169
Epoch 191, lr 1.260043
00:14:06 train - loss: 1.2752, acc: 0.6722
Epoch 192, lr 1.256552
00:14:25 train - loss: 1.2588, acc: 0.6717
Epoch 193, lr 1.253049
00:14:44 train - loss: 1.2074, acc: 0.7023
Epoch 194, lr 1.249533
00:15:04 train - loss: 1.1693, acc: 0.7351
Epoch 195, lr 1.246005
00:15:23 train - loss: 1.2294, acc: 0.6893
Epoch 196, lr 1.242464
00:15:42 train - loss: 1.0906, acc: 0.7671
Epoch 197, lr 1.238910
00:16:01 train - loss: 1.1992, acc: 0.7115
Epoch 198, lr 1.235344
00:16:20 train - loss: 1.1572, acc: 0.7399
Epoch 199, lr 1.231765
00:16:40 train - loss: 1.1375, acc: 0.7352
Epoch 200, lr 1.228174
00:16:59 train - loss: 1.1053, acc: 0.7591
00:17:02 valid - loss: 0.5392, acc: 0.9169
Epoch 201, lr 1.224572
00:17:21 train - loss: 1.1533, acc: 0.7376
Epoch 202, lr 1.220957
00:17:41 train - loss: 1.1356, acc: 0.7431
Epoch 203, lr 1.217330
00:18:00 train - loss: 1.2114, acc: 0.7077
Epoch 204, lr 1.213691
00:18:19 train - loss: 1.1952, acc: 0.7166
Epoch 205, lr 1.210041
00:18:39 train - loss: 1.1964, acc: 0.7193
Epoch 206, lr 1.206379
00:18:58 train - loss: 1.2012, acc: 0.7160
Epoch 207, lr 1.202705
00:19:18 train - loss: 1.2045, acc: 0.7136
Epoch 208, lr 1.199020
00:19:37 train - loss: 1.2101, acc: 0.7151
Epoch 209, lr 1.195324
00:19:57 train - loss: 1.2877, acc: 0.6553
Epoch 210, lr 1.191617
00:20:16 train - loss: 1.1623, acc: 0.7334
00:20:19 valid - loss: 0.4856, acc: 0.9240
Epoch 211, lr 1.187898
00:20:38 train - loss: 1.2259, acc: 0.6893
Epoch 212, lr 1.184169
00:20:58 train - loss: 1.2738, acc: 0.6665
Epoch 213, lr 1.180429
00:21:17 train - loss: 1.2234, acc: 0.7006
Epoch 214, lr 1.176678
00:21:36 train - loss: 1.1009, acc: 0.7644
Epoch 215, lr 1.172916
00:21:56 train - loss: 1.1405, acc: 0.7365
Epoch 216, lr 1.169143
00:22:15 train - loss: 1.1753, acc: 0.7344
Epoch 217, lr 1.165361
00:22:35 train - loss: 1.2043, acc: 0.7038
Epoch 218, lr 1.161568
00:22:54 train - loss: 1.2298, acc: 0.7010
Epoch 219, lr 1.157764
00:23:13 train - loss: 1.1835, acc: 0.7084
Epoch 220, lr 1.153951
00:23:32 train - loss: 1.1699, acc: 0.7184
00:23:34 valid - loss: 0.5104, acc: 0.9208
Epoch 221, lr 1.150127
00:23:54 train - loss: 1.2207, acc: 0.7005
Epoch 222, lr 1.146294
00:24:13 train - loss: 1.1843, acc: 0.7233
Epoch 223, lr 1.142451
00:24:33 train - loss: 1.1996, acc: 0.7092
Epoch 224, lr 1.138598
00:24:52 train - loss: 1.1137, acc: 0.7550
Epoch 225, lr 1.134735
00:25:11 train - loss: 1.1618, acc: 0.7301
Epoch 226, lr 1.130863
00:25:30 train - loss: 1.2175, acc: 0.7003
Epoch 227, lr 1.126982
00:25:50 train - loss: 1.0934, acc: 0.7599
Epoch 228, lr 1.123091
00:26:09 train - loss: 1.1663, acc: 0.7314
Epoch 229, lr 1.119191
00:26:28 train - loss: 1.1938, acc: 0.7175
Epoch 230, lr 1.115283
00:26:48 train - loss: 1.2136, acc: 0.7012
00:26:50 valid - loss: 0.4260, acc: 0.8986
Epoch 231, lr 1.111365
00:27:10 train - loss: 0.9960, acc: 0.8157
Epoch 232, lr 1.107438
00:27:29 train - loss: 1.2234, acc: 0.6912
Epoch 233, lr 1.103503
00:27:48 train - loss: 1.1105, acc: 0.7546
Epoch 234, lr 1.099559
00:28:08 train - loss: 1.1839, acc: 0.7048
Epoch 235, lr 1.095607
00:28:27 train - loss: 1.1514, acc: 0.7386
Epoch 236, lr 1.091646
00:28:46 train - loss: 1.1689, acc: 0.7200
Epoch 237, lr 1.087677
00:29:06 train - loss: 1.1905, acc: 0.7203
Epoch 238, lr 1.083700
00:29:25 train - loss: 1.2054, acc: 0.7048
Epoch 239, lr 1.079715
00:29:44 train - loss: 1.2162, acc: 0.7055
Epoch 240, lr 1.075722
00:30:04 train - loss: 1.2001, acc: 0.6957
00:30:06 valid - loss: 0.3600, acc: 0.9187
Epoch 241, lr 1.071721
00:30:25 train - loss: 1.1573, acc: 0.7211
Epoch 242, lr 1.067713
00:30:45 train - loss: 1.2364, acc: 0.6862
Epoch 243, lr 1.063697
00:31:04 train - loss: 1.1527, acc: 0.7373
Epoch 244, lr 1.059673
00:31:23 train - loss: 1.2129, acc: 0.7057
Epoch 245, lr 1.055642
00:31:43 train - loss: 1.1226, acc: 0.7430
Epoch 246, lr 1.051604
00:32:02 train - loss: 1.2190, acc: 0.6991
Epoch 247, lr 1.047559
00:32:22 train - loss: 1.2516, acc: 0.6736
Epoch 248, lr 1.043507
00:32:41 train - loss: 1.1673, acc: 0.7114
Epoch 249, lr 1.039448
00:33:00 train - loss: 1.1344, acc: 0.7387
Epoch 250, lr 1.035382
00:33:20 train - loss: 1.2377, acc: 0.6811
00:33:22 valid - loss: 0.4088, acc: 0.9191
Epoch 251, lr 1.031309
00:33:41 train - loss: 1.1997, acc: 0.7112
Epoch 252, lr 1.027230
00:34:01 train - loss: 1.1912, acc: 0.7198
Epoch 253, lr 1.023145
00:34:20 train - loss: 1.1928, acc: 0.7095
Epoch 254, lr 1.019053
00:34:40 train - loss: 1.1878, acc: 0.7069
Epoch 255, lr 1.014955
00:34:59 train - loss: 1.1038, acc: 0.7549
Epoch 256, lr 1.010851
00:35:18 train - loss: 1.1951, acc: 0.7046
Epoch 257, lr 1.006740
00:35:38 train - loss: 1.2211, acc: 0.6974
Epoch 258, lr 1.002624
00:35:57 train - loss: 1.2134, acc: 0.6938
Epoch 259, lr 0.998503
00:36:16 train - loss: 1.1658, acc: 0.7000
Epoch 260, lr 0.994375
00:36:36 train - loss: 1.2020, acc: 0.7105
00:36:38 valid - loss: 0.6004, acc: 0.9185
Epoch 261, lr 0.990243
00:36:58 train - loss: 1.1455, acc: 0.7443
Epoch 262, lr 0.986105
00:37:17 train - loss: 1.1469, acc: 0.7328
Epoch 263, lr 0.981961
00:37:36 train - loss: 1.1068, acc: 0.7392
Epoch 264, lr 0.977813
00:37:56 train - loss: 1.0810, acc: 0.7683
Epoch 265, lr 0.973659
00:38:15 train - loss: 1.1584, acc: 0.7201
Epoch 266, lr 0.969500
00:38:34 train - loss: 1.1362, acc: 0.7289
Epoch 267, lr 0.965337
00:38:54 train - loss: 1.1283, acc: 0.7609
Epoch 268, lr 0.961169
00:39:13 train - loss: 1.1590, acc: 0.7342
Epoch 269, lr 0.956997
00:39:32 train - loss: 1.1809, acc: 0.7225
Epoch 270, lr 0.952820
00:39:52 train - loss: 1.1754, acc: 0.7149
00:39:54 valid - loss: 0.4220, acc: 0.9314
Epoch 271, lr 0.948638
00:40:13 train - loss: 1.0636, acc: 0.7802
Epoch 272, lr 0.944453
00:40:32 train - loss: 1.1582, acc: 0.7218
Epoch 273, lr 0.940263
00:40:52 train - loss: 1.0027, acc: 0.7983
Epoch 274, lr 0.936070
00:41:11 train - loss: 1.1991, acc: 0.7052
Epoch 275, lr 0.931872
00:41:30 train - loss: 1.2162, acc: 0.6907
Epoch 276, lr 0.927671
00:41:49 train - loss: 1.1392, acc: 0.7420
Epoch 277, lr 0.923467
00:42:09 train - loss: 1.1452, acc: 0.7357
Epoch 278, lr 0.919258
00:42:28 train - loss: 1.0623, acc: 0.7783
Epoch 279, lr 0.915047
00:42:47 train - loss: 1.2386, acc: 0.6786
Epoch 280, lr 0.910832
00:43:06 train - loss: 1.1955, acc: 0.7041
00:43:08 valid - loss: 0.3974, acc: 0.9283
Epoch 281, lr 0.906614
00:43:28 train - loss: 1.1673, acc: 0.7169
Epoch 282, lr 0.902393
00:43:47 train - loss: 1.0928, acc: 0.7624
Epoch 283, lr 0.898169
00:44:07 train - loss: 1.2618, acc: 0.6666
Epoch 284, lr 0.893943
00:44:26 train - loss: 1.2023, acc: 0.6868
Epoch 285, lr 0.889713
00:44:45 train - loss: 1.1467, acc: 0.7176
Epoch 286, lr 0.885482
00:45:05 train - loss: 1.1304, acc: 0.7282
Epoch 287, lr 0.881247
00:45:24 train - loss: 1.0893, acc: 0.7667
Epoch 288, lr 0.877011
00:45:43 train - loss: 1.2339, acc: 0.6836
Epoch 289, lr 0.872772
00:46:03 train - loss: 1.2110, acc: 0.7007
Epoch 290, lr 0.868532
00:46:22 train - loss: 1.1924, acc: 0.7052
00:46:24 valid - loss: 0.5352, acc: 0.9227
Epoch 291, lr 0.864289
00:46:44 train - loss: 1.1706, acc: 0.7062
Epoch 292, lr 0.860045
00:47:03 train - loss: 1.1244, acc: 0.7563
Epoch 293, lr 0.855798
00:47:22 train - loss: 1.2170, acc: 0.6838
Epoch 294, lr 0.851551
00:47:41 train - loss: 1.1794, acc: 0.7101
Epoch 295, lr 0.847302
00:48:01 train - loss: 1.1437, acc: 0.7316
Epoch 296, lr 0.843051
00:48:20 train - loss: 1.2153, acc: 0.6746
Epoch 297, lr 0.838799
00:48:39 train - loss: 1.0977, acc: 0.7497
Epoch 298, lr 0.834547
00:48:58 train - loss: 1.2322, acc: 0.6790
Epoch 299, lr 0.830293
00:49:17 train - loss: 1.1150, acc: 0.7433
Epoch 300, lr 0.826038
00:49:37 train - loss: 1.1737, acc: 0.7044
00:49:39 valid - loss: 0.6149, acc: 0.9001
Epoch 301, lr 0.821783
00:49:59 train - loss: 1.1043, acc: 0.7519
Epoch 302, lr 0.817527
00:50:18 train - loss: 1.1357, acc: 0.7224
Epoch 303, lr 0.813271
00:50:37 train - loss: 1.1577, acc: 0.7375
Epoch 304, lr 0.809014
00:50:56 train - loss: 1.1996, acc: 0.6950
Epoch 305, lr 0.804757
00:51:16 train - loss: 1.0376, acc: 0.7904
Epoch 306, lr 0.800500
00:51:35 train - loss: 1.2317, acc: 0.6836
Epoch 307, lr 0.796243
00:51:54 train - loss: 1.0658, acc: 0.7708
Epoch 308, lr 0.791986
00:52:14 train - loss: 1.1530, acc: 0.7147
Epoch 309, lr 0.787729
00:52:33 train - loss: 1.1541, acc: 0.7276
Epoch 310, lr 0.783473
00:52:52 train - loss: 1.1521, acc: 0.7285
00:52:54 valid - loss: 0.6422, acc: 0.8841
Epoch 311, lr 0.779217
00:53:14 train - loss: 1.1236, acc: 0.7458
Epoch 312, lr 0.774962
00:53:33 train - loss: 1.1147, acc: 0.7588
Epoch 313, lr 0.770707
00:53:53 train - loss: 1.0796, acc: 0.7682
Epoch 314, lr 0.766453
00:54:12 train - loss: 1.1953, acc: 0.6954
Epoch 315, lr 0.762201
00:54:31 train - loss: 1.1333, acc: 0.7331
Epoch 316, lr 0.757949
00:54:50 train - loss: 1.1913, acc: 0.7046
Epoch 317, lr 0.753698
00:55:10 train - loss: 1.1332, acc: 0.7333
Epoch 318, lr 0.749449
00:55:29 train - loss: 1.1703, acc: 0.7192
Epoch 319, lr 0.745202
00:55:48 train - loss: 1.1326, acc: 0.7346
Epoch 320, lr 0.740955
00:56:08 train - loss: 1.1719, acc: 0.7260
00:56:10 valid - loss: 0.2908, acc: 0.9407
Epoch 321, lr 0.736711
00:56:29 train - loss: 1.0475, acc: 0.7834
Epoch 322, lr 0.732468
00:56:49 train - loss: 1.1971, acc: 0.6915
Epoch 323, lr 0.728228
00:57:08 train - loss: 1.0832, acc: 0.7651
Epoch 324, lr 0.723989
00:57:27 train - loss: 1.1648, acc: 0.7227
Epoch 325, lr 0.719753
00:57:47 train - loss: 1.2286, acc: 0.6722
Epoch 326, lr 0.715518
00:58:06 train - loss: 1.1439, acc: 0.7272
Epoch 327, lr 0.711287
00:58:25 train - loss: 1.1728, acc: 0.7184
Epoch 328, lr 0.707057
00:58:45 train - loss: 1.1198, acc: 0.7569
Epoch 329, lr 0.702831
00:59:04 train - loss: 1.1631, acc: 0.7178
Epoch 330, lr 0.698607
00:59:23 train - loss: 1.1387, acc: 0.7284
00:59:25 valid - loss: 0.5967, acc: 0.9099
Epoch 331, lr 0.694386
00:59:45 train - loss: 1.0601, acc: 0.7576
Epoch 332, lr 0.690168
01:00:04 train - loss: 1.1043, acc: 0.7453
Epoch 333, lr 0.685953
01:00:23 train - loss: 1.1465, acc: 0.7288
Epoch 334, lr 0.681742
01:00:42 train - loss: 1.1545, acc: 0.7171
Epoch 335, lr 0.677533
01:01:02 train - loss: 1.1637, acc: 0.7194
Epoch 336, lr 0.673329
01:01:21 train - loss: 1.1736, acc: 0.6988
Epoch 337, lr 0.669128
01:01:40 train - loss: 1.1832, acc: 0.7138
Epoch 338, lr 0.664930
01:01:59 train - loss: 1.1564, acc: 0.7183
Epoch 339, lr 0.660737
01:02:19 train - loss: 1.2335, acc: 0.6568
Epoch 340, lr 0.656547
01:02:38 train - loss: 1.1523, acc: 0.7200
01:02:40 valid - loss: 0.2882, acc: 0.9400
Epoch 341, lr 0.652362
01:03:00 train - loss: 1.0563, acc: 0.7753
Epoch 342, lr 0.648180
01:03:19 train - loss: 1.2198, acc: 0.6912
Epoch 343, lr 0.644003
01:03:38 train - loss: 1.0920, acc: 0.7364
Epoch 344, lr 0.639831
01:03:58 train - loss: 1.1450, acc: 0.7282
Epoch 345, lr 0.635663
01:04:17 train - loss: 1.2029, acc: 0.6894
Epoch 346, lr 0.631500
01:04:36 train - loss: 1.1866, acc: 0.6962
Epoch 347, lr 0.627341
01:04:56 train - loss: 1.1165, acc: 0.7457
Epoch 348, lr 0.623187
01:05:15 train - loss: 1.1068, acc: 0.7512
Epoch 349, lr 0.619039
01:05:34 train - loss: 1.0996, acc: 0.7483
Epoch 350, lr 0.614895
01:05:54 train - loss: 1.1780, acc: 0.6926
01:05:56 valid - loss: 0.5792, acc: 0.9243
Epoch 351, lr 0.610757
01:06:15 train - loss: 1.0669, acc: 0.7708
Epoch 352, lr 0.606625
01:06:35 train - loss: 0.9939, acc: 0.8033
Epoch 353, lr 0.602497
01:06:54 train - loss: 0.9952, acc: 0.8030
Epoch 354, lr 0.598376
01:07:13 train - loss: 1.1209, acc: 0.7412
Epoch 355, lr 0.594260
01:07:33 train - loss: 1.1155, acc: 0.7416
Epoch 356, lr 0.590149
01:07:52 train - loss: 1.1987, acc: 0.6867
Epoch 357, lr 0.586045
01:08:11 train - loss: 1.0031, acc: 0.8023
Epoch 358, lr 0.581947
01:08:31 train - loss: 1.1840, acc: 0.7075
Epoch 359, lr 0.577855
01:08:50 train - loss: 1.1694, acc: 0.7057
Epoch 360, lr 0.573770
01:09:09 train - loss: 1.1043, acc: 0.7509
01:09:12 valid - loss: 0.4001, acc: 0.9408
Epoch 361, lr 0.569691
01:09:31 train - loss: 1.0666, acc: 0.7626
Epoch 362, lr 0.565618
01:09:51 train - loss: 1.0051, acc: 0.7974
Epoch 363, lr 0.561552
01:10:10 train - loss: 1.1361, acc: 0.7385
Epoch 364, lr 0.557493
01:10:30 train - loss: 1.1251, acc: 0.7280
Epoch 365, lr 0.553441
01:10:49 train - loss: 1.1448, acc: 0.7272
Epoch 366, lr 0.549396
01:11:09 train - loss: 1.0145, acc: 0.8026
Epoch 367, lr 0.545358
01:11:28 train - loss: 1.0469, acc: 0.7820
Epoch 368, lr 0.541327
01:11:48 train - loss: 1.0507, acc: 0.7720
Epoch 369, lr 0.537303
01:12:07 train - loss: 1.0788, acc: 0.7491
Epoch 370, lr 0.533287
01:12:27 train - loss: 1.1935, acc: 0.6924
01:12:29 valid - loss: 0.5934, acc: 0.9185
Epoch 371, lr 0.529279
01:12:49 train - loss: 1.2032, acc: 0.6882
Epoch 372, lr 0.525278
01:13:08 train - loss: 1.0505, acc: 0.7723
Epoch 373, lr 0.521285
01:13:28 train - loss: 1.0474, acc: 0.7740
Epoch 374, lr 0.517300
01:13:47 train - loss: 1.0424, acc: 0.7823
Epoch 375, lr 0.513323
01:14:07 train - loss: 1.0855, acc: 0.7523
Epoch 376, lr 0.509354
01:14:26 train - loss: 1.1906, acc: 0.7159
Epoch 377, lr 0.505393
01:14:46 train - loss: 1.2046, acc: 0.6882
Epoch 378, lr 0.501441
01:15:06 train - loss: 1.1680, acc: 0.7002
Epoch 379, lr 0.497497
01:15:25 train - loss: 1.0184, acc: 0.7848
Epoch 380, lr 0.493562
01:15:45 train - loss: 1.1720, acc: 0.7095
01:15:47 valid - loss: 0.4028, acc: 0.9457
Epoch 381, lr 0.489635
01:16:07 train - loss: 1.0631, acc: 0.7708
Epoch 382, lr 0.485717
01:16:26 train - loss: 1.1944, acc: 0.6897
Epoch 383, lr 0.481809
01:16:46 train - loss: 1.0817, acc: 0.7590
Epoch 384, lr 0.477909
01:17:05 train - loss: 1.1374, acc: 0.7254
Epoch 385, lr 0.474018
01:17:25 train - loss: 1.0861, acc: 0.7658
Epoch 386, lr 0.470137
01:17:45 train - loss: 1.1056, acc: 0.7417
Epoch 387, lr 0.466265
01:18:04 train - loss: 1.2094, acc: 0.6871
Epoch 388, lr 0.462402
01:18:24 train - loss: 1.1631, acc: 0.7078
Epoch 389, lr 0.458549
01:18:43 train - loss: 1.0767, acc: 0.7521
Epoch 390, lr 0.454706
01:19:03 train - loss: 1.0393, acc: 0.7936
01:19:05 valid - loss: 0.3241, acc: 0.9448
Epoch 391, lr 0.450873
01:19:25 train - loss: 1.1487, acc: 0.7120
Epoch 392, lr 0.447049
01:19:45 train - loss: 1.0375, acc: 0.7725
Epoch 393, lr 0.443236
01:20:05 train - loss: 1.0022, acc: 0.8029
Epoch 394, lr 0.439432
01:20:24 train - loss: 1.1566, acc: 0.7203
Epoch 395, lr 0.435639
01:20:44 train - loss: 1.0705, acc: 0.7730
Epoch 396, lr 0.431857
01:21:03 train - loss: 1.1294, acc: 0.7337
Epoch 397, lr 0.428084
01:21:23 train - loss: 1.1815, acc: 0.6931
Epoch 398, lr 0.424322
01:21:43 train - loss: 1.1726, acc: 0.7062
Epoch 399, lr 0.420571
01:22:03 train - loss: 1.0574, acc: 0.7598
Epoch 400, lr 0.416831
01:22:22 train - loss: 1.1045, acc: 0.7500
01:22:24 valid - loss: 0.5420, acc: 0.9422
Epoch 401, lr 0.413102
01:22:44 train - loss: 1.1206, acc: 0.7307
Epoch 402, lr 0.409383
01:23:04 train - loss: 1.0358, acc: 0.7781
Epoch 403, lr 0.405676
01:23:23 train - loss: 1.1244, acc: 0.7244
Epoch 404, lr 0.401980
01:23:43 train - loss: 1.1386, acc: 0.7140
Epoch 405, lr 0.398295
01:24:03 train - loss: 1.0145, acc: 0.7922
Epoch 406, lr 0.394621
01:24:22 train - loss: 1.1774, acc: 0.7063
Epoch 407, lr 0.390959
01:24:42 train - loss: 1.1742, acc: 0.6967
Epoch 408, lr 0.387309
01:25:02 train - loss: 1.1606, acc: 0.7019
Epoch 409, lr 0.383670
01:25:21 train - loss: 1.1010, acc: 0.7287
Epoch 410, lr 0.380043
01:25:41 train - loss: 1.1145, acc: 0.7356
01:25:43 valid - loss: 0.3552, acc: 0.9520
Epoch 411, lr 0.376428
01:26:03 train - loss: 1.1273, acc: 0.7143
Epoch 412, lr 0.372826
01:26:23 train - loss: 1.0313, acc: 0.7640
Epoch 413, lr 0.369235
01:26:42 train - loss: 1.1708, acc: 0.6986
Epoch 414, lr 0.365656
01:27:02 train - loss: 1.1440, acc: 0.7061
Epoch 415, lr 0.362090
01:27:21 train - loss: 1.1672, acc: 0.6882
Epoch 416, lr 0.358536
01:27:41 train - loss: 1.0490, acc: 0.7713
Epoch 417, lr 0.354995
01:28:00 train - loss: 1.1240, acc: 0.7318
Epoch 418, lr 0.351467
01:28:20 train - loss: 1.0778, acc: 0.7517
Epoch 419, lr 0.347951
01:28:39 train - loss: 1.0800, acc: 0.7464
Epoch 420, lr 0.344448
01:28:59 train - loss: 1.0915, acc: 0.7390
01:29:02 valid - loss: 0.4825, acc: 0.9472
Epoch 421, lr 0.340957
01:29:21 train - loss: 1.0183, acc: 0.7825
Epoch 422, lr 0.337480
01:29:41 train - loss: 1.0234, acc: 0.7795
Epoch 423, lr 0.334016
01:30:01 train - loss: 1.0399, acc: 0.7742
Epoch 424, lr 0.330566
01:30:20 train - loss: 1.1122, acc: 0.7256
Epoch 425, lr 0.327128
01:30:40 train - loss: 1.0893, acc: 0.7532
Epoch 426, lr 0.323704
01:31:00 train - loss: 1.0515, acc: 0.7643
Epoch 427, lr 0.320294
01:31:19 train - loss: 1.0292, acc: 0.7778
Epoch 428, lr 0.316897
01:31:39 train - loss: 1.0398, acc: 0.7705
Epoch 429, lr 0.313514
01:31:58 train - loss: 1.1215, acc: 0.7124
Epoch 430, lr 0.310145
01:32:17 train - loss: 0.9859, acc: 0.8000
01:32:20 valid - loss: 0.4909, acc: 0.9456
Epoch 431, lr 0.306789
01:32:39 train - loss: 1.0795, acc: 0.7489
Epoch 432, lr 0.303448
01:32:58 train - loss: 1.0717, acc: 0.7518
Epoch 433, lr 0.300120
01:33:18 train - loss: 1.0995, acc: 0.7242
Epoch 434, lr 0.296807
01:33:37 train - loss: 1.0682, acc: 0.7525
Epoch 435, lr 0.293508
01:33:57 train - loss: 1.0940, acc: 0.7389
Epoch 436, lr 0.290224
01:34:16 train - loss: 1.0476, acc: 0.7650
Epoch 437, lr 0.286954
01:34:35 train - loss: 1.1038, acc: 0.7239
Epoch 438, lr 0.283698
01:34:55 train - loss: 1.0934, acc: 0.7336
Epoch 439, lr 0.280457
01:35:14 train - loss: 1.1182, acc: 0.7164
Epoch 440, lr 0.277231
01:35:33 train - loss: 1.0848, acc: 0.7354
01:35:35 valid - loss: 0.3808, acc: 0.9558
Epoch 441, lr 0.274020
01:35:55 train - loss: 1.0478, acc: 0.7581
Epoch 442, lr 0.270824
01:36:14 train - loss: 1.0391, acc: 0.7720
Epoch 443, lr 0.267643
01:36:34 train - loss: 1.0803, acc: 0.7412
Epoch 444, lr 0.264476
01:36:54 train - loss: 1.0650, acc: 0.7599
Epoch 445, lr 0.261325
01:37:13 train - loss: 1.0552, acc: 0.7541
Epoch 446, lr 0.258190
01:37:33 train - loss: 1.0005, acc: 0.7879
Epoch 447, lr 0.255069
01:37:52 train - loss: 1.1828, acc: 0.6696
Epoch 448, lr 0.251965
01:38:11 train - loss: 1.0250, acc: 0.7725
Epoch 449, lr 0.248875
01:38:30 train - loss: 1.1077, acc: 0.7284
Epoch 450, lr 0.245802
01:38:50 train - loss: 1.0597, acc: 0.7636
01:38:52 valid - loss: 0.5258, acc: 0.9351
Epoch 451, lr 0.242744
01:39:11 train - loss: 1.1942, acc: 0.6846
Epoch 452, lr 0.239701
01:39:31 train - loss: 1.0209, acc: 0.7858
Epoch 453, lr 0.236675
01:39:50 train - loss: 1.0468, acc: 0.7641
Epoch 454, lr 0.233665
01:40:09 train - loss: 1.0449, acc: 0.7559
Epoch 455, lr 0.230671
01:40:29 train - loss: 1.0484, acc: 0.7697
Epoch 456, lr 0.227693
01:40:48 train - loss: 1.0775, acc: 0.7431
Epoch 457, lr 0.224731
01:41:08 train - loss: 1.0899, acc: 0.7396
Epoch 458, lr 0.221786
01:41:27 train - loss: 1.0577, acc: 0.7558
Epoch 459, lr 0.218857
01:41:47 train - loss: 0.9824, acc: 0.8056
Epoch 460, lr 0.215944
01:42:07 train - loss: 0.9772, acc: 0.8017
01:42:09 valid - loss: 0.5395, acc: 0.9350
Epoch 461, lr 0.213048
01:42:29 train - loss: 1.0520, acc: 0.7600
Epoch 462, lr 0.210169
01:42:49 train - loss: 1.0049, acc: 0.7900
Epoch 463, lr 0.207306
01:43:09 train - loss: 1.0796, acc: 0.7465
Epoch 464, lr 0.204460
01:43:28 train - loss: 0.9630, acc: 0.7977
Epoch 465, lr 0.201632
01:43:48 train - loss: 1.0341, acc: 0.7741
Epoch 466, lr 0.198820
01:44:07 train - loss: 1.0626, acc: 0.7692
Epoch 467, lr 0.196025
01:44:27 train - loss: 1.0705, acc: 0.7276
Epoch 468, lr 0.193247
01:44:47 train - loss: 1.0902, acc: 0.7368
Epoch 469, lr 0.190487
01:45:07 train - loss: 1.0431, acc: 0.7620
Epoch 470, lr 0.187744
01:45:26 train - loss: 1.0768, acc: 0.7468
01:45:28 valid - loss: 0.4212, acc: 0.9546
Epoch 471, lr 0.185018
01:45:48 train - loss: 1.0474, acc: 0.7677
Epoch 472, lr 0.182309
01:46:08 train - loss: 1.0496, acc: 0.7577
Epoch 473, lr 0.179619
01:46:28 train - loss: 1.1312, acc: 0.6999
Epoch 474, lr 0.176945
01:46:47 train - loss: 0.9828, acc: 0.8114
Epoch 475, lr 0.174290
01:47:07 train - loss: 1.0023, acc: 0.7865
Epoch 476, lr 0.171652
01:47:27 train - loss: 1.0163, acc: 0.7737
Epoch 477, lr 0.169032
01:47:46 train - loss: 1.0131, acc: 0.7854
Epoch 478, lr 0.166430
01:48:06 train - loss: 1.1330, acc: 0.7009
Epoch 479, lr 0.163846
01:48:26 train - loss: 1.0589, acc: 0.7623
Epoch 480, lr 0.161280
01:48:45 train - loss: 1.0534, acc: 0.7511
01:48:48 valid - loss: 0.2737, acc: 0.9548
Epoch 481, lr 0.158732
01:49:07 train - loss: 1.0947, acc: 0.7234
Epoch 482, lr 0.156202
01:49:27 train - loss: 1.0362, acc: 0.7641
Epoch 483, lr 0.153691
01:49:47 train - loss: 1.0001, acc: 0.8046
Epoch 484, lr 0.151198
01:50:06 train - loss: 1.0602, acc: 0.7527
Epoch 485, lr 0.148723
01:50:26 train - loss: 1.0168, acc: 0.7781
Epoch 486, lr 0.146267
01:50:46 train - loss: 1.1043, acc: 0.7234
Epoch 487, lr 0.143829
01:51:05 train - loss: 1.0515, acc: 0.7593
Epoch 488, lr 0.141410
01:51:25 train - loss: 1.0479, acc: 0.7557
Epoch 489, lr 0.139010
01:51:44 train - loss: 1.0946, acc: 0.7343
Epoch 490, lr 0.136628
01:52:04 train - loss: 1.0439, acc: 0.7636
01:52:06 valid - loss: 0.3934, acc: 0.9577
Epoch 491, lr 0.134266
01:52:26 train - loss: 1.0112, acc: 0.7759
Epoch 492, lr 0.131922
01:52:45 train - loss: 0.9285, acc: 0.8287
Epoch 493, lr 0.129597
01:53:05 train - loss: 1.0772, acc: 0.7255
Epoch 494, lr 0.127291
01:53:24 train - loss: 1.0917, acc: 0.7326
Epoch 495, lr 0.125004
01:53:44 train - loss: 1.0425, acc: 0.7498
Epoch 496, lr 0.122736
01:54:03 train - loss: 1.0348, acc: 0.7689
Epoch 497, lr 0.120488
01:54:23 train - loss: 1.0586, acc: 0.7468
Epoch 498, lr 0.118259
01:54:42 train - loss: 0.9847, acc: 0.7987
Epoch 499, lr 0.116049
01:55:02 train - loss: 0.9836, acc: 0.7878
Epoch 500, lr 0.113858
01:55:22 train - loss: 0.9916, acc: 0.7851
01:55:24 valid - loss: 0.3029, acc: 0.9589
Epoch 501, lr 0.111688
01:55:44 train - loss: 1.0801, acc: 0.7193
Epoch 502, lr 0.109536
01:56:03 train - loss: 1.1247, acc: 0.7177
Epoch 503, lr 0.107404
01:56:23 train - loss: 1.0162, acc: 0.7830
Epoch 504, lr 0.105292
01:56:43 train - loss: 0.9565, acc: 0.8169
Epoch 505, lr 0.103200
01:57:02 train - loss: 1.0437, acc: 0.7522
Epoch 506, lr 0.101127
01:57:22 train - loss: 0.9707, acc: 0.7894
Epoch 507, lr 0.099074
01:57:41 train - loss: 1.0629, acc: 0.7449
Epoch 508, lr 0.097041
01:58:01 train - loss: 1.0192, acc: 0.7641
Epoch 509, lr 0.095028
01:58:20 train - loss: 0.9589, acc: 0.7997
Epoch 510, lr 0.093035
01:58:39 train - loss: 0.9760, acc: 0.7817
01:58:41 valid - loss: 0.4056, acc: 0.9577
Epoch 511, lr 0.091062
01:59:01 train - loss: 1.0358, acc: 0.7577
Epoch 512, lr 0.089109
01:59:20 train - loss: 1.0520, acc: 0.7492
Epoch 513, lr 0.087176
01:59:39 train - loss: 0.9761, acc: 0.7861
Epoch 514, lr 0.085264
01:59:59 train - loss: 1.0189, acc: 0.7665
Epoch 515, lr 0.083372
02:00:18 train - loss: 1.0132, acc: 0.7775
Epoch 516, lr 0.081500
02:00:37 train - loss: 1.0882, acc: 0.7246
Epoch 517, lr 0.079648
02:00:57 train - loss: 1.0232, acc: 0.7638
Epoch 518, lr 0.077817
02:01:17 train - loss: 1.0019, acc: 0.7820
Epoch 519, lr 0.076007
02:01:36 train - loss: 1.0802, acc: 0.7511
Epoch 520, lr 0.074217
02:01:56 train - loss: 1.0950, acc: 0.7149
02:01:58 valid - loss: 0.2385, acc: 0.9605
Epoch 521, lr 0.072447
02:02:18 train - loss: 1.0870, acc: 0.7305
Epoch 522, lr 0.070699
02:02:38 train - loss: 0.9965, acc: 0.7743
Epoch 523, lr 0.068971
02:02:57 train - loss: 0.9193, acc: 0.8243
Epoch 524, lr 0.067263
02:03:17 train - loss: 1.0535, acc: 0.7561
Epoch 525, lr 0.065577
02:03:37 train - loss: 1.0292, acc: 0.7635
Epoch 526, lr 0.063911
02:03:57 train - loss: 1.0898, acc: 0.7188
Epoch 527, lr 0.062266
02:04:17 train - loss: 1.0191, acc: 0.7585
Epoch 528, lr 0.060642
02:04:36 train - loss: 1.0519, acc: 0.7576
Epoch 529, lr 0.059039
02:04:56 train - loss: 1.0162, acc: 0.7861
Epoch 530, lr 0.057458
02:05:16 train - loss: 1.0155, acc: 0.7627
02:05:18 valid - loss: 0.2317, acc: 0.9626
Epoch 531, lr 0.055897
02:05:38 train - loss: 1.0241, acc: 0.7638
Epoch 532, lr 0.054357
02:05:58 train - loss: 1.0477, acc: 0.7445
Epoch 533, lr 0.052838
02:06:18 train - loss: 1.0671, acc: 0.7474
Epoch 534, lr 0.051341
02:06:37 train - loss: 1.0438, acc: 0.7229
Epoch 535, lr 0.049865
02:06:57 train - loss: 0.9845, acc: 0.7857
Epoch 536, lr 0.048410
02:07:16 train - loss: 1.0934, acc: 0.7175
Epoch 537, lr 0.046977
02:07:36 train - loss: 1.0419, acc: 0.7433
Epoch 538, lr 0.045564
02:07:56 train - loss: 0.9986, acc: 0.7725
Epoch 539, lr 0.044174
02:08:15 train - loss: 1.0472, acc: 0.7446
Epoch 540, lr 0.042804
02:08:35 train - loss: 1.0517, acc: 0.7343
02:08:37 valid - loss: 0.4380, acc: 0.9593
Epoch 541, lr 0.041457
02:08:57 train - loss: 1.0097, acc: 0.7776
Epoch 542, lr 0.040130
02:09:17 train - loss: 1.0895, acc: 0.7249
Epoch 543, lr 0.038826
02:09:37 train - loss: 0.9900, acc: 0.7777
Epoch 544, lr 0.037542
02:09:57 train - loss: 1.0206, acc: 0.7673
Epoch 545, lr 0.036281
02:10:16 train - loss: 0.9375, acc: 0.8132
Epoch 546, lr 0.035041
02:10:35 train - loss: 0.9787, acc: 0.7903
Epoch 547, lr 0.033823
02:10:55 train - loss: 1.0281, acc: 0.7581
Epoch 548, lr 0.032627
02:11:14 train - loss: 0.9715, acc: 0.7918
Epoch 549, lr 0.031452
02:11:34 train - loss: 1.1128, acc: 0.7137
Epoch 550, lr 0.030299
02:11:53 train - loss: 0.9909, acc: 0.7808
02:11:56 valid - loss: 0.2718, acc: 0.9643
Epoch 551, lr 0.029168
02:12:15 train - loss: 1.0636, acc: 0.7256
Epoch 552, lr 0.028059
02:12:34 train - loss: 0.9962, acc: 0.7746
Epoch 553, lr 0.026972
02:12:54 train - loss: 0.9738, acc: 0.7909
Epoch 554, lr 0.025906
02:13:13 train - loss: 1.0888, acc: 0.7145
Epoch 555, lr 0.024863
02:13:33 train - loss: 1.0233, acc: 0.7575
Epoch 556, lr 0.023842
02:13:52 train - loss: 1.0309, acc: 0.7507
Epoch 557, lr 0.022842
02:14:12 train - loss: 1.0879, acc: 0.7092
Epoch 558, lr 0.021865
02:14:31 train - loss: 0.9221, acc: 0.8258
Epoch 559, lr 0.020910
02:14:50 train - loss: 1.0188, acc: 0.7672
Epoch 560, lr 0.019977
02:15:10 train - loss: 1.0156, acc: 0.7560
02:15:12 valid - loss: 0.4989, acc: 0.9480
Epoch 561, lr 0.019066
02:15:32 train - loss: 1.0534, acc: 0.7357
Epoch 562, lr 0.018177
02:15:51 train - loss: 0.9762, acc: 0.7907
Epoch 563, lr 0.017311
02:16:10 train - loss: 1.0243, acc: 0.7680
Epoch 564, lr 0.016466
02:16:29 train - loss: 1.0626, acc: 0.7263
Epoch 565, lr 0.015644
02:16:49 train - loss: 1.1012, acc: 0.7041
Epoch 566, lr 0.014844
02:17:08 train - loss: 1.0818, acc: 0.7290
Epoch 567, lr 0.014066
02:17:28 train - loss: 1.0290, acc: 0.7524
Epoch 568, lr 0.013311
02:17:47 train - loss: 1.0280, acc: 0.7626
Epoch 569, lr 0.012578
02:18:07 train - loss: 1.0608, acc: 0.7242
Epoch 570, lr 0.011867
02:18:27 train - loss: 1.0461, acc: 0.7506
02:18:29 valid - loss: 0.4949, acc: 0.9543
Epoch 571, lr 0.011179
02:18:49 train - loss: 1.0679, acc: 0.7382
Epoch 572, lr 0.010513
02:19:09 train - loss: 1.0118, acc: 0.7690
Epoch 573, lr 0.009869
02:19:29 train - loss: 0.9986, acc: 0.7687
Epoch 574, lr 0.009248
02:19:48 train - loss: 1.0387, acc: 0.7539
Epoch 575, lr 0.008650
02:20:08 train - loss: 1.0408, acc: 0.7604
Epoch 576, lr 0.008073
02:20:28 train - loss: 0.9934, acc: 0.7742
Epoch 577, lr 0.007520
02:20:47 train - loss: 1.0819, acc: 0.7060
Epoch 578, lr 0.006988
02:21:07 train - loss: 1.0043, acc: 0.7745
Epoch 579, lr 0.006479
02:21:26 train - loss: 1.0186, acc: 0.7627
Epoch 580, lr 0.005993
02:21:46 train - loss: 0.9840, acc: 0.7818
02:21:48 valid - loss: 0.4910, acc: 0.9538
Epoch 581, lr 0.005529
02:22:08 train - loss: 1.0730, acc: 0.7332
Epoch 582, lr 0.005088
02:22:27 train - loss: 1.0396, acc: 0.7429
Epoch 583, lr 0.004669
02:22:47 train - loss: 1.0814, acc: 0.7404
Epoch 584, lr 0.004273
02:23:07 train - loss: 1.0203, acc: 0.7587
Epoch 585, lr 0.003900
02:23:26 train - loss: 1.0507, acc: 0.7201
Epoch 586, lr 0.003549
02:23:46 train - loss: 1.0099, acc: 0.7743
Epoch 587, lr 0.003220
02:24:05 train - loss: 0.9693, acc: 0.7895
Epoch 588, lr 0.002915
02:24:25 train - loss: 1.0429, acc: 0.7437
Epoch 589, lr 0.002632
02:24:45 train - loss: 1.0080, acc: 0.7624
Epoch 590, lr 0.002371
02:25:04 train - loss: 0.9083, acc: 0.8335
02:25:06 valid - loss: 0.3399, acc: 0.9641
Epoch 591, lr 0.002133
02:25:26 train - loss: 0.8881, acc: 0.8374
Epoch 592, lr 0.001918
02:25:45 train - loss: 0.9851, acc: 0.7882
Epoch 593, lr 0.001725
02:26:05 train - loss: 0.9639, acc: 0.7894
Epoch 594, lr 0.001555
02:26:24 train - loss: 1.0401, acc: 0.7439
Epoch 595, lr 0.001408
02:26:44 train - loss: 1.0514, acc: 0.7329
Epoch 596, lr 0.001283
02:27:03 train - loss: 1.0002, acc: 0.7949
Epoch 597, lr 0.001181
02:27:23 train - loss: 0.9736, acc: 0.7781
Epoch 598, lr 0.001102
02:27:42 train - loss: 1.0423, acc: 0.7471
Epoch 599, lr 0.001045
02:28:02 train - loss: 1.1268, acc: 0.6816
Epoch 600, lr 0.001011
02:28:21 train - loss: 0.9923, acc: 0.7863
02:28:23 valid - loss: 0.4070, acc: 0.9628
