nohup: ignoring input
Files already downloaded and verified
Files already downloaded and verified
Epoch 1, lr 0.040000
11:09:35 train - loss: 1.4412, acc: 0.4697
Epoch 2, lr 0.074377
11:10:47 train - loss: 0.9062, acc: 0.6772
Epoch 3, lr 0.164377
11:12:00 train - loss: 0.7054, acc: 0.7581
Epoch 4, lr 0.275623
11:13:13 train - loss: 0.5906, acc: 0.7959
Epoch 5, lr 0.365623
11:14:25 train - loss: 0.5072, acc: 0.8271
11:14:34 valid - loss: 0.6112, acc: 0.7846
Epoch 6, lr 0.400000
11:15:47 train - loss: 0.4471, acc: 0.8465
Epoch 7, lr 0.399974
11:17:00 train - loss: 0.4111, acc: 0.8591
Epoch 8, lr 0.399896
11:18:12 train - loss: 0.3831, acc: 0.8689
Epoch 9, lr 0.399766
11:19:25 train - loss: 0.3630, acc: 0.8768
Epoch 10, lr 0.399585
11:20:38 train - loss: 0.3486, acc: 0.8808
11:20:44 valid - loss: 0.6342, acc: 0.7828
Epoch 11, lr 0.399351
11:21:56 train - loss: 0.3352, acc: 0.8854
Epoch 12, lr 0.399066
11:23:08 train - loss: 0.3295, acc: 0.8874
Epoch 13, lr 0.398730
11:24:21 train - loss: 0.3228, acc: 0.8900
Epoch 14, lr 0.398341
11:25:33 train - loss: 0.3150, acc: 0.8923
Epoch 15, lr 0.397901
11:26:46 train - loss: 0.3048, acc: 0.8955
11:26:52 valid - loss: 0.9116, acc: 0.7509
Epoch 16, lr 0.397410
11:28:04 train - loss: 0.3053, acc: 0.8953
Epoch 17, lr 0.396868
11:29:17 train - loss: 0.2924, acc: 0.8986
Epoch 18, lr 0.396274
11:30:30 train - loss: 0.2882, acc: 0.9011
Epoch 19, lr 0.395630
11:31:42 train - loss: 0.2830, acc: 0.9033
Epoch 20, lr 0.394934
11:32:54 train - loss: 0.2783, acc: 0.9044
11:33:00 valid - loss: 0.5174, acc: 0.8313
Epoch 21, lr 0.394188
11:34:13 train - loss: 0.2761, acc: 0.9072
Epoch 22, lr 0.393392
11:35:25 train - loss: 0.2724, acc: 0.9054
Epoch 23, lr 0.392546
11:36:38 train - loss: 0.2695, acc: 0.9082
Epoch 24, lr 0.391649
11:37:50 train - loss: 0.2652, acc: 0.9100
Epoch 25, lr 0.390703
11:39:03 train - loss: 0.2625, acc: 0.9099
11:39:08 valid - loss: 0.6600, acc: 0.8027
Epoch 26, lr 0.389707
11:40:21 train - loss: 0.2576, acc: 0.9128
Epoch 27, lr 0.388662
11:41:33 train - loss: 0.2578, acc: 0.9133
Epoch 28, lr 0.387568
11:42:45 train - loss: 0.2585, acc: 0.9106
Epoch 29, lr 0.386426
11:43:58 train - loss: 0.2525, acc: 0.9141
Epoch 30, lr 0.385235
11:45:10 train - loss: 0.2532, acc: 0.9139
11:45:16 valid - loss: 0.6161, acc: 0.8108
Epoch 31, lr 0.383996
11:46:29 train - loss: 0.2467, acc: 0.9155
Epoch 32, lr 0.382709
11:47:41 train - loss: 0.2440, acc: 0.9172
Epoch 33, lr 0.381375
11:48:54 train - loss: 0.2445, acc: 0.9170
Epoch 34, lr 0.379994
11:50:07 train - loss: 0.2409, acc: 0.9169
Epoch 35, lr 0.378566
11:51:19 train - loss: 0.2407, acc: 0.9184
11:51:25 valid - loss: 0.5890, acc: 0.8208
Epoch 36, lr 0.377091
11:52:37 train - loss: 0.2392, acc: 0.9194
Epoch 37, lr 0.375571
11:53:50 train - loss: 0.2312, acc: 0.9212
Epoch 38, lr 0.374005
11:55:02 train - loss: 0.2381, acc: 0.9187
Epoch 39, lr 0.372394
11:56:15 train - loss: 0.2298, acc: 0.9214
Epoch 40, lr 0.370738
11:57:27 train - loss: 0.2349, acc: 0.9195
11:57:32 valid - loss: 0.6540, acc: 0.7967
Epoch 41, lr 0.369038
11:58:45 train - loss: 0.2256, acc: 0.9223
Epoch 42, lr 0.367294
11:59:57 train - loss: 0.2286, acc: 0.9216
Epoch 43, lr 0.365507
12:01:10 train - loss: 0.2218, acc: 0.9246
Epoch 44, lr 0.363676
12:02:22 train - loss: 0.2217, acc: 0.9247
Epoch 45, lr 0.361803
12:03:35 train - loss: 0.2281, acc: 0.9221
12:03:40 valid - loss: 0.6440, acc: 0.8128
Epoch 46, lr 0.359889
12:04:53 train - loss: 0.2234, acc: 0.9231
Epoch 47, lr 0.357932
12:06:05 train - loss: 0.2166, acc: 0.9265
Epoch 48, lr 0.355935
12:07:18 train - loss: 0.2169, acc: 0.9246
Epoch 49, lr 0.353897
12:08:30 train - loss: 0.2137, acc: 0.9275
Epoch 50, lr 0.351819
12:09:42 train - loss: 0.2154, acc: 0.9260
12:09:48 valid - loss: 0.5538, acc: 0.8327
Epoch 51, lr 0.349702
12:11:01 train - loss: 0.2057, acc: 0.9294
Epoch 52, lr 0.347546
12:12:13 train - loss: 0.2124, acc: 0.9271
Epoch 53, lr 0.345352
12:13:25 train - loss: 0.2132, acc: 0.9282
Epoch 54, lr 0.343120
12:14:38 train - loss: 0.2079, acc: 0.9281
Epoch 55, lr 0.340851
12:15:50 train - loss: 0.2131, acc: 0.9271
12:15:55 valid - loss: 0.5970, acc: 0.8275
Epoch 56, lr 0.338545
12:17:07 train - loss: 0.2064, acc: 0.9297
Epoch 57, lr 0.336203
12:18:19 train - loss: 0.2055, acc: 0.9289
Epoch 58, lr 0.333826
12:19:32 train - loss: 0.2043, acc: 0.9298
Epoch 59, lr 0.331414
12:20:44 train - loss: 0.1936, acc: 0.9348
Epoch 60, lr 0.328968
12:21:56 train - loss: 0.2047, acc: 0.9298
12:22:02 valid - loss: 0.7674, acc: 0.7790
Epoch 61, lr 0.326489
12:23:14 train - loss: 0.2004, acc: 0.9306
Epoch 62, lr 0.323977
12:24:26 train - loss: 0.1984, acc: 0.9321
Epoch 63, lr 0.321433
12:25:38 train - loss: 0.1945, acc: 0.9332
Epoch 64, lr 0.318857
12:26:51 train - loss: 0.1906, acc: 0.9343
Epoch 65, lr 0.316250
12:28:03 train - loss: 0.1966, acc: 0.9331
12:28:09 valid - loss: 0.5219, acc: 0.8394
Epoch 66, lr 0.313613
12:29:21 train - loss: 0.1899, acc: 0.9350
Epoch 67, lr 0.310947
12:30:33 train - loss: 0.1892, acc: 0.9364
Epoch 68, lr 0.308251
12:31:46 train - loss: 0.1875, acc: 0.9352
Epoch 69, lr 0.305528
12:32:58 train - loss: 0.1864, acc: 0.9359
Epoch 70, lr 0.302777
12:34:10 train - loss: 0.1858, acc: 0.9366
12:34:15 valid - loss: 0.6860, acc: 0.8049
Epoch 71, lr 0.300000
12:35:27 train - loss: 0.1760, acc: 0.9400
Epoch 72, lr 0.297197
12:36:39 train - loss: 0.1801, acc: 0.9389
Epoch 73, lr 0.294368
12:37:52 train - loss: 0.1769, acc: 0.9396
Epoch 74, lr 0.291515
12:39:03 train - loss: 0.1811, acc: 0.9380
Epoch 75, lr 0.288638
12:40:16 train - loss: 0.1694, acc: 0.9424
12:40:21 valid - loss: 0.6870, acc: 0.8164
Epoch 76, lr 0.285739
12:41:33 train - loss: 0.1778, acc: 0.9394
Epoch 77, lr 0.282816
12:42:45 train - loss: 0.1720, acc: 0.9407
Epoch 78, lr 0.279873
12:43:58 train - loss: 0.1762, acc: 0.9393
Epoch 79, lr 0.276909
12:45:10 train - loss: 0.1683, acc: 0.9425
Epoch 80, lr 0.273924
12:46:22 train - loss: 0.1667, acc: 0.9425
12:46:27 valid - loss: 0.5570, acc: 0.8420
Epoch 81, lr 0.270921
12:47:40 train - loss: 0.1658, acc: 0.9434
Epoch 82, lr 0.267899
12:48:52 train - loss: 0.1628, acc: 0.9444
Epoch 83, lr 0.264860
12:50:04 train - loss: 0.1663, acc: 0.9429
Epoch 84, lr 0.261803
12:51:16 train - loss: 0.1597, acc: 0.9466
Epoch 85, lr 0.258731
12:52:28 train - loss: 0.1573, acc: 0.9449
12:52:34 valid - loss: 0.4624, acc: 0.8641
Epoch 86, lr 0.255643
12:53:46 train - loss: 0.1537, acc: 0.9470
Epoch 87, lr 0.252541
12:54:58 train - loss: 0.1578, acc: 0.9454
Epoch 88, lr 0.249426
12:56:10 train - loss: 0.1496, acc: 0.9496
Epoch 89, lr 0.246297
12:57:23 train - loss: 0.1474, acc: 0.9492
Epoch 90, lr 0.243157
12:58:35 train - loss: 0.1495, acc: 0.9487
12:58:40 valid - loss: 0.5357, acc: 0.8450
Epoch 91, lr 0.240005
12:59:53 train - loss: 0.1525, acc: 0.9475
Epoch 92, lr 0.236843
13:01:05 train - loss: 0.1461, acc: 0.9511
Epoch 93, lr 0.233671
13:02:17 train - loss: 0.1484, acc: 0.9491
Epoch 94, lr 0.230491
13:03:29 train - loss: 0.1432, acc: 0.9507
Epoch 95, lr 0.227303
13:04:41 train - loss: 0.1420, acc: 0.9520
13:04:47 valid - loss: 0.4584, acc: 0.8655
Epoch 96, lr 0.224107
13:05:59 train - loss: 0.1402, acc: 0.9516
Epoch 97, lr 0.220906
13:07:11 train - loss: 0.1367, acc: 0.9530
Epoch 98, lr 0.217699
13:08:23 train - loss: 0.1335, acc: 0.9542
Epoch 99, lr 0.214487
13:09:35 train - loss: 0.1320, acc: 0.9558
Epoch 100, lr 0.211272
13:10:47 train - loss: 0.1307, acc: 0.9561
13:10:53 valid - loss: 0.3585, acc: 0.8923
Epoch 101, lr 0.208053
13:12:05 train - loss: 0.1261, acc: 0.9576
Epoch 102, lr 0.204833
13:13:17 train - loss: 0.1288, acc: 0.9561
Epoch 103, lr 0.201611
13:14:29 train - loss: 0.1206, acc: 0.9596
Epoch 104, lr 0.198389
13:15:41 train - loss: 0.1251, acc: 0.9575
Epoch 105, lr 0.195167
13:16:53 train - loss: 0.1197, acc: 0.9598
13:16:59 valid - loss: 0.8061, acc: 0.8002
Epoch 106, lr 0.191947
13:18:11 train - loss: 0.1218, acc: 0.9578
Epoch 107, lr 0.188728
13:19:23 train - loss: 0.1206, acc: 0.9590
Epoch 108, lr 0.185513
13:20:35 train - loss: 0.1142, acc: 0.9623
Epoch 109, lr 0.182301
13:21:47 train - loss: 0.1089, acc: 0.9630
Epoch 110, lr 0.179094
13:23:00 train - loss: 0.1086, acc: 0.9630
13:23:05 valid - loss: 0.3773, acc: 0.8909
Epoch 111, lr 0.175893
13:24:17 train - loss: 0.1145, acc: 0.9616
Epoch 112, lr 0.172697
13:25:29 train - loss: 0.1043, acc: 0.9645
Epoch 113, lr 0.169509
13:26:41 train - loss: 0.1044, acc: 0.9653
Epoch 114, lr 0.166329
13:27:54 train - loss: 0.1042, acc: 0.9643
Epoch 115, lr 0.163157
13:29:06 train - loss: 0.0977, acc: 0.9661
13:29:11 valid - loss: 0.5815, acc: 0.8494
Epoch 116, lr 0.159995
13:30:23 train - loss: 0.0963, acc: 0.9679
Epoch 117, lr 0.156843
13:31:35 train - loss: 0.1018, acc: 0.9646
Epoch 118, lr 0.153703
13:32:48 train - loss: 0.0943, acc: 0.9686
Epoch 119, lr 0.150574
13:34:00 train - loss: 0.0884, acc: 0.9703
Epoch 120, lr 0.147459
13:35:12 train - loss: 0.0903, acc: 0.9699
13:35:17 valid - loss: 0.3982, acc: 0.8934
Epoch 121, lr 0.144357
13:36:29 train - loss: 0.0861, acc: 0.9710
Epoch 122, lr 0.141269
13:37:42 train - loss: 0.0868, acc: 0.9699
Epoch 123, lr 0.138197
13:38:54 train - loss: 0.0845, acc: 0.9719
Epoch 124, lr 0.135140
13:40:06 train - loss: 0.0839, acc: 0.9712
Epoch 125, lr 0.132101
13:41:18 train - loss: 0.0755, acc: 0.9747
13:41:23 valid - loss: 0.4433, acc: 0.8827
Epoch 126, lr 0.129079
13:42:35 train - loss: 0.0780, acc: 0.9733
Epoch 127, lr 0.126076
13:43:47 train - loss: 0.0759, acc: 0.9743
Epoch 128, lr 0.123091
13:44:59 train - loss: 0.0744, acc: 0.9746
Epoch 129, lr 0.120127
13:46:11 train - loss: 0.0712, acc: 0.9764
Epoch 130, lr 0.117184
13:47:23 train - loss: 0.0736, acc: 0.9750
13:47:29 valid - loss: 0.3125, acc: 0.9097
Epoch 131, lr 0.114261
13:48:41 train - loss: 0.0694, acc: 0.9772
Epoch 132, lr 0.111362
13:49:53 train - loss: 0.0603, acc: 0.9800
Epoch 133, lr 0.108485
13:51:05 train - loss: 0.0634, acc: 0.9789
Epoch 134, lr 0.105632
13:52:17 train - loss: 0.0603, acc: 0.9801
Epoch 135, lr 0.102803
13:53:29 train - loss: 0.0612, acc: 0.9790
13:53:35 valid - loss: 0.3474, acc: 0.9069
Epoch 136, lr 0.100000
13:54:47 train - loss: 0.0584, acc: 0.9806
Epoch 137, lr 0.097223
13:56:00 train - loss: 0.0558, acc: 0.9821
Epoch 138, lr 0.094472
13:57:12 train - loss: 0.0535, acc: 0.9829
Epoch 139, lr 0.091749
13:58:24 train - loss: 0.0525, acc: 0.9833
Epoch 140, lr 0.089053
13:59:36 train - loss: 0.0476, acc: 0.9841
13:59:41 valid - loss: 0.3810, acc: 0.9055
Epoch 141, lr 0.086387
14:00:54 train - loss: 0.0501, acc: 0.9837
Epoch 142, lr 0.083750
14:02:06 train - loss: 0.0435, acc: 0.9856
Epoch 143, lr 0.081143
14:03:17 train - loss: 0.0477, acc: 0.9845
Epoch 144, lr 0.078567
14:04:29 train - loss: 0.0443, acc: 0.9857
Epoch 145, lr 0.076023
14:05:42 train - loss: 0.0405, acc: 0.9869
14:05:47 valid - loss: 0.2916, acc: 0.9210
Epoch 146, lr 0.073511
14:06:59 train - loss: 0.0370, acc: 0.9881
Epoch 147, lr 0.071032
14:08:11 train - loss: 0.0351, acc: 0.9891
Epoch 148, lr 0.068586
14:09:24 train - loss: 0.0310, acc: 0.9903
Epoch 149, lr 0.066174
14:10:36 train - loss: 0.0364, acc: 0.9888
Epoch 150, lr 0.063797
14:11:48 train - loss: 0.0293, acc: 0.9907
14:11:54 valid - loss: 0.2639, acc: 0.9287
Epoch 151, lr 0.061455
14:13:06 train - loss: 0.0273, acc: 0.9910
Epoch 152, lr 0.059149
14:14:18 train - loss: 0.0268, acc: 0.9917
Epoch 153, lr 0.056880
14:15:30 train - loss: 0.0255, acc: 0.9922
Epoch 154, lr 0.054648
14:16:43 train - loss: 0.0199, acc: 0.9942
Epoch 155, lr 0.052454
14:17:55 train - loss: 0.0201, acc: 0.9939
14:18:00 valid - loss: 0.2792, acc: 0.9266
Epoch 156, lr 0.050298
14:19:13 train - loss: 0.0208, acc: 0.9938
Epoch 157, lr 0.048181
14:20:25 train - loss: 0.0248, acc: 0.9923
Epoch 158, lr 0.046103
14:21:37 train - loss: 0.0192, acc: 0.9941
Epoch 159, lr 0.044065
14:22:49 train - loss: 0.0167, acc: 0.9951
Epoch 160, lr 0.042068
14:24:01 train - loss: 0.0152, acc: 0.9958
14:24:07 valid - loss: 0.2321, acc: 0.9411
Epoch 161, lr 0.040111
14:25:19 train - loss: 0.0089, acc: 0.9977
Epoch 162, lr 0.038197
14:26:31 train - loss: 0.0134, acc: 0.9960
Epoch 163, lr 0.036324
14:27:44 train - loss: 0.0113, acc: 0.9969
Epoch 164, lr 0.034493
14:28:55 train - loss: 0.0085, acc: 0.9979
Epoch 165, lr 0.032706
14:30:07 train - loss: 0.0067, acc: 0.9983
14:30:13 valid - loss: 0.2187, acc: 0.9460
Epoch 166, lr 0.030962
14:31:25 train - loss: 0.0063, acc: 0.9984
Epoch 167, lr 0.029262
14:32:37 train - loss: 0.0053, acc: 0.9988
Epoch 168, lr 0.027606
14:33:49 train - loss: 0.0051, acc: 0.9989
Epoch 169, lr 0.025995
14:35:02 train - loss: 0.0037, acc: 0.9994
Epoch 170, lr 0.024429
14:36:14 train - loss: 0.0040, acc: 0.9991
14:36:19 valid - loss: 0.2110, acc: 0.9522
Epoch 171, lr 0.022909
14:37:32 train - loss: 0.0030, acc: 0.9995
Epoch 172, lr 0.021434
14:38:44 train - loss: 0.0020, acc: 0.9998
Epoch 173, lr 0.020006
14:39:56 train - loss: 0.0018, acc: 0.9999
Epoch 174, lr 0.018625
14:41:08 train - loss: 0.0018, acc: 0.9998
Epoch 175, lr 0.017291
14:42:20 train - loss: 0.0018, acc: 0.9999
14:42:26 valid - loss: 0.1876, acc: 0.9552
Epoch 176, lr 0.016004
14:43:37 train - loss: 0.0017, acc: 0.9999
Epoch 177, lr 0.014765
14:44:49 train - loss: 0.0014, acc: 1.0000
Epoch 178, lr 0.013574
14:46:01 train - loss: 0.0013, acc: 1.0000
Epoch 179, lr 0.012432
14:47:13 train - loss: 0.0015, acc: 1.0000
Epoch 180, lr 0.011338
14:48:25 train - loss: 0.0014, acc: 1.0000
14:48:31 valid - loss: 0.1751, acc: 0.9581
Epoch 181, lr 0.010293
14:49:43 train - loss: 0.0014, acc: 1.0000
Epoch 182, lr 0.009297
14:50:55 train - loss: 0.0015, acc: 1.0000
Epoch 183, lr 0.008351
14:52:07 train - loss: 0.0014, acc: 1.0000
Epoch 184, lr 0.007454
14:53:19 train - loss: 0.0014, acc: 1.0000
Epoch 185, lr 0.006608
14:54:31 train - loss: 0.0014, acc: 1.0000
14:54:37 valid - loss: 0.1702, acc: 0.9577
Epoch 186, lr 0.005812
14:55:50 train - loss: 0.0013, acc: 1.0000
Epoch 187, lr 0.005066
14:57:02 train - loss: 0.0013, acc: 1.0000
Epoch 188, lr 0.004370
14:58:14 train - loss: 0.0014, acc: 1.0000
Epoch 189, lr 0.003726
14:59:26 train - loss: 0.0013, acc: 1.0000
Epoch 190, lr 0.003132
15:00:38 train - loss: 0.0014, acc: 1.0000
15:00:44 valid - loss: 0.1694, acc: 0.9569
Epoch 191, lr 0.002590
15:01:56 train - loss: 0.0014, acc: 1.0000
Epoch 192, lr 0.002099
15:03:08 train - loss: 0.0014, acc: 1.0000
Epoch 193, lr 0.001659
15:04:21 train - loss: 0.0014, acc: 1.0000
Epoch 194, lr 0.001270
15:05:33 train - loss: 0.0014, acc: 1.0000
Epoch 195, lr 0.000934
15:06:45 train - loss: 0.0014, acc: 1.0000
15:06:51 valid - loss: 0.1684, acc: 0.9582
Epoch 196, lr 0.000649
15:08:03 train - loss: 0.0014, acc: 1.0000
Epoch 197, lr 0.000415
15:09:15 train - loss: 0.0014, acc: 1.0000
Epoch 198, lr 0.000234
15:10:27 train - loss: 0.0014, acc: 1.0000
Epoch 199, lr 0.000104
15:11:39 train - loss: 0.0014, acc: 1.0000
Epoch 200, lr 0.000026
15:12:51 train - loss: 0.0014, acc: 1.0000
15:12:57 valid - loss: 0.1704, acc: 0.9575
