nohup: ignoring input
Files already downloaded and verified
Files already downloaded and verified
Epoch 1, lr 0.100000
/opt/conda/envs/python35-paddle120-env/lib/python3.7/site-packages/torch/optim/lr_scheduler.py:113: UserWarning: Seems like `optimizer.step()` has been overridden after learning rate scheduler initialization. Please, make sure to call `optimizer.step()` before `lr_scheduler.step()`. See more details at https://pytorch.org/docs/stable/optim.html#how-to-adjust-learning-rate
  "https://pytorch.org/docs/stable/optim.html#how-to-adjust-learning-rate", UserWarning)
16:16:48 train - loss: 2.1601, acc: 0.2440
Epoch 2, lr 0.102447
16:19:11 train - loss: 1.7712, acc: 0.4142
Epoch 3, lr 0.109549
16:21:36 train - loss: 1.5514, acc: 0.5254
Epoch 4, lr 0.120611
16:24:01 train - loss: 1.4070, acc: 0.5935
Epoch 5, lr 0.134549
16:26:27 train - loss: 1.3033, acc: 0.6430
Epoch 6, lr 0.150000
16:28:51 train - loss: 1.2345, acc: 0.6779
Epoch 7, lr 0.165451
16:31:16 train - loss: 1.1859, acc: 0.6980
Epoch 8, lr 0.179389
16:33:41 train - loss: 1.1501, acc: 0.7164
Epoch 9, lr 0.190451
16:36:06 train - loss: 1.1274, acc: 0.7232
Epoch 10, lr 0.197553
16:38:32 train - loss: 1.0917, acc: 0.7406
16:39:03 valid - loss: 0.5173, acc: 0.8319
Epoch 11, lr 0.200000
16:41:27 train - loss: 1.0596, acc: 0.7560
Epoch 12, lr 0.199999
16:43:52 train - loss: 1.0406, acc: 0.7632
Epoch 13, lr 0.199994
16:46:18 train - loss: 1.0201, acc: 0.7715
Epoch 14, lr 0.199987
16:48:43 train - loss: 1.0039, acc: 0.7792
Epoch 15, lr 0.199977
16:51:08 train - loss: 0.9949, acc: 0.7830
Epoch 16, lr 0.199965
16:53:32 train - loss: 0.9835, acc: 0.7890
Epoch 17, lr 0.199949
16:55:58 train - loss: 0.9706, acc: 0.7949
Epoch 18, lr 0.199931
16:58:24 train - loss: 0.9547, acc: 0.8017
Epoch 19, lr 0.199909
17:00:49 train - loss: 0.9530, acc: 0.8008
Epoch 20, lr 0.199885
17:03:14 train - loss: 0.9421, acc: 0.8067
17:03:24 valid - loss: 0.4398, acc: 0.8738
Epoch 21, lr 0.199858
17:05:49 train - loss: 0.9372, acc: 0.8090
Epoch 22, lr 0.199829
17:08:14 train - loss: 0.9278, acc: 0.8126
Epoch 23, lr 0.199796
17:10:39 train - loss: 0.9166, acc: 0.8183
Epoch 24, lr 0.199761
17:13:05 train - loss: 0.9144, acc: 0.8176
Epoch 25, lr 0.199723
17:15:30 train - loss: 0.9109, acc: 0.8197
Epoch 26, lr 0.199682
17:17:54 train - loss: 0.9094, acc: 0.8194
Epoch 27, lr 0.199638
17:20:18 train - loss: 0.8954, acc: 0.8252
Epoch 28, lr 0.199591
17:22:41 train - loss: 0.8997, acc: 0.8240
Epoch 29, lr 0.199541
17:25:05 train - loss: 0.8916, acc: 0.8261
Epoch 30, lr 0.199489
17:27:28 train - loss: 0.8898, acc: 0.8299
17:27:37 valid - loss: 0.3362, acc: 0.9091
Epoch 31, lr 0.199434
17:30:01 train - loss: 0.8817, acc: 0.8316
Epoch 32, lr 0.199376
17:32:25 train - loss: 0.8716, acc: 0.8382
Epoch 33, lr 0.199315
17:34:48 train - loss: 0.8747, acc: 0.8354
Epoch 34, lr 0.199252
17:37:11 train - loss: 0.8712, acc: 0.8371
Epoch 35, lr 0.199185
17:39:35 train - loss: 0.8680, acc: 0.8384
Epoch 36, lr 0.199116
17:41:58 train - loss: 0.8665, acc: 0.8374
Epoch 37, lr 0.199044
17:44:22 train - loss: 0.8650, acc: 0.8400
Epoch 38, lr 0.198969
17:46:46 train - loss: 0.8650, acc: 0.8397
Epoch 39, lr 0.198892
17:49:10 train - loss: 0.8564, acc: 0.8436
Epoch 40, lr 0.198811
17:51:34 train - loss: 0.8521, acc: 0.8443
17:51:43 valid - loss: 0.3486, acc: 0.9103
Epoch 41, lr 0.198728
17:54:07 train - loss: 0.8521, acc: 0.8455
Epoch 42, lr 0.198642
17:56:32 train - loss: 0.8553, acc: 0.8428
Epoch 43, lr 0.198553
17:58:57 train - loss: 0.8513, acc: 0.8453
Epoch 44, lr 0.198462
18:01:22 train - loss: 0.8456, acc: 0.8462
Epoch 45, lr 0.198367
18:03:46 train - loss: 0.8419, acc: 0.8509
Epoch 46, lr 0.198270
18:06:12 train - loss: 0.8388, acc: 0.8520
Epoch 47, lr 0.198170
18:08:36 train - loss: 0.8446, acc: 0.8496
Epoch 48, lr 0.198067
18:11:01 train - loss: 0.8413, acc: 0.8503
Epoch 49, lr 0.197962
18:13:25 train - loss: 0.8388, acc: 0.8504
Epoch 50, lr 0.197854
18:15:49 train - loss: 0.8423, acc: 0.8505
18:15:58 valid - loss: 0.2761, acc: 0.9270
Epoch 51, lr 0.197743
18:18:23 train - loss: 0.8355, acc: 0.8531
Epoch 52, lr 0.197629
18:20:48 train - loss: 0.8352, acc: 0.8521
Epoch 53, lr 0.197512
18:23:12 train - loss: 0.8290, acc: 0.8571
Epoch 54, lr 0.197393
18:25:37 train - loss: 0.8297, acc: 0.8545
Epoch 55, lr 0.197271
18:28:02 train - loss: 0.8316, acc: 0.8547
Epoch 56, lr 0.197146
18:30:26 train - loss: 0.8269, acc: 0.8561
Epoch 57, lr 0.197018
18:32:51 train - loss: 0.8302, acc: 0.8555
Epoch 58, lr 0.196888
18:35:15 train - loss: 0.8254, acc: 0.8572
Epoch 59, lr 0.196755
18:37:39 train - loss: 0.8223, acc: 0.8587
Epoch 60, lr 0.196619
18:40:03 train - loss: 0.8275, acc: 0.8564
18:40:12 valid - loss: 0.2843, acc: 0.9292
Epoch 61, lr 0.196480
18:42:36 train - loss: 0.8228, acc: 0.8580
Epoch 62, lr 0.196339
18:45:00 train - loss: 0.8212, acc: 0.8581
Epoch 63, lr 0.196195
18:47:24 train - loss: 0.8150, acc: 0.8610
Epoch 64, lr 0.196048
18:49:48 train - loss: 0.8238, acc: 0.8564
Epoch 65, lr 0.195899
18:52:12 train - loss: 0.8184, acc: 0.8586
Epoch 66, lr 0.195746
18:54:35 train - loss: 0.8198, acc: 0.8596
Epoch 67, lr 0.195592
18:56:59 train - loss: 0.8144, acc: 0.8620
Epoch 68, lr 0.195434
18:59:23 train - loss: 0.8189, acc: 0.8593
Epoch 69, lr 0.195274
19:01:46 train - loss: 0.8192, acc: 0.8589
Epoch 70, lr 0.195111
19:04:10 train - loss: 0.8105, acc: 0.8636
19:04:19 valid - loss: 0.2984, acc: 0.9254
Epoch 71, lr 0.194945
19:06:43 train - loss: 0.8153, acc: 0.8617
Epoch 72, lr 0.194776
19:09:06 train - loss: 0.8096, acc: 0.8637
Epoch 73, lr 0.194605
19:11:30 train - loss: 0.8108, acc: 0.8637
Epoch 74, lr 0.194432
19:13:54 train - loss: 0.8128, acc: 0.8629
Epoch 75, lr 0.194255
19:16:19 train - loss: 0.8091, acc: 0.8634
Epoch 76, lr 0.194076
19:18:44 train - loss: 0.8103, acc: 0.8644
Epoch 77, lr 0.193894
19:21:08 train - loss: 0.8064, acc: 0.8656
Epoch 78, lr 0.193710
19:23:31 train - loss: 0.8049, acc: 0.8658
Epoch 79, lr 0.193523
19:25:55 train - loss: 0.8106, acc: 0.8650
Epoch 80, lr 0.193333
19:28:20 train - loss: 0.8069, acc: 0.8651
19:28:28 valid - loss: 0.2867, acc: 0.9359
Epoch 81, lr 0.193140
19:30:51 train - loss: 0.8054, acc: 0.8647
Epoch 82, lr 0.192945
19:33:15 train - loss: 0.8053, acc: 0.8661
Epoch 83, lr 0.192748
19:35:40 train - loss: 0.8006, acc: 0.8676
Epoch 84, lr 0.192548
19:38:04 train - loss: 0.8013, acc: 0.8672
Epoch 85, lr 0.192345
19:40:27 train - loss: 0.8064, acc: 0.8665
Epoch 86, lr 0.192139
19:42:52 train - loss: 0.8027, acc: 0.8665
Epoch 87, lr 0.191931
19:45:17 train - loss: 0.7994, acc: 0.8690
Epoch 88, lr 0.191720
19:47:41 train - loss: 0.8009, acc: 0.8676
Epoch 89, lr 0.191507
19:50:08 train - loss: 0.7976, acc: 0.8701
Epoch 90, lr 0.191291
19:52:33 train - loss: 0.7943, acc: 0.8705
19:52:41 valid - loss: 0.3061, acc: 0.9325
Epoch 91, lr 0.191072
19:55:06 train - loss: 0.7931, acc: 0.8713
Epoch 92, lr 0.190851
19:57:31 train - loss: 0.7935, acc: 0.8716
Epoch 93, lr 0.190628
19:59:56 train - loss: 0.7936, acc: 0.8711
Epoch 94, lr 0.190401
20:02:21 train - loss: 0.7977, acc: 0.8687
Epoch 95, lr 0.190173
20:04:47 train - loss: 0.7972, acc: 0.8696
Epoch 96, lr 0.189941
20:07:11 train - loss: 0.7941, acc: 0.8715
Epoch 97, lr 0.189707
20:09:35 train - loss: 0.7943, acc: 0.8711
Epoch 98, lr 0.189471
20:12:00 train - loss: 0.7926, acc: 0.8712
Epoch 99, lr 0.189232
20:14:24 train - loss: 0.7932, acc: 0.8700
Epoch 100, lr 0.188990
20:16:48 train - loss: 0.7870, acc: 0.8739
20:16:57 valid - loss: 0.2801, acc: 0.9310
Epoch 101, lr 0.188746
20:19:22 train - loss: 0.7909, acc: 0.8736
Epoch 102, lr 0.188500
20:21:46 train - loss: 0.7914, acc: 0.8720
Epoch 103, lr 0.188251
20:24:10 train - loss: 0.7925, acc: 0.8701
Epoch 104, lr 0.187999
20:26:33 train - loss: 0.7849, acc: 0.8745
Epoch 105, lr 0.187745
20:28:57 train - loss: 0.7828, acc: 0.8773
Epoch 106, lr 0.187489
20:31:22 train - loss: 0.7858, acc: 0.8748
Epoch 107, lr 0.187230
20:33:47 train - loss: 0.7852, acc: 0.8731
Epoch 108, lr 0.186968
20:36:12 train - loss: 0.7813, acc: 0.8764
Epoch 109, lr 0.186704
20:38:36 train - loss: 0.7824, acc: 0.8750
Epoch 110, lr 0.186438
20:41:02 train - loss: 0.7818, acc: 0.8765
20:41:10 valid - loss: 0.2701, acc: 0.9321
Epoch 111, lr 0.186169
20:43:36 train - loss: 0.7834, acc: 0.8750
Epoch 112, lr 0.185898
20:46:02 train - loss: 0.7828, acc: 0.8763
Epoch 113, lr 0.185624
20:48:26 train - loss: 0.7768, acc: 0.8796
Epoch 114, lr 0.185348
20:50:50 train - loss: 0.7763, acc: 0.8787
Epoch 115, lr 0.185070
20:53:14 train - loss: 0.7818, acc: 0.8761
Epoch 116, lr 0.184789
20:55:37 train - loss: 0.7814, acc: 0.8771
Epoch 117, lr 0.184505
20:58:00 train - loss: 0.7748, acc: 0.8791
Epoch 118, lr 0.184220
21:00:23 train - loss: 0.7785, acc: 0.8781
Epoch 119, lr 0.183931
21:02:46 train - loss: 0.7802, acc: 0.8750
Epoch 120, lr 0.183641
21:05:10 train - loss: 0.7739, acc: 0.8794
21:05:18 valid - loss: 0.2632, acc: 0.9320
Epoch 121, lr 0.183348
21:07:41 train - loss: 0.7769, acc: 0.8788
Epoch 122, lr 0.183053
21:10:06 train - loss: 0.7764, acc: 0.8757
Epoch 123, lr 0.182755
21:12:28 train - loss: 0.7747, acc: 0.8798
Epoch 124, lr 0.182455
21:14:51 train - loss: 0.7724, acc: 0.8811
Epoch 125, lr 0.182153
21:17:14 train - loss: 0.7696, acc: 0.8820
Epoch 126, lr 0.181848
21:19:37 train - loss: 0.7699, acc: 0.8828
Epoch 127, lr 0.181542
21:22:00 train - loss: 0.7681, acc: 0.8820
Epoch 128, lr 0.181232
21:24:23 train - loss: 0.7749, acc: 0.8795
Epoch 129, lr 0.180921
21:26:46 train - loss: 0.7702, acc: 0.8809
Epoch 130, lr 0.180607
21:29:09 train - loss: 0.7707, acc: 0.8813
21:29:18 valid - loss: 0.2538, acc: 0.9428
Epoch 131, lr 0.180291
21:31:41 train - loss: 0.7680, acc: 0.8832
Epoch 132, lr 0.179973
21:34:05 train - loss: 0.7662, acc: 0.8827
Epoch 133, lr 0.179652
21:36:29 train - loss: 0.7702, acc: 0.8799
Epoch 134, lr 0.179329
21:38:53 train - loss: 0.7686, acc: 0.8814
Epoch 135, lr 0.179004
21:41:17 train - loss: 0.7643, acc: 0.8840
Epoch 136, lr 0.178677
21:43:42 train - loss: 0.7643, acc: 0.8848
Epoch 137, lr 0.178347
21:46:07 train - loss: 0.7614, acc: 0.8850
Epoch 138, lr 0.178015
21:48:30 train - loss: 0.7693, acc: 0.8806
Epoch 139, lr 0.177681
21:50:53 train - loss: 0.7632, acc: 0.8834
Epoch 140, lr 0.177345
21:53:17 train - loss: 0.7658, acc: 0.8813
21:53:26 valid - loss: 0.2615, acc: 0.9387
Epoch 141, lr 0.177006
21:55:49 train - loss: 0.7621, acc: 0.8849
Epoch 142, lr 0.176666
21:58:13 train - loss: 0.7622, acc: 0.8848
Epoch 143, lr 0.176323
22:00:36 train - loss: 0.7605, acc: 0.8852
Epoch 144, lr 0.175978
22:02:59 train - loss: 0.7634, acc: 0.8842
Epoch 145, lr 0.175631
22:05:22 train - loss: 0.7609, acc: 0.8850
Epoch 146, lr 0.175282
22:07:46 train - loss: 0.7611, acc: 0.8856
Epoch 147, lr 0.174930
22:10:09 train - loss: 0.7579, acc: 0.8867
Epoch 148, lr 0.174577
22:12:32 train - loss: 0.7595, acc: 0.8863
Epoch 149, lr 0.174221
22:14:55 train - loss: 0.7569, acc: 0.8877
Epoch 150, lr 0.173864
22:17:18 train - loss: 0.7585, acc: 0.8874
22:17:27 valid - loss: 0.2547, acc: 0.9387
Epoch 151, lr 0.173504
22:19:50 train - loss: 0.7556, acc: 0.8875
Epoch 152, lr 0.173142
22:22:13 train - loss: 0.7539, acc: 0.8883
Epoch 153, lr 0.172778
22:24:37 train - loss: 0.7572, acc: 0.8864
Epoch 154, lr 0.172412
22:27:00 train - loss: 0.7563, acc: 0.8873
Epoch 155, lr 0.172044
22:29:23 train - loss: 0.7577, acc: 0.8875
Epoch 156, lr 0.171674
22:31:47 train - loss: 0.7519, acc: 0.8895
Epoch 157, lr 0.171302
22:34:09 train - loss: 0.7574, acc: 0.8861
Epoch 158, lr 0.170928
22:36:32 train - loss: 0.7550, acc: 0.8888
Epoch 159, lr 0.170552
22:38:56 train - loss: 0.7519, acc: 0.8901
Epoch 160, lr 0.170174
22:41:19 train - loss: 0.7528, acc: 0.8886
22:41:27 valid - loss: 0.2246, acc: 0.9468
Epoch 161, lr 0.169793
22:43:51 train - loss: 0.7518, acc: 0.8894
Epoch 162, lr 0.169411
22:46:14 train - loss: 0.7493, acc: 0.8894
Epoch 163, lr 0.169027
22:48:37 train - loss: 0.7476, acc: 0.8918
Epoch 164, lr 0.168641
22:51:00 train - loss: 0.7466, acc: 0.8912
Epoch 165, lr 0.168253
22:53:24 train - loss: 0.7483, acc: 0.8908
Epoch 166, lr 0.167863
22:55:48 train - loss: 0.7483, acc: 0.8915
Epoch 167, lr 0.167472
22:58:11 train - loss: 0.7512, acc: 0.8899
Epoch 168, lr 0.167078
23:00:34 train - loss: 0.7478, acc: 0.8910
Epoch 169, lr 0.166682
23:02:58 train - loss: 0.7451, acc: 0.8922
Epoch 170, lr 0.166285
23:05:21 train - loss: 0.7503, acc: 0.8896
23:05:30 valid - loss: 0.2319, acc: 0.9432
Epoch 171, lr 0.165885
23:07:53 train - loss: 0.7471, acc: 0.8920
Epoch 172, lr 0.165484
23:10:17 train - loss: 0.7496, acc: 0.8892
Epoch 173, lr 0.165081
23:12:41 train - loss: 0.7465, acc: 0.8907
Epoch 174, lr 0.164676
23:15:05 train - loss: 0.7461, acc: 0.8918
Epoch 175, lr 0.164269
23:17:28 train - loss: 0.7473, acc: 0.8914
Epoch 176, lr 0.163861
23:19:51 train - loss: 0.7436, acc: 0.8929
Epoch 177, lr 0.163450
23:22:14 train - loss: 0.7411, acc: 0.8947
Epoch 178, lr 0.163038
23:24:38 train - loss: 0.7439, acc: 0.8921
Epoch 179, lr 0.162624
23:27:02 train - loss: 0.7415, acc: 0.8945
Epoch 180, lr 0.162208
23:29:25 train - loss: 0.7419, acc: 0.8948
23:29:34 valid - loss: 0.2529, acc: 0.9454
Epoch 181, lr 0.161791
23:32:00 train - loss: 0.7416, acc: 0.8934
Epoch 182, lr 0.161371
23:34:23 train - loss: 0.7380, acc: 0.8952
Epoch 183, lr 0.160950
23:36:46 train - loss: 0.7377, acc: 0.8962
Epoch 184, lr 0.160528
23:39:10 train - loss: 0.7415, acc: 0.8939
Epoch 185, lr 0.160103
23:41:34 train - loss: 0.7385, acc: 0.8946
Epoch 186, lr 0.159677
23:43:59 train - loss: 0.7373, acc: 0.8957
Epoch 187, lr 0.159249
23:46:23 train - loss: 0.7370, acc: 0.8953
Epoch 188, lr 0.158820
23:48:46 train - loss: 0.7333, acc: 0.8988
Epoch 189, lr 0.158389
23:51:10 train - loss: 0.7393, acc: 0.8956
Epoch 190, lr 0.157956
23:53:33 train - loss: 0.7355, acc: 0.8959
23:53:41 valid - loss: 0.2466, acc: 0.9416
Epoch 191, lr 0.157521
23:56:05 train - loss: 0.7371, acc: 0.8958
Epoch 192, lr 0.157085
23:58:28 train - loss: 0.7363, acc: 0.8965
Epoch 193, lr 0.156647
00:00:52 train - loss: 0.7348, acc: 0.8968
Epoch 194, lr 0.156208
00:03:16 train - loss: 0.7364, acc: 0.8967
Epoch 195, lr 0.155767
00:05:39 train - loss: 0.7310, acc: 0.8990
Epoch 196, lr 0.155325
00:08:02 train - loss: 0.7294, acc: 0.8993
Epoch 197, lr 0.154881
00:10:25 train - loss: 0.7301, acc: 0.8988
Epoch 198, lr 0.154435
00:12:48 train - loss: 0.7342, acc: 0.8977
Epoch 199, lr 0.153988
00:15:11 train - loss: 0.7345, acc: 0.8973
Epoch 200, lr 0.153539
00:17:35 train - loss: 0.7306, acc: 0.8988
00:17:44 valid - loss: 0.2443, acc: 0.9486
Epoch 201, lr 0.153089
00:20:07 train - loss: 0.7315, acc: 0.8967
Epoch 202, lr 0.152637
00:22:30 train - loss: 0.7304, acc: 0.8986
Epoch 203, lr 0.152184
00:24:53 train - loss: 0.7313, acc: 0.8987
Epoch 204, lr 0.151730
00:27:16 train - loss: 0.7312, acc: 0.8974
Epoch 205, lr 0.151273
00:29:39 train - loss: 0.7325, acc: 0.8983
Epoch 206, lr 0.150816
00:32:02 train - loss: 0.7315, acc: 0.8988
Epoch 207, lr 0.150357
00:34:25 train - loss: 0.7317, acc: 0.8994
Epoch 208, lr 0.149896
00:36:48 train - loss: 0.7280, acc: 0.9005
Epoch 209, lr 0.149435
00:39:11 train - loss: 0.7315, acc: 0.8984
Epoch 210, lr 0.148971
00:41:34 train - loss: 0.7319, acc: 0.8962
00:41:43 valid - loss: 0.2311, acc: 0.9510
Epoch 211, lr 0.148507
00:44:06 train - loss: 0.7256, acc: 0.9014
Epoch 212, lr 0.148041
00:46:29 train - loss: 0.7262, acc: 0.9008
Epoch 213, lr 0.147573
00:48:52 train - loss: 0.7232, acc: 0.9022
Epoch 214, lr 0.147105
00:51:14 train - loss: 0.7236, acc: 0.9003
Epoch 215, lr 0.146635
00:53:38 train - loss: 0.7267, acc: 0.9000
Epoch 216, lr 0.146163
00:56:01 train - loss: 0.7237, acc: 0.9016
Epoch 217, lr 0.145690
00:58:24 train - loss: 0.7264, acc: 0.9009
Epoch 218, lr 0.145217
01:00:47 train - loss: 0.7253, acc: 0.9005
Epoch 219, lr 0.144741
01:03:10 train - loss: 0.7260, acc: 0.9003
Epoch 220, lr 0.144265
01:05:33 train - loss: 0.7221, acc: 0.9029
01:05:42 valid - loss: 0.2319, acc: 0.9452
Epoch 221, lr 0.143787
01:08:05 train - loss: 0.7161, acc: 0.9052
Epoch 222, lr 0.143308
01:10:28 train - loss: 0.7245, acc: 0.9023
Epoch 223, lr 0.142828
01:12:51 train - loss: 0.7242, acc: 0.9017
Epoch 224, lr 0.142346
01:15:14 train - loss: 0.7210, acc: 0.9022
Epoch 225, lr 0.141864
01:17:38 train - loss: 0.7208, acc: 0.9018
Epoch 226, lr 0.141380
01:20:01 train - loss: 0.7232, acc: 0.9012
Epoch 227, lr 0.140895
01:22:24 train - loss: 0.7170, acc: 0.9053
Epoch 228, lr 0.140409
01:24:47 train - loss: 0.7207, acc: 0.9031
Epoch 229, lr 0.139921
01:27:10 train - loss: 0.7186, acc: 0.9040
Epoch 230, lr 0.139433
01:29:33 train - loss: 0.7166, acc: 0.9055
01:29:42 valid - loss: 0.2168, acc: 0.9551
Epoch 231, lr 0.138944
01:32:05 train - loss: 0.7148, acc: 0.9047
Epoch 232, lr 0.138453
01:34:28 train - loss: 0.7158, acc: 0.9059
Epoch 233, lr 0.137961
01:36:51 train - loss: 0.7144, acc: 0.9061
Epoch 234, lr 0.137468
01:39:15 train - loss: 0.7201, acc: 0.9031
Epoch 235, lr 0.136975
01:41:39 train - loss: 0.7162, acc: 0.9044
Epoch 236, lr 0.136480
01:44:02 train - loss: 0.7127, acc: 0.9065
Epoch 237, lr 0.135984
01:46:25 train - loss: 0.7116, acc: 0.9076
Epoch 238, lr 0.135487
01:48:49 train - loss: 0.7163, acc: 0.9052
Epoch 239, lr 0.134989
01:51:11 train - loss: 0.7154, acc: 0.9062
Epoch 240, lr 0.134490
01:53:34 train - loss: 0.7115, acc: 0.9072
01:53:43 valid - loss: 0.2348, acc: 0.9506
Epoch 241, lr 0.133990
01:56:06 train - loss: 0.7116, acc: 0.9071
Epoch 242, lr 0.133489
01:58:29 train - loss: 0.7143, acc: 0.9065
Epoch 243, lr 0.132987
02:00:53 train - loss: 0.7116, acc: 0.9066
Epoch 244, lr 0.132485
02:03:16 train - loss: 0.7083, acc: 0.9075
Epoch 245, lr 0.131981
02:05:39 train - loss: 0.7098, acc: 0.9081
Epoch 246, lr 0.131476
02:08:02 train - loss: 0.7120, acc: 0.9070
Epoch 247, lr 0.130971
02:10:25 train - loss: 0.7082, acc: 0.9080
Epoch 248, lr 0.130464
02:12:48 train - loss: 0.7114, acc: 0.9062
Epoch 249, lr 0.129957
02:15:11 train - loss: 0.7100, acc: 0.9077
Epoch 250, lr 0.129449
02:17:34 train - loss: 0.7062, acc: 0.9082
02:17:42 valid - loss: 0.2098, acc: 0.9535
Epoch 251, lr 0.128940
02:20:06 train - loss: 0.7083, acc: 0.9099
Epoch 252, lr 0.128431
02:22:29 train - loss: 0.7101, acc: 0.9077
Epoch 253, lr 0.127920
02:24:52 train - loss: 0.7090, acc: 0.9075
Epoch 254, lr 0.127409
02:27:15 train - loss: 0.7085, acc: 0.9078
Epoch 255, lr 0.126897
02:29:38 train - loss: 0.7062, acc: 0.9098
Epoch 256, lr 0.126384
02:32:01 train - loss: 0.7074, acc: 0.9085
Epoch 257, lr 0.125870
02:34:24 train - loss: 0.7050, acc: 0.9086
Epoch 258, lr 0.125356
02:36:47 train - loss: 0.7050, acc: 0.9095
Epoch 259, lr 0.124841
02:39:11 train - loss: 0.7028, acc: 0.9105
Epoch 260, lr 0.124325
02:41:34 train - loss: 0.7032, acc: 0.9101
02:41:43 valid - loss: 0.2220, acc: 0.9548
Epoch 261, lr 0.123809
02:44:06 train - loss: 0.7023, acc: 0.9122
Epoch 262, lr 0.123292
02:46:29 train - loss: 0.7049, acc: 0.9101
Epoch 263, lr 0.122774
02:48:52 train - loss: 0.6965, acc: 0.9133
Epoch 264, lr 0.122256
02:51:15 train - loss: 0.6976, acc: 0.9131
Epoch 265, lr 0.121737
02:53:39 train - loss: 0.7015, acc: 0.9132
Epoch 266, lr 0.121217
02:56:02 train - loss: 0.6998, acc: 0.9114
Epoch 267, lr 0.120697
02:58:27 train - loss: 0.7032, acc: 0.9112
Epoch 268, lr 0.120176
03:00:49 train - loss: 0.6989, acc: 0.9121
Epoch 269, lr 0.119655
03:03:12 train - loss: 0.7029, acc: 0.9115
Epoch 270, lr 0.119133
03:05:35 train - loss: 0.6968, acc: 0.9136
03:05:44 valid - loss: 0.2387, acc: 0.9528
Epoch 271, lr 0.118610
12:57:53 train - loss: 0.6997, acc: 0.9123
Epoch 272, lr 0.118087
13:00:15 train - loss: 0.6981, acc: 0.9118
Epoch 273, lr 0.117564
13:02:38 train - loss: 0.6972, acc: 0.9136
Epoch 274, lr 0.117040
13:05:01 train - loss: 0.6943, acc: 0.9146
Epoch 275, lr 0.116515
13:07:25 train - loss: 0.6953, acc: 0.9141
Epoch 276, lr 0.115990
13:09:49 train - loss: 0.6947, acc: 0.9141
Epoch 277, lr 0.115465
13:12:12 train - loss: 0.6938, acc: 0.9155
Epoch 278, lr 0.114939
13:14:34 train - loss: 0.6925, acc: 0.9143
Epoch 279, lr 0.114413
13:16:58 train - loss: 0.6960, acc: 0.9146
Epoch 280, lr 0.113886
13:19:21 train - loss: 0.6941, acc: 0.9152
13:19:51 valid - loss: 0.2136, acc: 0.9555
Epoch 281, lr 0.113359
13:22:15 train - loss: 0.6924, acc: 0.9158
Epoch 282, lr 0.112832
13:24:38 train - loss: 0.6934, acc: 0.9144
Epoch 283, lr 0.112304
13:27:01 train - loss: 0.6890, acc: 0.9167
Epoch 284, lr 0.111776
13:29:25 train - loss: 0.6900, acc: 0.9173
Epoch 285, lr 0.111247
13:31:49 train - loss: 0.6897, acc: 0.9166
Epoch 286, lr 0.110719
13:34:13 train - loss: 0.6927, acc: 0.9160
Epoch 287, lr 0.110190
13:36:36 train - loss: 0.6893, acc: 0.9168
Epoch 288, lr 0.109660
13:39:01 train - loss: 0.6946, acc: 0.9140
Epoch 289, lr 0.109131
13:41:24 train - loss: 0.6844, acc: 0.9184
Epoch 290, lr 0.108601
13:43:48 train - loss: 0.6899, acc: 0.9160
13:43:58 valid - loss: 0.2030, acc: 0.9588
Epoch 291, lr 0.108071
13:46:21 train - loss: 0.6874, acc: 0.9172
Epoch 292, lr 0.107540
13:48:45 train - loss: 0.6900, acc: 0.9173
Epoch 293, lr 0.107010
13:51:09 train - loss: 0.6816, acc: 0.9216
Epoch 294, lr 0.106479
13:53:32 train - loss: 0.6870, acc: 0.9170
Epoch 295, lr 0.105948
13:55:56 train - loss: 0.6848, acc: 0.9197
Epoch 296, lr 0.105417
13:58:19 train - loss: 0.6815, acc: 0.9194
Epoch 297, lr 0.104886
14:00:43 train - loss: 0.6894, acc: 0.9170
Epoch 298, lr 0.104354
14:03:06 train - loss: 0.6818, acc: 0.9202
Epoch 299, lr 0.103823
14:05:30 train - loss: 0.6839, acc: 0.9180
Epoch 300, lr 0.103291
14:07:53 train - loss: 0.6814, acc: 0.9199
14:08:02 valid - loss: 0.2194, acc: 0.9536
Epoch 301, lr 0.102759
14:10:25 train - loss: 0.6840, acc: 0.9198
Epoch 302, lr 0.102228
14:12:49 train - loss: 0.6896, acc: 0.9163
Epoch 303, lr 0.101696
14:15:13 train - loss: 0.6816, acc: 0.9202
Epoch 304, lr 0.101164
14:17:36 train - loss: 0.6827, acc: 0.9199
Epoch 305, lr 0.100632
14:20:00 train - loss: 0.6772, acc: 0.9221
Epoch 306, lr 0.100100
14:22:24 train - loss: 0.6824, acc: 0.9199
Epoch 307, lr 0.099568
14:24:49 train - loss: 0.6756, acc: 0.9226
Epoch 308, lr 0.099036
14:27:13 train - loss: 0.6777, acc: 0.9218
Epoch 309, lr 0.098504
14:29:38 train - loss: 0.6784, acc: 0.9221
Epoch 310, lr 0.097972
14:32:02 train - loss: 0.6803, acc: 0.9207
14:32:10 valid - loss: 0.2161, acc: 0.9555
Epoch 311, lr 0.097441
14:34:34 train - loss: 0.6769, acc: 0.9232
Epoch 312, lr 0.096909
14:36:58 train - loss: 0.6738, acc: 0.9232
Epoch 313, lr 0.096377
14:39:22 train - loss: 0.6792, acc: 0.9206
Epoch 314, lr 0.095846
14:41:47 train - loss: 0.6761, acc: 0.9226
Epoch 315, lr 0.095314
14:44:10 train - loss: 0.6734, acc: 0.9236
Epoch 316, lr 0.094783
14:46:35 train - loss: 0.6770, acc: 0.9224
Epoch 317, lr 0.094252
14:48:59 train - loss: 0.6716, acc: 0.9246
Epoch 318, lr 0.093721
14:51:23 train - loss: 0.6743, acc: 0.9222
Epoch 319, lr 0.093190
14:53:47 train - loss: 0.6712, acc: 0.9243
Epoch 320, lr 0.092660
14:56:11 train - loss: 0.6692, acc: 0.9257
14:56:19 valid - loss: 0.2357, acc: 0.9591
Epoch 321, lr 0.092129
14:58:44 train - loss: 0.6698, acc: 0.9259
Epoch 322, lr 0.091599
15:01:08 train - loss: 0.6715, acc: 0.9248
Epoch 323, lr 0.091069
15:03:32 train - loss: 0.6727, acc: 0.9240
Epoch 324, lr 0.090540
15:05:56 train - loss: 0.6687, acc: 0.9263
Epoch 325, lr 0.090010
15:08:20 train - loss: 0.6713, acc: 0.9241
Epoch 326, lr 0.089481
15:10:44 train - loss: 0.6728, acc: 0.9243
Epoch 327, lr 0.088953
15:13:08 train - loss: 0.6728, acc: 0.9240
Epoch 328, lr 0.088424
15:15:31 train - loss: 0.6654, acc: 0.9270
Epoch 329, lr 0.087896
15:17:56 train - loss: 0.6678, acc: 0.9263
Epoch 330, lr 0.087368
15:20:20 train - loss: 0.6672, acc: 0.9268
15:20:29 valid - loss: 0.2472, acc: 0.9473
Epoch 331, lr 0.086841
15:22:52 train - loss: 0.6695, acc: 0.9253
Epoch 332, lr 0.086314
15:25:16 train - loss: 0.6677, acc: 0.9262
Epoch 333, lr 0.085787
15:27:41 train - loss: 0.6650, acc: 0.9274
Epoch 334, lr 0.085261
15:30:05 train - loss: 0.6664, acc: 0.9269
Epoch 335, lr 0.084735
15:32:29 train - loss: 0.6675, acc: 0.9256
Epoch 336, lr 0.084210
15:34:53 train - loss: 0.6626, acc: 0.9282
Epoch 337, lr 0.083685
15:37:17 train - loss: 0.6660, acc: 0.9272
Epoch 338, lr 0.083160
15:39:42 train - loss: 0.6627, acc: 0.9284
Epoch 339, lr 0.082636
15:42:06 train - loss: 0.6638, acc: 0.9274
Epoch 340, lr 0.082113
15:44:30 train - loss: 0.6608, acc: 0.9287
15:44:38 valid - loss: 0.1880, acc: 0.9642
Epoch 341, lr 0.081590
15:47:02 train - loss: 0.6637, acc: 0.9276
Epoch 342, lr 0.081067
15:49:27 train - loss: 0.6611, acc: 0.9290
Epoch 343, lr 0.080545
15:51:52 train - loss: 0.6614, acc: 0.9292
Epoch 344, lr 0.080024
15:54:16 train - loss: 0.6597, acc: 0.9296
Epoch 345, lr 0.079503
15:56:40 train - loss: 0.6567, acc: 0.9320
Epoch 346, lr 0.078983
15:59:04 train - loss: 0.6601, acc: 0.9291
Epoch 347, lr 0.078463
16:01:28 train - loss: 0.6574, acc: 0.9298
Epoch 348, lr 0.077944
16:03:52 train - loss: 0.6564, acc: 0.9313
Epoch 349, lr 0.077426
16:06:17 train - loss: 0.6563, acc: 0.9302
Epoch 350, lr 0.076908
16:08:41 train - loss: 0.6550, acc: 0.9314
16:08:50 valid - loss: 0.1974, acc: 0.9634
Epoch 351, lr 0.076391
16:11:14 train - loss: 0.6566, acc: 0.9316
Epoch 352, lr 0.075875
16:13:38 train - loss: 0.6597, acc: 0.9297
Epoch 353, lr 0.075359
16:16:02 train - loss: 0.6547, acc: 0.9313
Epoch 354, lr 0.074844
16:18:26 train - loss: 0.6557, acc: 0.9311
Epoch 355, lr 0.074330
16:20:50 train - loss: 0.6523, acc: 0.9328
Epoch 356, lr 0.073816
16:23:14 train - loss: 0.6543, acc: 0.9334
Epoch 357, lr 0.073303
16:25:38 train - loss: 0.6512, acc: 0.9348
Epoch 358, lr 0.072791
16:28:02 train - loss: 0.6543, acc: 0.9327
Epoch 359, lr 0.072280
16:30:26 train - loss: 0.6527, acc: 0.9332
Epoch 360, lr 0.071769
16:32:50 train - loss: 0.6496, acc: 0.9345
16:32:59 valid - loss: 0.1888, acc: 0.9674
Epoch 361, lr 0.071260
16:35:24 train - loss: 0.6531, acc: 0.9324
Epoch 362, lr 0.070751
16:37:48 train - loss: 0.6504, acc: 0.9339
Epoch 363, lr 0.070243
16:40:11 train - loss: 0.6486, acc: 0.9340
Epoch 364, lr 0.069736
16:42:35 train - loss: 0.6474, acc: 0.9345
Epoch 365, lr 0.069229
16:44:59 train - loss: 0.6437, acc: 0.9376
Epoch 366, lr 0.068724
16:47:23 train - loss: 0.6492, acc: 0.9346
Epoch 367, lr 0.068219
16:49:47 train - loss: 0.6496, acc: 0.9332
Epoch 368, lr 0.067715
16:52:11 train - loss: 0.6472, acc: 0.9354
Epoch 369, lr 0.067213
16:54:35 train - loss: 0.6478, acc: 0.9354
Epoch 370, lr 0.066711
16:56:59 train - loss: 0.6457, acc: 0.9358
16:57:07 valid - loss: 0.1836, acc: 0.9641
Epoch 371, lr 0.066210
16:59:31 train - loss: 0.6456, acc: 0.9360
Epoch 372, lr 0.065710
17:01:55 train - loss: 0.6458, acc: 0.9357
Epoch 373, lr 0.065211
17:04:19 train - loss: 0.6443, acc: 0.9363
Epoch 374, lr 0.064713
17:06:43 train - loss: 0.6430, acc: 0.9374
Epoch 375, lr 0.064216
17:09:11 train - loss: 0.6429, acc: 0.9379
Epoch 376, lr 0.063720
17:11:35 train - loss: 0.6396, acc: 0.9381
Epoch 377, lr 0.063225
17:14:00 train - loss: 0.6416, acc: 0.9369
Epoch 378, lr 0.062732
17:16:24 train - loss: 0.6415, acc: 0.9389
Epoch 379, lr 0.062239
17:18:49 train - loss: 0.6405, acc: 0.9376
Epoch 380, lr 0.061747
17:21:13 train - loss: 0.6422, acc: 0.9375
17:21:22 valid - loss: 0.1979, acc: 0.9634
Epoch 381, lr 0.061256
17:23:46 train - loss: 0.6360, acc: 0.9404
Epoch 382, lr 0.060767
17:26:10 train - loss: 0.6401, acc: 0.9390
Epoch 383, lr 0.060279
17:28:35 train - loss: 0.6407, acc: 0.9377
Epoch 384, lr 0.059791
17:30:59 train - loss: 0.6362, acc: 0.9396
Epoch 385, lr 0.059305
17:33:23 train - loss: 0.6351, acc: 0.9398
Epoch 386, lr 0.058820
17:35:48 train - loss: 0.6395, acc: 0.9378
Epoch 387, lr 0.058336
17:38:12 train - loss: 0.6388, acc: 0.9385
Epoch 388, lr 0.057854
17:40:36 train - loss: 0.6369, acc: 0.9404
Epoch 389, lr 0.057372
17:43:00 train - loss: 0.6311, acc: 0.9427
Epoch 390, lr 0.056892
17:45:25 train - loss: 0.6341, acc: 0.9409
17:45:33 valid - loss: 0.1884, acc: 0.9642
Epoch 391, lr 0.056413
17:47:58 train - loss: 0.6334, acc: 0.9409
Epoch 392, lr 0.055935
17:50:22 train - loss: 0.6326, acc: 0.9411
Epoch 393, lr 0.055459
17:52:47 train - loss: 0.6317, acc: 0.9419
Epoch 394, lr 0.054983
17:55:11 train - loss: 0.6322, acc: 0.9416
Epoch 395, lr 0.054510
17:57:35 train - loss: 0.6326, acc: 0.9414
Epoch 396, lr 0.054037
18:00:00 train - loss: 0.6309, acc: 0.9427
Epoch 397, lr 0.053565
18:02:25 train - loss: 0.6290, acc: 0.9437
Epoch 398, lr 0.053095
18:04:50 train - loss: 0.6302, acc: 0.9428
Epoch 399, lr 0.052627
18:07:16 train - loss: 0.6307, acc: 0.9420
Epoch 400, lr 0.052159
18:09:42 train - loss: 0.6338, acc: 0.9406
18:09:50 valid - loss: 0.1901, acc: 0.9674
Epoch 401, lr 0.051693
18:12:17 train - loss: 0.6279, acc: 0.9435
Epoch 402, lr 0.051229
18:14:43 train - loss: 0.6270, acc: 0.9453
Epoch 403, lr 0.050765
18:17:09 train - loss: 0.6294, acc: 0.9424
Epoch 404, lr 0.050304
18:19:35 train - loss: 0.6201, acc: 0.9474
Epoch 405, lr 0.049843
18:22:01 train - loss: 0.6246, acc: 0.9451
Epoch 406, lr 0.049384
18:24:28 train - loss: 0.6247, acc: 0.9452
Epoch 407, lr 0.048927
18:26:55 train - loss: 0.6239, acc: 0.9452
Epoch 408, lr 0.048470
18:29:21 train - loss: 0.6244, acc: 0.9452
Epoch 409, lr 0.048016
18:31:47 train - loss: 0.6181, acc: 0.9479
Epoch 410, lr 0.047563
18:34:13 train - loss: 0.6208, acc: 0.9470
18:34:21 valid - loss: 0.1982, acc: 0.9677
Epoch 411, lr 0.047111
18:36:47 train - loss: 0.6221, acc: 0.9448
Epoch 412, lr 0.046661
18:39:13 train - loss: 0.6202, acc: 0.9469
Epoch 413, lr 0.046212
18:41:39 train - loss: 0.6195, acc: 0.9470
Epoch 414, lr 0.045765
18:44:06 train - loss: 0.6210, acc: 0.9468
Epoch 415, lr 0.045319
18:46:32 train - loss: 0.6225, acc: 0.9464
Epoch 416, lr 0.044875
18:48:59 train - loss: 0.6174, acc: 0.9489
Epoch 417, lr 0.044433
18:51:25 train - loss: 0.6208, acc: 0.9473
Epoch 418, lr 0.043992
18:53:50 train - loss: 0.6188, acc: 0.9473
Epoch 419, lr 0.043553
18:56:15 train - loss: 0.6172, acc: 0.9481
Epoch 420, lr 0.043115
18:58:41 train - loss: 0.6195, acc: 0.9476
18:58:49 valid - loss: 0.1941, acc: 0.9671
Epoch 421, lr 0.042679
19:01:15 train - loss: 0.6202, acc: 0.9470
Epoch 422, lr 0.042244
19:03:41 train - loss: 0.6131, acc: 0.9504
Epoch 423, lr 0.041811
19:06:07 train - loss: 0.6166, acc: 0.9481
Epoch 424, lr 0.041380
19:08:33 train - loss: 0.6115, acc: 0.9513
Epoch 425, lr 0.040951
19:10:58 train - loss: 0.6127, acc: 0.9505
Epoch 426, lr 0.040523
19:13:25 train - loss: 0.6104, acc: 0.9513
Epoch 427, lr 0.040097
19:15:51 train - loss: 0.6113, acc: 0.9506
Epoch 428, lr 0.039672
19:18:17 train - loss: 0.6115, acc: 0.9512
Epoch 429, lr 0.039250
19:20:43 train - loss: 0.6080, acc: 0.9523
Epoch 430, lr 0.038829
19:23:09 train - loss: 0.6127, acc: 0.9504
19:23:18 valid - loss: 0.1830, acc: 0.9688
Epoch 431, lr 0.038409
19:25:44 train - loss: 0.6082, acc: 0.9516
Epoch 432, lr 0.037992
19:28:09 train - loss: 0.6099, acc: 0.9513
Epoch 433, lr 0.037576
19:30:35 train - loss: 0.6111, acc: 0.9512
Epoch 434, lr 0.037162
19:33:00 train - loss: 0.6083, acc: 0.9515
Epoch 435, lr 0.036750
19:35:27 train - loss: 0.6065, acc: 0.9529
Epoch 436, lr 0.036339
19:37:52 train - loss: 0.6084, acc: 0.9523
Epoch 437, lr 0.035931
19:40:17 train - loss: 0.6054, acc: 0.9530
Epoch 438, lr 0.035524
19:42:42 train - loss: 0.6046, acc: 0.9542
Epoch 439, lr 0.035119
19:45:08 train - loss: 0.6050, acc: 0.9531
Epoch 440, lr 0.034716
19:47:33 train - loss: 0.6044, acc: 0.9534
19:47:42 valid - loss: 0.1759, acc: 0.9690
Epoch 441, lr 0.034315
19:50:07 train - loss: 0.5994, acc: 0.9564
Epoch 442, lr 0.033915
19:52:33 train - loss: 0.6023, acc: 0.9552
Epoch 443, lr 0.033518
19:54:58 train - loss: 0.6048, acc: 0.9534
Epoch 444, lr 0.033122
19:57:23 train - loss: 0.6027, acc: 0.9545
Epoch 445, lr 0.032728
19:59:48 train - loss: 0.6023, acc: 0.9548
Epoch 446, lr 0.032337
20:02:13 train - loss: 0.5998, acc: 0.9552
Epoch 447, lr 0.031947
20:04:39 train - loss: 0.6008, acc: 0.9553
Epoch 448, lr 0.031559
20:07:04 train - loss: 0.5977, acc: 0.9560
Epoch 449, lr 0.031173
20:09:30 train - loss: 0.5993, acc: 0.9574
Epoch 450, lr 0.030789
20:11:57 train - loss: 0.5970, acc: 0.9577
20:12:05 valid - loss: 0.1735, acc: 0.9717
Epoch 451, lr 0.030407
20:14:32 train - loss: 0.5955, acc: 0.9580
Epoch 452, lr 0.030026
20:16:57 train - loss: 0.5963, acc: 0.9580
Epoch 453, lr 0.029648
20:19:23 train - loss: 0.5947, acc: 0.9583
Epoch 454, lr 0.029272
20:21:49 train - loss: 0.5977, acc: 0.9562
Epoch 455, lr 0.028898
20:24:15 train - loss: 0.5969, acc: 0.9563
Epoch 456, lr 0.028526
20:26:40 train - loss: 0.5947, acc: 0.9581
Epoch 457, lr 0.028156
20:29:07 train - loss: 0.5890, acc: 0.9612
Epoch 458, lr 0.027788
20:31:33 train - loss: 0.5912, acc: 0.9601
Epoch 459, lr 0.027422
20:33:58 train - loss: 0.5945, acc: 0.9575
Epoch 460, lr 0.027058
20:36:24 train - loss: 0.5943, acc: 0.9584
20:36:33 valid - loss: 0.1876, acc: 0.9714
Epoch 461, lr 0.026696
20:38:58 train - loss: 0.5925, acc: 0.9595
Epoch 462, lr 0.026336
20:41:22 train - loss: 0.5927, acc: 0.9594
Epoch 463, lr 0.025979
20:43:48 train - loss: 0.5896, acc: 0.9611
Epoch 464, lr 0.025623
20:46:14 train - loss: 0.5888, acc: 0.9605
Epoch 465, lr 0.025270
20:48:39 train - loss: 0.5875, acc: 0.9625
Epoch 466, lr 0.024918
20:51:04 train - loss: 0.5865, acc: 0.9617
Epoch 467, lr 0.024569
20:53:29 train - loss: 0.5868, acc: 0.9609
Epoch 468, lr 0.024222
20:55:54 train - loss: 0.5853, acc: 0.9624
Epoch 469, lr 0.023877
20:58:19 train - loss: 0.5845, acc: 0.9622
Epoch 470, lr 0.023534
21:00:44 train - loss: 0.5864, acc: 0.9612
21:00:52 valid - loss: 0.1856, acc: 0.9727
Epoch 471, lr 0.023194
21:03:17 train - loss: 0.5865, acc: 0.9613
Epoch 472, lr 0.022855
21:05:43 train - loss: 0.5853, acc: 0.9628
Epoch 473, lr 0.022519
21:08:07 train - loss: 0.5822, acc: 0.9636
Epoch 474, lr 0.022185
21:10:33 train - loss: 0.5838, acc: 0.9627
Epoch 475, lr 0.021853
21:12:57 train - loss: 0.5800, acc: 0.9644
Epoch 476, lr 0.021523
21:15:22 train - loss: 0.5820, acc: 0.9639
Epoch 477, lr 0.021196
21:17:47 train - loss: 0.5839, acc: 0.9632
Epoch 478, lr 0.020871
21:20:12 train - loss: 0.5848, acc: 0.9627
Epoch 479, lr 0.020548
21:22:38 train - loss: 0.5817, acc: 0.9637
Epoch 480, lr 0.020227
21:25:03 train - loss: 0.5794, acc: 0.9643
21:25:11 valid - loss: 0.1749, acc: 0.9742
Epoch 481, lr 0.019909
21:27:36 train - loss: 0.5773, acc: 0.9660
Epoch 482, lr 0.019593
21:30:02 train - loss: 0.5815, acc: 0.9639
Epoch 483, lr 0.019279
21:32:27 train - loss: 0.5757, acc: 0.9667
Epoch 484, lr 0.018968
21:34:52 train - loss: 0.5804, acc: 0.9648
Epoch 485, lr 0.018658
21:37:17 train - loss: 0.5784, acc: 0.9656
Epoch 486, lr 0.018352
21:39:42 train - loss: 0.5745, acc: 0.9671
Epoch 487, lr 0.018047
21:42:07 train - loss: 0.5732, acc: 0.9675
Epoch 488, lr 0.017745
21:44:32 train - loss: 0.5780, acc: 0.9648
Epoch 489, lr 0.017445
21:46:56 train - loss: 0.5748, acc: 0.9667
Epoch 490, lr 0.017147
21:49:22 train - loss: 0.5733, acc: 0.9681
21:49:30 valid - loss: 0.1668, acc: 0.9738
Epoch 491, lr 0.016852
21:51:55 train - loss: 0.5718, acc: 0.9689
Epoch 492, lr 0.016559
21:54:20 train - loss: 0.5737, acc: 0.9671
Epoch 493, lr 0.016269
21:56:45 train - loss: 0.5737, acc: 0.9672
Epoch 494, lr 0.015980
21:59:11 train - loss: 0.5706, acc: 0.9685
Epoch 495, lr 0.015695
22:01:36 train - loss: 0.5715, acc: 0.9679
Epoch 496, lr 0.015411
22:04:02 train - loss: 0.5681, acc: 0.9702
Epoch 497, lr 0.015130
22:06:28 train - loss: 0.5677, acc: 0.9707
Epoch 498, lr 0.014852
22:08:54 train - loss: 0.5690, acc: 0.9696
Epoch 499, lr 0.014576
22:11:19 train - loss: 0.5677, acc: 0.9704
Epoch 500, lr 0.014302
22:13:44 train - loss: 0.5696, acc: 0.9702
22:13:52 valid - loss: 0.1637, acc: 0.9765
Epoch 501, lr 0.014031
22:16:18 train - loss: 0.5702, acc: 0.9687
Epoch 502, lr 0.013762
22:18:44 train - loss: 0.5678, acc: 0.9699
Epoch 503, lr 0.013496
22:21:10 train - loss: 0.5668, acc: 0.9698
Epoch 504, lr 0.013232
22:23:37 train - loss: 0.5642, acc: 0.9717
Epoch 505, lr 0.012970
22:26:02 train - loss: 0.5693, acc: 0.9693
Epoch 506, lr 0.012711
22:28:28 train - loss: 0.5654, acc: 0.9716
Epoch 507, lr 0.012455
22:30:53 train - loss: 0.5653, acc: 0.9706
Epoch 508, lr 0.012201
22:33:19 train - loss: 0.5669, acc: 0.9707
Epoch 509, lr 0.011949
22:35:44 train - loss: 0.5622, acc: 0.9726
Epoch 510, lr 0.011700
22:38:10 train - loss: 0.5631, acc: 0.9720
22:38:19 valid - loss: 0.1790, acc: 0.9736
Epoch 511, lr 0.011454
22:40:44 train - loss: 0.5615, acc: 0.9730
Epoch 512, lr 0.011210
22:43:09 train - loss: 0.5610, acc: 0.9734
Epoch 513, lr 0.010968
22:45:35 train - loss: 0.5619, acc: 0.9725
Epoch 514, lr 0.010729
22:48:01 train - loss: 0.5616, acc: 0.9735
Epoch 515, lr 0.010493
22:50:26 train - loss: 0.5622, acc: 0.9721
Epoch 516, lr 0.010259
22:52:52 train - loss: 0.5598, acc: 0.9734
Epoch 517, lr 0.010027
22:55:17 train - loss: 0.5597, acc: 0.9732
Epoch 518, lr 0.009799
22:57:43 train - loss: 0.5597, acc: 0.9735
Epoch 519, lr 0.009572
23:00:08 train - loss: 0.5578, acc: 0.9745
Epoch 520, lr 0.009349
23:02:33 train - loss: 0.5564, acc: 0.9748
23:02:42 valid - loss: 0.1623, acc: 0.9768
Epoch 521, lr 0.009128
23:05:07 train - loss: 0.5598, acc: 0.9735
Epoch 522, lr 0.008909
23:07:32 train - loss: 0.5569, acc: 0.9748
Epoch 523, lr 0.008693
23:09:57 train - loss: 0.5598, acc: 0.9733
Epoch 524, lr 0.008480
23:12:23 train - loss: 0.5570, acc: 0.9748
Epoch 525, lr 0.008269
23:14:48 train - loss: 0.5565, acc: 0.9755
Epoch 526, lr 0.008061
23:17:13 train - loss: 0.5569, acc: 0.9742
Epoch 527, lr 0.007855
23:19:38 train - loss: 0.5548, acc: 0.9754
Epoch 528, lr 0.007652
23:22:03 train - loss: 0.5528, acc: 0.9764
Epoch 529, lr 0.007452
23:24:28 train - loss: 0.5545, acc: 0.9757
Epoch 530, lr 0.007255
23:26:54 train - loss: 0.5554, acc: 0.9757
23:27:02 valid - loss: 0.1750, acc: 0.9766
Epoch 531, lr 0.007060
23:29:27 train - loss: 0.5531, acc: 0.9767
Epoch 532, lr 0.006867
23:31:52 train - loss: 0.5545, acc: 0.9757
Epoch 533, lr 0.006677
23:34:17 train - loss: 0.5538, acc: 0.9759
Epoch 534, lr 0.006490
23:36:43 train - loss: 0.5516, acc: 0.9771
Epoch 535, lr 0.006306
23:39:09 train - loss: 0.5514, acc: 0.9767
Epoch 536, lr 0.006124
23:41:35 train - loss: 0.5502, acc: 0.9778
Epoch 537, lr 0.005945
23:44:01 train - loss: 0.5527, acc: 0.9763
Epoch 538, lr 0.005768
23:46:26 train - loss: 0.5524, acc: 0.9765
Epoch 539, lr 0.005595
23:48:53 train - loss: 0.5521, acc: 0.9766
Epoch 540, lr 0.005424
23:51:19 train - loss: 0.5510, acc: 0.9770
23:51:28 valid - loss: 0.1645, acc: 0.9776
Epoch 541, lr 0.005255
23:53:53 train - loss: 0.5493, acc: 0.9778
Epoch 542, lr 0.005089
23:56:18 train - loss: 0.5502, acc: 0.9780
Epoch 543, lr 0.004926
23:58:44 train - loss: 0.5492, acc: 0.9774
Epoch 544, lr 0.004766
00:01:10 train - loss: 0.5496, acc: 0.9780
Epoch 545, lr 0.004608
00:03:35 train - loss: 0.5494, acc: 0.9781
Epoch 546, lr 0.004454
00:06:01 train - loss: 0.5506, acc: 0.9772
Epoch 547, lr 0.004301
00:08:27 train - loss: 0.5492, acc: 0.9781
Epoch 548, lr 0.004152
00:10:52 train - loss: 0.5475, acc: 0.9790
Epoch 549, lr 0.004005
00:13:18 train - loss: 0.5479, acc: 0.9790
Epoch 550, lr 0.003861
00:15:43 train - loss: 0.5445, acc: 0.9801
00:15:52 valid - loss: 0.1665, acc: 0.9784
Epoch 551, lr 0.003720
10:58:09 train - loss: 0.5471, acc: 0.9791
Epoch 552, lr 0.003581
11:00:57 train - loss: 0.5483, acc: 0.9783
Epoch 553, lr 0.003445
11:03:25 train - loss: 0.5453, acc: 0.9795
Epoch 554, lr 0.003312
11:05:52 train - loss: 0.5452, acc: 0.9796
Epoch 555, lr 0.003182
11:08:19 train - loss: 0.5468, acc: 0.9794
Epoch 556, lr 0.003054
11:10:46 train - loss: 0.5474, acc: 0.9790
Epoch 557, lr 0.002929
11:13:13 train - loss: 0.5454, acc: 0.9800
Epoch 558, lr 0.002807
11:15:41 train - loss: 0.5478, acc: 0.9784
Epoch 559, lr 0.002688
11:18:07 train - loss: 0.5454, acc: 0.9799
Epoch 560, lr 0.002571
11:20:34 train - loss: 0.5421, acc: 0.9815
11:20:43 valid - loss: 0.1620, acc: 0.9790
Epoch 561, lr 0.002457
11:23:02 train - loss: 0.5458, acc: 0.9795
Epoch 562, lr 0.002346
11:25:29 train - loss: 0.5436, acc: 0.9810
Epoch 563, lr 0.002238
11:27:56 train - loss: 0.5426, acc: 0.9813
Epoch 564, lr 0.002133
11:30:22 train - loss: 0.5447, acc: 0.9797
Epoch 565, lr 0.002030
11:32:50 train - loss: 0.5435, acc: 0.9802
Epoch 566, lr 0.001930
11:35:17 train - loss: 0.5443, acc: 0.9806
Epoch 567, lr 0.001833
11:37:45 train - loss: 0.5443, acc: 0.9798
Epoch 568, lr 0.001738
11:40:12 train - loss: 0.5427, acc: 0.9809
Epoch 569, lr 0.001647
11:42:39 train - loss: 0.5419, acc: 0.9813
Epoch 570, lr 0.001558
11:45:06 train - loss: 0.5435, acc: 0.9802
11:45:14 valid - loss: 0.1663, acc: 0.9801
Epoch 571, lr 0.001472
11:47:33 train - loss: 0.5421, acc: 0.9809
Epoch 572, lr 0.001389
11:50:00 train - loss: 0.5411, acc: 0.9817
Epoch 573, lr 0.001308
11:52:27 train - loss: 0.5428, acc: 0.9812
Epoch 574, lr 0.001231
11:54:55 train - loss: 0.5435, acc: 0.9804
Epoch 575, lr 0.001156
11:57:22 train - loss: 0.5431, acc: 0.9813
Epoch 576, lr 0.001084
11:59:49 train - loss: 0.5428, acc: 0.9810
Epoch 577, lr 0.001015
12:02:16 train - loss: 0.5440, acc: 0.9802
Epoch 578, lr 0.000948
12:04:43 train - loss: 0.5416, acc: 0.9809
Epoch 579, lr 0.000885
12:07:10 train - loss: 0.5428, acc: 0.9808
Epoch 580, lr 0.000824
12:09:37 train - loss: 0.5424, acc: 0.9805
12:09:45 valid - loss: 0.1562, acc: 0.9812
Epoch 581, lr 0.000766
12:12:04 train - loss: 0.5432, acc: 0.9805
Epoch 582, lr 0.000711
12:14:31 train - loss: 0.5416, acc: 0.9811
Epoch 583, lr 0.000659
12:16:58 train - loss: 0.5403, acc: 0.9820
Epoch 584, lr 0.000609
12:19:26 train - loss: 0.5424, acc: 0.9810
Epoch 585, lr 0.000562
12:21:53 train - loss: 0.5432, acc: 0.9807
Epoch 586, lr 0.000518
12:24:20 train - loss: 0.5421, acc: 0.9812
Epoch 587, lr 0.000477
12:26:47 train - loss: 0.5408, acc: 0.9814
Epoch 588, lr 0.000439
12:29:14 train - loss: 0.5420, acc: 0.9809
Epoch 589, lr 0.000404
12:31:41 train - loss: 0.5412, acc: 0.9815
Epoch 590, lr 0.000371
12:34:08 train - loss: 0.5421, acc: 0.9811
12:34:16 valid - loss: 0.1566, acc: 0.9821
Epoch 591, lr 0.000342
12:36:35 train - loss: 0.5432, acc: 0.9803
Epoch 592, lr 0.000315
12:39:02 train - loss: 0.5417, acc: 0.9813
Epoch 593, lr 0.000291
12:41:29 train - loss: 0.5413, acc: 0.9814
Epoch 594, lr 0.000269
12:43:56 train - loss: 0.5409, acc: 0.9818
Epoch 595, lr 0.000251
12:46:23 train - loss: 0.5420, acc: 0.9813
Epoch 596, lr 0.000235
12:48:50 train - loss: 0.5414, acc: 0.9814
Epoch 597, lr 0.000223
12:51:17 train - loss: 0.5392, acc: 0.9822
Epoch 598, lr 0.000213
12:53:44 train - loss: 0.5419, acc: 0.9805
Epoch 599, lr 0.000206
12:56:13 train - loss: 0.5424, acc: 0.9809
Epoch 600, lr 0.000201
12:58:40 train - loss: 0.5413, acc: 0.9812
12:58:48 valid - loss: 0.1606, acc: 0.9812