W0524 23:33:14.049172   206 device_context.cc:265] Please NOTE: device: 0, CUDA Capability: 70, Driver API Version: 10.1, Runtime API Version: 9.0
W0524 23:33:14.052814   206 device_context.cc:273] device: 0, cuDNN Version: 7.3.
Epoch 1/300, lr: 0.101429
23:33:47 Train 49/49 - loss: 1.9359
Epoch 2/300, lr: 0.170000
23:34:17 Train 49/49 - loss: 1.6323
Epoch 3/300, lr: 0.240000
23:34:47 Train 49/49 - loss: 1.5241
Epoch 4/300, lr: 0.310000
23:35:17 Train 49/49 - loss: 1.3838
Epoch 5/300, lr: 0.380000
23:35:47 Train 49/49 - loss: 1.2985
23:35:50 Valid 10/10 - loss: 1.5824 - acc: 0.4591
Epoch 6/300, lr: 0.450000
23:36:20 Train 49/49 - loss: 1.1923
Epoch 7/300, lr: 0.520000
23:36:50 Train 49/49 - loss: 1.1378
Epoch 8/300, lr: 0.590000
23:37:20 Train 49/49 - loss: 0.9944
Epoch 9/300, lr: 0.660000
23:37:50 Train 49/49 - loss: 1.0009
Epoch 10/300, lr: 0.730000
23:38:20 Train 49/49 - loss: 0.9081
23:38:22 Valid 10/10 - loss: 0.8810 - acc: 0.6875
Epoch 11/300, lr: 0.800000
23:38:52 Train 49/49 - loss: 0.9361
Epoch 12/300, lr: 0.799977
23:39:23 Train 49/49 - loss: 0.8171
Epoch 13/300, lr: 0.799906
23:39:53 Train 49/49 - loss: 0.7709
Epoch 14/300, lr: 0.799789
23:40:23 Train 49/49 - loss: 0.7388
Epoch 15/300, lr: 0.799625
23:40:53 Train 49/49 - loss: 0.7240
23:40:55 Valid 10/10 - loss: 0.5871 - acc: 0.8022
Epoch 16/300, lr: 0.799413
23:41:25 Train 49/49 - loss: 0.6570
Epoch 17/300, lr: 0.799155
23:41:55 Train 49/49 - loss: 0.6061
Epoch 18/300, lr: 0.798850
23:42:26 Train 49/49 - loss: 0.6443
Epoch 19/300, lr: 0.798499
23:42:56 Train 49/49 - loss: 0.5947
Epoch 20/300, lr: 0.798100
23:43:26 Train 49/49 - loss: 0.6357
23:43:28 Valid 10/10 - loss: 0.6698 - acc: 0.7967
Epoch 21/300, lr: 0.797655
23:43:58 Train 49/49 - loss: 0.5648
Epoch 22/300, lr: 0.797163
23:44:28 Train 49/49 - loss: 0.5746
Epoch 23/300, lr: 0.796625
23:44:58 Train 49/49 - loss: 0.5116
Epoch 24/300, lr: 0.796040
23:45:28 Train 49/49 - loss: 0.4691
Epoch 25/300, lr: 0.795409
23:45:59 Train 49/49 - loss: 0.5324
23:46:01 Valid 10/10 - loss: 0.4986 - acc: 0.8424
Epoch 26/300, lr: 0.794731
23:46:32 Train 49/49 - loss: 0.4961
Epoch 27/300, lr: 0.794007
23:47:02 Train 49/49 - loss: 0.5014
Epoch 28/300, lr: 0.793236
23:47:32 Train 49/49 - loss: 0.4465
Epoch 29/300, lr: 0.792419
23:48:02 Train 49/49 - loss: 0.4379
Epoch 30/300, lr: 0.791557
23:48:33 Train 49/49 - loss: 0.4296
23:48:35 Valid 10/10 - loss: 0.4276 - acc: 0.8701
Epoch 31/300, lr: 0.790648
23:49:05 Train 49/49 - loss: 0.4865
Epoch 32/300, lr: 0.789694
23:49:35 Train 49/49 - loss: 0.4410
Epoch 33/300, lr: 0.788694
23:50:05 Train 49/49 - loss: 0.4157
Epoch 34/300, lr: 0.787648
23:50:35 Train 49/49 - loss: 0.4487
Epoch 35/300, lr: 0.786557
23:51:06 Train 49/49 - loss: 0.3741
23:51:08 Valid 10/10 - loss: 0.4306 - acc: 0.8677
Epoch 36/300, lr: 0.785420
23:51:38 Train 49/49 - loss: 0.4224
Epoch 37/300, lr: 0.784238
23:52:08 Train 49/49 - loss: 0.4121
Epoch 38/300, lr: 0.783011
23:52:38 Train 49/49 - loss: 0.4335
Epoch 39/300, lr: 0.781740
23:53:09 Train 49/49 - loss: 0.4461
Epoch 40/300, lr: 0.780423
23:53:39 Train 49/49 - loss: 0.3877
23:53:41 Valid 10/10 - loss: 0.4381 - acc: 0.8695
Epoch 41/300, lr: 0.779062
23:54:11 Train 49/49 - loss: 0.4153
Epoch 42/300, lr: 0.777656
23:54:41 Train 49/49 - loss: 0.3924
Epoch 43/300, lr: 0.776206
23:55:11 Train 49/49 - loss: 0.3733
Epoch 44/300, lr: 0.774711
23:55:41 Train 49/49 - loss: 0.3739
Epoch 45/300, lr: 0.773173
23:56:12 Train 49/49 - loss: 0.3954
23:56:14 Valid 10/10 - loss: 0.4008 - acc: 0.8786
Epoch 46/300, lr: 0.771591
23:56:44 Train 49/49 - loss: 0.3877
Epoch 47/300, lr: 0.769965
23:57:14 Train 49/49 - loss: 0.3780
Epoch 48/300, lr: 0.768296
23:57:45 Train 49/49 - loss: 0.3736
Epoch 49/300, lr: 0.766584
23:58:15 Train 49/49 - loss: 0.3521
Epoch 50/300, lr: 0.764829
23:58:45 Train 49/49 - loss: 0.3579
23:58:47 Valid 10/10 - loss: 0.3696 - acc: 0.8924
Epoch 51/300, lr: 0.763031
23:59:17 Train 49/49 - loss: 0.3992
Epoch 52/300, lr: 0.761190
23:59:47 Train 49/49 - loss: 0.3238
Epoch 53/300, lr: 0.759307
00:00:18 Train 49/49 - loss: 0.4176
Epoch 54/300, lr: 0.757382
00:00:48 Train 49/49 - loss: 0.3903
Epoch 55/300, lr: 0.755414
00:01:18 Train 49/49 - loss: 0.3606
00:01:20 Valid 10/10 - loss: 0.4522 - acc: 0.8588
Epoch 56/300, lr: 0.753405
00:01:51 Train 49/49 - loss: 0.3560
Epoch 57/300, lr: 0.751355
00:02:21 Train 49/49 - loss: 0.4144
Epoch 58/300, lr: 0.749263
00:02:51 Train 49/49 - loss: 0.3553
Epoch 59/300, lr: 0.747131
00:03:21 Train 49/49 - loss: 0.3623
Epoch 60/300, lr: 0.744957
00:03:51 Train 49/49 - loss: 0.3716
00:03:53 Valid 10/10 - loss: 0.4412 - acc: 0.8705
Epoch 61/300, lr: 0.742744
00:04:23 Train 49/49 - loss: 0.2829
Epoch 62/300, lr: 0.740490
00:04:54 Train 49/49 - loss: 0.3489
Epoch 63/300, lr: 0.738196
00:05:24 Train 49/49 - loss: 0.3867
Epoch 64/300, lr: 0.735862
00:05:54 Train 49/49 - loss: 0.3475
Epoch 65/300, lr: 0.733489
00:06:24 Train 49/49 - loss: 0.3934
00:06:26 Valid 10/10 - loss: 0.4398 - acc: 0.8727
Epoch 66/300, lr: 0.731076
00:06:57 Train 49/49 - loss: 0.3430
Epoch 67/300, lr: 0.728625
00:07:27 Train 49/49 - loss: 0.3253
Epoch 68/300, lr: 0.726136
00:07:57 Train 49/49 - loss: 0.3389
Epoch 69/300, lr: 0.723608
00:08:27 Train 49/49 - loss: 0.3303
Epoch 70/300, lr: 0.721042
00:08:57 Train 49/49 - loss: 0.4017
00:09:00 Valid 10/10 - loss: 0.3764 - acc: 0.8904
Epoch 71/300, lr: 0.718438
00:09:30 Train 49/49 - loss: 0.3277
Epoch 72/300, lr: 0.715797
00:10:00 Train 49/49 - loss: 0.3093
Epoch 73/300, lr: 0.713119
00:10:30 Train 49/49 - loss: 0.3412
Epoch 74/300, lr: 0.710405
00:11:00 Train 49/49 - loss: 0.3365
Epoch 75/300, lr: 0.707653
00:11:30 Train 49/49 - loss: 0.3469
00:11:32 Valid 10/10 - loss: 0.4476 - acc: 0.8619
Epoch 76/300, lr: 0.704866
00:12:03 Train 49/49 - loss: 0.3106
Epoch 77/300, lr: 0.702043
00:12:33 Train 49/49 - loss: 0.3398
Epoch 78/300, lr: 0.699184
00:13:03 Train 49/49 - loss: 0.2802
Epoch 79/300, lr: 0.696291
00:13:33 Train 49/49 - loss: 0.3131
Epoch 80/300, lr: 0.693362
00:14:03 Train 49/49 - loss: 0.2557
00:14:05 Valid 10/10 - loss: 0.4627 - acc: 0.8560
Epoch 81/300, lr: 0.690400
00:14:35 Train 49/49 - loss: 0.2959
Epoch 82/300, lr: 0.687403
00:15:06 Train 49/49 - loss: 0.3346
Epoch 83/300, lr: 0.684372
00:15:36 Train 49/49 - loss: 0.3175
Epoch 84/300, lr: 0.681308
00:16:06 Train 49/49 - loss: 0.3209
Epoch 85/300, lr: 0.678211
00:16:36 Train 49/49 - loss: 0.3369
00:16:38 Valid 10/10 - loss: 0.3141 - acc: 0.9034
Epoch 86/300, lr: 0.675081
00:17:08 Train 49/49 - loss: 0.2947
Epoch 87/300, lr: 0.671919
00:17:38 Train 49/49 - loss: 0.2675
Epoch 88/300, lr: 0.668726
00:18:08 Train 49/49 - loss: 0.3091
Epoch 89/300, lr: 0.665500
00:18:38 Train 49/49 - loss: 0.2423
Epoch 90/300, lr: 0.662244
00:19:09 Train 49/49 - loss: 0.3588
00:19:11 Valid 10/10 - loss: 0.3883 - acc: 0.9001
Epoch 91/300, lr: 0.658956
00:19:41 Train 49/49 - loss: 0.3083
Epoch 92/300, lr: 0.655639
00:20:11 Train 49/49 - loss: 0.2676
Epoch 93/300, lr: 0.652291
00:20:41 Train 49/49 - loss: 0.2896
Epoch 94/300, lr: 0.648914
00:21:12 Train 49/49 - loss: 0.2840
Epoch 95/300, lr: 0.645507
00:21:42 Train 49/49 - loss: 0.3190
00:21:44 Valid 10/10 - loss: 0.4220 - acc: 0.8701
Epoch 96/300, lr: 0.642072
00:22:14 Train 49/49 - loss: 0.2846
Epoch 97/300, lr: 0.638608
00:22:44 Train 49/49 - loss: 0.3128
Epoch 98/300, lr: 0.635116
00:23:14 Train 49/49 - loss: 0.2466
Epoch 99/300, lr: 0.631597
00:23:44 Train 49/49 - loss: 0.2764
Epoch 100/300, lr: 0.628050
00:24:14 Train 49/49 - loss: 0.2560
Save checkpoint at /home/aistudio/checkpoints/CIFAR10-ShuffleNetV2/epoch_100
00:24:17 Valid 10/10 - loss: 0.3391 - acc: 0.8971
Epoch 101/300, lr: 0.624477
00:24:47 Train 49/49 - loss: 0.2546
Epoch 102/300, lr: 0.620877
00:25:17 Train 49/49 - loss: 0.3079
Epoch 103/300, lr: 0.617252
00:25:47 Train 49/49 - loss: 0.2917
Epoch 104/300, lr: 0.613601
00:26:17 Train 49/49 - loss: 0.2942
Epoch 105/300, lr: 0.609925
00:26:48 Train 49/49 - loss: 0.3410
00:26:50 Valid 10/10 - loss: 0.3835 - acc: 0.8976
Epoch 106/300, lr: 0.606224
00:27:20 Train 49/49 - loss: 0.2939
Epoch 107/300, lr: 0.602499
00:27:50 Train 49/49 - loss: 0.2813
Epoch 108/300, lr: 0.598750
00:28:20 Train 49/49 - loss: 0.2946
Epoch 109/300, lr: 0.594978
00:28:50 Train 49/49 - loss: 0.2551
Epoch 110/300, lr: 0.591183
00:29:21 Train 49/49 - loss: 0.2979
00:29:23 Valid 10/10 - loss: 0.3287 - acc: 0.8997
Epoch 111/300, lr: 0.587366
00:29:53 Train 49/49 - loss: 0.2418
Epoch 112/300, lr: 0.583527
00:30:23 Train 49/49 - loss: 0.3163
Epoch 113/300, lr: 0.579666
00:30:53 Train 49/49 - loss: 0.2814
Epoch 114/300, lr: 0.575784
00:31:23 Train 49/49 - loss: 0.2236
Epoch 115/300, lr: 0.571881
00:31:53 Train 49/49 - loss: 0.2640
00:31:56 Valid 10/10 - loss: 0.4188 - acc: 0.8656
Epoch 116/300, lr: 0.567959
00:32:26 Train 49/49 - loss: 0.3300
Epoch 117/300, lr: 0.564016
00:32:56 Train 49/49 - loss: 0.2866
Epoch 118/300, lr: 0.560054
00:33:27 Train 49/49 - loss: 0.3238
Epoch 119/300, lr: 0.556074
00:33:57 Train 49/49 - loss: 0.2923
Epoch 120/300, lr: 0.552075
00:34:27 Train 49/49 - loss: 0.2785
00:34:29 Valid 10/10 - loss: 0.3759 - acc: 0.8843
Epoch 121/300, lr: 0.548058
00:34:59 Train 49/49 - loss: 0.2351
Epoch 122/300, lr: 0.544024
00:35:30 Train 49/49 - loss: 0.3168
Epoch 123/300, lr: 0.539973
00:36:00 Train 49/49 - loss: 0.2582
Epoch 124/300, lr: 0.535906
00:36:30 Train 49/49 - loss: 0.2745
Epoch 125/300, lr: 0.531823
00:37:00 Train 49/49 - loss: 0.2475
00:37:02 Valid 10/10 - loss: 0.3655 - acc: 0.8864
Epoch 126/300, lr: 0.527724
00:37:33 Train 49/49 - loss: 0.2956
Epoch 127/300, lr: 0.523610
00:38:03 Train 49/49 - loss: 0.2563
Epoch 128/300, lr: 0.519482
00:38:33 Train 49/49 - loss: 0.2609
Epoch 129/300, lr: 0.515340
00:39:03 Train 49/49 - loss: 0.2599
Epoch 130/300, lr: 0.511184
00:39:33 Train 49/49 - loss: 0.2546
00:39:36 Valid 10/10 - loss: 0.3456 - acc: 0.8968
Epoch 131/300, lr: 0.507015
00:40:06 Train 49/49 - loss: 0.2363
Epoch 132/300, lr: 0.502834
00:40:36 Train 49/49 - loss: 0.2605
Epoch 133/300, lr: 0.498640
00:41:06 Train 49/49 - loss: 0.3100
Epoch 134/300, lr: 0.494435
00:41:36 Train 49/49 - loss: 0.2375
Epoch 135/300, lr: 0.490219
00:42:06 Train 49/49 - loss: 0.2691
00:42:09 Valid 10/10 - loss: 0.3517 - acc: 0.8901
Epoch 136/300, lr: 0.485992
00:42:39 Train 49/49 - loss: 0.2893
Epoch 137/300, lr: 0.481755
00:43:09 Train 49/49 - loss: 0.2615
Epoch 138/300, lr: 0.477509
00:43:39 Train 49/49 - loss: 0.2662
Epoch 139/300, lr: 0.473253
00:44:09 Train 49/49 - loss: 0.2409
Epoch 140/300, lr: 0.468989
00:44:39 Train 49/49 - loss: 0.2808
00:44:42 Valid 10/10 - loss: 0.2790 - acc: 0.9146
Epoch 141/300, lr: 0.464717
00:45:12 Train 49/49 - loss: 0.2013
Epoch 142/300, lr: 0.460437
00:45:42 Train 49/49 - loss: 0.2453
Epoch 143/300, lr: 0.456150
00:46:12 Train 49/49 - loss: 0.2541
Epoch 144/300, lr: 0.451857
00:46:42 Train 49/49 - loss: 0.2280
Epoch 145/300, lr: 0.447557
00:47:12 Train 49/49 - loss: 0.2427
00:47:15 Valid 10/10 - loss: 0.2552 - acc: 0.9306
Epoch 146/300, lr: 0.443252
00:47:45 Train 49/49 - loss: 0.2029
Epoch 147/300, lr: 0.438942
00:48:15 Train 49/49 - loss: 0.2435
Epoch 148/300, lr: 0.434627
00:48:45 Train 49/49 - loss: 0.2163
Epoch 149/300, lr: 0.430308
00:49:15 Train 49/49 - loss: 0.2296
Epoch 150/300, lr: 0.425986
00:49:45 Train 49/49 - loss: 0.2119
00:49:48 Valid 10/10 - loss: 0.3457 - acc: 0.8933
Epoch 151/300, lr: 0.421660
00:50:18 Train 49/49 - loss: 0.2743
Epoch 152/300, lr: 0.417332
00:50:48 Train 49/49 - loss: 0.2101
Epoch 153/300, lr: 0.413002
00:51:18 Train 49/49 - loss: 0.2100
Epoch 154/300, lr: 0.408671
00:51:48 Train 49/49 - loss: 0.2713
Epoch 155/300, lr: 0.404338
00:52:18 Train 49/49 - loss: 0.2521
00:52:21 Valid 10/10 - loss: 0.3112 - acc: 0.9100
Epoch 156/300, lr: 0.400005
00:52:51 Train 49/49 - loss: 0.2121
Epoch 157/300, lr: 0.395672
00:53:21 Train 49/49 - loss: 0.2355
Epoch 158/300, lr: 0.391339
00:53:51 Train 49/49 - loss: 0.2130
Epoch 159/300, lr: 0.387008
00:54:21 Train 49/49 - loss: 0.2017
Epoch 160/300, lr: 0.382678
00:54:51 Train 49/49 - loss: 0.1962
00:54:54 Valid 10/10 - loss: 0.3145 - acc: 0.9017
Epoch 161/300, lr: 0.378350
00:55:24 Train 49/49 - loss: 0.2381
Epoch 162/300, lr: 0.374024
00:55:54 Train 49/49 - loss: 0.2102
Epoch 163/300, lr: 0.369702
00:56:24 Train 49/49 - loss: 0.2279
Epoch 164/300, lr: 0.365383
00:56:55 Train 49/49 - loss: 0.1778
Epoch 165/300, lr: 0.361068
00:57:25 Train 49/49 - loss: 0.2410
00:57:27 Valid 10/10 - loss: 0.2700 - acc: 0.9154
Epoch 166/300, lr: 0.356758
00:57:57 Train 49/49 - loss: 0.1983
Epoch 167/300, lr: 0.352453
00:58:28 Train 49/49 - loss: 0.2156
Epoch 168/300, lr: 0.348153
00:58:58 Train 49/49 - loss: 0.2288
Epoch 169/300, lr: 0.343860
00:59:28 Train 49/49 - loss: 0.2168
Epoch 170/300, lr: 0.339573
00:59:58 Train 49/49 - loss: 0.1652
01:00:01 Valid 10/10 - loss: 0.2957 - acc: 0.9102
Epoch 171/300, lr: 0.335293
01:00:31 Train 49/49 - loss: 0.2214
Epoch 172/300, lr: 0.331021
01:01:01 Train 49/49 - loss: 0.2193
Epoch 173/300, lr: 0.326757
01:01:31 Train 49/49 - loss: 0.1990
Epoch 174/300, lr: 0.322501
01:02:01 Train 49/49 - loss: 0.1928
Epoch 175/300, lr: 0.318255
01:02:31 Train 49/49 - loss: 0.1777
01:02:34 Valid 10/10 - loss: 0.2728 - acc: 0.9133
Epoch 176/300, lr: 0.314018
01:03:04 Train 49/49 - loss: 0.1906
Epoch 177/300, lr: 0.309791
01:03:34 Train 49/49 - loss: 0.2037
Epoch 178/300, lr: 0.305575
01:04:04 Train 49/49 - loss: 0.1874
Epoch 179/300, lr: 0.301370
01:04:34 Train 49/49 - loss: 0.1601
Epoch 180/300, lr: 0.297176
01:05:04 Train 49/49 - loss: 0.1907
01:05:07 Valid 10/10 - loss: 0.2362 - acc: 0.9328
Epoch 181/300, lr: 0.292995
01:05:37 Train 49/49 - loss: 0.1288
Epoch 182/300, lr: 0.288826
01:06:07 Train 49/49 - loss: 0.1588
Epoch 183/300, lr: 0.284670
01:06:37 Train 49/49 - loss: 0.2174
Epoch 184/300, lr: 0.280528
01:07:07 Train 49/49 - loss: 0.1945
Epoch 185/300, lr: 0.276400
01:07:37 Train 49/49 - loss: 0.2140
01:07:40 Valid 10/10 - loss: 0.2548 - acc: 0.9265
Epoch 186/300, lr: 0.272286
01:08:10 Train 49/49 - loss: 0.1515
Epoch 187/300, lr: 0.268187
01:08:40 Train 49/49 - loss: 0.1760
Epoch 188/300, lr: 0.264104
01:09:10 Train 49/49 - loss: 0.2139
Epoch 189/300, lr: 0.260037
01:09:40 Train 49/49 - loss: 0.1821
Epoch 190/300, lr: 0.255986
01:10:10 Train 49/49 - loss: 0.1355
01:10:13 Valid 10/10 - loss: 0.2508 - acc: 0.9235
Epoch 191/300, lr: 0.251952
01:10:43 Train 49/49 - loss: 0.1838
Epoch 192/300, lr: 0.247935
01:11:13 Train 49/49 - loss: 0.1342
Epoch 193/300, lr: 0.243936
01:11:43 Train 49/49 - loss: 0.1428
Epoch 194/300, lr: 0.239956
01:12:13 Train 49/49 - loss: 0.1909
Epoch 195/300, lr: 0.235994
01:12:43 Train 49/49 - loss: 0.1757
01:12:46 Valid 10/10 - loss: 0.2378 - acc: 0.9314
Epoch 196/300, lr: 0.232051
01:13:16 Train 49/49 - loss: 0.1472
Epoch 197/300, lr: 0.228129
01:13:46 Train 49/49 - loss: 0.1713
Epoch 198/300, lr: 0.224226
01:14:16 Train 49/49 - loss: 0.1506
Epoch 199/300, lr: 0.220344
01:14:46 Train 49/49 - loss: 0.1829
Epoch 200/300, lr: 0.216483
01:15:16 Train 49/49 - loss: 0.1561
Save checkpoint at /home/aistudio/checkpoints/CIFAR10-ShuffleNetV2/epoch_200
01:15:19 Valid 10/10 - loss: 0.2493 - acc: 0.9279
Epoch 201/300, lr: 0.212644
01:15:49 Train 49/49 - loss: 0.1670
Epoch 202/300, lr: 0.208827
01:16:19 Train 49/49 - loss: 0.1256
Epoch 203/300, lr: 0.205032
01:16:49 Train 49/49 - loss: 0.1657
Epoch 204/300, lr: 0.201260
01:17:19 Train 49/49 - loss: 0.1675
Epoch 205/300, lr: 0.197511
01:17:50 Train 49/49 - loss: 0.2044
01:17:52 Valid 10/10 - loss: 0.2196 - acc: 0.9383
Epoch 206/300, lr: 0.193786
01:18:22 Train 49/49 - loss: 0.1572
Epoch 207/300, lr: 0.190085
01:18:52 Train 49/49 - loss: 0.1408
Epoch 208/300, lr: 0.186409
01:19:23 Train 49/49 - loss: 0.1394
Epoch 209/300, lr: 0.182758
01:19:53 Train 49/49 - loss: 0.1541
Epoch 210/300, lr: 0.179133
01:20:23 Train 49/49 - loss: 0.1829
01:20:25 Valid 10/10 - loss: 0.2547 - acc: 0.9289
Epoch 211/300, lr: 0.175533
01:20:56 Train 49/49 - loss: 0.1480
Epoch 212/300, lr: 0.171960
01:21:26 Train 49/49 - loss: 0.1454
Epoch 213/300, lr: 0.168413
01:21:56 Train 49/49 - loss: 0.1964
Epoch 214/300, lr: 0.164894
01:22:26 Train 49/49 - loss: 0.1670
Epoch 215/300, lr: 0.161402
01:22:56 Train 49/49 - loss: 0.1201
01:22:59 Valid 10/10 - loss: 0.2037 - acc: 0.9404
Epoch 216/300, lr: 0.157938
01:23:29 Train 49/49 - loss: 0.1616
Epoch 217/300, lr: 0.154503
01:23:59 Train 49/49 - loss: 0.1539
Epoch 218/300, lr: 0.151096
01:24:29 Train 49/49 - loss: 0.1424
Epoch 219/300, lr: 0.147719
01:24:59 Train 49/49 - loss: 0.1330
Epoch 220/300, lr: 0.144371
01:25:29 Train 49/49 - loss: 0.1674
01:25:32 Valid 10/10 - loss: 0.2114 - acc: 0.9424
Epoch 221/300, lr: 0.141054
01:26:02 Train 49/49 - loss: 0.1594
Epoch 222/300, lr: 0.137766
01:26:32 Train 49/49 - loss: 0.1179
Epoch 223/300, lr: 0.134510
01:27:02 Train 49/49 - loss: 0.1420
Epoch 224/300, lr: 0.131284
01:27:32 Train 49/49 - loss: 0.1660
Epoch 225/300, lr: 0.128091
01:28:03 Train 49/49 - loss: 0.1326
01:28:05 Valid 10/10 - loss: 0.1880 - acc: 0.9490
Epoch 226/300, lr: 0.124929
01:28:35 Train 49/49 - loss: 0.1081
Epoch 227/300, lr: 0.121799
01:29:05 Train 49/49 - loss: 0.1365
Epoch 228/300, lr: 0.118702
01:29:35 Train 49/49 - loss: 0.1312
Epoch 229/300, lr: 0.115638
01:30:06 Train 49/49 - loss: 0.1323
Epoch 230/300, lr: 0.112607
01:30:36 Train 49/49 - loss: 0.1394
01:30:38 Valid 10/10 - loss: 0.1955 - acc: 0.9458
Epoch 231/300, lr: 0.109610
01:31:08 Train 49/49 - loss: 0.1086
Epoch 232/300, lr: 0.106648
01:31:38 Train 49/49 - loss: 0.1081
Epoch 233/300, lr: 0.103719
01:32:08 Train 49/49 - loss: 0.1341
Epoch 234/300, lr: 0.100826
01:32:39 Train 49/49 - loss: 0.0867
Epoch 235/300, lr: 0.097967
01:33:09 Train 49/49 - loss: 0.1160
01:33:11 Valid 10/10 - loss: 0.1795 - acc: 0.9485
Epoch 236/300, lr: 0.095144
01:33:41 Train 49/49 - loss: 0.1041
Epoch 237/300, lr: 0.092357
01:34:11 Train 49/49 - loss: 0.1203
Epoch 238/300, lr: 0.089606
01:34:41 Train 49/49 - loss: 0.1129
Epoch 239/300, lr: 0.086891
01:35:12 Train 49/49 - loss: 0.1299
Epoch 240/300, lr: 0.084213
01:35:42 Train 49/49 - loss: 0.0963
01:35:44 Valid 10/10 - loss: 0.1722 - acc: 0.9509
Epoch 241/300, lr: 0.081572
01:36:14 Train 49/49 - loss: 0.1457
Epoch 242/300, lr: 0.078968
01:36:45 Train 49/49 - loss: 0.1103
Epoch 243/300, lr: 0.076402
01:37:15 Train 49/49 - loss: 0.0930
Epoch 244/300, lr: 0.073874
01:37:45 Train 49/49 - loss: 0.1028
Epoch 245/300, lr: 0.071385
01:38:15 Train 49/49 - loss: 0.1204
01:38:17 Valid 10/10 - loss: 0.1917 - acc: 0.9497
Epoch 246/300, lr: 0.068934
01:38:48 Train 49/49 - loss: 0.1338
Epoch 247/300, lr: 0.066521
01:39:18 Train 49/49 - loss: 0.0943
Epoch 248/300, lr: 0.064148
01:39:48 Train 49/49 - loss: 0.1020
Epoch 249/300, lr: 0.061814
01:40:18 Train 49/49 - loss: 0.1310
Epoch 250/300, lr: 0.059520
01:40:48 Train 49/49 - loss: 0.0949
01:40:51 Valid 10/10 - loss: 0.1709 - acc: 0.9508
Epoch 251/300, lr: 0.057266
01:41:21 Train 49/49 - loss: 0.1121
Epoch 252/300, lr: 0.055053
01:41:51 Train 49/49 - loss: 0.1049
Epoch 253/300, lr: 0.052879
01:42:21 Train 49/49 - loss: 0.1058
Epoch 254/300, lr: 0.050747
01:42:51 Train 49/49 - loss: 0.0749
Epoch 255/300, lr: 0.048655
01:43:21 Train 49/49 - loss: 0.1342
01:43:24 Valid 10/10 - loss: 0.1788 - acc: 0.9514
Epoch 256/300, lr: 0.046605
01:43:54 Train 49/49 - loss: 0.0888
Epoch 257/300, lr: 0.044596
01:44:24 Train 49/49 - loss: 0.1011
Epoch 258/300, lr: 0.042628
01:44:54 Train 49/49 - loss: 0.1076
Epoch 259/300, lr: 0.040703
01:45:24 Train 49/49 - loss: 0.1204
Epoch 260/300, lr: 0.038820
01:45:54 Train 49/49 - loss: 0.0869
01:45:57 Valid 10/10 - loss: 0.1619 - acc: 0.9543
Epoch 261/300, lr: 0.036979
01:46:27 Train 49/49 - loss: 0.0780
Epoch 262/300, lr: 0.035181
01:46:57 Train 49/49 - loss: 0.1007
Epoch 263/300, lr: 0.033426
01:47:27 Train 49/49 - loss: 0.0847
Epoch 264/300, lr: 0.031714
01:47:57 Train 49/49 - loss: 0.0843
Epoch 265/300, lr: 0.030045
01:48:27 Train 49/49 - loss: 0.0678
01:48:30 Valid 10/10 - loss: 0.1527 - acc: 0.9567
Epoch 266/300, lr: 0.028419
01:49:00 Train 49/49 - loss: 0.0837
Epoch 267/300, lr: 0.026837
01:49:30 Train 49/49 - loss: 0.0999
Epoch 268/300, lr: 0.025299
01:50:00 Train 49/49 - loss: 0.0816
Epoch 269/300, lr: 0.023804
01:50:30 Train 49/49 - loss: 0.0707
Epoch 270/300, lr: 0.022354
01:51:01 Train 49/49 - loss: 0.1019
01:51:03 Valid 10/10 - loss: 0.1626 - acc: 0.9550
Epoch 271/300, lr: 0.020948
01:51:33 Train 49/49 - loss: 0.1038
Epoch 272/300, lr: 0.019587
01:52:03 Train 49/49 - loss: 0.0778
Epoch 273/300, lr: 0.018270
01:52:33 Train 49/49 - loss: 0.0888
Epoch 274/300, lr: 0.016999
01:53:04 Train 49/49 - loss: 0.1076
Epoch 275/300, lr: 0.015772
01:53:34 Train 49/49 - loss: 0.0771
01:53:36 Valid 10/10 - loss: 0.1564 - acc: 0.9549
Epoch 276/300, lr: 0.014590
01:54:06 Train 49/49 - loss: 0.0971
Epoch 277/300, lr: 0.013453
01:54:37 Train 49/49 - loss: 0.0927
Epoch 278/300, lr: 0.012362
01:55:07 Train 49/49 - loss: 0.0869
Epoch 279/300, lr: 0.011316
01:55:37 Train 49/49 - loss: 0.0866
Epoch 280/300, lr: 0.010316
01:56:07 Train 49/49 - loss: 0.0993
01:56:10 Valid 10/10 - loss: 0.1560 - acc: 0.9547
Epoch 281/300, lr: 0.009362
01:56:40 Train 49/49 - loss: 0.1013
Epoch 282/300, lr: 0.008453
01:57:10 Train 49/49 - loss: 0.0846
Epoch 283/300, lr: 0.007590
01:57:40 Train 49/49 - loss: 0.0770
Epoch 284/300, lr: 0.006774
01:58:10 Train 49/49 - loss: 0.0709
Epoch 285/300, lr: 0.006004
01:58:40 Train 49/49 - loss: 0.0959
01:58:43 Valid 10/10 - loss: 0.1569 - acc: 0.9551
Epoch 286/300, lr: 0.005279
01:59:13 Train 49/49 - loss: 0.0722
Epoch 287/300, lr: 0.004601
01:59:43 Train 49/49 - loss: 0.0832
Epoch 288/300, lr: 0.003970
02:00:13 Train 49/49 - loss: 0.1005
Epoch 289/300, lr: 0.003385
02:00:43 Train 49/49 - loss: 0.0993
Epoch 290/300, lr: 0.002847
02:01:13 Train 49/49 - loss: 0.0671
02:01:16 Valid 10/10 - loss: 0.1533 - acc: 0.9557
Epoch 291/300, lr: 0.002355
02:01:46 Train 49/49 - loss: 0.0923
Epoch 292/300, lr: 0.001910
02:02:16 Train 49/49 - loss: 0.0655
Epoch 293/300, lr: 0.001511
02:02:46 Train 49/49 - loss: 0.0900
Epoch 294/300, lr: 0.001160
02:03:17 Train 49/49 - loss: 0.0842
Epoch 295/300, lr: 0.000855
02:03:47 Train 49/49 - loss: 0.0892
02:03:49 Valid 10/10 - loss: 0.1478 - acc: 0.9575
Epoch 296/300, lr: 0.000597
02:04:19 Train 49/49 - loss: 0.0689
Epoch 297/300, lr: 0.000385
02:04:49 Train 49/49 - loss: 0.0793
Epoch 298/300, lr: 0.000221
02:05:19 Train 49/49 - loss: 0.0784
Epoch 299/300, lr: 0.000104
02:05:50 Train 49/49 - loss: 0.0614
Epoch 300/300, lr: 0.000033
02:06:20 Train 49/49 - loss: 0.0877
Save checkpoint at /home/aistudio/checkpoints/CIFAR10-ShuffleNetV2/epoch_300
02:06:22 Valid 10/10 - loss: 0.1509 - acc: 0.9570
