W0525 12:40:47.577783   276 device_context.cc:265] Please NOTE: device: 0, CUDA Capability: 70, Driver API Version: 9.2, Runtime API Version: 9.0
W0525 12:40:47.581382   276 device_context.cc:273] device: 0, cuDNN Version: 7.3.
Epoch 1/300, lr: 0.100306
12:41:21 Train 98/98 - loss: 1.9176 - acc: 0.2942
Epoch 2/300, lr: 0.130000
12:41:52 Train 98/98 - loss: 1.4989 - acc: 0.4458
Epoch 3/300, lr: 0.160000
12:42:22 Train 98/98 - loss: 1.2873 - acc: 0.5357
Epoch 4/300, lr: 0.190000
12:42:53 Train 98/98 - loss: 1.1127 - acc: 0.6008
Epoch 5/300, lr: 0.220000
12:43:24 Train 98/98 - loss: 0.9654 - acc: 0.6568
12:43:26 Valid 10/10 - loss: 0.9478 - acc: 0.6690
Epoch 6/300, lr: 0.250000
12:43:57 Train 98/98 - loss: 0.8289 - acc: 0.7072
Epoch 7/300, lr: 0.280000
12:44:28 Train 98/98 - loss: 0.7232 - acc: 0.7483
Epoch 8/300, lr: 0.310000
12:44:58 Train 98/98 - loss: 0.6242 - acc: 0.7817
Epoch 9/300, lr: 0.340000
12:45:29 Train 98/98 - loss: 0.5521 - acc: 0.8070
Epoch 10/300, lr: 0.370000
12:46:00 Train 98/98 - loss: 0.5041 - acc: 0.8236
12:46:03 Valid 10/10 - loss: 0.7023 - acc: 0.7627
Epoch 11/300, lr: 0.400000
12:46:33 Train 98/98 - loss: 0.4626 - acc: 0.8400
Epoch 12/300, lr: 0.399988
12:47:04 Train 98/98 - loss: 0.4162 - acc: 0.8567
Epoch 13/300, lr: 0.399953
12:47:35 Train 98/98 - loss: 0.3862 - acc: 0.8651
Epoch 14/300, lr: 0.399894
12:48:05 Train 98/98 - loss: 0.3479 - acc: 0.8799
Epoch 15/300, lr: 0.399812
12:48:36 Train 98/98 - loss: 0.3299 - acc: 0.8860
12:48:39 Valid 10/10 - loss: 0.6820 - acc: 0.8334
Epoch 16/300, lr: 0.399707
12:49:09 Train 98/98 - loss: 0.3174 - acc: 0.8912
Epoch 17/300, lr: 0.399578
12:49:40 Train 98/98 - loss: 0.2929 - acc: 0.8973
Epoch 18/300, lr: 0.399425
12:50:11 Train 98/98 - loss: 0.2746 - acc: 0.9052
Epoch 19/300, lr: 0.399249
12:50:42 Train 98/98 - loss: 0.2597 - acc: 0.9088
Epoch 20/300, lr: 0.399050
12:51:13 Train 98/98 - loss: 0.2523 - acc: 0.9125
12:51:15 Valid 10/10 - loss: 0.4344 - acc: 0.8592
Epoch 21/300, lr: 0.398828
12:51:46 Train 98/98 - loss: 0.2379 - acc: 0.9170
Epoch 22/300, lr: 0.398582
12:52:16 Train 98/98 - loss: 0.2270 - acc: 0.9212
Epoch 23/300, lr: 0.398313
12:52:47 Train 98/98 - loss: 0.2165 - acc: 0.9247
Epoch 24/300, lr: 0.398020
12:53:18 Train 98/98 - loss: 0.2118 - acc: 0.9255
Epoch 25/300, lr: 0.397704
12:53:49 Train 98/98 - loss: 0.2080 - acc: 0.9263
12:53:51 Valid 10/10 - loss: 0.3817 - acc: 0.8754
Epoch 26/300, lr: 0.397365
12:54:22 Train 98/98 - loss: 0.1974 - acc: 0.9301
Epoch 27/300, lr: 0.397003
12:54:53 Train 98/98 - loss: 0.1893 - acc: 0.9331
Epoch 28/300, lr: 0.396618
12:55:23 Train 98/98 - loss: 0.1846 - acc: 0.9353
Epoch 29/300, lr: 0.396210
12:55:54 Train 98/98 - loss: 0.1856 - acc: 0.9351
Epoch 30/300, lr: 0.395779
12:56:25 Train 98/98 - loss: 0.1753 - acc: 0.9379
12:56:27 Valid 10/10 - loss: 0.4301 - acc: 0.8677
Epoch 31/300, lr: 0.395324
12:56:58 Train 98/98 - loss: 0.1745 - acc: 0.9380
Epoch 32/300, lr: 0.394847
12:57:29 Train 98/98 - loss: 0.1705 - acc: 0.9396
Epoch 33/300, lr: 0.394347
12:58:00 Train 98/98 - loss: 0.1618 - acc: 0.9426
Epoch 34/300, lr: 0.393824
12:58:30 Train 98/98 - loss: 0.1629 - acc: 0.9430
Epoch 35/300, lr: 0.393278
12:59:01 Train 98/98 - loss: 0.1593 - acc: 0.9444
12:59:04 Valid 10/10 - loss: 0.4542 - acc: 0.8645
Epoch 36/300, lr: 0.392710
12:59:34 Train 98/98 - loss: 0.1584 - acc: 0.9436
Epoch 37/300, lr: 0.392119
13:00:05 Train 98/98 - loss: 0.1578 - acc: 0.9441
Epoch 38/300, lr: 0.391506
13:00:36 Train 98/98 - loss: 0.1489 - acc: 0.9479
Epoch 39/300, lr: 0.390870
13:01:07 Train 98/98 - loss: 0.1557 - acc: 0.9445
Epoch 40/300, lr: 0.390212
13:01:37 Train 98/98 - loss: 0.1509 - acc: 0.9460
13:01:40 Valid 10/10 - loss: 0.4544 - acc: 0.8646
Epoch 41/300, lr: 0.389531
13:02:11 Train 98/98 - loss: 0.1495 - acc: 0.9482
Epoch 42/300, lr: 0.388828
13:02:41 Train 98/98 - loss: 0.1421 - acc: 0.9498
Epoch 43/300, lr: 0.388103
13:03:12 Train 98/98 - loss: 0.1407 - acc: 0.9501
Epoch 44/300, lr: 0.387356
13:03:43 Train 98/98 - loss: 0.1411 - acc: 0.9497
Epoch 45/300, lr: 0.386587
13:04:13 Train 98/98 - loss: 0.1406 - acc: 0.9509
13:04:16 Valid 10/10 - loss: 0.4093 - acc: 0.8792
Epoch 46/300, lr: 0.385796
13:04:47 Train 98/98 - loss: 0.1422 - acc: 0.9495
Epoch 47/300, lr: 0.384983
13:05:17 Train 98/98 - loss: 0.1358 - acc: 0.9510
Epoch 48/300, lr: 0.384148
13:05:48 Train 98/98 - loss: 0.1318 - acc: 0.9526
Epoch 49/300, lr: 0.383292
13:06:19 Train 98/98 - loss: 0.1347 - acc: 0.9524
Epoch 50/300, lr: 0.382415
13:06:49 Train 98/98 - loss: 0.1289 - acc: 0.9553
13:06:52 Valid 10/10 - loss: 0.3631 - acc: 0.8940
Epoch 51/300, lr: 0.381516
13:07:23 Train 98/98 - loss: 0.1329 - acc: 0.9536
Epoch 52/300, lr: 0.380595
13:07:53 Train 98/98 - loss: 0.1309 - acc: 0.9539
Epoch 53/300, lr: 0.379654
13:08:24 Train 98/98 - loss: 0.1351 - acc: 0.9514
Epoch 54/300, lr: 0.378691
13:08:55 Train 98/98 - loss: 0.1291 - acc: 0.9552
Epoch 55/300, lr: 0.377707
13:09:25 Train 98/98 - loss: 0.1255 - acc: 0.9548
13:09:28 Valid 10/10 - loss: 0.4293 - acc: 0.8723
Epoch 56/300, lr: 0.376703
13:09:59 Train 98/98 - loss: 0.1258 - acc: 0.9559
Epoch 57/300, lr: 0.375678
13:10:29 Train 98/98 - loss: 0.1213 - acc: 0.9566
Epoch 58/300, lr: 0.374632
13:11:00 Train 98/98 - loss: 0.1247 - acc: 0.9556
Epoch 59/300, lr: 0.373566
13:11:30 Train 98/98 - loss: 0.1254 - acc: 0.9551
Epoch 60/300, lr: 0.372479
13:12:01 Train 98/98 - loss: 0.1229 - acc: 0.9560
13:12:04 Valid 10/10 - loss: 0.4093 - acc: 0.8761
Epoch 61/300, lr: 0.371372
13:12:34 Train 98/98 - loss: 0.1173 - acc: 0.9581
Epoch 62/300, lr: 0.370245
13:13:05 Train 98/98 - loss: 0.1244 - acc: 0.9550
Epoch 63/300, lr: 0.369098
13:13:36 Train 98/98 - loss: 0.1176 - acc: 0.9587
Epoch 64/300, lr: 0.367931
13:14:07 Train 98/98 - loss: 0.1225 - acc: 0.9567
Epoch 65/300, lr: 0.366745
13:14:37 Train 98/98 - loss: 0.1096 - acc: 0.9618
13:14:40 Valid 10/10 - loss: 0.4194 - acc: 0.8763
Epoch 66/300, lr: 0.365539
13:15:10 Train 98/98 - loss: 0.1185 - acc: 0.9581
Epoch 67/300, lr: 0.364313
13:15:41 Train 98/98 - loss: 0.1147 - acc: 0.9592
Epoch 68/300, lr: 0.363068
13:16:12 Train 98/98 - loss: 0.1127 - acc: 0.9597
Epoch 69/300, lr: 0.361804
13:16:42 Train 98/98 - loss: 0.1119 - acc: 0.9597
Epoch 70/300, lr: 0.360521
13:17:13 Train 98/98 - loss: 0.1148 - acc: 0.9599
13:17:15 Valid 10/10 - loss: 0.4769 - acc: 0.8650
Epoch 71/300, lr: 0.359220
13:17:46 Train 98/98 - loss: 0.1111 - acc: 0.9604
Epoch 72/300, lr: 0.357899
13:18:17 Train 98/98 - loss: 0.1041 - acc: 0.9621
Epoch 73/300, lr: 0.356560
13:18:47 Train 98/98 - loss: 0.1095 - acc: 0.9606
Epoch 74/300, lr: 0.355203
13:19:18 Train 98/98 - loss: 0.1110 - acc: 0.9598
Epoch 75/300, lr: 0.353827
13:19:49 Train 98/98 - loss: 0.1065 - acc: 0.9626
13:19:51 Valid 10/10 - loss: 0.3700 - acc: 0.8898
Epoch 76/300, lr: 0.352434
13:20:22 Train 98/98 - loss: 0.1049 - acc: 0.9622
Epoch 77/300, lr: 0.351022
13:20:53 Train 98/98 - loss: 0.1017 - acc: 0.9655
Epoch 78/300, lr: 0.349593
13:21:23 Train 98/98 - loss: 0.1043 - acc: 0.9634
Epoch 79/300, lr: 0.348146
13:21:54 Train 98/98 - loss: 0.1035 - acc: 0.9630
Epoch 80/300, lr: 0.346682
13:22:25 Train 98/98 - loss: 0.1043 - acc: 0.9637
13:22:27 Valid 10/10 - loss: 0.3927 - acc: 0.8765
Epoch 81/300, lr: 0.345200
13:22:58 Train 98/98 - loss: 0.0986 - acc: 0.9645
Epoch 82/300, lr: 0.343702
13:23:29 Train 98/98 - loss: 0.1059 - acc: 0.9620
Epoch 83/300, lr: 0.342187
13:23:59 Train 98/98 - loss: 0.1019 - acc: 0.9639
Epoch 84/300, lr: 0.340655
13:24:30 Train 98/98 - loss: 0.0963 - acc: 0.9652
Epoch 85/300, lr: 0.339106
13:25:01 Train 98/98 - loss: 0.0933 - acc: 0.9670
13:25:03 Valid 10/10 - loss: 0.4493 - acc: 0.8743
Epoch 86/300, lr: 0.337541
13:25:34 Train 98/98 - loss: 0.0971 - acc: 0.9658
Epoch 87/300, lr: 0.335961
13:26:04 Train 98/98 - loss: 0.0964 - acc: 0.9658
Epoch 88/300, lr: 0.334364
13:26:35 Train 98/98 - loss: 0.1012 - acc: 0.9648
Epoch 89/300, lr: 0.332751
13:27:06 Train 98/98 - loss: 0.0877 - acc: 0.9690
Epoch 90/300, lr: 0.331123
13:27:36 Train 98/98 - loss: 0.0848 - acc: 0.9703
13:27:39 Valid 10/10 - loss: 0.3596 - acc: 0.8940
Epoch 91/300, lr: 0.329479
13:28:10 Train 98/98 - loss: 0.0939 - acc: 0.9664
Epoch 92/300, lr: 0.327820
13:28:40 Train 98/98 - loss: 0.0997 - acc: 0.9648
Epoch 93/300, lr: 0.326146
13:29:11 Train 98/98 - loss: 0.0897 - acc: 0.9676
Epoch 94/300, lr: 0.324458
13:29:41 Train 98/98 - loss: 0.0887 - acc: 0.9682
Epoch 95/300, lr: 0.322754
13:30:12 Train 98/98 - loss: 0.0913 - acc: 0.9686
13:30:15 Valid 10/10 - loss: 0.3780 - acc: 0.8903
Epoch 96/300, lr: 0.321037
13:30:45 Train 98/98 - loss: 0.0932 - acc: 0.9670
Epoch 97/300, lr: 0.319305
13:31:16 Train 98/98 - loss: 0.0895 - acc: 0.9689
Epoch 98/300, lr: 0.317559
13:31:46 Train 98/98 - loss: 0.0884 - acc: 0.9686
Epoch 99/300, lr: 0.315799
13:32:17 Train 98/98 - loss: 0.0819 - acc: 0.9709
Epoch 100/300, lr: 0.314026
13:32:48 Train 98/98 - loss: 0.0830 - acc: 0.9705
Save checkpoint at /home/aistudio/checkpoints/CIFAR10-ShuffleNetV2/epoch_100
13:32:51 Valid 10/10 - loss: 0.4289 - acc: 0.8808
Epoch 101/300, lr: 0.312240
13:33:21 Train 98/98 - loss: 0.0849 - acc: 0.9704
Epoch 102/300, lr: 0.310440
13:33:52 Train 98/98 - loss: 0.0870 - acc: 0.9696
Epoch 103/300, lr: 0.308627
13:34:22 Train 98/98 - loss: 0.0869 - acc: 0.9694
Epoch 104/300, lr: 0.306802
13:34:53 Train 98/98 - loss: 0.0870 - acc: 0.9696
Epoch 105/300, lr: 0.304964
13:35:24 Train 98/98 - loss: 0.0804 - acc: 0.9716
13:35:26 Valid 10/10 - loss: 0.3450 - acc: 0.9019
Epoch 106/300, lr: 0.303113
13:35:57 Train 98/98 - loss: 0.0762 - acc: 0.9722
Epoch 107/300, lr: 0.301251
13:36:28 Train 98/98 - loss: 0.0840 - acc: 0.9699
Epoch 108/300, lr: 0.299376
13:36:58 Train 98/98 - loss: 0.0830 - acc: 0.9708
Epoch 109/300, lr: 0.297490
13:37:29 Train 98/98 - loss: 0.0720 - acc: 0.9753
Epoch 110/300, lr: 0.295593
13:38:00 Train 98/98 - loss: 0.0752 - acc: 0.9737
13:38:02 Valid 10/10 - loss: 0.3304 - acc: 0.9035
Epoch 111/300, lr: 0.293684
13:38:33 Train 98/98 - loss: 0.0756 - acc: 0.9732
Epoch 112/300, lr: 0.291765
13:39:04 Train 98/98 - loss: 0.0804 - acc: 0.9724
Epoch 113/300, lr: 0.289834
13:39:34 Train 98/98 - loss: 0.0821 - acc: 0.9716
Epoch 114/300, lr: 0.287893
13:40:05 Train 98/98 - loss: 0.0700 - acc: 0.9764
Epoch 115/300, lr: 0.285942
13:40:36 Train 98/98 - loss: 0.0721 - acc: 0.9744
13:40:38 Valid 10/10 - loss: 0.3469 - acc: 0.9020
Epoch 116/300, lr: 0.283981
13:41:09 Train 98/98 - loss: 0.0760 - acc: 0.9734
Epoch 117/300, lr: 0.282010
13:41:40 Train 98/98 - loss: 0.0686 - acc: 0.9768
Epoch 118/300, lr: 0.280029
13:42:10 Train 98/98 - loss: 0.0740 - acc: 0.9739
Epoch 119/300, lr: 0.278038
13:42:41 Train 98/98 - loss: 0.0677 - acc: 0.9766
Epoch 120/300, lr: 0.276039
13:43:12 Train 98/98 - loss: 0.0694 - acc: 0.9760
13:43:14 Valid 10/10 - loss: 0.3406 - acc: 0.9033
Epoch 121/300, lr: 0.274031
13:43:45 Train 98/98 - loss: 0.0704 - acc: 0.9753
Epoch 122/300, lr: 0.272014
13:44:16 Train 98/98 - loss: 0.0675 - acc: 0.9765
Epoch 123/300, lr: 0.269988
13:44:46 Train 98/98 - loss: 0.0665 - acc: 0.9764
Epoch 124/300, lr: 0.267955
13:45:17 Train 98/98 - loss: 0.0673 - acc: 0.9767
Epoch 125/300, lr: 0.265913
13:45:48 Train 98/98 - loss: 0.0695 - acc: 0.9758
13:45:50 Valid 10/10 - loss: 0.3812 - acc: 0.8930
Epoch 126/300, lr: 0.263864
13:46:21 Train 98/98 - loss: 0.0668 - acc: 0.9762
Epoch 127/300, lr: 0.261807
13:46:51 Train 98/98 - loss: 0.0653 - acc: 0.9772
Epoch 128/300, lr: 0.259743
13:47:22 Train 98/98 - loss: 0.0643 - acc: 0.9777
Epoch 129/300, lr: 0.257672
13:47:53 Train 98/98 - loss: 0.0694 - acc: 0.9750
Epoch 130/300, lr: 0.255594
13:48:23 Train 98/98 - loss: 0.0644 - acc: 0.9779
13:48:26 Valid 10/10 - loss: 0.3447 - acc: 0.9023
Epoch 131/300, lr: 0.253509
13:48:57 Train 98/98 - loss: 0.0574 - acc: 0.9801
Epoch 132/300, lr: 0.251419
13:49:27 Train 98/98 - loss: 0.0615 - acc: 0.9795
Epoch 133/300, lr: 0.249322
13:49:58 Train 98/98 - loss: 0.0599 - acc: 0.9794
Epoch 134/300, lr: 0.247219
13:50:29 Train 98/98 - loss: 0.0598 - acc: 0.9792
Epoch 135/300, lr: 0.245111
13:51:00 Train 98/98 - loss: 0.0557 - acc: 0.9811
13:51:02 Valid 10/10 - loss: 0.3353 - acc: 0.9075
Epoch 136/300, lr: 0.242998
13:51:33 Train 98/98 - loss: 0.0569 - acc: 0.9800
Epoch 137/300, lr: 0.240880
13:52:04 Train 98/98 - loss: 0.0564 - acc: 0.9806
Epoch 138/300, lr: 0.238756
13:52:34 Train 98/98 - loss: 0.0539 - acc: 0.9814
Epoch 139/300, lr: 0.236629
13:53:05 Train 98/98 - loss: 0.0575 - acc: 0.9798
Epoch 140/300, lr: 0.234497
13:53:36 Train 98/98 - loss: 0.0591 - acc: 0.9795
13:53:38 Valid 10/10 - loss: 0.3607 - acc: 0.9010
Epoch 141/300, lr: 0.232361
13:54:09 Train 98/98 - loss: 0.0506 - acc: 0.9827
Epoch 142/300, lr: 0.230221
13:54:40 Train 98/98 - loss: 0.0517 - acc: 0.9826
Epoch 143/300, lr: 0.228077
13:55:10 Train 98/98 - loss: 0.0544 - acc: 0.9811
Epoch 144/300, lr: 0.225931
13:55:41 Train 98/98 - loss: 0.0555 - acc: 0.9806
Epoch 145/300, lr: 0.223781
13:56:12 Train 98/98 - loss: 0.0504 - acc: 0.9823
13:56:14 Valid 10/10 - loss: 0.3603 - acc: 0.9024
Epoch 146/300, lr: 0.221628
13:56:45 Train 98/98 - loss: 0.0514 - acc: 0.9815
Epoch 147/300, lr: 0.219473
13:57:16 Train 98/98 - loss: 0.0481 - acc: 0.9836
Epoch 148/300, lr: 0.217316
13:57:47 Train 98/98 - loss: 0.0473 - acc: 0.9842
Epoch 149/300, lr: 0.215156
13:58:17 Train 98/98 - loss: 0.0472 - acc: 0.9837
Epoch 150/300, lr: 0.212995
13:58:48 Train 98/98 - loss: 0.0455 - acc: 0.9840
13:58:51 Valid 10/10 - loss: 0.3390 - acc: 0.9110
Epoch 151/300, lr: 0.210833
13:59:21 Train 98/98 - loss: 0.0488 - acc: 0.9837
Epoch 152/300, lr: 0.208669
13:59:52 Train 98/98 - loss: 0.0460 - acc: 0.9839
Epoch 153/300, lr: 0.206504
14:00:23 Train 98/98 - loss: 0.0430 - acc: 0.9852
Epoch 154/300, lr: 0.204338
14:00:53 Train 98/98 - loss: 0.0404 - acc: 0.9858
Epoch 155/300, lr: 0.202172
14:01:24 Train 98/98 - loss: 0.0399 - acc: 0.9868
14:01:27 Valid 10/10 - loss: 0.3403 - acc: 0.9116
Epoch 156/300, lr: 0.200005
14:01:57 Train 98/98 - loss: 0.0426 - acc: 0.9848
Epoch 157/300, lr: 0.197838
14:02:28 Train 98/98 - loss: 0.0442 - acc: 0.9851
Epoch 158/300, lr: 0.195672
14:02:59 Train 98/98 - loss: 0.0413 - acc: 0.9859
Epoch 159/300, lr: 0.193506
14:03:29 Train 98/98 - loss: 0.0412 - acc: 0.9862
Epoch 160/300, lr: 0.191341
14:04:00 Train 98/98 - loss: 0.0392 - acc: 0.9863
14:04:03 Valid 10/10 - loss: 0.3317 - acc: 0.9169
Epoch 161/300, lr: 0.189177
14:04:33 Train 98/98 - loss: 0.0337 - acc: 0.9886
Epoch 162/300, lr: 0.187015
14:05:04 Train 98/98 - loss: 0.0340 - acc: 0.9890
Epoch 163/300, lr: 0.184854
14:05:35 Train 98/98 - loss: 0.0366 - acc: 0.9872
Epoch 164/300, lr: 0.182694
14:06:05 Train 98/98 - loss: 0.0407 - acc: 0.9856
Epoch 165/300, lr: 0.180537
14:06:36 Train 98/98 - loss: 0.0361 - acc: 0.9879
14:06:39 Valid 10/10 - loss: 0.3120 - acc: 0.9169
Epoch 166/300, lr: 0.178382
14:07:09 Train 98/98 - loss: 0.0343 - acc: 0.9886
Epoch 167/300, lr: 0.176229
14:07:40 Train 98/98 - loss: 0.0336 - acc: 0.9885
Epoch 168/300, lr: 0.174079
14:08:11 Train 98/98 - loss: 0.0314 - acc: 0.9893
Epoch 169/300, lr: 0.171933
14:08:42 Train 98/98 - loss: 0.0335 - acc: 0.9888
Epoch 170/300, lr: 0.169789
14:09:12 Train 98/98 - loss: 0.0315 - acc: 0.9896
14:09:15 Valid 10/10 - loss: 0.3409 - acc: 0.9123
Epoch 171/300, lr: 0.167649
14:09:46 Train 98/98 - loss: 0.0262 - acc: 0.9917
Epoch 172/300, lr: 0.165513
14:10:16 Train 98/98 - loss: 0.0263 - acc: 0.9914
Epoch 173/300, lr: 0.163381
14:10:47 Train 98/98 - loss: 0.0240 - acc: 0.9922
Epoch 174/300, lr: 0.161254
14:11:18 Train 98/98 - loss: 0.0257 - acc: 0.9914
Epoch 175/300, lr: 0.159130
14:11:48 Train 98/98 - loss: 0.0251 - acc: 0.9916
14:11:51 Valid 10/10 - loss: 0.3150 - acc: 0.9193
Epoch 176/300, lr: 0.157012
14:12:22 Train 98/98 - loss: 0.0268 - acc: 0.9912
Epoch 177/300, lr: 0.154899
14:12:52 Train 98/98 - loss: 0.0237 - acc: 0.9921
Epoch 178/300, lr: 0.152791
14:13:23 Train 98/98 - loss: 0.0245 - acc: 0.9921
Epoch 179/300, lr: 0.150688
14:13:54 Train 98/98 - loss: 0.0258 - acc: 0.9911
Epoch 180/300, lr: 0.148591
14:14:24 Train 98/98 - loss: 0.0208 - acc: 0.9937
14:14:27 Valid 10/10 - loss: 0.3040 - acc: 0.9216
Epoch 181/300, lr: 0.146501
14:14:58 Train 98/98 - loss: 0.0223 - acc: 0.9934
Epoch 182/300, lr: 0.144416
14:15:28 Train 98/98 - loss: 0.0213 - acc: 0.9935
Epoch 183/300, lr: 0.142338
14:15:59 Train 98/98 - loss: 0.0203 - acc: 0.9934
Epoch 184/300, lr: 0.140267
14:16:30 Train 98/98 - loss: 0.0209 - acc: 0.9936
Epoch 185/300, lr: 0.138203
14:17:00 Train 98/98 - loss: 0.0164 - acc: 0.9953
14:17:03 Valid 10/10 - loss: 0.3054 - acc: 0.9234
Epoch 186/300, lr: 0.136146
14:17:34 Train 98/98 - loss: 0.0161 - acc: 0.9949
Epoch 187/300, lr: 0.134097
14:18:04 Train 98/98 - loss: 0.0188 - acc: 0.9940
Epoch 188/300, lr: 0.132055
14:18:35 Train 98/98 - loss: 0.0169 - acc: 0.9951
Epoch 189/300, lr: 0.130022
14:19:06 Train 98/98 - loss: 0.0148 - acc: 0.9954
Epoch 190/300, lr: 0.127996
14:19:36 Train 98/98 - loss: 0.0166 - acc: 0.9949
14:19:39 Valid 10/10 - loss: 0.2846 - acc: 0.9231
Epoch 191/300, lr: 0.125979
14:20:10 Train 98/98 - loss: 0.0153 - acc: 0.9953
Epoch 192/300, lr: 0.123971
14:20:40 Train 98/98 - loss: 0.0152 - acc: 0.9957
Epoch 193/300, lr: 0.121972
14:21:11 Train 98/98 - loss: 0.0138 - acc: 0.9958
Epoch 194/300, lr: 0.119981
14:21:42 Train 98/98 - loss: 0.0115 - acc: 0.9968
Epoch 195/300, lr: 0.118000
14:22:12 Train 98/98 - loss: 0.0132 - acc: 0.9963
14:22:15 Valid 10/10 - loss: 0.2787 - acc: 0.9272
Epoch 196/300, lr: 0.116029
14:22:46 Train 98/98 - loss: 0.0104 - acc: 0.9975
Epoch 197/300, lr: 0.114068
14:23:16 Train 98/98 - loss: 0.0098 - acc: 0.9975
Epoch 198/300, lr: 0.112117
14:23:47 Train 98/98 - loss: 0.0080 - acc: 0.9981
Epoch 199/300, lr: 0.110176
14:24:18 Train 98/98 - loss: 0.0083 - acc: 0.9980
Epoch 200/300, lr: 0.108245
14:24:49 Train 98/98 - loss: 0.0069 - acc: 0.9982
Save checkpoint at /home/aistudio/checkpoints/CIFAR10-ShuffleNetV2/epoch_200
14:24:51 Valid 10/10 - loss: 0.2657 - acc: 0.9319
Epoch 201/300, lr: 0.106326
14:25:22 Train 98/98 - loss: 0.0051 - acc: 0.9989
Epoch 202/300, lr: 0.104417
14:25:53 Train 98/98 - loss: 0.0044 - acc: 0.9992
Epoch 203/300, lr: 0.102520
14:26:23 Train 98/98 - loss: 0.0042 - acc: 0.9991
Epoch 204/300, lr: 0.100634
14:26:54 Train 98/98 - loss: 0.0046 - acc: 0.9991
Epoch 205/300, lr: 0.098759
14:27:25 Train 98/98 - loss: 0.0039 - acc: 0.9993
14:27:27 Valid 10/10 - loss: 0.2471 - acc: 0.9350
Epoch 206/300, lr: 0.096897
14:27:58 Train 98/98 - loss: 0.0031 - acc: 0.9996
Epoch 207/300, lr: 0.095046
14:28:29 Train 98/98 - loss: 0.0022 - acc: 0.9998
Epoch 208/300, lr: 0.093208
14:28:59 Train 98/98 - loss: 0.0020 - acc: 0.9997
Epoch 209/300, lr: 0.091383
14:29:30 Train 98/98 - loss: 0.0016 - acc: 0.9998
Epoch 210/300, lr: 0.089570
14:30:01 Train 98/98 - loss: 0.0018 - acc: 0.9998
14:30:03 Valid 10/10 - loss: 0.2244 - acc: 0.9419
Epoch 211/300, lr: 0.087770
14:30:34 Train 98/98 - loss: 0.0013 - acc: 0.9999
Epoch 212/300, lr: 0.085984
14:31:05 Train 98/98 - loss: 0.0012 - acc: 0.9999
Epoch 213/300, lr: 0.084211
14:31:35 Train 98/98 - loss: 0.0010 - acc: 1.0000
Epoch 214/300, lr: 0.082451
14:32:06 Train 98/98 - loss: 0.0011 - acc: 0.9999
Epoch 215/300, lr: 0.080705
14:32:37 Train 98/98 - loss: 0.0009 - acc: 1.0000
14:32:39 Valid 10/10 - loss: 0.2121 - acc: 0.9439
Epoch 216/300, lr: 0.078973
14:33:10 Train 98/98 - loss: 0.0010 - acc: 1.0000
Epoch 217/300, lr: 0.077256
14:33:41 Train 98/98 - loss: 0.0010 - acc: 1.0000
Epoch 218/300, lr: 0.075552
14:34:11 Train 98/98 - loss: 0.0008 - acc: 1.0000
Epoch 219/300, lr: 0.073864
14:34:42 Train 98/98 - loss: 0.0009 - acc: 1.0000
Epoch 220/300, lr: 0.072190
14:35:13 Train 98/98 - loss: 0.0009 - acc: 1.0000
14:35:15 Valid 10/10 - loss: 0.2128 - acc: 0.9428
Epoch 221/300, lr: 0.070531
14:35:46 Train 98/98 - loss: 0.0010 - acc: 1.0000
Epoch 222/300, lr: 0.068887
14:36:17 Train 98/98 - loss: 0.0009 - acc: 1.0000
Epoch 223/300, lr: 0.067259
14:36:47 Train 98/98 - loss: 0.0008 - acc: 1.0000
Epoch 224/300, lr: 0.065646
14:37:18 Train 98/98 - loss: 0.0010 - acc: 0.9999
Epoch 225/300, lr: 0.064049
14:37:49 Train 98/98 - loss: 0.0009 - acc: 1.0000
14:37:51 Valid 10/10 - loss: 0.2092 - acc: 0.9442
Epoch 226/300, lr: 0.062469
14:38:22 Train 98/98 - loss: 0.0008 - acc: 1.0000
Epoch 227/300, lr: 0.060904
14:38:53 Train 98/98 - loss: 0.0009 - acc: 1.0000
Epoch 228/300, lr: 0.059355
14:39:23 Train 98/98 - loss: 0.0009 - acc: 1.0000
Epoch 229/300, lr: 0.057823
14:39:54 Train 98/98 - loss: 0.0008 - acc: 1.0000
Epoch 230/300, lr: 0.056308
14:40:25 Train 98/98 - loss: 0.0009 - acc: 1.0000
14:40:27 Valid 10/10 - loss: 0.2061 - acc: 0.9440
Epoch 231/300, lr: 0.054810
14:40:58 Train 98/98 - loss: 0.0009 - acc: 1.0000
Epoch 232/300, lr: 0.053328
14:41:29 Train 98/98 - loss: 0.0009 - acc: 1.0000
Epoch 233/300, lr: 0.051864
14:41:59 Train 98/98 - loss: 0.0008 - acc: 1.0000
Epoch 234/300, lr: 0.050417
14:42:30 Train 98/98 - loss: 0.0008 - acc: 1.0000
Epoch 235/300, lr: 0.048988
14:43:00 Train 98/98 - loss: 0.0008 - acc: 1.0000
14:43:03 Valid 10/10 - loss: 0.2023 - acc: 0.9441
Epoch 236/300, lr: 0.047576
14:43:34 Train 98/98 - loss: 0.0008 - acc: 1.0000
Epoch 237/300, lr: 0.046183
14:44:04 Train 98/98 - loss: 0.0008 - acc: 1.0000
Epoch 238/300, lr: 0.044807
14:44:35 Train 98/98 - loss: 0.0008 - acc: 1.0000
Epoch 239/300, lr: 0.043450
14:45:06 Train 98/98 - loss: 0.0008 - acc: 1.0000
Epoch 240/300, lr: 0.042111
14:45:36 Train 98/98 - loss: 0.0008 - acc: 1.0000
14:45:39 Valid 10/10 - loss: 0.2016 - acc: 0.9446
Epoch 241/300, lr: 0.040790
14:46:10 Train 98/98 - loss: 0.0008 - acc: 1.0000
Epoch 242/300, lr: 0.039489
14:46:40 Train 98/98 - loss: 0.0008 - acc: 1.0000
Epoch 243/300, lr: 0.038206
14:47:11 Train 98/98 - loss: 0.0008 - acc: 1.0000
Epoch 244/300, lr: 0.036942
14:47:42 Train 98/98 - loss: 0.0009 - acc: 1.0000
Epoch 245/300, lr: 0.035697
14:48:12 Train 98/98 - loss: 0.0008 - acc: 1.0000
14:48:15 Valid 10/10 - loss: 0.2017 - acc: 0.9447
Epoch 246/300, lr: 0.034471
14:48:46 Train 98/98 - loss: 0.0008 - acc: 1.0000
Epoch 247/300, lr: 0.033265
14:49:16 Train 98/98 - loss: 0.0008 - acc: 1.0000
Epoch 248/300, lr: 0.032079
14:49:47 Train 98/98 - loss: 0.0009 - acc: 1.0000
Epoch 249/300, lr: 0.030912
14:50:17 Train 98/98 - loss: 0.0009 - acc: 1.0000
Epoch 250/300, lr: 0.029765
14:50:48 Train 98/98 - loss: 0.0009 - acc: 1.0000
14:50:51 Valid 10/10 - loss: 0.2008 - acc: 0.9454
Epoch 251/300, lr: 0.028638
14:51:21 Train 98/98 - loss: 0.0008 - acc: 1.0000
Epoch 252/300, lr: 0.027531
14:51:52 Train 98/98 - loss: 0.0008 - acc: 1.0000
Epoch 253/300, lr: 0.026444
14:52:23 Train 98/98 - loss: 0.0008 - acc: 1.0000
Epoch 254/300, lr: 0.025378
14:52:54 Train 98/98 - loss: 0.0008 - acc: 1.0000
Epoch 255/300, lr: 0.024332
14:53:24 Train 98/98 - loss: 0.0008 - acc: 1.0000
14:53:27 Valid 10/10 - loss: 0.2007 - acc: 0.9448
Epoch 256/300, lr: 0.023307
14:53:57 Train 98/98 - loss: 0.0009 - acc: 1.0000
Epoch 257/300, lr: 0.022303
14:54:28 Train 98/98 - loss: 0.0008 - acc: 1.0000
Epoch 258/300, lr: 0.021319
14:54:59 Train 98/98 - loss: 0.0009 - acc: 1.0000
Epoch 259/300, lr: 0.020356
14:55:29 Train 98/98 - loss: 0.0009 - acc: 1.0000
Epoch 260/300, lr: 0.019415
14:56:00 Train 98/98 - loss: 0.0008 - acc: 1.0000
14:56:03 Valid 10/10 - loss: 0.2002 - acc: 0.9446
Epoch 261/300, lr: 0.018494
14:56:33 Train 98/98 - loss: 0.0008 - acc: 1.0000
Epoch 262/300, lr: 0.017595
14:57:04 Train 98/98 - loss: 0.0008 - acc: 1.0000
Epoch 263/300, lr: 0.016718
14:57:35 Train 98/98 - loss: 0.0008 - acc: 1.0000
Epoch 264/300, lr: 0.015862
14:58:05 Train 98/98 - loss: 0.0008 - acc: 1.0000
Epoch 265/300, lr: 0.015027
14:58:36 Train 98/98 - loss: 0.0008 - acc: 1.0000
14:58:38 Valid 10/10 - loss: 0.2011 - acc: 0.9450
Epoch 266/300, lr: 0.014214
14:59:09 Train 98/98 - loss: 0.0008 - acc: 1.0000
Epoch 267/300, lr: 0.013423
14:59:40 Train 98/98 - loss: 0.0008 - acc: 1.0000
Epoch 268/300, lr: 0.012654
15:00:11 Train 98/98 - loss: 0.0008 - acc: 1.0000
Epoch 269/300, lr: 0.011907
15:00:41 Train 98/98 - loss: 0.0008 - acc: 1.0000
Epoch 270/300, lr: 0.011182
15:01:12 Train 98/98 - loss: 0.0009 - acc: 1.0000
15:01:15 Valid 10/10 - loss: 0.2020 - acc: 0.9455
Epoch 271/300, lr: 0.010479
15:01:45 Train 98/98 - loss: 0.0008 - acc: 1.0000
Epoch 272/300, lr: 0.009798
15:02:16 Train 98/98 - loss: 0.0008 - acc: 1.0000
Epoch 273/300, lr: 0.009140
15:02:47 Train 98/98 - loss: 0.0008 - acc: 1.0000
Epoch 274/300, lr: 0.008504
15:03:17 Train 98/98 - loss: 0.0008 - acc: 1.0000
Epoch 275/300, lr: 0.007891
15:03:48 Train 98/98 - loss: 0.0008 - acc: 1.0000
15:03:50 Valid 10/10 - loss: 0.2011 - acc: 0.9448
Epoch 276/300, lr: 0.007300
15:04:21 Train 98/98 - loss: 0.0008 - acc: 1.0000
Epoch 277/300, lr: 0.006732
15:04:52 Train 98/98 - loss: 0.0008 - acc: 1.0000
Epoch 278/300, lr: 0.006186
15:05:22 Train 98/98 - loss: 0.0008 - acc: 1.0000
Epoch 279/300, lr: 0.005663
15:05:53 Train 98/98 - loss: 0.0008 - acc: 1.0000
Epoch 280/300, lr: 0.005163
15:06:24 Train 98/98 - loss: 0.0008 - acc: 1.0000
15:06:26 Valid 10/10 - loss: 0.2017 - acc: 0.9456
Epoch 281/300, lr: 0.004686
15:06:57 Train 98/98 - loss: 0.0008 - acc: 1.0000
Epoch 282/300, lr: 0.004231
15:07:27 Train 98/98 - loss: 0.0008 - acc: 1.0000
Epoch 283/300, lr: 0.003800
15:07:58 Train 98/98 - loss: 0.0009 - acc: 1.0000
Epoch 284/300, lr: 0.003392
15:08:29 Train 98/98 - loss: 0.0008 - acc: 1.0000
Epoch 285/300, lr: 0.003007
15:08:59 Train 98/98 - loss: 0.0008 - acc: 1.0000
15:09:02 Valid 10/10 - loss: 0.2012 - acc: 0.9448
Epoch 286/300, lr: 0.002645
15:09:32 Train 98/98 - loss: 0.0008 - acc: 1.0000
Epoch 287/300, lr: 0.002306
15:10:03 Train 98/98 - loss: 0.0008 - acc: 1.0000
Epoch 288/300, lr: 0.001990
15:10:34 Train 98/98 - loss: 0.0008 - acc: 1.0000
Epoch 289/300, lr: 0.001697
15:11:04 Train 98/98 - loss: 0.0008 - acc: 1.0000
Epoch 290/300, lr: 0.001428
15:11:35 Train 98/98 - loss: 0.0008 - acc: 1.0000
15:11:38 Valid 10/10 - loss: 0.2018 - acc: 0.9453
Epoch 291/300, lr: 0.001182
15:12:08 Train 98/98 - loss: 0.0008 - acc: 1.0000
Epoch 292/300, lr: 0.000960
15:12:39 Train 98/98 - loss: 0.0008 - acc: 1.0000
Epoch 293/300, lr: 0.000761
15:13:09 Train 98/98 - loss: 0.0008 - acc: 1.0000
Epoch 294/300, lr: 0.000585
15:13:40 Train 98/98 - loss: 0.0008 - acc: 1.0000
Epoch 295/300, lr: 0.000432
15:14:11 Train 98/98 - loss: 0.0008 - acc: 1.0000
15:14:13 Valid 10/10 - loss: 0.2003 - acc: 0.9447
Epoch 296/300, lr: 0.000303
15:14:44 Train 98/98 - loss: 0.0008 - acc: 1.0000
Epoch 297/300, lr: 0.000198
15:15:15 Train 98/98 - loss: 0.0008 - acc: 1.0000
Epoch 298/300, lr: 0.000116
15:15:46 Train 98/98 - loss: 0.0008 - acc: 1.0000
Epoch 299/300, lr: 0.000057
15:16:16 Train 98/98 - loss: 0.0008 - acc: 1.0000
Epoch 300/300, lr: 0.000022
15:16:47 Train 98/98 - loss: 0.0008 - acc: 1.0000
Save checkpoint at /home/aistudio/checkpoints/CIFAR10-ShuffleNetV2/epoch_300
15:16:50 Valid 10/10 - loss: 0.2010 - acc: 0.9453
