W0526 00:22:32.875669  1038 device_context.cc:265] Please NOTE: device: 0, CUDA Capability: 70, Driver API Version: 10.1, Runtime API Version: 9.0
W0526 00:22:32.879348  1038 device_context.cc:273] device: 0, cuDNN Version: 7.3.
Epoch 1/300, lr: 0.100306
00:23:08 Train 98/98 - loss: 2.0674 - acc: 0.2624
Epoch 2/300, lr: 0.130000
00:23:40 Train 98/98 - loss: 1.6515 - acc: 0.3852
Epoch 3/300, lr: 0.160000
00:24:12 Train 98/98 - loss: 1.4567 - acc: 0.4676
Epoch 4/300, lr: 0.190000
00:24:44 Train 98/98 - loss: 1.3066 - acc: 0.5321
Epoch 5/300, lr: 0.220000
00:25:17 Train 98/98 - loss: 1.1469 - acc: 0.5926
00:25:19 Valid 10/10 - loss: 1.2004 - acc: 0.5638
Epoch 6/300, lr: 0.250000
00:25:51 Train 98/98 - loss: 1.0116 - acc: 0.6412
Epoch 7/300, lr: 0.280000
00:26:24 Train 98/98 - loss: 0.9110 - acc: 0.6754
Epoch 8/300, lr: 0.310000
00:26:56 Train 98/98 - loss: 0.8225 - acc: 0.7084
Epoch 9/300, lr: 0.340000
00:27:28 Train 98/98 - loss: 0.7527 - acc: 0.7353
Epoch 10/300, lr: 0.370000
00:28:01 Train 98/98 - loss: 0.6997 - acc: 0.7535
00:28:03 Valid 10/10 - loss: 0.8713 - acc: 0.7082
Epoch 11/300, lr: 0.400000
00:28:36 Train 98/98 - loss: 0.6333 - acc: 0.7775
Epoch 12/300, lr: 0.399988
00:29:08 Train 98/98 - loss: 0.5760 - acc: 0.7980
Epoch 13/300, lr: 0.399953
00:29:40 Train 98/98 - loss: 0.5304 - acc: 0.8137
Epoch 14/300, lr: 0.399894
00:30:12 Train 98/98 - loss: 0.4976 - acc: 0.8257
Epoch 15/300, lr: 0.399812
00:30:45 Train 98/98 - loss: 0.4491 - acc: 0.8433
00:30:47 Valid 10/10 - loss: 0.7211 - acc: 0.7611
Epoch 16/300, lr: 0.399707
00:31:20 Train 98/98 - loss: 0.4209 - acc: 0.8527
Epoch 17/300, lr: 0.399578
00:31:52 Train 98/98 - loss: 0.3952 - acc: 0.8631
Epoch 18/300, lr: 0.399425
00:32:24 Train 98/98 - loss: 0.3714 - acc: 0.8703
Epoch 19/300, lr: 0.399249
00:32:57 Train 98/98 - loss: 0.3520 - acc: 0.8765
Epoch 20/300, lr: 0.399050
00:33:29 Train 98/98 - loss: 0.3329 - acc: 0.8829
00:33:31 Valid 10/10 - loss: 0.5502 - acc: 0.8200
Epoch 21/300, lr: 0.398828
00:34:04 Train 98/98 - loss: 0.3163 - acc: 0.8900
Epoch 22/300, lr: 0.398582
00:34:36 Train 98/98 - loss: 0.3027 - acc: 0.8944
Epoch 23/300, lr: 0.398313
00:35:08 Train 98/98 - loss: 0.2899 - acc: 0.8981
Epoch 24/300, lr: 0.398020
00:35:41 Train 98/98 - loss: 0.2780 - acc: 0.9032
Epoch 25/300, lr: 0.397704
00:36:13 Train 98/98 - loss: 0.2671 - acc: 0.9063
00:36:15 Valid 10/10 - loss: 0.4611 - acc: 0.8514
Epoch 26/300, lr: 0.397365
00:36:48 Train 98/98 - loss: 0.2569 - acc: 0.9091
Epoch 27/300, lr: 0.397003
00:37:20 Train 98/98 - loss: 0.2460 - acc: 0.9142
Epoch 28/300, lr: 0.396618
00:37:52 Train 98/98 - loss: 0.2443 - acc: 0.9138
Epoch 29/300, lr: 0.396210
00:38:24 Train 98/98 - loss: 0.2303 - acc: 0.9186
Epoch 30/300, lr: 0.395779
00:38:57 Train 98/98 - loss: 0.2212 - acc: 0.9220
00:38:59 Valid 10/10 - loss: 0.3877 - acc: 0.8760
Epoch 31/300, lr: 0.395324
00:39:31 Train 98/98 - loss: 0.2202 - acc: 0.9218
Epoch 32/300, lr: 0.394847
00:40:04 Train 98/98 - loss: 0.2064 - acc: 0.9274
Epoch 33/300, lr: 0.394347
00:40:36 Train 98/98 - loss: 0.2056 - acc: 0.9270
Epoch 34/300, lr: 0.393824
00:41:08 Train 98/98 - loss: 0.1981 - acc: 0.9310
Epoch 35/300, lr: 0.393278
00:41:40 Train 98/98 - loss: 0.1982 - acc: 0.9286
00:41:43 Valid 10/10 - loss: 0.3781 - acc: 0.8824
Epoch 36/300, lr: 0.392710
00:42:15 Train 98/98 - loss: 0.1907 - acc: 0.9331
Epoch 37/300, lr: 0.392119
00:42:47 Train 98/98 - loss: 0.1870 - acc: 0.9340
Epoch 38/300, lr: 0.391506
00:43:20 Train 98/98 - loss: 0.1821 - acc: 0.9349
Epoch 39/300, lr: 0.390870
00:43:52 Train 98/98 - loss: 0.1809 - acc: 0.9359
Epoch 40/300, lr: 0.390212
00:44:24 Train 98/98 - loss: 0.1752 - acc: 0.9371
00:44:27 Valid 10/10 - loss: 0.4312 - acc: 0.8598
Epoch 41/300, lr: 0.389531
00:44:59 Train 98/98 - loss: 0.1719 - acc: 0.9384
Epoch 42/300, lr: 0.388828
00:45:31 Train 98/98 - loss: 0.1641 - acc: 0.9412
Epoch 43/300, lr: 0.388103
00:46:03 Train 98/98 - loss: 0.1663 - acc: 0.9404
Epoch 44/300, lr: 0.387356
00:46:36 Train 98/98 - loss: 0.1660 - acc: 0.9398
Epoch 45/300, lr: 0.386587
00:47:08 Train 98/98 - loss: 0.1616 - acc: 0.9427
00:47:11 Valid 10/10 - loss: 0.4337 - acc: 0.8612
Epoch 46/300, lr: 0.385796
00:47:43 Train 98/98 - loss: 0.1644 - acc: 0.9425
Epoch 47/300, lr: 0.384983
00:48:15 Train 98/98 - loss: 0.1546 - acc: 0.9450
Epoch 48/300, lr: 0.384148
00:48:47 Train 98/98 - loss: 0.1532 - acc: 0.9453
Epoch 49/300, lr: 0.383292
00:49:20 Train 98/98 - loss: 0.1594 - acc: 0.9436
Epoch 50/300, lr: 0.382415
00:49:52 Train 98/98 - loss: 0.1545 - acc: 0.9448
00:49:55 Valid 10/10 - loss: 0.4990 - acc: 0.8538
Epoch 51/300, lr: 0.381516
00:50:27 Train 98/98 - loss: 0.1517 - acc: 0.9469
Epoch 52/300, lr: 0.380595
00:50:59 Train 98/98 - loss: 0.1528 - acc: 0.9454
Epoch 53/300, lr: 0.379654
00:51:31 Train 98/98 - loss: 0.1497 - acc: 0.9463
Epoch 54/300, lr: 0.378691
00:52:04 Train 98/98 - loss: 0.1451 - acc: 0.9493
Epoch 55/300, lr: 0.377707
00:52:36 Train 98/98 - loss: 0.1408 - acc: 0.9506
00:52:38 Valid 10/10 - loss: 0.4535 - acc: 0.8668
Epoch 56/300, lr: 0.376703
00:53:11 Train 98/98 - loss: 0.1386 - acc: 0.9500
Epoch 57/300, lr: 0.375678
00:53:43 Train 98/98 - loss: 0.1403 - acc: 0.9499
Epoch 58/300, lr: 0.374632
00:54:15 Train 98/98 - loss: 0.1433 - acc: 0.9491
Epoch 59/300, lr: 0.373566
00:54:47 Train 98/98 - loss: 0.1358 - acc: 0.9516
Epoch 60/300, lr: 0.372479
00:55:20 Train 98/98 - loss: 0.1354 - acc: 0.9523
00:55:22 Valid 10/10 - loss: 0.4429 - acc: 0.8656
Epoch 61/300, lr: 0.371372
00:55:54 Train 98/98 - loss: 0.1328 - acc: 0.9535
Epoch 62/300, lr: 0.370245
00:56:27 Train 98/98 - loss: 0.1334 - acc: 0.9524
Epoch 63/300, lr: 0.369098
00:56:59 Train 98/98 - loss: 0.1293 - acc: 0.9546
Epoch 64/300, lr: 0.367931
00:57:31 Train 98/98 - loss: 0.1291 - acc: 0.9524
Epoch 65/300, lr: 0.366745
00:58:03 Train 98/98 - loss: 0.1272 - acc: 0.9554
00:58:06 Valid 10/10 - loss: 0.3816 - acc: 0.8850
Epoch 66/300, lr: 0.365539
00:58:38 Train 98/98 - loss: 0.1319 - acc: 0.9528
Epoch 67/300, lr: 0.364313
00:59:10 Train 98/98 - loss: 0.1221 - acc: 0.9578
Epoch 68/300, lr: 0.363068
00:59:43 Train 98/98 - loss: 0.1254 - acc: 0.9554
Epoch 69/300, lr: 0.361804
01:00:15 Train 98/98 - loss: 0.1250 - acc: 0.9554
Epoch 70/300, lr: 0.360521
01:00:47 Train 98/98 - loss: 0.1237 - acc: 0.9557
01:00:50 Valid 10/10 - loss: 0.4934 - acc: 0.8582
Epoch 71/300, lr: 0.359220
01:01:22 Train 98/98 - loss: 0.1243 - acc: 0.9565
Epoch 72/300, lr: 0.357899
01:01:54 Train 98/98 - loss: 0.1180 - acc: 0.9583
Epoch 73/300, lr: 0.356560
01:02:26 Train 98/98 - loss: 0.1238 - acc: 0.9550
Epoch 74/300, lr: 0.355203
01:02:58 Train 98/98 - loss: 0.1211 - acc: 0.9564
Epoch 75/300, lr: 0.353827
01:03:31 Train 98/98 - loss: 0.1179 - acc: 0.9584
01:03:33 Valid 10/10 - loss: 0.4549 - acc: 0.8670
Epoch 76/300, lr: 0.352434
01:04:06 Train 98/98 - loss: 0.1174 - acc: 0.9579
Epoch 77/300, lr: 0.351022
01:04:38 Train 98/98 - loss: 0.1177 - acc: 0.9591
Epoch 78/300, lr: 0.349593
01:05:10 Train 98/98 - loss: 0.1155 - acc: 0.9589
Epoch 79/300, lr: 0.348146
01:05:42 Train 98/98 - loss: 0.1154 - acc: 0.9590
Epoch 80/300, lr: 0.346682
01:06:15 Train 98/98 - loss: 0.1116 - acc: 0.9620
01:06:17 Valid 10/10 - loss: 0.3893 - acc: 0.8816
Epoch 81/300, lr: 0.345200
01:06:50 Train 98/98 - loss: 0.1128 - acc: 0.9596
Epoch 82/300, lr: 0.343702
01:07:22 Train 98/98 - loss: 0.1097 - acc: 0.9609
Epoch 83/300, lr: 0.342187
01:07:54 Train 98/98 - loss: 0.1043 - acc: 0.9633
Epoch 84/300, lr: 0.340655
01:08:26 Train 98/98 - loss: 0.1064 - acc: 0.9625
Epoch 85/300, lr: 0.339106
01:08:59 Train 98/98 - loss: 0.1061 - acc: 0.9630
01:09:01 Valid 10/10 - loss: 0.4495 - acc: 0.8702
Epoch 86/300, lr: 0.337541
01:09:33 Train 98/98 - loss: 0.1089 - acc: 0.9614
Epoch 87/300, lr: 0.335961
01:10:06 Train 98/98 - loss: 0.1070 - acc: 0.9615
Epoch 88/300, lr: 0.334364
01:10:38 Train 98/98 - loss: 0.1066 - acc: 0.9618
Epoch 89/300, lr: 0.332751
01:11:10 Train 98/98 - loss: 0.0979 - acc: 0.9651
Epoch 90/300, lr: 0.331123
01:11:42 Train 98/98 - loss: 0.1042 - acc: 0.9634
01:11:45 Valid 10/10 - loss: 0.3655 - acc: 0.8913
Epoch 91/300, lr: 0.329479
01:12:17 Train 98/98 - loss: 0.1011 - acc: 0.9643
Epoch 92/300, lr: 0.327820
01:12:50 Train 98/98 - loss: 0.0980 - acc: 0.9652
Epoch 93/300, lr: 0.326146
01:13:22 Train 98/98 - loss: 0.0954 - acc: 0.9664
Epoch 94/300, lr: 0.324458
01:13:54 Train 98/98 - loss: 0.0992 - acc: 0.9648
Epoch 95/300, lr: 0.322754
01:14:26 Train 98/98 - loss: 0.0931 - acc: 0.9667
01:14:29 Valid 10/10 - loss: 0.3896 - acc: 0.8845
Epoch 96/300, lr: 0.321037
01:15:01 Train 98/98 - loss: 0.1022 - acc: 0.9636
Epoch 97/300, lr: 0.319305
01:15:33 Train 98/98 - loss: 0.1021 - acc: 0.9640
Epoch 98/300, lr: 0.317559
01:16:06 Train 98/98 - loss: 0.0909 - acc: 0.9691
Epoch 99/300, lr: 0.315799
01:16:38 Train 98/98 - loss: 0.0942 - acc: 0.9668
Epoch 100/300, lr: 0.314026
01:17:10 Train 98/98 - loss: 0.0958 - acc: 0.9679
Save checkpoint at /home/aistudio/checkpoints/CIFAR10-ShuffleNetV2/epoch_100
01:17:13 Valid 10/10 - loss: 0.4323 - acc: 0.8794
Epoch 101/300, lr: 0.312240
01:17:45 Train 98/98 - loss: 0.0928 - acc: 0.9673
Epoch 102/300, lr: 0.310440
01:18:17 Train 98/98 - loss: 0.0890 - acc: 0.9683
Epoch 103/300, lr: 0.308627
01:18:50 Train 98/98 - loss: 0.0933 - acc: 0.9677
Epoch 104/300, lr: 0.306802
01:19:22 Train 98/98 - loss: 0.0910 - acc: 0.9680
Epoch 105/300, lr: 0.304964
01:19:54 Train 98/98 - loss: 0.0878 - acc: 0.9690
01:19:57 Valid 10/10 - loss: 0.3729 - acc: 0.8909
Epoch 106/300, lr: 0.303113
01:20:29 Train 98/98 - loss: 0.0851 - acc: 0.9700
Epoch 107/300, lr: 0.301251
01:21:01 Train 98/98 - loss: 0.0888 - acc: 0.9693
Epoch 108/300, lr: 0.299376
01:21:33 Train 98/98 - loss: 0.0867 - acc: 0.9697
Epoch 109/300, lr: 0.297490
01:22:05 Train 98/98 - loss: 0.0807 - acc: 0.9719
Epoch 110/300, lr: 0.295593
01:22:38 Train 98/98 - loss: 0.0803 - acc: 0.9720
01:22:40 Valid 10/10 - loss: 0.3471 - acc: 0.8974
Epoch 111/300, lr: 0.293684
01:23:13 Train 98/98 - loss: 0.0893 - acc: 0.9687
Epoch 112/300, lr: 0.291765
01:23:45 Train 98/98 - loss: 0.0849 - acc: 0.9700
Epoch 113/300, lr: 0.289834
01:24:17 Train 98/98 - loss: 0.0821 - acc: 0.9713
Epoch 114/300, lr: 0.287893
01:24:49 Train 98/98 - loss: 0.0836 - acc: 0.9709
Epoch 115/300, lr: 0.285942
01:25:21 Train 98/98 - loss: 0.0785 - acc: 0.9716
01:25:24 Valid 10/10 - loss: 0.3697 - acc: 0.8906
Epoch 116/300, lr: 0.283981
01:25:56 Train 98/98 - loss: 0.0808 - acc: 0.9719
Epoch 117/300, lr: 0.282010
01:26:29 Train 98/98 - loss: 0.0824 - acc: 0.9713
Epoch 118/300, lr: 0.280029
01:27:01 Train 98/98 - loss: 0.0751 - acc: 0.9729
Epoch 119/300, lr: 0.278038
01:27:33 Train 98/98 - loss: 0.0756 - acc: 0.9733
Epoch 120/300, lr: 0.276039
01:28:05 Train 98/98 - loss: 0.0762 - acc: 0.9733
01:28:08 Valid 10/10 - loss: 0.3736 - acc: 0.8953
Epoch 121/300, lr: 0.274031
01:28:40 Train 98/98 - loss: 0.0728 - acc: 0.9742
Epoch 122/300, lr: 0.272014
01:29:12 Train 98/98 - loss: 0.0758 - acc: 0.9733
Epoch 123/300, lr: 0.269988
01:29:44 Train 98/98 - loss: 0.0705 - acc: 0.9750
Epoch 124/300, lr: 0.267955
01:30:17 Train 98/98 - loss: 0.0664 - acc: 0.9765
Epoch 125/300, lr: 0.265913
01:30:49 Train 98/98 - loss: 0.0643 - acc: 0.9773
01:30:51 Valid 10/10 - loss: 0.3978 - acc: 0.8889
Epoch 126/300, lr: 0.263864
01:31:24 Train 98/98 - loss: 0.0779 - acc: 0.9730
Epoch 127/300, lr: 0.261807
01:31:56 Train 98/98 - loss: 0.0712 - acc: 0.9754
Epoch 128/300, lr: 0.259743
01:32:28 Train 98/98 - loss: 0.0640 - acc: 0.9775
Epoch 129/300, lr: 0.257672
01:33:00 Train 98/98 - loss: 0.0709 - acc: 0.9748
Epoch 130/300, lr: 0.255594
01:33:33 Train 98/98 - loss: 0.0713 - acc: 0.9752
01:33:35 Valid 10/10 - loss: 0.3428 - acc: 0.9016
Epoch 131/300, lr: 0.253509
01:34:07 Train 98/98 - loss: 0.0670 - acc: 0.9763
Epoch 132/300, lr: 0.251419
01:34:40 Train 98/98 - loss: 0.0638 - acc: 0.9774
Epoch 133/300, lr: 0.249322
01:35:12 Train 98/98 - loss: 0.0581 - acc: 0.9800
Epoch 134/300, lr: 0.247219
01:35:44 Train 98/98 - loss: 0.0686 - acc: 0.9764
Epoch 135/300, lr: 0.245111
01:36:16 Train 98/98 - loss: 0.0674 - acc: 0.9761
01:36:19 Valid 10/10 - loss: 0.3360 - acc: 0.9062
Epoch 136/300, lr: 0.242998
01:36:51 Train 98/98 - loss: 0.0640 - acc: 0.9783
Epoch 137/300, lr: 0.240880
01:37:23 Train 98/98 - loss: 0.0591 - acc: 0.9792
Epoch 138/300, lr: 0.238756
01:37:56 Train 98/98 - loss: 0.0644 - acc: 0.9775
Epoch 139/300, lr: 0.236629
01:38:28 Train 98/98 - loss: 0.0577 - acc: 0.9798
Epoch 140/300, lr: 0.234497
01:39:00 Train 98/98 - loss: 0.0608 - acc: 0.9787
01:39:03 Valid 10/10 - loss: 0.3571 - acc: 0.9029
Epoch 141/300, lr: 0.232361
01:39:35 Train 98/98 - loss: 0.0600 - acc: 0.9796
Epoch 142/300, lr: 0.230221
01:40:07 Train 98/98 - loss: 0.0552 - acc: 0.9806
Epoch 143/300, lr: 0.228077
01:40:39 Train 98/98 - loss: 0.0520 - acc: 0.9818
Epoch 144/300, lr: 0.225931
01:41:12 Train 98/98 - loss: 0.0556 - acc: 0.9806
Epoch 145/300, lr: 0.223781
01:41:44 Train 98/98 - loss: 0.0553 - acc: 0.9809
01:41:47 Valid 10/10 - loss: 0.3566 - acc: 0.9022
Epoch 146/300, lr: 0.221628
01:42:19 Train 98/98 - loss: 0.0544 - acc: 0.9814
Epoch 147/300, lr: 0.219473
01:42:51 Train 98/98 - loss: 0.0552 - acc: 0.9801
Epoch 148/300, lr: 0.217316
01:43:23 Train 98/98 - loss: 0.0526 - acc: 0.9820
Epoch 149/300, lr: 0.215156
01:43:56 Train 98/98 - loss: 0.0529 - acc: 0.9815
Epoch 150/300, lr: 0.212995
01:44:28 Train 98/98 - loss: 0.0488 - acc: 0.9829
01:44:30 Valid 10/10 - loss: 0.3457 - acc: 0.9044
Epoch 151/300, lr: 0.210833
01:45:03 Train 98/98 - loss: 0.0487 - acc: 0.9836
Epoch 152/300, lr: 0.208669
01:45:35 Train 98/98 - loss: 0.0451 - acc: 0.9846
Epoch 153/300, lr: 0.206504
01:46:07 Train 98/98 - loss: 0.0419 - acc: 0.9860
Epoch 154/300, lr: 0.204338
01:46:39 Train 98/98 - loss: 0.0434 - acc: 0.9854
Epoch 155/300, lr: 0.202172
01:47:11 Train 98/98 - loss: 0.0465 - acc: 0.9838
01:47:14 Valid 10/10 - loss: 0.3199 - acc: 0.9136
Epoch 156/300, lr: 0.200005
01:47:46 Train 98/98 - loss: 0.0495 - acc: 0.9831
Epoch 157/300, lr: 0.197838
01:48:19 Train 98/98 - loss: 0.0459 - acc: 0.9845
Epoch 158/300, lr: 0.195672
01:48:51 Train 98/98 - loss: 0.0434 - acc: 0.9854
Epoch 159/300, lr: 0.193506
01:49:23 Train 98/98 - loss: 0.0500 - acc: 0.9827
Epoch 160/300, lr: 0.191341
01:49:55 Train 98/98 - loss: 0.0460 - acc: 0.9839
01:49:58 Valid 10/10 - loss: 0.3449 - acc: 0.9062
Epoch 161/300, lr: 0.189177
01:50:30 Train 98/98 - loss: 0.0498 - acc: 0.9828
Epoch 162/300, lr: 0.187015
01:51:02 Train 98/98 - loss: 0.0426 - acc: 0.9855
Epoch 163/300, lr: 0.184854
01:51:35 Train 98/98 - loss: 0.0369 - acc: 0.9877
Epoch 164/300, lr: 0.182694
01:52:07 Train 98/98 - loss: 0.0364 - acc: 0.9875
Epoch 165/300, lr: 0.180537
01:52:39 Train 98/98 - loss: 0.0415 - acc: 0.9858
01:52:42 Valid 10/10 - loss: 0.4026 - acc: 0.8917
Epoch 166/300, lr: 0.178382
01:53:14 Train 98/98 - loss: 0.0375 - acc: 0.9874
Epoch 167/300, lr: 0.176229
01:53:47 Train 98/98 - loss: 0.0321 - acc: 0.9893
Epoch 168/300, lr: 0.174079
01:54:19 Train 98/98 - loss: 0.0337 - acc: 0.9891
Epoch 169/300, lr: 0.171933
01:54:51 Train 98/98 - loss: 0.0320 - acc: 0.9890
Epoch 170/300, lr: 0.169789
01:55:23 Train 98/98 - loss: 0.0330 - acc: 0.9888
01:55:26 Valid 10/10 - loss: 0.3233 - acc: 0.9149
Epoch 171/300, lr: 0.167649
01:55:58 Train 98/98 - loss: 0.0364 - acc: 0.9875
Epoch 172/300, lr: 0.165513
01:56:30 Train 98/98 - loss: 0.0353 - acc: 0.9880
Epoch 173/300, lr: 0.163381
01:57:02 Train 98/98 - loss: 0.0362 - acc: 0.9875
Epoch 174/300, lr: 0.161254
01:57:35 Train 98/98 - loss: 0.0318 - acc: 0.9890
Epoch 175/300, lr: 0.159130
01:58:07 Train 98/98 - loss: 0.0233 - acc: 0.9924
01:58:10 Valid 10/10 - loss: 0.3083 - acc: 0.9207
Epoch 176/300, lr: 0.157012
01:58:42 Train 98/98 - loss: 0.0266 - acc: 0.9917
Epoch 177/300, lr: 0.154899
01:59:14 Train 98/98 - loss: 0.0259 - acc: 0.9918
Epoch 178/300, lr: 0.152791
01:59:47 Train 98/98 - loss: 0.0252 - acc: 0.9918
Epoch 179/300, lr: 0.150688
02:00:19 Train 98/98 - loss: 0.0287 - acc: 0.9902
Epoch 180/300, lr: 0.148591
02:00:51 Train 98/98 - loss: 0.0298 - acc: 0.9902
02:00:54 Valid 10/10 - loss: 0.3422 - acc: 0.9148
Epoch 181/300, lr: 0.146501
02:01:26 Train 98/98 - loss: 0.0316 - acc: 0.9893
Epoch 182/300, lr: 0.144416
02:01:58 Train 98/98 - loss: 0.0303 - acc: 0.9903
Epoch 183/300, lr: 0.142338
02:02:31 Train 98/98 - loss: 0.0240 - acc: 0.9924
Epoch 184/300, lr: 0.140267
02:03:03 Train 98/98 - loss: 0.0203 - acc: 0.9939
Epoch 185/300, lr: 0.138203
02:03:35 Train 98/98 - loss: 0.0202 - acc: 0.9935
02:03:38 Valid 10/10 - loss: 0.3154 - acc: 0.9194
Epoch 186/300, lr: 0.136146
02:04:10 Train 98/98 - loss: 0.0231 - acc: 0.9923
Epoch 187/300, lr: 0.134097
02:04:42 Train 98/98 - loss: 0.0215 - acc: 0.9931
Epoch 188/300, lr: 0.132055
02:05:15 Train 98/98 - loss: 0.0165 - acc: 0.9950
Epoch 189/300, lr: 0.130022
02:05:47 Train 98/98 - loss: 0.0156 - acc: 0.9952
Epoch 190/300, lr: 0.127996
02:06:19 Train 98/98 - loss: 0.0127 - acc: 0.9964
02:06:22 Valid 10/10 - loss: 0.2992 - acc: 0.9246
Epoch 191/300, lr: 0.125979
02:06:54 Train 98/98 - loss: 0.0121 - acc: 0.9967
Epoch 192/300, lr: 0.123971
02:07:27 Train 98/98 - loss: 0.0121 - acc: 0.9967
Epoch 193/300, lr: 0.121972
02:07:59 Train 98/98 - loss: 0.0090 - acc: 0.9978
Epoch 194/300, lr: 0.119981
02:08:31 Train 98/98 - loss: 0.0106 - acc: 0.9970
Epoch 195/300, lr: 0.118000
02:09:04 Train 98/98 - loss: 0.0107 - acc: 0.9971
02:09:06 Valid 10/10 - loss: 0.3118 - acc: 0.9228
Epoch 196/300, lr: 0.116029
02:09:38 Train 98/98 - loss: 0.0105 - acc: 0.9972
Epoch 197/300, lr: 0.114068
02:10:11 Train 98/98 - loss: 0.0132 - acc: 0.9959
Epoch 198/300, lr: 0.112117
02:10:43 Train 98/98 - loss: 0.0123 - acc: 0.9966
Epoch 199/300, lr: 0.110176
02:11:15 Train 98/98 - loss: 0.0092 - acc: 0.9974
Epoch 200/300, lr: 0.108245
02:11:48 Train 98/98 - loss: 0.0083 - acc: 0.9979
Save checkpoint at /home/aistudio/checkpoints/CIFAR10-ShuffleNetV2/epoch_200
02:11:51 Valid 10/10 - loss: 0.2831 - acc: 0.9273
Epoch 201/300, lr: 0.106326
02:12:23 Train 98/98 - loss: 0.0076 - acc: 0.9984
Epoch 202/300, lr: 0.104417
02:12:55 Train 98/98 - loss: 0.0066 - acc: 0.9984
Epoch 203/300, lr: 0.102520
02:13:27 Train 98/98 - loss: 0.0051 - acc: 0.9991
Epoch 204/300, lr: 0.100634
02:14:00 Train 98/98 - loss: 0.0036 - acc: 0.9994
Epoch 205/300, lr: 0.098759
02:14:32 Train 98/98 - loss: 0.0029 - acc: 0.9994
02:14:34 Valid 10/10 - loss: 0.2455 - acc: 0.9390
Epoch 206/300, lr: 0.096897
02:15:07 Train 98/98 - loss: 0.0023 - acc: 0.9997
Epoch 207/300, lr: 0.095046
02:15:39 Train 98/98 - loss: 0.0026 - acc: 0.9996
Epoch 208/300, lr: 0.093208
02:16:11 Train 98/98 - loss: 0.0024 - acc: 0.9996
Epoch 209/300, lr: 0.091383
02:16:43 Train 98/98 - loss: 0.0022 - acc: 0.9998
Epoch 210/300, lr: 0.089570
02:17:16 Train 98/98 - loss: 0.0020 - acc: 0.9998
02:17:18 Valid 10/10 - loss: 0.2260 - acc: 0.9404
Epoch 211/300, lr: 0.087770
02:17:50 Train 98/98 - loss: 0.0016 - acc: 0.9999
Epoch 212/300, lr: 0.085984
02:18:23 Train 98/98 - loss: 0.0015 - acc: 0.9999
Epoch 213/300, lr: 0.084211
02:18:55 Train 98/98 - loss: 0.0011 - acc: 1.0000
Epoch 214/300, lr: 0.082451
02:19:27 Train 98/98 - loss: 0.0012 - acc: 0.9998
Epoch 215/300, lr: 0.080705
02:19:59 Train 98/98 - loss: 0.0011 - acc: 1.0000
02:20:02 Valid 10/10 - loss: 0.2225 - acc: 0.9436
Epoch 216/300, lr: 0.078973
02:20:34 Train 98/98 - loss: 0.0009 - acc: 1.0000
Epoch 217/300, lr: 0.077256
02:21:07 Train 98/98 - loss: 0.0009 - acc: 1.0000
Epoch 218/300, lr: 0.075552
02:21:39 Train 98/98 - loss: 0.0008 - acc: 1.0000
Epoch 219/300, lr: 0.073864
02:22:11 Train 98/98 - loss: 0.0008 - acc: 1.0000
Epoch 220/300, lr: 0.072190
02:22:44 Train 98/98 - loss: 0.0008 - acc: 1.0000
02:22:46 Valid 10/10 - loss: 0.2160 - acc: 0.9430
Epoch 221/300, lr: 0.070531
02:23:19 Train 98/98 - loss: 0.0008 - acc: 1.0000
Epoch 222/300, lr: 0.068887
02:23:51 Train 98/98 - loss: 0.0008 - acc: 1.0000
Epoch 223/300, lr: 0.067259
02:24:23 Train 98/98 - loss: 0.0008 - acc: 1.0000
Epoch 224/300, lr: 0.065646
02:24:56 Train 98/98 - loss: 0.0009 - acc: 1.0000
Epoch 225/300, lr: 0.064049
02:25:28 Train 98/98 - loss: 0.0008 - acc: 1.0000
02:25:31 Valid 10/10 - loss: 0.2110 - acc: 0.9436
Epoch 226/300, lr: 0.062469
02:26:03 Train 98/98 - loss: 0.0007 - acc: 1.0000
Epoch 227/300, lr: 0.060904
02:26:35 Train 98/98 - loss: 0.0008 - acc: 1.0000
Epoch 228/300, lr: 0.059355
02:27:08 Train 98/98 - loss: 0.0008 - acc: 1.0000
Epoch 229/300, lr: 0.057823
02:27:40 Train 98/98 - loss: 0.0008 - acc: 1.0000
Epoch 230/300, lr: 0.056308
02:28:12 Train 98/98 - loss: 0.0008 - acc: 1.0000
02:28:15 Valid 10/10 - loss: 0.2075 - acc: 0.9445
Epoch 231/300, lr: 0.054810
02:28:47 Train 98/98 - loss: 0.0008 - acc: 1.0000
Epoch 232/300, lr: 0.053328
02:29:19 Train 98/98 - loss: 0.0009 - acc: 1.0000
Epoch 233/300, lr: 0.051864
02:29:52 Train 98/98 - loss: 0.0008 - acc: 1.0000
Epoch 234/300, lr: 0.050417
02:30:24 Train 98/98 - loss: 0.0008 - acc: 1.0000
Epoch 235/300, lr: 0.048988
02:30:57 Train 98/98 - loss: 0.0008 - acc: 1.0000
02:30:59 Valid 10/10 - loss: 0.2050 - acc: 0.9447
Epoch 236/300, lr: 0.047576
02:31:32 Train 98/98 - loss: 0.0008 - acc: 1.0000
Epoch 237/300, lr: 0.046183
02:32:04 Train 98/98 - loss: 0.0007 - acc: 1.0000
Epoch 238/300, lr: 0.044807
02:32:36 Train 98/98 - loss: 0.0008 - acc: 1.0000
Epoch 239/300, lr: 0.043450
02:33:09 Train 98/98 - loss: 0.0008 - acc: 1.0000
Epoch 240/300, lr: 0.042111
02:33:41 Train 98/98 - loss: 0.0008 - acc: 1.0000
02:33:44 Valid 10/10 - loss: 0.2039 - acc: 0.9454
Epoch 241/300, lr: 0.040790
02:34:16 Train 98/98 - loss: 0.0008 - acc: 1.0000
Epoch 242/300, lr: 0.039489
02:34:48 Train 98/98 - loss: 0.0008 - acc: 1.0000
Epoch 243/300, lr: 0.038206
02:35:20 Train 98/98 - loss: 0.0008 - acc: 1.0000
Epoch 244/300, lr: 0.036942
02:35:53 Train 98/98 - loss: 0.0008 - acc: 1.0000
Epoch 245/300, lr: 0.035697
02:36:25 Train 98/98 - loss: 0.0008 - acc: 1.0000
02:36:28 Valid 10/10 - loss: 0.2073 - acc: 0.9436
Epoch 246/300, lr: 0.034471
02:37:00 Train 98/98 - loss: 0.0008 - acc: 1.0000
Epoch 247/300, lr: 0.033265
02:37:33 Train 98/98 - loss: 0.0008 - acc: 1.0000
Epoch 248/300, lr: 0.032079
02:38:05 Train 98/98 - loss: 0.0008 - acc: 1.0000
Epoch 249/300, lr: 0.030912
02:38:37 Train 98/98 - loss: 0.0008 - acc: 1.0000
Epoch 250/300, lr: 0.029765
02:39:09 Train 98/98 - loss: 0.0008 - acc: 1.0000
02:39:12 Valid 10/10 - loss: 0.2025 - acc: 0.9436
Epoch 251/300, lr: 0.028638
02:39:44 Train 98/98 - loss: 0.0008 - acc: 1.0000
Epoch 252/300, lr: 0.027531
02:40:17 Train 98/98 - loss: 0.0008 - acc: 1.0000
Epoch 253/300, lr: 0.026444
02:40:49 Train 98/98 - loss: 0.0008 - acc: 1.0000
Epoch 254/300, lr: 0.025378
02:41:21 Train 98/98 - loss: 0.0008 - acc: 1.0000
Epoch 255/300, lr: 0.024332
02:41:54 Train 98/98 - loss: 0.0008 - acc: 1.0000
02:41:56 Valid 10/10 - loss: 0.2033 - acc: 0.9431
Epoch 256/300, lr: 0.023307
02:42:29 Train 98/98 - loss: 0.0008 - acc: 1.0000
Epoch 257/300, lr: 0.022303
02:43:01 Train 98/98 - loss: 0.0008 - acc: 1.0000
Epoch 258/300, lr: 0.021319
02:43:33 Train 98/98 - loss: 0.0008 - acc: 1.0000
Epoch 259/300, lr: 0.020356
02:44:06 Train 98/98 - loss: 0.0007 - acc: 1.0000
Epoch 260/300, lr: 0.019415
02:44:38 Train 98/98 - loss: 0.0007 - acc: 1.0000
02:44:40 Valid 10/10 - loss: 0.2020 - acc: 0.9445
Epoch 261/300, lr: 0.018494
02:45:13 Train 98/98 - loss: 0.0008 - acc: 1.0000
Epoch 262/300, lr: 0.017595
02:45:45 Train 98/98 - loss: 0.0008 - acc: 1.0000
Epoch 263/300, lr: 0.016718
02:46:18 Train 98/98 - loss: 0.0008 - acc: 1.0000
Epoch 264/300, lr: 0.015862
02:46:50 Train 98/98 - loss: 0.0008 - acc: 1.0000
Epoch 265/300, lr: 0.015027
02:47:22 Train 98/98 - loss: 0.0008 - acc: 1.0000
02:47:25 Valid 10/10 - loss: 0.2032 - acc: 0.9446
Epoch 266/300, lr: 0.014214
02:47:57 Train 98/98 - loss: 0.0008 - acc: 1.0000
Epoch 267/300, lr: 0.013423
02:48:29 Train 98/98 - loss: 0.0008 - acc: 1.0000
Epoch 268/300, lr: 0.012654
02:49:02 Train 98/98 - loss: 0.0007 - acc: 1.0000
Epoch 269/300, lr: 0.011907
02:49:34 Train 98/98 - loss: 0.0008 - acc: 1.0000
Epoch 270/300, lr: 0.011182
02:50:06 Train 98/98 - loss: 0.0008 - acc: 1.0000
02:50:09 Valid 10/10 - loss: 0.2029 - acc: 0.9438
Epoch 271/300, lr: 0.010479
02:50:41 Train 98/98 - loss: 0.0007 - acc: 1.0000
Epoch 272/300, lr: 0.009798
02:51:14 Train 98/98 - loss: 0.0008 - acc: 1.0000
Epoch 273/300, lr: 0.009140
02:51:46 Train 98/98 - loss: 0.0008 - acc: 1.0000
Epoch 274/300, lr: 0.008504
02:52:18 Train 98/98 - loss: 0.0008 - acc: 1.0000
Epoch 275/300, lr: 0.007891
02:52:50 Train 98/98 - loss: 0.0008 - acc: 1.0000
02:52:53 Valid 10/10 - loss: 0.2030 - acc: 0.9444
Epoch 276/300, lr: 0.007300
02:53:25 Train 98/98 - loss: 0.0008 - acc: 1.0000
Epoch 277/300, lr: 0.006732
02:53:58 Train 98/98 - loss: 0.0007 - acc: 1.0000
Epoch 278/300, lr: 0.006186
02:54:30 Train 98/98 - loss: 0.0008 - acc: 1.0000
Epoch 279/300, lr: 0.005663
02:55:02 Train 98/98 - loss: 0.0008 - acc: 1.0000
Epoch 280/300, lr: 0.005163
02:55:35 Train 98/98 - loss: 0.0007 - acc: 1.0000
02:55:37 Valid 10/10 - loss: 0.2036 - acc: 0.9434
Epoch 281/300, lr: 0.004686
02:56:10 Train 98/98 - loss: 0.0008 - acc: 1.0000
Epoch 282/300, lr: 0.004231
02:56:42 Train 98/98 - loss: 0.0008 - acc: 1.0000
Epoch 283/300, lr: 0.003800
02:57:15 Train 98/98 - loss: 0.0008 - acc: 1.0000
Epoch 284/300, lr: 0.003392
02:57:47 Train 98/98 - loss: 0.0008 - acc: 1.0000
Epoch 285/300, lr: 0.003007
02:58:19 Train 98/98 - loss: 0.0007 - acc: 1.0000
02:58:22 Valid 10/10 - loss: 0.2031 - acc: 0.9443
Epoch 286/300, lr: 0.002645
02:58:54 Train 98/98 - loss: 0.0007 - acc: 1.0000
Epoch 287/300, lr: 0.002306
02:59:27 Train 98/98 - loss: 0.0008 - acc: 1.0000
Epoch 288/300, lr: 0.001990
02:59:59 Train 98/98 - loss: 0.0007 - acc: 1.0000
Epoch 289/300, lr: 0.001697
03:00:31 Train 98/98 - loss: 0.0007 - acc: 1.0000
Epoch 290/300, lr: 0.001428
03:01:03 Train 98/98 - loss: 0.0008 - acc: 1.0000
03:01:06 Valid 10/10 - loss: 0.2033 - acc: 0.9445
Epoch 291/300, lr: 0.001182
03:01:38 Train 98/98 - loss: 0.0008 - acc: 1.0000
Epoch 292/300, lr: 0.000960
03:02:11 Train 98/98 - loss: 0.0008 - acc: 1.0000
Epoch 293/300, lr: 0.000761
03:02:43 Train 98/98 - loss: 0.0008 - acc: 1.0000
Epoch 294/300, lr: 0.000585
03:03:15 Train 98/98 - loss: 0.0008 - acc: 1.0000
Epoch 295/300, lr: 0.000432
03:03:47 Train 98/98 - loss: 0.0008 - acc: 1.0000
03:03:50 Valid 10/10 - loss: 0.2018 - acc: 0.9440
Epoch 296/300, lr: 0.000303
03:04:22 Train 98/98 - loss: 0.0008 - acc: 1.0000
Epoch 297/300, lr: 0.000198
03:04:55 Train 98/98 - loss: 0.0007 - acc: 1.0000
Epoch 298/300, lr: 0.000116
03:05:27 Train 98/98 - loss: 0.0008 - acc: 1.0000
Epoch 299/300, lr: 0.000057
03:05:59 Train 98/98 - loss: 0.0008 - acc: 1.0000
Epoch 300/300, lr: 0.000022
03:06:32 Train 98/98 - loss: 0.0007 - acc: 1.0000
Save checkpoint at /home/aistudio/checkpoints/CIFAR10-ShuffleNetV2/epoch_300
03:06:35 Valid 10/10 - loss: 0.2027 - acc: 0.9445
