Epoch 1/120
WARNING:tensorflow:From /usr/local/lib/python3.6/dist-packages/tensorflow/python/data/ops/multi_device_iterator_ops.py:601: get_next_as_optional (from tensorflow.python.data.ops.iterator_ops) is deprecated and will be removed in a future version.
Instructions for updating:
Use `tf.data.Iterator.get_next_as_optional()` instead.
WARNING:tensorflow:From /usr/local/lib/python3.6/dist-packages/tensorflow/python/data/ops/multi_device_iterator_ops.py:601: get_next_as_optional (from tensorflow.python.data.ops.iterator_ops) is deprecated and will be removed in a future version.
Instructions for updating:
Use `tf.data.Iterator.get_next_as_optional()` instead.
296/296 - 193s - loss: 3.0920 - val_loss: 0.7112
Epoch 2/120
296/296 - 94s - loss: 0.4839 - val_loss: 0.4034
Epoch 3/120
296/296 - 94s - loss: 0.3283 - val_loss: 0.2777
Epoch 4/120
296/296 - 94s - loss: 0.2431 - val_loss: 0.6628
Epoch 5/120
296/296 - 94s - loss: 0.1944 - val_loss: 0.1935
Epoch 6/120
296/296 - 94s - loss: 0.1422 - val_loss: 0.1318
Epoch 7/120
296/296 - 94s - loss: 0.1133 - val_loss: 0.1143
Epoch 8/120
296/296 - 94s - loss: 0.0982 - val_loss: 0.1045
Epoch 9/120
296/296 - 94s - loss: 0.0893 - val_loss: 0.0995
Epoch 10/120
296/296 - 94s - loss: 0.0858 - val_loss: 0.0960
Epoch 11/120
296/296 - 94s - loss: 0.0818 - val_loss: 0.0950
Epoch 12/120
296/296 - 94s - loss: 0.0771 - val_loss: 0.0882
Epoch 13/120
296/296 - 94s - loss: 0.0745 - val_loss: 0.0862
Epoch 14/120
296/296 - 94s - loss: 0.0727 - val_loss: 0.0792
Epoch 15/120
296/296 - 94s - loss: 0.0713 - val_loss: 0.0814
Epoch 16/120
296/296 - 94s - loss: 0.0699 - val_loss: 0.0790
Epoch 17/120
296/296 - 94s - loss: 0.0689 - val_loss: 0.0743
Epoch 18/120
296/296 - 94s - loss: 0.0688 - val_loss: 0.0897
Epoch 19/120
296/296 - 94s - loss: 0.0696 - val_loss: 0.0995
Epoch 20/120
296/296 - 94s - loss: 0.0704 - val_loss: 0.0888
Epoch 21/120
296/296 - 94s - loss: 0.0659 - val_loss: 0.0780
Epoch 22/120
296/296 - 94s - loss: 0.0646 - val_loss: 0.0904
Epoch 23/120
296/296 - 94s - loss: 0.0637 - val_loss: 1.0307
Epoch 24/120
296/296 - 94s - loss: 0.0662 - val_loss: 0.1473
Epoch 25/120
296/296 - 94s - loss: 0.0650 - val_loss: 0.0726
Epoch 26/120
296/296 - 94s - loss: 0.0700 - val_loss: 0.0840
Epoch 27/120
296/296 - 94s - loss: 0.0730 - val_loss: 0.6477
Epoch 28/120
296/296 - 94s - loss: 0.0659 - val_loss: 0.0844
Epoch 29/120
296/296 - 94s - loss: 0.0608 - val_loss: 0.4072
Epoch 30/120
296/296 - 94s - loss: 0.0598 - val_loss: 1.0065
Epoch 31/120
296/296 - 94s - loss: 0.0587 - val_loss: 0.0986
Epoch 32/120
296/296 - 94s - loss: 0.0577 - val_loss: 0.1139
Epoch 33/120
296/296 - 94s - loss: 0.0560 - val_loss: 0.0729
Epoch 34/120
296/296 - 94s - loss: 0.0546 - val_loss: 0.0614
Epoch 35/120
296/296 - 94s - loss: 0.0543 - val_loss: 1.0125
Epoch 36/120
296/296 - 94s - loss: 0.0538 - val_loss: 0.0895
Epoch 37/120
296/296 - 94s - loss: 0.0535 - val_loss: 0.0861
Epoch 38/120
296/296 - 94s - loss: 0.0512 - val_loss: 0.0728
Epoch 39/120
296/296 - 94s - loss: 0.0515 - val_loss: 0.0699
Epoch 40/120
296/296 - 94s - loss: 0.0505 - val_loss: 0.1023
Epoch 41/120
296/296 - 94s - loss: 0.0489 - val_loss: 0.3161
Epoch 42/120
296/296 - 94s - loss: 0.0492 - val_loss: 0.0801
Epoch 43/120
296/296 - 94s - loss: 0.0488 - val_loss: 0.1049
Epoch 44/120
296/296 - 94s - loss: 0.0480 - val_loss: 0.1089
Epoch 45/120
296/296 - 94s - loss: 0.0476 - val_loss: 0.2094
Epoch 46/120
296/296 - 94s - loss: 0.0485 - val_loss: 0.2136
Epoch 47/120
296/296 - 94s - loss: 0.0475 - val_loss: 0.0896
Epoch 48/120
296/296 - 94s - loss: 0.0472 - val_loss: 0.0775
Epoch 49/120
296/296 - 94s - loss: 0.0445 - val_loss: 0.0529
Epoch 50/120
296/296 - 94s - loss: 0.0440 - val_loss: 0.0626
Epoch 51/120
296/296 - 94s - loss: 0.0423 - val_loss: 0.0508
Epoch 52/120
296/296 - 94s - loss: 0.0417 - val_loss: 0.0618
Epoch 53/120
296/296 - 94s - loss: 0.0427 - val_loss: 0.0557
Epoch 54/120
296/296 - 94s - loss: 0.0404 - val_loss: 0.0516
Epoch 55/120
296/296 - 94s - loss: 0.0418 - val_loss: 0.0566
Epoch 56/120
296/296 - 94s - loss: 0.0609 - val_loss: 0.0496
Epoch 57/120
296/296 - 94s - loss: 0.0496 - val_loss: 0.1368
Epoch 58/120
296/296 - 94s - loss: 0.0445 - val_loss: 0.0530
Epoch 59/120
296/296 - 94s - loss: 0.0350 - val_loss: 0.0450
Epoch 60/120
296/296 - 94s - loss: 0.0330 - val_loss: 0.0387
Epoch 61/120
296/296 - 94s - loss: 0.0314 - val_loss: 0.0462
Epoch 62/120
296/296 - 94s - loss: 0.0304 - val_loss: 0.0356
Epoch 63/120
296/296 - 94s - loss: 0.0294 - val_loss: 0.0417
Epoch 64/120
296/296 - 94s - loss: 0.0289 - val_loss: 0.0425
Epoch 65/120
296/296 - 94s - loss: 0.0281 - val_loss: 0.0347
Epoch 66/120
296/296 - 94s - loss: 0.0266 - val_loss: 1.1094
Epoch 67/120
296/296 - 94s - loss: 0.0257 - val_loss: 0.0302
Epoch 68/120
296/296 - 94s - loss: 0.0247 - val_loss: 0.0320
Epoch 69/120
296/296 - 94s - loss: 0.0242 - val_loss: 0.0343
Epoch 70/120
296/296 - 94s - loss: 0.0232 - val_loss: 0.0282
Epoch 71/120
296/296 - 94s - loss: 0.0229 - val_loss: 0.0317
Epoch 72/120
296/296 - 94s - loss: 0.0220 - val_loss: 0.0284
Epoch 73/120
296/296 - 94s - loss: 0.0224 - val_loss: 0.0330
Epoch 74/120
296/296 - 94s - loss: 0.0220 - val_loss: 0.0263
Epoch 75/120
296/296 - 94s - loss: 0.0212 - val_loss: 0.0250
Epoch 76/120
296/296 - 94s - loss: 0.0208 - val_loss: 0.0262
Epoch 77/120
296/296 - 94s - loss: 0.0197 - val_loss: 0.0274
Epoch 78/120
296/296 - 97s - loss: 0.0182 - val_loss: 0.0220
Epoch 79/120
296/296 - 94s - loss: 0.0174 - val_loss: 0.0216
Epoch 80/120
296/296 - 94s - loss: 0.0203 - val_loss: 0.0236
Epoch 81/120
296/296 - 94s - loss: 0.0166 - val_loss: 0.0207
Epoch 82/120
296/296 - 94s - loss: 0.0160 - val_loss: 0.0194
Epoch 83/120
296/296 - 94s - loss: 0.0149 - val_loss: 0.0212
Epoch 84/120
296/296 - 94s - loss: 0.0142 - val_loss: 0.0198
Epoch 85/120
296/296 - 94s - loss: 0.0136 - val_loss: 0.0165
Epoch 86/120
296/296 - 94s - loss: 0.0131 - val_loss: 0.0161
Epoch 87/120
296/296 - 94s - loss: 0.0127 - val_loss: 0.0167
Epoch 88/120
296/296 - 94s - loss: 0.0122 - val_loss: 0.0156
Epoch 89/120
296/296 - 94s - loss: 0.0118 - val_loss: 0.0149
Epoch 90/120
296/296 - 94s - loss: 0.0114 - val_loss: 0.0143
Epoch 91/120
296/296 - 94s - loss: 0.0109 - val_loss: 0.0139
Epoch 92/120
296/296 - 94s - loss: 0.0106 - val_loss: 0.0131
Epoch 93/120
296/296 - 94s - loss: 0.0102 - val_loss: 0.0129
Epoch 94/120
296/296 - 94s - loss: 0.0099 - val_loss: 0.0126
Epoch 95/120
296/296 - 94s - loss: 0.0096 - val_loss: 0.0123
Epoch 96/120
296/296 - 94s - loss: 0.0093 - val_loss: 0.0125
Epoch 97/120
296/296 - 94s - loss: 0.0091 - val_loss: 0.0119
Epoch 98/120
296/296 - 94s - loss: 0.0087 - val_loss: 0.0114
Epoch 99/120
296/296 - 94s - loss: 0.0084 - val_loss: 0.0116
Epoch 100/120
296/296 - 94s - loss: 0.0082 - val_loss: 0.0109
Epoch 101/120
296/296 - 94s - loss: 0.0083 - val_loss: 0.0123
Epoch 102/120
296/296 - 94s - loss: 0.0080 - val_loss: 0.0106
Epoch 103/120
296/296 - 94s - loss: 0.0077 - val_loss: 0.0104
Epoch 104/120
296/296 - 94s - loss: 0.0075 - val_loss: 0.0104
Epoch 105/120
296/296 - 94s - loss: 0.0073 - val_loss: 0.0102
Epoch 106/120
296/296 - 94s - loss: 0.0072 - val_loss: 0.0100
Epoch 107/120
296/296 - 94s - loss: 0.0070 - val_loss: 0.0099
Epoch 108/120
296/296 - 94s - loss: 0.0069 - val_loss: 0.0098
Epoch 109/120
296/296 - 94s - loss: 0.0069 - val_loss: 0.0098
Epoch 110/120
296/296 - 94s - loss: 0.0068 - val_loss: 0.0098
Epoch 111/120
296/296 - 94s - loss: 0.0066 - val_loss: 0.0096
Epoch 112/120
296/296 - 94s - loss: 0.0066 - val_loss: 0.0096
Epoch 113/120
296/296 - 94s - loss: 0.0065 - val_loss: 0.0095
Epoch 114/120
296/296 - 94s - loss: 0.0064 - val_loss: 0.0095
Epoch 115/120
296/296 - 94s - loss: 0.0064 - val_loss: 0.0095
Epoch 116/120
296/296 - 94s - loss: 0.0063 - val_loss: 0.0094
Epoch 117/120
296/296 - 94s - loss: 0.0063 - val_loss: 0.0095
Epoch 118/120
296/296 - 95s - loss: 0.0063 - val_loss: 0.0094
Epoch 119/120
296/296 - 94s - loss: 0.0063 - val_loss: 0.0094
Epoch 120/120
296/296 - 95s - loss: 0.0063 - val_loss: 0.0094