Epoch 1/120
WARNING:tensorflow:From /usr/local/lib/python3.6/dist-packages/tensorflow/python/data/ops/multi_device_iterator_ops.py:601: get_next_as_optional (from tensorflow.python.data.ops.iterator_ops) is deprecated and will be removed in a future version.
Instructions for updating:
Use `tf.data.Iterator.get_next_as_optional()` instead.
WARNING:tensorflow:From /usr/local/lib/python3.6/dist-packages/tensorflow/python/data/ops/multi_device_iterator_ops.py:601: get_next_as_optional (from tensorflow.python.data.ops.iterator_ops) is deprecated and will be removed in a future version.
Instructions for updating:
Use `tf.data.Iterator.get_next_as_optional()` instead.
296/296 - 54s - loss: 2.2419 - val_loss: 1.0105
Epoch 2/120
296/296 - 11s - loss: 1.0351 - val_loss: 1.0168
Epoch 3/120
296/296 - 11s - loss: 0.5754 - val_loss: 0.9013
Epoch 4/120
296/296 - 11s - loss: 0.3406 - val_loss: 0.4116
Epoch 5/120
296/296 - 11s - loss: 0.2902 - val_loss: 0.3899
Epoch 6/120
296/296 - 11s - loss: 0.2588 - val_loss: 0.3338
Epoch 7/120
296/296 - 11s - loss: 0.2345 - val_loss: 0.2840
Epoch 8/120
296/296 - 11s - loss: 0.2183 - val_loss: 0.3094
Epoch 9/120
296/296 - 11s - loss: 0.2080 - val_loss: 0.2464
Epoch 10/120
296/296 - 11s - loss: 0.2003 - val_loss: 0.2254
Epoch 11/120
296/296 - 11s - loss: 0.1943 - val_loss: 0.2280
Epoch 12/120
296/296 - 11s - loss: 0.1902 - val_loss: 0.2428
Epoch 13/120
296/296 - 11s - loss: 0.1870 - val_loss: 0.2521
Epoch 14/120
296/296 - 11s - loss: 0.1843 - val_loss: 0.2379
Epoch 15/120
296/296 - 11s - loss: 0.1822 - val_loss: 0.2499
Epoch 16/120
296/296 - 11s - loss: 0.1793 - val_loss: 0.2429
Epoch 17/120
296/296 - 11s - loss: 0.1779 - val_loss: 0.2284
Epoch 18/120
296/296 - 11s - loss: 0.1763 - val_loss: 0.2385
Epoch 19/120
296/296 - 11s - loss: 0.1744 - val_loss: 0.2160
Epoch 20/120
296/296 - 11s - loss: 0.1734 - val_loss: 0.2455
Epoch 21/120
296/296 - 11s - loss: 0.1717 - val_loss: 0.2073
Epoch 22/120
296/296 - 11s - loss: 0.1708 - val_loss: 0.2363
Epoch 23/120
296/296 - 11s - loss: 0.1696 - val_loss: 0.2085
Epoch 24/120
296/296 - 11s - loss: 0.1682 - val_loss: 0.2347
Epoch 25/120
296/296 - 11s - loss: 0.1674 - val_loss: 0.1975
Epoch 26/120
296/296 - 11s - loss: 0.1664 - val_loss: 0.2018
Epoch 27/120
296/296 - 11s - loss: 0.1653 - val_loss: 0.2250
Epoch 28/120
296/296 - 11s - loss: 0.1641 - val_loss: 0.2018
Epoch 29/120
296/296 - 11s - loss: 0.1632 - val_loss: 0.1934
Epoch 30/120
296/296 - 11s - loss: 0.1623 - val_loss: 0.2042
Epoch 31/120
296/296 - 11s - loss: 0.1619 - val_loss: 0.2154
Epoch 32/120
296/296 - 11s - loss: 0.1604 - val_loss: 0.2132
Epoch 33/120
296/296 - 11s - loss: 0.1594 - val_loss: 0.1973
Epoch 34/120
296/296 - 11s - loss: 0.1594 - val_loss: 0.1837
Epoch 35/120
296/296 - 11s - loss: 0.1579 - val_loss: 0.2155
Epoch 36/120
296/296 - 11s - loss: 0.1568 - val_loss: 0.2006
Epoch 37/120
296/296 - 11s - loss: 0.1566 - val_loss: 0.1966
Epoch 38/120
296/296 - 11s - loss: 0.1555 - val_loss: 0.2055
Epoch 39/120
296/296 - 11s - loss: 0.1544 - val_loss: 0.1887
Epoch 40/120
296/296 - 11s - loss: 0.1534 - val_loss: 0.1939
Epoch 41/120
296/296 - 11s - loss: 0.1526 - val_loss: 0.1875
Epoch 42/120
296/296 - 11s - loss: 0.1523 - val_loss: 0.1764
Epoch 43/120
296/296 - 11s - loss: 0.1505 - val_loss: 0.1885
Epoch 44/120
296/296 - 11s - loss: 0.1499 - val_loss: 0.1865
Epoch 45/120
296/296 - 11s - loss: 0.1491 - val_loss: 0.1936
Epoch 46/120
296/296 - 11s - loss: 0.1480 - val_loss: 0.1814
Epoch 47/120
296/296 - 11s - loss: 0.1476 - val_loss: 0.1691
Epoch 48/120
296/296 - 11s - loss: 0.1465 - val_loss: 0.1659
Epoch 49/120
296/296 - 11s - loss: 0.1459 - val_loss: 0.4084
Epoch 50/120
296/296 - 11s - loss: 0.1446 - val_loss: 0.1721
Epoch 51/120
296/296 - 11s - loss: 0.1436 - val_loss: 0.1632
Epoch 52/120
296/296 - 11s - loss: 0.1425 - val_loss: 0.1621
Epoch 53/120
296/296 - 11s - loss: 0.1416 - val_loss: 0.1638
Epoch 54/120
296/296 - 11s - loss: 0.1408 - val_loss: 0.1587
Epoch 55/120
296/296 - 11s - loss: 0.1402 - val_loss: 0.2262
Epoch 56/120
296/296 - 11s - loss: 0.1389 - val_loss: 0.1518
Epoch 57/120
296/296 - 11s - loss: 0.1381 - val_loss: 0.1511
Epoch 58/120
296/296 - 11s - loss: 0.1367 - val_loss: 0.1593
Epoch 59/120
296/296 - 11s - loss: 0.1362 - val_loss: 0.1535
Epoch 60/120
296/296 - 11s - loss: 0.1355 - val_loss: 0.1633
Epoch 61/120
296/296 - 11s - loss: 0.1342 - val_loss: 0.1406
Epoch 62/120
296/296 - 11s - loss: 0.1332 - val_loss: 0.1491
Epoch 63/120
296/296 - 11s - loss: 0.1318 - val_loss: 0.1547
Epoch 64/120
296/296 - 11s - loss: 0.1313 - val_loss: 0.1428
Epoch 65/120
296/296 - 12s - loss: 0.1305 - val_loss: 0.1356
Epoch 66/120
296/296 - 11s - loss: 0.1296 - val_loss: 0.1435
Epoch 67/120
296/296 - 11s - loss: 0.1282 - val_loss: 0.1361
Epoch 68/120
296/296 - 11s - loss: 0.1275 - val_loss: 0.1372
Epoch 69/120
296/296 - 11s - loss: 0.1261 - val_loss: 0.1284
Epoch 70/120
296/296 - 11s - loss: 0.1255 - val_loss: 0.1255
Epoch 71/120
296/296 - 11s - loss: 0.1246 - val_loss: 0.1248
Epoch 72/120
296/296 - 11s - loss: 0.1235 - val_loss: 0.1244
Epoch 73/120
296/296 - 11s - loss: 0.1227 - val_loss: 0.1276
Epoch 74/120
296/296 - 11s - loss: 0.1218 - val_loss: 0.1228
Epoch 75/120
296/296 - 11s - loss: 0.1208 - val_loss: 0.1313
Epoch 76/120
296/296 - 11s - loss: 0.1202 - val_loss: 0.1193
Epoch 77/120
296/296 - 11s - loss: 0.1193 - val_loss: 0.1214
Epoch 78/120
296/296 - 11s - loss: 0.1183 - val_loss: 0.1152
Epoch 79/120
296/296 - 11s - loss: 0.1175 - val_loss: 0.1164
Epoch 80/120
296/296 - 11s - loss: 0.1168 - val_loss: 0.1172
Epoch 81/120
296/296 - 11s - loss: 0.1158 - val_loss: 0.1131
Epoch 82/120
296/296 - 11s - loss: 0.1151 - val_loss: 0.1091
Epoch 83/120
296/296 - 11s - loss: 0.1146 - val_loss: 0.1204
Epoch 84/120
296/296 - 11s - loss: 0.1137 - val_loss: 0.1075
Epoch 85/120
296/296 - 11s - loss: 0.1128 - val_loss: 0.1069
Epoch 86/120
296/296 - 11s - loss: 0.1120 - val_loss: 0.1056
Epoch 87/120
296/296 - 11s - loss: 0.1114 - val_loss: 0.1032
Epoch 88/120
296/296 - 11s - loss: 0.1109 - val_loss: 0.1047
Epoch 89/120
296/296 - 11s - loss: 0.1102 - val_loss: 0.1045
Epoch 90/120
296/296 - 11s - loss: 0.1094 - val_loss: 0.1006
Epoch 91/120
296/296 - 11s - loss: 0.1090 - val_loss: 0.1002
Epoch 92/120
296/296 - 11s - loss: 0.1083 - val_loss: 0.1002
Epoch 93/120
296/296 - 11s - loss: 0.1076 - val_loss: 0.0998
Epoch 94/120
296/296 - 11s - loss: 0.1071 - val_loss: 0.0974
Epoch 95/120
296/296 - 11s - loss: 0.1065 - val_loss: 0.0985
Epoch 96/120
296/296 - 11s - loss: 0.1059 - val_loss: 0.0979
Epoch 97/120
296/296 - 11s - loss: 0.1055 - val_loss: 0.0966
Epoch 98/120
296/296 - 11s - loss: 0.1050 - val_loss: 0.0953
Epoch 99/120
296/296 - 11s - loss: 0.1046 - val_loss: 0.0949
Epoch 100/120
296/296 - 11s - loss: 0.1040 - val_loss: 0.0943
Epoch 101/120
296/296 - 11s - loss: 0.1036 - val_loss: 0.0936
Epoch 102/120
296/296 - 11s - loss: 0.1034 - val_loss: 0.0936
Epoch 103/120
296/296 - 11s - loss: 0.1028 - val_loss: 0.0933
Epoch 104/120
296/296 - 11s - loss: 0.1026 - val_loss: 0.0923
Epoch 105/120
296/296 - 11s - loss: 0.1021 - val_loss: 0.0917
Epoch 106/120
296/296 - 11s - loss: 0.1021 - val_loss: 0.0912
Epoch 107/120
296/296 - 11s - loss: 0.1014 - val_loss: 0.0912
Epoch 108/120
296/296 - 11s - loss: 0.1013 - val_loss: 0.0909
Epoch 109/120
296/296 - 11s - loss: 0.1011 - val_loss: 0.0905
Epoch 110/120
296/296 - 11s - loss: 0.1009 - val_loss: 0.0905
Epoch 111/120
296/296 - 11s - loss: 0.1007 - val_loss: 0.0902
Epoch 112/120
296/296 - 11s - loss: 0.1003 - val_loss: 0.0900
Epoch 113/120
296/296 - 11s - loss: 0.1003 - val_loss: 0.0898
Epoch 114/120
296/296 - 11s - loss: 0.1002 - val_loss: 0.0896
Epoch 115/120
296/296 - 11s - loss: 0.1000 - val_loss: 0.0897
Epoch 116/120
296/296 - 11s - loss: 0.0996 - val_loss: 0.0895
Epoch 117/120
296/296 - 11s - loss: 0.0999 - val_loss: 0.0894
Epoch 118/120
296/296 - 11s - loss: 0.0997 - val_loss: 0.0893
Epoch 119/120
296/296 - 11s - loss: 0.0997 - val_loss: 0.0893
Epoch 120/120
296/296 - 11s - loss: 0.0995 - val_loss: 0.0894