Epoch 1/120
WARNING:tensorflow:From /usr/local/lib/python3.6/dist-packages/tensorflow/python/data/ops/multi_device_iterator_ops.py:601: get_next_as_optional (from tensorflow.python.data.ops.iterator_ops) is deprecated and will be removed in a future version.
Instructions for updating:
Use `tf.data.Iterator.get_next_as_optional()` instead.
WARNING:tensorflow:From /usr/local/lib/python3.6/dist-packages/tensorflow/python/data/ops/multi_device_iterator_ops.py:601: get_next_as_optional (from tensorflow.python.data.ops.iterator_ops) is deprecated and will be removed in a future version.
Instructions for updating:
Use `tf.data.Iterator.get_next_as_optional()` instead.
296/296 - 218s - loss: 1.9415 - val_loss: 1.0061
Epoch 2/120
296/296 - 137s - loss: 0.8780 - val_loss: 0.9854
Epoch 3/120
296/296 - 137s - loss: 0.4066 - val_loss: 1.7565
Epoch 4/120
296/296 - 137s - loss: 0.2846 - val_loss: 0.5584
Epoch 5/120
296/296 - 137s - loss: 0.2184 - val_loss: 0.4228
Epoch 6/120
296/296 - 137s - loss: 0.1752 - val_loss: 0.2674
Epoch 7/120
296/296 - 137s - loss: 0.1477 - val_loss: 0.2105
Epoch 8/120
296/296 - 137s - loss: 0.1180 - val_loss: 0.1578
Epoch 9/120
296/296 - 137s - loss: 0.1154 - val_loss: 0.1562
Epoch 10/120
296/296 - 137s - loss: 0.0917 - val_loss: 0.1217
Epoch 11/120
296/296 - 137s - loss: 0.0829 - val_loss: 0.1155
Epoch 12/120
296/296 - 137s - loss: 0.0895 - val_loss: 0.1107
Epoch 13/120
296/296 - 137s - loss: 0.0750 - val_loss: 0.1134
Epoch 14/120
296/296 - 137s - loss: 0.0712 - val_loss: 0.0943
Epoch 15/120
296/296 - 137s - loss: 0.0682 - val_loss: 0.1068
Epoch 16/120
296/296 - 137s - loss: 0.0658 - val_loss: 0.1171
Epoch 17/120
296/296 - 137s - loss: 0.0638 - val_loss: 0.1535
Epoch 18/120
296/296 - 137s - loss: 0.0620 - val_loss: 0.0916
Epoch 19/120
296/296 - 137s - loss: 0.0606 - val_loss: 0.1069
Epoch 20/120
296/296 - 137s - loss: 0.0592 - val_loss: 0.0966
Epoch 21/120
296/296 - 137s - loss: 0.0578 - val_loss: 0.0772
Epoch 22/120
296/296 - 137s - loss: 0.0566 - val_loss: 0.0831
Epoch 23/120
296/296 - 137s - loss: 0.0554 - val_loss: 0.0719
Epoch 24/120
296/296 - 137s - loss: 0.0546 - val_loss: 0.0987
Epoch 25/120
296/296 - 137s - loss: 0.0534 - val_loss: 0.0647
Epoch 26/120
296/296 - 137s - loss: 0.0530 - val_loss: 0.0778
Epoch 27/120
296/296 - 137s - loss: 0.0518 - val_loss: 0.0959
Epoch 28/120
296/296 - 137s - loss: 0.0511 - val_loss: 0.0661
Epoch 29/120
296/296 - 137s - loss: 0.0502 - val_loss: 0.0695
Epoch 30/120
296/296 - 137s - loss: 0.0493 - val_loss: 0.0837
Epoch 31/120
296/296 - 137s - loss: 0.0484 - val_loss: 0.0741
Epoch 32/120
296/296 - 137s - loss: 0.0477 - val_loss: 0.0711
Epoch 33/120
296/296 - 137s - loss: 0.0470 - val_loss: 0.0620
Epoch 34/120
296/296 - 137s - loss: 0.0465 - val_loss: 0.0705
Epoch 35/120
296/296 - 137s - loss: 0.0458 - val_loss: 0.0830
Epoch 36/120
296/296 - 137s - loss: 0.0451 - val_loss: 0.0599
Epoch 37/120
296/296 - 137s - loss: 0.0442 - val_loss: 0.1175
Epoch 38/120
296/296 - 137s - loss: 0.0438 - val_loss: 0.0774
Epoch 39/120
296/296 - 137s - loss: 0.0428 - val_loss: 0.0524
Epoch 40/120
296/296 - 137s - loss: 0.0421 - val_loss: 0.0601
Epoch 41/120
296/296 - 137s - loss: 0.0418 - val_loss: 0.0537
Epoch 42/120
296/296 - 137s - loss: 0.0407 - val_loss: 0.0590
Epoch 43/120
296/296 - 137s - loss: 0.0400 - val_loss: 0.0473
Epoch 44/120
296/296 - 137s - loss: 0.0392 - val_loss: 0.0869
Epoch 45/120
296/296 - 137s - loss: 0.0391 - val_loss: 0.1067
Epoch 46/120
296/296 - 137s - loss: 0.0379 - val_loss: 0.0684
Epoch 47/120
296/296 - 137s - loss: 0.0375 - val_loss: 0.0514
Epoch 48/120
296/296 - 137s - loss: 0.0366 - val_loss: 0.0479
Epoch 49/120
296/296 - 137s - loss: 0.0356 - val_loss: 0.0622
Epoch 50/120
296/296 - 137s - loss: 0.0351 - val_loss: 0.0442
Epoch 51/120
296/296 - 137s - loss: 0.0343 - val_loss: 0.0435
Epoch 52/120
296/296 - 137s - loss: 0.0337 - val_loss: 0.0478
Epoch 53/120
296/296 - 137s - loss: 0.0332 - val_loss: 0.0552
Epoch 54/120
296/296 - 137s - loss: 0.0325 - val_loss: 0.0407
Epoch 55/120
296/296 - 137s - loss: 0.0318 - val_loss: 0.0376
Epoch 56/120
296/296 - 137s - loss: 0.0309 - val_loss: 0.0355
Epoch 57/120
296/296 - 137s - loss: 0.0299 - val_loss: 0.0420
Epoch 58/120
296/296 - 137s - loss: 0.0294 - val_loss: 0.0325
Epoch 59/120
296/296 - 137s - loss: 0.0286 - val_loss: 0.0327
Epoch 60/120
296/296 - 137s - loss: 0.0280 - val_loss: 0.0423
Epoch 61/120
296/296 - 137s - loss: 0.0275 - val_loss: 0.0400
Epoch 62/120
296/296 - 137s - loss: 0.0268 - val_loss: 0.0333
Epoch 63/120
296/296 - 138s - loss: 0.0262 - val_loss: 0.0310
Epoch 64/120
296/296 - 137s - loss: 0.0255 - val_loss: 0.0263
Epoch 65/120
296/296 - 137s - loss: 0.0247 - val_loss: 0.0271
Epoch 66/120
296/296 - 137s - loss: 0.0244 - val_loss: 0.0318
Epoch 67/120
296/296 - 137s - loss: 0.0238 - val_loss: 0.0252
Epoch 68/120
296/296 - 137s - loss: 0.0231 - val_loss: 0.0324
Epoch 69/120
296/296 - 137s - loss: 0.0225 - val_loss: 0.0264
Epoch 70/120
296/296 - 137s - loss: 0.0220 - val_loss: 1.0486
Epoch 71/120
296/296 - 137s - loss: 0.0216 - val_loss: 0.0319
Epoch 72/120
296/296 - 137s - loss: 0.0210 - val_loss: 0.0359
Epoch 73/120
296/296 - 137s - loss: 0.0206 - val_loss: 0.0229
Epoch 74/120
296/296 - 137s - loss: 0.0201 - val_loss: 0.0210
Epoch 75/120
296/296 - 137s - loss: 0.0197 - val_loss: 0.0842
Epoch 76/120
296/296 - 137s - loss: 0.0193 - val_loss: 0.0198
Epoch 77/120
296/296 - 137s - loss: 0.0191 - val_loss: 0.0196
Epoch 78/120
296/296 - 137s - loss: 0.0189 - val_loss: 0.0191
Epoch 79/120
296/296 - 137s - loss: 0.0189 - val_loss: 0.0207
Epoch 80/120
296/296 - 137s - loss: 0.0190 - val_loss: 0.0232
Epoch 81/120
296/296 - 137s - loss: 0.0192 - val_loss: 0.0206
Epoch 82/120
296/296 - 137s - loss: 0.0194 - val_loss: 0.0201
Epoch 83/120
296/296 - 137s - loss: 0.0200 - val_loss: 0.0214
Epoch 84/120
296/296 - 137s - loss: 0.0207 - val_loss: 0.0239
Epoch 85/120
296/296 - 137s - loss: 0.0226 - val_loss: 0.0204
Epoch 86/120
296/296 - 137s - loss: 0.0190 - val_loss: 0.0298
Epoch 87/120
296/296 - 137s - loss: 0.0242 - val_loss: 0.1021
Epoch 88/120
296/296 - 137s - loss: 0.0280 - val_loss: 0.0342
Epoch 89/120
296/296 - 137s - loss: 0.0312 - val_loss: 0.0350
Epoch 90/120
296/296 - 137s - loss: 0.0338 - val_loss: 0.0342
Epoch 91/120
296/296 - 137s - loss: 0.0349 - val_loss: 0.0634
Epoch 92/120
296/296 - 137s - loss: 0.0351 - val_loss: 0.0427
Epoch 93/120
296/296 - 137s - loss: 0.0350 - val_loss: 0.0450
Epoch 94/120
296/296 - 137s - loss: 0.0348 - val_loss: 0.0335
Epoch 95/120
296/296 - 137s - loss: 0.0345 - val_loss: 0.0354
Epoch 96/120
296/296 - 137s - loss: 0.0347 - val_loss: 0.0330
Epoch 97/120
296/296 - 137s - loss: 0.0337 - val_loss: 0.0390
Epoch 98/120
296/296 - 137s - loss: 0.0331 - val_loss: 0.0314
Epoch 99/120
296/296 - 137s - loss: 0.0329 - val_loss: 0.0322
Epoch 100/120