Epoch 1/120
WARNING:tensorflow:From /usr/local/lib/python3.6/dist-packages/tensorflow/python/data/ops/multi_device_iterator_ops.py:601: get_next_as_optional (from tensorflow.python.data.ops.iterator_ops) is deprecated and will be removed in a future version.
Instructions for updating:
Use `tf.data.Iterator.get_next_as_optional()` instead.
WARNING:tensorflow:From /usr/local/lib/python3.6/dist-packages/tensorflow/python/data/ops/multi_device_iterator_ops.py:601: get_next_as_optional (from tensorflow.python.data.ops.iterator_ops) is deprecated and will be removed in a future version.
Instructions for updating:
Use `tf.data.Iterator.get_next_as_optional()` instead.
296/296 - 54s - loss: 0.8163 - val_loss: 0.4996
Epoch 2/120
296/296 - 11s - loss: 0.3980 - val_loss: 0.3384
Epoch 3/120
296/296 - 11s - loss: 0.3057 - val_loss: 0.2887
Epoch 4/120
296/296 - 11s - loss: 0.2768 - val_loss: 0.2793
Epoch 5/120
296/296 - 11s - loss: 0.2674 - val_loss: 0.2922
Epoch 6/120
296/296 - 11s - loss: 0.2578 - val_loss: 0.2582
Epoch 7/120
296/296 - 11s - loss: 0.2436 - val_loss: 0.2424
Epoch 8/120
296/296 - 11s - loss: 0.2341 - val_loss: 0.2388
Epoch 9/120
296/296 - 11s - loss: 0.2257 - val_loss: 0.2293
Epoch 10/120
296/296 - 11s - loss: 0.2193 - val_loss: 0.2247
Epoch 11/120
296/296 - 11s - loss: 0.2146 - val_loss: 0.2214
Epoch 12/120
296/296 - 11s - loss: 0.2109 - val_loss: 0.2241
Epoch 13/120
296/296 - 11s - loss: 0.2080 - val_loss: 0.2187
Epoch 14/120
296/296 - 11s - loss: 0.2048 - val_loss: 0.2105
Epoch 15/120
296/296 - 11s - loss: 0.2024 - val_loss: 0.2143
Epoch 16/120
296/296 - 11s - loss: 0.2004 - val_loss: 0.2081
Epoch 17/120
296/296 - 11s - loss: 0.1983 - val_loss: 0.2042
Epoch 18/120
296/296 - 11s - loss: 0.1965 - val_loss: 0.2029
Epoch 19/120
296/296 - 11s - loss: 0.1947 - val_loss: 0.2003
Epoch 20/120
296/296 - 11s - loss: 0.1934 - val_loss: 0.2013
Epoch 21/120
296/296 - 11s - loss: 0.1917 - val_loss: 0.1984
Epoch 22/120
296/296 - 11s - loss: 0.1903 - val_loss: 0.1967
Epoch 23/120
296/296 - 11s - loss: 0.1893 - val_loss: 0.1974
Epoch 24/120
296/296 - 11s - loss: 0.1874 - val_loss: 0.1953
Epoch 25/120
296/296 - 11s - loss: 0.1856 - val_loss: 0.1909
Epoch 26/120
296/296 - 11s - loss: 0.1849 - val_loss: 0.1960
Epoch 27/120
296/296 - 11s - loss: 0.1832 - val_loss: 0.1891
Epoch 28/120
296/296 - 11s - loss: 0.1825 - val_loss: 0.1974
Epoch 29/120
296/296 - 11s - loss: 0.1813 - val_loss: 0.1915
Epoch 30/120
296/296 - 11s - loss: 0.1797 - val_loss: 0.1883
Epoch 31/120
296/296 - 11s - loss: 0.1788 - val_loss: 0.1865
Epoch 32/120
296/296 - 11s - loss: 0.1773 - val_loss: 0.1875
Epoch 33/120
296/296 - 11s - loss: 0.1759 - val_loss: 0.1822
Epoch 34/120
296/296 - 12s - loss: 0.1747 - val_loss: 0.1804
Epoch 35/120
296/296 - 11s - loss: 0.1734 - val_loss: 0.1797
Epoch 36/120
296/296 - 11s - loss: 0.1726 - val_loss: 0.1812
Epoch 37/120
296/296 - 11s - loss: 0.1712 - val_loss: 0.1774
Epoch 38/120
296/296 - 11s - loss: 0.1702 - val_loss: 0.1769
Epoch 39/120
296/296 - 11s - loss: 0.1689 - val_loss: 0.1770
Epoch 40/120
296/296 - 11s - loss: 0.1672 - val_loss: 0.1718
Epoch 41/120
296/296 - 11s - loss: 0.1661 - val_loss: 0.1695
Epoch 42/120
296/296 - 11s - loss: 0.1650 - val_loss: 0.1675
Epoch 43/120
296/296 - 11s - loss: 0.1638 - val_loss: 0.1708
Epoch 44/120
296/296 - 11s - loss: 0.1625 - val_loss: 0.1681
Epoch 45/120
296/296 - 11s - loss: 0.1614 - val_loss: 0.1655
Epoch 46/120
296/296 - 11s - loss: 0.1599 - val_loss: 0.1668
Epoch 47/120
296/296 - 11s - loss: 0.1591 - val_loss: 0.1633
Epoch 48/120
296/296 - 11s - loss: 0.1572 - val_loss: 0.1633
Epoch 49/120
296/296 - 11s - loss: 0.1562 - val_loss: 0.1645
Epoch 50/120
296/296 - 11s - loss: 0.1548 - val_loss: 0.1633
Epoch 51/120
296/296 - 11s - loss: 0.1536 - val_loss: 0.1593
Epoch 52/120
296/296 - 11s - loss: 0.1527 - val_loss: 0.1576
Epoch 53/120
296/296 - 11s - loss: 0.1509 - val_loss: 0.1550
Epoch 54/120
296/296 - 11s - loss: 0.1499 - val_loss: 0.1567
Epoch 55/120
296/296 - 11s - loss: 0.1486 - val_loss: 0.1524
Epoch 56/120
296/296 - 11s - loss: 0.1474 - val_loss: 0.1526
Epoch 57/120
296/296 - 11s - loss: 0.1464 - val_loss: 0.1508
Epoch 58/120
296/296 - 11s - loss: 0.1448 - val_loss: 0.1523
Epoch 59/120
296/296 - 11s - loss: 0.1437 - val_loss: 0.1488
Epoch 60/120
296/296 - 11s - loss: 0.1424 - val_loss: 0.1466
Epoch 61/120
296/296 - 11s - loss: 0.1409 - val_loss: 0.1474
Epoch 62/120
296/296 - 11s - loss: 0.1398 - val_loss: 0.1437
Epoch 63/120
296/296 - 11s - loss: 0.1386 - val_loss: 0.1439
Epoch 64/120
296/296 - 11s - loss: 0.1372 - val_loss: 0.1411
Epoch 65/120
296/296 - 11s - loss: 0.1360 - val_loss: 0.1403
Epoch 66/120
296/296 - 11s - loss: 0.1348 - val_loss: 0.1398
Epoch 67/120
296/296 - 11s - loss: 0.1338 - val_loss: 0.1392
Epoch 68/120
296/296 - 11s - loss: 0.1320 - val_loss: 0.1371
Epoch 69/120
296/296 - 11s - loss: 0.1312 - val_loss: 0.1349
Epoch 70/120
296/296 - 11s - loss: 0.1299 - val_loss: 0.1336
Epoch 71/120
296/296 - 11s - loss: 0.1288 - val_loss: 0.1330
Epoch 72/120
296/296 - 11s - loss: 0.1273 - val_loss: 0.1319
Epoch 73/120
296/296 - 11s - loss: 0.1267 - val_loss: 0.1306
Epoch 74/120
296/296 - 11s - loss: 0.1253 - val_loss: 0.1312
Epoch 75/120
296/296 - 11s - loss: 0.1242 - val_loss: 0.1286
Epoch 76/120
296/296 - 11s - loss: 0.1230 - val_loss: 0.1270
Epoch 77/120
296/296 - 11s - loss: 0.1220 - val_loss: 0.1256
Epoch 78/120
296/296 - 11s - loss: 0.1209 - val_loss: 0.1259
Epoch 79/120
296/296 - 11s - loss: 0.1199 - val_loss: 0.1246
Epoch 80/120
296/296 - 11s - loss: 0.1189 - val_loss: 0.1241
Epoch 81/120
296/296 - 11s - loss: 0.1178 - val_loss: 0.1215
Epoch 82/120
296/296 - 11s - loss: 0.1168 - val_loss: 0.1207
Epoch 83/120
296/296 - 11s - loss: 0.1158 - val_loss: 0.1201
Epoch 84/120
296/296 - 11s - loss: 0.1148 - val_loss: 0.1194
Epoch 85/120
296/296 - 11s - loss: 0.1141 - val_loss: 0.1180
Epoch 86/120
296/296 - 11s - loss: 0.1130 - val_loss: 0.1170
Epoch 87/120
296/296 - 11s - loss: 0.1122 - val_loss: 0.1159
Epoch 88/120
296/296 - 11s - loss: 0.1113 - val_loss: 0.1159
Epoch 89/120
296/296 - 11s - loss: 0.1103 - val_loss: 0.1149
Epoch 90/120
296/296 - 11s - loss: 0.1098 - val_loss: 0.1136
Epoch 91/120
296/296 - 11s - loss: 0.1089 - val_loss: 0.1127
Epoch 92/120
296/296 - 11s - loss: 0.1081 - val_loss: 0.1127
Epoch 93/120
296/296 - 11s - loss: 0.1074 - val_loss: 0.1118
Epoch 94/120
296/296 - 11s - loss: 0.1067 - val_loss: 0.1123
Epoch 95/120
296/296 - 11s - loss: 0.1061 - val_loss: 0.1108
Epoch 96/120
296/296 - 11s - loss: 0.1053 - val_loss: 0.1098
Epoch 97/120
296/296 - 11s - loss: 0.1047 - val_loss: 0.1090
Epoch 98/120
296/296 - 11s - loss: 0.1041 - val_loss: 0.1086
Epoch 99/120
296/296 - 11s - loss: 0.1036 - val_loss: 0.1079
Epoch 100/120
296/296 - 11s - loss: 0.1031 - val_loss: 0.1078
Epoch 101/120
296/296 - 11s - loss: 0.1024 - val_loss: 0.1071
Epoch 102/120
296/296 - 11s - loss: 0.1020 - val_loss: 0.1067
Epoch 103/120
296/296 - 11s - loss: 0.1016 - val_loss: 0.1064
Epoch 104/120
296/296 - 11s - loss: 0.1011 - val_loss: 0.1059
Epoch 105/120
296/296 - 11s - loss: 0.1007 - val_loss: 0.1056
Epoch 106/120
296/296 - 11s - loss: 0.1001 - val_loss: 0.1053
Epoch 107/120
296/296 - 11s - loss: 0.1002 - val_loss: 0.1050
Epoch 108/120
296/296 - 11s - loss: 0.0996 - val_loss: 0.1047
Epoch 109/120
296/296 - 11s - loss: 0.0991 - val_loss: 0.1045
Epoch 110/120
296/296 - 11s - loss: 0.0991 - val_loss: 0.1044
Epoch 111/120
296/296 - 11s - loss: 0.0987 - val_loss: 0.1040
Epoch 112/120
296/296 - 11s - loss: 0.0985 - val_loss: 0.1040
Epoch 113/120
296/296 - 11s - loss: 0.0984 - val_loss: 0.1039
Epoch 114/120
296/296 - 11s - loss: 0.0980 - val_loss: 0.1037
Epoch 115/120
296/296 - 11s - loss: 0.0979 - val_loss: 0.1037
Epoch 116/120
296/296 - 11s - loss: 0.0978 - val_loss: 0.1036
Epoch 117/120
296/296 - 11s - loss: 0.0978 - val_loss: 0.1035
Epoch 118/120
296/296 - 11s - loss: 0.0976 - val_loss: 0.1035
Epoch 119/120
296/296 - 11s - loss: 0.0977 - val_loss: 0.1035
Epoch 120/120
296/296 - 11s - loss: 0.0974 - val_loss: 0.1035
<tensorflow.python.keras.callbacks.History at 0x7f0a768172b0>