Epoch 1/120
WARNING:tensorflow:From /usr/local/lib/python3.6/dist-packages/tensorflow/python/data/ops/multi_device_iterator_ops.py:601: get_next_as_optional (from tensorflow.python.data.ops.iterator_ops) is deprecated and will be removed in a future version.
Instructions for updating:
Use `tf.data.Iterator.get_next_as_optional()` instead.
WARNING:tensorflow:From /usr/local/lib/python3.6/dist-packages/tensorflow/python/data/ops/multi_device_iterator_ops.py:601: get_next_as_optional (from tensorflow.python.data.ops.iterator_ops) is deprecated and will be removed in a future version.
Instructions for updating:
Use `tf.data.Iterator.get_next_as_optional()` instead.
296/296 - 55s - loss: 0.8212 - val_loss: 0.4982
Epoch 2/120
296/296 - 11s - loss: 0.3952 - val_loss: 0.3325
Epoch 3/120
296/296 - 11s - loss: 0.3041 - val_loss: 0.2898
Epoch 4/120
296/296 - 11s - loss: 0.2757 - val_loss: 0.2855
Epoch 5/120
296/296 - 11s - loss: 0.2670 - val_loss: 0.2953
Epoch 6/120
296/296 - 11s - loss: 0.2573 - val_loss: 0.2596
Epoch 7/120
296/296 - 11s - loss: 0.2434 - val_loss: 0.2491
Epoch 8/120
296/296 - 11s - loss: 0.2335 - val_loss: 0.2432
Epoch 9/120
296/296 - 11s - loss: 0.2252 - val_loss: 0.2298
Epoch 10/120
296/296 - 11s - loss: 0.2186 - val_loss: 0.2293
Epoch 11/120
296/296 - 11s - loss: 0.2135 - val_loss: 0.2302
Epoch 12/120
296/296 - 11s - loss: 0.2096 - val_loss: 0.2221
Epoch 13/120
296/296 - 11s - loss: 0.2068 - val_loss: 0.2116
Epoch 14/120
296/296 - 11s - loss: 0.2037 - val_loss: 0.2137
Epoch 15/120
296/296 - 11s - loss: 0.2010 - val_loss: 0.2311
Epoch 16/120
296/296 - 11s - loss: 0.1989 - val_loss: 0.2094
Epoch 17/120
296/296 - 11s - loss: 0.1971 - val_loss: 0.2032
Epoch 18/120
296/296 - 11s - loss: 0.1950 - val_loss: 0.2029
Epoch 19/120
296/296 - 11s - loss: 0.1937 - val_loss: 0.1993
Epoch 20/120
296/296 - 11s - loss: 0.1918 - val_loss: 0.2060
Epoch 21/120
296/296 - 11s - loss: 0.1902 - val_loss: 0.2010
Epoch 22/120
296/296 - 11s - loss: 0.1884 - val_loss: 0.1974
Epoch 23/120
296/296 - 11s - loss: 0.1874 - val_loss: 0.1932
Epoch 24/120
296/296 - 11s - loss: 0.1856 - val_loss: 0.1945
Epoch 25/120
296/296 - 11s - loss: 0.1841 - val_loss: 0.1980
Epoch 26/120
296/296 - 11s - loss: 0.1830 - val_loss: 0.1899
Epoch 27/120
296/296 - 11s - loss: 0.1814 - val_loss: 0.1936
Epoch 28/120
296/296 - 11s - loss: 0.1804 - val_loss: 0.1881
Epoch 29/120
296/296 - 11s - loss: 0.1793 - val_loss: 0.1828
Epoch 30/120
296/296 - 11s - loss: 0.1779 - val_loss: 0.1829
Epoch 31/120
296/296 - 11s - loss: 0.1766 - val_loss: 0.1929
Epoch 32/120
296/296 - 11s - loss: 0.1757 - val_loss: 0.1814
Epoch 33/120
296/296 - 11s - loss: 0.1739 - val_loss: 0.1800
Epoch 34/120
296/296 - 11s - loss: 0.1729 - val_loss: 0.1873
Epoch 35/120
296/296 - 11s - loss: 0.1711 - val_loss: 0.1835
Epoch 36/120
296/296 - 11s - loss: 0.1705 - val_loss: 0.1751
Epoch 37/120
296/296 - 11s - loss: 0.1693 - val_loss: 0.1716
Epoch 38/120
296/296 - 11s - loss: 0.1678 - val_loss: 0.1768
Epoch 39/120
296/296 - 11s - loss: 0.1667 - val_loss: 0.1711
Epoch 40/120
296/296 - 11s - loss: 0.1654 - val_loss: 0.1696
Epoch 41/120
296/296 - 11s - loss: 0.1642 - val_loss: 0.1702
Epoch 42/120
296/296 - 11s - loss: 0.1631 - val_loss: 0.1717
Epoch 43/120
296/296 - 11s - loss: 0.1618 - val_loss: 0.1691
Epoch 44/120
296/296 - 11s - loss: 0.1603 - val_loss: 0.1700
Epoch 45/120
296/296 - 11s - loss: 0.1595 - val_loss: 0.1678
Epoch 46/120
296/296 - 11s - loss: 0.1577 - val_loss: 0.1640
Epoch 47/120
296/296 - 11s - loss: 0.1572 - val_loss: 0.1612
Epoch 48/120
296/296 - 11s - loss: 0.1555 - val_loss: 0.1658
Epoch 49/120
296/296 - 11s - loss: 0.1543 - val_loss: 0.1606
Epoch 50/120
296/296 - 11s - loss: 0.1530 - val_loss: 0.1575
Epoch 51/120
296/296 - 11s - loss: 0.1516 - val_loss: 0.1625
Epoch 52/120
296/296 - 11s - loss: 0.1508 - val_loss: 0.1552
Epoch 53/120
296/296 - 11s - loss: 0.1492 - val_loss: 0.1559
Epoch 54/120
296/296 - 11s - loss: 0.1480 - val_loss: 0.1542
Epoch 55/120
296/296 - 11s - loss: 0.1465 - val_loss: 0.1528
Epoch 56/120
296/296 - 11s - loss: 0.1454 - val_loss: 0.1556
Epoch 57/120
296/296 - 11s - loss: 0.1446 - val_loss: 0.1494
Epoch 58/120
296/296 - 11s - loss: 0.1429 - val_loss: 0.1515
Epoch 59/120
296/296 - 11s - loss: 0.1418 - val_loss: 0.1464
Epoch 60/120
296/296 - 11s - loss: 0.1405 - val_loss: 0.1446
Epoch 61/120
296/296 - 11s - loss: 0.1392 - val_loss: 0.1457
Epoch 62/120
296/296 - 11s - loss: 0.1382 - val_loss: 0.1445
Epoch 63/120
296/296 - 11s - loss: 0.1368 - val_loss: 0.1420
Epoch 64/120
296/296 - 11s - loss: 0.1355 - val_loss: 0.1392
Epoch 65/120
296/296 - 11s - loss: 0.1341 - val_loss: 0.1403
Epoch 66/120
296/296 - 11s - loss: 0.1332 - val_loss: 0.1379
Epoch 67/120
296/296 - 11s - loss: 0.1321 - val_loss: 0.1359
Epoch 68/120
296/296 - 11s - loss: 0.1304 - val_loss: 0.1369
Epoch 69/120
296/296 - 11s - loss: 0.1295 - val_loss: 0.1339
Epoch 70/120
296/296 - 11s - loss: 0.1282 - val_loss: 0.1325
Epoch 71/120
296/296 - 11s - loss: 0.1273 - val_loss: 0.1322
Epoch 72/120
296/296 - 11s - loss: 0.1258 - val_loss: 0.1306
Epoch 73/120
296/296 - 11s - loss: 0.1251 - val_loss: 0.1284
Epoch 74/120
296/296 - 11s - loss: 0.1235 - val_loss: 0.1312
Epoch 75/120
296/296 - 11s - loss: 0.1226 - val_loss: 0.1269
Epoch 76/120
296/296 - 11s - loss: 0.1216 - val_loss: 0.1253
Epoch 77/120
296/296 - 11s - loss: 0.1205 - val_loss: 0.1245
Epoch 78/120
296/296 - 11s - loss: 0.1194 - val_loss: 0.1249
Epoch 79/120
296/296 - 11s - loss: 0.1182 - val_loss: 0.1222
Epoch 80/120
296/296 - 11s - loss: 0.1174 - val_loss: 0.1237
Epoch 81/120
296/296 - 11s - loss: 0.1163 - val_loss: 0.1200
Epoch 82/120
296/296 - 11s - loss: 0.1152 - val_loss: 0.1197
Epoch 83/120
296/296 - 11s - loss: 0.1143 - val_loss: 0.1188
Epoch 84/120
296/296 - 11s - loss: 0.1134 - val_loss: 0.1181
Epoch 85/120
296/296 - 11s - loss: 0.1127 - val_loss: 0.1166
Epoch 86/120
296/296 - 11s - loss: 0.1115 - val_loss: 0.1159
Epoch 87/120
296/296 - 11s - loss: 0.1108 - val_loss: 0.1147
Epoch 88/120
296/296 - 12s - loss: 0.1099 - val_loss: 0.1144
Epoch 89/120
296/296 - 11s - loss: 0.1088 - val_loss: 0.1133
Epoch 90/120
296/296 - 11s - loss: 0.1084 - val_loss: 0.1127
Epoch 91/120
296/296 - 11s - loss: 0.1075 - val_loss: 0.1116
Epoch 92/120
296/296 - 11s - loss: 0.1068 - val_loss: 0.1113
Epoch 93/120
296/296 - 11s - loss: 0.1059 - val_loss: 0.1112
Epoch 94/120
296/296 - 11s - loss: 0.1053 - val_loss: 0.1109
Epoch 95/120
296/296 - 11s - loss: 0.1046 - val_loss: 0.1092
Epoch 96/120
296/296 - 11s - loss: 0.1039 - val_loss: 0.1085
Epoch 97/120
296/296 - 11s - loss: 0.1033 - val_loss: 0.1080
Epoch 98/120
296/296 - 11s - loss: 0.1027 - val_loss: 0.1076
Epoch 99/120
296/296 - 11s - loss: 0.1021 - val_loss: 0.1072
Epoch 100/120
296/296 - 11s - loss: 0.1017 - val_loss: 0.1063
Epoch 101/120
296/296 - 11s - loss: 0.1010 - val_loss: 0.1058
Epoch 102/120
296/296 - 11s - loss: 0.1006 - val_loss: 0.1053
Epoch 103/120
296/296 - 11s - loss: 0.1001 - val_loss: 0.1052
Epoch 104/120
296/296 - 11s - loss: 0.0998 - val_loss: 0.1047
Epoch 105/120
296/296 - 11s - loss: 0.0993 - val_loss: 0.1046
Epoch 106/120
296/296 - 11s - loss: 0.0988 - val_loss: 0.1040
Epoch 107/120
296/296 - 11s - loss: 0.0987 - val_loss: 0.1037
Epoch 108/120
296/296 - 11s - loss: 0.0982 - val_loss: 0.1035
Epoch 109/120
296/296 - 11s - loss: 0.0977 - val_loss: 0.1033
Epoch 110/120
296/296 - 11s - loss: 0.0977 - val_loss: 0.1031
Epoch 111/120
296/296 - 11s - loss: 0.0974 - val_loss: 0.1029
Epoch 112/120
296/296 - 11s - loss: 0.0971 - val_loss: 0.1028
Epoch 113/120
296/296 - 11s - loss: 0.0970 - val_loss: 0.1027
Epoch 114/120
296/296 - 11s - loss: 0.0967 - val_loss: 0.1026
Epoch 115/120
296/296 - 11s - loss: 0.0965 - val_loss: 0.1024
Epoch 116/120
296/296 - 11s - loss: 0.0964 - val_loss: 0.1024
Epoch 117/120
296/296 - 11s - loss: 0.0965 - val_loss: 0.1023
Epoch 118/120
296/296 - 11s - loss: 0.0962 - val_loss: 0.1022
Epoch 119/120
296/296 - 11s - loss: 0.0963 - val_loss: 0.1023
Epoch 120/120
296/296 - 11s - loss: 0.0960 - val_loss: 0.1022
<tensorflow.python.keras.callbacks.History at 0x7f83400206d8>