Epoch 1/120
WARNING:tensorflow:From /usr/local/lib/python3.6/dist-packages/tensorflow/python/data/ops/multi_device_iterator_ops.py:601: get_next_as_optional (from tensorflow.python.data.ops.iterator_ops) is deprecated and will be removed in a future version.
Instructions for updating:
Use `tf.data.Iterator.get_next_as_optional()` instead.
WARNING:tensorflow:From /usr/local/lib/python3.6/dist-packages/tensorflow/python/data/ops/multi_device_iterator_ops.py:601: get_next_as_optional (from tensorflow.python.data.ops.iterator_ops) is deprecated and will be removed in a future version.
Instructions for updating:
Use `tf.data.Iterator.get_next_as_optional()` instead.
296/296 - 58s - loss: 2.1386 - val_loss: 1.2000
Epoch 2/120
296/296 - 11s - loss: 0.7732 - val_loss: 0.6691
Epoch 3/120
296/296 - 11s - loss: 0.4210 - val_loss: 0.4622
Epoch 4/120
296/296 - 11s - loss: 0.3269 - val_loss: 0.3290
Epoch 5/120
296/296 - 11s - loss: 0.2839 - val_loss: 0.3100
Epoch 6/120
296/296 - 11s - loss: 0.2543 - val_loss: 0.2825
Epoch 7/120
296/296 - 11s - loss: 0.2336 - val_loss: 0.2765
Epoch 8/120
296/296 - 11s - loss: 0.2187 - val_loss: 0.2458
Epoch 9/120
296/296 - 11s - loss: 0.2090 - val_loss: 0.2522
Epoch 10/120
296/296 - 11s - loss: 0.2012 - val_loss: 0.2273
Epoch 11/120
296/296 - 11s - loss: 0.1953 - val_loss: 0.2519
Epoch 12/120
296/296 - 11s - loss: 0.1905 - val_loss: 0.2434
Epoch 13/120
296/296 - 11s - loss: 0.1868 - val_loss: 0.2507
Epoch 14/120
296/296 - 11s - loss: 0.1834 - val_loss: 0.2065
Epoch 15/120
296/296 - 11s - loss: 0.1799 - val_loss: 0.2154
Epoch 16/120
296/296 - 11s - loss: 0.1779 - val_loss: 0.2551
Epoch 17/120
296/296 - 11s - loss: 0.1758 - val_loss: 0.1973
Epoch 18/120
296/296 - 11s - loss: 0.1737 - val_loss: 0.2083
Epoch 19/120
296/296 - 11s - loss: 0.1717 - val_loss: 0.2131
Epoch 20/120
296/296 - 11s - loss: 0.1705 - val_loss: 0.2159
Epoch 21/120
296/296 - 11s - loss: 0.1685 - val_loss: 0.2507
Epoch 22/120
296/296 - 11s - loss: 0.1669 - val_loss: 0.2181
Epoch 23/120
296/296 - 11s - loss: 0.1657 - val_loss: 0.2275
Epoch 24/120
296/296 - 11s - loss: 0.1644 - val_loss: 0.2128
Epoch 25/120
296/296 - 11s - loss: 0.1632 - val_loss: 0.2361
Epoch 26/120
296/296 - 11s - loss: 0.1622 - val_loss: 0.2134
Epoch 27/120
296/296 - 11s - loss: 0.1604 - val_loss: 0.2143
Epoch 28/120
296/296 - 11s - loss: 0.1593 - val_loss: 0.2096
Epoch 29/120
296/296 - 11s - loss: 0.1587 - val_loss: 0.1954
Epoch 30/120
296/296 - 11s - loss: 0.1575 - val_loss: 0.1904
Epoch 31/120
296/296 - 11s - loss: 0.1561 - val_loss: 0.2063
Epoch 32/120
296/296 - 11s - loss: 0.1553 - val_loss: 0.1864
Epoch 33/120
296/296 - 11s - loss: 0.1540 - val_loss: 0.1917
Epoch 34/120
296/296 - 11s - loss: 0.1534 - val_loss: 0.1925
Epoch 35/120
296/296 - 11s - loss: 0.1521 - val_loss: 0.2183
Epoch 36/120
296/296 - 11s - loss: 0.1518 - val_loss: 0.2257
Epoch 37/120
296/296 - 11s - loss: 0.1506 - val_loss: 0.1731
Epoch 38/120
296/296 - 11s - loss: 0.1496 - val_loss: 0.1799
Epoch 39/120
296/296 - 11s - loss: 0.1488 - val_loss: 0.1817
Epoch 40/120
296/296 - 11s - loss: 0.1474 - val_loss: 0.1770
Epoch 41/120
296/296 - 11s - loss: 0.1466 - val_loss: 0.1689
Epoch 42/120
296/296 - 11s - loss: 0.1456 - val_loss: 0.1673
Epoch 43/120
296/296 - 11s - loss: 0.1448 - val_loss: 0.1662
Epoch 44/120
296/296 - 11s - loss: 0.1438 - val_loss: 0.1670
Epoch 45/120
296/296 - 11s - loss: 0.1430 - val_loss: 0.1731
Epoch 46/120
296/296 - 11s - loss: 0.1419 - val_loss: 0.1663
Epoch 47/120
296/296 - 11s - loss: 0.1412 - val_loss: 0.1531
Epoch 48/120
296/296 - 11s - loss: 0.1399 - val_loss: 0.1488
Epoch 49/120
296/296 - 11s - loss: 0.1388 - val_loss: 0.1559
Epoch 50/120
296/296 - 11s - loss: 0.1379 - val_loss: 0.1419
Epoch 51/120
296/296 - 11s - loss: 0.1370 - val_loss: 0.1698
Epoch 52/120
296/296 - 11s - loss: 0.1362 - val_loss: 0.1524
Epoch 53/120
296/296 - 11s - loss: 0.1349 - val_loss: 0.1398
Epoch 54/120
296/296 - 12s - loss: 0.1337 - val_loss: 0.1421
Epoch 55/120
296/296 - 11s - loss: 0.1327 - val_loss: 0.1412
Epoch 56/120
296/296 - 11s - loss: 0.1316 - val_loss: 0.1373
Epoch 57/120
296/296 - 11s - loss: 0.1310 - val_loss: 0.1330
Epoch 58/120
296/296 - 11s - loss: 0.1299 - val_loss: 0.1505
Epoch 59/120
296/296 - 11s - loss: 0.1289 - val_loss: 0.1269
Epoch 60/120
296/296 - 11s - loss: 0.1275 - val_loss: 0.1516
Epoch 61/120
296/296 - 11s - loss: 0.1262 - val_loss: 0.1247
Epoch 62/120
296/296 - 11s - loss: 0.1257 - val_loss: 0.1306
Epoch 63/120
296/296 - 11s - loss: 0.1247 - val_loss: 0.1345
Epoch 64/120
296/296 - 11s - loss: 0.1234 - val_loss: 0.1267
Epoch 65/120
296/296 - 11s - loss: 0.1224 - val_loss: 0.1293
Epoch 66/120
296/296 - 11s - loss: 0.1212 - val_loss: 0.1233
Epoch 67/120
296/296 - 11s - loss: 0.1205 - val_loss: 0.1285
Epoch 68/120
296/296 - 11s - loss: 0.1193 - val_loss: 0.1208
Epoch 69/120
296/296 - 11s - loss: 0.1183 - val_loss: 0.1183
Epoch 70/120
296/296 - 11s - loss: 0.1173 - val_loss: 0.1164
Epoch 71/120
296/296 - 11s - loss: 0.1166 - val_loss: 0.1216
Epoch 72/120
296/296 - 11s - loss: 0.1154 - val_loss: 0.1197
Epoch 73/120
296/296 - 11s - loss: 0.1145 - val_loss: 0.1075
Epoch 74/120
296/296 - 11s - loss: 0.1133 - val_loss: 0.1189
Epoch 75/120
296/296 - 11s - loss: 0.1125 - val_loss: 0.1089
Epoch 76/120
296/296 - 11s - loss: 0.1115 - val_loss: 0.1133
Epoch 77/120
296/296 - 11s - loss: 0.1107 - val_loss: 0.1040
Epoch 78/120
296/296 - 11s - loss: 0.1098 - val_loss: 0.1053
Epoch 79/120
296/296 - 11s - loss: 0.1087 - val_loss: 0.1141
Epoch 80/120
296/296 - 11s - loss: 0.1077 - val_loss: 0.1010
Epoch 81/120
296/296 - 11s - loss: 0.1069 - val_loss: 0.1030
Epoch 82/120
296/296 - 11s - loss: 0.1060 - val_loss: 0.0994
Epoch 83/120
296/296 - 11s - loss: 0.1053 - val_loss: 0.0976
Epoch 84/120
296/296 - 11s - loss: 0.1044 - val_loss: 0.0980
Epoch 85/120
296/296 - 11s - loss: 0.1039 - val_loss: 0.0956
Epoch 86/120
296/296 - 11s - loss: 0.1030 - val_loss: 0.0970
Epoch 87/120
296/296 - 11s - loss: 0.1021 - val_loss: 0.0931
Epoch 88/120
296/296 - 11s - loss: 0.1013 - val_loss: 0.0939
Epoch 89/120
296/296 - 11s - loss: 0.1007 - val_loss: 0.0925
Epoch 90/120
296/296 - 11s - loss: 0.1001 - val_loss: 0.0914
Epoch 91/120
296/296 - 11s - loss: 0.0993 - val_loss: 0.0919
Epoch 92/120
296/296 - 11s - loss: 0.0988 - val_loss: 0.0911
Epoch 93/120
296/296 - 11s - loss: 0.0978 - val_loss: 0.0885
Epoch 94/120
296/296 - 11s - loss: 0.0974 - val_loss: 0.0892
Epoch 95/120
296/296 - 11s - loss: 0.0967 - val_loss: 0.0898
Epoch 96/120
296/296 - 11s - loss: 0.0961 - val_loss: 0.0876
Epoch 97/120
296/296 - 11s - loss: 0.0953 - val_loss: 0.0864
Epoch 98/120
296/296 - 11s - loss: 0.0950 - val_loss: 0.0863
Epoch 99/120
296/296 - 11s - loss: 0.0946 - val_loss: 0.0844
Epoch 100/120
296/296 - 11s - loss: 0.0941 - val_loss: 0.0845
Epoch 101/120
296/296 - 11s - loss: 0.0936 - val_loss: 0.0851
Epoch 102/120
296/296 - 11s - loss: 0.0931 - val_loss: 0.0838
Epoch 103/120
296/296 - 11s - loss: 0.0926 - val_loss: 0.0829
Epoch 104/120
296/296 - 11s - loss: 0.0923 - val_loss: 0.0829
Epoch 105/120
296/296 - 11s - loss: 0.0919 - val_loss: 0.0822
Epoch 106/120
296/296 - 11s - loss: 0.0914 - val_loss: 0.0816
Epoch 107/120
296/296 - 11s - loss: 0.0915 - val_loss: 0.0816
Epoch 108/120
296/296 - 11s - loss: 0.0908 - val_loss: 0.0812
Epoch 109/120
296/296 - 11s - loss: 0.0906 - val_loss: 0.0810
Epoch 110/120
296/296 - 11s - loss: 0.0905 - val_loss: 0.0807
Epoch 111/120
296/296 - 11s - loss: 0.0900 - val_loss: 0.0803
Epoch 112/120
296/296 - 11s - loss: 0.0900 - val_loss: 0.0800
Epoch 113/120
296/296 - 11s - loss: 0.0899 - val_loss: 0.0799
Epoch 114/120
296/296 - 11s - loss: 0.0896 - val_loss: 0.0798
Epoch 115/120
296/296 - 11s - loss: 0.0894 - val_loss: 0.0797
Epoch 116/120
296/296 - 11s - loss: 0.0893 - val_loss: 0.0796
Epoch 117/120
296/296 - 11s - loss: 0.0894 - val_loss: 0.0795
Epoch 118/120
296/296 - 11s - loss: 0.0891 - val_loss: 0.0795
Epoch 119/120
296/296 - 11s - loss: 0.0893 - val_loss: 0.0795
Epoch 120/120
296/296 - 11s - loss: 0.0890 - val_loss: 0.0794
<tensorflow.python.keras.callbacks.History at 0x7f1575f0cac8>