Epoch 1/120
WARNING:tensorflow:From /usr/local/lib/python3.6/dist-packages/tensorflow/python/data/ops/multi_device_iterator_ops.py:601: get_next_as_optional (from tensorflow.python.data.ops.iterator_ops) is deprecated and will be removed in a future version.
Instructions for updating:
Use `tf.data.Iterator.get_next_as_optional()` instead.
WARNING:tensorflow:From /usr/local/lib/python3.6/dist-packages/tensorflow/python/data/ops/multi_device_iterator_ops.py:601: get_next_as_optional (from tensorflow.python.data.ops.iterator_ops) is deprecated and will be removed in a future version.
Instructions for updating:
Use `tf.data.Iterator.get_next_as_optional()` instead.
296/296 - 64s - loss: 1.8315 - val_loss: 0.9517
Epoch 2/120
296/296 - 11s - loss: 0.6059 - val_loss: 0.6920
Epoch 3/120
296/296 - 11s - loss: 0.3836 - val_loss: 0.3951
Epoch 4/120
296/296 - 11s - loss: 0.3144 - val_loss: 0.3770
Epoch 5/120
296/296 - 11s - loss: 0.2708 - val_loss: 0.3453
Epoch 6/120
296/296 - 11s - loss: 0.2414 - val_loss: 0.3641
Epoch 7/120
296/296 - 11s - loss: 0.2207 - val_loss: 0.3738
Epoch 8/120
296/296 - 11s - loss: 0.2062 - val_loss: 0.3259
Epoch 9/120
296/296 - 11s - loss: 0.1957 - val_loss: 0.3048
Epoch 10/120
296/296 - 11s - loss: 0.1876 - val_loss: 0.2848
Epoch 11/120
296/296 - 11s - loss: 0.1817 - val_loss: 0.2852
Epoch 12/120
296/296 - 11s - loss: 0.1765 - val_loss: 0.2951
Epoch 13/120
296/296 - 11s - loss: 0.1726 - val_loss: 0.2819
Epoch 14/120
296/296 - 11s - loss: 0.1696 - val_loss: 0.2675
Epoch 15/120
296/296 - 11s - loss: 0.1668 - val_loss: 0.3349
Epoch 16/120
296/296 - 11s - loss: 0.1642 - val_loss: 0.2898
Epoch 17/120
296/296 - 11s - loss: 0.1622 - val_loss: 0.2925
Epoch 18/120
296/296 - 11s - loss: 0.1606 - val_loss: 0.2932
Epoch 19/120
296/296 - 11s - loss: 0.1587 - val_loss: 0.2404
Epoch 20/120
296/296 - 11s - loss: 0.1573 - val_loss: 0.2681
Epoch 21/120
296/296 - 11s - loss: 0.1554 - val_loss: 0.2792
Epoch 22/120
296/296 - 11s - loss: 0.1545 - val_loss: 0.2397
Epoch 23/120
296/296 - 11s - loss: 0.1532 - val_loss: 0.2932
Epoch 24/120
296/296 - 11s - loss: 0.1519 - val_loss: 0.2373
Epoch 25/120
296/296 - 11s - loss: 0.1507 - val_loss: 0.2434
Epoch 26/120
296/296 - 11s - loss: 0.1499 - val_loss: 0.2766
Epoch 27/120
296/296 - 11s - loss: 0.1484 - val_loss: 0.2085
Epoch 28/120
296/296 - 12s - loss: 0.1473 - val_loss: 0.2364
Epoch 29/120
296/296 - 11s - loss: 0.1462 - val_loss: 0.2529
Epoch 30/120
296/296 - 11s - loss: 0.1453 - val_loss: 0.2147
Epoch 31/120
296/296 - 11s - loss: 0.1440 - val_loss: 0.2273
Epoch 32/120
296/296 - 11s - loss: 0.1431 - val_loss: 0.2037
Epoch 33/120
296/296 - 11s - loss: 0.1420 - val_loss: 0.2437
Epoch 34/120
296/296 - 11s - loss: 0.1414 - val_loss: 0.2004
Epoch 35/120
296/296 - 11s - loss: 0.1400 - val_loss: 0.2205
Epoch 36/120
296/296 - 11s - loss: 0.1391 - val_loss: 0.1992
Epoch 37/120
296/296 - 11s - loss: 0.1380 - val_loss: 0.2216
Epoch 38/120
296/296 - 11s - loss: 0.1373 - val_loss: 0.1953
Epoch 39/120
296/296 - 11s - loss: 0.1361 - val_loss: 0.2311
Epoch 40/120
296/296 - 11s - loss: 0.1349 - val_loss: 0.2372
Epoch 41/120
296/296 - 11s - loss: 0.1342 - val_loss: 0.2062
Epoch 42/120
296/296 - 11s - loss: 0.1330 - val_loss: 0.2127
Epoch 43/120
296/296 - 11s - loss: 0.1320 - val_loss: 0.1893
Epoch 44/120
296/296 - 11s - loss: 0.1312 - val_loss: 0.1862
Epoch 45/120
296/296 - 11s - loss: 0.1302 - val_loss: 0.1974
Epoch 46/120
296/296 - 11s - loss: 0.1292 - val_loss: 0.1890
Epoch 47/120
296/296 - 11s - loss: 0.1285 - val_loss: 0.1710
Epoch 48/120
296/296 - 11s - loss: 0.1272 - val_loss: 0.1689
Epoch 49/120
296/296 - 11s - loss: 0.1259 - val_loss: 0.1600
Epoch 50/120
296/296 - 11s - loss: 0.1248 - val_loss: 0.1744
Epoch 51/120
296/296 - 11s - loss: 0.1237 - val_loss: 0.1641
Epoch 52/120
296/296 - 11s - loss: 0.1230 - val_loss: 0.1662
Epoch 53/120
296/296 - 11s - loss: 0.1215 - val_loss: 0.1700
Epoch 54/120
296/296 - 11s - loss: 0.1207 - val_loss: 0.1581
Epoch 55/120
296/296 - 11s - loss: 0.1194 - val_loss: 0.1433
Epoch 56/120
296/296 - 11s - loss: 0.1180 - val_loss: 0.1562
Epoch 57/120
296/296 - 11s - loss: 0.1177 - val_loss: 0.1479
Epoch 58/120
296/296 - 11s - loss: 0.1161 - val_loss: 0.1414
Epoch 59/120
296/296 - 11s - loss: 0.1150 - val_loss: 0.1208
Epoch 60/120
296/296 - 11s - loss: 0.1133 - val_loss: 0.1319
Epoch 61/120
296/296 - 11s - loss: 0.1126 - val_loss: 0.1354
Epoch 62/120
296/296 - 11s - loss: 0.1118 - val_loss: 0.1332
Epoch 63/120
296/296 - 11s - loss: 0.1105 - val_loss: 0.1529
Epoch 64/120
296/296 - 11s - loss: 0.1093 - val_loss: 0.1157
Epoch 65/120
296/296 - 11s - loss: 0.1083 - val_loss: 0.1230
Epoch 66/120
296/296 - 11s - loss: 0.1073 - val_loss: 0.1197
Epoch 67/120
296/296 - 11s - loss: 0.1060 - val_loss: 0.1088
Epoch 68/120
296/296 - 11s - loss: 0.1048 - val_loss: 0.1371
Epoch 69/120
296/296 - 11s - loss: 0.1038 - val_loss: 0.1068
Epoch 70/120
296/296 - 11s - loss: 0.1026 - val_loss: 0.1254
Epoch 71/120
296/296 - 11s - loss: 0.1017 - val_loss: 0.1117
Epoch 72/120
296/296 - 11s - loss: 0.1005 - val_loss: 0.1128
Epoch 73/120
296/296 - 11s - loss: 0.0997 - val_loss: 0.0991
Epoch 74/120
296/296 - 11s - loss: 0.0984 - val_loss: 0.0982
Epoch 75/120
296/296 - 11s - loss: 0.0976 - val_loss: 0.0944
Epoch 76/120
296/296 - 11s - loss: 0.0964 - val_loss: 0.1028
Epoch 77/120
296/296 - 11s - loss: 0.0956 - val_loss: 0.0897
Epoch 78/120
296/296 - 11s - loss: 0.0946 - val_loss: 0.0908
Epoch 79/120
296/296 - 11s - loss: 0.0935 - val_loss: 0.0858
Epoch 80/120
296/296 - 11s - loss: 0.0925 - val_loss: 0.0875
Epoch 81/120
296/296 - 11s - loss: 0.0917 - val_loss: 0.0864
Epoch 82/120
296/296 - 11s - loss: 0.0906 - val_loss: 0.0851
Epoch 83/120
296/296 - 11s - loss: 0.0898 - val_loss: 0.0831
Epoch 84/120
296/296 - 11s - loss: 0.0888 - val_loss: 0.0823
Epoch 85/120
296/296 - 11s - loss: 0.0882 - val_loss: 0.0833
Epoch 86/120
296/296 - 11s - loss: 0.0873 - val_loss: 0.0801
Epoch 87/120
296/296 - 11s - loss: 0.0864 - val_loss: 0.0772
Epoch 88/120
296/296 - 11s - loss: 0.0855 - val_loss: 0.0777
Epoch 89/120
296/296 - 11s - loss: 0.0849 - val_loss: 0.0756
Epoch 90/120
296/296 - 11s - loss: 0.0843 - val_loss: 0.0775
Epoch 91/120
296/296 - 11s - loss: 0.0834 - val_loss: 0.0751
Epoch 92/120
296/296 - 11s - loss: 0.0828 - val_loss: 0.0760
Epoch 93/120
296/296 - 11s - loss: 0.0820 - val_loss: 0.0731
Epoch 94/120
296/296 - 11s - loss: 0.0815 - val_loss: 0.0713
Epoch 95/120
296/296 - 11s - loss: 0.0808 - val_loss: 0.0729
Epoch 96/120
296/296 - 11s - loss: 0.0801 - val_loss: 0.0705
Epoch 97/120
296/296 - 11s - loss: 0.0794 - val_loss: 0.0700
Epoch 98/120
296/296 - 11s - loss: 0.0790 - val_loss: 0.0696
Epoch 99/120
296/296 - 11s - loss: 0.0785 - val_loss: 0.0685
Epoch 100/120
296/296 - 11s - loss: 0.0780 - val_loss: 0.0676
Epoch 101/120
296/296 - 11s - loss: 0.0774 - val_loss: 0.0672
Epoch 102/120
296/296 - 11s - loss: 0.0770 - val_loss: 0.0670
Epoch 103/120
296/296 - 11s - loss: 0.0765 - val_loss: 0.0657
Epoch 104/120
296/296 - 11s - loss: 0.0762 - val_loss: 0.0656
Epoch 105/120
296/296 - 11s - loss: 0.0757 - val_loss: 0.0650
Epoch 106/120
296/296 - 11s - loss: 0.0753 - val_loss: 0.0646
Epoch 107/120
296/296 - 11s - loss: 0.0752 - val_loss: 0.0644
Epoch 108/120
296/296 - 11s - loss: 0.0746 - val_loss: 0.0638
Epoch 109/120
296/296 - 11s - loss: 0.0745 - val_loss: 0.0636
Epoch 110/120
296/296 - 11s - loss: 0.0744 - val_loss: 0.0633
Epoch 111/120
296/296 - 11s - loss: 0.0739 - val_loss: 0.0631
Epoch 112/120
296/296 - 11s - loss: 0.0738 - val_loss: 0.0630
Epoch 113/120
296/296 - 11s - loss: 0.0737 - val_loss: 0.0626
Epoch 114/120
296/296 - 11s - loss: 0.0734 - val_loss: 0.0626
Epoch 115/120
296/296 - 11s - loss: 0.0733 - val_loss: 0.0624
Epoch 116/120
296/296 - 11s - loss: 0.0732 - val_loss: 0.0624
Epoch 117/120
296/296 - 11s - loss: 0.0733 - val_loss: 0.0623
Epoch 118/120
296/296 - 11s - loss: 0.0729 - val_loss: 0.0622
Epoch 119/120
296/296 - 11s - loss: 0.0732 - val_loss: 0.0622
Epoch 120/120
296/296 - 11s - loss: 0.0729 - val_loss: 0.0622
<tensorflow.python.keras.callbacks.History at 0x7f2488394a58>