Epoch 1/120
WARNING:tensorflow:From /usr/local/lib/python3.6/dist-packages/tensorflow/python/data/ops/multi_device_iterator_ops.py:601: get_next_as_optional (from tensorflow.python.data.ops.iterator_ops) is deprecated and will be removed in a future version.
Instructions for updating:
Use `tf.data.Iterator.get_next_as_optional()` instead.
WARNING:tensorflow:From /usr/local/lib/python3.6/dist-packages/tensorflow/python/data/ops/multi_device_iterator_ops.py:601: get_next_as_optional (from tensorflow.python.data.ops.iterator_ops) is deprecated and will be removed in a future version.
Instructions for updating:
Use `tf.data.Iterator.get_next_as_optional()` instead.
296/296 - 69s - loss: 1.8106 - val_loss: 0.9762
Epoch 2/120
296/296 - 11s - loss: 0.6297 - val_loss: 0.6597
Epoch 3/120
296/296 - 11s - loss: 0.4009 - val_loss: 0.4748
Epoch 4/120
296/296 - 11s - loss: 0.3195 - val_loss: 0.3395
Epoch 5/120
296/296 - 11s - loss: 0.2964 - val_loss: 0.3850
Epoch 6/120
296/296 - 11s - loss: 0.2576 - val_loss: 0.3634
Epoch 7/120
296/296 - 11s - loss: 0.2304 - val_loss: 0.4125
Epoch 8/120
296/296 - 11s - loss: 0.2120 - val_loss: 0.3642
Epoch 9/120
296/296 - 11s - loss: 0.1992 - val_loss: 0.3154
Epoch 10/120
296/296 - 11s - loss: 0.1903 - val_loss: 0.3279
Epoch 11/120
296/296 - 11s - loss: 0.1830 - val_loss: 0.3576
Epoch 12/120
296/296 - 11s - loss: 0.1771 - val_loss: 0.3056
Epoch 13/120
296/296 - 11s - loss: 0.1724 - val_loss: 0.2937
Epoch 14/120
296/296 - 11s - loss: 0.1692 - val_loss: 0.3164
Epoch 15/120
296/296 - 11s - loss: 0.1658 - val_loss: 0.3315
Epoch 16/120
296/296 - 11s - loss: 0.1629 - val_loss: 0.2976
Epoch 17/120
296/296 - 11s - loss: 0.1614 - val_loss: 0.3263
Epoch 18/120
296/296 - 11s - loss: 0.1593 - val_loss: 0.3753
Epoch 19/120
296/296 - 11s - loss: 0.1569 - val_loss: 0.2905
Epoch 20/120
296/296 - 11s - loss: 0.1556 - val_loss: 0.2765
Epoch 21/120
296/296 - 11s - loss: 0.1543 - val_loss: 0.2828
Epoch 22/120
296/296 - 11s - loss: 0.1530 - val_loss: 0.2404
Epoch 23/120
296/296 - 11s - loss: 0.1517 - val_loss: 0.2632
Epoch 24/120
296/296 - 11s - loss: 0.1501 - val_loss: 0.2428
Epoch 25/120
296/296 - 11s - loss: 0.1492 - val_loss: 0.2618
Epoch 26/120
296/296 - 11s - loss: 0.1481 - val_loss: 0.2417
Epoch 27/120
296/296 - 11s - loss: 0.1468 - val_loss: 0.2973
Epoch 28/120
296/296 - 11s - loss: 0.1453 - val_loss: 0.2407
Epoch 29/120
296/296 - 11s - loss: 0.1447 - val_loss: 0.2327
Epoch 30/120
296/296 - 11s - loss: 0.1438 - val_loss: 0.2241
Epoch 31/120
296/296 - 11s - loss: 0.1426 - val_loss: 0.2281
Epoch 32/120
296/296 - 11s - loss: 0.1434 - val_loss: 0.4014
Epoch 33/120
296/296 - 11s - loss: 0.1408 - val_loss: 0.2429
Epoch 34/120
296/296 - 11s - loss: 0.1404 - val_loss: 0.2243
Epoch 35/120
296/296 - 11s - loss: 0.1386 - val_loss: 0.3075
Epoch 36/120
296/296 - 11s - loss: 0.1381 - val_loss: 1.0863
Epoch 37/120
296/296 - 11s - loss: 0.1479 - val_loss: 0.2578
Epoch 38/120
296/296 - 11s - loss: 0.1384 - val_loss: 0.2189
Epoch 39/120
296/296 - 11s - loss: 0.1376 - val_loss: 0.2556
Epoch 40/120
296/296 - 11s - loss: 0.1350 - val_loss: 0.2200
Epoch 41/120
296/296 - 11s - loss: 0.1339 - val_loss: 0.2290
Epoch 42/120
296/296 - 11s - loss: 0.1325 - val_loss: 0.2100
Epoch 43/120
296/296 - 11s - loss: 0.1314 - val_loss: 0.2022
Epoch 44/120
296/296 - 11s - loss: 0.1307 - val_loss: 0.2154
Epoch 45/120
296/296 - 11s - loss: 0.1295 - val_loss: 0.1739
Epoch 46/120
296/296 - 11s - loss: 0.1284 - val_loss: 0.1836
Epoch 47/120
296/296 - 11s - loss: 0.1291 - val_loss: 0.1822
Epoch 48/120
296/296 - 11s - loss: 0.1272 - val_loss: 0.2145
Epoch 49/120
296/296 - 11s - loss: 0.1253 - val_loss: 0.1771
Epoch 50/120
296/296 - 11s - loss: 0.1242 - val_loss: 0.1830
Epoch 51/120
296/296 - 11s - loss: 0.1232 - val_loss: 0.1837
Epoch 52/120
296/296 - 11s - loss: 0.1222 - val_loss: 0.1690
Epoch 53/120
296/296 - 11s - loss: 0.1208 - val_loss: 0.1531
Epoch 54/120
296/296 - 11s - loss: 0.1197 - val_loss: 0.1452
Epoch 55/120
296/296 - 11s - loss: 0.1189 - val_loss: 0.1593
Epoch 56/120
296/296 - 11s - loss: 0.1173 - val_loss: 0.1298
Epoch 57/120
296/296 - 11s - loss: 0.1169 - val_loss: 0.1324
Epoch 58/120
296/296 - 11s - loss: 0.1154 - val_loss: 0.1334
Epoch 59/120
296/296 - 11s - loss: 0.1143 - val_loss: 0.1732
Epoch 60/120
296/296 - 11s - loss: 0.1127 - val_loss: 0.1346
Epoch 61/120
296/296 - 11s - loss: 0.1118 - val_loss: 0.1281
Epoch 62/120
296/296 - 11s - loss: 0.1109 - val_loss: 0.1235
Epoch 63/120
296/296 - 11s - loss: 0.1097 - val_loss: 0.1232
Epoch 64/120
296/296 - 11s - loss: 0.1083 - val_loss: 0.1242
Epoch 65/120
296/296 - 11s - loss: 0.1074 - val_loss: 0.1307
Epoch 66/120
296/296 - 11s - loss: 0.1061 - val_loss: 0.1173
Epoch 67/120
296/296 - 11s - loss: 0.1053 - val_loss: 0.1257
Epoch 68/120
296/296 - 11s - loss: 0.1039 - val_loss: 0.1266
Epoch 69/120
296/296 - 11s - loss: 0.1031 - val_loss: 0.1110
Epoch 70/120
296/296 - 11s - loss: 0.1018 - val_loss: 0.1126
Epoch 71/120
296/296 - 11s - loss: 0.1015 - val_loss: 0.1267
Epoch 72/120
296/296 - 11s - loss: 0.1001 - val_loss: 0.1031
Epoch 73/120
296/296 - 11s - loss: 0.0989 - val_loss: 0.0974
Epoch 74/120
296/296 - 11s - loss: 0.0978 - val_loss: 0.1000
Epoch 75/120
296/296 - 11s - loss: 0.0969 - val_loss: 0.1002
Epoch 76/120
296/296 - 11s - loss: 0.0958 - val_loss: 0.0991
Epoch 77/120
296/296 - 11s - loss: 0.0950 - val_loss: 0.0894
Epoch 78/120
296/296 - 11s - loss: 0.0939 - val_loss: 0.0891
Epoch 79/120
296/296 - 11s - loss: 0.0928 - val_loss: 0.0895
Epoch 80/120
296/296 - 11s - loss: 0.0918 - val_loss: 0.0893
Epoch 81/120
296/296 - 11s - loss: 0.0910 - val_loss: 0.0864
Epoch 82/120
296/296 - 11s - loss: 0.0901 - val_loss: 0.0908
Epoch 83/120
296/296 - 11s - loss: 0.0893 - val_loss: 0.0835
Epoch 84/120
296/296 - 11s - loss: 0.0883 - val_loss: 0.0817
Epoch 85/120
296/296 - 11s - loss: 0.0876 - val_loss: 0.0809
Epoch 86/120
296/296 - 11s - loss: 0.0867 - val_loss: 0.0825
Epoch 87/120
296/296 - 12s - loss: 0.0860 - val_loss: 0.0808
Epoch 88/120
296/296 - 11s - loss: 0.0851 - val_loss: 0.0782
Epoch 89/120
296/296 - 11s - loss: 0.0844 - val_loss: 0.0776
Epoch 90/120
296/296 - 11s - loss: 0.0838 - val_loss: 0.0761
Epoch 91/120
296/296 - 11s - loss: 0.0830 - val_loss: 0.0747
Epoch 92/120
296/296 - 11s - loss: 0.0824 - val_loss: 0.0740
Epoch 93/120
296/296 - 11s - loss: 0.0815 - val_loss: 0.0735
Epoch 94/120
296/296 - 11s - loss: 0.0810 - val_loss: 0.0721
Epoch 95/120
296/296 - 11s - loss: 0.0803 - val_loss: 0.0725
Epoch 96/120
296/296 - 11s - loss: 0.0797 - val_loss: 0.0700
Epoch 97/120
296/296 - 11s - loss: 0.0791 - val_loss: 0.0701
Epoch 98/120
296/296 - 11s - loss: 0.0786 - val_loss: 0.0689
Epoch 99/120
296/296 - 11s - loss: 0.0781 - val_loss: 0.0690
Epoch 100/120
296/296 - 11s - loss: 0.0776 - val_loss: 0.0680
Epoch 101/120
296/296 - 11s - loss: 0.0771 - val_loss: 0.0678
Epoch 102/120
296/296 - 11s - loss: 0.0767 - val_loss: 0.0665
Epoch 103/120
296/296 - 11s - loss: 0.0763 - val_loss: 0.0658
Epoch 104/120
296/296 - 11s - loss: 0.0758 - val_loss: 0.0657
Epoch 105/120
296/296 - 11s - loss: 0.0755 - val_loss: 0.0652
Epoch 106/120
296/296 - 11s - loss: 0.0750 - val_loss: 0.0648
Epoch 107/120
296/296 - 11s - loss: 0.0749 - val_loss: 0.0646
Epoch 108/120
296/296 - 11s - loss: 0.0746 - val_loss: 0.0643
Epoch 109/120
296/296 - 11s - loss: 0.0743 - val_loss: 0.0640
Epoch 110/120
296/296 - 11s - loss: 0.0741 - val_loss: 0.0635
Epoch 111/120
296/296 - 11s - loss: 0.0736 - val_loss: 0.0634
Epoch 112/120
296/296 - 11s - loss: 0.0736 - val_loss: 0.0632
Epoch 113/120
296/296 - 11s - loss: 0.0735 - val_loss: 0.0632
Epoch 114/120
296/296 - 11s - loss: 0.0732 - val_loss: 0.0629
Epoch 115/120
296/296 - 11s - loss: 0.0730 - val_loss: 0.0628
Epoch 116/120
296/296 - 11s - loss: 0.0729 - val_loss: 0.0627
Epoch 117/120
296/296 - 11s - loss: 0.0730 - val_loss: 0.0626
Epoch 118/120
296/296 - 11s - loss: 0.0727 - val_loss: 0.0626
Epoch 119/120
Epoch 120/120
296/296 - 11s - loss: 0.0726 - val_loss: 0.0626
<tensorflow.python.keras.callbacks.History at 0x7f1e3031a278>