Epoch 1/240
WARNING:tensorflow:From /usr/local/lib/python3.6/dist-packages/tensorflow/python/data/ops/multi_device_iterator_ops.py:601: get_next_as_optional (from tensorflow.python.data.ops.iterator_ops) is deprecated and will be removed in a future version.
Instructions for updating:
Use `tf.data.Iterator.get_next_as_optional()` instead.
WARNING:tensorflow:From /usr/local/lib/python3.6/dist-packages/tensorflow/python/data/ops/multi_device_iterator_ops.py:601: get_next_as_optional (from tensorflow.python.data.ops.iterator_ops) is deprecated and will be removed in a future version.
Instructions for updating:
Use `tf.data.Iterator.get_next_as_optional()` instead.
296/296 - 53s - loss: 2.0174 - val_loss: 0.7913
Epoch 2/240
296/296 - 12s - loss: 0.5896 - val_loss: 0.4676
Epoch 3/240
296/296 - 12s - loss: 0.3780 - val_loss: 0.3514
Epoch 4/240
296/296 - 13s - loss: 0.3134 - val_loss: 0.2944
Epoch 5/240
296/296 - 12s - loss: 0.2813 - val_loss: 0.3189
Epoch 6/240
296/296 - 12s - loss: 0.2580 - val_loss: 0.2649
Epoch 7/240
296/296 - 12s - loss: 0.2371 - val_loss: 0.2630
Epoch 8/240
296/296 - 12s - loss: 0.2229 - val_loss: 0.2476
Epoch 9/240
296/296 - 12s - loss: 0.2137 - val_loss: 0.2312
Epoch 10/240
296/296 - 12s - loss: 0.2069 - val_loss: 0.2126
Epoch 11/240
296/296 - 12s - loss: 0.2015 - val_loss: 0.2060
Epoch 12/240
296/296 - 12s - loss: 0.1976 - val_loss: 0.2239
Epoch 13/240
296/296 - 12s - loss: 0.1941 - val_loss: 0.2230
Epoch 14/240
296/296 - 13s - loss: 0.1913 - val_loss: 0.2054
Epoch 15/240
296/296 - 12s - loss: 0.1890 - val_loss: 0.2295
Epoch 16/240
296/296 - 12s - loss: 0.1868 - val_loss: 0.1993
Epoch 17/240
296/296 - 12s - loss: 0.1852 - val_loss: 0.1937
Epoch 18/240
296/296 - 12s - loss: 0.1837 - val_loss: 0.1987
Epoch 19/240
296/296 - 12s - loss: 0.1823 - val_loss: 0.2089
Epoch 20/240
296/296 - 12s - loss: 0.1813 - val_loss: 0.1958
Epoch 21/240
296/296 - 12s - loss: 0.1798 - val_loss: 0.1911
Epoch 22/240
296/296 - 12s - loss: 0.1791 - val_loss: 0.2000
Epoch 23/240
296/296 - 12s - loss: 0.1777 - val_loss: 0.1911
Epoch 24/240
296/296 - 12s - loss: 0.1770 - val_loss: 0.1871
Epoch 25/240
296/296 - 12s - loss: 0.1761 - val_loss: 0.1901
Epoch 26/240
296/296 - 12s - loss: 0.1752 - val_loss: 0.2037
Epoch 27/240
296/296 - 12s - loss: 0.1745 - val_loss: 0.2011
Epoch 28/240
296/296 - 12s - loss: 0.1742 - val_loss: 0.1969
Epoch 29/240
296/296 - 12s - loss: 0.1731 - val_loss: 0.2076
Epoch 30/240
296/296 - 12s - loss: 0.1722 - val_loss: 0.2124
Epoch 31/240
296/296 - 12s - loss: 0.1717 - val_loss: 0.1932
Epoch 32/240
296/296 - 12s - loss: 0.1713 - val_loss: 0.1900
Epoch 33/240
296/296 - 12s - loss: 0.1707 - val_loss: 0.1803
Epoch 34/240
296/296 - 12s - loss: 0.1701 - val_loss: 0.1997
Epoch 35/240
296/296 - 12s - loss: 0.1695 - val_loss: 0.1873
Epoch 36/240
296/296 - 13s - loss: 0.1690 - val_loss: 0.1994
Epoch 37/240
296/296 - 12s - loss: 0.1683 - val_loss: 0.1817
Epoch 38/240
296/296 - 12s - loss: 0.1676 - val_loss: 0.1878
Epoch 39/240
296/296 - 12s - loss: 0.1677 - val_loss: 0.1866
Epoch 40/240
296/296 - 12s - loss: 0.1668 - val_loss: 0.1821
Epoch 41/240
296/296 - 12s - loss: 0.1663 - val_loss: 0.1850
Epoch 42/240
296/296 - 13s - loss: 0.1658 - val_loss: 0.1984
Epoch 43/240
296/296 - 13s - loss: 0.1653 - val_loss: 0.1844
Epoch 44/240
296/296 - 13s - loss: 0.1649 - val_loss: 0.1880
Epoch 45/240
296/296 - 13s - loss: 0.1644 - val_loss: 0.1789
Epoch 46/240
296/296 - 13s - loss: 0.1638 - val_loss: 0.1855
Epoch 47/240
296/296 - 13s - loss: 0.1636 - val_loss: 0.1809
Epoch 48/240
296/296 - 13s - loss: 0.1627 - val_loss: 0.1806
Epoch 49/240
296/296 - 13s - loss: 0.1625 - val_loss: 0.1828
Epoch 50/240
296/296 - 13s - loss: 0.1618 - val_loss: 0.1742
Epoch 51/240
296/296 - 13s - loss: 0.1613 - val_loss: 0.1755
Epoch 52/240
296/296 - 13s - loss: 0.1614 - val_loss: 0.1873
Epoch 53/240
296/296 - 12s - loss: 0.1608 - val_loss: 0.1988
Epoch 54/240
296/296 - 13s - loss: 0.1602 - val_loss: 0.1782
Epoch 55/240
296/296 - 12s - loss: 0.1598 - val_loss: 0.1901
Epoch 56/240
296/296 - 12s - loss: 0.1590 - val_loss: 0.1753
Epoch 57/240
296/296 - 12s - loss: 0.1591 - val_loss: 0.1761
Epoch 58/240
296/296 - 13s - loss: 0.1583 - val_loss: 0.1772
Epoch 59/240
296/296 - 12s - loss: 0.1582 - val_loss: 0.1758
Epoch 60/240
296/296 - 12s - loss: 0.1575 - val_loss: 0.1808
Epoch 61/240
296/296 - 12s - loss: 0.1575 - val_loss: 0.1734
Epoch 62/240
296/296 - 12s - loss: 0.1569 - val_loss: 0.1757
Epoch 63/240
296/296 - 12s - loss: 0.1563 - val_loss: 0.1750
Epoch 64/240
296/296 - 12s - loss: 0.1557 - val_loss: 0.1764
Epoch 65/240
296/296 - 12s - loss: 0.1555 - val_loss: 0.1724
Epoch 66/240
296/296 - 12s - loss: 0.1546 - val_loss: 0.1769
Epoch 67/240
296/296 - 12s - loss: 0.1545 - val_loss: 0.1705
Epoch 68/240
296/296 - 13s - loss: 0.1539 - val_loss: 0.1742
Epoch 69/240
296/296 - 14s - loss: 0.1535 - val_loss: 0.1688
Epoch 70/240
296/296 - 12s - loss: 0.1526 - val_loss: 0.1796
Epoch 71/240
296/296 - 12s - loss: 0.1525 - val_loss: 0.1755
Epoch 72/240
296/296 - 13s - loss: 0.1516 - val_loss: 0.1661
Epoch 73/240
296/296 - 12s - loss: 0.1515 - val_loss: 0.1610
Epoch 74/240
296/296 - 12s - loss: 0.1507 - val_loss: 0.1659
Epoch 75/240
296/296 - 12s - loss: 0.1502 - val_loss: 0.1683
Epoch 76/240
296/296 - 12s - loss: 0.1496 - val_loss: 0.1633
Epoch 77/240
296/296 - 12s - loss: 0.1491 - val_loss: 0.1824
Epoch 78/240
296/296 - 13s - loss: 0.1485 - val_loss: 0.1626
Epoch 79/240
296/296 - 12s - loss: 0.1480 - val_loss: 0.1675
Epoch 80/240
296/296 - 12s - loss: 0.1473 - val_loss: 0.1695
Epoch 81/240
296/296 - 13s - loss: 0.1465 - val_loss: 0.1641
Epoch 82/240
296/296 - 12s - loss: 0.1459 - val_loss: 0.1588
Epoch 83/240
296/296 - 12s - loss: 0.1457 - val_loss: 0.1650
Epoch 84/240
296/296 - 12s - loss: 0.1450 - val_loss: 0.1677
Epoch 85/240
296/296 - 12s - loss: 0.1441 - val_loss: 0.1536
Epoch 86/240
296/296 - 12s - loss: 0.1436 - val_loss: 0.1576
Epoch 87/240
296/296 - 12s - loss: 0.1432 - val_loss: 0.1665
Epoch 88/240
296/296 - 12s - loss: 0.1423 - val_loss: 0.1633
Epoch 89/240
296/296 - 12s - loss: 0.1419 - val_loss: 0.1568
Epoch 90/240
296/296 - 12s - loss: 0.1412 - val_loss: 0.1615
Epoch 91/240
296/296 - 12s - loss: 0.1405 - val_loss: 0.1520
Epoch 92/240
296/296 - 12s - loss: 0.1401 - val_loss: 0.1591
Epoch 93/240
296/296 - 12s - loss: 0.1395 - val_loss: 0.1538
Epoch 94/240
296/296 - 13s - loss: 0.1389 - val_loss: 0.1491
Epoch 95/240
296/296 - 12s - loss: 0.1382 - val_loss: 0.1485
Epoch 96/240
296/296 - 13s - loss: 0.1376 - val_loss: 0.1515
Epoch 97/240
296/296 - 13s - loss: 0.1370 - val_loss: 0.1507
Epoch 98/240
296/296 - 12s - loss: 0.1363 - val_loss: 0.1493
Epoch 99/240
296/296 - 12s - loss: 0.1358 - val_loss: 0.1507
Epoch 100/240
296/296 - 13s - loss: 0.1350 - val_loss: 0.1472
Epoch 101/240
296/296 - 12s - loss: 0.1343 - val_loss: 0.1556
Epoch 102/240
296/296 - 13s - loss: 0.1337 - val_loss: 0.1482
Epoch 103/240
296/296 - 13s - loss: 0.1332 - val_loss: 0.1425
Epoch 104/240
296/296 - 12s - loss: 0.1327 - val_loss: 0.1507
Epoch 105/240
296/296 - 12s - loss: 0.1319 - val_loss: 0.1458
Epoch 106/240
296/296 - 12s - loss: 0.1313 - val_loss: 0.1441
Epoch 107/240
296/296 - 12s - loss: 0.1309 - val_loss: 0.1406
Epoch 108/240
296/296 - 13s - loss: 0.1299 - val_loss: 0.1424
Epoch 109/240
296/296 - 12s - loss: 0.1295 - val_loss: 0.1430
Epoch 110/240
296/296 - 12s - loss: 0.1291 - val_loss: 0.1352
Epoch 111/240
296/296 - 13s - loss: 0.1281 - val_loss: 0.1385
Epoch 112/240
296/296 - 13s - loss: 0.1278 - val_loss: 0.1371
Epoch 113/240
296/296 - 12s - loss: 0.1272 - val_loss: 0.1408
Epoch 114/240
296/296 - 12s - loss: 0.1265 - val_loss: 0.1429
Epoch 115/240
296/296 - 12s - loss: 0.1258 - val_loss: 0.1359
Epoch 116/240
296/296 - 12s - loss: 0.1251 - val_loss: 0.1348
Epoch 117/240
296/296 - 12s - loss: 0.1248 - val_loss: 0.1335
Epoch 118/240
296/296 - 13s - loss: 0.1241 - val_loss: 0.1322
Epoch 119/240
296/296 - 13s - loss: 0.1236 - val_loss: 0.1348
Epoch 120/240
296/296 - 13s - loss: 0.1229 - val_loss: 0.1426
Epoch 121/240
296/296 - 12s - loss: 0.1224 - val_loss: 0.1409
Epoch 122/240
296/296 - 12s - loss: 0.1215 - val_loss: 0.1315
Epoch 123/240
296/296 - 12s - loss: 0.1208 - val_loss: 0.1342
Epoch 124/240
296/296 - 12s - loss: 0.1206 - val_loss: 0.1304
Epoch 125/240
296/296 - 12s - loss: 0.1198 - val_loss: 0.1410
Epoch 126/240
296/296 - 13s - loss: 0.1192 - val_loss: 0.1289
Epoch 127/240
296/296 - 12s - loss: 0.1189 - val_loss: 0.1384
Epoch 128/240
296/296 - 12s - loss: 0.1182 - val_loss: 0.1337
Epoch 129/240
296/296 - 12s - loss: 0.1174 - val_loss: 0.1287
Epoch 130/240
296/296 - 12s - loss: 0.1169 - val_loss: 0.1372
Epoch 131/240
296/296 - 12s - loss: 0.1162 - val_loss: 0.1323
Epoch 132/240
296/296 - 12s - loss: 0.1160 - val_loss: 0.1242
Epoch 133/240
296/296 - 12s - loss: 0.1154 - val_loss: 0.1286
Epoch 134/240
296/296 - 12s - loss: 0.1147 - val_loss: 0.1225
Epoch 135/240
296/296 - 12s - loss: 0.1143 - val_loss: 0.1267
Epoch 136/240
296/296 - 12s - loss: 0.1136 - val_loss: 0.1222
Epoch 137/240
296/296 - 12s - loss: 0.1129 - val_loss: 0.1217
Epoch 138/240
296/296 - 12s - loss: 0.1124 - val_loss: 0.1202
Epoch 139/240
296/296 - 12s - loss: 0.1118 - val_loss: 0.1211
Epoch 140/240
296/296 - 12s - loss: 0.1114 - val_loss: 0.1224
Epoch 141/240
296/296 - 12s - loss: 0.1108 - val_loss: 0.1206
Epoch 142/240
296/296 - 12s - loss: 0.1103 - val_loss: 0.1212
Epoch 143/240
296/296 - 12s - loss: 0.1097 - val_loss: 0.1227
Epoch 144/240
296/296 - 12s - loss: 0.1093 - val_loss: 0.1164
Epoch 145/240
296/296 - 12s - loss: 0.1088 - val_loss: 0.1166
Epoch 146/240
296/296 - 12s - loss: 0.1082 - val_loss: 0.1145
Epoch 147/240
296/296 - 12s - loss: 0.1076 - val_loss: 0.1175
Epoch 148/240
296/296 - 12s - loss: 0.1072 - val_loss: 0.1153
Epoch 149/240
296/296 - 12s - loss: 0.1066 - val_loss: 0.1156
Epoch 150/240
296/296 - 12s - loss: 0.1061 - val_loss: 0.1120
Epoch 151/240
296/296 - 12s - loss: 0.1057 - val_loss: 0.1120
Epoch 152/240
296/296 - 12s - loss: 0.1049 - val_loss: 0.1129
Epoch 153/240
296/296 - 12s - loss: 0.1045 - val_loss: 0.1118
Epoch 154/240
296/296 - 12s - loss: 0.1041 - val_loss: 0.1136
Epoch 155/240
296/296 - 12s - loss: 0.1035 - val_loss: 0.1108
Epoch 156/240
296/296 - 12s - loss: 0.1034 - val_loss: 0.1126
Epoch 157/240
296/296 - 12s - loss: 0.1026 - val_loss: 0.1102
Epoch 158/240
296/296 - 12s - loss: 0.1022 - val_loss: 0.1102
Epoch 159/240
296/296 - 12s - loss: 0.1019 - val_loss: 0.1096
Epoch 160/240
296/296 - 12s - loss: 0.1012 - val_loss: 0.1094
Epoch 161/240
296/296 - 12s - loss: 0.1008 - val_loss: 0.1065
Epoch 162/240
296/296 - 12s - loss: 0.1004 - val_loss: 0.1102
Epoch 163/240
296/296 - 12s - loss: 0.0998 - val_loss: 0.1095
Epoch 164/240
296/296 - 14s - loss: 0.0994 - val_loss: 0.1060
Epoch 165/240
296/296 - 12s - loss: 0.0991 - val_loss: 0.1048
Epoch 166/240
296/296 - 12s - loss: 0.0986 - val_loss: 0.1052
Epoch 167/240
296/296 - 12s - loss: 0.0982 - val_loss: 0.1073
Epoch 168/240
296/296 - 13s - loss: 0.0978 - val_loss: 0.1029
Epoch 169/240
296/296 - 12s - loss: 0.0972 - val_loss: 0.1026
Epoch 170/240
296/296 - 12s - loss: 0.0969 - val_loss: 0.1031
Epoch 171/240
296/296 - 12s - loss: 0.0965 - val_loss: 0.1023
Epoch 172/240
296/296 - 12s - loss: 0.0960 - val_loss: 0.1017
Epoch 173/240
296/296 - 12s - loss: 0.0957 - val_loss: 0.1018
Epoch 174/240
296/296 - 12s - loss: 0.0952 - val_loss: 0.1012
Epoch 175/240
296/296 - 12s - loss: 0.0949 - val_loss: 0.1005
Epoch 176/240
296/296 - 12s - loss: 0.0945 - val_loss: 0.1003
Epoch 177/240
296/296 - 12s - loss: 0.0940 - val_loss: 0.1007
Epoch 178/240
296/296 - 12s - loss: 0.0938 - val_loss: 0.1009
Epoch 179/240
296/296 - 12s - loss: 0.0934 - val_loss: 0.0990
Epoch 180/240
296/296 - 12s - loss: 0.0930 - val_loss: 0.0975
Epoch 181/240
296/296 - 12s - loss: 0.0928 - val_loss: 0.0986
Epoch 182/240
296/296 - 12s - loss: 0.0923 - val_loss: 0.0996
Epoch 183/240
296/296 - 12s - loss: 0.0919 - val_loss: 0.0974
Epoch 184/240
296/296 - 12s - loss: 0.0915 - val_loss: 0.0977
Epoch 185/240
296/296 - 12s - loss: 0.0914 - val_loss: 0.0971
Epoch 186/240
296/296 - 12s - loss: 0.0909 - val_loss: 0.0977
Epoch 187/240
296/296 - 12s - loss: 0.0906 - val_loss: 0.0965
Epoch 188/240
296/296 - 12s - loss: 0.0904 - val_loss: 0.0976
Epoch 189/240
296/296 - 12s - loss: 0.0899 - val_loss: 0.0959
Epoch 190/240
296/296 - 12s - loss: 0.0896 - val_loss: 0.0955
Epoch 191/240
296/296 - 12s - loss: 0.0895 - val_loss: 0.0956
Epoch 192/240
296/296 - 12s - loss: 0.0891 - val_loss: 0.0941
Epoch 193/240
296/296 - 13s - loss: 0.0889 - val_loss: 0.0949
Epoch 194/240
296/296 - 12s - loss: 0.0885 - val_loss: 0.0943
Epoch 195/240
296/296 - 12s - loss: 0.0883 - val_loss: 0.0936
Epoch 196/240
296/296 - 12s - loss: 0.0881 - val_loss: 0.0933
Epoch 197/240
296/296 - 12s - loss: 0.0877 - val_loss: 0.0928
Epoch 198/240
296/296 - 12s - loss: 0.0875 - val_loss: 0.0925
Epoch 199/240
296/296 - 12s - loss: 0.0872 - val_loss: 0.0930
Epoch 200/240
296/296 - 12s - loss: 0.0871 - val_loss: 0.0921
Epoch 201/240
296/296 - 12s - loss: 0.0868 - val_loss: 0.0929
Epoch 202/240
296/296 - 12s - loss: 0.0865 - val_loss: 0.0915
Epoch 203/240
296/296 - 12s - loss: 0.0862 - val_loss: 0.0914
Epoch 204/240
296/296 - 12s - loss: 0.0861 - val_loss: 0.0913
Epoch 205/240
296/296 - 12s - loss: 0.0859 - val_loss: 0.0909
Epoch 206/240
296/296 - 12s - loss: 0.0858 - val_loss: 0.0909
Epoch 207/240
296/296 - 12s - loss: 0.0855 - val_loss: 0.0909
Epoch 208/240
296/296 - 12s - loss: 0.0853 - val_loss: 0.0906
Epoch 209/240
296/296 - 12s - loss: 0.0852 - val_loss: 0.0903
Epoch 210/240
296/296 - 12s - loss: 0.0849 - val_loss: 0.0900
Epoch 211/240
296/296 - 12s - loss: 0.0847 - val_loss: 0.0900
Epoch 212/240
296/296 - 12s - loss: 0.0846 - val_loss: 0.0899
Epoch 213/240
296/296 - 12s - loss: 0.0844 - val_loss: 0.0896
Epoch 214/240
296/296 - 12s - loss: 0.0842 - val_loss: 0.0894
Epoch 215/240
296/296 - 12s - loss: 0.0842 - val_loss: 0.0893
Epoch 216/240
296/296 - 12s - loss: 0.0839 - val_loss: 0.0892
Epoch 217/240
296/296 - 12s - loss: 0.0838 - val_loss: 0.0891
Epoch 218/240
296/296 - 13s - loss: 0.0838 - val_loss: 0.0890
Epoch 219/240
296/296 - 12s - loss: 0.0835 - val_loss: 0.0889
Epoch 220/240
296/296 - 12s - loss: 0.0835 - val_loss: 0.0889
Epoch 221/240
296/296 - 12s - loss: 0.0833 - val_loss: 0.0889
Epoch 222/240
296/296 - 12s - loss: 0.0832 - val_loss: 0.0888
Epoch 223/240
296/296 - 12s - loss: 0.0831 - val_loss: 0.0886
Epoch 224/240
296/296 - 12s - loss: 0.0830 - val_loss: 0.0885
Epoch 225/240
296/296 - 12s - loss: 0.0831 - val_loss: 0.0884
Epoch 226/240
296/296 - 12s - loss: 0.0827 - val_loss: 0.0884
Epoch 227/240
296/296 - 12s - loss: 0.0828 - val_loss: 0.0883
Epoch 228/240
296/296 - 12s - loss: 0.0827 - val_loss: 0.0883
Epoch 229/240
296/296 - 12s - loss: 0.0825 - val_loss: 0.0883
Epoch 230/240
296/296 - 12s - loss: 0.0827 - val_loss: 0.0881
Epoch 231/240
296/296 - 12s - loss: 0.0825 - val_loss: 0.0881
Epoch 232/240
296/296 - 12s - loss: 0.0824 - val_loss: 0.0881
Epoch 233/240
296/296 - 12s - loss: 0.0825 - val_loss: 0.0880
Epoch 234/240
296/296 - 12s - loss: 0.0823 - val_loss: 0.0880
Epoch 235/240
296/296 - 12s - loss: 0.0824 - val_loss: 0.0880
Epoch 236/240
296/296 - 12s - loss: 0.0822 - val_loss: 0.0881
Epoch 237/240
296/296 - 12s - loss: 0.0822 - val_loss: 0.0879
Epoch 238/240
296/296 - 12s - loss: 0.0823 - val_loss: 0.0879
Epoch 239/240
296/296 - 12s - loss: 0.0823 - val_loss: 0.0879
Epoch 240/240
296/296 - 12s - loss: 0.0821 - val_loss: 0.0880
<tensorflow.python.keras.callbacks.History at 0x7f0250a65780>