Epoch 1/240
WARNING:tensorflow:From /usr/local/lib/python3.6/dist-packages/tensorflow/python/data/ops/multi_device_iterator_ops.py:601: get_next_as_optional (from tensorflow.python.data.ops.iterator_ops) is deprecated and will be removed in a future version.
Instructions for updating:
Use `tf.data.Iterator.get_next_as_optional()` instead.
WARNING:tensorflow:From /usr/local/lib/python3.6/dist-packages/tensorflow/python/data/ops/multi_device_iterator_ops.py:601: get_next_as_optional (from tensorflow.python.data.ops.iterator_ops) is deprecated and will be removed in a future version.
Instructions for updating:
Use `tf.data.Iterator.get_next_as_optional()` instead.
296/296 - 55s - loss: 1.8892 - val_loss: 0.7778
Epoch 2/240
296/296 - 11s - loss: 0.5748 - val_loss: 0.4402
Epoch 3/240
296/296 - 11s - loss: 0.3721 - val_loss: 0.3468
Epoch 4/240
296/296 - 11s - loss: 0.3101 - val_loss: 0.3126
Epoch 5/240
296/296 - 11s - loss: 0.2821 - val_loss: 0.2958
Epoch 6/240
296/296 - 11s - loss: 0.2630 - val_loss: 0.2678
Epoch 7/240
296/296 - 11s - loss: 0.2444 - val_loss: 0.2494
Epoch 8/240
296/296 - 11s - loss: 0.2316 - val_loss: 0.2465
Epoch 9/240
296/296 - 11s - loss: 0.2217 - val_loss: 0.2341
Epoch 10/240
296/296 - 11s - loss: 0.2148 - val_loss: 0.2237
Epoch 11/240
296/296 - 11s - loss: 0.2096 - val_loss: 0.2256
Epoch 12/240
296/296 - 11s - loss: 0.2053 - val_loss: 0.2144
Epoch 13/240
296/296 - 11s - loss: 0.2022 - val_loss: 0.2185
Epoch 14/240
296/296 - 11s - loss: 0.1998 - val_loss: 0.2200
Epoch 15/240
296/296 - 11s - loss: 0.1978 - val_loss: 0.2101
Epoch 16/240
296/296 - 11s - loss: 0.1955 - val_loss: 0.2036
Epoch 17/240
296/296 - 11s - loss: 0.1938 - val_loss: 0.2103
Epoch 18/240
296/296 - 11s - loss: 0.1929 - val_loss: 0.2085
Epoch 19/240
296/296 - 11s - loss: 0.1917 - val_loss: 0.2023
Epoch 20/240
296/296 - 11s - loss: 0.1907 - val_loss: 0.2101
Epoch 21/240
296/296 - 11s - loss: 0.1893 - val_loss: 0.2008
Epoch 22/240
296/296 - 11s - loss: 0.1884 - val_loss: 0.2006
Epoch 23/240
296/296 - 11s - loss: 0.1878 - val_loss: 0.2018
Epoch 24/240
296/296 - 11s - loss: 0.1868 - val_loss: 0.2058
Epoch 25/240
296/296 - 11s - loss: 0.1864 - val_loss: 0.1994
Epoch 26/240
296/296 - 11s - loss: 0.1865 - val_loss: 0.2055
Epoch 27/240
296/296 - 11s - loss: 0.1839 - val_loss: 0.2124
Epoch 28/240
296/296 - 11s - loss: 0.1851 - val_loss: 0.2186
Epoch 29/240
296/296 - 11s - loss: 0.1841 - val_loss: 0.1983
Epoch 30/240
296/296 - 11s - loss: 0.1838 - val_loss: 0.2089
Epoch 31/240
296/296 - 11s - loss: 0.1827 - val_loss: 0.2145
Epoch 32/240
296/296 - 11s - loss: 0.1833 - val_loss: 0.2312
Epoch 33/240
296/296 - 11s - loss: 0.1817 - val_loss: 0.2019
Epoch 34/240
296/296 - 11s - loss: 0.1813 - val_loss: 0.1991
Epoch 35/240
296/296 - 11s - loss: 0.1807 - val_loss: 0.2107
Epoch 36/240
296/296 - 11s - loss: 0.1806 - val_loss: 0.1939
Epoch 37/240
296/296 - 11s - loss: 0.1799 - val_loss: 0.1995
Epoch 38/240
296/296 - 11s - loss: 0.1793 - val_loss: 0.2169
Epoch 39/240
296/296 - 11s - loss: 0.1786 - val_loss: 0.2346
Epoch 40/240
296/296 - 11s - loss: 0.1786 - val_loss: 0.1987
Epoch 41/240
296/296 - 11s - loss: 0.1777 - val_loss: 0.2036
Epoch 42/240
296/296 - 11s - loss: 0.1783 - val_loss: 0.2042
Epoch 43/240
296/296 - 11s - loss: 0.1779 - val_loss: 0.2242
Epoch 44/240
296/296 - 11s - loss: 0.1769 - val_loss: 0.1882
Epoch 45/240
296/296 - 11s - loss: 0.1761 - val_loss: 0.1985
Epoch 46/240
296/296 - 11s - loss: 0.1756 - val_loss: 0.5313
Epoch 47/240
296/296 - 11s - loss: 0.1753 - val_loss: 0.1962
Epoch 48/240
296/296 - 11s - loss: 0.1746 - val_loss: 0.1942
Epoch 49/240
296/296 - 11s - loss: 0.1758 - val_loss: 0.2047
Epoch 50/240
296/296 - 11s - loss: 0.1735 - val_loss: 0.2138
Epoch 51/240
296/296 - 11s - loss: 0.1734 - val_loss: 0.1903
Epoch 52/240
296/296 - 11s - loss: 0.1736 - val_loss: 0.1939
Epoch 53/240
296/296 - 11s - loss: 0.1734 - val_loss: 0.2038
Epoch 54/240
296/296 - 11s - loss: 0.1720 - val_loss: 0.2365
Epoch 55/240
296/296 - 11s - loss: 0.1733 - val_loss: 0.2149
Epoch 56/240
296/296 - 11s - loss: 0.1726 - val_loss: 0.2004
Epoch 57/240
296/296 - 11s - loss: 0.1714 - val_loss: 0.1863
Epoch 58/240
296/296 - 11s - loss: 0.1712 - val_loss: 0.2113
Epoch 59/240
296/296 - 11s - loss: 0.1707 - val_loss: 0.1973
Epoch 60/240
296/296 - 11s - loss: 0.1696 - val_loss: 0.2308
Epoch 61/240
296/296 - 11s - loss: 0.1691 - val_loss: 0.1834
Epoch 62/240
296/296 - 11s - loss: 0.1692 - val_loss: 0.2018
Epoch 63/240
296/296 - 11s - loss: 0.1692 - val_loss: 0.1781
Epoch 64/240
296/296 - 11s - loss: 0.1683 - val_loss: 0.1941
Epoch 65/240
296/296 - 11s - loss: 0.1671 - val_loss: 0.1892
Epoch 66/240
296/296 - 11s - loss: 0.1664 - val_loss: 0.1724
Epoch 67/240
296/296 - 11s - loss: 0.1662 - val_loss: 0.1848
Epoch 68/240
296/296 - 11s - loss: 0.1654 - val_loss: 0.1819
Epoch 69/240
296/296 - 11s - loss: 0.1641 - val_loss: 0.1821
Epoch 70/240
296/296 - 11s - loss: 0.1642 - val_loss: 0.1860
Epoch 71/240
296/296 - 11s - loss: 0.1641 - val_loss: 0.1850
Epoch 72/240
296/296 - 11s - loss: 0.1617 - val_loss: 0.2129
Epoch 73/240
296/296 - 11s - loss: 0.1628 - val_loss: 0.1934
Epoch 74/240
296/296 - 11s - loss: 0.1610 - val_loss: 0.1819
Epoch 75/240
296/296 - 12s - loss: 0.1608 - val_loss: 0.1791
Epoch 76/240
296/296 - 11s - loss: 0.1606 - val_loss: 0.2121
Epoch 77/240
296/296 - 11s - loss: 0.1593 - val_loss: 0.1857
Epoch 78/240
296/296 - 11s - loss: 0.1587 - val_loss: 0.1973
Epoch 79/240
296/296 - 11s - loss: 0.1582 - val_loss: 0.1684
Epoch 80/240
296/296 - 11s - loss: 0.1573 - val_loss: 0.2162
Epoch 81/240
296/296 - 11s - loss: 0.1564 - val_loss: 0.1736
Epoch 82/240
296/296 - 11s - loss: 0.1555 - val_loss: 0.1799
Epoch 83/240
296/296 - 11s - loss: 0.1549 - val_loss: 0.1747
Epoch 84/240
296/296 - 11s - loss: 0.1547 - val_loss: 0.1806
Epoch 85/240
296/296 - 11s - loss: 0.1532 - val_loss: 0.1653
Epoch 86/240
296/296 - 11s - loss: 0.1524 - val_loss: 0.1668
Epoch 87/240
296/296 - 11s - loss: 0.1524 - val_loss: 0.1693
Epoch 88/240
296/296 - 11s - loss: 0.1515 - val_loss: 0.1739
Epoch 89/240
296/296 - 11s - loss: 0.1498 - val_loss: 0.4385
Epoch 90/240
296/296 - 11s - loss: 0.1491 - val_loss: 0.1607
Epoch 91/240
296/296 - 11s - loss: 0.1490 - val_loss: 0.1676
Epoch 92/240
296/296 - 11s - loss: 0.1483 - val_loss: 0.1649
Epoch 93/240
296/296 - 11s - loss: 0.1469 - val_loss: 0.1618
Epoch 94/240
296/296 - 11s - loss: 0.1459 - val_loss: 0.1608
Epoch 95/240
296/296 - 11s - loss: 0.1451 - val_loss: 0.1627
Epoch 96/240
296/296 - 11s - loss: 0.1447 - val_loss: 0.1645
Epoch 97/240
296/296 - 11s - loss: 0.1446 - val_loss: 0.1611
Epoch 98/240
296/296 - 11s - loss: 0.1430 - val_loss: 0.1649
Epoch 99/240
296/296 - 11s - loss: 0.1428 - val_loss: 0.1900
Epoch 100/240
296/296 - 11s - loss: 0.1424 - val_loss: 0.1695
Epoch 101/240
296/296 - 11s - loss: 0.1411 - val_loss: 0.1564
Epoch 102/240
296/296 - 11s - loss: 0.1404 - val_loss: 0.1537
Epoch 103/240
296/296 - 11s - loss: 0.1398 - val_loss: 0.1624
Epoch 104/240
296/296 - 11s - loss: 0.1392 - val_loss: 0.1522
Epoch 105/240
296/296 - 11s - loss: 0.1391 - val_loss: 0.1545
Epoch 106/240
296/296 - 11s - loss: 0.1382 - val_loss: 0.1506
Epoch 107/240
296/296 - 11s - loss: 0.1379 - val_loss: 0.1775
Epoch 108/240
296/296 - 11s - loss: 0.1379 - val_loss: 0.1566
Epoch 109/240
296/296 - 11s - loss: 0.1376 - val_loss: 0.1706
Epoch 110/240
296/296 - 11s - loss: 0.1386 - val_loss: 0.1586
Epoch 111/240
296/296 - 11s - loss: 0.1400 - val_loss: 0.1560
Epoch 112/240
296/296 - 11s - loss: 0.1417 - val_loss: 0.1694
Epoch 113/240
296/296 - 11s - loss: 0.1437 - val_loss: 0.1647
Epoch 114/240
296/296 - 11s - loss: 0.1487 - val_loss: 0.1711
Epoch 115/240
296/296 - 11s - loss: 0.4697 - val_loss: 0.9800
Epoch 116/240
296/296 - 11s - loss: 0.9428 - val_loss: 0.9168
Epoch 117/240
296/296 - 11s - loss: 0.8604 - val_loss: 0.8223
Epoch 118/240
296/296 - 11s - loss: 0.8911 - val_loss: 0.9873
Epoch 119/240
296/296 - 11s - loss: 0.9873 - val_loss: 0.9873
Epoch 120/240
296/296 - 11s - loss: 0.9873 - val_loss: 0.9871
Epoch 121/240
296/296 - 11s - loss: 0.9873 - val_loss: 0.9871
Epoch 122/240
296/296 - 11s - loss: 0.9872 - val_loss: 0.9870
Epoch 123/240
296/296 - 11s - loss: 0.9873 - val_loss: 0.9872
Epoch 124/240
296/296 - 11s - loss: 0.9873 - val_loss: 0.9871
Epoch 125/240
296/296 - 11s - loss: 0.9873 - val_loss: 0.9871
Epoch 126/240
296/296 - 11s - loss: 0.9872 - val_loss: 0.9871
Epoch 127/240
296/296 - 11s - loss: 0.9873 - val_loss: 0.9870
Epoch 128/240
296/296 - 11s - loss: 0.9873 - val_loss: 0.9871
Epoch 129/240
296/296 - 11s - loss: 0.9872 - val_loss: 0.9872
Epoch 130/240
296/296 - 11s - loss: 0.9873 - val_loss: 0.9872
Epoch 131/240
296/296 - 11s - loss: 0.9872 - val_loss: 0.9871
Epoch 132/240
296/296 - 11s - loss: 0.9873 - val_loss: 0.9870
Epoch 133/240
296/296 - 11s - loss: 0.9873 - val_loss: 0.9872
Epoch 134/240
296/296 - 11s - loss: 0.9873 - val_loss: 0.9871
Epoch 135/240
296/296 - 11s - loss: 0.9873 - val_loss: 0.9871
Epoch 136/240
296/296 - 11s - loss: 0.9873 - val_loss: 0.9871
Epoch 137/240
296/296 - 11s - loss: 0.9873 - val_loss: 0.9870
Epoch 138/240
296/296 - 11s - loss: 0.9873 - val_loss: 0.9871
Epoch 139/240
296/296 - 11s - loss: 0.9873 - val_loss: 0.9871
Epoch 140/240
296/296 - 11s - loss: 0.9873 - val_loss: 0.9870
Epoch 141/240
296/296 - 11s - loss: 0.9872 - val_loss: 0.9871
Epoch 142/240
296/296 - 11s - loss: 0.9873 - val_loss: 0.9870
Epoch 143/240
296/296 - 11s - loss: 0.9873 - val_loss: 0.9870
Epoch 144/240
296/296 - 11s - loss: 0.9873 - val_loss: 0.9871
Epoch 145/240
296/296 - 11s - loss: 0.9873 - val_loss: 0.9871
Epoch 146/240
296/296 - 11s - loss: 0.9873 - val_loss: 0.9871
Epoch 147/240
296/296 - 11s - loss: 0.9873 - val_loss: 0.9871
Epoch 148/240
296/296 - 11s - loss: 0.9872 - val_loss: 0.9872
Epoch 149/240
296/296 - 11s - loss: 0.9872 - val_loss: 0.9872
Epoch 150/240
296/296 - 11s - loss: 0.9873 - val_loss: 0.9872
Epoch 151/240
296/296 - 11s - loss: 0.9873 - val_loss: 0.9870
Epoch 152/240
296/296 - 11s - loss: 0.9873 - val_loss: 0.9871
Epoch 153/240
296/296 - 11s - loss: 0.9872 - val_loss: 0.9870
Epoch 154/240
296/296 - 11s - loss: 0.9873 - val_loss: 0.9870
Epoch 155/240
296/296 - 11s - loss: 0.9872 - val_loss: 0.9874
Epoch 156/240
296/296 - 11s - loss: 0.9873 - val_loss: 0.9870
Epoch 157/240
296/296 - 11s - loss: 0.9873 - val_loss: 0.9871
Epoch 158/240
296/296 - 11s - loss: 0.9873 - val_loss: 0.9874
Epoch 159/240
296/296 - 11s - loss: 0.9873 - val_loss: 0.9872
Epoch 160/240
296/296 - 11s - loss: 0.9873 - val_loss: 0.9872
Epoch 161/240
296/296 - 11s - loss: 0.9873 - val_loss: 0.9872
Epoch 162/240
296/296 - 11s - loss: 0.9873 - val_loss: 0.9871
Epoch 163/240
296/296 - 11s - loss: 0.9872 - val_loss: 0.9872
Epoch 164/240
296/296 - 11s - loss: 0.9873 - val_loss: 0.9872
Epoch 165/240
296/296 - 11s - loss: 0.9873 - val_loss: 0.9871
Epoch 166/240
296/296 - 11s - loss: 0.9873 - val_loss: 0.9872
Epoch 167/240
296/296 - 11s - loss: 0.9873 - val_loss: 0.9870
Epoch 168/240
296/296 - 11s - loss: 0.9873 - val_loss: 0.9874
Epoch 169/240
296/296 - 11s - loss: 0.9873 - val_loss: 0.9871
Epoch 170/240
296/296 - 11s - loss: 0.9872 - val_loss: 0.9870
Epoch 171/240
296/296 - 11s - loss: 0.9873 - val_loss: 0.9873
Epoch 172/240
296/296 - 12s - loss: 0.9872 - val_loss: 0.9871
Epoch 173/240
296/296 - 11s - loss: 0.9873 - val_loss: 0.9870
Epoch 174/240
296/296 - 11s - loss: 0.9872 - val_loss: 0.9874
Epoch 175/240
296/296 - 11s - loss: 0.9873 - val_loss: 0.9871
Epoch 176/240
296/296 - 11s - loss: 0.9873 - val_loss: 0.9870
Epoch 177/240
296/296 - 11s - loss: 0.9873 - val_loss: 0.9871
Epoch 178/240
296/296 - 11s - loss: 0.9873 - val_loss: 0.9871
Epoch 179/240
296/296 - 11s - loss: 0.9873 - val_loss: 0.9872
Epoch 180/240
296/296 - 11s - loss: 0.9872 - val_loss: 0.9871
Epoch 181/240
296/296 - 11s - loss: 0.9873 - val_loss: 0.9871
Epoch 182/240
296/296 - 11s - loss: 0.9872 - val_loss: 0.9872
Epoch 183/240
296/296 - 11s - loss: 0.9873 - val_loss: 0.9872
Epoch 184/240
296/296 - 11s - loss: 0.9873 - val_loss: 0.9870
Epoch 185/240
296/296 - 11s - loss: 0.9873 - val_loss: 0.9872
Epoch 186/240
296/296 - 11s - loss: 0.9873 - val_loss: 0.9872
Epoch 187/240
296/296 - 11s - loss: 0.9873 - val_loss: 0.9870
Epoch 188/240
296/296 - 11s - loss: 0.9873 - val_loss: 0.9871
Epoch 189/240
296/296 - 11s - loss: 0.9873 - val_loss: 0.9873
Epoch 190/240
296/296 - 11s - loss: 0.9872 - val_loss: 0.9871
Epoch 191/240
296/296 - 11s - loss: 0.9873 - val_loss: 0.9871
Epoch 192/240
296/296 - 11s - loss: 0.9873 - val_loss: 0.9871
Epoch 193/240
296/296 - 11s - loss: 0.9872 - val_loss: 0.9871
Epoch 194/240
296/296 - 11s - loss: 0.9872 - val_loss: 0.9870
Epoch 195/240
296/296 - 11s - loss: 0.9873 - val_loss: 0.9871
Epoch 196/240
296/296 - 11s - loss: 0.9872 - val_loss: 0.9871
Epoch 197/240
296/296 - 11s - loss: 0.9873 - val_loss: 0.9871
Epoch 198/240
296/296 - 11s - loss: 0.9873 - val_loss: 0.9872
Epoch 199/240
296/296 - 11s - loss: 0.9873 - val_loss: 0.9871
Epoch 200/240
296/296 - 11s - loss: 0.9873 - val_loss: 0.9871
Epoch 201/240
296/296 - 11s - loss: 0.9873 - val_loss: 0.9870
Epoch 202/240
296/296 - 11s - loss: 0.9873 - val_loss: 0.9871
Epoch 203/240
296/296 - 11s - loss: 0.9872 - val_loss: 0.9871
Epoch 204/240
296/296 - 11s - loss: 0.9873 - val_loss: 0.9870
Epoch 205/240
296/296 - 11s - loss: 0.9872 - val_loss: 0.9870
Epoch 206/240
296/296 - 11s - loss: 0.9873 - val_loss: 0.9871
Epoch 207/240
296/296 - 11s - loss: 0.9873 - val_loss: 0.9870
Epoch 208/240
296/296 - 11s - loss: 0.9872 - val_loss: 0.9872
Epoch 209/240
296/296 - 11s - loss: 0.9873 - val_loss: 0.9871
Epoch 210/240
296/296 - 11s - loss: 0.9873 - val_loss: 0.9870
Epoch 211/240
296/296 - 11s - loss: 0.9873 - val_loss: 0.9871
Epoch 212/240
296/296 - 11s - loss: 0.9873 - val_loss: 0.9871
Epoch 213/240
296/296 - 11s - loss: 0.9873 - val_loss: 0.9871
Epoch 214/240
296/296 - 11s - loss: 0.9873 - val_loss: 0.9871
Epoch 215/240
296/296 - 11s - loss: 0.9873 - val_loss: 0.9871
Epoch 216/240
296/296 - 11s - loss: 0.9873 - val_loss: 0.9873
Epoch 217/240
296/296 - 11s - loss: 0.9872 - val_loss: 0.9870
Epoch 218/240
296/296 - 11s - loss: 0.9873 - val_loss: 0.9872
Epoch 219/240
296/296 - 11s - loss: 0.9873 - val_loss: 0.9871
Epoch 220/240
296/296 - 11s - loss: 0.9873 - val_loss: 0.9871
Epoch 221/240
296/296 - 11s - loss: 0.9873 - val_loss: 0.9871
Epoch 222/240
296/296 - 11s - loss: 0.9873 - val_loss: 0.9872
Epoch 223/240
296/296 - 11s - loss: 0.9872 - val_loss: 0.9870
Epoch 224/240
296/296 - 11s - loss: 0.9873 - val_loss: 0.9872
Epoch 225/240
296/296 - 11s - loss: 0.9873 - val_loss: 0.9871
Epoch 226/240
296/296 - 11s - loss: 0.9873 - val_loss: 0.9870
Epoch 227/240
296/296 - 11s - loss: 0.9873 - val_loss: 0.9871
Epoch 228/240
296/296 - 11s - loss: 0.9873 - val_loss: 0.9872
Epoch 229/240
296/296 - 11s - loss: 0.9872 - val_loss: 0.9871
Epoch 230/240
296/296 - 11s - loss: 0.9873 - val_loss: 0.9871
Epoch 231/240
296/296 - 11s - loss: 0.9872 - val_loss: 0.9869
Epoch 232/240
296/296 - 11s - loss: 0.9873 - val_loss: 0.9871
Epoch 233/240
296/296 - 11s - loss: 0.9873 - val_loss: 0.9871
Epoch 234/240
296/296 - 11s - loss: 0.9873 - val_loss: 0.9871
Epoch 235/240
296/296 - 11s - loss: 0.9873 - val_loss: 0.9870
Epoch 236/240
296/296 - 11s - loss: 0.9873 - val_loss: 0.9872
Epoch 237/240
296/296 - 11s - loss: 0.9873 - val_loss: 0.9871
Epoch 238/240
296/296 - 11s - loss: 0.9873 - val_loss: 0.9870
Epoch 239/240
296/296 - 11s - loss: 0.9872 - val_loss: 0.9871
Epoch 240/240
296/296 - 11s - loss: 0.9872 - val_loss: 0.9871
<tensorflow.python.keras.callbacks.History at 0x7fa004a42e80>