Epoch 1/250
WARNING:tensorflow:From /usr/local/lib/python3.6/dist-packages/tensorflow/python/data/ops/multi_device_iterator_ops.py:601: get_next_as_optional (from tensorflow.python.data.ops.iterator_ops) is deprecated and will be removed in a future version.
Instructions for updating:
Use `tf.data.Iterator.get_next_as_optional()` instead.
WARNING:tensorflow:From /usr/local/lib/python3.6/dist-packages/tensorflow/python/data/ops/multi_device_iterator_ops.py:601: get_next_as_optional (from tensorflow.python.data.ops.iterator_ops) is deprecated and will be removed in a future version.
Instructions for updating:
Use `tf.data.Iterator.get_next_as_optional()` instead.
312/312 - 154s - loss: 1.5542 - val_loss: 0.9943
Epoch 2/250
312/312 - 68s - loss: 0.8261 - val_loss: 5.0599
Epoch 3/250
312/312 - 68s - loss: 0.4798 - val_loss: 0.5626
Epoch 4/250
312/312 - 68s - loss: 0.3625 - val_loss: 0.7267
Epoch 5/250
312/312 - 68s - loss: 0.2981 - val_loss: 0.2927
Epoch 6/250
312/312 - 68s - loss: 0.2093 - val_loss: 0.2519
Epoch 7/250
312/312 - 68s - loss: 0.1645 - val_loss: 0.1905
Epoch 8/250
312/312 - 68s - loss: 0.1387 - val_loss: 0.1872
Epoch 9/250
312/312 - 68s - loss: 0.1229 - val_loss: 0.1887
Epoch 10/250
312/312 - 68s - loss: 0.1120 - val_loss: 0.1761
Epoch 11/250
312/312 - 68s - loss: 0.1044 - val_loss: 0.1776
Epoch 12/250
312/312 - 68s - loss: 0.0989 - val_loss: 0.1523
Epoch 13/250
312/312 - 68s - loss: 0.0941 - val_loss: 0.1766
Epoch 14/250
312/312 - 68s - loss: 0.0906 - val_loss: 0.1224
Epoch 15/250
312/312 - 68s - loss: 0.0881 - val_loss: 0.1195
Epoch 16/250
312/312 - 68s - loss: 0.0857 - val_loss: 0.0973
Epoch 17/250
312/312 - 69s - loss: 0.0833 - val_loss: 0.1449
Epoch 18/250
312/312 - 68s - loss: 0.0819 - val_loss: 0.1090
Epoch 19/250
312/312 - 68s - loss: 0.0805 - val_loss: 0.1092
Epoch 20/250
312/312 - 68s - loss: 0.0790 - val_loss: 0.1335
Epoch 21/250
312/312 - 68s - loss: 0.0777 - val_loss: 0.1330
Epoch 22/250
312/312 - 68s - loss: 0.0765 - val_loss: 0.0882
Epoch 23/250
312/312 - 68s - loss: 0.0752 - val_loss: 0.1222
Epoch 24/250
312/312 - 68s - loss: 0.0744 - val_loss: 0.0962
Epoch 25/250
312/312 - 68s - loss: 0.0738 - val_loss: 0.1188
Epoch 26/250
312/312 - 68s - loss: 0.0728 - val_loss: 0.1493
Epoch 27/250
312/312 - 68s - loss: 0.0720 - val_loss: 0.1734
Epoch 28/250
312/312 - 68s - loss: 0.0712 - val_loss: 0.2678
Epoch 29/250
312/312 - 68s - loss: 0.0707 - val_loss: 0.3003
Epoch 30/250
312/312 - 68s - loss: 0.0703 - val_loss: 0.2532
Epoch 31/250
312/312 - 68s - loss: 0.0694 - val_loss: 0.1908
Epoch 32/250
312/312 - 68s - loss: 0.0689 - val_loss: 0.3523
Epoch 33/250
312/312 - 68s - loss: 0.0681 - val_loss: 0.1644
Epoch 34/250
312/312 - 68s - loss: 0.0677 - val_loss: 0.1814
Epoch 35/250
312/312 - 68s - loss: 0.0671 - val_loss: 0.1586
Epoch 36/250
312/312 - 68s - loss: 0.0662 - val_loss: 0.1129
Epoch 37/250
312/312 - 68s - loss: 0.0657 - val_loss: 0.1529
Epoch 38/250
312/312 - 68s - loss: 0.0654 - val_loss: 0.1479
Epoch 39/250
312/312 - 68s - loss: 0.0649 - val_loss: 0.1655
Epoch 40/250
312/312 - 68s - loss: 0.0640 - val_loss: 0.1702
Epoch 41/250
312/312 - 68s - loss: 0.0638 - val_loss: 0.1130
Epoch 42/250
312/312 - 68s - loss: 0.0635 - val_loss: 0.1623
Epoch 43/250
312/312 - 68s - loss: 0.0625 - val_loss: 0.1415
Epoch 44/250
312/312 - 68s - loss: 0.0620 - val_loss: 0.1290
Epoch 45/250
312/312 - 68s - loss: 0.0615 - val_loss: 0.1359
Epoch 46/250
312/312 - 68s - loss: 0.0612 - val_loss: 0.1571
Epoch 47/250
312/312 - 68s - loss: 0.0606 - val_loss: 0.2087
Epoch 48/250
312/312 - 68s - loss: 0.0599 - val_loss: 0.2665
Epoch 49/250
312/312 - 68s - loss: 0.0592 - val_loss: 0.1197
Epoch 50/250
312/312 - 68s - loss: 0.0594 - val_loss: 0.1565
Epoch 51/250
312/312 - 68s - loss: 0.0591 - val_loss: 0.2110
Epoch 52/250
312/312 - 68s - loss: 0.0578 - val_loss: 0.2016
Epoch 53/250
312/312 - 68s - loss: 0.0574 - val_loss: 0.1130
Epoch 54/250
312/312 - 68s - loss: 0.0574 - val_loss: 0.1919
Epoch 55/250
312/312 - 68s - loss: 0.0568 - val_loss: 0.1363
Epoch 56/250
312/312 - 68s - loss: 0.0564 - val_loss: 0.1299
Epoch 57/250
312/312 - 68s - loss: 0.0562 - val_loss: 0.1390
Epoch 58/250
312/312 - 68s - loss: 0.0555 - val_loss: 0.1160
Epoch 59/250
312/312 - 68s - loss: 0.0550 - val_loss: 0.1342
Epoch 60/250
312/312 - 68s - loss: 0.0545 - val_loss: 0.1137
Epoch 61/250
312/312 - 68s - loss: 0.0542 - val_loss: 0.1896
Epoch 62/250
312/312 - 68s - loss: 0.0535 - val_loss: 0.2256
Epoch 63/250
312/312 - 68s - loss: 0.0532 - val_loss: 0.2487
Epoch 64/250
312/312 - 68s - loss: 0.0529 - val_loss: 0.3328
Epoch 65/250
312/312 - 68s - loss: 0.0523 - val_loss: 0.2013
Epoch 66/250
312/312 - 68s - loss: 0.0521 - val_loss: 0.1896
Epoch 67/250
312/312 - 68s - loss: 0.0515 - val_loss: 0.1390
Epoch 68/250
312/312 - 68s - loss: 0.0512 - val_loss: 0.1896
Epoch 69/250
312/312 - 68s - loss: 0.0506 - val_loss: 0.1681
Epoch 70/250
312/312 - 68s - loss: 0.0502 - val_loss: 0.1631
Epoch 71/250
312/312 - 68s - loss: 0.0497 - val_loss: 0.1674
Epoch 72/250
312/312 - 68s - loss: 0.0495 - val_loss: 0.5232
Epoch 73/250
312/312 - 68s - loss: 0.0492 - val_loss: 0.1423
Epoch 74/250
312/312 - 68s - loss: 0.0486 - val_loss: 0.1705
Epoch 75/250
312/312 - 68s - loss: 0.0484 - val_loss: 0.1490
Epoch 76/250
312/312 - 68s - loss: 0.0477 - val_loss: 0.2179
Epoch 77/250
312/312 - 68s - loss: 0.0471 - val_loss: 0.2520
Epoch 78/250
312/312 - 68s - loss: 0.0471 - val_loss: 0.1357
Epoch 79/250
312/312 - 68s - loss: 0.0465 - val_loss: 0.0874
Epoch 80/250
312/312 - 68s - loss: 0.0462 - val_loss: 0.1111
Epoch 81/250
312/312 - 68s - loss: 0.0458 - val_loss: 0.1692
Epoch 82/250
312/312 - 68s - loss: 0.0453 - val_loss: 0.1257
Epoch 83/250
312/312 - 68s - loss: 0.0447 - val_loss: 0.1232
Epoch 84/250
312/312 - 68s - loss: 0.0443 - val_loss: 0.2239
Epoch 85/250
312/312 - 68s - loss: 0.0441 - val_loss: 0.1059
Epoch 86/250
312/312 - 68s - loss: 0.0439 - val_loss: 0.1301
Epoch 87/250
312/312 - 68s - loss: 0.0432 - val_loss: 0.1301
Epoch 88/250
312/312 - 68s - loss: 0.0427 - val_loss: 0.1127
Epoch 89/250
312/312 - 68s - loss: 0.0425 - val_loss: 0.1006
Epoch 90/250
312/312 - 68s - loss: 0.0420 - val_loss: 0.1059
Epoch 91/250
312/312 - 68s - loss: 0.0415 - val_loss: 0.1012
Epoch 92/250
312/312 - 68s - loss: 0.0413 - val_loss: 0.1010
Epoch 93/250
312/312 - 68s - loss: 0.0408 - val_loss: 0.0731
Epoch 94/250
312/312 - 68s - loss: 0.0404 - val_loss: 0.1340
Epoch 95/250
312/312 - 68s - loss: 0.0402 - val_loss: 0.0673
Epoch 96/250
312/312 - 68s - loss: 0.0398 - val_loss: 0.0635
Epoch 97/250
312/312 - 68s - loss: 0.0391 - val_loss: 0.0657
Epoch 98/250
312/312 - 68s - loss: 0.0391 - val_loss: 0.0720
Epoch 99/250
312/312 - 68s - loss: 0.0384 - val_loss: 0.0844
Epoch 100/250
312/312 - 68s - loss: 0.0380 - val_loss: 0.0512
Epoch 101/250
312/312 - 68s - loss: 0.0375 - val_loss: 0.0609
Epoch 102/250
312/312 - 68s - loss: 0.0374 - val_loss: 0.0677
Epoch 103/250
312/312 - 68s - loss: 0.0369 - val_loss: 0.0822
Epoch 104/250
312/312 - 68s - loss: 0.0365 - val_loss: 0.0553
Epoch 105/250
312/312 - 68s - loss: 0.0363 - val_loss: 0.0537
Epoch 106/250
312/312 - 68s - loss: 0.0359 - val_loss: 0.0600
Epoch 107/250
312/312 - 68s - loss: 0.0355 - val_loss: 0.0507
Epoch 108/250
312/312 - 68s - loss: 0.0350 - val_loss: 0.0656
Epoch 109/250
312/312 - 68s - loss: 0.0348 - val_loss: 0.0663
Epoch 110/250
312/312 - 68s - loss: 0.0342 - val_loss: 0.0498
Epoch 111/250
312/312 - 68s - loss: 0.0340 - val_loss: 0.0607
Epoch 112/250
312/312 - 68s - loss: 0.0336 - val_loss: 0.0515
Epoch 113/250
312/312 - 68s - loss: 0.0331 - val_loss: 0.0377
Epoch 114/250
312/312 - 68s - loss: 0.0328 - val_loss: 0.0663
Epoch 115/250
312/312 - 68s - loss: 0.0326 - val_loss: 0.0430
Epoch 116/250
312/312 - 68s - loss: 0.0322 - val_loss: 0.0443
Epoch 117/250
312/312 - 68s - loss: 0.0316 - val_loss: 0.0396
Epoch 118/250
312/312 - 68s - loss: 0.0313 - val_loss: 0.0462
Epoch 119/250
312/312 - 68s - loss: 0.0309 - val_loss: 0.0333
Epoch 120/250
312/312 - 68s - loss: 0.0305 - val_loss: 0.0574
Epoch 121/250
312/312 - 68s - loss: 0.0301 - val_loss: 0.0590
Epoch 122/250
312/312 - 70s - loss: 0.0299 - val_loss: 0.0483
Epoch 123/250
312/312 - 68s - loss: 0.0295 - val_loss: 0.0310
Epoch 124/250
312/312 - 68s - loss: 0.0293 - val_loss: 0.0348
Epoch 125/250
312/312 - 68s - loss: 0.0287 - val_loss: 0.0393
Epoch 126/250
312/312 - 68s - loss: 0.0284 - val_loss: 0.0327
Epoch 127/250
312/312 - 68s - loss: 0.0280 - val_loss: 0.0318
Epoch 128/250
312/312 - 68s - loss: 0.0278 - val_loss: 0.0497
Epoch 129/250
312/312 - 68s - loss: 0.0274 - val_loss: 0.0363
Epoch 130/250
312/312 - 68s - loss: 0.0272 - val_loss: 0.0315
Epoch 131/250
312/312 - 68s - loss: 0.0267 - val_loss: 0.0321
Epoch 132/250
312/312 - 68s - loss: 0.0262 - val_loss: 0.0283
Epoch 133/250
312/312 - 68s - loss: 0.0260 - val_loss: 0.0356
Epoch 134/250
312/312 - 68s - loss: 0.0256 - val_loss: 0.0331
Epoch 135/250
312/312 - 68s - loss: 0.0251 - val_loss: 0.0298
Epoch 136/250
312/312 - 68s - loss: 0.0251 - val_loss: 0.0254
Epoch 137/250
312/312 - 68s - loss: 0.0247 - val_loss: 0.0325
Epoch 138/250
312/312 - 68s - loss: 0.0245 - val_loss: 0.0310
Epoch 139/250
312/312 - 68s - loss: 0.0240 - val_loss: 0.0340
Epoch 140/250
312/312 - 68s - loss: 0.0237 - val_loss: 0.0259
Epoch 141/250
312/312 - 68s - loss: 0.0236 - val_loss: 0.0335
Epoch 142/250
312/312 - 68s - loss: 0.0229 - val_loss: 0.0327
Epoch 143/250
312/312 - 68s - loss: 0.0228 - val_loss: 0.0447
Epoch 144/250
312/312 - 68s - loss: 0.0226 - val_loss: 0.0260
Epoch 145/250
312/312 - 68s - loss: 0.0222 - val_loss: 0.0255
Epoch 146/250
312/312 - 68s - loss: 0.0218 - val_loss: 0.0250
Epoch 147/250
312/312 - 68s - loss: 0.0216 - val_loss: 0.0246
Epoch 148/250
312/312 - 68s - loss: 0.0215 - val_loss: 0.0299
Epoch 149/250
312/312 - 68s - loss: 0.0210 - val_loss: 0.0211
Epoch 150/250
312/312 - 68s - loss: 0.0209 - val_loss: 0.0216
Epoch 151/250
312/312 - 68s - loss: 0.0206 - val_loss: 0.0210
Epoch 152/250
312/312 - 68s - loss: 0.0203 - val_loss: 0.0263
Epoch 153/250
312/312 - 68s - loss: 0.0200 - val_loss: 0.0239
Epoch 154/250
312/312 - 68s - loss: 0.0197 - val_loss: 0.0214
Epoch 155/250
312/312 - 68s - loss: 0.0194 - val_loss: 0.0212
Epoch 156/250
312/312 - 68s - loss: 0.0192 - val_loss: 0.0212
Epoch 157/250
312/312 - 68s - loss: 0.0189 - val_loss: 0.0207
Epoch 158/250
312/312 - 68s - loss: 0.0185 - val_loss: 0.0197
Epoch 159/250
312/312 - 68s - loss: 0.0185 - val_loss: 0.0198
Epoch 160/250
312/312 - 68s - loss: 0.0182 - val_loss: 0.0202
Epoch 161/250
312/312 - 68s - loss: 0.0180 - val_loss: 0.0223
Epoch 162/250
312/312 - 68s - loss: 0.0177 - val_loss: 0.0248
Epoch 163/250
312/312 - 68s - loss: 0.0175 - val_loss: 0.0159
Epoch 164/250
312/312 - 68s - loss: 0.0172 - val_loss: 0.0161
Epoch 165/250
312/312 - 68s - loss: 0.0170 - val_loss: 0.0200
Epoch 166/250
312/312 - 68s - loss: 0.0167 - val_loss: 0.0178
Epoch 167/250
312/312 - 68s - loss: 0.0166 - val_loss: 0.0161
Epoch 168/250
312/312 - 68s - loss: 0.0164 - val_loss: 0.0159
Epoch 169/250
312/312 - 68s - loss: 0.0159 - val_loss: 0.0152
Epoch 170/250
312/312 - 68s - loss: 0.0160 - val_loss: 0.0194
Epoch 171/250
312/312 - 68s - loss: 0.0157 - val_loss: 0.0152
Epoch 172/250
312/312 - 68s - loss: 0.0154 - val_loss: 0.0148
Epoch 173/250
312/312 - 68s - loss: 0.0152 - val_loss: 0.0157
Epoch 174/250
312/312 - 68s - loss: 0.0150 - val_loss: 0.0136
Epoch 175/250
312/312 - 68s - loss: 0.0150 - val_loss: 0.0152
Epoch 176/250
312/312 - 68s - loss: 0.0146 - val_loss: 0.0131
Epoch 177/250
312/312 - 68s - loss: 0.0145 - val_loss: 0.0135
Epoch 178/250
312/312 - 68s - loss: 0.0143 - val_loss: 0.0125
Epoch 179/250
312/312 - 68s - loss: 0.0140 - val_loss: 0.0136
Epoch 180/250
312/312 - 68s - loss: 0.0139 - val_loss: 0.0150
Epoch 181/250
312/312 - 68s - loss: 0.0137 - val_loss: 0.0144
Epoch 182/250
312/312 - 68s - loss: 0.0135 - val_loss: 0.0143
Epoch 183/250
312/312 - 68s - loss: 0.0134 - val_loss: 0.0121
Epoch 184/250
312/312 - 68s - loss: 0.0131 - val_loss: 0.0112
Epoch 185/250
312/312 - 68s - loss: 0.0130 - val_loss: 0.0118
Epoch 186/250
312/312 - 68s - loss: 0.0129 - val_loss: 0.0118
Epoch 187/250
312/312 - 68s - loss: 0.0126 - val_loss: 0.0109
Epoch 188/250
312/312 - 68s - loss: 0.0125 - val_loss: 0.0119
Epoch 189/250
312/312 - 68s - loss: 0.0123 - val_loss: 0.0102
Epoch 190/250
312/312 - 68s - loss: 0.0122 - val_loss: 0.0109
Epoch 191/250
312/312 - 68s - loss: 0.0121 - val_loss: 0.0107
Epoch 192/250
312/312 - 68s - loss: 0.0118 - val_loss: 0.0109
Epoch 193/250
312/312 - 68s - loss: 0.0117 - val_loss: 0.0098
Epoch 194/250
312/312 - 68s - loss: 0.0116 - val_loss: 0.0101
Epoch 195/250
312/312 - 68s - loss: 0.0114 - val_loss: 0.0098
Epoch 196/250
312/312 - 68s - loss: 0.0112 - val_loss: 0.0099
Epoch 197/250
312/312 - 68s - loss: 0.0112 - val_loss: 0.0095
Epoch 198/250
312/312 - 68s - loss: 0.0110 - val_loss: 0.0094
Epoch 199/250
312/312 - 68s - loss: 0.0109 - val_loss: 0.0090
Epoch 200/250
312/312 - 68s - loss: 0.0107 - val_loss: 0.0088
Epoch 201/250
312/312 - 68s - loss: 0.0107 - val_loss: 0.0088
Epoch 202/250
312/312 - 68s - loss: 0.0105 - val_loss: 0.0087
Epoch 203/250
312/312 - 68s - loss: 0.0104 - val_loss: 0.0087
Epoch 204/250
312/312 - 68s - loss: 0.0103 - val_loss: 0.0082
Epoch 205/250
312/312 - 68s - loss: 0.0102 - val_loss: 0.0084
Epoch 206/250
312/312 - 68s - loss: 0.0101 - val_loss: 0.0079
Epoch 207/250
312/312 - 68s - loss: 0.0100 - val_loss: 0.0080
Epoch 208/250
312/312 - 68s - loss: 0.0099 - val_loss: 0.0076
Epoch 209/250
312/312 - 68s - loss: 0.0098 - val_loss: 0.0078
Epoch 210/250
312/312 - 68s - loss: 0.0097 - val_loss: 0.0074
Epoch 211/250
312/312 - 68s - loss: 0.0096 - val_loss: 0.0073
Epoch 212/250
312/312 - 68s - loss: 0.0095 - val_loss: 0.0073
Epoch 213/250
312/312 - 68s - loss: 0.0093 - val_loss: 0.0071
Epoch 214/250
312/312 - 68s - loss: 0.0093 - val_loss: 0.0073
Epoch 215/250
312/312 - 68s - loss: 0.0092 - val_loss: 0.0069
Epoch 216/250
312/312 - 68s - loss: 0.0091 - val_loss: 0.0068
Epoch 217/250
312/312 - 68s - loss: 0.0091 - val_loss: 0.0068
Epoch 218/250
312/312 - 68s - loss: 0.0090 - val_loss: 0.0066
Epoch 219/250
312/312 - 68s - loss: 0.0089 - val_loss: 0.0066
Epoch 220/250
312/312 - 68s - loss: 0.0088 - val_loss: 0.0065
Epoch 221/250
312/312 - 68s - loss: 0.0088 - val_loss: 0.0065
Epoch 222/250
312/312 - 68s - loss: 0.0087 - val_loss: 0.0065
Epoch 223/250
312/312 - 68s - loss: 0.0087 - val_loss: 0.0063
Epoch 224/250
312/312 - 68s - loss: 0.0086 - val_loss: 0.0063
Epoch 225/250
312/312 - 68s - loss: 0.0085 - val_loss: 0.0062
Epoch 226/250
312/312 - 68s - loss: 0.0085 - val_loss: 0.0062
Epoch 227/250
312/312 - 68s - loss: 0.0084 - val_loss: 0.0062
Epoch 228/250
312/312 - 68s - loss: 0.0084 - val_loss: 0.0061
Epoch 229/250
312/312 - 71s - loss: 0.0083 - val_loss: 0.0061
Epoch 230/250
312/312 - 68s - loss: 0.0083 - val_loss: 0.0060
Epoch 231/250
312/312 - 68s - loss: 0.0083 - val_loss: 0.0060
Epoch 232/250
312/312 - 68s - loss: 0.0082 - val_loss: 0.0059
Epoch 233/250
312/312 - 68s - loss: 0.0082 - val_loss: 0.0059
Epoch 234/250
312/312 - 68s - loss: 0.0081 - val_loss: 0.0059
Epoch 235/250
312/312 - 68s - loss: 0.0081 - val_loss: 0.0059
Epoch 236/250
312/312 - 68s - loss: 0.0081 - val_loss: 0.0058
Epoch 237/250
312/312 - 68s - loss: 0.0081 - val_loss: 0.0058
Epoch 238/250
312/312 - 68s - loss: 0.0081 - val_loss: 0.0058
Epoch 239/250
312/312 - 68s - loss: 0.0080 - val_loss: 0.0058
Epoch 240/250
312/312 - 68s - loss: 0.0080 - val_loss: 0.0057
Epoch 241/250
312/312 - 68s - loss: 0.0080 - val_loss: 0.0057
Epoch 242/250
312/312 - 68s - loss: 0.0079 - val_loss: 0.0057
Epoch 243/250
312/312 - 68s - loss: 0.0080 - val_loss: 0.0057
Epoch 244/250
312/312 - 68s - loss: 0.0079 - val_loss: 0.0057
Epoch 245/250
312/312 - 68s - loss: 0.0079 - val_loss: 0.0057
Epoch 246/250
312/312 - 68s - loss: 0.0079 - val_loss: 0.0057
Epoch 247/250
312/312 - 68s - loss: 0.0079 - val_loss: 0.0057
Epoch 248/250
312/312 - 68s - loss: 0.0079 - val_loss: 0.0057
Epoch 249/250
312/312 - 68s - loss: 0.0079 - val_loss: 0.0057
Epoch 250/250
312/312 - 68s - loss: 0.0079 - val_loss: 0.0057
<tensorflow.python.keras.callbacks.History at 0x7fd4f32a21d0>