Epoch 1/120
09:51:38 Train 296/296 - loss: 1.5298
WARNING:tensorflow:From /usr/local/lib/python3.6/dist-packages/tensorflow/python/data/ops/multi_device_iterator_ops.py:601: get_next_as_optional (from tensorflow.python.data.ops.iterator_ops) is deprecated and will be removed in a future version.
Instructions for updating:
Use `tf.data.Iterator.get_next_as_optional()` instead.
WARNING:tensorflow:From /usr/local/lib/python3.6/dist-packages/tensorflow/python/data/ops/multi_device_iterator_ops.py:601: get_next_as_optional (from tensorflow.python.data.ops.iterator_ops) is deprecated and will be removed in a future version.
Instructions for updating:
Use `tf.data.Iterator.get_next_as_optional()` instead.
09:51:47 Valid 8/8 - nmse: 0.5883
Epoch 2/120
09:51:57 Train 296/296 - loss: 0.4175
09:51:58 Valid 8/8 - nmse: 0.3701
Epoch 3/120
09:52:08 Train 296/296 - loss: 0.3205
09:52:09 Valid 8/8 - nmse: 0.3117
Epoch 4/120
09:52:19 Train 296/296 - loss: 0.2913
09:52:20 Valid 8/8 - nmse: 0.3201
Epoch 5/120
09:52:30 Train 296/296 - loss: 0.2830
09:52:31 Valid 8/8 - nmse: 0.3346
Epoch 6/120
09:52:41 Train 296/296 - loss: 0.2755
09:52:41 Valid 8/8 - nmse: 0.2816
Epoch 7/120
09:52:51 Train 296/296 - loss: 0.2624
09:52:52 Valid 8/8 - nmse: 0.2667
Epoch 8/120
09:53:02 Train 296/296 - loss: 0.2535
09:53:03 Valid 8/8 - nmse: 0.3312
Epoch 9/120
09:53:13 Train 296/296 - loss: 0.2470
09:53:14 Valid 8/8 - nmse: 0.2785
Epoch 10/120
09:53:24 Train 296/296 - loss: 0.2420
09:53:25 Valid 8/8 - nmse: 0.2803
Epoch 11/120
09:53:35 Train 296/296 - loss: 0.2381
09:53:35 Valid 8/8 - nmse: 0.2511
Epoch 12/120
09:53:45 Train 296/296 - loss: 0.2349
09:53:46 Valid 8/8 - nmse: 0.2625
Epoch 13/120
09:53:56 Train 296/296 - loss: 0.2320
09:53:57 Valid 8/8 - nmse: 0.2447
Epoch 14/120
09:54:07 Train 296/296 - loss: 0.2299
09:54:08 Valid 8/8 - nmse: 0.2404
Epoch 15/120
09:54:18 Train 296/296 - loss: 0.2273
09:54:19 Valid 8/8 - nmse: 0.2375
Epoch 16/120
09:54:29 Train 296/296 - loss: 0.2252
09:54:30 Valid 8/8 - nmse: 0.2544
Epoch 17/120
09:54:40 Train 296/296 - loss: 0.2232
09:54:40 Valid 8/8 - nmse: 0.2562
Epoch 18/120
09:54:50 Train 296/296 - loss: 0.2214
09:54:51 Valid 8/8 - nmse: 0.2460
Epoch 19/120
09:55:01 Train 296/296 - loss: 0.2200
09:55:02 Valid 8/8 - nmse: 0.2653
Epoch 20/120
09:55:12 Train 296/296 - loss: 0.2182
09:55:13 Valid 8/8 - nmse: 0.2580
Epoch 21/120
09:55:23 Train 296/296 - loss: 0.2163
09:55:24 Valid 8/8 - nmse: 0.2464
Epoch 22/120
09:55:34 Train 296/296 - loss: 0.2152
09:55:35 Valid 8/8 - nmse: 0.2549
Epoch 23/120
09:55:45 Train 296/296 - loss: 0.2138
09:55:45 Valid 8/8 - nmse: 0.2624
Epoch 24/120
09:55:55 Train 296/296 - loss: 0.2123
09:55:56 Valid 8/8 - nmse: 0.3118
Epoch 25/120
09:56:06 Train 296/296 - loss: 0.2108
09:56:07 Valid 8/8 - nmse: 0.2372
Epoch 26/120
09:56:17 Train 296/296 - loss: 0.2094
09:56:18 Valid 8/8 - nmse: 0.2451
Epoch 27/120
09:56:28 Train 296/296 - loss: 0.2076
09:56:29 Valid 8/8 - nmse: 0.2767
Epoch 28/120
09:56:39 Train 296/296 - loss: 0.2063
09:56:40 Valid 8/8 - nmse: 0.2669
Epoch 29/120
09:56:50 Train 296/296 - loss: 0.2049
09:56:50 Valid 8/8 - nmse: 0.2396
Epoch 30/120
09:57:00 Train 296/296 - loss: 0.2033
09:57:01 Valid 8/8 - nmse: 0.2532
Epoch 31/120
09:57:11 Train 296/296 - loss: 0.2017
09:57:12 Valid 8/8 - nmse: 0.2410
Epoch 32/120
09:57:22 Train 296/296 - loss: 0.2001
09:57:23 Valid 8/8 - nmse: 0.2246
Epoch 33/120
09:57:33 Train 296/296 - loss: 0.1983
09:57:34 Valid 8/8 - nmse: 0.2084
Epoch 34/120
09:57:44 Train 296/296 - loss: 0.1969
09:57:45 Valid 8/8 - nmse: 0.2417
Epoch 35/120
09:57:55 Train 296/296 - loss: 0.1948
09:57:55 Valid 8/8 - nmse: 0.2520
Epoch 36/120
09:58:05 Train 296/296 - loss: 0.1934
09:58:06 Valid 8/8 - nmse: 0.2377
Epoch 37/120
09:58:16 Train 296/296 - loss: 0.1914
09:58:17 Valid 8/8 - nmse: 0.2347
Epoch 38/120
09:58:27 Train 296/296 - loss: 0.1900
09:58:28 Valid 8/8 - nmse: 0.2119
Epoch 39/120
09:58:38 Train 296/296 - loss: 0.1884
09:58:39 Valid 8/8 - nmse: 0.2140
Epoch 40/120
09:58:49 Train 296/296 - loss: 0.1863
09:58:50 Valid 8/8 - nmse: 0.2107
Epoch 41/120
09:59:00 Train 296/296 - loss: 0.1844
09:59:01 Valid 8/8 - nmse: 0.2177
Epoch 42/120
09:59:11 Train 296/296 - loss: 0.1826
09:59:12 Valid 8/8 - nmse: 0.2180
Epoch 43/120
09:59:22 Train 296/296 - loss: 0.1802
09:59:22 Valid 8/8 - nmse: 0.2086
Epoch 44/120
09:59:33 Train 296/296 - loss: 0.1783
09:59:33 Valid 8/8 - nmse: 0.2769
Epoch 45/120
09:59:43 Train 296/296 - loss: 0.1767
09:59:44 Valid 8/8 - nmse: 0.2001
Epoch 46/120
09:59:54 Train 296/296 - loss: 0.1749
09:59:55 Valid 8/8 - nmse: 0.2128
Epoch 47/120
10:00:05 Train 296/296 - loss: 0.1726
10:00:06 Valid 8/8 - nmse: 0.1889
Epoch 48/120
10:00:16 Train 296/296 - loss: 0.1705
10:00:17 Valid 8/8 - nmse: 0.2423
Epoch 49/120
10:00:27 Train 296/296 - loss: 0.1684
10:00:27 Valid 8/8 - nmse: 0.1907
Epoch 50/120
10:00:37 Train 296/296 - loss: 0.1663
10:00:38 Valid 8/8 - nmse: 0.1952
Epoch 51/120
10:00:48 Train 296/296 - loss: 0.1641
10:00:49 Valid 8/8 - nmse: 0.1971
Epoch 52/120
10:00:59 Train 296/296 - loss: 0.1625
10:01:00 Valid 8/8 - nmse: 0.1843
Epoch 53/120
10:01:10 Train 296/296 - loss: 0.1601
10:01:11 Valid 8/8 - nmse: 0.2176
Epoch 54/120
10:01:21 Train 296/296 - loss: 0.1584
10:01:22 Valid 8/8 - nmse: 0.1827
Epoch 55/120
10:01:32 Train 296/296 - loss: 0.1562
10:01:32 Valid 8/8 - nmse: 0.1988
Epoch 56/120
10:01:42 Train 296/296 - loss: 0.1541
10:01:43 Valid 8/8 - nmse: 0.1767
Epoch 57/120
10:01:53 Train 296/296 - loss: 0.1526
10:01:54 Valid 8/8 - nmse: 0.1658
Epoch 58/120
10:02:04 Train 296/296 - loss: 0.1502
10:02:05 Valid 8/8 - nmse: 0.1689
Epoch 59/120
10:02:15 Train 296/296 - loss: 0.1484
10:02:16 Valid 8/8 - nmse: 0.1615
Epoch 60/120
10:02:26 Train 296/296 - loss: 0.1463
10:02:26 Valid 8/8 - nmse: 0.1803
Epoch 61/120
10:02:37 Train 296/296 - loss: 0.1441
10:02:37 Valid 8/8 - nmse: 0.1634
Epoch 62/120
10:02:47 Train 296/296 - loss: 0.1425
10:02:48 Valid 8/8 - nmse: 0.1694
Epoch 63/120
10:02:58 Train 296/296 - loss: 0.1404
10:02:59 Valid 8/8 - nmse: 0.1617
Epoch 64/120
10:03:09 Train 296/296 - loss: 0.1382
10:03:10 Valid 8/8 - nmse: 0.1478
Epoch 65/120
10:03:20 Train 296/296 - loss: 0.1366
10:03:21 Valid 8/8 - nmse: 0.1565
Epoch 66/120
10:03:31 Train 296/296 - loss: 0.1346
10:03:31 Valid 8/8 - nmse: 0.1437
Epoch 67/120
10:03:41 Train 296/296 - loss: 0.1327
10:03:42 Valid 8/8 - nmse: 0.1414
Epoch 68/120
10:03:52 Train 296/296 - loss: 0.1307
10:03:53 Valid 8/8 - nmse: 0.1369
Epoch 69/120
10:04:03 Train 296/296 - loss: 0.1291
10:04:04 Valid 8/8 - nmse: 0.1621
Epoch 70/120
10:04:14 Train 296/296 - loss: 0.1272
10:04:15 Valid 8/8 - nmse: 0.1453
Epoch 71/120
10:04:25 Train 296/296 - loss: 0.1256
10:04:26 Valid 8/8 - nmse: 0.1406
Epoch 72/120
10:04:36 Train 296/296 - loss: 0.1235
10:04:36 Valid 8/8 - nmse: 0.1452
Epoch 73/120
10:04:46 Train 296/296 - loss: 0.1220
10:04:47 Valid 8/8 - nmse: 0.1408
Epoch 74/120
10:04:57 Train 296/296 - loss: 0.1204
10:04:59 Valid 8/8 - nmse: 0.1281
Epoch 75/120
10:05:09 Train 296/296 - loss: 0.1187
10:05:09 Valid 8/8 - nmse: 0.1297
Epoch 76/120
10:05:19 Train 296/296 - loss: 0.1170
10:05:20 Valid 8/8 - nmse: 0.1258
Epoch 77/120
10:05:30 Train 296/296 - loss: 0.1155
10:05:31 Valid 8/8 - nmse: 0.1288
Epoch 78/120
10:05:41 Train 296/296 - loss: 0.1139
10:05:42 Valid 8/8 - nmse: 0.1272
Epoch 79/120
10:05:52 Train 296/296 - loss: 0.1122
10:05:53 Valid 8/8 - nmse: 0.1197
Epoch 80/120
10:06:03 Train 296/296 - loss: 0.1107
10:06:04 Valid 8/8 - nmse: 0.1228
Epoch 81/120
10:06:14 Train 296/296 - loss: 0.1093
10:06:14 Valid 8/8 - nmse: 0.1181
Epoch 82/120
10:06:24 Train 296/296 - loss: 0.1077
10:06:25 Valid 8/8 - nmse: 0.1147
Epoch 83/120
10:06:35 Train 296/296 - loss: 0.1065
10:06:36 Valid 8/8 - nmse: 0.1136
Epoch 84/120
10:06:46 Train 296/296 - loss: 0.1051
10:06:47 Valid 8/8 - nmse: 0.1112
Epoch 85/120
10:06:57 Train 296/296 - loss: 0.1037
10:06:58 Valid 8/8 - nmse: 0.1096
Epoch 86/120
10:07:08 Train 296/296 - loss: 0.1024
10:07:08 Valid 8/8 - nmse: 0.1104
Epoch 87/120
10:07:18 Train 296/296 - loss: 0.1011
10:07:19 Valid 8/8 - nmse: 0.1081
Epoch 88/120
10:07:29 Train 296/296 - loss: 0.0998
10:07:30 Valid 8/8 - nmse: 0.1079
Epoch 89/120
10:07:40 Train 296/296 - loss: 0.0986
10:07:41 Valid 8/8 - nmse: 0.1041
Epoch 90/120
10:07:51 Train 296/296 - loss: 0.0976
10:07:52 Valid 8/8 - nmse: 0.1015
Epoch 91/120
10:08:02 Train 296/296 - loss: 0.0963
10:08:03 Valid 8/8 - nmse: 0.1011
Epoch 92/120
10:08:13 Train 296/296 - loss: 0.0951
10:08:13 Valid 8/8 - nmse: 0.1044
Epoch 93/120
10:08:23 Train 296/296 - loss: 0.0940
10:08:24 Valid 8/8 - nmse: 0.0981
Epoch 94/120
10:08:34 Train 296/296 - loss: 0.0931
10:08:35 Valid 8/8 - nmse: 0.0986
Epoch 95/120
10:08:45 Train 296/296 - loss: 0.0922
10:08:46 Valid 8/8 - nmse: 0.0976
Epoch 96/120
10:08:56 Train 296/296 - loss: 0.0911
10:08:57 Valid 8/8 - nmse: 0.0967
Epoch 97/120
10:09:07 Train 296/296 - loss: 0.0902
10:09:08 Valid 8/8 - nmse: 0.0974
Epoch 98/120
10:09:18 Train 296/296 - loss: 0.0894
10:09:18 Valid 8/8 - nmse: 0.0935
Epoch 99/120
10:09:28 Train 296/296 - loss: 0.0885
10:09:29 Valid 8/8 - nmse: 0.0922
Epoch 100/120
10:09:39 Train 296/296 - loss: 0.0878
10:09:40 Valid 8/8 - nmse: 0.0915
Epoch 101/120
10:09:50 Train 296/296 - loss: 0.0869
10:09:51 Valid 8/8 - nmse: 0.0909
Epoch 102/120
10:10:01 Train 296/296 - loss: 0.0862
10:10:02 Valid 8/8 - nmse: 0.0908
Epoch 103/120
10:10:12 Train 296/296 - loss: 0.0856
10:10:12 Valid 8/8 - nmse: 0.0897
Epoch 104/120
10:10:22 Train 296/296 - loss: 0.0851
10:10:23 Valid 8/8 - nmse: 0.0896
Epoch 105/120
10:10:33 Train 296/296 - loss: 0.0844
10:10:34 Valid 8/8 - nmse: 0.0885
Epoch 106/120
10:10:44 Train 296/296 - loss: 0.0837
10:10:45 Valid 8/8 - nmse: 0.0877
Epoch 107/120
10:10:55 Train 296/296 - loss: 0.0835
10:10:56 Valid 8/8 - nmse: 0.0873
Epoch 108/120
10:11:06 Train 296/296 - loss: 0.0828
10:11:07 Valid 8/8 - nmse: 0.0868
Epoch 109/120
10:11:17 Train 296/296 - loss: 0.0823
10:11:18 Valid 8/8 - nmse: 0.0865
Epoch 110/120
10:11:28 Train 296/296 - loss: 0.0821
10:11:29 Valid 8/8 - nmse: 0.0861
Epoch 111/120
10:11:39 Train 296/296 - loss: 0.0816
10:11:40 Valid 8/8 - nmse: 0.0859
Epoch 112/120
10:11:50 Train 296/296 - loss: 0.0814
10:11:51 Valid 8/8 - nmse: 0.0855
Epoch 113/120
10:12:01 Train 296/296 - loss: 0.0811
10:12:01 Valid 8/8 - nmse: 0.0852
Epoch 114/120
10:12:11 Train 296/296 - loss: 0.0808
10:12:12 Valid 8/8 - nmse: 0.0851
Epoch 115/120
10:12:22 Train 296/296 - loss: 0.0805
10:12:23 Valid 8/8 - nmse: 0.0850
Epoch 116/120
10:12:33 Train 296/296 - loss: 0.0804
10:12:34 Valid 8/8 - nmse: 0.0849
Epoch 117/120
10:12:44 Train 296/296 - loss: 0.0804
10:12:45 Valid 8/8 - nmse: 0.0848
Epoch 118/120
10:12:55 Train 296/296 - loss: 0.0801
10:12:56 Valid 8/8 - nmse: 0.0847
Epoch 119/120
10:13:06 Train 296/296 - loss: 0.0802
10:13:06 Valid 8/8 - nmse: 0.0847
Epoch 120/120
10:13:16 Train 296/296 - loss: 0.0799
10:13:17 Valid 8/8 - nmse: 0.0847