Epoch 1/120
19:40:37 Train 296/296 - loss: 1.6369
WARNING:tensorflow:From /usr/local/lib/python3.6/dist-packages/tensorflow/python/data/ops/multi_device_iterator_ops.py:601: get_next_as_optional (from tensorflow.python.data.ops.iterator_ops) is deprecated and will be removed in a future version.
Instructions for updating:
Use `tf.data.Iterator.get_next_as_optional()` instead.
WARNING:tensorflow:From /usr/local/lib/python3.6/dist-packages/tensorflow/python/data/ops/multi_device_iterator_ops.py:601: get_next_as_optional (from tensorflow.python.data.ops.iterator_ops) is deprecated and will be removed in a future version.
Instructions for updating:
Use `tf.data.Iterator.get_next_as_optional()` instead.
19:40:45 Valid 8/8 - nmse: 0.5325
Epoch 2/120
19:40:56 Train 296/296 - loss: 0.4015
19:40:57 Valid 8/8 - nmse: 0.3483
Epoch 3/120
19:41:07 Train 296/296 - loss: 0.3173
19:41:08 Valid 8/8 - nmse: 0.3342
Epoch 4/120
19:41:18 Train 296/296 - loss: 0.2890
19:41:19 Valid 8/8 - nmse: 0.3231
Epoch 5/120
19:41:30 Train 296/296 - loss: 0.2812
19:41:30 Valid 8/8 - nmse: 0.3404
Epoch 6/120
19:41:41 Train 296/296 - loss: 0.2728
19:41:42 Valid 8/8 - nmse: 0.2865
Epoch 7/120
19:41:52 Train 296/296 - loss: 0.2594
19:41:53 Valid 8/8 - nmse: 0.2722
Epoch 8/120
19:42:03 Train 296/296 - loss: 0.2507
19:42:04 Valid 8/8 - nmse: 0.2828
Epoch 9/120
19:42:15 Train 296/296 - loss: 0.2440
19:42:15 Valid 8/8 - nmse: 0.2760
Epoch 10/120
19:42:26 Train 296/296 - loss: 0.2395
19:42:27 Valid 8/8 - nmse: 0.2852
Epoch 11/120
19:42:37 Train 296/296 - loss: 0.2358
19:42:39 Valid 8/8 - nmse: 0.2790
Epoch 12/120
19:42:49 Train 296/296 - loss: 0.2325
19:42:50 Valid 8/8 - nmse: 0.2572
Epoch 13/120
19:43:00 Train 296/296 - loss: 0.2298
19:43:01 Valid 8/8 - nmse: 0.2795
Epoch 14/120
19:43:12 Train 296/296 - loss: 0.2275
19:43:12 Valid 8/8 - nmse: 0.2456
Epoch 15/120
19:43:23 Train 296/296 - loss: 0.2253
19:43:24 Valid 8/8 - nmse: 0.2665
Epoch 16/120
19:43:34 Train 296/296 - loss: 0.2241
19:43:35 Valid 8/8 - nmse: 0.2825
Epoch 17/120
19:43:45 Train 296/296 - loss: 0.2215
19:43:46 Valid 8/8 - nmse: 0.2631
Epoch 18/120
19:43:57 Train 296/296 - loss: 0.2198
19:43:58 Valid 8/8 - nmse: 0.3148
Epoch 19/120
19:44:08 Train 296/296 - loss: 0.2188
19:44:09 Valid 8/8 - nmse: 0.2503
Epoch 20/120
19:44:19 Train 296/296 - loss: 0.2166
19:44:20 Valid 8/8 - nmse: 0.2599
Epoch 21/120
19:44:31 Train 296/296 - loss: 0.2155
19:44:31 Valid 8/8 - nmse: 0.2429
Epoch 22/120
19:44:42 Train 296/296 - loss: 0.2140
19:44:43 Valid 8/8 - nmse: 0.2966
Epoch 23/120
19:44:53 Train 296/296 - loss: 0.2127
19:44:54 Valid 8/8 - nmse: 0.2809
Epoch 24/120
19:45:04 Train 296/296 - loss: 0.2109
19:45:05 Valid 8/8 - nmse: 0.2528
Epoch 25/120
19:45:16 Train 296/296 - loss: 0.2092
19:45:17 Valid 8/8 - nmse: 0.2686
Epoch 26/120
19:45:27 Train 296/296 - loss: 0.2081
19:45:28 Valid 8/8 - nmse: 0.2660
Epoch 27/120
19:45:38 Train 296/296 - loss: 0.2067
19:45:39 Valid 8/8 - nmse: 0.2923
Epoch 28/120
19:45:49 Train 296/296 - loss: 0.2053
19:45:50 Valid 8/8 - nmse: 0.3162
Epoch 29/120
19:46:01 Train 296/296 - loss: 0.2041
19:46:02 Valid 8/8 - nmse: 0.2408
Epoch 30/120
19:46:12 Train 296/296 - loss: 0.2024
19:46:13 Valid 8/8 - nmse: 0.2515
Epoch 31/120
19:46:23 Train 296/296 - loss: 0.2007
19:46:24 Valid 8/8 - nmse: 0.2611
Epoch 32/120
19:46:35 Train 296/296 - loss: 0.1995
19:46:35 Valid 8/8 - nmse: 0.2732
Epoch 33/120
19:46:46 Train 296/296 - loss: 0.1977
19:46:47 Valid 8/8 - nmse: 0.2748
Epoch 34/120
19:46:57 Train 296/296 - loss: 0.1965
19:46:58 Valid 8/8 - nmse: 0.2702
Epoch 35/120
19:47:08 Train 296/296 - loss: 0.1951
19:47:09 Valid 8/8 - nmse: 0.2276
Epoch 36/120
19:47:20 Train 296/296 - loss: 0.1930
19:47:20 Valid 8/8 - nmse: 0.2441
Epoch 37/120
19:47:31 Train 296/296 - loss: 0.1924
19:47:32 Valid 8/8 - nmse: 0.2476
Epoch 38/120
19:47:42 Train 296/296 - loss: 0.1900
19:47:43 Valid 8/8 - nmse: 0.2842
Epoch 39/120
19:47:54 Train 296/296 - loss: 0.1879
19:47:54 Valid 8/8 - nmse: 0.2394
Epoch 40/120
19:48:05 Train 296/296 - loss: 0.1858
19:48:06 Valid 8/8 - nmse: 0.2407
Epoch 41/120
19:48:16 Train 296/296 - loss: 0.1843
19:48:17 Valid 8/8 - nmse: 0.2565
Epoch 42/120
19:48:27 Train 296/296 - loss: 0.1822
19:48:28 Valid 8/8 - nmse: 0.2184
Epoch 43/120
19:48:39 Train 296/296 - loss: 0.1815
19:48:39 Valid 8/8 - nmse: 0.2769
Epoch 44/120
19:48:50 Train 296/296 - loss: 0.1786
19:48:51 Valid 8/8 - nmse: 0.2318
Epoch 45/120
19:49:01 Train 296/296 - loss: 0.1770
19:49:02 Valid 8/8 - nmse: 0.2042
Epoch 46/120
19:49:12 Train 296/296 - loss: 0.1748
19:49:13 Valid 8/8 - nmse: 0.2168
Epoch 47/120
19:49:24 Train 296/296 - loss: 0.1726
19:49:24 Valid 8/8 - nmse: 0.2298
Epoch 48/120
19:49:35 Train 296/296 - loss: 0.1697
19:49:36 Valid 8/8 - nmse: 0.2430
Epoch 49/120
19:49:46 Train 296/296 - loss: 0.1685
19:49:47 Valid 8/8 - nmse: 0.2174
Epoch 50/120
19:49:57 Train 296/296 - loss: 0.1664
19:49:58 Valid 8/8 - nmse: 0.2050
Epoch 51/120
19:50:09 Train 296/296 - loss: 0.1639
19:50:10 Valid 8/8 - nmse: 0.2303
Epoch 52/120
19:50:21 Train 296/296 - loss: 0.1625
19:50:22 Valid 8/8 - nmse: 0.1943
Epoch 53/120
19:50:32 Train 296/296 - loss: 0.1603
19:50:33 Valid 8/8 - nmse: 0.2034
Epoch 54/120
19:50:43 Train 296/296 - loss: 0.1581
19:50:44 Valid 8/8 - nmse: 0.1917
Epoch 55/120
19:50:55 Train 296/296 - loss: 0.1561
19:50:55 Valid 8/8 - nmse: 0.1833
Epoch 56/120
19:51:06 Train 296/296 - loss: 0.1535
19:51:07 Valid 8/8 - nmse: 0.1920
Epoch 57/120
19:51:17 Train 296/296 - loss: 0.1521
19:51:18 Valid 8/8 - nmse: 0.1798
Epoch 58/120
19:51:28 Train 296/296 - loss: 0.1495
19:51:29 Valid 8/8 - nmse: 0.1704
Epoch 59/120
19:51:40 Train 296/296 - loss: 0.1481
19:51:40 Valid 8/8 - nmse: 0.1771
Epoch 60/120
19:51:51 Train 296/296 - loss: 0.1454
19:51:52 Valid 8/8 - nmse: 0.1687
Epoch 61/120
19:52:02 Train 296/296 - loss: 0.1447
19:52:03 Valid 8/8 - nmse: 0.1752
Epoch 62/120
19:52:13 Train 296/296 - loss: 0.1419
19:52:14 Valid 8/8 - nmse: 0.1874
Epoch 63/120
19:52:25 Train 296/296 - loss: 0.1396
19:52:26 Valid 8/8 - nmse: 0.1592
Epoch 64/120
19:52:36 Train 296/296 - loss: 0.1373
19:52:37 Valid 8/8 - nmse: 0.1682
Epoch 65/120
19:52:47 Train 296/296 - loss: 0.1356
19:52:48 Valid 8/8 - nmse: 0.1670
Epoch 66/120
19:52:58 Train 296/296 - loss: 0.1337
19:52:59 Valid 8/8 - nmse: 0.1626
Epoch 67/120
19:53:10 Train 296/296 - loss: 0.1319
19:53:11 Valid 8/8 - nmse: 0.1645
Epoch 68/120
19:53:21 Train 296/296 - loss: 0.1293
19:53:22 Valid 8/8 - nmse: 0.1502
Epoch 69/120
19:53:32 Train 296/296 - loss: 0.1285
19:53:33 Valid 8/8 - nmse: 0.1537
Epoch 70/120
19:53:44 Train 296/296 - loss: 0.1261
19:53:44 Valid 8/8 - nmse: 0.1582
Epoch 71/120
19:53:55 Train 296/296 - loss: 0.1248
19:53:56 Valid 8/8 - nmse: 0.1417
Epoch 72/120
19:54:06 Train 296/296 - loss: 0.1224
19:54:07 Valid 8/8 - nmse: 0.1414
Epoch 73/120
19:54:17 Train 296/296 - loss: 0.1212
19:54:18 Valid 8/8 - nmse: 0.1378
Epoch 74/120
19:54:29 Train 296/296 - loss: 0.1191
19:54:29 Valid 8/8 - nmse: 0.1333
Epoch 75/120
19:54:40 Train 296/296 - loss: 0.1172
19:54:41 Valid 8/8 - nmse: 0.1358
Epoch 76/120
19:54:51 Train 296/296 - loss: 0.1159
19:54:52 Valid 8/8 - nmse: 0.1309
Epoch 77/120
19:55:02 Train 296/296 - loss: 0.1140
19:55:03 Valid 8/8 - nmse: 0.1397
Epoch 78/120
19:55:14 Train 296/296 - loss: 0.1121
19:55:15 Valid 8/8 - nmse: 0.1273
Epoch 79/120
19:55:25 Train 296/296 - loss: 0.1108
19:55:26 Valid 8/8 - nmse: 0.1264
Epoch 80/120
19:55:36 Train 296/296 - loss: 0.1091
19:55:37 Valid 8/8 - nmse: 0.1286
Epoch 81/120
19:55:47 Train 296/296 - loss: 0.1077
19:55:48 Valid 8/8 - nmse: 0.1216
Epoch 82/120
19:55:59 Train 296/296 - loss: 0.1059
19:56:00 Valid 8/8 - nmse: 0.1196
Epoch 83/120
19:56:10 Train 296/296 - loss: 0.1044
19:56:11 Valid 8/8 - nmse: 0.1239
Epoch 84/120
19:56:21 Train 296/296 - loss: 0.1034
19:56:22 Valid 8/8 - nmse: 0.1180
Epoch 85/120
19:56:33 Train 296/296 - loss: 0.1019
19:56:33 Valid 8/8 - nmse: 0.1116
Epoch 86/120
19:56:44 Train 296/296 - loss: 0.1004
19:56:45 Valid 8/8 - nmse: 0.1125
Epoch 87/120
19:56:55 Train 296/296 - loss: 0.0991
19:56:56 Valid 8/8 - nmse: 0.1073
Epoch 88/120
19:57:06 Train 296/296 - loss: 0.0978
19:57:07 Valid 8/8 - nmse: 0.1070
Epoch 89/120
19:57:18 Train 296/296 - loss: 0.0965
19:57:19 Valid 8/8 - nmse: 0.1051
Epoch 90/120
19:57:29 Train 296/296 - loss: 0.0954
19:57:30 Valid 8/8 - nmse: 0.1044
Epoch 91/120
19:57:40 Train 296/296 - loss: 0.0943
19:57:41 Valid 8/8 - nmse: 0.1032
Epoch 92/120
19:57:52 Train 296/296 - loss: 0.0931
19:57:53 Valid 8/8 - nmse: 0.1009
Epoch 93/120
19:58:04 Train 296/296 - loss: 0.0919
19:58:04 Valid 8/8 - nmse: 0.0978
Epoch 94/120
19:58:15 Train 296/296 - loss: 0.0911
19:58:16 Valid 8/8 - nmse: 0.0989
Epoch 95/120
19:58:26 Train 296/296 - loss: 0.0900
19:58:27 Valid 8/8 - nmse: 0.0992
Epoch 96/120
19:58:38 Train 296/296 - loss: 0.0889
19:58:38 Valid 8/8 - nmse: 0.0939
Epoch 97/120
19:58:49 Train 296/296 - loss: 0.0880
19:58:50 Valid 8/8 - nmse: 0.0937
Epoch 98/120
19:59:00 Train 296/296 - loss: 0.0871
19:59:01 Valid 8/8 - nmse: 0.0923
Epoch 99/120
19:59:11 Train 296/296 - loss: 0.0863
19:59:12 Valid 8/8 - nmse: 0.0912
Epoch 100/120
19:59:23 Train 296/296 - loss: 0.0855
19:59:23 Valid 8/8 - nmse: 0.0906
Epoch 101/120
19:59:34 Train 296/296 - loss: 0.0846
19:59:35 Valid 8/8 - nmse: 0.0887
Epoch 102/120
19:59:45 Train 296/296 - loss: 0.0839
19:59:46 Valid 8/8 - nmse: 0.0890
Epoch 103/120
19:59:56 Train 296/296 - loss: 0.0832
19:59:57 Valid 8/8 - nmse: 0.0870
Epoch 104/120
20:00:08 Train 296/296 - loss: 0.0826
20:00:08 Valid 8/8 - nmse: 0.0873
Epoch 105/120
20:00:19 Train 296/296 - loss: 0.0820
20:00:20 Valid 8/8 - nmse: 0.0853
Epoch 106/120
20:00:30 Train 296/296 - loss: 0.0813
20:00:31 Valid 8/8 - nmse: 0.0848
Epoch 107/120
20:00:41 Train 296/296 - loss: 0.0811
20:00:42 Valid 8/8 - nmse: 0.0846
Epoch 108/120
20:00:53 Train 296/296 - loss: 0.0804
20:00:54 Valid 8/8 - nmse: 0.0841
Epoch 109/120
20:01:04 Train 296/296 - loss: 0.0799
20:01:05 Valid 8/8 - nmse: 0.0834
Epoch 110/120
20:01:15 Train 296/296 - loss: 0.0797
20:01:16 Valid 8/8 - nmse: 0.0830
Epoch 111/120
20:01:27 Train 296/296 - loss: 0.0792
20:01:27 Valid 8/8 - nmse: 0.0825
Epoch 112/120
20:01:38 Train 296/296 - loss: 0.0789
20:01:39 Valid 8/8 - nmse: 0.0822
Epoch 113/120
20:01:49 Train 296/296 - loss: 0.0787
20:01:50 Valid 8/8 - nmse: 0.0823
Epoch 114/120
20:02:00 Train 296/296 - loss: 0.0784
20:02:01 Valid 8/8 - nmse: 0.0818
Epoch 115/120
20:02:12 Train 296/296 - loss: 0.0781
20:02:13 Valid 8/8 - nmse: 0.0817
Epoch 116/120
20:02:23 Train 296/296 - loss: 0.0779
20:02:24 Valid 8/8 - nmse: 0.0816
Epoch 117/120
20:02:34 Train 296/296 - loss: 0.0779
20:02:35 Valid 8/8 - nmse: 0.0814
Epoch 118/120
20:02:46 Train 296/296 - loss: 0.0777
20:02:46 Valid 8/8 - nmse: 0.0814
Epoch 119/120
20:02:57 Train 296/296 - loss: 0.0778
20:02:58 Valid 8/8 - nmse: 0.0814
Epoch 120/120
20:03:08 Train 296/296 - loss: 0.0775
20:03:09 Valid 8/8 - nmse: 0.0814