Epoch 1/120
WARNING:tensorflow:From /usr/local/lib/python3.6/dist-packages/tensorflow/python/data/ops/multi_device_iterator_ops.py:601: get_next_as_optional (from tensorflow.python.data.ops.iterator_ops) is deprecated and will be removed in a future version.
Instructions for updating:
Use `tf.data.Iterator.get_next_as_optional()` instead.
WARNING:tensorflow:From /usr/local/lib/python3.6/dist-packages/tensorflow/python/data/ops/multi_device_iterator_ops.py:601: get_next_as_optional (from tensorflow.python.data.ops.iterator_ops) is deprecated and will be removed in a future version.
Instructions for updating:
Use `tf.data.Iterator.get_next_as_optional()` instead.
312/312 - 331s - loss: 2.6834 - val_loss: 4.5426
Epoch 2/120
312/312 - 253s - loss: 0.9993 - val_loss: 0.8148
Epoch 3/120
312/312 - 253s - loss: 0.4916 - val_loss: 0.3993
Epoch 4/120
312/312 - 253s - loss: 0.3290 - val_loss: 0.2924
Epoch 5/120
312/312 - 253s - loss: 0.2634 - val_loss: 0.3034
Epoch 6/120
312/312 - 253s - loss: 0.2155 - val_loss: 0.2114
Epoch 7/120
312/312 - 253s - loss: 0.1784 - val_loss: 0.1865
Epoch 8/120
312/312 - 253s - loss: 0.1540 - val_loss: 0.1548
Epoch 9/120
312/312 - 253s - loss: 0.1375 - val_loss: 0.1379
Epoch 10/120
312/312 - 253s - loss: 0.1256 - val_loss: 0.1333
Epoch 11/120
312/312 - 253s - loss: 0.1178 - val_loss: 0.1420
Epoch 12/120
312/312 - 253s - loss: 0.1116 - val_loss: 0.1173
Epoch 13/120
312/312 - 253s - loss: 0.1062 - val_loss: 0.1508
Epoch 14/120
312/312 - 253s - loss: 0.1026 - val_loss: 0.1096
Epoch 15/120
312/312 - 253s - loss: 0.0995 - val_loss: 0.1302
Epoch 16/120
312/312 - 253s - loss: 0.0964 - val_loss: 0.1196
Epoch 17/120
312/312 - 253s - loss: 0.0937 - val_loss: 0.1072
Epoch 18/120
312/312 - 253s - loss: 0.0919 - val_loss: 0.1362
Epoch 19/120
312/312 - 253s - loss: 0.0894 - val_loss: 0.1144
Epoch 20/120
312/312 - 253s - loss: 0.0874 - val_loss: 0.1088
Epoch 21/120
312/312 - 253s - loss: 0.0848 - val_loss: 0.1262
Epoch 22/120
312/312 - 253s - loss: 0.0838 - val_loss: 0.1029
Epoch 23/120
312/312 - 253s - loss: 0.0829 - val_loss: 0.0953
Epoch 24/120
312/312 - 253s - loss: 0.0805 - val_loss: 0.0975
Epoch 25/120
312/312 - 253s - loss: 0.0787 - val_loss: 0.1081
Epoch 26/120
312/312 - 253s - loss: 0.0787 - val_loss: 0.1020
Epoch 27/120
312/312 - 253s - loss: 0.0765 - val_loss: 0.0870
Epoch 28/120
312/312 - 253s - loss: 0.0770 - val_loss: 0.1288
Epoch 29/120
312/312 - 253s - loss: 0.0749 - val_loss: 0.0827
Epoch 30/120
312/312 - 253s - loss: 0.0810 - val_loss: 0.0980
Epoch 31/120
312/312 - 253s - loss: 0.0742 - val_loss: 0.0963
Epoch 32/120
312/312 - 253s - loss: 0.0704 - val_loss: 0.0886
Epoch 33/120
312/312 - 253s - loss: 0.0684 - val_loss: 0.0885
Epoch 34/120
312/312 - 253s - loss: 0.0668 - val_loss: 0.0891
Epoch 35/120
312/312 - 253s - loss: 0.0651 - val_loss: 0.0760
Epoch 36/120
312/312 - 253s - loss: 0.0635 - val_loss: 0.0849
Epoch 37/120
312/312 - 253s - loss: 0.0623 - val_loss: 0.0697
Epoch 38/120
312/312 - 253s - loss: 0.0613 - val_loss: 0.0742
Epoch 39/120
312/312 - 253s - loss: 0.0595 - val_loss: 0.0670
Epoch 40/120
312/312 - 253s - loss: 0.0583 - val_loss: 0.0663
Epoch 41/120
312/312 - 253s - loss: 0.0569 - val_loss: 0.0677
Epoch 42/120
312/312 - 253s - loss: 0.0556 - val_loss: 0.0706
Epoch 43/120
312/312 - 253s - loss: 0.0549 - val_loss: 0.0730
Epoch 44/120
312/312 - 253s - loss: 0.0533 - val_loss: 0.0977
Epoch 45/120
312/312 - 253s - loss: 0.0548 - val_loss: 0.0678
Epoch 46/120
312/312 - 253s - loss: 0.0519 - val_loss: 0.0562
Epoch 47/120
312/312 - 253s - loss: 0.0493 - val_loss: 0.0635
Epoch 48/120
312/312 - 253s - loss: 0.0474 - val_loss: 0.0536
Epoch 49/120
312/312 - 253s - loss: 0.0454 - val_loss: 0.0605
Epoch 50/120
312/312 - 253s - loss: 0.0444 - val_loss: 0.0498
Epoch 51/120
312/312 - 253s - loss: 0.0424 - val_loss: 0.0513
Epoch 52/120
312/312 - 253s - loss: 0.0413 - val_loss: 0.0562
Epoch 53/120
312/312 - 253s - loss: 0.0419 - val_loss: 0.0435
Epoch 54/120
312/312 - 253s - loss: 0.0401 - val_loss: 0.0435
Epoch 55/120
312/312 - 253s - loss: 0.0378 - val_loss: 0.0466
Epoch 56/120
312/312 - 253s - loss: 0.0366 - val_loss: 0.0453
Epoch 57/120
312/312 - 253s - loss: 0.0349 - val_loss: 0.0425
Epoch 58/120
312/312 - 253s - loss: 0.0336 - val_loss: 0.0419
Epoch 59/120
312/312 - 253s - loss: 0.0323 - val_loss: 0.0421
Epoch 60/120
312/312 - 253s - loss: 0.0309 - val_loss: 0.0448
Epoch 61/120
312/312 - 253s - loss: 0.0295 - val_loss: 0.0344
Epoch 62/120
312/312 - 253s - loss: 0.0286 - val_loss: 0.0296
Epoch 63/120
312/312 - 253s - loss: 0.0273 - val_loss: 0.0300
Epoch 64/120
312/312 - 253s - loss: 0.0261 - val_loss: 0.0268
Epoch 65/120
312/312 - 253s - loss: 0.0249 - val_loss: 0.0257
Epoch 66/120
312/312 - 253s - loss: 0.0237 - val_loss: 0.0276
Epoch 67/120
312/312 - 253s - loss: 0.0227 - val_loss: 0.0425
Epoch 68/120
312/312 - 253s - loss: 0.0218 - val_loss: 0.0248
Epoch 69/120
312/312 - 253s - loss: 0.0209 - val_loss: 0.0231
Epoch 70/120
312/312 - 253s - loss: 0.0197 - val_loss: 0.0244
Epoch 71/120
312/312 - 253s - loss: 0.0187 - val_loss: 0.0229
Epoch 72/120
312/312 - 253s - loss: 0.0179 - val_loss: 0.0193
Epoch 73/120
312/312 - 253s - loss: 0.0172 - val_loss: 0.0176
Epoch 74/120
312/312 - 253s - loss: 0.0161 - val_loss: 0.0185
Epoch 75/120
312/312 - 253s - loss: 0.0155 - val_loss: 0.0174
Epoch 76/120
312/312 - 253s - loss: 0.0147 - val_loss: 0.0168
Epoch 77/120
312/312 - 256s - loss: 0.0140 - val_loss: 0.0141
Epoch 78/120
312/312 - 253s - loss: 0.0135 - val_loss: 0.0135
Epoch 79/120
312/312 - 253s - loss: 0.0126 - val_loss: 0.0142
Epoch 80/120
312/312 - 253s - loss: 0.0121 - val_loss: 0.0130
Epoch 81/120
312/312 - 253s - loss: 0.0114 - val_loss: 0.0119
Epoch 82/120
312/312 - 253s - loss: 0.0108 - val_loss: 0.0178
Epoch 83/120
312/312 - 253s - loss: 0.0103 - val_loss: 0.0103
Epoch 84/120
312/312 - 253s - loss: 0.0098 - val_loss: 0.0098
Epoch 85/120
312/312 - 253s - loss: 0.0092 - val_loss: 0.0095
Epoch 86/120
312/312 - 253s - loss: 0.0087 - val_loss: 0.0088
Epoch 87/120
312/312 - 253s - loss: 0.0082 - val_loss: 0.0081
Epoch 88/120
312/312 - 253s - loss: 0.0078 - val_loss: 0.0075
Epoch 89/120
312/312 - 253s - loss: 0.0075 - val_loss: 0.0075
Epoch 90/120
312/312 - 253s - loss: 0.0070 - val_loss: 0.0069
Epoch 91/120
312/312 - 253s - loss: 0.0067 - val_loss: 0.0064
Epoch 92/120
312/312 - 253s - loss: 0.0063 - val_loss: 0.0061
Epoch 93/120
312/312 - 253s - loss: 0.0061 - val_loss: 0.0057
Epoch 94/120
312/312 - 253s - loss: 0.0057 - val_loss: 0.0053
Epoch 95/120
312/312 - 253s - loss: 0.0054 - val_loss: 0.0051
Epoch 96/120
312/312 - 253s - loss: 0.0052 - val_loss: 0.0050
Epoch 97/120
312/312 - 253s - loss: 0.0050 - val_loss: 0.0046
Epoch 98/120
312/312 - 253s - loss: 0.0047 - val_loss: 0.0044
Epoch 99/120
312/312 - 253s - loss: 0.0045 - val_loss: 0.0043
Epoch 100/120
312/312 - 253s - loss: 0.0043 - val_loss: 0.0040
Epoch 101/120
312/312 - 253s - loss: 0.0042 - val_loss: 0.0039
Epoch 102/120
312/312 - 253s - loss: 0.0040 - val_loss: 0.0037
Epoch 103/120
312/312 - 253s - loss: 0.0038 - val_loss: 0.0037
Epoch 104/120
312/312 - 253s - loss: 0.0037 - val_loss: 0.0034
Epoch 105/120
312/312 - 253s - loss: 0.0036 - val_loss: 0.0033
Epoch 106/120
312/312 - 253s - loss: 0.0035 - val_loss: 0.0032
Epoch 107/120
312/312 - 253s - loss: 0.0033 - val_loss: 0.0031
Epoch 108/120
312/312 - 253s - loss: 0.0033 - val_loss: 0.0030
Epoch 109/120
312/312 - 253s - loss: 0.0032 - val_loss: 0.0029
Epoch 110/120
312/312 - 253s - loss: 0.0031 - val_loss: 0.0029
Epoch 111/120
312/312 - 253s - loss: 0.0030 - val_loss: 0.0028
Epoch 112/120
312/312 - 253s - loss: 0.0030 - val_loss: 0.0027
Epoch 113/120
312/312 - 253s - loss: 0.0029 - val_loss: 0.0027
Epoch 114/120
312/312 - 253s - loss: 0.0029 - val_loss: 0.0027
Epoch 115/120
312/312 - 253s - loss: 0.0028 - val_loss: 0.0026
Epoch 116/120
312/312 - 253s - loss: 0.0028 - val_loss: 0.0026
Epoch 117/120
312/312 - 253s - loss: 0.0028 - val_loss: 0.0026
Epoch 118/120
312/312 - 253s - loss: 0.0028 - val_loss: 0.0026
Epoch 119/120
312/312 - 253s - loss: 0.0028 - val_loss: 0.0026
Epoch 120/120
312/312 - 253s - loss: 0.0027 - val_loss: 0.0026
<tensorflow.python.keras.callbacks.History at 0x7f1a8ca5aac8>