Epoch 1/150
23:17:32 Train 312/312 - loss: 1.9509
WARNING:tensorflow:From /usr/local/lib/python3.6/dist-packages/tensorflow/python/data/ops/multi_device_iterator_ops.py:601: get_next_as_optional (from tensorflow.python.data.ops.iterator_ops) is deprecated and will be removed in a future version.
Instructions for updating:
Use `tf.data.Iterator.get_next_as_optional()` instead.
WARNING:tensorflow:From /usr/local/lib/python3.6/dist-packages/tensorflow/python/data/ops/multi_device_iterator_ops.py:601: get_next_as_optional (from tensorflow.python.data.ops.iterator_ops) is deprecated and will be removed in a future version.
Instructions for updating:
Use `tf.data.Iterator.get_next_as_optional()` instead.
23:17:50 Valid 8/8 - nmse: 0.9883
Epoch 2/150
23:22:02 Train 312/312 - loss: 0.7168
23:22:07 Valid 8/8 - nmse: 0.6655
Epoch 3/150
23:26:19 Train 312/312 - loss: 0.4606
23:26:24 Valid 8/8 - nmse: 0.4581
Epoch 4/150
23:30:36 Train 312/312 - loss: 0.3952
23:30:40 Valid 8/8 - nmse: 0.3343
Epoch 5/150
23:34:52 Train 312/312 - loss: 0.2678
23:34:57 Valid 8/8 - nmse: 0.2400
Epoch 6/150
23:39:09 Train 312/312 - loss: 0.1954
23:39:14 Valid 8/8 - nmse: 0.1950
Epoch 7/150
23:43:25 Train 312/312 - loss: 0.1548
23:43:30 Valid 8/8 - nmse: 0.1775
Epoch 8/150
23:47:42 Train 312/312 - loss: 0.1347
23:47:47 Valid 8/8 - nmse: 0.1292
Epoch 9/150
23:51:59 Train 312/312 - loss: 0.1225
23:52:03 Valid 8/8 - nmse: 0.2497
Epoch 10/150
23:56:15 Train 312/312 - loss: 0.1210
23:56:20 Valid 8/8 - nmse: 0.1228
Epoch 11/150
00:00:32 Train 312/312 - loss: 0.1124
00:00:37 Valid 8/8 - nmse: 0.1431
Epoch 12/150
00:04:49 Train 312/312 - loss: 0.1322
00:04:53 Valid 8/8 - nmse: 0.1233
Epoch 13/150
00:09:05 Train 312/312 - loss: 0.1133
00:09:10 Valid 8/8 - nmse: 0.1221
Epoch 14/150
00:13:22 Train 312/312 - loss: 0.1120
00:13:27 Valid 8/8 - nmse: 0.1192
Epoch 15/150
00:17:39 Train 312/312 - loss: 0.0991
00:17:43 Valid 8/8 - nmse: 0.1055
Epoch 16/150
00:21:55 Train 312/312 - loss: 0.0939
00:22:00 Valid 8/8 - nmse: 0.1277
Epoch 17/150
00:26:12 Train 312/312 - loss: 0.1165
00:26:17 Valid 8/8 - nmse: 0.1167
Epoch 18/150
00:30:29 Train 312/312 - loss: 0.1015
00:30:34 Valid 8/8 - nmse: 0.1224
Epoch 19/150
00:34:46 Train 312/312 - loss: 0.1157
00:34:51 Valid 8/8 - nmse: 0.1590
Epoch 20/150
00:39:03 Train 312/312 - loss: 0.1079
00:39:08 Valid 8/8 - nmse: 0.1104
Epoch 21/150
00:43:20 Train 312/312 - loss: 0.0986
00:43:24 Valid 8/8 - nmse: 0.1098
Epoch 22/150
00:47:36 Train 312/312 - loss: 0.0937
00:47:41 Valid 8/8 - nmse: 0.0997
Epoch 23/150
00:51:53 Train 312/312 - loss: 0.1356
00:51:58 Valid 8/8 - nmse: 0.1533
Epoch 24/150
00:56:10 Train 312/312 - loss: 0.1116
00:56:14 Valid 8/8 - nmse: 0.1193
Epoch 25/150
01:00:26 Train 312/312 - loss: 0.1029
01:00:31 Valid 8/8 - nmse: 0.1255
Epoch 26/150
01:04:43 Train 312/312 - loss: 0.0980
01:04:48 Valid 8/8 - nmse: 0.0996
Epoch 27/150
01:09:00 Train 312/312 - loss: 0.0921
01:09:04 Valid 8/8 - nmse: 0.1179
Epoch 28/150
01:13:16 Train 312/312 - loss: 0.1693
01:13:21 Valid 8/8 - nmse: 0.1386
Epoch 29/150
01:17:33 Train 312/312 - loss: 0.1291
01:17:38 Valid 8/8 - nmse: 0.1170
Epoch 30/150
01:21:50 Train 312/312 - loss: 0.1051
01:21:54 Valid 8/8 - nmse: 0.1386
Epoch 31/150
01:26:06 Train 312/312 - loss: 0.0929
01:26:11 Valid 8/8 - nmse: 0.1031
Epoch 32/150
01:30:23 Train 312/312 - loss: 0.0861
01:30:28 Valid 8/8 - nmse: 0.1031
Epoch 33/150
01:34:39 Train 312/312 - loss: 0.0822
01:34:44 Valid 8/8 - nmse: 0.0945
Epoch 34/150
01:38:56 Train 312/312 - loss: 0.0927
01:39:01 Valid 8/8 - nmse: 0.1454
Epoch 35/150
01:43:13 Train 312/312 - loss: 0.0884
01:43:18 Valid 8/8 - nmse: 0.3507
Epoch 36/150
01:47:30 Train 312/312 - loss: 0.0863
01:47:34 Valid 8/8 - nmse: 0.0933
Epoch 37/150
01:51:46 Train 312/312 - loss: 0.0910
01:51:51 Valid 8/8 - nmse: 0.4884
Epoch 38/150
01:56:03 Train 312/312 - loss: 0.1414
01:56:08 Valid 8/8 - nmse: 0.1471
Epoch 39/150
02:00:20 Train 312/312 - loss: 0.1139
02:00:25 Valid 8/8 - nmse: 0.2132
Epoch 40/150
02:04:37 Train 312/312 - loss: 0.1033
02:04:41 Valid 8/8 - nmse: 0.1044
Epoch 41/150
02:08:53 Train 312/312 - loss: 0.0880
02:08:58 Valid 8/8 - nmse: 0.1085
Epoch 42/150
02:13:10 Train 312/312 - loss: 0.0843
02:13:15 Valid 8/8 - nmse: 0.0930
Epoch 43/150
02:17:27 Train 312/312 - loss: 0.0827
02:17:31 Valid 8/8 - nmse: 0.0915
Epoch 44/150
02:21:43 Train 312/312 - loss: 0.0833
02:21:48 Valid 8/8 - nmse: 0.0944
Epoch 45/150
02:26:00 Train 312/312 - loss: 0.0804
02:26:05 Valid 8/8 - nmse: 0.0877
Epoch 46/150
02:30:17 Train 312/312 - loss: 0.0776
02:30:22 Valid 8/8 - nmse: 0.0952
Epoch 47/150
02:34:34 Train 312/312 - loss: 0.0752
02:34:38 Valid 8/8 - nmse: 0.0807
Epoch 48/150
02:38:50 Train 312/312 - loss: 0.0728
02:38:55 Valid 8/8 - nmse: 0.0843
Epoch 49/150
02:43:07 Train 312/312 - loss: 0.0714
02:43:12 Valid 8/8 - nmse: 0.0935
Epoch 50/150
02:47:24 Train 312/312 - loss: 0.0689
02:47:29 Valid 8/8 - nmse: 0.0809
Epoch 51/150
02:51:41 Train 312/312 - loss: 0.0666
02:51:46 Valid 8/8 - nmse: 0.0958
Epoch 52/150
02:55:57 Train 312/312 - loss: 0.0657
02:56:02 Valid 8/8 - nmse: 0.0775
Epoch 53/150
03:00:14 Train 312/312 - loss: 0.0663
03:00:19 Valid 8/8 - nmse: 0.0824
Epoch 54/150
03:04:31 Train 312/312 - loss: 0.0636
03:04:36 Valid 8/8 - nmse: 0.0705
Epoch 55/150
03:08:48 Train 312/312 - loss: 0.0624
03:08:53 Valid 8/8 - nmse: 0.0818
Epoch 56/150
03:13:04 Train 312/312 - loss: 0.0606
03:13:09 Valid 8/8 - nmse: 0.0899
Epoch 57/150
03:17:21 Train 312/312 - loss: 0.0586
03:17:28 Valid 8/8 - nmse: 0.0853
Epoch 58/150
03:21:40 Train 312/312 - loss: 0.0593
03:21:45 Valid 8/8 - nmse: 0.0635
Epoch 59/150
03:25:57 Train 312/312 - loss: 0.0567
03:26:02 Valid 8/8 - nmse: 0.0827
Epoch 60/150
03:30:14 Train 312/312 - loss: 0.0551
03:30:19 Valid 8/8 - nmse: 0.0760
Epoch 61/150
03:34:31 Train 312/312 - loss: 0.0536
03:34:36 Valid 8/8 - nmse: 0.0569
Epoch 62/150
03:38:48 Train 312/312 - loss: 0.0512
03:38:52 Valid 8/8 - nmse: 0.0785
Epoch 63/150
03:43:04 Train 312/312 - loss: 0.0500
03:43:09 Valid 8/8 - nmse: 0.0705
Epoch 64/150
03:47:21 Train 312/312 - loss: 0.0490
03:47:26 Valid 8/8 - nmse: 0.0580
Epoch 65/150
03:51:38 Train 312/312 - loss: 0.0481
03:51:43 Valid 8/8 - nmse: 0.0626
Epoch 66/150
03:55:54 Train 312/312 - loss: 0.0460
03:55:59 Valid 8/8 - nmse: 0.0618
Epoch 67/150
04:00:11 Train 312/312 - loss: 0.0444
04:00:16 Valid 8/8 - nmse: 0.0522
Epoch 68/150
04:04:28 Train 312/312 - loss: 0.0433
04:04:33 Valid 8/8 - nmse: 0.0768
Epoch 69/150
04:08:44 Train 312/312 - loss: 0.0430
04:08:49 Valid 8/8 - nmse: 0.0657
Epoch 70/150
04:13:01 Train 312/312 - loss: 0.0417
04:13:06 Valid 8/8 - nmse: 0.0542
Epoch 71/150
04:17:18 Train 312/312 - loss: 0.0405
04:17:23 Valid 8/8 - nmse: 0.0438
Epoch 72/150
04:21:35 Train 312/312 - loss: 0.0388
04:21:40 Valid 8/8 - nmse: 0.0466
Epoch 73/150
04:25:52 Train 312/312 - loss: 0.0374
04:25:57 Valid 8/8 - nmse: 0.0417
Epoch 74/150
04:30:09 Train 312/312 - loss: 0.0360
04:30:14 Valid 8/8 - nmse: 0.0493
Epoch 75/150
04:34:25 Train 312/312 - loss: 0.0347
04:34:30 Valid 8/8 - nmse: 0.0441
Epoch 76/150
04:38:42 Train 312/312 - loss: 0.0331
04:38:47 Valid 8/8 - nmse: 0.0380
Epoch 77/150
04:42:59 Train 312/312 - loss: 0.0317
04:43:04 Valid 8/8 - nmse: 0.0427
Epoch 78/150
04:47:16 Train 312/312 - loss: 0.0325
04:47:20 Valid 8/8 - nmse: 0.0436
Epoch 79/150
04:51:32 Train 312/312 - loss: 0.0302
04:51:37 Valid 8/8 - nmse: 0.0365
Epoch 80/150
04:55:49 Train 312/312 - loss: 0.0290
04:55:54 Valid 8/8 - nmse: 0.0473
Epoch 81/150
05:00:06 Train 312/312 - loss: 0.0282
05:00:10 Valid 8/8 - nmse: 0.0326
Epoch 82/150
05:04:22 Train 312/312 - loss: 0.0269
05:04:27 Valid 8/8 - nmse: 0.0396
Epoch 83/150
05:08:39 Train 312/312 - loss: 0.0258
05:08:44 Valid 8/8 - nmse: 0.0341
Epoch 84/150
05:12:56 Train 312/312 - loss: 0.0246
05:13:01 Valid 8/8 - nmse: 0.0296
Epoch 85/150
05:17:13 Train 312/312 - loss: 0.0235
05:17:17 Valid 8/8 - nmse: 0.0311
Epoch 86/150
05:21:29 Train 312/312 - loss: 0.0233
05:21:34 Valid 8/8 - nmse: 0.0254
Epoch 87/150
05:25:46 Train 312/312 - loss: 0.0219
05:25:51 Valid 8/8 - nmse: 0.0237
Epoch 88/150
05:30:03 Train 312/312 - loss: 0.0208
05:30:08 Valid 8/8 - nmse: 0.0222
Epoch 89/150
05:34:20 Train 312/312 - loss: 0.0198
05:34:25 Valid 8/8 - nmse: 0.0227
Epoch 90/150
05:38:37 Train 312/312 - loss: 0.0191
05:38:42 Valid 8/8 - nmse: 0.0220
Epoch 91/150
05:42:54 Train 312/312 - loss: 0.0182
05:42:58 Valid 8/8 - nmse: 0.0214
Epoch 92/150
05:47:10 Train 312/312 - loss: 0.0174
05:47:15 Valid 8/8 - nmse: 0.0219
Epoch 93/150
05:51:27 Train 312/312 - loss: 0.0166
05:51:32 Valid 8/8 - nmse: 0.0177
Epoch 94/150
05:55:44 Train 312/312 - loss: 0.0158
05:55:48 Valid 8/8 - nmse: 0.0203
Epoch 95/150
06:00:00 Train 312/312 - loss: 0.0153
06:00:05 Valid 8/8 - nmse: 0.0162
Epoch 96/150
06:04:17 Train 312/312 - loss: 0.0147
06:04:24 Valid 8/8 - nmse: 0.0144
Epoch 97/150
06:08:36 Train 312/312 - loss: 0.0139
06:08:40 Valid 8/8 - nmse: 0.0158
Epoch 98/150
06:12:52 Train 312/312 - loss: 0.0134
06:12:57 Valid 8/8 - nmse: 0.0169
Epoch 99/150
06:17:09 Train 312/312 - loss: 0.0129
06:17:14 Valid 8/8 - nmse: 0.0136
Epoch 100/150
06:21:26 Train 312/312 - loss: 0.0122
06:21:30 Valid 8/8 - nmse: 0.0129
Epoch 101/150
06:25:42 Train 312/312 - loss: 0.0114
06:25:47 Valid 8/8 - nmse: 0.0120
Epoch 102/150
06:29:59 Train 312/312 - loss: 0.0110
06:30:04 Valid 8/8 - nmse: 0.0120
Epoch 103/150
06:34:16 Train 312/312 - loss: 0.0105
06:34:21 Valid 8/8 - nmse: 0.0106
Epoch 104/150
06:38:33 Train 312/312 - loss: 0.0101
06:38:38 Valid 8/8 - nmse: 0.0108
Epoch 105/150
06:42:50 Train 312/312 - loss: 0.0096
06:42:55 Valid 8/8 - nmse: 0.0099
Epoch 106/150
06:47:07 Train 312/312 - loss: 0.0092
06:47:11 Valid 8/8 - nmse: 0.0089
Epoch 107/150
06:51:23 Train 312/312 - loss: 0.0089
06:51:28 Valid 8/8 - nmse: 0.0094
Epoch 108/150
06:55:40 Train 312/312 - loss: 0.0083
06:55:45 Valid 8/8 - nmse: 0.0087
Epoch 109/150
06:59:57 Train 312/312 - loss: 0.0079
07:00:02 Valid 8/8 - nmse: 0.0082
Epoch 110/150
07:04:14 Train 312/312 - loss: 0.0077
07:04:18 Valid 8/8 - nmse: 0.0077
Epoch 111/150
07:08:30 Train 312/312 - loss: 0.0074
07:08:35 Valid 8/8 - nmse: 0.0073
Epoch 112/150
07:12:47 Train 312/312 - loss: 0.0070
07:12:52 Valid 8/8 - nmse: 0.0068
Epoch 113/150
07:17:04 Train 312/312 - loss: 0.0067
07:17:09 Valid 8/8 - nmse: 0.0068
Epoch 114/150
07:21:21 Train 312/312 - loss: 0.0064
07:21:25 Valid 8/8 - nmse: 0.0062
Epoch 115/150
07:25:37 Train 312/312 - loss: 0.0060
07:25:42 Valid 8/8 - nmse: 0.0058
Epoch 116/150
07:29:54 Train 312/312 - loss: 0.0058
07:29:59 Valid 8/8 - nmse: 0.0056
Epoch 117/150
07:34:11 Train 312/312 - loss: 0.0055
07:34:16 Valid 8/8 - nmse: 0.0054
Epoch 118/150
07:38:28 Train 312/312 - loss: 0.0053
07:38:32 Valid 8/8 - nmse: 0.0054
Epoch 119/150
07:42:44 Train 312/312 - loss: 0.0051
07:42:49 Valid 8/8 - nmse: 0.0053
Epoch 120/150
07:47:01 Train 312/312 - loss: 0.0049
07:47:06 Valid 8/8 - nmse: 0.0047
Epoch 121/150
07:51:18 Train 312/312 - loss: 0.0047
07:51:23 Valid 8/8 - nmse: 0.0045
Epoch 122/150
07:55:35 Train 312/312 - loss: 0.0045
07:55:39 Valid 8/8 - nmse: 0.0043
Epoch 123/150
07:59:51 Train 312/312 - loss: 0.0043
07:59:56 Valid 8/8 - nmse: 0.0040
Epoch 124/150
08:04:08 Train 312/312 - loss: 0.0041
08:04:13 Valid 8/8 - nmse: 0.0038
Epoch 125/150
08:08:25 Train 312/312 - loss: 0.0040
08:08:29 Valid 8/8 - nmse: 0.0040
Epoch 126/150
08:12:41 Train 312/312 - loss: 0.0038
08:12:46 Valid 8/8 - nmse: 0.0036
Epoch 127/150
08:16:58 Train 312/312 - loss: 0.0037
08:17:03 Valid 8/8 - nmse: 0.0034
Epoch 128/150
08:21:15 Train 312/312 - loss: 0.0035
08:21:19 Valid 8/8 - nmse: 0.0034
Epoch 129/150
08:25:31 Train 312/312 - loss: 0.0034
08:25:36 Valid 8/8 - nmse: 0.0032
Epoch 130/150
08:29:48 Train 312/312 - loss: 0.0033
08:29:53 Valid 8/8 - nmse: 0.0030
Epoch 131/150
08:34:05 Train 312/312 - loss: 0.0032
08:34:10 Valid 8/8 - nmse: 0.0029
Epoch 132/150
08:38:22 Train 312/312 - loss: 0.0031
08:38:26 Valid 8/8 - nmse: 0.0028
Epoch 133/150
08:42:38 Train 312/312 - loss: 0.0030
08:42:43 Valid 8/8 - nmse: 0.0027
Epoch 134/150
08:46:55 Train 312/312 - loss: 0.0029
08:47:00 Valid 8/8 - nmse: 0.0027
Epoch 135/150
08:51:12 Train 312/312 - loss: 0.0028
08:51:17 Valid 8/8 - nmse: 0.0025
Epoch 136/150
08:55:29 Train 312/312 - loss: 0.0028
08:55:35 Valid 8/8 - nmse: 0.0025
Epoch 137/150
08:59:47 Train 312/312 - loss: 0.0027
08:59:51 Valid 8/8 - nmse: 0.0024
Epoch 138/150
09:04:03 Train 312/312 - loss: 0.0026
09:04:08 Valid 8/8 - nmse: 0.0024
Epoch 139/150
09:08:20 Train 312/312 - loss: 0.0026
09:08:25 Valid 8/8 - nmse: 0.0023
Epoch 140/150
09:12:37 Train 312/312 - loss: 0.0025
09:12:42 Valid 8/8 - nmse: 0.0023
Epoch 141/150
09:16:54 Train 312/312 - loss: 0.0025
09:16:58 Valid 8/8 - nmse: 0.0023
Epoch 142/150
09:21:10 Train 312/312 - loss: 0.0025
09:21:15 Valid 8/8 - nmse: 0.0022
Epoch 143/150
09:25:27 Train 312/312 - loss: 0.0024
09:25:32 Valid 8/8 - nmse: 0.0022
Epoch 144/150
09:29:44 Train 312/312 - loss: 0.0024
09:29:49 Valid 8/8 - nmse: 0.0022
Epoch 145/150
09:34:01 Train 312/312 - loss: 0.0024
09:34:05 Valid 8/8 - nmse: 0.0022
Epoch 146/150
09:38:17 Train 312/312 - loss: 0.0024
09:38:22 Valid 8/8 - nmse: 0.0022
Epoch 147/150
09:42:34 Train 312/312 - loss: 0.0023
09:42:39 Valid 8/8 - nmse: 0.0022
Epoch 148/150
09:46:51 Train 312/312 - loss: 0.0023
09:46:55 Valid 8/8 - nmse: 0.0022
Epoch 149/150
09:51:07 Train 312/312 - loss: 0.0023
09:51:12 Valid 8/8 - nmse: 0.0022
Epoch 150/150
09:55:24 Train 312/312 - loss: 0.0023
09:55:29 Valid 8/8 - nmse: 0.0022