Epoch 1/120
09:09:09 Train 296/296 - loss: 2.0456
WARNING:tensorflow:From /usr/local/lib/python3.6/dist-packages/tensorflow/python/data/ops/multi_device_iterator_ops.py:601: get_next_as_optional (from tensorflow.python.data.ops.iterator_ops) is deprecated and will be removed in a future version.
Instructions for updating:
Use `tf.data.Iterator.get_next_as_optional()` instead.
WARNING:tensorflow:From /usr/local/lib/python3.6/dist-packages/tensorflow/python/data/ops/multi_device_iterator_ops.py:601: get_next_as_optional (from tensorflow.python.data.ops.iterator_ops) is deprecated and will be removed in a future version.
Instructions for updating:
Use `tf.data.Iterator.get_next_as_optional()` instead.
09:09:19 Valid 8/8 - nmse: 1.2041
Epoch 2/120
09:09:30 Train 296/296 - loss: 0.5592
09:09:31 Valid 8/8 - nmse: 0.4255
Epoch 3/120
09:09:41 Train 296/296 - loss: 0.3454
09:09:42 Valid 8/8 - nmse: 0.3503
Epoch 4/120
09:09:53 Train 296/296 - loss: 0.3002
09:09:53 Valid 8/8 - nmse: 0.3066
Epoch 5/120
09:10:04 Train 296/296 - loss: 0.2816
09:10:05 Valid 8/8 - nmse: 0.3565
Epoch 6/120
09:10:15 Train 296/296 - loss: 0.2696
09:10:16 Valid 8/8 - nmse: 0.2725
Epoch 7/120
09:10:27 Train 296/296 - loss: 0.2581
09:10:28 Valid 8/8 - nmse: 0.2615
Epoch 8/120
09:10:38 Train 296/296 - loss: 0.2508
09:10:39 Valid 8/8 - nmse: 0.3066
Epoch 9/120
09:10:50 Train 296/296 - loss: 0.2454
09:10:50 Valid 8/8 - nmse: 0.2462
Epoch 10/120
09:11:01 Train 296/296 - loss: 0.2411
09:11:02 Valid 8/8 - nmse: 0.3211
Epoch 11/120
09:11:12 Train 296/296 - loss: 0.2375
09:11:14 Valid 8/8 - nmse: 0.2391
Epoch 12/120
09:11:24 Train 296/296 - loss: 0.2352
09:11:25 Valid 8/8 - nmse: 0.2599
Epoch 13/120
09:11:36 Train 296/296 - loss: 0.2327
09:11:36 Valid 8/8 - nmse: 0.2367
Epoch 14/120
09:11:47 Train 296/296 - loss: 0.2308
09:11:48 Valid 8/8 - nmse: 0.2576
Epoch 15/120
09:11:58 Train 296/296 - loss: 0.2290
09:11:59 Valid 8/8 - nmse: 0.2533
Epoch 16/120
09:12:10 Train 296/296 - loss: 0.2275
09:12:10 Valid 8/8 - nmse: 0.2527
Epoch 17/120
09:12:21 Train 296/296 - loss: 0.2261
09:12:22 Valid 8/8 - nmse: 0.2594
Epoch 18/120
09:12:32 Train 296/296 - loss: 0.2239
09:12:33 Valid 8/8 - nmse: 0.2410
Epoch 19/120
09:12:44 Train 296/296 - loss: 0.2227
09:12:45 Valid 8/8 - nmse: 0.2732
Epoch 20/120
09:12:55 Train 296/296 - loss: 0.2211
09:12:56 Valid 8/8 - nmse: 0.2566
Epoch 21/120
09:13:07 Train 296/296 - loss: 0.2195
09:13:07 Valid 8/8 - nmse: 0.2496
Epoch 22/120
09:13:18 Train 296/296 - loss: 0.2186
09:13:19 Valid 8/8 - nmse: 0.2533
Epoch 23/120
09:13:29 Train 296/296 - loss: 0.2175
09:13:30 Valid 8/8 - nmse: 0.2767
Epoch 24/120
09:13:41 Train 296/296 - loss: 0.2163
09:13:42 Valid 8/8 - nmse: 0.3005
Epoch 25/120
09:13:52 Train 296/296 - loss: 0.2148
09:13:53 Valid 8/8 - nmse: 0.2453
Epoch 26/120
09:14:03 Train 296/296 - loss: 0.2139
09:14:04 Valid 8/8 - nmse: 0.2587
Epoch 27/120
09:14:15 Train 296/296 - loss: 0.2128
09:14:16 Valid 8/8 - nmse: 0.2858
Epoch 28/120
09:14:26 Train 296/296 - loss: 0.2112
09:14:27 Valid 8/8 - nmse: 0.2481
Epoch 29/120
09:14:38 Train 296/296 - loss: 0.2097
09:14:38 Valid 8/8 - nmse: 0.2557
Epoch 30/120
09:14:49 Train 296/296 - loss: 0.2083
09:14:50 Valid 8/8 - nmse: 0.2426
Epoch 31/120
09:15:00 Train 296/296 - loss: 0.2071
09:15:01 Valid 8/8 - nmse: 0.2282
Epoch 32/120
09:15:12 Train 296/296 - loss: 0.2055
09:15:13 Valid 8/8 - nmse: 0.2399
Epoch 33/120
09:15:23 Train 296/296 - loss: 0.2040
09:15:24 Valid 8/8 - nmse: 0.2653
Epoch 34/120
09:15:35 Train 296/296 - loss: 0.2026
09:15:35 Valid 8/8 - nmse: 0.2222
Epoch 35/120
09:15:46 Train 296/296 - loss: 0.2011
09:15:47 Valid 8/8 - nmse: 0.2541
Epoch 36/120
09:15:57 Train 296/296 - loss: 0.2000
09:15:58 Valid 8/8 - nmse: 0.2127
Epoch 37/120
09:16:09 Train 296/296 - loss: 0.1982
09:16:10 Valid 8/8 - nmse: 0.2393
Epoch 38/120
09:16:20 Train 296/296 - loss: 0.1966
09:16:21 Valid 8/8 - nmse: 0.2600
Epoch 39/120
09:16:32 Train 296/296 - loss: 0.1952
09:16:32 Valid 8/8 - nmse: 0.2508
Epoch 40/120
09:16:43 Train 296/296 - loss: 0.1936
09:16:44 Valid 8/8 - nmse: 0.2251
Epoch 41/120
09:16:54 Train 296/296 - loss: 0.1920
09:16:55 Valid 8/8 - nmse: 0.2193
Epoch 42/120
09:17:06 Train 296/296 - loss: 0.1904
09:17:06 Valid 8/8 - nmse: 0.2645
Epoch 43/120
09:17:17 Train 296/296 - loss: 0.1888
09:17:18 Valid 8/8 - nmse: 0.2196
Epoch 44/120
09:17:28 Train 296/296 - loss: 0.1871
09:17:29 Valid 8/8 - nmse: 0.2259
Epoch 45/120
09:17:40 Train 296/296 - loss: 0.1854
09:17:41 Valid 8/8 - nmse: 0.2073
Epoch 46/120
09:17:51 Train 296/296 - loss: 0.1838
09:17:52 Valid 8/8 - nmse: 0.2781
Epoch 47/120
09:18:03 Train 296/296 - loss: 0.1820
09:18:03 Valid 8/8 - nmse: 0.1991
Epoch 48/120
09:18:14 Train 296/296 - loss: 0.1804
09:18:15 Valid 8/8 - nmse: 0.2014
Epoch 49/120
09:18:25 Train 296/296 - loss: 0.1785
09:18:26 Valid 8/8 - nmse: 0.2100
Epoch 50/120
09:18:37 Train 296/296 - loss: 0.1768
09:18:37 Valid 8/8 - nmse: 0.1973
Epoch 51/120
09:18:48 Train 296/296 - loss: 0.1750
09:18:50 Valid 8/8 - nmse: 0.1908
Epoch 52/120
09:19:00 Train 296/296 - loss: 0.1735
09:19:01 Valid 8/8 - nmse: 0.1955
Epoch 53/120
09:19:12 Train 296/296 - loss: 0.1717
09:19:12 Valid 8/8 - nmse: 0.1938
Epoch 54/120
09:19:23 Train 296/296 - loss: 0.1698
09:19:24 Valid 8/8 - nmse: 0.1872
Epoch 55/120
09:19:34 Train 296/296 - loss: 0.1682
09:19:35 Valid 8/8 - nmse: 0.1978
Epoch 56/120
09:19:46 Train 296/296 - loss: 0.1665
09:19:46 Valid 8/8 - nmse: 0.1769
Epoch 57/120
09:19:57 Train 296/296 - loss: 0.1649
09:19:58 Valid 8/8 - nmse: 0.1703
Epoch 58/120
09:20:08 Train 296/296 - loss: 0.1628
09:20:09 Valid 8/8 - nmse: 0.1872
Epoch 59/120
09:20:20 Train 296/296 - loss: 0.1614
09:20:21 Valid 8/8 - nmse: 0.2092
Epoch 60/120
09:20:31 Train 296/296 - loss: 0.1596
09:20:32 Valid 8/8 - nmse: 0.2117
Epoch 61/120
09:20:43 Train 296/296 - loss: 0.1576
09:20:43 Valid 8/8 - nmse: 0.1663
Epoch 62/120
09:20:54 Train 296/296 - loss: 0.1567
09:20:55 Valid 8/8 - nmse: 0.1868
Epoch 63/120
09:21:05 Train 296/296 - loss: 0.1547
09:21:06 Valid 8/8 - nmse: 0.1814
Epoch 64/120
09:21:17 Train 296/296 - loss: 0.1528
09:21:17 Valid 8/8 - nmse: 0.1656
Epoch 65/120
09:21:28 Train 296/296 - loss: 0.1514
09:21:29 Valid 8/8 - nmse: 0.1577
Epoch 66/120
09:21:39 Train 296/296 - loss: 0.1495
09:21:40 Valid 8/8 - nmse: 0.1545
Epoch 67/120
09:21:51 Train 296/296 - loss: 0.1480
09:21:51 Valid 8/8 - nmse: 0.1797
Epoch 68/120
09:22:02 Train 296/296 - loss: 0.1463
09:22:03 Valid 8/8 - nmse: 0.1517
Epoch 69/120
09:22:13 Train 296/296 - loss: 0.1451
09:22:14 Valid 8/8 - nmse: 0.1442
Epoch 70/120
09:22:25 Train 296/296 - loss: 0.1433
09:22:26 Valid 8/8 - nmse: 0.1455
Epoch 71/120
09:22:36 Train 296/296 - loss: 0.1422
09:22:37 Valid 8/8 - nmse: 0.1696
Epoch 72/120
09:22:48 Train 296/296 - loss: 0.1403
09:22:48 Valid 8/8 - nmse: 0.1528
Epoch 73/120
09:22:59 Train 296/296 - loss: 0.1394
09:23:00 Valid 8/8 - nmse: 0.1466
Epoch 74/120
09:23:10 Train 296/296 - loss: 0.1374
09:23:11 Valid 8/8 - nmse: 0.1368
Epoch 75/120
09:23:22 Train 296/296 - loss: 0.1364
09:23:22 Valid 8/8 - nmse: 0.1385
Epoch 76/120
09:23:33 Train 296/296 - loss: 0.1347
09:23:34 Valid 8/8 - nmse: 0.1404
Epoch 77/120
09:23:44 Train 296/296 - loss: 0.1336
09:23:45 Valid 8/8 - nmse: 0.1374
Epoch 78/120
09:23:56 Train 296/296 - loss: 0.1321
09:23:56 Valid 8/8 - nmse: 0.1374
Epoch 79/120
09:24:07 Train 296/296 - loss: 0.1307
09:24:08 Valid 8/8 - nmse: 0.1259
Epoch 80/120
09:24:18 Train 296/296 - loss: 0.1295
09:24:19 Valid 8/8 - nmse: 0.1297
Epoch 81/120
09:24:30 Train 296/296 - loss: 0.1281
09:24:31 Valid 8/8 - nmse: 0.1241
Epoch 82/120
09:24:41 Train 296/296 - loss: 0.1268
09:24:42 Valid 8/8 - nmse: 0.1291
Epoch 83/120
09:24:52 Train 296/296 - loss: 0.1258
09:24:53 Valid 8/8 - nmse: 0.1212
Epoch 84/120
09:25:04 Train 296/296 - loss: 0.1246
09:25:05 Valid 8/8 - nmse: 0.1340
Epoch 85/120
09:25:15 Train 296/296 - loss: 0.1235
09:25:16 Valid 8/8 - nmse: 0.1197
Epoch 86/120
09:25:27 Train 296/296 - loss: 0.1222
09:25:27 Valid 8/8 - nmse: 0.1236
Epoch 87/120
09:25:38 Train 296/296 - loss: 0.1212
09:25:39 Valid 8/8 - nmse: 0.1169
Epoch 88/120
09:25:49 Train 296/296 - loss: 0.1200
09:25:50 Valid 8/8 - nmse: 0.1220
Epoch 89/120
09:26:01 Train 296/296 - loss: 0.1190
09:26:02 Valid 8/8 - nmse: 0.1118
Epoch 90/120
09:26:12 Train 296/296 - loss: 0.1182
09:26:13 Valid 8/8 - nmse: 0.1108
Epoch 91/120
09:26:23 Train 296/296 - loss: 0.1172
09:26:24 Valid 8/8 - nmse: 0.1126
Epoch 92/120
09:26:35 Train 296/296 - loss: 0.1163
09:26:36 Valid 8/8 - nmse: 0.1120
Epoch 93/120
09:26:47 Train 296/296 - loss: 0.1153
09:26:48 Valid 8/8 - nmse: 0.1060
Epoch 94/120
09:26:58 Train 296/296 - loss: 0.1145
09:26:59 Valid 8/8 - nmse: 0.1067
Epoch 95/120
09:27:10 Train 296/296 - loss: 0.1137
09:27:10 Valid 8/8 - nmse: 0.1097
Epoch 96/120
09:27:21 Train 296/296 - loss: 0.1127
09:27:22 Valid 8/8 - nmse: 0.1032
Epoch 97/120
09:27:32 Train 296/296 - loss: 0.1121
09:27:33 Valid 8/8 - nmse: 0.1065
Epoch 98/120
09:27:44 Train 296/296 - loss: 0.1113
09:27:45 Valid 8/8 - nmse: 0.1016
Epoch 99/120
09:27:55 Train 296/296 - loss: 0.1106
09:27:56 Valid 8/8 - nmse: 0.1014
Epoch 100/120
09:28:06 Train 296/296 - loss: 0.1099
09:28:07 Valid 8/8 - nmse: 0.1003
Epoch 101/120
09:28:18 Train 296/296 - loss: 0.1092
09:28:19 Valid 8/8 - nmse: 0.0993
Epoch 102/120
09:28:29 Train 296/296 - loss: 0.1087
09:28:30 Valid 8/8 - nmse: 0.0995
Epoch 103/120
09:28:41 Train 296/296 - loss: 0.1081
09:28:41 Valid 8/8 - nmse: 0.0974
Epoch 104/120
09:28:52 Train 296/296 - loss: 0.1076
09:28:53 Valid 8/8 - nmse: 0.0965
Epoch 105/120
09:29:03 Train 296/296 - loss: 0.1071
09:29:04 Valid 8/8 - nmse: 0.0972
Epoch 106/120
09:29:15 Train 296/296 - loss: 0.1064
09:29:15 Valid 8/8 - nmse: 0.0951
Epoch 107/120
09:29:26 Train 296/296 - loss: 0.1063
09:29:27 Valid 8/8 - nmse: 0.0946
Epoch 108/120
09:29:37 Train 296/296 - loss: 0.1057
09:29:38 Valid 8/8 - nmse: 0.0956
Epoch 109/120
09:29:49 Train 296/296 - loss: 0.1052
09:29:50 Valid 8/8 - nmse: 0.0941
Epoch 110/120
09:30:00 Train 296/296 - loss: 0.1051
09:30:01 Valid 8/8 - nmse: 0.0933
Epoch 111/120
09:30:12 Train 296/296 - loss: 0.1046
09:30:12 Valid 8/8 - nmse: 0.0928
Epoch 112/120
09:30:23 Train 296/296 - loss: 0.1045
09:30:24 Valid 8/8 - nmse: 0.0931
Epoch 113/120
09:30:34 Train 296/296 - loss: 0.1042
09:30:35 Valid 8/8 - nmse: 0.0927
Epoch 114/120
09:30:46 Train 296/296 - loss: 0.1040
09:30:46 Valid 8/8 - nmse: 0.0926
Epoch 115/120
09:30:57 Train 296/296 - loss: 0.1038
09:30:58 Valid 8/8 - nmse: 0.0923
Epoch 116/120
09:31:08 Train 296/296 - loss: 0.1036
09:31:09 Valid 8/8 - nmse: 0.0922
Epoch 117/120
09:31:20 Train 296/296 - loss: 0.1036
09:31:21 Valid 8/8 - nmse: 0.0921
Epoch 118/120
09:31:31 Train 296/296 - loss: 0.1034
09:31:32 Valid 8/8 - nmse: 0.0920
Epoch 119/120
09:31:42 Train 296/296 - loss: 0.1034
09:31:43 Valid 8/8 - nmse: 0.0921
Epoch 120/120
09:31:54 Train 296/296 - loss: 0.1032
09:31:55 Valid 8/8 - nmse: 0.0921