Epoch 1/120
WARNING:tensorflow:From /usr/local/lib/python3.6/dist-packages/tensorflow/python/data/ops/multi_device_iterator_ops.py:601: get_next_as_optional (from tensorflow.python.data.ops.iterator_ops) is deprecated and will be removed in a future version.
Instructions for updating:
Use `tf.data.Iterator.get_next_as_optional()` instead.
WARNING:tensorflow:From /usr/local/lib/python3.6/dist-packages/tensorflow/python/data/ops/multi_device_iterator_ops.py:601: get_next_as_optional (from tensorflow.python.data.ops.iterator_ops) is deprecated and will be removed in a future version.
Instructions for updating:
Use `tf.data.Iterator.get_next_as_optional()` instead.
14:00:25 train - loss: 0.0043
14:00:37 valid - nmse: 0.7538
Epoch 2/120
14:00:48 train - loss: 0.0013
14:00:49 valid - nmse: 0.3555
Epoch 3/120
14:01:00 train - loss: 0.0010
14:01:01 valid - nmse: 0.3112
Epoch 4/120
14:01:12 train - loss: 0.0009
14:01:13 valid - nmse: 0.3136
Epoch 5/120
14:01:24 train - loss: 0.0009
14:01:25 valid - nmse: 0.3081
Epoch 6/120
14:01:36 train - loss: 0.0009
14:01:36 valid - nmse: 0.2942
Epoch 7/120
14:01:48 train - loss: 0.0008
14:01:48 valid - nmse: 0.2897
Epoch 8/120
14:02:00 train - loss: 0.0008
14:02:00 valid - nmse: 0.2709
Epoch 9/120
14:02:12 train - loss: 0.0008
14:02:12 valid - nmse: 0.2722
Epoch 10/120
14:02:23 train - loss: 0.0008
14:02:24 valid - nmse: 0.2643
Epoch 11/120
14:02:35 train - loss: 0.0007
14:02:36 valid - nmse: 0.2761
Epoch 12/120
14:02:47 train - loss: 0.0007
14:02:48 valid - nmse: 0.2652
Epoch 13/120
14:02:59 train - loss: 0.0007
14:03:00 valid - nmse: 0.2656
Epoch 14/120
14:03:11 train - loss: 0.0007
14:03:11 valid - nmse: 0.2715
Epoch 15/120
14:03:23 train - loss: 0.0007
14:03:23 valid - nmse: 0.2423
Epoch 16/120
14:03:35 train - loss: 0.0007
14:03:35 valid - nmse: 0.2605
Epoch 17/120
14:03:47 train - loss: 0.0007
14:03:47 valid - nmse: 0.2547
Epoch 18/120
14:03:59 train - loss: 0.0007
14:03:59 valid - nmse: 0.2527
Epoch 19/120
14:04:10 train - loss: 0.0007
14:04:11 valid - nmse: 0.2473
Epoch 20/120
14:04:22 train - loss: 0.0007
14:04:23 valid - nmse: 0.2432
Epoch 21/120
14:04:34 train - loss: 0.0007
14:04:35 valid - nmse: 0.2913
Epoch 22/120
14:04:46 train - loss: 0.0007
14:04:47 valid - nmse: 0.2520
Epoch 23/120
14:04:58 train - loss: 0.0007
14:04:58 valid - nmse: 0.2459
Epoch 24/120
14:05:10 train - loss: 0.0007
14:05:10 valid - nmse: 0.2360
Epoch 25/120
14:05:22 train - loss: 0.0006
14:05:22 valid - nmse: 0.2731
Epoch 26/120
14:05:34 train - loss: 0.0006
14:05:34 valid - nmse: 0.2466
Epoch 27/120
14:05:45 train - loss: 0.0006
14:05:46 valid - nmse: 0.2376
Epoch 28/120
14:05:57 train - loss: 0.0006
14:05:58 valid - nmse: 0.2663
Epoch 29/120
14:06:09 train - loss: 0.0006
14:06:10 valid - nmse: 0.2250
Epoch 30/120
14:06:21 train - loss: 0.0006
14:06:22 valid - nmse: 0.2538
Epoch 31/120
14:06:33 train - loss: 0.0006
14:06:33 valid - nmse: 0.2280
Epoch 32/120
14:06:45 train - loss: 0.0006
14:06:45 valid - nmse: 0.2110
Epoch 33/120
14:06:57 train - loss: 0.0006
14:06:57 valid - nmse: 0.2524
Epoch 34/120
14:07:09 train - loss: 0.0006
14:07:09 valid - nmse: 0.2167
Epoch 35/120
14:07:20 train - loss: 0.0006
14:07:21 valid - nmse: 0.2212
Epoch 36/120
14:07:32 train - loss: 0.0006
14:07:33 valid - nmse: 0.2315
Epoch 37/120
14:07:44 train - loss: 0.0006
14:07:45 valid - nmse: 0.2164
Epoch 38/120
14:07:56 train - loss: 0.0006
14:07:57 valid - nmse: 0.2124
Epoch 39/120
14:08:08 train - loss: 0.0006
14:08:08 valid - nmse: 0.2008
Epoch 40/120
14:08:20 train - loss: 0.0006
14:08:20 valid - nmse: 0.2069
Epoch 41/120
14:08:32 train - loss: 0.0006
14:08:32 valid - nmse: 0.2266
Epoch 42/120
14:08:44 train - loss: 0.0005
14:08:44 valid - nmse: 0.2002
Epoch 43/120
14:08:55 train - loss: 0.0005
14:08:56 valid - nmse: 0.2032
Epoch 44/120
14:09:07 train - loss: 0.0005
14:09:08 valid - nmse: 0.2100
Epoch 45/120
14:09:19 train - loss: 0.0005
14:09:20 valid - nmse: 0.1962
Epoch 46/120
14:09:31 train - loss: 0.0005
14:09:31 valid - nmse: 0.2244
Epoch 47/120
14:09:43 train - loss: 0.0005
14:09:43 valid - nmse: 0.2702
Epoch 48/120
14:09:55 train - loss: 0.0005
14:09:55 valid - nmse: 0.1816
Epoch 49/120
14:10:07 train - loss: 0.0005
14:10:07 valid - nmse: 0.1834
Epoch 50/120
14:10:19 train - loss: 0.0005
14:10:19 valid - nmse: 0.2246
Epoch 51/120
14:10:30 train - loss: 0.0005
14:10:31 valid - nmse: 0.1809
Epoch 52/120
14:10:42 train - loss: 0.0005
14:10:43 valid - nmse: 0.2522
Epoch 53/120
14:10:54 train - loss: 0.0005
14:10:55 valid - nmse: 0.1723
Epoch 54/120
14:11:06 train - loss: 0.0005
14:11:06 valid - nmse: 0.1669
Epoch 55/120
14:11:18 train - loss: 0.0005
14:11:18 valid - nmse: 0.1648
Epoch 56/120
14:11:30 train - loss: 0.0005
14:11:30 valid - nmse: 0.1833
Epoch 57/120
14:11:42 train - loss: 0.0005
14:11:42 valid - nmse: 0.1764
Epoch 58/120
14:11:53 train - loss: 0.0005
14:11:54 valid - nmse: 0.1718
Epoch 59/120
14:12:05 train - loss: 0.0004
14:12:06 valid - nmse: 0.1664
Epoch 60/120
14:12:17 train - loss: 0.0004
14:12:18 valid - nmse: 0.1645
Epoch 61/120
14:12:29 train - loss: 0.0004
14:12:30 valid - nmse: 0.1586
Epoch 62/120
14:12:41 train - loss: 0.0004
14:12:41 valid - nmse: 0.1559
Epoch 63/120
14:12:53 train - loss: 0.0004
14:12:53 valid - nmse: 0.1478
Epoch 64/120
14:13:05 train - loss: 0.0004
14:13:05 valid - nmse: 0.1876
Epoch 65/120
14:13:17 train - loss: 0.0004
14:13:17 valid - nmse: 0.1454
Epoch 66/120
14:13:29 train - loss: 0.0004
14:13:29 valid - nmse: 0.1447
Epoch 67/120
14:13:40 train - loss: 0.0004
14:13:41 valid - nmse: 0.1425
Epoch 68/120
14:13:52 train - loss: 0.0004
14:13:53 valid - nmse: 0.1389
Epoch 69/120
14:14:04 train - loss: 0.0004
14:14:05 valid - nmse: 0.1355
Epoch 70/120
14:14:16 train - loss: 0.0004
14:14:17 valid - nmse: 0.1350
Epoch 71/120
14:14:28 train - loss: 0.0004
14:14:28 valid - nmse: 0.1390
Epoch 72/120
14:14:40 train - loss: 0.0004
14:14:40 valid - nmse: 0.1311
Epoch 73/120
14:14:52 train - loss: 0.0004
14:14:52 valid - nmse: 0.1316
Epoch 74/120
14:15:04 train - loss: 0.0004
14:15:04 valid - nmse: 0.1385
Epoch 75/120
14:15:15 train - loss: 0.0004
14:15:16 valid - nmse: 0.1264
Epoch 76/120
14:15:27 train - loss: 0.0004
14:15:28 valid - nmse: 0.1261
Epoch 77/120
14:15:39 train - loss: 0.0003
14:15:40 valid - nmse: 0.1232
Epoch 78/120
14:15:51 train - loss: 0.0003
14:15:52 valid - nmse: 0.1234
Epoch 79/120
14:16:03 train - loss: 0.0003
14:16:03 valid - nmse: 0.1221
Epoch 80/120
14:16:15 train - loss: 0.0003
14:16:15 valid - nmse: 0.1194
Epoch 81/120
14:16:27 train - loss: 0.0003
14:16:27 valid - nmse: 0.1188
Epoch 82/120
14:16:39 train - loss: 0.0003
14:16:39 valid - nmse: 0.1227
Epoch 83/120
14:16:51 train - loss: 0.0003
14:16:51 valid - nmse: 0.1137
Epoch 84/120
14:17:02 train - loss: 0.0003
14:17:03 valid - nmse: 0.1127
Epoch 85/120
14:17:14 train - loss: 0.0003
14:17:15 valid - nmse: 0.1115
Epoch 86/120
14:17:26 train - loss: 0.0003
14:17:27 valid - nmse: 0.1102
Epoch 87/120
14:17:38 train - loss: 0.0003
14:17:38 valid - nmse: 0.1088
Epoch 88/120
14:17:50 train - loss: 0.0003
14:17:50 valid - nmse: 0.1082
Epoch 89/120
14:18:02 train - loss: 0.0003
14:18:02 valid - nmse: 0.1089
Epoch 90/120
14:18:14 train - loss: 0.0003
14:18:14 valid - nmse: 0.1034
Epoch 91/120
14:18:26 train - loss: 0.0003
14:18:26 valid - nmse: 0.1028
Epoch 92/120
14:18:37 train - loss: 0.0003
14:18:38 valid - nmse: 0.1030
Epoch 93/120
14:18:49 train - loss: 0.0003
14:18:50 valid - nmse: 0.1030
Epoch 94/120
14:19:01 train - loss: 0.0003
14:19:02 valid - nmse: 0.1004
Epoch 95/120
14:19:13 train - loss: 0.0003
14:19:14 valid - nmse: 0.0990
Epoch 96/120
14:19:25 train - loss: 0.0003
14:19:26 valid - nmse: 0.0979
Epoch 97/120
14:19:37 train - loss: 0.0003
14:19:37 valid - nmse: 0.0962
Epoch 98/120
14:19:49 train - loss: 0.0003
14:19:49 valid - nmse: 0.0954
Epoch 99/120
14:20:01 train - loss: 0.0003
14:20:01 valid - nmse: 0.0949
Epoch 100/120
14:20:13 train - loss: 0.0003
14:20:13 valid - nmse: 0.0939
Epoch 101/120
14:20:24 train - loss: 0.0003
14:20:25 valid - nmse: 0.0936
Epoch 102/120
14:20:36 train - loss: 0.0003
14:20:37 valid - nmse: 0.0924
Epoch 103/120
14:20:48 train - loss: 0.0003
14:20:49 valid - nmse: 0.0916
Epoch 104/120
14:21:00 train - loss: 0.0003
14:21:00 valid - nmse: 0.0912
Epoch 105/120
14:21:12 train - loss: 0.0003
14:21:12 valid - nmse: 0.0913
Epoch 106/120
14:21:24 train - loss: 0.0003
14:21:24 valid - nmse: 0.0899
Epoch 107/120
14:21:36 train - loss: 0.0002
14:21:36 valid - nmse: 0.0894
Epoch 108/120
14:21:48 train - loss: 0.0002
14:21:48 valid - nmse: 0.0893
Epoch 109/120
14:21:59 train - loss: 0.0002
14:22:00 valid - nmse: 0.0886
Epoch 110/120
14:22:11 train - loss: 0.0002
14:22:12 valid - nmse: 0.0884
Epoch 111/120
14:22:23 train - loss: 0.0002
14:22:24 valid - nmse: 0.0883
Epoch 112/120
14:22:35 train - loss: 0.0002
14:22:35 valid - nmse: 0.0879
Epoch 113/120
14:22:47 train - loss: 0.0002
14:22:47 valid - nmse: 0.0876
Epoch 114/120
14:22:59 train - loss: 0.0002
14:22:59 valid - nmse: 0.0874
Epoch 115/120
14:23:11 train - loss: 0.0002
14:23:11 valid - nmse: 0.0873
Epoch 116/120
14:23:23 train - loss: 0.0002
14:23:23 valid - nmse: 0.0872
Epoch 117/120
14:23:34 train - loss: 0.0002
14:23:35 valid - nmse: 0.0872
Epoch 118/120
14:23:46 train - loss: 0.0002
14:23:47 valid - nmse: 0.0871
Epoch 119/120
14:23:58 train - loss: 0.0002
14:23:58 valid - nmse: 0.0871
Epoch 120/120
14:24:10 train - loss: 0.0002
14:24:10 valid - nmse: 0.0871