Epoch 1/500
WARNING:tensorflow:From /usr/local/lib/python3.6/dist-packages/tensorflow/python/data/ops/multi_device_iterator_ops.py:601: get_next_as_optional (from tensorflow.python.data.ops.iterator_ops) is deprecated and will be removed in a future version.
Instructions for updating:
Use `tf.data.Iterator.get_next_as_optional()` instead.
WARNING:tensorflow:From /usr/local/lib/python3.6/dist-packages/tensorflow/python/data/ops/multi_device_iterator_ops.py:601: get_next_as_optional (from tensorflow.python.data.ops.iterator_ops) is deprecated and will be removed in a future version.
Instructions for updating:
Use `tf.data.Iterator.get_next_as_optional()` instead.
11:03:58 train - loss: 1.3650
11:04:20 valid - nmse: 0.5174
Epoch 2/500
11:05:26 train - loss: 0.3292
11:05:27 valid - nmse: 0.2537
Epoch 3/500
11:06:32 train - loss: 0.2018
11:06:33 valid - nmse: 0.1641
Epoch 4/500
11:07:38 train - loss: 0.1360
11:07:40 valid - nmse: 0.1310
Epoch 5/500
11:08:45 train - loss: 0.1194
11:08:46 valid - nmse: 0.1532
Epoch 6/500
11:09:51 train - loss: 0.1129
11:09:52 valid - nmse: 0.1320
Epoch 7/500
11:10:58 train - loss: 0.1013
11:10:59 valid - nmse: 0.0994
Epoch 8/500
11:12:04 train - loss: 0.0949
11:12:05 valid - nmse: 0.1024
Epoch 9/500
11:13:10 train - loss: 0.0894
11:13:12 valid - nmse: 0.1003
Epoch 10/500
11:14:17 train - loss: 0.0854
11:14:18 valid - nmse: 0.0949
Epoch 11/500
11:15:23 train - loss: 0.0827
11:15:24 valid - nmse: 0.0877
Epoch 12/500
11:16:29 train - loss: 0.0796
11:16:31 valid - nmse: 0.1164
Epoch 13/500
11:17:36 train - loss: 0.0773
11:17:37 valid - nmse: 0.0862
Epoch 14/500
11:18:42 train - loss: 0.0759
11:18:43 valid - nmse: 0.0805
Epoch 15/500
11:19:49 train - loss: 0.0739
11:19:50 valid - nmse: 0.0978
Epoch 16/500
11:20:55 train - loss: 0.0722
11:20:56 valid - nmse: 0.0780
Epoch 17/500
11:22:01 train - loss: 0.0709
11:22:02 valid - nmse: 0.0760
Epoch 18/500
11:23:08 train - loss: 0.0703
11:23:09 valid - nmse: 0.0770
Epoch 19/500
11:24:14 train - loss: 0.0688
11:24:15 valid - nmse: 0.0952
Epoch 20/500
11:25:20 train - loss: 0.0678
11:25:22 valid - nmse: 0.0779
Epoch 21/500
11:26:27 train - loss: 0.0673
11:26:28 valid - nmse: 0.0762
Epoch 22/500
11:27:33 train - loss: 0.0665
11:27:34 valid - nmse: 0.0891
Epoch 23/500
11:28:39 train - loss: 0.0662
11:28:41 valid - nmse: 0.0942
Epoch 24/500
11:29:46 train - loss: 0.0650
11:29:47 valid - nmse: 0.0681
Epoch 25/500
11:30:52 train - loss: 0.0644
11:30:53 valid - nmse: 0.0685
Epoch 26/500
11:31:59 train - loss: 0.0642
11:32:00 valid - nmse: 0.0782
Epoch 27/500
11:33:05 train - loss: 0.0637
11:33:06 valid - nmse: 0.0960
Epoch 28/500
11:34:11 train - loss: 0.0630
11:34:13 valid - nmse: 0.0789
Epoch 29/500
11:35:18 train - loss: 0.0626
11:35:19 valid - nmse: 0.0771
Epoch 30/500
11:36:24 train - loss: 0.0627
11:36:25 valid - nmse: 0.0640
Epoch 31/500
11:37:30 train - loss: 0.0615
11:37:32 valid - nmse: 0.0676
Epoch 32/500
11:38:37 train - loss: 0.0614
11:38:38 valid - nmse: 0.0666
Epoch 33/500
11:39:43 train - loss: 0.0609
11:39:44 valid - nmse: 0.0626
Epoch 34/500
11:40:50 train - loss: 0.0605
11:40:51 valid - nmse: 0.0677
Epoch 35/500
11:41:56 train - loss: 0.0603
11:41:57 valid - nmse: 0.1111
Epoch 36/500
11:43:02 train - loss: 0.0600
11:43:04 valid - nmse: 0.0775
Epoch 37/500
11:44:09 train - loss: 0.0599
11:44:10 valid - nmse: 0.0793
Epoch 38/500
11:45:15 train - loss: 0.0593
11:45:16 valid - nmse: 0.0662
Epoch 39/500
11:46:22 train - loss: 0.0605
11:46:23 valid - nmse: 0.0748
Epoch 40/500
11:47:28 train - loss: 0.0608
11:47:29 valid - nmse: 0.0711
Epoch 41/500
11:48:34 train - loss: 0.0603
11:48:36 valid - nmse: 0.0871
Epoch 42/500
11:49:41 train - loss: 0.0602
11:49:42 valid - nmse: 0.0706
Epoch 43/500
11:50:47 train - loss: 0.0595
11:50:48 valid - nmse: 0.0696
Epoch 44/500
11:51:53 train - loss: 0.0599
11:51:55 valid - nmse: 0.0641
Epoch 45/500
11:53:00 train - loss: 0.0583
11:53:01 valid - nmse: 0.0663
Epoch 46/500
11:54:06 train - loss: 0.0591
11:54:07 valid - nmse: 0.0799
Epoch 47/500
11:55:13 train - loss: 0.0586
11:55:14 valid - nmse: 0.0614
Epoch 48/500
11:56:19 train - loss: 0.0585
11:56:20 valid - nmse: 0.0785
Epoch 49/500
11:57:25 train - loss: 0.0580
11:57:27 valid - nmse: 0.0646
Epoch 50/500
11:58:32 train - loss: 0.0573
Save trainer to /content/drive/My Drive/models/DCS/ckpt
11:58:43 valid - nmse: 0.1233
Epoch 51/500
11:59:48 train - loss: 0.0573
11:59:49 valid - nmse: 0.0652
Epoch 52/500
12:00:54 train - loss: 0.0567
12:00:56 valid - nmse: 0.0811
Epoch 53/500
12:02:01 train - loss: 0.0568
12:02:02 valid - nmse: 0.0792
Epoch 54/500
12:03:07 train - loss: 0.0567
12:03:09 valid - nmse: 0.0742
Epoch 55/500
12:04:14 train - loss: 0.0561
12:04:15 valid - nmse: 0.0728
Epoch 56/500
12:05:20 train - loss: 0.0558
12:05:21 valid - nmse: 0.0870
Epoch 57/500
12:06:26 train - loss: 0.0553
12:06:28 valid - nmse: 0.0737
Epoch 58/500
12:07:33 train - loss: 0.0562
12:07:34 valid - nmse: 0.0677
Epoch 59/500
12:08:39 train - loss: 0.0557
12:08:40 valid - nmse: 0.0605
Epoch 60/500
12:09:46 train - loss: 0.0553
12:09:47 valid - nmse: 0.0877
Epoch 61/500
12:10:52 train - loss: 0.0544
12:10:53 valid - nmse: 0.0590
Epoch 62/500
12:11:58 train - loss: 0.0548
12:12:00 valid - nmse: 0.0661
Epoch 63/500
12:13:05 train - loss: 0.0545
12:13:06 valid - nmse: 0.0608
Epoch 64/500
12:14:11 train - loss: 0.0543
12:14:12 valid - nmse: 0.0799
Epoch 65/500
12:15:18 train - loss: 0.0538
12:15:19 valid - nmse: 0.0720
Epoch 66/500
12:16:24 train - loss: 0.0535
12:16:25 valid - nmse: 0.0775
Epoch 67/500
12:17:30 train - loss: 0.0530
12:17:32 valid - nmse: 0.0546
Epoch 68/500
12:18:37 train - loss: 0.0530
12:18:38 valid - nmse: 0.0575
Epoch 69/500
12:19:43 train - loss: 0.0527
12:19:45 valid - nmse: 0.0614
Epoch 70/500
12:20:50 train - loss: 0.0522
12:20:51 valid - nmse: 0.0740
Epoch 71/500
12:21:56 train - loss: 0.0519
12:21:57 valid - nmse: 0.0780
Epoch 72/500
12:23:03 train - loss: 0.0518
12:23:04 valid - nmse: 0.0618
Epoch 73/500
12:24:09 train - loss: 0.0516
12:24:10 valid - nmse: 0.0595
Epoch 74/500
12:25:15 train - loss: 0.0515
12:25:17 valid - nmse: 0.0689
Epoch 75/500
12:26:22 train - loss: 0.0514
12:26:23 valid - nmse: 0.0663
Epoch 76/500
12:27:28 train - loss: 0.0517
12:27:29 valid - nmse: 0.0570
Epoch 77/500
12:28:35 train - loss: 0.0509
12:28:36 valid - nmse: 0.0571
Epoch 78/500
12:29:41 train - loss: 0.0505
12:29:42 valid - nmse: 0.0575
Epoch 79/500
12:30:47 train - loss: 0.0506
12:30:49 valid - nmse: 0.0592
Epoch 80/500
12:31:54 train - loss: 0.0502
12:31:55 valid - nmse: 0.0624
Epoch 81/500
12:33:00 train - loss: 0.0502
12:33:02 valid - nmse: 0.0552
Epoch 82/500
12:34:07 train - loss: 0.0502
12:34:08 valid - nmse: 0.0573
Epoch 83/500
12:35:13 train - loss: 0.0496
12:35:14 valid - nmse: 0.0582
Epoch 84/500
12:36:20 train - loss: 0.0499
12:36:21 valid - nmse: 0.0686
Epoch 85/500
12:37:26 train - loss: 0.0499
12:37:27 valid - nmse: 0.0726
Epoch 86/500
12:38:32 train - loss: 0.0495
12:38:34 valid - nmse: 0.0599
Epoch 87/500
12:39:39 train - loss: 0.0493
12:39:40 valid - nmse: 0.0550
Epoch 88/500
12:40:45 train - loss: 0.0491
12:40:46 valid - nmse: 0.1040
Epoch 89/500
12:41:51 train - loss: 0.0490
12:41:53 valid - nmse: 0.0619
Epoch 90/500
12:42:58 train - loss: 0.0484
12:42:59 valid - nmse: 0.0560
Epoch 91/500
12:44:04 train - loss: 0.0481
12:44:06 valid - nmse: 0.0973
Epoch 92/500
12:45:11 train - loss: 0.0485
12:45:12 valid - nmse: 0.0693
Epoch 93/500
12:46:17 train - loss: 0.0484
12:46:18 valid - nmse: 0.0530
Epoch 94/500
12:47:23 train - loss: 0.0480
12:47:25 valid - nmse: 0.0572
Epoch 95/500
12:48:30 train - loss: 0.0481
12:48:31 valid - nmse: 0.0674
Epoch 96/500
12:49:36 train - loss: 0.0475
12:49:38 valid - nmse: 0.0528
Epoch 97/500
12:50:43 train - loss: 0.0468
12:50:44 valid - nmse: 0.0616
Epoch 98/500
12:51:49 train - loss: 0.0471
12:51:50 valid - nmse: 0.0703
Epoch 99/500
12:52:55 train - loss: 0.0469
12:52:57 valid - nmse: 0.0563
Epoch 100/500
12:54:02 train - loss: 0.0471
Save trainer to /content/drive/My Drive/models/DCS/ckpt
12:54:15 valid - nmse: 0.0661
Epoch 101/500
12:55:20 train - loss: 0.0465
12:55:21 valid - nmse: 0.0653
Epoch 102/500
12:56:26 train - loss: 0.0462
12:56:28 valid - nmse: 0.0610
Epoch 103/500
12:57:33 train - loss: 0.0463
12:57:34 valid - nmse: 0.0577
Epoch 104/500
12:58:39 train - loss: 0.0459
12:58:40 valid - nmse: 0.0616
Epoch 105/500
12:59:46 train - loss: 0.0454
12:59:47 valid - nmse: 0.0505
Epoch 106/500
13:00:52 train - loss: 0.0458
13:00:53 valid - nmse: 0.0570
Epoch 107/500
13:01:58 train - loss: 0.0451
13:02:00 valid - nmse: 0.0511
Epoch 108/500
13:03:05 train - loss: 0.0450
13:03:06 valid - nmse: 0.0720
Epoch 109/500
13:04:11 train - loss: 0.0449
13:04:12 valid - nmse: 0.0521
Epoch 110/500
13:05:18 train - loss: 0.0450
13:05:19 valid - nmse: 0.0501
Epoch 111/500
13:06:24 train - loss: 0.0447
13:06:25 valid - nmse: 0.0577
Epoch 112/500
13:07:30 train - loss: 0.0446
13:07:32 valid - nmse: 0.0502
Epoch 113/500
13:08:37 train - loss: 0.0442
13:08:38 valid - nmse: 0.0713
Epoch 114/500
13:09:43 train - loss: 0.0436
13:09:44 valid - nmse: 0.0558
Epoch 115/500
13:10:50 train - loss: 0.0439
13:10:51 valid - nmse: 1.8592
Epoch 116/500
13:11:56 train - loss: 0.0436
13:11:57 valid - nmse: 0.0727
Epoch 117/500
13:13:02 train - loss: 0.0434
13:13:04 valid - nmse: 0.0646
Epoch 118/500
13:14:09 train - loss: 0.0431
13:14:10 valid - nmse: 0.0549
Epoch 119/500
13:15:15 train - loss: 0.0441
13:15:16 valid - nmse: 0.0708
Epoch 120/500
13:16:22 train - loss: 0.0433
13:16:23 valid - nmse: 0.0499
Epoch 121/500
13:17:28 train - loss: 0.0430
13:17:29 valid - nmse: 0.0916
Epoch 122/500
13:18:34 train - loss: 0.0429
13:18:36 valid - nmse: 0.0518
Epoch 123/500
13:19:41 train - loss: 0.0423
13:19:42 valid - nmse: 0.0679
Epoch 124/500
13:20:47 train - loss: 0.0419
13:20:49 valid - nmse: 0.1158
Epoch 125/500
13:21:54 train - loss: 0.0418
13:21:55 valid - nmse: 0.0905
Epoch 126/500
13:23:00 train - loss: 0.0422
13:23:01 valid - nmse: 1.0479
Epoch 127/500
13:24:07 train - loss: 0.0415
13:24:08 valid - nmse: 0.2538
Epoch 128/500
13:25:13 train - loss: 0.0412
13:25:14 valid - nmse: 1.0994
Epoch 129/500
13:26:19 train - loss: 0.0409
13:26:21 valid - nmse: 1.1157
Epoch 130/500
13:27:26 train - loss: 0.0408
13:27:27 valid - nmse: 1.9605
Epoch 131/500
13:28:32 train - loss: 0.0405
13:28:34 valid - nmse: 0.1747
Epoch 132/500
13:29:39 train - loss: 0.0407
13:29:40 valid - nmse: 0.0508
Epoch 133/500
13:30:45 train - loss: 0.0406
13:30:46 valid - nmse: 0.3845
Epoch 134/500
13:31:51 train - loss: 0.0401
13:31:53 valid - nmse: 0.0781
Epoch 135/500
13:32:58 train - loss: 0.0398
13:32:59 valid - nmse: 0.0491
Epoch 136/500
13:34:04 train - loss: 0.0394
13:34:06 valid - nmse: 0.0472
Epoch 137/500
13:35:11 train - loss: 0.0393
13:35:12 valid - nmse: 0.0630
Epoch 138/500
13:36:17 train - loss: 0.0392
13:36:18 valid - nmse: 0.0518
Epoch 139/500
13:37:23 train - loss: 0.0393
13:37:25 valid - nmse: 0.0917
Epoch 140/500
13:38:30 train - loss: 0.0387
13:38:31 valid - nmse: 0.0510
Epoch 141/500
13:39:36 train - loss: 0.0387
13:39:37 valid - nmse: 0.0696
Epoch 142/500
13:40:43 train - loss: 0.0383
13:40:44 valid - nmse: 0.0475
Epoch 143/500
13:41:49 train - loss: 0.0392
13:41:50 valid - nmse: 0.0526
Epoch 144/500
13:42:55 train - loss: 0.0386
13:42:57 valid - nmse: 0.0471
Epoch 145/500
13:44:02 train - loss: 0.0381
13:44:03 valid - nmse: 0.0702
Epoch 146/500
13:45:08 train - loss: 0.0378
13:45:09 valid - nmse: 0.0461
Epoch 147/500
13:46:15 train - loss: 0.0375
13:46:16 valid - nmse: 0.0560
Epoch 148/500
13:47:21 train - loss: 0.0375
13:47:22 valid - nmse: 0.0442
Epoch 149/500
13:48:27 train - loss: 0.0374
13:48:29 valid - nmse: 0.0436
Epoch 150/500
13:49:34 train - loss: 0.0370
Save trainer to /content/drive/My Drive/models/DCS/ckpt
13:49:46 valid - nmse: 0.0483
Epoch 151/500
13:50:51 train - loss: 0.0367
13:50:53 valid - nmse: 0.0663
Epoch 152/500
13:51:58 train - loss: 0.0368
13:51:59 valid - nmse: 0.0629
Epoch 153/500
13:53:04 train - loss: 0.0365
13:53:06 valid - nmse: 0.0389
Epoch 154/500
13:54:11 train - loss: 0.0362
13:54:12 valid - nmse: 0.0495
Epoch 155/500
13:55:17 train - loss: 0.0360
13:55:18 valid - nmse: 0.0498
Epoch 156/500
13:56:24 train - loss: 0.0362
13:56:25 valid - nmse: 0.0447
Epoch 157/500
13:57:30 train - loss: 0.0360
13:57:31 valid - nmse: 0.0532
Epoch 158/500
13:58:36 train - loss: 0.0358
13:58:38 valid - nmse: 0.0585
Epoch 159/500
13:59:43 train - loss: 0.0354
13:59:44 valid - nmse: 0.0774
Epoch 160/500
14:00:49 train - loss: 0.0352
14:00:50 valid - nmse: 0.0422
Epoch 161/500
14:01:56 train - loss: 0.0347
14:01:57 valid - nmse: 0.0455
Epoch 162/500
14:03:02 train - loss: 0.0350
14:03:03 valid - nmse: 0.0420
Epoch 163/500
14:04:09 train - loss: 0.0345
14:04:10 valid - nmse: 0.1158
Epoch 164/500
14:05:15 train - loss: 0.0342
14:05:16 valid - nmse: 0.0398
Epoch 165/500
14:06:21 train - loss: 0.0337
14:06:23 valid - nmse: 0.1593
Epoch 166/500
14:07:28 train - loss: 0.0336
14:07:29 valid - nmse: 0.0417
Epoch 167/500
14:08:34 train - loss: 0.0337
14:08:35 valid - nmse: 0.0404
Epoch 168/500
14:09:41 train - loss: 0.0332
14:09:42 valid - nmse: 0.0491
Epoch 169/500
14:10:47 train - loss: 0.0328
14:10:48 valid - nmse: 0.0433
Epoch 170/500
14:11:53 train - loss: 0.0330
14:11:55 valid - nmse: 0.0407
Epoch 171/500
14:13:00 train - loss: 0.0325
14:13:01 valid - nmse: 0.0416
Epoch 172/500
14:14:06 train - loss: 0.0327
14:14:08 valid - nmse: 0.0367
Epoch 173/500
14:15:13 train - loss: 0.0323
14:15:14 valid - nmse: 0.0337
Epoch 174/500
14:16:19 train - loss: 0.0321
14:16:20 valid - nmse: 0.0975
Epoch 175/500
14:17:25 train - loss: 0.0318
14:17:27 valid - nmse: 0.0403
Epoch 176/500
14:18:32 train - loss: 0.0319
14:18:33 valid - nmse: 0.0373
Epoch 177/500
14:19:38 train - loss: 0.0314
14:19:39 valid - nmse: 0.1865
Epoch 178/500
14:20:45 train - loss: 0.0316
14:20:46 valid - nmse: 0.0403
Epoch 179/500
14:21:51 train - loss: 0.0311
14:21:52 valid - nmse: 0.0346
Epoch 180/500
14:22:58 train - loss: 0.0308
14:22:59 valid - nmse: 0.0673
Epoch 181/500
14:24:04 train - loss: 0.0307
14:24:05 valid - nmse: 0.0345
Epoch 182/500
14:25:10 train - loss: 0.0304
14:25:12 valid - nmse: 0.0357
Epoch 183/500
14:26:17 train - loss: 0.0299
14:26:18 valid - nmse: 0.0433
Epoch 184/500
14:27:23 train - loss: 0.0303
14:27:24 valid - nmse: 0.0366
Epoch 185/500
14:28:30 train - loss: 0.0297
14:28:31 valid - nmse: 0.1979
Epoch 186/500
14:29:36 train - loss: 0.0295
14:29:37 valid - nmse: 0.0449
Epoch 187/500
14:30:43 train - loss: 0.0294
14:30:44 valid - nmse: 0.0443
Epoch 188/500
14:31:49 train - loss: 0.0292
14:31:50 valid - nmse: 0.0379
Epoch 189/500
14:32:55 train - loss: 0.0290
14:32:57 valid - nmse: 0.0565
Epoch 190/500
14:34:02 train - loss: 0.0290
14:34:03 valid - nmse: 0.0461
Epoch 191/500
14:35:08 train - loss: 0.0286
14:35:09 valid - nmse: 0.0411
Epoch 192/500
14:36:15 train - loss: 0.0286
14:36:16 valid - nmse: 0.0395
Epoch 193/500
14:37:21 train - loss: 0.0282
14:37:22 valid - nmse: 0.0570
Epoch 194/500
14:38:28 train - loss: 0.0284
14:38:29 valid - nmse: 0.0387
Epoch 195/500
14:39:34 train - loss: 0.0279
14:39:35 valid - nmse: 0.0444
Epoch 196/500
14:40:40 train - loss: 0.0277
14:40:42 valid - nmse: 0.1660
Epoch 197/500
14:41:47 train - loss: 0.0276
14:41:48 valid - nmse: 0.0297
Epoch 198/500
14:42:53 train - loss: 0.0274
14:42:54 valid - nmse: 0.0409
Epoch 199/500
14:44:00 train - loss: 0.0272
14:44:01 valid - nmse: 0.0375
Epoch 200/500
14:45:06 train - loss: 0.0268
Save trainer to /content/drive/My Drive/models/DCS/ckpt
14:45:19 valid - nmse: 0.0364
Epoch 201/500
14:46:24 train - loss: 0.0266
14:46:25 valid - nmse: 0.0503
Epoch 202/500
14:47:30 train - loss: 0.0269
14:47:31 valid - nmse: 0.0379
Epoch 203/500
14:48:36 train - loss: 0.0267
14:48:38 valid - nmse: 0.0471
Epoch 204/500
14:49:43 train - loss: 0.0267
14:49:44 valid - nmse: 0.0283
Epoch 205/500
14:50:49 train - loss: 0.0261
14:50:51 valid - nmse: 0.0338
Epoch 206/500
14:51:56 train - loss: 0.0259
14:51:57 valid - nmse: 0.0353
Epoch 207/500
14:53:02 train - loss: 0.0256
14:53:03 valid - nmse: 0.0282
Epoch 208/500
14:54:09 train - loss: 0.0258
14:54:10 valid - nmse: 0.0473
Epoch 209/500
14:55:15 train - loss: 0.0254
14:55:16 valid - nmse: 0.8920
Epoch 210/500
14:56:21 train - loss: 0.0251
14:56:23 valid - nmse: 1.2309
Epoch 211/500
14:57:28 train - loss: 0.0249
14:57:29 valid - nmse: 0.0414
Epoch 212/500
14:58:34 train - loss: 0.0249
14:58:36 valid - nmse: 0.0405
Epoch 213/500
14:59:41 train - loss: 0.0248
14:59:42 valid - nmse: 0.0313
Epoch 214/500
15:00:47 train - loss: 0.0244
15:00:48 valid - nmse: 0.0276
Epoch 215/500
15:01:54 train - loss: 0.0242
15:01:55 valid - nmse: 0.0271
Epoch 216/500
15:03:00 train - loss: 0.0239
15:03:01 valid - nmse: 0.0382
Epoch 217/500
15:04:06 train - loss: 0.0238
15:04:08 valid - nmse: 0.0261
Epoch 218/500
15:05:13 train - loss: 0.0235
15:05:14 valid - nmse: 0.1095
Epoch 219/500
15:06:19 train - loss: 0.0234
15:06:20 valid - nmse: 0.0518
Epoch 220/500
15:07:26 train - loss: 0.0232
15:07:27 valid - nmse: 0.0262
Epoch 221/500
15:08:32 train - loss: 0.0231
15:08:33 valid - nmse: 0.0396
Epoch 222/500
15:09:38 train - loss: 0.0229
15:09:40 valid - nmse: 0.0320
Epoch 223/500
15:10:45 train - loss: 0.0225
15:10:46 valid - nmse: 0.0322
Epoch 224/500
15:11:51 train - loss: 0.0225
15:11:53 valid - nmse: 0.0253
Epoch 225/500
15:12:58 train - loss: 0.0224
15:12:59 valid - nmse: 0.0392
Epoch 226/500
15:14:04 train - loss: 0.0222
15:14:05 valid - nmse: 0.0323
Epoch 227/500
15:15:10 train - loss: 0.0218
15:15:12 valid - nmse: 0.0349
Epoch 228/500
15:16:17 train - loss: 0.0217
15:16:18 valid - nmse: 0.0256
Epoch 229/500
15:17:23 train - loss: 0.0216
15:17:25 valid - nmse: 0.0285
Epoch 230/500
15:18:30 train - loss: 0.0212
15:18:31 valid - nmse: 0.0301
Epoch 231/500
15:19:36 train - loss: 0.0210
15:19:37 valid - nmse: 0.0463
Epoch 232/500
15:20:43 train - loss: 0.0212
15:20:44 valid - nmse: 0.0339
Epoch 233/500
15:21:49 train - loss: 0.0210
15:21:50 valid - nmse: 0.0315
Epoch 234/500
15:22:55 train - loss: 0.0208
15:22:57 valid - nmse: 0.0928
Epoch 235/500
15:24:02 train - loss: 0.0206
15:24:03 valid - nmse: 0.0219
Epoch 236/500
15:25:08 train - loss: 0.0201
15:25:10 valid - nmse: 0.0236
Epoch 237/500
15:26:15 train - loss: 0.0201
15:26:16 valid - nmse: 0.0815
Epoch 238/500
15:27:21 train - loss: 0.0199
15:27:22 valid - nmse: 0.0395
Epoch 239/500
15:28:27 train - loss: 0.0197
15:28:29 valid - nmse: 0.0217
Epoch 240/500
15:29:34 train - loss: 0.0196
15:29:35 valid - nmse: 0.0299
Epoch 241/500
15:30:40 train - loss: 0.0193
15:30:42 valid - nmse: 0.0320
Epoch 242/500
15:31:47 train - loss: 0.0192
15:31:48 valid - nmse: 0.0270
Epoch 243/500
15:32:53 train - loss: 0.0188
15:32:54 valid - nmse: 0.0219
Epoch 244/500
15:34:00 train - loss: 0.0187
15:34:01 valid - nmse: 0.0221
Epoch 245/500
15:35:06 train - loss: 0.0187
15:35:07 valid - nmse: 0.0614
Epoch 246/500
15:36:13 train - loss: 0.0184
15:36:14 valid - nmse: 0.0280
Epoch 247/500
15:37:19 train - loss: 0.0184
15:37:20 valid - nmse: 0.0276
Epoch 248/500
15:38:26 train - loss: 0.0179
15:38:27 valid - nmse: 0.0379
Epoch 249/500
15:39:32 train - loss: 0.0178
15:39:33 valid - nmse: 0.0314
Epoch 250/500
15:40:38 train - loss: 0.0178
Save trainer to /content/drive/My Drive/models/DCS/ckpt
15:40:50 valid - nmse: 0.0442
Epoch 251/500
15:41:56 train - loss: 0.0176
15:41:57 valid - nmse: 0.0931
Epoch 252/500
15:43:02 train - loss: 0.0176
15:43:03 valid - nmse: 0.0589
Epoch 253/500
15:44:08 train - loss: 0.0174
15:44:10 valid - nmse: 0.0200
Epoch 254/500
15:45:15 train - loss: 0.0171
15:45:16 valid - nmse: 0.0178
Epoch 255/500
15:46:21 train - loss: 0.0168
15:46:23 valid - nmse: 0.0267
Epoch 256/500
15:47:28 train - loss: 0.0167
15:47:29 valid - nmse: 0.0218
Epoch 257/500
15:48:34 train - loss: 0.0166
15:48:35 valid - nmse: 0.0214
Epoch 258/500
15:49:40 train - loss: 0.0167
15:49:42 valid - nmse: 0.0202
Epoch 259/500
15:50:47 train - loss: 0.0163
15:50:48 valid - nmse: 0.0184
Epoch 260/500
15:51:53 train - loss: 0.0165
15:51:55 valid - nmse: 0.0213
Epoch 261/500
15:53:00 train - loss: 0.0160
15:53:01 valid - nmse: 0.3357
Epoch 262/500
15:54:06 train - loss: 0.0157
15:54:07 valid - nmse: 0.0240
Epoch 263/500
15:55:13 train - loss: 0.0157
15:55:14 valid - nmse: 0.0218
Epoch 264/500
15:56:19 train - loss: 0.0155
15:56:20 valid - nmse: 0.0280
Epoch 265/500
15:57:25 train - loss: 0.0155
15:57:27 valid - nmse: 0.0377
Epoch 266/500
15:58:32 train - loss: 0.0151
15:58:33 valid - nmse: 0.0165
Epoch 267/500
15:59:38 train - loss: 0.0150
15:59:40 valid - nmse: 0.0233
Epoch 268/500
16:00:45 train - loss: 0.0149
16:00:46 valid - nmse: 0.0252
Epoch 269/500
16:01:51 train - loss: 0.0147
16:01:53 valid - nmse: 0.0343
Epoch 270/500
16:02:58 train - loss: 0.0146
16:02:59 valid - nmse: 0.0208
Epoch 271/500
16:04:04 train - loss: 0.0145
16:04:05 valid - nmse: 0.0223
Epoch 272/500
16:05:11 train - loss: 0.0144
16:05:12 valid - nmse: 0.0143
Epoch 273/500
16:06:17 train - loss: 0.0142
16:06:18 valid - nmse: 0.0349
Epoch 274/500
16:07:24 train - loss: 0.0140
16:07:25 valid - nmse: 0.0160
Epoch 275/500
16:08:30 train - loss: 0.0140
16:08:31 valid - nmse: 0.0302
Epoch 276/500
16:09:37 train - loss: 0.0138
16:09:38 valid - nmse: 0.0177
Epoch 277/500
16:10:43 train - loss: 0.0136
16:10:44 valid - nmse: 0.0174
Epoch 278/500
16:11:49 train - loss: 0.0134
16:11:51 valid - nmse: 0.0226
Epoch 279/500
16:12:56 train - loss: 0.0132
16:12:57 valid - nmse: 0.0140
Epoch 280/500
16:14:02 train - loss: 0.0133
16:14:04 valid - nmse: 0.0254
Epoch 281/500
16:15:09 train - loss: 0.0131
16:15:10 valid - nmse: 0.0176
Epoch 282/500
16:16:15 train - loss: 0.0128
16:16:17 valid - nmse: 0.0300
Epoch 283/500
16:17:22 train - loss: 0.0129
16:17:23 valid - nmse: 0.0243
Epoch 284/500
16:18:28 train - loss: 0.0125
16:18:30 valid - nmse: 0.0282
Epoch 285/500
16:19:35 train - loss: 0.0123
16:19:36 valid - nmse: 0.0148
Epoch 286/500
16:20:41 train - loss: 0.0121
16:20:43 valid - nmse: 0.0421
Epoch 287/500
16:21:48 train - loss: 0.0122
16:21:49 valid - nmse: 0.0219
Epoch 288/500
16:22:54 train - loss: 0.0120
16:22:55 valid - nmse: 0.0138
Epoch 289/500
16:24:01 train - loss: 0.0118
16:24:02 valid - nmse: 0.0157
Epoch 290/500
16:25:07 train - loss: 0.0116
16:25:08 valid - nmse: 0.0141
Epoch 291/500
16:26:14 train - loss: 0.0115
16:26:15 valid - nmse: 0.0132
Epoch 292/500
16:27:20 train - loss: 0.0116
16:27:21 valid - nmse: 0.0128
Epoch 293/500
16:28:26 train - loss: 0.0114
16:28:28 valid - nmse: 0.0143
Epoch 294/500
16:29:33 train - loss: 0.0112
16:29:34 valid - nmse: 0.0121
Epoch 295/500
16:30:39 train - loss: 0.0109
16:30:41 valid - nmse: 0.0409
Epoch 296/500
16:31:46 train - loss: 0.0108
16:31:47 valid - nmse: 0.0121
Epoch 297/500
16:32:52 train - loss: 0.0108
16:32:53 valid - nmse: 0.0186
Epoch 298/500
16:33:58 train - loss: 0.0107
16:34:00 valid - nmse: 0.0253
Epoch 299/500
16:35:05 train - loss: 0.0108
16:35:06 valid - nmse: 0.0301
Epoch 300/500
16:36:11 train - loss: 0.0106
Save trainer to /content/drive/My Drive/models/DCS/ckpt
16:36:24 valid - nmse: 0.0119
Epoch 301/500
16:37:29 train - loss: 0.0105
16:37:30 valid - nmse: 0.0155
Epoch 302/500
16:38:35 train - loss: 0.0102
16:38:36 valid - nmse: 0.0236
Epoch 303/500
16:39:42 train - loss: 0.0101
16:39:43 valid - nmse: 0.0372
Epoch 304/500
16:40:48 train - loss: 0.0099
16:40:49 valid - nmse: 0.0113
Epoch 305/500
16:41:54 train - loss: 0.0098
16:41:56 valid - nmse: 0.0381
Epoch 306/500
16:43:01 train - loss: 0.0097
16:43:02 valid - nmse: 0.0126
Epoch 307/500
16:44:07 train - loss: 0.0098
16:44:09 valid - nmse: 0.0318
Epoch 308/500
16:45:14 train - loss: 0.0097
16:45:15 valid - nmse: 0.0757
Epoch 309/500
16:46:20 train - loss: 0.0096
16:46:21 valid - nmse: 0.0108
Epoch 310/500
16:47:27 train - loss: 0.0092
16:47:28 valid - nmse: 0.0100
Epoch 311/500
16:48:33 train - loss: 0.0090
16:48:34 valid - nmse: 0.0177
Epoch 312/500
16:49:40 train - loss: 0.0090
16:49:41 valid - nmse: 0.0151
Epoch 313/500
16:50:46 train - loss: 0.0089
16:50:47 valid - nmse: 0.0107
Epoch 314/500
16:51:52 train - loss: 0.0088
16:51:54 valid - nmse: 0.0124
Epoch 315/500
16:52:59 train - loss: 0.0087
16:53:00 valid - nmse: 0.0100
Epoch 316/500
16:54:05 train - loss: 0.0086
16:54:07 valid - nmse: 0.0202
Epoch 317/500
16:55:12 train - loss: 0.0085
16:55:13 valid - nmse: 0.0106
Epoch 318/500
16:56:18 train - loss: 0.0085
16:56:19 valid - nmse: 0.0085
Epoch 319/500
16:57:25 train - loss: 0.0084
16:57:26 valid - nmse: 0.0266
Epoch 320/500
16:58:31 train - loss: 0.0083
16:58:32 valid - nmse: 0.0196
Epoch 321/500
16:59:37 train - loss: 0.0082
16:59:39 valid - nmse: 0.0140
Epoch 322/500
17:00:44 train - loss: 0.0080
17:00:45 valid - nmse: 0.0121
Epoch 323/500
17:01:50 train - loss: 0.0079
17:01:52 valid - nmse: 0.0133
Epoch 324/500
17:02:57 train - loss: 0.0077
17:02:58 valid - nmse: 0.0137
Epoch 325/500
17:04:03 train - loss: 0.0076
17:04:04 valid - nmse: 0.0130
Epoch 326/500
17:05:10 train - loss: 0.0074
17:05:11 valid - nmse: 0.0077
Epoch 327/500
17:06:16 train - loss: 0.0073
17:06:17 valid - nmse: 0.0089
Epoch 328/500
17:07:23 train - loss: 0.0073
17:07:24 valid - nmse: 0.0097
Epoch 329/500
17:08:29 train - loss: 0.0071
17:08:30 valid - nmse: 0.0092
Epoch 330/500
17:09:35 train - loss: 0.0070
17:09:37 valid - nmse: 0.0080
Epoch 331/500
17:10:42 train - loss: 0.0069
17:10:43 valid - nmse: 0.0086
Epoch 332/500
17:11:48 train - loss: 0.0069
17:11:50 valid - nmse: 0.0089
Epoch 333/500
17:12:55 train - loss: 0.0068
17:12:56 valid - nmse: 0.0068
Epoch 334/500
17:14:01 train - loss: 0.0070
17:14:02 valid - nmse: 0.0204
Epoch 335/500
17:15:08 train - loss: 0.0067
17:15:09 valid - nmse: 0.0071
Epoch 336/500
17:16:14 train - loss: 0.0067
17:16:15 valid - nmse: 0.0100
Epoch 337/500
17:17:21 train - loss: 0.0066
17:17:22 valid - nmse: 0.0075
Epoch 338/500
17:18:27 train - loss: 0.0065
17:18:28 valid - nmse: 0.0072
Epoch 339/500
17:19:33 train - loss: 0.0063
17:19:35 valid - nmse: 0.0073
Epoch 340/500
17:20:40 train - loss: 0.0062
17:20:41 valid - nmse: 0.0063
Epoch 341/500
17:21:46 train - loss: 0.0061
17:21:47 valid - nmse: 0.0074
Epoch 342/500
17:22:53 train - loss: 0.0061
17:22:54 valid - nmse: 0.0070
Epoch 343/500
17:23:59 train - loss: 0.0062
17:24:00 valid - nmse: 0.0109
Epoch 344/500
17:25:06 train - loss: 0.0059
17:25:07 valid - nmse: 0.0070
Epoch 345/500
17:26:12 train - loss: 0.0060
17:26:13 valid - nmse: 0.0080
Epoch 346/500
17:27:18 train - loss: 0.0059
17:27:20 valid - nmse: 0.0078
Epoch 347/500
17:28:25 train - loss: 0.0057
17:28:26 valid - nmse: 0.0157
Epoch 348/500
17:29:31 train - loss: 0.0057
17:29:33 valid - nmse: 0.0068
Epoch 349/500
17:30:38 train - loss: 0.0055
17:30:39 valid - nmse: 0.0065
Epoch 350/500
17:31:44 train - loss: 0.0055
Save trainer to /content/drive/My Drive/models/DCS/ckpt
17:31:57 valid - nmse: 0.0144
Epoch 351/500
17:33:02 train - loss: 0.0055
17:33:03 valid - nmse: 0.0069
Epoch 352/500
17:34:09 train - loss: 0.0053
17:34:10 valid - nmse: 0.0128
Epoch 353/500
17:35:15 train - loss: 0.0052
17:35:16 valid - nmse: 0.0099
Epoch 354/500
17:36:22 train - loss: 0.0051
17:36:23 valid - nmse: 0.0067
Epoch 355/500
17:37:28 train - loss: 0.0051
17:37:29 valid - nmse: 0.0060
Epoch 356/500
17:38:35 train - loss: 0.0050
17:38:36 valid - nmse: 0.0057
Epoch 357/500
17:39:41 train - loss: 0.0049
17:39:42 valid - nmse: 0.0062
Epoch 358/500
17:40:48 train - loss: 0.0048
17:40:49 valid - nmse: 0.0053
Epoch 359/500
17:41:54 train - loss: 0.0048
17:41:55 valid - nmse: 0.0055
Epoch 360/500
17:43:01 train - loss: 0.0049
17:43:02 valid - nmse: 0.0054
Epoch 361/500
17:44:07 train - loss: 0.0048
17:44:08 valid - nmse: 0.0087
Epoch 362/500
17:45:14 train - loss: 0.0047
17:45:15 valid - nmse: 0.0057
Epoch 363/500
17:46:20 train - loss: 0.0046
17:46:22 valid - nmse: 0.0089
Epoch 364/500
17:47:27 train - loss: 0.0045
17:47:28 valid - nmse: 0.0048
Epoch 365/500
17:48:33 train - loss: 0.0045
17:48:35 valid - nmse: 0.0170
Epoch 366/500
17:49:40 train - loss: 0.0043
17:49:41 valid - nmse: 0.0052
Epoch 367/500
17:50:46 train - loss: 0.0043
17:50:48 valid - nmse: 0.0056
Epoch 368/500
17:51:53 train - loss: 0.0043
17:51:54 valid - nmse: 0.0088
Epoch 369/500
17:52:59 train - loss: 0.0041
17:53:01 valid - nmse: 0.0104
Epoch 370/500
17:54:06 train - loss: 0.0041
17:54:07 valid - nmse: 0.0138
Epoch 371/500
17:55:12 train - loss: 0.0041
17:55:13 valid - nmse: 0.0042
Epoch 372/500
17:56:19 train - loss: 0.0040
17:56:20 valid - nmse: 0.0045
Epoch 373/500
17:57:25 train - loss: 0.0039
17:57:26 valid - nmse: 0.0045
Epoch 374/500
17:58:32 train - loss: 0.0039
17:58:33 valid - nmse: 0.0048
Epoch 375/500
17:59:38 train - loss: 0.0038
17:59:39 valid - nmse: 0.0038
Epoch 376/500
18:00:45 train - loss: 0.0037
18:00:46 valid - nmse: 0.0062
Epoch 377/500
18:01:51 train - loss: 0.0037
18:01:52 valid - nmse: 0.0043
Epoch 378/500
18:02:57 train - loss: 0.0037
18:02:59 valid - nmse: 0.0040
Epoch 379/500
18:04:04 train - loss: 0.0036
18:04:05 valid - nmse: 0.0037
Epoch 380/500
18:05:10 train - loss: 0.0036
18:05:12 valid - nmse: 0.0052
Epoch 381/500
18:06:17 train - loss: 0.0036
18:06:18 valid - nmse: 0.0082
Epoch 382/500
18:07:23 train - loss: 0.0035
18:07:25 valid - nmse: 0.0041
Epoch 383/500
18:08:30 train - loss: 0.0035
18:08:31 valid - nmse: 0.0039
Epoch 384/500
18:09:36 train - loss: 0.0034
18:09:38 valid - nmse: 0.0036
Epoch 385/500
18:10:43 train - loss: 0.0033
18:10:44 valid - nmse: 0.0044
Epoch 386/500
18:11:49 train - loss: 0.0033
18:11:50 valid - nmse: 0.0034
Epoch 387/500
18:12:56 train - loss: 0.0032
18:12:57 valid - nmse: 0.0039
Epoch 388/500
18:14:02 train - loss: 0.0032
18:14:03 valid - nmse: 0.0038
Epoch 389/500
18:15:08 train - loss: 0.0032
18:15:10 valid - nmse: 0.0047
Epoch 390/500
18:16:15 train - loss: 0.0032
18:16:16 valid - nmse: 0.0033
Epoch 391/500
18:17:21 train - loss: 0.0031
18:17:23 valid - nmse: 0.0037
Epoch 392/500
18:18:28 train - loss: 0.0030
18:18:29 valid - nmse: 0.0039
Epoch 393/500
18:19:34 train - loss: 0.0030
18:19:36 valid - nmse: 0.0031
Epoch 394/500
18:20:41 train - loss: 0.0030
18:20:42 valid - nmse: 0.0032
Epoch 395/500
18:21:47 train - loss: 0.0030
18:21:49 valid - nmse: 0.0039
Epoch 396/500
18:22:54 train - loss: 0.0029
18:22:55 valid - nmse: 0.0039
Epoch 397/500
18:24:00 train - loss: 0.0029
18:24:02 valid - nmse: 0.0058
Epoch 398/500
18:25:07 train - loss: 0.0028
18:25:08 valid - nmse: 0.0026
Epoch 399/500
18:26:13 train - loss: 0.0027
18:26:15 valid - nmse: 0.0026
Epoch 400/500
18:27:20 train - loss: 0.0027
Save trainer to /content/drive/My Drive/models/DCS/ckpt
18:27:33 valid - nmse: 0.0033
Epoch 401/500
18:28:38 train - loss: 0.0027
18:28:39 valid - nmse: 0.0028
Epoch 402/500
18:29:45 train - loss: 0.0026
18:29:46 valid - nmse: 0.0026
Epoch 403/500
18:30:51 train - loss: 0.0026
18:30:52 valid - nmse: 0.0026
Epoch 404/500
18:31:58 train - loss: 0.0026
18:31:59 valid - nmse: 0.0025
Epoch 405/500
18:33:04 train - loss: 0.0025
18:33:05 valid - nmse: 0.0025
Epoch 406/500
18:34:11 train - loss: 0.0025
18:34:12 valid - nmse: 0.0032
Epoch 407/500
18:35:17 train - loss: 0.0025
18:35:18 valid - nmse: 0.0035
Epoch 408/500
18:36:24 train - loss: 0.0025
18:36:25 valid - nmse: 0.0034
Epoch 409/500
18:37:30 train - loss: 0.0024
18:37:31 valid - nmse: 0.0026
Epoch 410/500
18:38:37 train - loss: 0.0024
18:38:38 valid - nmse: 0.0031
Epoch 411/500
18:39:43 train - loss: 0.0024
18:39:45 valid - nmse: 0.0028
Epoch 412/500
18:40:50 train - loss: 0.0023
18:40:51 valid - nmse: 0.0025
Epoch 413/500
18:41:56 train - loss: 0.0023
18:41:57 valid - nmse: 0.0023
Epoch 414/500
18:43:03 train - loss: 0.0023
18:43:04 valid - nmse: 0.0023
Epoch 415/500
18:44:09 train - loss: 0.0022
18:44:10 valid - nmse: 0.0027
Epoch 416/500
18:45:16 train - loss: 0.0022
18:45:17 valid - nmse: 0.0023
Epoch 417/500
18:46:22 train - loss: 0.0022
18:46:23 valid - nmse: 0.0022
Epoch 418/500
18:47:29 train - loss: 0.0022
18:47:30 valid - nmse: 0.0026
Epoch 419/500
18:48:35 train - loss: 0.0022
18:48:36 valid - nmse: 0.0031
Epoch 420/500
18:49:42 train - loss: 0.0021
18:49:43 valid - nmse: 0.0024
Epoch 421/500
18:50:48 train - loss: 0.0021
18:50:50 valid - nmse: 0.0020
Epoch 422/500
18:51:55 train - loss: 0.0021
18:51:56 valid - nmse: 0.0020
Epoch 423/500
18:53:01 train - loss: 0.0021
18:53:03 valid - nmse: 0.0022
Epoch 424/500
18:54:08 train - loss: 0.0020
18:54:09 valid - nmse: 0.0020
Epoch 425/500
18:55:14 train - loss: 0.0020
18:55:16 valid - nmse: 0.0022
Epoch 426/500
18:56:21 train - loss: 0.0020
18:56:22 valid - nmse: 0.0024
Epoch 427/500
18:57:27 train - loss: 0.0020
18:57:29 valid - nmse: 0.0019
Epoch 428/500
18:58:34 train - loss: 0.0019
18:58:35 valid - nmse: 0.0018
Epoch 429/500
18:59:40 train - loss: 0.0019
18:59:42 valid - nmse: 0.0019
Epoch 430/500
19:00:47 train - loss: 0.0019
19:00:48 valid - nmse: 0.0018
Epoch 431/500
19:01:53 train - loss: 0.0019
19:01:55 valid - nmse: 0.0021
Epoch 432/500
19:03:00 train - loss: 0.0019
19:03:01 valid - nmse: 0.0023
Epoch 433/500
19:04:06 train - loss: 0.0018
19:04:08 valid - nmse: 0.0017
Epoch 434/500
19:05:13 train - loss: 0.0018
19:05:14 valid - nmse: 0.0019
Epoch 435/500
19:06:19 train - loss: 0.0018
19:06:20 valid - nmse: 0.0017
Epoch 436/500
19:07:26 train - loss: 0.0018
19:07:27 valid - nmse: 0.0018
Epoch 437/500
19:08:32 train - loss: 0.0018
19:08:33 valid - nmse: 0.0018
Epoch 438/500
19:09:39 train - loss: 0.0017
19:09:40 valid - nmse: 0.0018
Epoch 439/500
19:10:45 train - loss: 0.0017
19:10:46 valid - nmse: 0.0020
Epoch 440/500
19:11:52 train - loss: 0.0017
19:11:53 valid - nmse: 0.0019
Epoch 441/500
19:12:58 train - loss: 0.0017
19:12:59 valid - nmse: 0.0017
Epoch 442/500
19:14:04 train - loss: 0.0017
19:14:06 valid - nmse: 0.0016
Epoch 443/500
19:15:11 train - loss: 0.0017
19:15:12 valid - nmse: 0.0016
Epoch 444/500
19:16:17 train - loss: 0.0016
19:16:18 valid - nmse: 0.0015
Epoch 445/500
19:17:24 train - loss: 0.0016
19:17:25 valid - nmse: 0.0017
Epoch 446/500
19:18:30 train - loss: 0.0016
19:18:31 valid - nmse: 0.0016
Epoch 447/500
19:19:37 train - loss: 0.0016
19:19:38 valid - nmse: 0.0015
Epoch 448/500
19:20:43 train - loss: 0.0016
19:20:44 valid - nmse: 0.0015
Epoch 449/500
19:21:49 train - loss: 0.0016
19:21:51 valid - nmse: 0.0015
Epoch 450/500
19:22:56 train - loss: 0.0016
Save trainer to /content/drive/My Drive/models/DCS/ckpt
19:23:10 valid - nmse: 0.0017
Epoch 451/500
19:24:15 train - loss: 0.0016
19:24:16 valid - nmse: 0.0015
Epoch 452/500
19:25:22 train - loss: 0.0015
19:25:23 valid - nmse: 0.0015
Epoch 453/500
19:26:28 train - loss: 0.0015
19:26:29 valid - nmse: 0.0015
Epoch 454/500
19:27:35 train - loss: 0.0015
19:27:36 valid - nmse: 0.0014
Epoch 455/500
19:28:41 train - loss: 0.0015
19:28:42 valid - nmse: 0.0014
Epoch 456/500
19:29:47 train - loss: 0.0015
19:29:49 valid - nmse: 0.0014
Epoch 457/500
19:30:54 train - loss: 0.0015
19:30:55 valid - nmse: 0.0016
Epoch 458/500
19:32:00 train - loss: 0.0015
19:32:02 valid - nmse: 0.0015
Epoch 459/500
19:33:07 train - loss: 0.0015
19:33:08 valid - nmse: 0.0015
Epoch 460/500
19:34:13 train - loss: 0.0015
19:34:15 valid - nmse: 0.0014
Epoch 461/500
19:35:20 train - loss: 0.0014
19:35:21 valid - nmse: 0.0014
Epoch 462/500
19:36:26 train - loss: 0.0014
19:36:27 valid - nmse: 0.0013
Epoch 463/500
19:37:33 train - loss: 0.0014
19:37:34 valid - nmse: 0.0013
Epoch 464/500
19:38:39 train - loss: 0.0014
19:38:40 valid - nmse: 0.0014
Epoch 465/500
19:39:46 train - loss: 0.0014
19:39:47 valid - nmse: 0.0013
Epoch 466/500
19:40:52 train - loss: 0.0014
19:40:53 valid - nmse: 0.0013
Epoch 467/500
19:41:59 train - loss: 0.0014
19:42:00 valid - nmse: 0.0013
Epoch 468/500
19:43:05 train - loss: 0.0014
19:43:06 valid - nmse: 0.0013
Epoch 469/500
19:44:12 train - loss: 0.0014
19:44:13 valid - nmse: 0.0013
Epoch 470/500
19:45:18 train - loss: 0.0014
19:45:19 valid - nmse: 0.0013
Epoch 471/500
19:46:24 train - loss: 0.0014
19:46:26 valid - nmse: 0.0013
Epoch 472/500
19:47:31 train - loss: 0.0014
19:47:32 valid - nmse: 0.0013
Epoch 473/500
19:48:37 train - loss: 0.0014
19:48:39 valid - nmse: 0.0012
Epoch 474/500
19:49:44 train - loss: 0.0014
19:49:45 valid - nmse: 0.0013
Epoch 475/500
19:50:50 train - loss: 0.0013
19:50:51 valid - nmse: 0.0012
Epoch 476/500
19:51:57 train - loss: 0.0013
19:51:58 valid - nmse: 0.0012
Epoch 477/500
19:53:03 train - loss: 0.0013
19:53:04 valid - nmse: 0.0012
Epoch 478/500
19:54:10 train - loss: 0.0013
19:54:11 valid - nmse: 0.0012
Epoch 479/500
19:55:16 train - loss: 0.0013
19:55:17 valid - nmse: 0.0012
Epoch 480/500
19:56:23 train - loss: 0.0013
19:56:24 valid - nmse: 0.0012
Epoch 481/500
19:57:29 train - loss: 0.0013
19:57:30 valid - nmse: 0.0012
Epoch 482/500
19:58:35 train - loss: 0.0013
19:58:37 valid - nmse: 0.0012
Epoch 483/500
19:59:42 train - loss: 0.0013
19:59:43 valid - nmse: 0.0012
Epoch 484/500
20:00:48 train - loss: 0.0013
20:00:50 valid - nmse: 0.0012
Epoch 485/500
20:01:55 train - loss: 0.0013
20:01:56 valid - nmse: 0.0012
Epoch 486/500
20:03:01 train - loss: 0.0013
20:03:03 valid - nmse: 0.0012
Epoch 487/500
20:04:08 train - loss: 0.0013
20:04:09 valid - nmse: 0.0012
Epoch 488/500
20:05:14 train - loss: 0.0013
20:05:16 valid - nmse: 0.0012
Epoch 489/500
20:06:21 train - loss: 0.0013
20:06:22 valid - nmse: 0.0012
Epoch 490/500
20:07:28 train - loss: 0.0013
20:07:29 valid - nmse: 0.0012
Epoch 491/500
20:08:34 train - loss: 0.0013
20:08:35 valid - nmse: 0.0012
Epoch 492/500
20:09:41 train - loss: 0.0013
20:09:42 valid - nmse: 0.0012
Epoch 493/500
20:10:47 train - loss: 0.0013
20:10:48 valid - nmse: 0.0012
Epoch 494/500
20:11:53 train - loss: 0.0013
20:11:55 valid - nmse: 0.0012
Epoch 495/500
20:13:00 train - loss: 0.0013
20:13:01 valid - nmse: 0.0012
Epoch 496/500
20:14:06 train - loss: 0.0013
20:14:07 valid - nmse: 0.0012
Epoch 497/500
20:15:13 train - loss: 0.0013
20:15:14 valid - nmse: 0.0012
Epoch 498/500
20:16:19 train - loss: 0.0013
20:16:20 valid - nmse: 0.0012
Epoch 499/500
20:17:25 train - loss: 0.0013
20:17:27 valid - nmse: 0.0012
Epoch 500/500
20:18:32 train - loss: 0.0013
Save trainer to /content/drive/My Drive/models/DCS/ckpt
20:18:44 valid - nmse: 0.0012