Epoch 1/120
WARNING:tensorflow:From /usr/local/lib/python3.6/dist-packages/tensorflow/python/data/ops/multi_device_iterator_ops.py:601: get_next_as_optional (from tensorflow.python.data.ops.iterator_ops) is deprecated and will be removed in a future version.
Instructions for updating:
Use `tf.data.Iterator.get_next_as_optional()` instead.
WARNING:tensorflow:From /usr/local/lib/python3.6/dist-packages/tensorflow/python/data/ops/multi_device_iterator_ops.py:601: get_next_as_optional (from tensorflow.python.data.ops.iterator_ops) is deprecated and will be removed in a future version.
Instructions for updating:
Use `tf.data.Iterator.get_next_as_optional()` instead.
15:03:04 train - loss: 1.1693
15:03:21 valid - nmse: 0.5892
Epoch 2/120
15:03:40 train - loss: 0.4512
15:03:41 valid - nmse: 0.3331
Epoch 3/120
15:04:00 train - loss: 0.2599
15:04:01 valid - nmse: 0.2007
Epoch 4/120
15:04:20 train - loss: 0.1665
15:04:21 valid - nmse: 0.1454
Epoch 5/120
15:04:40 train - loss: 0.1344
15:04:41 valid - nmse: 0.1325
Epoch 6/120
15:05:00 train - loss: 0.1198
15:05:01 valid - nmse: 0.1125
Epoch 7/120
15:05:20 train - loss: 0.1062
15:05:20 valid - nmse: 0.1060
Epoch 8/120
15:05:40 train - loss: 0.0980
15:05:40 valid - nmse: 0.0990
Epoch 9/120
15:06:00 train - loss: 0.0927
15:06:00 valid - nmse: 0.0901
Epoch 10/120
15:06:20 train - loss: 0.0887
15:06:20 valid - nmse: 0.0964
Epoch 11/120
15:06:40 train - loss: 0.0858
15:06:40 valid - nmse: 0.0854
Epoch 12/120
15:07:00 train - loss: 0.0833
15:07:00 valid - nmse: 0.0811
Epoch 13/120
15:07:20 train - loss: 0.0808
15:07:20 valid - nmse: 0.0808
Epoch 14/120
15:07:40 train - loss: 0.0790
15:07:40 valid - nmse: 0.0777
Epoch 15/120
15:08:00 train - loss: 0.0775
15:08:00 valid - nmse: 0.0790
Epoch 16/120
15:08:20 train - loss: 0.0757
15:08:20 valid - nmse: 0.0802
Epoch 17/120
15:08:40 train - loss: 0.0740
15:08:40 valid - nmse: 0.0750
Epoch 18/120
15:09:00 train - loss: 0.0731
15:09:00 valid - nmse: 0.0709
Epoch 19/120
15:09:20 train - loss: 0.0717
15:09:20 valid - nmse: 0.0747
Epoch 20/120
15:09:40 train - loss: 0.0707
15:09:40 valid - nmse: 0.0701
Epoch 21/120
15:10:00 train - loss: 0.0695
15:10:00 valid - nmse: 0.0674
Epoch 22/120
15:10:20 train - loss: 0.0684
15:10:20 valid - nmse: 0.0679
Epoch 23/120
15:10:40 train - loss: 0.0673
15:10:40 valid - nmse: 0.0728
Epoch 24/120
15:11:00 train - loss: 0.0664
15:11:00 valid - nmse: 0.0741
Epoch 25/120
15:11:20 train - loss: 0.0654
15:11:20 valid - nmse: 0.0657
Epoch 26/120
15:11:40 train - loss: 0.0644
15:11:40 valid - nmse: 0.0674
Epoch 27/120
15:12:00 train - loss: 0.0632
15:12:00 valid - nmse: 0.0678
Epoch 28/120
15:12:20 train - loss: 0.0624
15:12:20 valid - nmse: 0.0640
Epoch 29/120
15:12:39 train - loss: 0.0615
15:12:40 valid - nmse: 0.0620
Epoch 30/120
15:12:59 train - loss: 0.0604
15:13:00 valid - nmse: 0.0659
Epoch 31/120
15:13:19 train - loss: 0.0594
15:13:20 valid - nmse: 0.0580
Epoch 32/120
15:13:39 train - loss: 0.0584
15:13:40 valid - nmse: 0.0555
Epoch 33/120
15:13:59 train - loss: 0.0577
15:14:00 valid - nmse: 0.0578
Epoch 34/120
15:14:19 train - loss: 0.0568
15:14:20 valid - nmse: 0.0576
Epoch 35/120
15:14:39 train - loss: 0.0554
15:14:40 valid - nmse: 0.0591
Epoch 36/120
15:14:59 train - loss: 0.0546
15:15:00 valid - nmse: 0.0562
Epoch 37/120
15:15:19 train - loss: 0.0537
15:15:20 valid - nmse: 0.0558
Epoch 38/120
15:15:39 train - loss: 0.0528
15:15:40 valid - nmse: 0.0559
Epoch 39/120
15:15:59 train - loss: 0.0516
15:16:00 valid - nmse: 0.0518
Epoch 40/120
15:16:19 train - loss: 0.0507
15:16:20 valid - nmse: 0.0513
Epoch 41/120
15:16:39 train - loss: 0.0498
15:16:40 valid - nmse: 0.0496
Epoch 42/120
15:16:59 train - loss: 0.0491
15:17:00 valid - nmse: 0.0492
Epoch 43/120
15:17:19 train - loss: 0.0480
15:17:20 valid - nmse: 0.0498
Epoch 44/120
15:17:39 train - loss: 0.0472
15:17:40 valid - nmse: 0.0461
Epoch 45/120
15:17:59 train - loss: 0.0463
15:18:00 valid - nmse: 0.0463
Epoch 46/120
15:18:19 train - loss: 0.0451
15:18:20 valid - nmse: 0.0451
Epoch 47/120
15:18:39 train - loss: 0.0445
15:18:40 valid - nmse: 0.0495
Epoch 48/120
15:18:59 train - loss: 0.0434
15:19:00 valid - nmse: 0.0458
Epoch 49/120
15:19:19 train - loss: 0.0425
15:19:20 valid - nmse: 0.0453
Epoch 50/120
15:19:39 train - loss: 0.0417
Save trainer to /content/models/DCS2/ckpt
15:19:42 valid - nmse: 0.0514
Epoch 51/120
15:20:02 train - loss: 0.0409
15:20:02 valid - nmse: 0.0396
Epoch 52/120
15:20:22 train - loss: 0.0400
15:20:22 valid - nmse: 0.0455
Epoch 53/120
15:20:42 train - loss: 0.0390
15:20:42 valid - nmse: 0.0400
Epoch 54/120
15:21:02 train - loss: 0.0381
15:21:02 valid - nmse: 0.0399
Epoch 55/120
15:21:22 train - loss: 0.0373
15:21:22 valid - nmse: 0.0366
Epoch 56/120
15:21:42 train - loss: 0.0366
15:21:42 valid - nmse: 0.0381
Epoch 57/120
15:22:02 train - loss: 0.0357
15:22:02 valid - nmse: 0.0370
Epoch 58/120
15:22:22 train - loss: 0.0351
15:22:22 valid - nmse: 0.0357
Epoch 59/120
15:22:42 train - loss: 0.0343
15:22:42 valid - nmse: 0.0352
Epoch 60/120
15:23:02 train - loss: 0.0335
15:23:02 valid - nmse: 0.0335
Epoch 61/120
15:23:22 train - loss: 0.0325
15:23:22 valid - nmse: 0.0328
Epoch 62/120
15:23:42 train - loss: 0.0318
15:23:42 valid - nmse: 0.0301
Epoch 63/120
15:24:02 train - loss: 0.0309
15:24:02 valid - nmse: 0.0295
Epoch 64/120
15:24:22 train - loss: 0.0303
15:24:22 valid - nmse: 0.0303
Epoch 65/120
15:24:42 train - loss: 0.0296
15:24:42 valid - nmse: 0.0283
Epoch 66/120
15:25:01 train - loss: 0.0290
15:25:02 valid - nmse: 0.0274
Epoch 67/120
15:25:21 train - loss: 0.0281
15:25:22 valid - nmse: 0.0285
Epoch 68/120
15:25:41 train - loss: 0.0275
15:25:42 valid - nmse: 0.0260
Epoch 69/120
15:26:01 train - loss: 0.0267
15:26:02 valid - nmse: 0.0304
Epoch 70/120
15:26:21 train - loss: 0.0260
15:26:22 valid - nmse: 0.0255
Epoch 71/120
15:26:41 train - loss: 0.0254
15:26:42 valid - nmse: 0.0247
Epoch 72/120
15:27:01 train - loss: 0.0248
15:27:02 valid - nmse: 0.0249
Epoch 73/120
15:27:22 train - loss: 0.0240
15:27:22 valid - nmse: 0.0231
Epoch 74/120
15:27:42 train - loss: 0.0235
15:27:42 valid - nmse: 0.0218
Epoch 75/120
15:28:02 train - loss: 0.0227
15:28:02 valid - nmse: 0.0223
Epoch 76/120
15:28:22 train - loss: 0.0222
15:28:22 valid - nmse: 0.0210
Epoch 77/120
15:28:41 train - loss: 0.0216
15:28:42 valid - nmse: 0.0212
Epoch 78/120
15:29:02 train - loss: 0.0211
15:29:02 valid - nmse: 0.0207
Epoch 79/120
15:29:22 train - loss: 0.0207
15:29:22 valid - nmse: 0.0202
Epoch 80/120
15:29:42 train - loss: 0.0200
15:29:42 valid - nmse: 0.0193
Epoch 81/120
15:30:02 train - loss: 0.0196
15:30:02 valid - nmse: 0.0184
Epoch 82/120
15:30:22 train - loss: 0.0190
15:30:22 valid - nmse: 0.0213
Epoch 83/120
15:30:42 train - loss: 0.0187
15:30:42 valid - nmse: 0.0175
Epoch 84/120
15:31:02 train - loss: 0.0180
15:31:02 valid - nmse: 0.0168
Epoch 85/120
15:31:22 train - loss: 0.0176
15:31:22 valid - nmse: 0.0160
Epoch 86/120
15:31:42 train - loss: 0.0171
15:31:42 valid - nmse: 0.0156
Epoch 87/120
15:32:02 train - loss: 0.0166
15:32:02 valid - nmse: 0.0152
Epoch 88/120
15:32:22 train - loss: 0.0162
15:32:22 valid - nmse: 0.0152
Epoch 89/120
15:32:42 train - loss: 0.0158
15:32:42 valid - nmse: 0.0144
Epoch 90/120
15:33:02 train - loss: 0.0154
15:33:02 valid - nmse: 0.0140
Epoch 91/120
15:33:22 train - loss: 0.0151
15:33:22 valid - nmse: 0.0136
Epoch 92/120
15:33:42 train - loss: 0.0147
15:33:42 valid - nmse: 0.0134
Epoch 93/120
15:34:02 train - loss: 0.0143
15:34:02 valid - nmse: 0.0131
Epoch 94/120
15:34:22 train - loss: 0.0140
15:34:22 valid - nmse: 0.0127
Epoch 95/120
15:34:42 train - loss: 0.0137
15:34:42 valid - nmse: 0.0121
Epoch 96/120
15:35:02 train - loss: 0.0133
15:35:02 valid - nmse: 0.0119
Epoch 97/120
15:35:22 train - loss: 0.0130
15:35:22 valid - nmse: 0.0120
Epoch 98/120
15:35:42 train - loss: 0.0127
15:35:42 valid - nmse: 0.0119
Epoch 99/120
15:36:02 train - loss: 0.0125
15:36:02 valid - nmse: 0.0111
Epoch 100/120
15:36:22 train - loss: 0.0123
Save trainer to /content/models/DCS2/ckpt
15:36:25 valid - nmse: 0.0108
Epoch 101/120
15:36:44 train - loss: 0.0120
15:36:45 valid - nmse: 0.0110
Epoch 102/120
15:37:04 train - loss: 0.0118
15:37:05 valid - nmse: 0.0105
Epoch 103/120
15:37:24 train - loss: 0.0115
15:37:25 valid - nmse: 0.0102
Epoch 104/120
15:37:44 train - loss: 0.0114
15:37:45 valid - nmse: 0.0101
Epoch 105/120
15:38:04 train - loss: 0.0112
15:38:05 valid - nmse: 0.0098
Epoch 106/120
15:38:24 train - loss: 0.0110
15:38:25 valid - nmse: 0.0096
Epoch 107/120
15:38:44 train - loss: 0.0108
15:38:45 valid - nmse: 0.0095
Epoch 108/120
15:39:04 train - loss: 0.0107
15:39:05 valid - nmse: 0.0093
Epoch 109/120
15:39:24 train - loss: 0.0106
15:39:25 valid - nmse: 0.0092
Epoch 110/120
15:39:44 train - loss: 0.0105
15:39:45 valid - nmse: 0.0092
Epoch 111/120
15:40:04 train - loss: 0.0104
15:40:05 valid - nmse: 0.0090
Epoch 112/120
15:40:24 train - loss: 0.0102
15:40:25 valid - nmse: 0.0090
Epoch 113/120
15:40:44 train - loss: 0.0102
15:40:45 valid - nmse: 0.0089
Epoch 114/120
15:41:04 train - loss: 0.0101
15:41:05 valid - nmse: 0.0088
Epoch 115/120
15:41:24 train - loss: 0.0100
15:41:25 valid - nmse: 0.0088
Epoch 116/120
15:41:44 train - loss: 0.0100
15:41:45 valid - nmse: 0.0088
Epoch 117/120
15:42:04 train - loss: 0.0100
15:42:05 valid - nmse: 0.0087
Epoch 118/120
15:42:24 train - loss: 0.0099
15:42:25 valid - nmse: 0.0087
Epoch 119/120
15:42:44 train - loss: 0.0099
15:42:45 valid - nmse: 0.0087
Epoch 120/120
15:43:04 train - loss: 0.0099
15:43:05 valid - nmse: 0.0087